[0 : output] Output to be read-from/written-into folder 'chains', with prefix 'noHalo'
[0 : output] Found existing info files with the requested output prefix: 'chains/noHalo'
[0 : output] Let's try to resume/load.
[0 : output] Found an old sample. Resuming.
[0 : prior] *WARNING* External prior 'SZ' loaded. Mind that it might not be normalized!
[0 : camb] `camb` module loaded successfully from /users/smp24dhl/cosmo/code/CAMB_beta/camb
[0 : planck_2018_highl_plik.ttteee] `clik` module loaded successfully from /users/smp24dhl/cosmo/code/planck/clik/lib/python3.9/site-packages/clik
----
clik version clik_16.0b1-2-g63c889f3aa9c MAKEFILE
  smica
----
clik version clik_16.0b1-2-g63c889f3aa9c MAKEFILE
  smica
Checking likelihood '/users/smp24dhl/cosmo/data/planck_2018/baseline/plc_3.0/hi_l/plik/plik_rd12_HM_v22b_TTTEEE.clik' on test data. got -1172.47 expected -1172.47 (diff -4.34055e-07)
----
----
clik version clik_16.0b1-2-g63c889f3aa9c MAKEFILE
  smica
----
clik version clik_16.0b1-2-g63c889f3aa9c MAKEFILE
  smica
Checking likelihood '/users/smp24dhl/cosmo/data/planck_2018/baseline/plc_3.0/hi_l/plik/plik_rd12_HM_v22b_TTTEEE.clik' on test data. got -1172.47 expected -1172.47 (diff -4.34055e-07)
----
Checking likelihood '/users/smp24dhl/cosmo/data/planck_2018/baseline/plc_3.0/hi_l/plik/plik_rd12_HM_v22b_TTTEEE.clik' on test data. got -1172.47 expected -1172.47 (diff -4.34055e-07)
----
Checking likelihood '/users/smp24dhl/cosmo/data/planck_2018/baseline/plc_3.0/hi_l/plik/plik_rd12_HM_v22b_TTTEEE.clik' on test data. got -1172.47 expected -1172.47 (diff -4.34055e-07)
----
[0 : planck_2018_lensing.clik] `clik` module loaded successfully from /users/smp24dhl/cosmo/code/planck/clik/lib/python3.9/site-packages/clik
Checking lensing likelihood '/users/smp24dhl/cosmo/data/planck_2018/baseline/plc_3.0/lensing/smicadx12_Dec5_ftl_mv2_ndclpp_p_teb_consext8.clik_lensing' on test data. got -4.42102
Checking lensing likelihood '/users/smp24dhl/cosmo/data/planck_2018/baseline/plc_3.0/lensing/smicadx12_Dec5_ftl_mv2_ndclpp_p_teb_consext8.clik_lensing' on test data. got -4.42102
Checking lensing likelihood '/users/smp24dhl/cosmo/data/planck_2018/baseline/plc_3.0/lensing/smicadx12_Dec5_ftl_mv2_ndclpp_p_teb_consext8.clik_lensing' on test data. got -4.42102
[0 : mcmc] Resuming from previous sample!
Checking lensing likelihood '/users/smp24dhl/cosmo/data/planck_2018/baseline/plc_3.0/lensing/smicadx12_Dec5_ftl_mv2_ndclpp_p_teb_consext8.clik_lensing' on test data. got -4.42102
[1 : samplecollection] Loaded 4158 sample points from 'chains/noHalo.2.txt'
[3 : samplecollection] Loaded 4122 sample points from 'chains/noHalo.4.txt'
[2 : samplecollection] Loaded 4855 sample points from 'chains/noHalo.3.txt'
[0 : samplecollection] Loaded 4832 sample points from 'chains/noHalo.1.txt'
[2 : mcmc] Initial point: logA:3.035544, ns:0.9663533, theta_MC_100:1.040893, ombh2:0.02236811, omch2:0.1192545, w:-0.4997247, wa:-2.997432, beta_DE:-0.776944, tau:0.04951753, A_planck:1.001776, calib_100T:1.000179, calib_217T:0.9994638, A_cib_217:58.69715, xi_sz_cib:0.3213218, A_sz:6.108397, ksz_norm:1.291392, gal545_A_100:11.00823, gal545_A_143:9.410546, gal545_A_143_217:17.33036, gal545_A_217:88.46762, ps_A_100_100:275.891, ps_A_143_143:51.70464, ps_A_143_217:42.98041, ps_A_217_217:102.9675, galf_TE_A_100:0.08626708, galf_TE_A_100_143:0.1272359, galf_TE_A_100_217:0.3783135, galf_TE_A_143:0.2037459, galf_TE_A_143_217:0.6164239, galf_TE_A_217:1.816704
[0 : mcmc] Initial point: logA:3.024486, ns:0.9740895, theta_MC_100:1.041082, ombh2:0.02230451, omch2:0.1186042, w:-0.8495919, wa:-2.352979, beta_DE:-1.9514, tau:0.04844903, A_planck:0.9998092, calib_100T:1.000464, calib_217T:0.9983645, A_cib_217:51.06514, xi_sz_cib:0.5480473, A_sz:6.957675, ksz_norm:0.1745124, gal545_A_100:10.28485, gal545_A_143:11.49532, gal545_A_143_217:21.6525, gal545_A_217:95.70699, ps_A_100_100:267.6481, ps_A_143_143:42.99903, ps_A_143_217:45.75756, ps_A_217_217:110.4705, galf_TE_A_100:0.1347415, galf_TE_A_100_143:0.116708, galf_TE_A_100_217:0.4632409, galf_TE_A_143:0.2023616, galf_TE_A_143_217:0.6863374, galf_TE_A_217:2.206767
[1 : mcmc] Initial point: logA:3.037948, ns:0.9666656, theta_MC_100:1.040987, ombh2:0.02242663, omch2:0.1176923, w:-1.166799, wa:-1.421087, beta_DE:1.372692, tau:0.05665041, A_planck:0.9981992, calib_100T:0.9998721, calib_217T:0.9985707, A_cib_217:47.68053, xi_sz_cib:0.8393421, A_sz:3.658784, ksz_norm:6.303039, gal545_A_100:9.417749, gal545_A_143:13.17315, gal545_A_143_217:21.88613, gal545_A_217:94.86183, ps_A_100_100:253.2142, ps_A_143_143:54.64089, ps_A_143_217:44.19704, ps_A_217_217:111.647, galf_TE_A_100:0.09257802, galf_TE_A_100_143:0.1257654, galf_TE_A_100_217:0.4885181, galf_TE_A_143:0.2570219, galf_TE_A_143_217:0.7768612, galf_TE_A_217:2.373461
[3 : mcmc] Initial point: logA:3.037863, ns:0.9721483, theta_MC_100:1.040661, ombh2:0.02233173, omch2:0.1178017, w:-0.8850761, wa:-2.580891, beta_DE:-1.284237, tau:0.05896157, A_planck:0.9950166, calib_100T:0.9985019, calib_217T:0.9980133, A_cib_217:57.54454, xi_sz_cib:0.4993841, A_sz:6.161897, ksz_norm:1.533123, gal545_A_100:10.58885, gal545_A_143:9.876679, gal545_A_143_217:15.35088, gal545_A_217:79.15895, ps_A_100_100:188.6007, ps_A_143_143:47.01169, ps_A_143_217:39.63846, ps_A_217_217:99.89138, galf_TE_A_100:0.1242606, galf_TE_A_100_143:0.1244981, galf_TE_A_100_217:0.5076218, galf_TE_A_143:0.1570135, galf_TE_A_143_217:0.7438767, galf_TE_A_217:2.265223
[0 : mcmc] *WARNING* Parameter blocking manually/previously fixed: speeds will not be measured.
[0 : mcmc] Dragging with number of interpolating steps:
[0 : mcmc] * 1 : (['theta_MC_100', 'ombh2', 'omch2', 'w', 'wa', 'beta_DE', 'tau'], ['logA', 'ns'])
[0 : mcmc] * 9 : (['A_planck'], ['calib_100T', 'calib_217T', 'A_cib_217', 'xi_sz_cib', 'A_sz', 'ksz_norm', 'gal545_A_100', 'gal545_A_143', 'gal545_A_143_217', 'gal545_A_217', 'ps_A_100_100', 'ps_A_143_143', 'ps_A_143_217', 'ps_A_217_217', 'galf_TE_A_100', 'galf_TE_A_100_143', 'galf_TE_A_100_217', 'galf_TE_A_143', 'galf_TE_A_143_217', 'galf_TE_A_217'])
[0 : mcmc] Covariance matrix from previous sample.
[0 : mcmc] Sampling!
[0 : mcmc] Progress @ 2024-12-13 15:45:00 : 1 steps taken, and 4832 accepted.
[2 : mcmc] Progress @ 2024-12-13 15:45:01 : 1 steps taken, and 4855 accepted.
[3 : mcmc] Progress @ 2024-12-13 15:45:02 : 1 steps taken, and 4122 accepted.
[1 : mcmc] Progress @ 2024-12-13 15:45:02 : 1 steps taken, and 4158 accepted.
[2 : mcmc] Progress @ 2024-12-13 15:46:02 : 41 steps taken, and 4866 accepted.
[0 : mcmc] Progress @ 2024-12-13 15:46:02 : 60 steps taken, and 4843 accepted.
[3 : mcmc] Progress @ 2024-12-13 15:46:03 : 29 steps taken, and 4130 accepted.
[1 : mcmc] Progress @ 2024-12-13 15:46:05 : 37 steps taken, and 4171 accepted.
[2 : mcmc] Progress @ 2024-12-13 15:47:02 : 71 steps taken, and 4877 accepted.
[0 : mcmc] Progress @ 2024-12-13 15:47:04 : 107 steps taken, and 4856 accepted.
[1 : mcmc] Progress @ 2024-12-13 15:47:05 : 74 steps taken, and 4183 accepted.
[3 : mcmc] Progress @ 2024-12-13 15:47:08 : 69 steps taken, and 4142 accepted.
[node039:43996:0:44091] Caught signal 11 (Segmentation fault: address not mapped to object at address 0xfffffffc04ef90c8)
BFD: DWARF error: can't find .debug_ranges section.
BFD: DWARF error: can't find .debug_ranges section.
==== backtrace (tid:  44091) ====
 0 0x0000000000021563 ucs_debug_print_backtrace()  /dev/shm/UCX/1.8.0/GCCcore-9.3.0/ucx-1.8.0/src/ucs/debug/debug.c:653
 1 0x0000000000039f63 __massivenu_MOD_thermalnubackground_rho()  ???:0
 2 0x000000000003da49 __results_MOD_grho_no_de()  ???:0
 3 0x00000000000a5ef1 dtauda_()  ???:0
 4 0x000000000004cfcc __results_MOD_thermo_init._omp_fn.0()  results.f90:0
 5 0x0000000000018f09 gomp_thread_start()  team.c:0
 6 0x0000000000007ea5 start_thread()  pthread_create.c:0
 7 0x00000000000feb0d __clone()  ???:0
=================================
[node039:43996] *** Process received signal ***
[node039:43996] Signal: Segmentation fault (11)
[node039:43996] Signal code:  (-6)
[node039:43996] Failing at address: 0x8cfb80000abdc
[node039:43996] [ 0] /lib64/libpthread.so.0(+0xf630)[0x7fab25e0f630]
[node039:43996] [ 1] /users/smp24dhl/cosmo/code/CAMB_beta/camb/camblib.so(__massivenu_MOD_thermalnubackground_rho+0x63)[0x7faac935af63]
[node039:43996] [ 2] /users/smp24dhl/cosmo/code/CAMB_beta/camb/camblib.so(__results_MOD_grho_no_de+0xc9)[0x7faac935ea49]
[node039:43996] [ 3] /users/smp24dhl/cosmo/code/CAMB_beta/camb/camblib.so(dtauda_+0x61)[0x7faac93c6ef1]
[node039:43996] [ 4] /users/smp24dhl/cosmo/code/CAMB_beta/camb/camblib.so(+0x4cfcc)[0x7faac936dfcc]
[node039:43996] [ 5] /users/smp24dhl/.conda/envs/cosmos/bin/../lib/libgomp.so.1(+0x18f09)[0x7faac92faf09]
[node039:43996] [ 6] /lib64/libpthread.so.0(+0x7ea5)[0x7fab25e07ea5]
[node039:43996] [ 7] /lib64/libc.so.6(clone+0x6d)[0x7fab25427b0d]
[node039:43996] *** End of error message ***
--------------------------------------------------------------------------
Primary job  terminated normally, but 1 process returned
a non-zero exit code. Per user-direction, the job has been aborted.
--------------------------------------------------------------------------
--------------------------------------------------------------------------
mpirun noticed that process rank 2 with PID 43996 on node node039 exited on signal 11 (Segmentation fault).
--------------------------------------------------------------------------
