[0 : output] Output to be read-from/written-into folder 'chains', with prefix 'act-full'
[0 : output] Found existing info files with the requested output prefix: 'chains/act-full'
[0 : output] Let's try to resume/load.
[0 : output] Found an old sample. Resuming.
[0 : prior] *WARNING* External prior 'SZ' loaded. Mind that it might not be normalized!

libgomp: 
libgomp: Invalid value for environment variable OMP_NUM_THREADS: 

libgomp: Invalid value for environment variable OMP_NUM_THREADS: 

libgomp: Invalid value for environment variable OMP_NUM_THREADS: 
Invalid value for environment variable OMP_NUM_THREADS: 
[0 : camb] `camb` module loaded successfully from /users/smp24dhl/cosmo/code/CAMB_beta/camb
[0 : planck_2018_highl_plik.ttteee] `clik` module loaded successfully from /users/smp24dhl/cosmo/code/planck/clik/lib/python3.9/site-packages/clik
----
clik version clik_16.0b1-2-g63c889f3aa9c MAKEFILE
  smica
----
clik version clik_16.0b1-2-g63c889f3aa9c MAKEFILE
  smica
----
clik version clik_16.0b1-2-g63c889f3aa9c MAKEFILE
  smica
----
clik version clik_16.0b1-2-g63c889f3aa9c MAKEFILE
  smica
Checking likelihood '/users/smp24dhl/cosmo/data/planck_2018/baseline/plc_3.0/hi_l/plik/plik_rd12_HM_v22b_TTTEEE.clik' on test data. got -1172.47 expected -1172.47 (diff -4.34057e-07)
----
Checking likelihood '/users/smp24dhl/cosmo/data/planck_2018/baseline/plc_3.0/hi_l/plik/plik_rd12_HM_v22b_TTTEEE.clik' on test data. got -1172.47 expected -1172.47 (diff -4.34056e-07)
----
Loading ACT DR6 lensing likelihood v1.2...
Loading ACT DR6 lensing likelihood v1.2...
Checking likelihood '/users/smp24dhl/cosmo/data/planck_2018/baseline/plc_3.0/hi_l/plik/plik_rd12_HM_v22b_TTTEEE.clik' on test data. got -1172.47 expected -1172.47 (diff -4.34057e-07)
----
Loading ACT DR6 lensing likelihood v1.2...
Checking likelihood '/users/smp24dhl/cosmo/data/planck_2018/baseline/plc_3.0/hi_l/plik/plik_rd12_HM_v22b_TTTEEE.clik' on test data. got -1172.47 expected -1172.47 (diff -4.34057e-07)
----
Loading ACT DR6 lensing likelihood v1.2...
/users/smp24dhl/cosmo/code/act_dr6_lenslike/act_dr6_lenslike/act_dr6_lenslike.py:416: UserWarning: Hartlap correction to cinv: 0.949874686716792
  warnings.warn(f"Hartlap correction to cinv: {hartlap_correction}")
/users/smp24dhl/cosmo/code/act_dr6_lenslike/act_dr6_lenslike/act_dr6_lenslike.py:416: UserWarning: Hartlap correction to cinv: 0.949874686716792
  warnings.warn(f"Hartlap correction to cinv: {hartlap_correction}")
/users/smp24dhl/cosmo/code/act_dr6_lenslike/act_dr6_lenslike/act_dr6_lenslike.py:416: UserWarning: Hartlap correction to cinv: 0.949874686716792
  warnings.warn(f"Hartlap correction to cinv: {hartlap_correction}")
/users/smp24dhl/cosmo/code/act_dr6_lenslike/act_dr6_lenslike/act_dr6_lenslike.py:416: UserWarning: Hartlap correction to cinv: 0.949874686716792
  warnings.warn(f"Hartlap correction to cinv: {hartlap_correction}")
[0 : bao.desi_2024_bao_all] Initialized.
[1 : bao.desi_2024_bao_all] Initialized.
[3 : bao.desi_2024_bao_all] Initialized.
[2 : bao.desi_2024_bao_all] Initialized.
[0 : mcmc] Resuming from previous sample!
[3 : samplecollection] Loaded 2974 sample points from 'chains/act-full.4.txt'
[1 : samplecollection] Loaded 2933 sample points from 'chains/act-full.2.txt'
[2 : samplecollection] Loaded 2879 sample points from 'chains/act-full.3.txt'
[0 : samplecollection] Loaded 2750 sample points from 'chains/act-full.1.txt'
[0 : mcmc] Initial point: logA:3.048641, ns:0.9717546, theta_MC_100:1.04124, ombh2:0.0225928, omch2:0.1185074, w:-0.8006424, wa:-0.991913, beta_DE:1.686701, tau:0.05550864, A_planck:1.002972, calib_100T:0.9993541, calib_217T:0.9988103, A_cib_217:43.63932, xi_sz_cib:0.9605405, A_sz:6.623539, ksz_norm:4.063779, gal545_A_100:3.398168, gal545_A_143:10.13378, gal545_A_143_217:18.18445, gal545_A_217:91.52845, ps_A_100_100:249.2124, ps_A_143_143:38.09603, ps_A_143_217:48.38503, ps_A_217_217:120.6398, galf_TE_A_100:0.1888821, galf_TE_A_100_143:0.1658994, galf_TE_A_100_217:0.5471182, galf_TE_A_143:0.2589081, galf_TE_A_143_217:0.608112, galf_TE_A_217:2.596738
[2 : mcmc] Initial point: logA:3.03635, ns:0.9672904, theta_MC_100:1.040854, ombh2:0.0224108, omch2:0.1197229, w:-0.9065935, wa:-0.2449427, beta_DE:0.08911805, tau:0.04815356, A_planck:1.002826, calib_100T:0.9996372, calib_217T:0.9982881, A_cib_217:56.37412, xi_sz_cib:0.05636111, A_sz:7.135972, ksz_norm:0.8243841, gal545_A_100:10.76293, gal545_A_143:11.63561, gal545_A_143_217:17.93132, gal545_A_217:89.45825, ps_A_100_100:235.3059, ps_A_143_143:32.96024, ps_A_143_217:29.01842, ps_A_217_217:107.2316, galf_TE_A_100:0.1083183, galf_TE_A_100_143:0.1397955, galf_TE_A_100_217:0.4843884, galf_TE_A_143:0.3273003, galf_TE_A_143_217:0.6369696, galf_TE_A_217:2.081811
[1 : mcmc] Initial point: logA:3.040808, ns:0.9653646, theta_MC_100:1.041139, ombh2:0.02269431, omch2:0.1193569, w:-0.7955509, wa:-1.145959, beta_DE:2.656275, tau:0.05554484, A_planck:0.9965246, calib_100T:0.9998409, calib_217T:0.9975606, A_cib_217:46.49471, xi_sz_cib:0.75963, A_sz:6.845035, ksz_norm:6.191839, gal545_A_100:9.569085, gal545_A_143:9.064814, gal545_A_143_217:17.97276, gal545_A_217:90.4482, ps_A_100_100:218.4915, ps_A_143_143:39.22272, ps_A_143_217:39.16786, ps_A_217_217:106.1601, galf_TE_A_100:0.1324938, galf_TE_A_100_143:0.1179702, galf_TE_A_100_217:0.2495163, galf_TE_A_143:0.1640565, galf_TE_A_143_217:0.6779079, galf_TE_A_217:1.969587
[3 : mcmc] Initial point: logA:3.02706, ns:0.9646644, theta_MC_100:1.041373, ombh2:0.02206331, omch2:0.1207699, w:-0.7825015, wa:-0.9445016, beta_DE:1.063153, tau:0.04560391, A_planck:1.000807, calib_100T:0.9996103, calib_217T:0.9981965, A_cib_217:53.96715, xi_sz_cib:0.3564904, A_sz:1.809937, ksz_norm:7.686521, gal545_A_100:9.170754, gal545_A_143:11.59448, gal545_A_143_217:16.64505, gal545_A_217:87.28904, ps_A_100_100:328.1445, ps_A_143_143:47.92343, ps_A_143_217:26.91502, ps_A_217_217:97.14514, galf_TE_A_100:0.1044323, galf_TE_A_100_143:0.1094098, galf_TE_A_100_217:0.3146123, galf_TE_A_143:0.146535, galf_TE_A_143_217:0.7307657, galf_TE_A_217:1.852019
[0 : mcmc] *WARNING* Parameter blocking manually/previously fixed: speeds will not be measured.
[0 : mcmc] Dragging with number of interpolating steps:
[0 : mcmc] *  1 : (['theta_MC_100', 'ombh2', 'omch2', 'w', 'wa', 'beta_DE', 'tau'], ['logA', 'ns'])
[0 : mcmc] * 12 : (['A_planck'], ['calib_100T', 'calib_217T', 'A_cib_217', 'xi_sz_cib', 'A_sz', 'ksz_norm', 'gal545_A_100', 'gal545_A_143', 'gal545_A_143_217', 'gal545_A_217', 'ps_A_100_100', 'ps_A_143_143', 'ps_A_143_217', 'ps_A_217_217', 'galf_TE_A_100', 'galf_TE_A_100_143', 'galf_TE_A_100_217', 'galf_TE_A_143', 'galf_TE_A_143_217', 'galf_TE_A_217'])
[0 : mcmc] Covariance matrix from previous sample.
[0 : mcmc] Sampling!
[2 : mcmc] Progress @ 2025-02-03 10:11:35 : 1 steps taken, and 2879 accepted.
[1 : mcmc] Progress @ 2025-02-03 10:12:06 : 1 steps taken, and 2933 accepted.
[0 : mcmc] Progress @ 2025-02-03 10:12:10 : 1 steps taken, and 2750 accepted.
[3 : mcmc] Progress @ 2025-02-03 10:12:10 : 1 steps taken, and 2974 accepted.
[2 : mcmc] Progress @ 2025-02-03 10:12:56 : 5 steps taken, and 2879 accepted.
[1 : mcmc] Progress @ 2025-02-03 10:13:08 : 4 steps taken, and 2935 accepted.
[3 : mcmc] Progress @ 2025-02-03 10:13:20 : 4 steps taken, and 2976 accepted.
[2 : mcmc] Learn + convergence test @ 2880 samples accepted.
[2 : mcmc] Ready to check convergence and learn a new proposal covmat (waiting for the rest...)
[0 : mcmc] Progress @ 2025-02-03 10:13:30 : 4 steps taken, and 2750 accepted.
[2 : mcmc] Progress @ 2025-02-03 10:14:15 : 9 steps taken, and 2881 accepted.
[3 : mcmc] Progress @ 2025-02-03 10:14:25 : 7 steps taken, and 2978 accepted.
[1 : mcmc] Progress @ 2025-02-03 10:14:32 : 8 steps taken, and 2935 accepted.
[0 : mcmc] Progress @ 2025-02-03 10:14:41 : 7 steps taken, and 2750 accepted.
[2 : mcmc] Progress @ 2025-02-03 10:15:36 : 12 steps taken, and 2882 accepted.
[1 : mcmc] Progress @ 2025-02-03 10:15:40 : 11 steps taken, and 2937 accepted.
[3 : mcmc] Progress @ 2025-02-03 10:15:47 : 10 steps taken, and 2979 accepted.
[0 : mcmc] Progress @ 2025-02-03 10:15:53 : 10 steps taken, and 2750 accepted.
[2 : mcmc] Progress @ 2025-02-03 10:16:53 : 15 steps taken, and 2884 accepted.
[1 : mcmc] Progress @ 2025-02-03 10:16:57 : 15 steps taken, and 2938 accepted.
[3 : mcmc] Progress @ 2025-02-03 10:17:00 : 13 steps taken, and 2980 accepted.
[0 : mcmc] Progress @ 2025-02-03 10:17:01 : 13 steps taken, and 2753 accepted.
[2 : mcmc] Progress @ 2025-02-03 10:18:04 : 19 steps taken, and 2884 accepted.
[1 : mcmc] Progress @ 2025-02-03 10:18:06 : 18 steps taken, and 2940 accepted.
[3 : mcmc] Progress @ 2025-02-03 10:18:06 : 18 steps taken, and 2980 accepted.
[0 : mcmc] Progress @ 2025-02-03 10:18:09 : 16 steps taken, and 2754 accepted.
[1 : mcmc] Progress @ 2025-02-03 10:19:06 : 21 steps taken, and 2941 accepted.
[2 : mcmc] Progress @ 2025-02-03 10:19:09 : 22 steps taken, and 2886 accepted.
[3 : mcmc] Progress @ 2025-02-03 10:19:20 : 21 steps taken, and 2981 accepted.
[0 : mcmc] Progress @ 2025-02-03 10:19:28 : 19 steps taken, and 2754 accepted.
[2 : mcmc] Progress @ 2025-02-03 10:20:25 : 26 steps taken, and 2886 accepted.
[1 : mcmc] Progress @ 2025-02-03 10:20:28 : 27 steps taken, and 2942 accepted.
[3 : mcmc] Progress @ 2025-02-03 10:20:36 : 24 steps taken, and 2982 accepted.
[0 : mcmc] Progress @ 2025-02-03 10:20:48 : 22 steps taken, and 2754 accepted.
[3 : mcmc] Progress @ 2025-02-03 10:21:37 : 27 steps taken, and 2985 accepted.
[1 : mcmc] Progress @ 2025-02-03 10:21:40 : 30 steps taken, and 2943 accepted.
[2 : mcmc] Progress @ 2025-02-03 10:21:41 : 29 steps taken, and 2886 accepted.
[0 : mcmc] Progress @ 2025-02-03 10:21:57 : 25 steps taken, and 2755 accepted.
[2 : mcmc] Progress @ 2025-02-03 10:22:49 : 32 steps taken, and 2887 accepted.
[3 : mcmc] Progress @ 2025-02-03 10:22:59 : 32 steps taken, and 2987 accepted.
[1 : mcmc] Progress @ 2025-02-03 10:23:01 : 34 steps taken, and 2944 accepted.
[0 : mcmc] Progress @ 2025-02-03 10:23:07 : 28 steps taken, and 2755 accepted.
[2 : mcmc] Progress @ 2025-02-03 10:23:55 : 35 steps taken, and 2888 accepted.
[1 : mcmc] Progress @ 2025-02-03 10:24:06 : 38 steps taken, and 2945 accepted.
[3 : mcmc] Progress @ 2025-02-03 10:24:13 : 36 steps taken, and 2988 accepted.
[0 : mcmc] Progress @ 2025-02-03 10:24:18 : 31 steps taken, and 2758 accepted.
[2 : mcmc] Progress @ 2025-02-03 10:25:11 : 38 steps taken, and 2890 accepted.
[3 : mcmc] Progress @ 2025-02-03 10:25:18 : 39 steps taken, and 2989 accepted.
[1 : mcmc] Progress @ 2025-02-03 10:25:23 : 41 steps taken, and 2946 accepted.
[0 : mcmc] Progress @ 2025-02-03 10:25:41 : 34 steps taken, and 2759 accepted.
[2 : mcmc] Progress @ 2025-02-03 10:26:16 : 41 steps taken, and 2891 accepted.
[1 : mcmc] Progress @ 2025-02-03 10:26:31 : 46 steps taken, and 2946 accepted.
[3 : mcmc] Progress @ 2025-02-03 10:26:38 : 42 steps taken, and 2990 accepted.
[0 : mcmc] Progress @ 2025-02-03 10:26:42 : 38 steps taken, and 2760 accepted.
[2 : mcmc] Progress @ 2025-02-03 10:27:18 : 47 steps taken, and 2894 accepted.
[1 : mcmc] Progress @ 2025-02-03 10:27:42 : 49 steps taken, and 2947 accepted.
[3 : mcmc] Progress @ 2025-02-03 10:27:48 : 44 steps taken, and 2990 accepted.
[0 : mcmc] Progress @ 2025-02-03 10:27:56 : 43 steps taken, and 2760 accepted.
[2 : mcmc] Progress @ 2025-02-03 10:28:20 : 52 steps taken, and 2896 accepted.
[3 : mcmc] Progress @ 2025-02-03 10:29:00 : 48 steps taken, and 2992 accepted.
[1 : mcmc] Progress @ 2025-02-03 10:29:03 : 52 steps taken, and 2948 accepted.
[0 : mcmc] Progress @ 2025-02-03 10:29:17 : 46 steps taken, and 2763 accepted.
[2 : mcmc] Progress @ 2025-02-03 10:29:24 : 56 steps taken, and 2898 accepted.
[3 : mcmc] Progress @ 2025-02-03 10:30:12 : 51 steps taken, and 2993 accepted.
[1 : mcmc] Progress @ 2025-02-03 10:30:13 : 55 steps taken, and 2949 accepted.
[2 : mcmc] Progress @ 2025-02-03 10:30:36 : 59 steps taken, and 2899 accepted.
[0 : mcmc] Progress @ 2025-02-03 10:30:39 : 49 steps taken, and 2765 accepted.
[1 : mcmc] Progress @ 2025-02-03 10:31:22 : 58 steps taken, and 2952 accepted.
[3 : mcmc] Progress @ 2025-02-03 10:31:31 : 54 steps taken, and 2993 accepted.
[0 : mcmc] Progress @ 2025-02-03 10:31:53 : 52 steps taken, and 2765 accepted.
[2 : mcmc] Progress @ 2025-02-03 10:32:00 : 62 steps taken, and 2902 accepted.
[1 : mcmc] Progress @ 2025-02-03 10:32:39 : 61 steps taken, and 2953 accepted.
[3 : mcmc] Progress @ 2025-02-03 10:32:49 : 57 steps taken, and 2995 accepted.
[0 : mcmc] Progress @ 2025-02-03 10:33:03 : 55 steps taken, and 2766 accepted.
[2 : mcmc] Progress @ 2025-02-03 10:33:09 : 65 steps taken, and 2903 accepted.
[1 : mcmc] Progress @ 2025-02-03 10:33:50 : 64 steps taken, and 2954 accepted.
[3 : mcmc] Progress @ 2025-02-03 10:33:54 : 60 steps taken, and 2996 accepted.
[0 : mcmc] Progress @ 2025-02-03 10:34:14 : 59 steps taken, and 2766 accepted.
[2 : mcmc] Progress @ 2025-02-03 10:34:20 : 68 steps taken, and 2903 accepted.
[1 : mcmc] Progress @ 2025-02-03 10:35:00 : 67 steps taken, and 2954 accepted.
[3 : mcmc] Progress @ 2025-02-03 10:35:13 : 64 steps taken, and 2998 accepted.
[0 : mcmc] Progress @ 2025-02-03 10:35:26 : 62 steps taken, and 2767 accepted.
[2 : mcmc] Progress @ 2025-02-03 10:35:38 : 71 steps taken, and 2904 accepted.
[1 : mcmc] Progress @ 2025-02-03 10:36:09 : 70 steps taken, and 2956 accepted.
[3 : mcmc] Progress @ 2025-02-03 10:36:27 : 67 steps taken, and 2998 accepted.
[0 : mcmc] Progress @ 2025-02-03 10:36:41 : 66 steps taken, and 2767 accepted.
[2 : mcmc] Progress @ 2025-02-03 10:36:44 : 76 steps taken, and 2905 accepted.
[1 : mcmc] Progress @ 2025-02-03 10:37:33 : 73 steps taken, and 2958 accepted.
[3 : mcmc] Progress @ 2025-02-03 10:37:45 : 70 steps taken, and 3000 accepted.
[0 : mcmc] Progress @ 2025-02-03 10:38:00 : 69 steps taken, and 2769 accepted.
[2 : mcmc] Progress @ 2025-02-03 10:38:04 : 79 steps taken, and 2907 accepted.
[1 : mcmc] Progress @ 2025-02-03 10:38:40 : 77 steps taken, and 2960 accepted.
[2 : mcmc] Progress @ 2025-02-03 10:39:05 : 82 steps taken, and 2907 accepted.
[3 : mcmc] Progress @ 2025-02-03 10:39:06 : 74 steps taken, and 3001 accepted.
[0 : mcmc] Progress @ 2025-02-03 10:39:24 : 72 steps taken, and 2771 accepted.
[1 : mcmc] Progress @ 2025-02-03 10:39:54 : 82 steps taken, and 2962 accepted.
[3 : mcmc] Progress @ 2025-02-03 10:40:19 : 77 steps taken, and 3003 accepted.
[2 : mcmc] Progress @ 2025-02-03 10:40:22 : 85 steps taken, and 2908 accepted.
[0 : mcmc] Progress @ 2025-02-03 10:40:33 : 75 steps taken, and 2772 accepted.
[1 : mcmc] Progress @ 2025-02-03 10:41:06 : 86 steps taken, and 2965 accepted.
[2 : mcmc] Progress @ 2025-02-03 10:41:34 : 90 steps taken, and 2909 accepted.
[3 : mcmc] Progress @ 2025-02-03 10:41:42 : 80 steps taken, and 3004 accepted.
[0 : mcmc] Progress @ 2025-02-03 10:41:53 : 78 steps taken, and 2774 accepted.
[1 : mcmc] Progress @ 2025-02-03 10:42:20 : 89 steps taken, and 2966 accepted.
[3 : mcmc] Progress @ 2025-02-03 10:42:42 : 83 steps taken, and 3004 accepted.
[2 : mcmc] Progress @ 2025-02-03 10:42:53 : 94 steps taken, and 2911 accepted.
[0 : mcmc] Progress @ 2025-02-03 10:43:02 : 81 steps taken, and 2774 accepted.
[1 : mcmc] Progress @ 2025-02-03 10:43:30 : 94 steps taken, and 2968 accepted.
[3 : mcmc] Progress @ 2025-02-03 10:43:54 : 86 steps taken, and 3004 accepted.
[2 : mcmc] Progress @ 2025-02-03 10:44:05 : 97 steps taken, and 2912 accepted.
[0 : mcmc] Progress @ 2025-02-03 10:44:09 : 85 steps taken, and 2776 accepted.
[1 : mcmc] Progress @ 2025-02-03 10:44:39 : 98 steps taken, and 2969 accepted.
[3 : mcmc] Progress @ 2025-02-03 10:45:17 : 89 steps taken, and 3005 accepted.
[2 : mcmc] Progress @ 2025-02-03 10:45:22 : 100 steps taken, and 2912 accepted.
[0 : mcmc] Progress @ 2025-02-03 10:45:36 : 88 steps taken, and 2777 accepted.
[1 : mcmc] Progress @ 2025-02-03 10:45:58 : 101 steps taken, and 2970 accepted.
[3 : mcmc] Progress @ 2025-02-03 10:46:17 : 92 steps taken, and 3006 accepted.
[2 : mcmc] Progress @ 2025-02-03 10:46:25 : 103 steps taken, and 2913 accepted.
[0 : mcmc] Progress @ 2025-02-03 10:46:57 : 91 steps taken, and 2779 accepted.
[1 : mcmc] Progress @ 2025-02-03 10:47:18 : 104 steps taken, and 2972 accepted.
[2 : mcmc] Progress @ 2025-02-03 10:47:30 : 106 steps taken, and 2915 accepted.
[3 : mcmc] Progress @ 2025-02-03 10:47:33 : 95 steps taken, and 3008 accepted.
[0 : mcmc] Progress @ 2025-02-03 10:48:06 : 94 steps taken, and 2781 accepted.
[1 : mcmc] Progress @ 2025-02-03 10:48:27 : 107 steps taken, and 2972 accepted.
[2 : mcmc] Progress @ 2025-02-03 10:48:47 : 109 steps taken, and 2917 accepted.
[3 : mcmc] Progress @ 2025-02-03 10:48:57 : 98 steps taken, and 3010 accepted.
[0 : mcmc] Progress @ 2025-02-03 10:49:22 : 97 steps taken, and 2783 accepted.
[1 : mcmc] Progress @ 2025-02-03 10:49:28 : 110 steps taken, and 2973 accepted.
[2 : mcmc] Progress @ 2025-02-03 10:50:06 : 112 steps taken, and 2918 accepted.
[3 : mcmc] Progress @ 2025-02-03 10:50:08 : 101 steps taken, and 3011 accepted.
[0 : mcmc] Progress @ 2025-02-03 10:50:48 : 101 steps taken, and 2785 accepted.
[1 : mcmc] Progress @ 2025-02-03 10:50:50 : 113 steps taken, and 2974 accepted.
[2 : mcmc] Progress @ 2025-02-03 10:51:17 : 115 steps taken, and 2918 accepted.
[3 : mcmc] Progress @ 2025-02-03 10:51:30 : 104 steps taken, and 3011 accepted.
[0 : mcmc] Progress @ 2025-02-03 10:51:58 : 104 steps taken, and 2786 accepted.
[1 : mcmc] Progress @ 2025-02-03 10:52:01 : 116 steps taken, and 2974 accepted.
[2 : mcmc] Progress @ 2025-02-03 10:52:32 : 118 steps taken, and 2920 accepted.
[3 : mcmc] Progress @ 2025-02-03 10:52:51 : 107 steps taken, and 3012 accepted.
[0 : mcmc] Progress @ 2025-02-03 10:53:16 : 107 steps taken, and 2787 accepted.
[1 : mcmc] Progress @ 2025-02-03 10:53:25 : 119 steps taken, and 2974 accepted.
[2 : mcmc] Progress @ 2025-02-03 10:53:53 : 121 steps taken, and 2921 accepted.
[3 : mcmc] Progress @ 2025-02-03 10:54:17 : 111 steps taken, and 3013 accepted.
[0 : mcmc] Progress @ 2025-02-03 10:54:41 : 110 steps taken, and 2789 accepted.
[1 : mcmc] Progress @ 2025-02-03 10:54:44 : 122 steps taken, and 2975 accepted.
[2 : mcmc] Progress @ 2025-02-03 10:55:05 : 124 steps taken, and 2923 accepted.
[3 : mcmc] Progress @ 2025-02-03 10:55:28 : 114 steps taken, and 3015 accepted.
[0 : mcmc] Progress @ 2025-02-03 10:55:43 : 113 steps taken, and 2789 accepted.
[1 : mcmc] Progress @ 2025-02-03 10:55:55 : 125 steps taken, and 2977 accepted.
[2 : mcmc] Progress @ 2025-02-03 10:56:18 : 127 steps taken, and 2923 accepted.
[3 : mcmc] Progress @ 2025-02-03 10:56:49 : 117 steps taken, and 3015 accepted.
[0 : mcmc] Progress @ 2025-02-03 10:57:05 : 116 steps taken, and 2791 accepted.
[1 : mcmc] Progress @ 2025-02-03 10:57:08 : 129 steps taken, and 2978 accepted.
[2 : mcmc] Progress @ 2025-02-03 10:57:32 : 130 steps taken, and 2923 accepted.
[3 : mcmc] Progress @ 2025-02-03 10:58:01 : 120 steps taken, and 3015 accepted.
[1 : mcmc] Progress @ 2025-02-03 10:58:18 : 132 steps taken, and 2980 accepted.
[0 : mcmc] Progress @ 2025-02-03 10:58:18 : 119 steps taken, and 2792 accepted.
[2 : mcmc] Progress @ 2025-02-03 10:58:41 : 134 steps taken, and 2924 accepted.
[3 : mcmc] Progress @ 2025-02-03 10:59:23 : 123 steps taken, and 3016 accepted.
[0 : mcmc] Progress @ 2025-02-03 10:59:26 : 122 steps taken, and 2793 accepted.
[1 : mcmc] Progress @ 2025-02-03 10:59:38 : 135 steps taken, and 2981 accepted.
[2 : mcmc] Progress @ 2025-02-03 11:00:08 : 138 steps taken, and 2925 accepted.
[3 : mcmc] Progress @ 2025-02-03 11:00:44 : 127 steps taken, and 3017 accepted.
[1 : mcmc] Progress @ 2025-02-03 11:00:48 : 138 steps taken, and 2981 accepted.
[0 : mcmc] Progress @ 2025-02-03 11:00:51 : 125 steps taken, and 2793 accepted.
[2 : mcmc] Progress @ 2025-02-03 11:01:22 : 141 steps taken, and 2926 accepted.
[3 : mcmc] Progress @ 2025-02-03 11:01:49 : 130 steps taken, and 3017 accepted.
[0 : mcmc] Progress @ 2025-02-03 11:02:04 : 129 steps taken, and 2794 accepted.
[1 : mcmc] Progress @ 2025-02-03 11:02:07 : 142 steps taken, and 2983 accepted.
[2 : mcmc] Progress @ 2025-02-03 11:02:38 : 145 steps taken, and 2926 accepted.
[3 : mcmc] Progress @ 2025-02-03 11:03:09 : 133 steps taken, and 3018 accepted.
[1 : mcmc] Progress @ 2025-02-03 11:03:26 : 146 steps taken, and 2985 accepted.
[0 : mcmc] Progress @ 2025-02-03 11:03:28 : 132 steps taken, and 2795 accepted.
[2 : mcmc] Progress @ 2025-02-03 11:03:57 : 148 steps taken, and 2927 accepted.
[3 : mcmc] Progress @ 2025-02-03 11:04:10 : 136 steps taken, and 3019 accepted.
[1 : mcmc] Progress @ 2025-02-03 11:04:36 : 149 steps taken, and 2985 accepted.
[0 : mcmc] Progress @ 2025-02-03 11:04:49 : 135 steps taken, and 2795 accepted.
[2 : mcmc] Progress @ 2025-02-03 11:05:06 : 153 steps taken, and 2928 accepted.
[3 : mcmc] Progress @ 2025-02-03 11:05:33 : 139 steps taken, and 3021 accepted.
[1 : mcmc] Progress @ 2025-02-03 11:05:47 : 152 steps taken, and 2986 accepted.
[0 : mcmc] Progress @ 2025-02-03 11:06:11 : 138 steps taken, and 2796 accepted.
[2 : mcmc] Progress @ 2025-02-03 11:06:19 : 156 steps taken, and 2930 accepted.
[1 : mcmc] Progress @ 2025-02-03 11:06:48 : 154 steps taken, and 2987 accepted.
[3 : mcmc] Progress @ 2025-02-03 11:06:53 : 142 steps taken, and 3022 accepted.
[0 : mcmc] Progress @ 2025-02-03 11:07:23 : 141 steps taken, and 2798 accepted.
[2 : mcmc] Progress @ 2025-02-03 11:07:37 : 159 steps taken, and 2932 accepted.
[1 : mcmc] Progress @ 2025-02-03 11:07:56 : 157 steps taken, and 2988 accepted.
[3 : mcmc] Progress @ 2025-02-03 11:08:18 : 146 steps taken, and 3024 accepted.
[0 : mcmc] Progress @ 2025-02-03 11:08:33 : 144 steps taken, and 2799 accepted.
[2 : mcmc] Progress @ 2025-02-03 11:08:45 : 162 steps taken, and 2933 accepted.
[1 : mcmc] Progress @ 2025-02-03 11:09:06 : 160 steps taken, and 2988 accepted.
[0 : mcmc] Progress @ 2025-02-03 11:09:38 : 147 steps taken, and 2799 accepted.
[3 : mcmc] Progress @ 2025-02-03 11:09:38 : 149 steps taken, and 3025 accepted.
[2 : mcmc] Progress @ 2025-02-03 11:09:48 : 165 steps taken, and 2934 accepted.
[1 : mcmc] Progress @ 2025-02-03 11:10:20 : 164 steps taken, and 2990 accepted.
[0 : mcmc] Progress @ 2025-02-03 11:10:44 : 150 steps taken, and 2800 accepted.
[3 : mcmc] Progress @ 2025-02-03 11:10:54 : 152 steps taken, and 3026 accepted.
[2 : mcmc] Progress @ 2025-02-03 11:11:00 : 168 steps taken, and 2934 accepted.
[1 : mcmc] Progress @ 2025-02-03 11:11:29 : 167 steps taken, and 2993 accepted.
[0 : mcmc] Progress @ 2025-02-03 11:12:00 : 153 steps taken, and 2801 accepted.
[2 : mcmc] Progress @ 2025-02-03 11:12:10 : 171 steps taken, and 2937 accepted.
[3 : mcmc] Progress @ 2025-02-03 11:12:14 : 155 steps taken, and 3027 accepted.
[1 : mcmc] Progress @ 2025-02-03 11:12:42 : 170 steps taken, and 2993 accepted.
[0 : mcmc] Progress @ 2025-02-03 11:13:10 : 156 steps taken, and 2803 accepted.
[3 : mcmc] Progress @ 2025-02-03 11:13:21 : 158 steps taken, and 3027 accepted.
[2 : mcmc] Progress @ 2025-02-03 11:13:24 : 175 steps taken, and 2939 accepted.
[1 : mcmc] Progress @ 2025-02-03 11:14:03 : 173 steps taken, and 2994 accepted.
[0 : mcmc] Progress @ 2025-02-03 11:14:36 : 159 steps taken, and 2803 accepted.
[3 : mcmc] Progress @ 2025-02-03 11:14:45 : 161 steps taken, and 3029 accepted.
[2 : mcmc] Progress @ 2025-02-03 11:14:47 : 178 steps taken, and 2942 accepted.
[1 : mcmc] Progress @ 2025-02-03 11:15:22 : 176 steps taken, and 2996 accepted.
[0 : mcmc] Progress @ 2025-02-03 11:15:45 : 162 steps taken, and 2804 accepted.
[3 : mcmc] Progress @ 2025-02-03 11:15:55 : 164 steps taken, and 3030 accepted.
[2 : mcmc] Progress @ 2025-02-03 11:16:06 : 181 steps taken, and 2944 accepted.
[1 : mcmc] Progress @ 2025-02-03 11:16:32 : 179 steps taken, and 2998 accepted.
[0 : mcmc] Progress @ 2025-02-03 11:17:07 : 165 steps taken, and 2806 accepted.
[3 : mcmc] Progress @ 2025-02-03 11:17:14 : 167 steps taken, and 3032 accepted.
[2 : mcmc] Progress @ 2025-02-03 11:17:17 : 184 steps taken, and 2945 accepted.
[1 : mcmc] Progress @ 2025-02-03 11:17:51 : 183 steps taken, and 3000 accepted.
[0 : mcmc] Progress @ 2025-02-03 11:18:09 : 168 steps taken, and 2807 accepted.
[3 : mcmc] Progress @ 2025-02-03 11:18:21 : 172 steps taken, and 3032 accepted.
[2 : mcmc] Progress @ 2025-02-03 11:18:33 : 188 steps taken, and 2946 accepted.
[1 : mcmc] Progress @ 2025-02-03 11:19:09 : 186 steps taken, and 3000 accepted.
[0 : mcmc] Progress @ 2025-02-03 11:19:31 : 171 steps taken, and 2808 accepted.
[3 : mcmc] Progress @ 2025-02-03 11:19:32 : 175 steps taken, and 3033 accepted.
[2 : mcmc] Progress @ 2025-02-03 11:19:40 : 191 steps taken, and 2948 accepted.
[1 : mcmc] Progress @ 2025-02-03 11:20:15 : 190 steps taken, and 3001 accepted.
[0 : mcmc] Progress @ 2025-02-03 11:20:50 : 174 steps taken, and 2809 accepted.
[2 : mcmc] Progress @ 2025-02-03 11:20:54 : 195 steps taken, and 2948 accepted.
[3 : mcmc] Progress @ 2025-02-03 11:20:54 : 178 steps taken, and 3034 accepted.
[1 : mcmc] Progress @ 2025-02-03 11:21:37 : 193 steps taken, and 3002 accepted.
[0 : mcmc] Progress @ 2025-02-03 11:22:01 : 177 steps taken, and 2811 accepted.
[3 : mcmc] Progress @ 2025-02-03 11:22:02 : 181 steps taken, and 3034 accepted.
[2 : mcmc] Progress @ 2025-02-03 11:22:05 : 198 steps taken, and 2949 accepted.
[1 : mcmc] Progress @ 2025-02-03 11:22:43 : 196 steps taken, and 3004 accepted.
[0 : mcmc] Progress @ 2025-02-03 11:23:04 : 181 steps taken, and 2811 accepted.
[2 : mcmc] Progress @ 2025-02-03 11:23:14 : 201 steps taken, and 2951 accepted.
[3 : mcmc] Progress @ 2025-02-03 11:23:14 : 184 steps taken, and 3035 accepted.
[1 : mcmc] Progress @ 2025-02-03 11:23:48 : 200 steps taken, and 3007 accepted.
[0 : mcmc] Progress @ 2025-02-03 11:24:25 : 184 steps taken, and 2811 accepted.
[3 : mcmc] Progress @ 2025-02-03 11:24:30 : 187 steps taken, and 3035 accepted.
[2 : mcmc] Progress @ 2025-02-03 11:24:30 : 204 steps taken, and 2952 accepted.
[1 : mcmc] Progress @ 2025-02-03 11:24:54 : 203 steps taken, and 3007 accepted.
[3 : mcmc] Progress @ 2025-02-03 11:25:31 : 190 steps taken, and 3035 accepted.
[0 : mcmc] Progress @ 2025-02-03 11:25:36 : 187 steps taken, and 2812 accepted.
[2 : mcmc] Progress @ 2025-02-03 11:25:41 : 207 steps taken, and 2952 accepted.
[1 : mcmc] Progress @ 2025-02-03 11:26:11 : 206 steps taken, and 3008 accepted.
[3 : mcmc] Progress @ 2025-02-03 11:26:41 : 193 steps taken, and 3037 accepted.
[0 : mcmc] Progress @ 2025-02-03 11:26:58 : 190 steps taken, and 2812 accepted.
[2 : mcmc] Progress @ 2025-02-03 11:27:06 : 211 steps taken, and 2953 accepted.
[1 : mcmc] Progress @ 2025-02-03 11:27:30 : 209 steps taken, and 3008 accepted.
[3 : mcmc] Progress @ 2025-02-03 11:28:03 : 196 steps taken, and 3038 accepted.
[0 : mcmc] Progress @ 2025-02-03 11:28:10 : 193 steps taken, and 2813 accepted.
[2 : mcmc] Progress @ 2025-02-03 11:28:27 : 214 steps taken, and 2953 accepted.
[1 : mcmc] Progress @ 2025-02-03 11:28:35 : 212 steps taken, and 3010 accepted.
[3 : mcmc] Progress @ 2025-02-03 11:29:08 : 200 steps taken, and 3038 accepted.
[0 : mcmc] Progress @ 2025-02-03 11:29:29 : 196 steps taken, and 2814 accepted.
[1 : mcmc] Progress @ 2025-02-03 11:29:39 : 215 steps taken, and 3011 accepted.
[2 : mcmc] Progress @ 2025-02-03 11:29:46 : 217 steps taken, and 2953 accepted.
[3 : mcmc] Progress @ 2025-02-03 11:30:20 : 203 steps taken, and 3040 accepted.
[0 : mcmc] Progress @ 2025-02-03 11:30:41 : 199 steps taken, and 2816 accepted.
[1 : mcmc] Progress @ 2025-02-03 11:30:56 : 218 steps taken, and 3013 accepted.
[2 : mcmc] Progress @ 2025-02-03 11:30:58 : 220 steps taken, and 2954 accepted.
[3 : mcmc] Progress @ 2025-02-03 11:31:42 : 206 steps taken, and 3041 accepted.
[0 : mcmc] Progress @ 2025-02-03 11:31:49 : 202 steps taken, and 2817 accepted.
[2 : mcmc] Progress @ 2025-02-03 11:32:06 : 223 steps taken, and 2955 accepted.
[1 : mcmc] Progress @ 2025-02-03 11:32:11 : 221 steps taken, and 3015 accepted.
[3 : mcmc] Progress @ 2025-02-03 11:32:44 : 209 steps taken, and 3042 accepted.
[0 : mcmc] Progress @ 2025-02-03 11:32:51 : 205 steps taken, and 2818 accepted.
[2 : mcmc] Progress @ 2025-02-03 11:33:26 : 226 steps taken, and 2955 accepted.
[1 : mcmc] Progress @ 2025-02-03 11:33:33 : 225 steps taken, and 3015 accepted.
[0 : mcmc] Progress @ 2025-02-03 11:33:57 : 208 steps taken, and 2819 accepted.
[3 : mcmc] Progress @ 2025-02-03 11:33:58 : 212 steps taken, and 3042 accepted.
[2 : mcmc] Progress @ 2025-02-03 11:34:37 : 229 steps taken, and 2957 accepted.
[1 : mcmc] Progress @ 2025-02-03 11:34:56 : 229 steps taken, and 3016 accepted.
[0 : mcmc] Progress @ 2025-02-03 11:35:15 : 212 steps taken, and 2821 accepted.
[3 : mcmc] Progress @ 2025-02-03 11:35:20 : 215 steps taken, and 3042 accepted.
[2 : mcmc] Progress @ 2025-02-03 11:35:56 : 232 steps taken, and 2958 accepted.
[1 : mcmc] Progress @ 2025-02-03 11:36:17 : 232 steps taken, and 3018 accepted.
[0 : mcmc] Progress @ 2025-02-03 11:36:32 : 215 steps taken, and 2822 accepted.
[3 : mcmc] Progress @ 2025-02-03 11:36:41 : 218 steps taken, and 3043 accepted.
[2 : mcmc] Progress @ 2025-02-03 11:37:08 : 235 steps taken, and 2959 accepted.
[1 : mcmc] Progress @ 2025-02-03 11:37:41 : 235 steps taken, and 3019 accepted.
[0 : mcmc] Progress @ 2025-02-03 11:37:52 : 218 steps taken, and 2825 accepted.
[3 : mcmc] Progress @ 2025-02-03 11:38:03 : 221 steps taken, and 3045 accepted.
[2 : mcmc] Progress @ 2025-02-03 11:38:28 : 238 steps taken, and 2959 accepted.
[1 : mcmc] Progress @ 2025-02-03 11:39:05 : 238 steps taken, and 3020 accepted.
[3 : mcmc] Progress @ 2025-02-03 11:39:12 : 225 steps taken, and 3046 accepted.
[0 : mcmc] Progress @ 2025-02-03 11:39:15 : 222 steps taken, and 2826 accepted.
[2 : mcmc] Progress @ 2025-02-03 11:39:29 : 241 steps taken, and 2960 accepted.
[1 : mcmc] Progress @ 2025-02-03 11:40:17 : 241 steps taken, and 3020 accepted.
[0 : mcmc] Progress @ 2025-02-03 11:40:27 : 225 steps taken, and 2827 accepted.
[3 : mcmc] Progress @ 2025-02-03 11:40:31 : 228 steps taken, and 3047 accepted.
[2 : mcmc] Progress @ 2025-02-03 11:40:50 : 245 steps taken, and 2962 accepted.
[1 : mcmc] Progress @ 2025-02-03 11:41:30 : 244 steps taken, and 3020 accepted.
[0 : mcmc] Progress @ 2025-02-03 11:41:34 : 228 steps taken, and 2829 accepted.
[3 : mcmc] Progress @ 2025-02-03 11:41:41 : 231 steps taken, and 3047 accepted.
[2 : mcmc] Progress @ 2025-02-03 11:42:01 : 248 steps taken, and 2964 accepted.
[0 : mcmc] Progress @ 2025-02-03 11:42:48 : 231 steps taken, and 2830 accepted.
[3 : mcmc] Progress @ 2025-02-03 11:42:50 : 234 steps taken, and 3048 accepted.
[1 : mcmc] Progress @ 2025-02-03 11:42:52 : 247 steps taken, and 3021 accepted.
[2 : mcmc] Progress @ 2025-02-03 11:43:21 : 251 steps taken, and 2965 accepted.
[3 : mcmc] Progress @ 2025-02-03 11:43:55 : 237 steps taken, and 3050 accepted.
[0 : mcmc] Progress @ 2025-02-03 11:44:00 : 234 steps taken, and 2830 accepted.
[1 : mcmc] Progress @ 2025-02-03 11:44:05 : 250 steps taken, and 3021 accepted.
[2 : mcmc] Progress @ 2025-02-03 11:44:34 : 254 steps taken, and 2968 accepted.
[0 : mcmc] Progress @ 2025-02-03 11:45:02 : 238 steps taken, and 2831 accepted.
[3 : mcmc] Progress @ 2025-02-03 11:45:06 : 240 steps taken, and 3052 accepted.
[1 : mcmc] Progress @ 2025-02-03 11:45:18 : 253 steps taken, and 3021 accepted.
[2 : mcmc] Progress @ 2025-02-03 11:45:42 : 257 steps taken, and 2969 accepted.
[0 : mcmc] Progress @ 2025-02-03 11:46:12 : 241 steps taken, and 2832 accepted.
[3 : mcmc] Progress @ 2025-02-03 11:46:26 : 243 steps taken, and 3055 accepted.
[1 : mcmc] Progress @ 2025-02-03 11:46:32 : 256 steps taken, and 3021 accepted.
[2 : mcmc] Progress @ 2025-02-03 11:47:06 : 260 steps taken, and 2971 accepted.
[0 : mcmc] Progress @ 2025-02-03 11:47:22 : 245 steps taken, and 2833 accepted.
[3 : mcmc] Progress @ 2025-02-03 11:47:36 : 246 steps taken, and 3057 accepted.
[1 : mcmc] Progress @ 2025-02-03 11:47:45 : 259 steps taken, and 3022 accepted.
[2 : mcmc] Progress @ 2025-02-03 11:48:17 : 263 steps taken, and 2974 accepted.
[0 : mcmc] Progress @ 2025-02-03 11:48:41 : 248 steps taken, and 2836 accepted.
[3 : mcmc] Progress @ 2025-02-03 11:48:49 : 249 steps taken, and 3058 accepted.
[1 : mcmc] Progress @ 2025-02-03 11:49:04 : 262 steps taken, and 3025 accepted.
[2 : mcmc] Progress @ 2025-02-03 11:49:25 : 266 steps taken, and 2977 accepted.
[0 : mcmc] Progress @ 2025-02-03 11:49:56 : 251 steps taken, and 2836 accepted.
[3 : mcmc] Progress @ 2025-02-03 11:50:06 : 252 steps taken, and 3059 accepted.
[1 : mcmc] Progress @ 2025-02-03 11:50:25 : 265 steps taken, and 3027 accepted.
[2 : mcmc] Progress @ 2025-02-03 11:50:38 : 271 steps taken, and 2978 accepted.
[0 : mcmc] Progress @ 2025-02-03 11:51:02 : 254 steps taken, and 2838 accepted.
[3 : mcmc] Progress @ 2025-02-03 11:51:25 : 255 steps taken, and 3061 accepted.
[1 : mcmc] Progress @ 2025-02-03 11:51:38 : 268 steps taken, and 3029 accepted.
[2 : mcmc] Progress @ 2025-02-03 11:51:54 : 274 steps taken, and 2980 accepted.
[0 : mcmc] Progress @ 2025-02-03 11:52:19 : 259 steps taken, and 2839 accepted.
[3 : mcmc] Progress @ 2025-02-03 11:52:34 : 258 steps taken, and 3064 accepted.
[1 : mcmc] Progress @ 2025-02-03 11:52:48 : 271 steps taken, and 3030 accepted.
[2 : mcmc] Progress @ 2025-02-03 11:53:09 : 277 steps taken, and 2983 accepted.
[0 : mcmc] Progress @ 2025-02-03 11:53:40 : 262 steps taken, and 2839 accepted.
[3 : mcmc] Progress @ 2025-02-03 11:53:46 : 261 steps taken, and 3065 accepted.
[1 : mcmc] Progress @ 2025-02-03 11:53:50 : 274 steps taken, and 3031 accepted.
[2 : mcmc] Progress @ 2025-02-03 11:54:23 : 280 steps taken, and 2984 accepted.
[0 : mcmc] Progress @ 2025-02-03 11:54:59 : 265 steps taken, and 2841 accepted.
[3 : mcmc] Progress @ 2025-02-03 11:55:06 : 264 steps taken, and 3066 accepted.
[1 : mcmc] Progress @ 2025-02-03 11:55:10 : 277 steps taken, and 3033 accepted.
[2 : mcmc] Progress @ 2025-02-03 11:55:27 : 284 steps taken, and 2985 accepted.
[0 : mcmc] Progress @ 2025-02-03 11:56:00 : 268 steps taken, and 2842 accepted.
[1 : mcmc] Progress @ 2025-02-03 11:56:29 : 280 steps taken, and 3034 accepted.
[3 : mcmc] Progress @ 2025-02-03 11:56:29 : 268 steps taken, and 3067 accepted.
[2 : mcmc] Progress @ 2025-02-03 11:56:46 : 287 steps taken, and 2985 accepted.
[0 : mcmc] Progress @ 2025-02-03 11:57:18 : 271 steps taken, and 2843 accepted.
[1 : mcmc] Progress @ 2025-02-03 11:57:48 : 283 steps taken, and 3037 accepted.
[3 : mcmc] Progress @ 2025-02-03 11:57:53 : 271 steps taken, and 3069 accepted.
[2 : mcmc] Progress @ 2025-02-03 11:57:58 : 290 steps taken, and 2986 accepted.
[0 : mcmc] Progress @ 2025-02-03 11:58:26 : 277 steps taken, and 2844 accepted.
[1 : mcmc] Progress @ 2025-02-03 11:58:58 : 286 steps taken, and 3037 accepted.
[2 : mcmc] Progress @ 2025-02-03 11:59:10 : 293 steps taken, and 2987 accepted.
[3 : mcmc] Progress @ 2025-02-03 11:59:13 : 274 steps taken, and 3070 accepted.
[0 : mcmc] Progress @ 2025-02-03 11:59:44 : 280 steps taken, and 2845 accepted.
[1 : mcmc] Progress @ 2025-02-03 12:00:06 : 289 steps taken, and 3039 accepted.
[2 : mcmc] Progress @ 2025-02-03 12:00:31 : 296 steps taken, and 2987 accepted.
[3 : mcmc] Progress @ 2025-02-03 12:00:37 : 277 steps taken, and 3071 accepted.
[0 : mcmc] Progress @ 2025-02-03 12:01:04 : 284 steps taken, and 2846 accepted.
[1 : mcmc] Progress @ 2025-02-03 12:01:16 : 292 steps taken, and 3039 accepted.
[2 : mcmc] Progress @ 2025-02-03 12:01:53 : 299 steps taken, and 2988 accepted.
[3 : mcmc] Progress @ 2025-02-03 12:02:00 : 281 steps taken, and 3073 accepted.
[0 : mcmc] Progress @ 2025-02-03 12:02:14 : 288 steps taken, and 2847 accepted.
[1 : mcmc] Progress @ 2025-02-03 12:02:32 : 296 steps taken, and 3040 accepted.
[2 : mcmc] Progress @ 2025-02-03 12:03:05 : 302 steps taken, and 2988 accepted.
[3 : mcmc] Progress @ 2025-02-03 12:03:19 : 286 steps taken, and 3075 accepted.
[0 : mcmc] Progress @ 2025-02-03 12:03:23 : 291 steps taken, and 2848 accepted.
[1 : mcmc] Progress @ 2025-02-03 12:03:46 : 300 steps taken, and 3040 accepted.
[2 : mcmc] Progress @ 2025-02-03 12:04:16 : 305 steps taken, and 2989 accepted.
[3 : mcmc] Progress @ 2025-02-03 12:04:34 : 292 steps taken, and 3076 accepted.
[0 : mcmc] Progress @ 2025-02-03 12:04:37 : 294 steps taken, and 2850 accepted.
[1 : mcmc] Progress @ 2025-02-03 12:05:09 : 306 steps taken, and 3042 accepted.
[2 : mcmc] Progress @ 2025-02-03 12:05:35 : 308 steps taken, and 2991 accepted.
[3 : mcmc] Progress @ 2025-02-03 12:05:45 : 295 steps taken, and 3077 accepted.
[0 : mcmc] Progress @ 2025-02-03 12:05:59 : 297 steps taken, and 2850 accepted.
[1 : mcmc] Progress @ 2025-02-03 12:06:14 : 310 steps taken, and 3044 accepted.
[2 : mcmc] Progress @ 2025-02-03 12:06:42 : 312 steps taken, and 2994 accepted.
[3 : mcmc] Progress @ 2025-02-03 12:06:55 : 298 steps taken, and 3077 accepted.
[0 : mcmc] Progress @ 2025-02-03 12:07:00 : 300 steps taken, and 2851 accepted.
[1 : mcmc] Progress @ 2025-02-03 12:07:31 : 315 steps taken, and 3044 accepted.
[2 : mcmc] Progress @ 2025-02-03 12:07:48 : 315 steps taken, and 2996 accepted.
[3 : mcmc] Progress @ 2025-02-03 12:08:06 : 301 steps taken, and 3079 accepted.
[0 : mcmc] Progress @ 2025-02-03 12:08:23 : 303 steps taken, and 2853 accepted.
[2 : mcmc] Progress @ 2025-02-03 12:08:49 : 318 steps taken, and 2997 accepted.
[1 : mcmc] Progress @ 2025-02-03 12:08:58 : 321 steps taken, and 3046 accepted.
[3 : mcmc] Progress @ 2025-02-03 12:09:20 : 305 steps taken, and 3081 accepted.
[0 : mcmc] Progress @ 2025-02-03 12:09:43 : 306 steps taken, and 2855 accepted.
[2 : mcmc] Progress @ 2025-02-03 12:09:54 : 324 steps taken, and 2997 accepted.
[1 : mcmc] Progress @ 2025-02-03 12:10:18 : 324 steps taken, and 3047 accepted.
[3 : mcmc] Progress @ 2025-02-03 12:10:30 : 309 steps taken, and 3082 accepted.
[2 : mcmc] Progress @ 2025-02-03 12:11:02 : 327 steps taken, and 3000 accepted.
[0 : mcmc] Progress @ 2025-02-03 12:11:04 : 309 steps taken, and 2856 accepted.
[1 : mcmc] Progress @ 2025-02-03 12:11:27 : 327 steps taken, and 3048 accepted.
[3 : mcmc] Progress @ 2025-02-03 12:11:42 : 313 steps taken, and 3083 accepted.
[2 : mcmc] Progress @ 2025-02-03 12:12:09 : 333 steps taken, and 3002 accepted.
[0 : mcmc] Progress @ 2025-02-03 12:12:14 : 312 steps taken, and 2859 accepted.
[1 : mcmc] Progress @ 2025-02-03 12:12:41 : 330 steps taken, and 3049 accepted.
[3 : mcmc] Progress @ 2025-02-03 12:13:00 : 316 steps taken, and 3085 accepted.
[2 : mcmc] Progress @ 2025-02-03 12:13:13 : 336 steps taken, and 3002 accepted.
[0 : mcmc] Progress @ 2025-02-03 12:13:26 : 315 steps taken, and 2860 accepted.
[1 : mcmc] Progress @ 2025-02-03 12:14:05 : 335 steps taken, and 3051 accepted.
[2 : mcmc] Progress @ 2025-02-03 12:14:19 : 340 steps taken, and 3002 accepted.
[3 : mcmc] Progress @ 2025-02-03 12:14:20 : 319 steps taken, and 3085 accepted.
[0 : mcmc] Progress @ 2025-02-03 12:14:34 : 318 steps taken, and 2861 accepted.
[1 : mcmc] Progress @ 2025-02-03 12:15:06 : 338 steps taken, and 3051 accepted.
[3 : mcmc] Progress @ 2025-02-03 12:15:30 : 322 steps taken, and 3085 accepted.
[2 : mcmc] Progress @ 2025-02-03 12:15:35 : 343 steps taken, and 3004 accepted.
[0 : mcmc] Progress @ 2025-02-03 12:15:47 : 321 steps taken, and 2864 accepted.
[1 : mcmc] Progress @ 2025-02-03 12:16:25 : 341 steps taken, and 3052 accepted.
[3 : mcmc] Progress @ 2025-02-03 12:16:38 : 325 steps taken, and 3086 accepted.
[2 : mcmc] Progress @ 2025-02-03 12:16:46 : 346 steps taken, and 3005 accepted.
[0 : mcmc] Progress @ 2025-02-03 12:16:49 : 325 steps taken, and 2866 accepted.
[1 : mcmc] Progress @ 2025-02-03 12:17:45 : 344 steps taken, and 3052 accepted.
[2 : mcmc] Progress @ 2025-02-03 12:17:49 : 349 steps taken, and 3006 accepted.
[3 : mcmc] Progress @ 2025-02-03 12:18:03 : 328 steps taken, and 3087 accepted.
[0 : mcmc] Progress @ 2025-02-03 12:18:03 : 329 steps taken, and 2867 accepted.
[1 : mcmc] Progress @ 2025-02-03 12:19:02 : 348 steps taken, and 3054 accepted.
[3 : mcmc] Progress @ 2025-02-03 12:19:10 : 331 steps taken, and 3087 accepted.
[2 : mcmc] Progress @ 2025-02-03 12:19:12 : 354 steps taken, and 3007 accepted.
[0 : mcmc] Progress @ 2025-02-03 12:19:18 : 332 steps taken, and 2868 accepted.
[1 : mcmc] Progress @ 2025-02-03 12:20:09 : 352 steps taken, and 3055 accepted.
[3 : mcmc] Progress @ 2025-02-03 12:20:14 : 334 steps taken, and 3088 accepted.
[2 : mcmc] Progress @ 2025-02-03 12:20:31 : 357 steps taken, and 3007 accepted.
[0 : mcmc] Progress @ 2025-02-03 12:20:32 : 335 steps taken, and 2870 accepted.
[1 : mcmc] Progress @ 2025-02-03 12:21:21 : 355 steps taken, and 3056 accepted.
[3 : mcmc] Progress @ 2025-02-03 12:21:34 : 337 steps taken, and 3089 accepted.
[0 : mcmc] Progress @ 2025-02-03 12:21:44 : 339 steps taken, and 2871 accepted.
[2 : mcmc] Progress @ 2025-02-03 12:21:47 : 360 steps taken, and 3008 accepted.
[1 : mcmc] Progress @ 2025-02-03 12:22:33 : 358 steps taken, and 3057 accepted.
[0 : mcmc] Progress @ 2025-02-03 12:22:50 : 343 steps taken, and 2874 accepted.
[2 : mcmc] Progress @ 2025-02-03 12:22:51 : 365 steps taken, and 3009 accepted.
[3 : mcmc] Progress @ 2025-02-03 12:23:02 : 342 steps taken, and 3092 accepted.
[2 : mcmc] Progress @ 2025-02-03 12:23:53 : 369 steps taken, and 3011 accepted.
[1 : mcmc] Progress @ 2025-02-03 12:23:56 : 361 steps taken, and 3057 accepted.
[0 : mcmc] Progress @ 2025-02-03 12:24:04 : 346 steps taken, and 2877 accepted.
[3 : mcmc] Progress @ 2025-02-03 12:24:15 : 347 steps taken, and 3094 accepted.
[2 : mcmc] Progress @ 2025-02-03 12:25:03 : 372 steps taken, and 3013 accepted.
[1 : mcmc] Progress @ 2025-02-03 12:25:10 : 365 steps taken, and 3058 accepted.
[3 : mcmc] Progress @ 2025-02-03 12:25:22 : 351 steps taken, and 3096 accepted.
[0 : mcmc] Progress @ 2025-02-03 12:25:24 : 349 steps taken, and 2877 accepted.
[2 : mcmc] Progress @ 2025-02-03 12:26:25 : 375 steps taken, and 3014 accepted.
[1 : mcmc] Progress @ 2025-02-03 12:26:33 : 368 steps taken, and 3058 accepted.
[0 : mcmc] Progress @ 2025-02-03 12:26:35 : 352 steps taken, and 2878 accepted.
[3 : mcmc] Progress @ 2025-02-03 12:26:40 : 356 steps taken, and 3098 accepted.
[2 : mcmc] Progress @ 2025-02-03 12:27:36 : 378 steps taken, and 3016 accepted.
[1 : mcmc] Progress @ 2025-02-03 12:27:44 : 371 steps taken, and 3059 accepted.
[3 : mcmc] Progress @ 2025-02-03 12:27:54 : 359 steps taken, and 3099 accepted.
[0 : mcmc] Progress @ 2025-02-03 12:27:56 : 355 steps taken, and 2878 accepted.
[1 : mcmc] Progress @ 2025-02-03 12:28:46 : 374 steps taken, and 3060 accepted.
[2 : mcmc] Progress @ 2025-02-03 12:28:59 : 383 steps taken, and 3018 accepted.
[0 : mcmc] Progress @ 2025-02-03 12:29:05 : 359 steps taken, and 2880 accepted.
[0 : mcmc] Learn + convergence test @ 2880 samples accepted.
[0 : mcmc] Ready to check convergence and learn a new proposal covmat (waiting for the rest...)
[3 : mcmc] Progress @ 2025-02-03 12:29:07 : 362 steps taken, and 3101 accepted.
[1 : mcmc] Progress @ 2025-02-03 12:30:11 : 377 steps taken, and 3061 accepted.
[2 : mcmc] Progress @ 2025-02-03 12:30:16 : 387 steps taken, and 3019 accepted.
[0 : mcmc] Progress @ 2025-02-03 12:30:27 : 363 steps taken, and 2883 accepted.
[3 : mcmc] Progress @ 2025-02-03 12:30:31 : 366 steps taken, and 3104 accepted.
[1 : mcmc] Progress @ 2025-02-03 12:31:24 : 380 steps taken, and 3061 accepted.
[0 : mcmc] Progress @ 2025-02-03 12:31:36 : 367 steps taken, and 2885 accepted.
[2 : mcmc] Progress @ 2025-02-03 12:31:38 : 390 steps taken, and 3019 accepted.
[3 : mcmc] Progress @ 2025-02-03 12:31:52 : 372 steps taken, and 3106 accepted.
[1 : mcmc] Progress @ 2025-02-03 12:32:36 : 384 steps taken, and 3061 accepted.
[0 : mcmc] Progress @ 2025-02-03 12:32:43 : 370 steps taken, and 2886 accepted.
[2 : mcmc] Progress @ 2025-02-03 12:33:01 : 394 steps taken, and 3020 accepted.
[3 : mcmc] Progress @ 2025-02-03 12:33:01 : 377 steps taken, and 3108 accepted.
[1 : mcmc] Progress @ 2025-02-03 12:33:59 : 388 steps taken, and 3062 accepted.
[0 : mcmc] Progress @ 2025-02-03 12:34:11 : 374 steps taken, and 2888 accepted.
[3 : mcmc] Progress @ 2025-02-03 12:34:11 : 382 steps taken, and 3110 accepted.
[2 : mcmc] Progress @ 2025-02-03 12:34:11 : 398 steps taken, and 3022 accepted.
[node067:11133:0:11202] Caught signal 11 (Segmentation fault: address not mapped to object at address 0xfffffffc04932f38)
BFD: DWARF error: can't find .debug_ranges section.
BFD: DWARF error: can't find .debug_ranges section.
==== backtrace (tid:  11202) ====
 0 0x0000000000021563 ucs_debug_print_backtrace()  /dev/shm/UCX/1.8.0/GCCcore-9.3.0/ucx-1.8.0/src/ucs/debug/debug.c:653
 1 0x0000000000039f63 __massivenu_MOD_thermalnubackground_rho()  ???:0
 2 0x000000000003da49 __results_MOD_grho_no_de()  ???:0
 3 0x00000000000a5f01 dtauda_()  ???:0
 4 0x000000000004cfdc __results_MOD_thermo_init._omp_fn.0()  results.f90:0
 5 0x0000000000018f09 gomp_thread_start()  team.c:0
 6 0x0000000000007ea5 start_thread()  pthread_create.c:0
 7 0x00000000000feb0d __clone()  ???:0
=================================
[node067:11133] *** Process received signal ***
[node067:11133] Signal: Segmentation fault (11)
[node067:11133] Signal code:  (-6)
[node067:11133] Failing at address: 0x8cfb800002b7d
[node067:11133] [ 0] /lib64/libpthread.so.0(+0xf630)[0x7fc68c2f5630]
[node067:11133] [ 1] /users/smp24dhl/cosmo/code/CAMB_beta/camb/camblib.so(__massivenu_MOD_thermalnubackground_rho+0x63)[0x7fc6517e5f63]
[node067:11133] [ 2] /users/smp24dhl/cosmo/code/CAMB_beta/camb/camblib.so(__results_MOD_grho_no_de+0xc9)[0x7fc6517e9a49]
[node067:11133] [ 3] /users/smp24dhl/cosmo/code/CAMB_beta/camb/camblib.so(dtauda_+0x61)[0x7fc651851f01]
[node067:11133] [ 4] /users/smp24dhl/cosmo/code/CAMB_beta/camb/camblib.so(+0x4cfdc)[0x7fc6517f8fdc]
[node067:11133] [ 5] /users/smp24dhl/.conda/envs/cosmos/bin/../lib/libgomp.so.1(+0x18f09)[0x7fc651785f09]
[node067:11133] [ 6] /lib64/libpthread.so.0(+0x7ea5)[0x7fc68c2edea5]
[node067:11133] [ 7] /lib64/libc.so.6(clone+0x6d)[0x7fc68b90db0d]
[node067:11133] *** End of error message ***
--------------------------------------------------------------------------
Primary job  terminated normally, but 1 process returned
a non-zero exit code. Per user-direction, the job has been aborted.
--------------------------------------------------------------------------
--------------------------------------------------------------------------
mpirun noticed that process rank 2 with PID 11133 on node node067 exited on signal 11 (Segmentation fault).
--------------------------------------------------------------------------
