[0 : output] Output to be read-from/written-into folder 'chains', with prefix 'act-full'
[0 : output] Found existing info files with the requested output prefix: 'chains/act-full'
[0 : output] Let's try to resume/load.
[0 : output] Found an old sample. Resuming.
[0 : prior] *WARNING* External prior 'SZ' loaded. Mind that it might not be normalized!

libgomp: 
libgomp: Invalid value for environment variable OMP_NUM_THREADS: 
Invalid value for environment variable OMP_NUM_THREADS: 

libgomp: Invalid value for environment variable OMP_NUM_THREADS: 

libgomp: Invalid value for environment variable OMP_NUM_THREADS: 
[0 : camb] `camb` module loaded successfully from /users/smp24dhl/cosmo/code/CAMB_beta/camb
[0 : planck_2018_highl_plik.ttteee] `clik` module loaded successfully from /users/smp24dhl/cosmo/code/planck/clik/lib/python3.9/site-packages/clik
----
clik version clik_16.0b1-2-g63c889f3aa9c MAKEFILE
  smica
----
clik version clik_16.0b1-2-g63c889f3aa9c MAKEFILE
  smica
----
clik version clik_16.0b1-2-g63c889f3aa9c MAKEFILE
  smica
----
clik version clik_16.0b1-2-g63c889f3aa9c MAKEFILE
  smica
Checking likelihood '/users/smp24dhl/cosmo/data/planck_2018/baseline/plc_3.0/hi_l/plik/plik_rd12_HM_v22b_TTTEEE.clik' on test data. got -1172.47 expected -1172.47 (diff -4.34057e-07)
----
Loading ACT DR6 lensing likelihood v1.2...
Checking likelihood '/users/smp24dhl/cosmo/data/planck_2018/baseline/plc_3.0/hi_l/plik/plik_rd12_HM_v22b_TTTEEE.clik' on test data. got -1172.47 expected -1172.47 (diff -4.34057e-07)
----
Loading ACT DR6 lensing likelihood v1.2...
Checking likelihood '/users/smp24dhl/cosmo/data/planck_2018/baseline/plc_3.0/hi_l/plik/plik_rd12_HM_v22b_TTTEEE.clik' on test data. got -1172.47 expected -1172.47 (diff -4.34057e-07)
----
Loading ACT DR6 lensing likelihood v1.2...
Checking likelihood '/users/smp24dhl/cosmo/data/planck_2018/baseline/plc_3.0/hi_l/plik/plik_rd12_HM_v22b_TTTEEE.clik' on test data. got -1172.47 expected -1172.47 (diff -4.34056e-07)
----
Loading ACT DR6 lensing likelihood v1.2...
/users/smp24dhl/cosmo/code/act_dr6_lenslike/act_dr6_lenslike/act_dr6_lenslike.py:416: UserWarning: Hartlap correction to cinv: 0.949874686716792
  warnings.warn(f"Hartlap correction to cinv: {hartlap_correction}")
/users/smp24dhl/cosmo/code/act_dr6_lenslike/act_dr6_lenslike/act_dr6_lenslike.py:416: UserWarning: Hartlap correction to cinv: 0.949874686716792
  warnings.warn(f"Hartlap correction to cinv: {hartlap_correction}")
[0 : bao.desi_2024_bao_all] Initialized.
[2 : bao.desi_2024_bao_all] Initialized.
/users/smp24dhl/cosmo/code/act_dr6_lenslike/act_dr6_lenslike/act_dr6_lenslike.py:416: UserWarning: Hartlap correction to cinv: 0.949874686716792
  warnings.warn(f"Hartlap correction to cinv: {hartlap_correction}")
[1 : bao.desi_2024_bao_all] Initialized.
/users/smp24dhl/cosmo/code/act_dr6_lenslike/act_dr6_lenslike/act_dr6_lenslike.py:416: UserWarning: Hartlap correction to cinv: 0.949874686716792
  warnings.warn(f"Hartlap correction to cinv: {hartlap_correction}")
[3 : bao.desi_2024_bao_all] Initialized.
[0 : mcmc] Resuming from previous sample!
[0 : samplecollection] Loaded 3308 sample points from 'chains/act-full.1.txt'
[2 : samplecollection] Loaded 3416 sample points from 'chains/act-full.3.txt'
[1 : samplecollection] Loaded 3445 sample points from 'chains/act-full.2.txt'
[3 : samplecollection] Loaded 3558 sample points from 'chains/act-full.4.txt'
[0 : mcmc] Initial point: logA:3.043896, ns:0.9689897, theta_MC_100:1.040419, ombh2:0.02246352, omch2:0.1188586, w:-0.89878, wa:-0.6234416, beta_DE:2.360448, tau:0.05415323, A_planck:1.002383, calib_100T:0.9999295, calib_217T:0.9985192, A_cib_217:54.46396, xi_sz_cib:0.6979438, A_sz:7.965083, ksz_norm:0.3880934, gal545_A_100:8.946032, gal545_A_143:11.13847, gal545_A_143_217:20.09548, gal545_A_217:90.88401, ps_A_100_100:250.599, ps_A_143_143:46.19466, ps_A_143_217:54.87592, ps_A_217_217:113.0951, galf_TE_A_100:0.05044641, galf_TE_A_100_143:0.1358531, galf_TE_A_100_217:0.3831829, galf_TE_A_143:0.2673793, galf_TE_A_143_217:0.6727801, galf_TE_A_217:2.282723
[2 : mcmc] Initial point: logA:3.05249, ns:0.9647597, theta_MC_100:1.041219, ombh2:0.02238799, omch2:0.1198098, w:-0.7476254, wa:-0.9796569, beta_DE:0.1233572, tau:0.05996741, A_planck:0.9973114, calib_100T:1.000465, calib_217T:0.9987567, A_cib_217:42.8448, xi_sz_cib:0.279542, A_sz:6.500573, ksz_norm:1.837143, gal545_A_100:10.24338, gal545_A_143:7.957948, gal545_A_143_217:18.09693, gal545_A_217:94.64419, ps_A_100_100:266.0243, ps_A_143_143:41.22403, ps_A_143_217:38.98092, ps_A_217_217:119.648, galf_TE_A_100:0.1163577, galf_TE_A_100_143:0.0997444, galf_TE_A_100_217:0.4609418, galf_TE_A_143:0.178297, galf_TE_A_143_217:0.5983123, galf_TE_A_217:2.281664
[1 : mcmc] Initial point: logA:3.055303, ns:0.9670357, theta_MC_100:1.040869, ombh2:0.02224664, omch2:0.119456, w:-0.8835062, wa:-0.5720293, beta_DE:0.2606759, tau:0.06293661, A_planck:1.000224, calib_100T:0.9996909, calib_217T:0.997795, A_cib_217:44.806, xi_sz_cib:0.591298, A_sz:1.66383, ksz_norm:9.815295, gal545_A_100:10.20024, gal545_A_143:11.94576, gal545_A_143_217:20.95698, gal545_A_217:96.83325, ps_A_100_100:268.1196, ps_A_143_143:44.12241, ps_A_143_217:25.02519, ps_A_217_217:108.6756, galf_TE_A_100:0.02983272, galf_TE_A_100_143:0.1148178, galf_TE_A_100_217:0.5304351, galf_TE_A_143:0.209845, galf_TE_A_143_217:0.4945838, galf_TE_A_217:2.093485
[3 : mcmc] Initial point: logA:3.033897, ns:0.9623155, theta_MC_100:1.041397, ombh2:0.02216726, omch2:0.1205897, w:-0.8067691, wa:-0.3197242, beta_DE:-1.031803, tau:0.04881257, A_planck:0.9999429, calib_100T:1.000877, calib_217T:0.998325, A_cib_217:58.80618, xi_sz_cib:0.7579283, A_sz:2.970374, ksz_norm:4.584822, gal545_A_100:8.522315, gal545_A_143:10.41876, gal545_A_143_217:12.96036, gal545_A_217:76.06465, ps_A_100_100:339.8477, ps_A_143_143:48.58378, ps_A_143_217:41.86437, ps_A_217_217:102.1585, galf_TE_A_100:0.05544959, galf_TE_A_100_143:0.138031, galf_TE_A_100_217:0.475153, galf_TE_A_143:0.2014928, galf_TE_A_143_217:0.6617602, galf_TE_A_217:2.217322
[0 : mcmc] *WARNING* Parameter blocking manually/previously fixed: speeds will not be measured.
[0 : mcmc] Dragging with number of interpolating steps:
[0 : mcmc] *  1 : (['theta_MC_100', 'ombh2', 'omch2', 'w', 'wa', 'beta_DE', 'tau'], ['logA', 'ns'])
[0 : mcmc] * 12 : (['A_planck'], ['calib_100T', 'calib_217T', 'A_cib_217', 'xi_sz_cib', 'A_sz', 'ksz_norm', 'gal545_A_100', 'gal545_A_143', 'gal545_A_143_217', 'gal545_A_217', 'ps_A_100_100', 'ps_A_143_143', 'ps_A_143_217', 'ps_A_217_217', 'galf_TE_A_100', 'galf_TE_A_100_143', 'galf_TE_A_100_217', 'galf_TE_A_143', 'galf_TE_A_143_217', 'galf_TE_A_217'])
[0 : mcmc] Covariance matrix from previous sample.
[0 : mcmc] Sampling!
[2 : mcmc] Progress @ 2025-02-05 15:17:18 : 1 steps taken, and 3416 accepted.
[0 : mcmc] Progress @ 2025-02-05 15:17:24 : 1 steps taken, and 3308 accepted.
[1 : mcmc] Progress @ 2025-02-05 15:17:41 : 1 steps taken, and 3445 accepted.
[3 : mcmc] Progress @ 2025-02-05 15:17:48 : 1 steps taken, and 3558 accepted.
[2 : mcmc] Progress @ 2025-02-05 15:18:22 : 3 steps taken, and 3417 accepted.
[0 : mcmc] Progress @ 2025-02-05 15:18:40 : 5 steps taken, and 3309 accepted.
[1 : mcmc] Progress @ 2025-02-05 15:18:51 : 7 steps taken, and 3448 accepted.
[3 : mcmc] Progress @ 2025-02-05 15:18:57 : 4 steps taken, and 3558 accepted.
[2 : mcmc] Progress @ 2025-02-05 15:19:41 : 8 steps taken, and 3419 accepted.
[0 : mcmc] Progress @ 2025-02-05 15:19:44 : 9 steps taken, and 3310 accepted.
[1 : mcmc] Progress @ 2025-02-05 15:20:06 : 11 steps taken, and 3449 accepted.
[3 : mcmc] Progress @ 2025-02-05 15:20:15 : 7 steps taken, and 3560 accepted.
[0 : mcmc] Progress @ 2025-02-05 15:20:49 : 13 steps taken, and 3310 accepted.
[2 : mcmc] Progress @ 2025-02-05 15:21:02 : 12 steps taken, and 3422 accepted.
[1 : mcmc] Progress @ 2025-02-05 15:21:21 : 15 steps taken, and 3450 accepted.
[3 : mcmc] Progress @ 2025-02-05 15:21:25 : 10 steps taken, and 3561 accepted.
[0 : mcmc] Progress @ 2025-02-05 15:21:52 : 17 steps taken, and 3312 accepted.
[2 : mcmc] Progress @ 2025-02-05 15:22:26 : 15 steps taken, and 3423 accepted.
[3 : mcmc] Progress @ 2025-02-05 15:22:35 : 13 steps taken, and 3562 accepted.
[1 : mcmc] Progress @ 2025-02-05 15:22:38 : 21 steps taken, and 3456 accepted.
[0 : mcmc] Progress @ 2025-02-05 15:22:55 : 21 steps taken, and 3312 accepted.
[2 : mcmc] Progress @ 2025-02-05 15:23:27 : 18 steps taken, and 3424 accepted.
[3 : mcmc] Progress @ 2025-02-05 15:23:52 : 16 steps taken, and 3563 accepted.
[1 : mcmc] Progress @ 2025-02-05 15:23:55 : 25 steps taken, and 3456 accepted.
[0 : mcmc] Progress @ 2025-02-05 15:23:58 : 25 steps taken, and 3313 accepted.
[2 : mcmc] Progress @ 2025-02-05 15:24:44 : 22 steps taken, and 3425 accepted.
[1 : mcmc] Progress @ 2025-02-05 15:24:59 : 29 steps taken, and 3457 accepted.
[3 : mcmc] Progress @ 2025-02-05 15:25:05 : 20 steps taken, and 3563 accepted.
[0 : mcmc] Progress @ 2025-02-05 15:25:11 : 29 steps taken, and 3315 accepted.
[1 : mcmc] Progress @ 2025-02-05 15:26:02 : 33 steps taken, and 3457 accepted.
[2 : mcmc] Progress @ 2025-02-05 15:26:06 : 25 steps taken, and 3425 accepted.
[0 : mcmc] Progress @ 2025-02-05 15:26:13 : 35 steps taken, and 3315 accepted.
[3 : mcmc] Progress @ 2025-02-05 15:26:26 : 25 steps taken, and 3564 accepted.
[2 : mcmc] Progress @ 2025-02-05 15:27:08 : 28 steps taken, and 3427 accepted.
[1 : mcmc] Progress @ 2025-02-05 15:27:08 : 37 steps taken, and 3458 accepted.
[0 : mcmc] Progress @ 2025-02-05 15:27:29 : 42 steps taken, and 3316 accepted.
[3 : mcmc] Progress @ 2025-02-05 15:27:40 : 29 steps taken, and 3565 accepted.
[1 : mcmc] Progress @ 2025-02-05 15:28:11 : 41 steps taken, and 3459 accepted.
[2 : mcmc] Progress @ 2025-02-05 15:28:16 : 31 steps taken, and 3429 accepted.
[3 : mcmc] Progress @ 2025-02-05 15:28:44 : 33 steps taken, and 3566 accepted.
[0 : mcmc] Progress @ 2025-02-05 15:28:45 : 46 steps taken, and 3318 accepted.
[1 : mcmc] Progress @ 2025-02-05 15:29:15 : 45 steps taken, and 3461 accepted.
[2 : mcmc] Progress @ 2025-02-05 15:29:34 : 34 steps taken, and 3430 accepted.
[0 : mcmc] Progress @ 2025-02-05 15:29:55 : 50 steps taken, and 3320 accepted.
[3 : mcmc] Progress @ 2025-02-05 15:29:56 : 37 steps taken, and 3567 accepted.
[1 : mcmc] Progress @ 2025-02-05 15:30:20 : 48 steps taken, and 3462 accepted.
[2 : mcmc] Progress @ 2025-02-05 15:30:53 : 37 steps taken, and 3431 accepted.
[0 : mcmc] Progress @ 2025-02-05 15:31:07 : 53 steps taken, and 3321 accepted.
[3 : mcmc] Progress @ 2025-02-05 15:31:08 : 40 steps taken, and 3567 accepted.
[1 : mcmc] Progress @ 2025-02-05 15:31:40 : 52 steps taken, and 3462 accepted.
[2 : mcmc] Progress @ 2025-02-05 15:32:01 : 40 steps taken, and 3433 accepted.
[0 : mcmc] Progress @ 2025-02-05 15:32:22 : 57 steps taken, and 3323 accepted.
[3 : mcmc] Progress @ 2025-02-05 15:32:28 : 43 steps taken, and 3568 accepted.
[1 : mcmc] Progress @ 2025-02-05 15:32:54 : 57 steps taken, and 3464 accepted.
[2 : mcmc] Progress @ 2025-02-05 15:33:19 : 44 steps taken, and 3434 accepted.
[0 : mcmc] Progress @ 2025-02-05 15:33:30 : 61 steps taken, and 3324 accepted.
[3 : mcmc] Progress @ 2025-02-05 15:33:31 : 46 steps taken, and 3570 accepted.
[1 : mcmc] Progress @ 2025-02-05 15:34:09 : 62 steps taken, and 3467 accepted.
[2 : mcmc] Progress @ 2025-02-05 15:34:27 : 47 steps taken, and 3437 accepted.
[node038:31569:0:31644] Caught signal 11 (Segmentation fault: address not mapped to object at address 0xfffffffc0499c648)
BFD: DWARF error: can't find .debug_ranges section.
BFD: DWARF error: can't find .debug_ranges section.
==== backtrace (tid:  31644) ====
 0 0x0000000000021563 ucs_debug_print_backtrace()  /dev/shm/UCX/1.8.0/GCCcore-9.3.0/ucx-1.8.0/src/ucs/debug/debug.c:653
 1 0x0000000000039f63 __massivenu_MOD_thermalnubackground_rho()  ???:0
 2 0x000000000003da49 __results_MOD_grho_no_de()  ???:0
 3 0x00000000000a5f01 dtauda_()  ???:0
 4 0x000000000004cfdc __results_MOD_thermo_init._omp_fn.0()  results.f90:0
 5 0x0000000000018f09 gomp_thread_start()  team.c:0
 6 0x0000000000007ea5 start_thread()  pthread_create.c:0
 7 0x00000000000feb0d __clone()  ???:0
=================================
[node038:31569] *** Process received signal ***
[node038:31569] Signal: Segmentation fault (11)
[node038:31569] Signal code:  (-6)
[node038:31569] Failing at address: 0x8cfb800007b51
[node038:31569] [ 0] /lib64/libpthread.so.0(+0xf630)[0x7f9d6f51d630]
[node038:31569] [ 1] /users/smp24dhl/cosmo/code/CAMB_beta/camb/camblib.so(__massivenu_MOD_thermalnubackground_rho+0x63)[0x7f9d3461cf63]
[node038:31569] [ 2] /users/smp24dhl/cosmo/code/CAMB_beta/camb/camblib.so(__results_MOD_grho_no_de+0xc9)[0x7f9d34620a49]
[node038:31569] [ 3] /users/smp24dhl/cosmo/code/CAMB_beta/camb/camblib.so(dtauda_+0x61)[0x7f9d34688f01]
[node038:31569] [ 4] /users/smp24dhl/cosmo/code/CAMB_beta/camb/camblib.so(+0x4cfdc)[0x7f9d3462ffdc]
[node038:31569] [ 5] /users/smp24dhl/.conda/envs/cosmos/bin/../lib/libgomp.so.1(+0x18f09)[0x7f9d345bcf09]
[node038:31569] [ 6] /lib64/libpthread.so.0(+0x7ea5)[0x7f9d6f515ea5]
[node038:31569] [ 7] /lib64/libc.so.6(clone+0x6d)[0x7f9d6eb35b0d]
[node038:31569] *** End of error message ***
--------------------------------------------------------------------------
Primary job  terminated normally, but 1 process returned
a non-zero exit code. Per user-direction, the job has been aborted.
--------------------------------------------------------------------------
--------------------------------------------------------------------------
mpirun noticed that process rank 0 with PID 31569 on node node038 exited on signal 11 (Segmentation fault).
--------------------------------------------------------------------------
