[0 : output] Output to be read-from/written-into folder 'chains', with prefix 'noHalo'
[0 : output] Found existing info files with the requested output prefix: 'chains/noHalo'
[0 : output] Let's try to resume/load.
[0 : output] Found an old sample. Resuming.
[0 : prior] *WARNING* External prior 'SZ' loaded. Mind that it might not be normalized!
[0 : camb] `camb` module loaded successfully from /users/smp24dhl/cosmo/code/CAMB_beta/camb
[0 : planck_2018_highl_plik.ttteee] `clik` module loaded successfully from /users/smp24dhl/cosmo/code/planck/clik/lib/python3.9/site-packages/clik
----
clik version clik_16.0b1-2-g63c889f3aa9c MAKEFILE
  smica
----
clik version clik_16.0b1-2-g63c889f3aa9c MAKEFILE
  smica
----
clik version clik_16.0b1-2-g63c889f3aa9c MAKEFILE
  smica
----
clik version clik_16.0b1-2-g63c889f3aa9c MAKEFILE
  smica
Checking likelihood '/users/smp24dhl/cosmo/data/planck_2018/baseline/plc_3.0/hi_l/plik/plik_rd12_HM_v22b_TTTEEE.clik' on test data. got -1172.47 expected -1172.47 (diff -4.34055e-07)
----
Checking likelihood '/users/smp24dhl/cosmo/data/planck_2018/baseline/plc_3.0/hi_l/plik/plik_rd12_HM_v22b_TTTEEE.clik' on test data. got -1172.47 expected -1172.47 (diff -4.34055e-07)
----
Checking likelihood '/users/smp24dhl/cosmo/data/planck_2018/baseline/plc_3.0/hi_l/plik/plik_rd12_HM_v22b_TTTEEE.clik' on test data. got -1172.47 expected -1172.47 (diff -4.34055e-07)
----
Checking likelihood '/users/smp24dhl/cosmo/data/planck_2018/baseline/plc_3.0/hi_l/plik/plik_rd12_HM_v22b_TTTEEE.clik' on test data. got -1172.47 expected -1172.47 (diff -4.34055e-07)
----
Checking lensing likelihood '/users/smp24dhl/cosmo/data/planck_2018/baseline/plc_3.0/lensing/smicadx12_Dec5_ftl_mv2_ndclpp_p_teb_consext8.clik_lensing' on test data. got -4.42102
Checking lensing likelihood '/users/smp24dhl/cosmo/data/planck_2018/baseline/plc_3.0/lensing/smicadx12_Dec5_ftl_mv2_ndclpp_p_teb_consext8.clik_lensing' on test data. got -4.42102
Checking lensing likelihood '/users/smp24dhl/cosmo/data/planck_2018/baseline/plc_3.0/lensing/smicadx12_Dec5_ftl_mv2_ndclpp_p_teb_consext8.clik_lensing' on test data. got -4.42102
[0 : planck_2018_lensing.clik] `clik` module loaded successfully from /users/smp24dhl/cosmo/code/planck/clik/lib/python3.9/site-packages/clik
Checking lensing likelihood '/users/smp24dhl/cosmo/data/planck_2018/baseline/plc_3.0/lensing/smicadx12_Dec5_ftl_mv2_ndclpp_p_teb_consext8.clik_lensing' on test data. got -4.42102
[0 : mcmc] Resuming from previous sample!
[3 : samplecollection] Loaded 3359 sample points from 'chains/noHalo.4.txt'
[1 : samplecollection] Loaded 3404 sample points from 'chains/noHalo.2.txt'
[0 : samplecollection] Loaded 4171 sample points from 'chains/noHalo.1.txt'
[2 : samplecollection] Loaded 4281 sample points from 'chains/noHalo.3.txt'
[1 : mcmc] Initial point: logA:3.042866, ns:0.9685827, theta_MC_100:1.041126, ombh2:0.02236721, omch2:0.1198773, w:-1.56398, wa:-1.540084, beta_DE:0.9323925, tau:0.05685931, A_planck:0.9976283, calib_100T:0.9993401, calib_217T:0.9988276, A_cib_217:60.18888, xi_sz_cib:0.586777, A_sz:5.439863, ksz_norm:1.034403, gal545_A_100:5.185188, gal545_A_143:11.122, gal545_A_143_217:18.66346, gal545_A_217:86.39868, ps_A_100_100:282.9586, ps_A_143_143:46.00589, ps_A_143_217:42.78549, ps_A_217_217:99.78936, galf_TE_A_100:0.05068608, galf_TE_A_100_143:0.1429019, galf_TE_A_100_217:0.5163267, galf_TE_A_143:0.2512578, galf_TE_A_143_217:0.9108812, galf_TE_A_217:2.119055
[0 : mcmc] Initial point: logA:3.037603, ns:0.968153, theta_MC_100:1.040903, ombh2:0.02246697, omch2:0.1192666, w:-1.143497, wa:-1.079217, beta_DE:1.054443, tau:0.05157656, A_planck:1.001756, calib_100T:0.9994948, calib_217T:0.9966247, A_cib_217:45.94919, xi_sz_cib:0.4339658, A_sz:6.262798, ksz_norm:2.768321, gal545_A_100:9.974588, gal545_A_143:12.29751, gal545_A_143_217:18.50495, gal545_A_217:91.34394, ps_A_100_100:282.1348, ps_A_143_143:45.29458, ps_A_143_217:45.32445, ps_A_217_217:122.275, galf_TE_A_100:0.1528458, galf_TE_A_100_143:0.1027352, galf_TE_A_100_217:0.6038396, galf_TE_A_143:0.1617185, galf_TE_A_143_217:0.6912426, galf_TE_A_217:2.127995
[3 : mcmc] Initial point: logA:3.04684, ns:0.9714343, theta_MC_100:1.041458, ombh2:0.02257857, omch2:0.1172407, w:-0.9319868, wa:-2.896235, beta_DE:2.157639, tau:0.05985008, A_planck:0.9995152, calib_100T:1.000103, calib_217T:0.997299, A_cib_217:36.52193, xi_sz_cib:0.7120388, A_sz:4.843371, ksz_norm:6.251647, gal545_A_100:7.496978, gal545_A_143:10.96504, gal545_A_143_217:18.35199, gal545_A_217:95.98143, ps_A_100_100:256.4768, ps_A_143_143:39.05945, ps_A_143_217:40.16975, ps_A_217_217:123.783, galf_TE_A_100:0.1175345, galf_TE_A_100_143:0.1183898, galf_TE_A_100_217:0.4926374, galf_TE_A_143:0.2417763, galf_TE_A_143_217:0.6782147, galf_TE_A_217:1.974999
[2 : mcmc] Initial point: logA:3.020167, ns:0.9717657, theta_MC_100:1.041017, ombh2:0.02239787, omch2:0.1173483, w:-0.1145406, wa:-2.4575, beta_DE:-0.5034941, tau:0.04725661, A_planck:1.000203, calib_100T:0.9984896, calib_217T:0.9981618, A_cib_217:51.50836, xi_sz_cib:0.2971055, A_sz:5.370735, ksz_norm:3.074883, gal545_A_100:12.0049, gal545_A_143:10.72614, gal545_A_143_217:18.95962, gal545_A_217:90.85002, ps_A_100_100:208.9335, ps_A_143_143:43.23586, ps_A_143_217:39.39431, ps_A_217_217:110.0468, galf_TE_A_100:0.1176461, galf_TE_A_100_143:0.1163066, galf_TE_A_100_217:0.5098227, galf_TE_A_143:0.04954596, galf_TE_A_143_217:0.6190699, galf_TE_A_217:2.131674
[0 : mcmc] *WARNING* Parameter blocking manually/previously fixed: speeds will not be measured.
[0 : mcmc] Dragging with number of interpolating steps:
[0 : mcmc] * 1 : (['theta_MC_100', 'ombh2', 'omch2', 'w', 'wa', 'beta_DE', 'tau'], ['logA', 'ns'])
[0 : mcmc] * 9 : (['A_planck'], ['calib_100T', 'calib_217T', 'A_cib_217', 'xi_sz_cib', 'A_sz', 'ksz_norm', 'gal545_A_100', 'gal545_A_143', 'gal545_A_143_217', 'gal545_A_217', 'ps_A_100_100', 'ps_A_143_143', 'ps_A_143_217', 'ps_A_217_217', 'galf_TE_A_100', 'galf_TE_A_100_143', 'galf_TE_A_100_217', 'galf_TE_A_143', 'galf_TE_A_143_217', 'galf_TE_A_217'])
[0 : mcmc] Covariance matrix from previous sample.
[0 : mcmc] Sampling!
[1 : mcmc] Progress @ 2024-12-13 00:07:58 : 1 steps taken, and 3404 accepted.
[3 : mcmc] Progress @ 2024-12-13 00:08:03 : 1 steps taken, and 3359 accepted.
[0 : mcmc] Progress @ 2024-12-13 00:08:03 : 1 steps taken, and 4171 accepted.
[2 : mcmc] Progress @ 2024-12-13 00:08:06 : 1 steps taken, and 4281 accepted.
[1 : mcmc] Progress @ 2024-12-13 00:08:59 : 50 steps taken, and 3415 accepted.
[0 : mcmc] Progress @ 2024-12-13 00:09:04 : 29 steps taken, and 4184 accepted.
[2 : mcmc] Progress @ 2024-12-13 00:09:07 : 21 steps taken, and 4285 accepted.
[3 : mcmc] Progress @ 2024-12-13 00:09:14 : 32 steps taken, and 3368 accepted.
[1 : mcmc] Progress @ 2024-12-13 00:10:01 : 88 steps taken, and 3427 accepted.
[0 : mcmc] Progress @ 2024-12-13 00:10:06 : 56 steps taken, and 4195 accepted.
[2 : mcmc] Progress @ 2024-12-13 00:10:09 : 53 steps taken, and 4290 accepted.
[3 : mcmc] Progress @ 2024-12-13 00:10:15 : 78 steps taken, and 3384 accepted.
[1 : mcmc] Progress @ 2024-12-13 00:11:01 : 126 steps taken, and 3437 accepted.
[0 : mcmc] Progress @ 2024-12-13 00:11:07 : 77 steps taken, and 4201 accepted.
[2 : mcmc] Progress @ 2024-12-13 00:11:09 : 75 steps taken, and 4297 accepted.
[3 : mcmc] Progress @ 2024-12-13 00:11:26 : 119 steps taken, and 3393 accepted.
[1 : mcmc] Progress @ 2024-12-13 00:12:04 : 185 steps taken, and 3453 accepted.
[0 : mcmc] Progress @ 2024-12-13 00:12:08 : 98 steps taken, and 4210 accepted.
[2 : mcmc] Progress @ 2024-12-13 00:12:12 : 100 steps taken, and 4300 accepted.
[3 : mcmc] Progress @ 2024-12-13 00:12:28 : 155 steps taken, and 3412 accepted.
[node139:22413:0:22498] Caught signal 11 (Segmentation fault: address not mapped to object at address 0xfffffffc04494818)
BFD: DWARF error: can't find .debug_ranges section.
BFD: DWARF error: can't find .debug_ranges section.
==== backtrace (tid:  22498) ====
 0 0x0000000000021563 ucs_debug_print_backtrace()  /dev/shm/UCX/1.8.0/GCCcore-9.3.0/ucx-1.8.0/src/ucs/debug/debug.c:653
 1 0x0000000000039f63 __massivenu_MOD_thermalnubackground_rho()  ???:0
 2 0x000000000003da49 __results_MOD_grho_no_de()  ???:0
 3 0x00000000000a5ef1 dtauda_()  ???:0
 4 0x000000000004cfcc __results_MOD_thermo_init._omp_fn.0()  results.f90:0
 5 0x0000000000018f09 gomp_thread_start()  team.c:0
 6 0x0000000000007ea5 start_thread()  pthread_create.c:0
 7 0x00000000000feb0d __clone()  ???:0
=================================
[node139:22413] *** Process received signal ***
[node139:22413] Signal: Segmentation fault (11)
[node139:22413] Signal code:  (-6)
[node139:22413] Failing at address: 0x8cfb80000578d
[node139:22413] [ 0] /lib64/libpthread.so.0(+0xf630)[0x7ff03e75c630]
[node139:22413] [ 1] /users/smp24dhl/cosmo/code/CAMB_beta/camb/camblib.so(__massivenu_MOD_thermalnubackground_rho+0x63)[0x7fefe188bf63]
[node139:22413] [ 2] /users/smp24dhl/cosmo/code/CAMB_beta/camb/camblib.so(__results_MOD_grho_no_de+0xc9)[0x7fefe188fa49]
[node139:22413] [ 3] /users/smp24dhl/cosmo/code/CAMB_beta/camb/camblib.so(dtauda_+0x61)[0x7fefe18f7ef1]
[node139:22413] [ 4] /users/smp24dhl/cosmo/code/CAMB_beta/camb/camblib.so(+0x4cfcc)[0x7fefe189efcc]
[node139:22413] [ 5] /users/smp24dhl/.conda/envs/cosmos/bin/../lib/libgomp.so.1(+0x18f09)[0x7fefe182bf09]
[node139:22413] [ 6] /lib64/libpthread.so.0(+0x7ea5)[0x7ff03e754ea5]
[node139:22413] [ 7] /lib64/libc.so.6(clone+0x6d)[0x7ff03dd74b0d]
[node139:22413] *** End of error message ***
--------------------------------------------------------------------------
Primary job  terminated normally, but 1 process returned
a non-zero exit code. Per user-direction, the job has been aborted.
--------------------------------------------------------------------------
--------------------------------------------------------------------------
mpirun noticed that process rank 1 with PID 22413 on node node139 exited on signal 11 (Segmentation fault).
--------------------------------------------------------------------------
