[0 : output] Output to be read-from/written-into folder 'chains', with prefix 'full'
[0 : output] Found existing info files with the requested output prefix: 'chains/full'
[0 : output] Let's try to resume/load.
[0 : output] Found an old sample. Resuming.
[0 : prior] *WARNING* External prior 'SZ' loaded. Mind that it might not be normalized!
[0 : camb] `camb` module loaded successfully from /users/smp24dhl/cosmo/code/CAMB_beta/camb
[0 : planck_2018_highl_plik.ttteee] `clik` module loaded successfully from /users/smp24dhl/cosmo/code/planck/clik/lib/python3.9/site-packages/clik
----
clik version clik_16.0b1-2-g63c889f3aa9c MAKEFILE
  smica
----
clik version clik_16.0b1-2-g63c889f3aa9c MAKEFILE
  smica
Checking likelihood '/users/smp24dhl/cosmo/data/planck_2018/baseline/plc_3.0/hi_l/plik/plik_rd12_HM_v22b_TTTEEE.clik' on test data. got -1172.47 expected -1172.47 (diff -4.34055e-07)
----
Checking likelihood '/users/smp24dhl/cosmo/data/planck_2018/baseline/plc_3.0/hi_l/plik/plik_rd12_HM_v22b_TTTEEE.clik' on test data. got -1172.47 expected -1172.47 (diff -4.34055e-07)
----
----
clik version clik_16.0b1-2-g63c889f3aa9c MAKEFILE
  smica
----
clik version clik_16.0b1-2-g63c889f3aa9c MAKEFILE
  smica
Checking lensing likelihood '/users/smp24dhl/cosmo/data/planck_2018/baseline/plc_3.0/lensing/smicadx12_Dec5_ftl_mv2_ndclpp_p_teb_consext8.clik_lensing' on test data. got -4.42102
Checking lensing likelihood '/users/smp24dhl/cosmo/data/planck_2018/baseline/plc_3.0/lensing/smicadx12_Dec5_ftl_mv2_ndclpp_p_teb_consext8.clik_lensing' on test data. got -4.42102
Checking likelihood '/users/smp24dhl/cosmo/data/planck_2018/baseline/plc_3.0/hi_l/plik/plik_rd12_HM_v22b_TTTEEE.clik' on test data. got -1172.47 expected -1172.47 (diff -4.34055e-07)
----
Checking likelihood '/users/smp24dhl/cosmo/data/planck_2018/baseline/plc_3.0/hi_l/plik/plik_rd12_HM_v22b_TTTEEE.clik' on test data. got -1172.47 expected -1172.47 (diff -4.34055e-07)
----
Checking lensing likelihood '/users/smp24dhl/cosmo/data/planck_2018/baseline/plc_3.0/lensing/smicadx12_Dec5_ftl_mv2_ndclpp_p_teb_consext8.clik_lensing' on test data. got -4.42102
[0 : planck_2018_lensing.clik] `clik` module loaded successfully from /users/smp24dhl/cosmo/code/planck/clik/lib/python3.9/site-packages/clik
Checking lensing likelihood '/users/smp24dhl/cosmo/data/planck_2018/baseline/plc_3.0/lensing/smicadx12_Dec5_ftl_mv2_ndclpp_p_teb_consext8.clik_lensing' on test data. got -4.42102
[0 : mcmc] Resuming from previous sample!
[3 : samplecollection] Loaded 2343 sample points from 'chains/full.4.txt'
[1 : samplecollection] Loaded 2462 sample points from 'chains/full.2.txt'
[2 : samplecollection] Loaded 3041 sample points from 'chains/full.3.txt'
[0 : samplecollection] Loaded 3081 sample points from 'chains/full.1.txt'
[3 : mcmc] Initial point: logA:3.031944, ns:0.9748371, theta_MC_100:1.040806, ombh2:0.0225544, omch2:0.1191908, w:-0.3166458, wa:-1.232782, beta_DE:-0.4803921, tau:0.0529094, A_planck:0.9972491, calib_100T:0.9994195, calib_217T:0.9978265, A_cib_217:43.13295, xi_sz_cib:0.7315177, A_sz:7.99297, ksz_norm:1.466274, gal545_A_100:8.728992, gal545_A_143:8.33731, gal545_A_143_217:19.96402, gal545_A_217:97.4002, ps_A_100_100:196.3813, ps_A_143_143:41.89711, ps_A_143_217:46.40775, ps_A_217_217:115.9994, galf_TE_A_100:0.1072601, galf_TE_A_100_143:0.1370132, galf_TE_A_100_217:0.4014718, galf_TE_A_143:0.3095381, galf_TE_A_143_217:0.8162584, galf_TE_A_217:1.936185
[1 : mcmc] Initial point: logA:3.018119, ns:0.9617431, theta_MC_100:1.040947, ombh2:0.02233009, omch2:0.1210588, w:-1.281832, wa:0.1882583, beta_DE:0.8682106, tau:0.03384145, A_planck:1.005289, calib_100T:0.9996404, calib_217T:0.9992296, A_cib_217:50.95739, xi_sz_cib:0.5462917, A_sz:5.945162, ksz_norm:3.297941, gal545_A_100:7.133572, gal545_A_143:7.71338, gal545_A_143_217:14.21606, gal545_A_217:88.91551, ps_A_100_100:233.6754, ps_A_143_143:47.12465, ps_A_143_217:47.907, ps_A_217_217:114.9369, galf_TE_A_100:0.1523663, galf_TE_A_100_143:0.1742461, galf_TE_A_100_217:0.2466795, galf_TE_A_143:0.2403657, galf_TE_A_143_217:0.509605, galf_TE_A_217:1.897594
[0 : mcmc] Initial point: logA:3.047417, ns:0.963498, theta_MC_100:1.040981, ombh2:0.02240601, omch2:0.1196247, w:-1.288688, wa:-2.094917, beta_DE:-0.2529208, tau:0.0542689, A_planck:1.002528, calib_100T:0.9998781, calib_217T:0.998572, A_cib_217:50.70583, xi_sz_cib:0.3204202, A_sz:2.103721, ksz_norm:4.236251, gal545_A_100:12.65466, gal545_A_143:11.45737, gal545_A_143_217:15.80596, gal545_A_217:87.93476, ps_A_100_100:303.4888, ps_A_143_143:47.25396, ps_A_143_217:32.73611, ps_A_217_217:112.0393, galf_TE_A_100:0.1410495, galf_TE_A_100_143:0.1072545, galf_TE_A_100_217:0.4336049, galf_TE_A_143:0.2290684, galf_TE_A_143_217:0.6059501, galf_TE_A_217:2.178284
[2 : mcmc] Initial point: logA:3.040122, ns:0.9644388, theta_MC_100:1.040303, ombh2:0.02243745, omch2:0.1196231, w:0.182208, wa:-2.553863, beta_DE:-1.646287, tau:0.05011161, A_planck:1.002936, calib_100T:0.9990234, calib_217T:0.9975861, A_cib_217:47.03808, xi_sz_cib:0.5605086, A_sz:6.250781, ksz_norm:3.072248, gal545_A_100:8.612422, gal545_A_143:8.606036, gal545_A_143_217:14.30179, gal545_A_217:86.4996, ps_A_100_100:251.192, ps_A_143_143:51.42673, ps_A_143_217:46.21686, ps_A_217_217:116.1066, galf_TE_A_100:0.1750072, galf_TE_A_100_143:0.1724925, galf_TE_A_100_217:0.4837396, galf_TE_A_143:0.3028759, galf_TE_A_143_217:0.6403033, galf_TE_A_217:2.094117
[0 : mcmc] *WARNING* Parameter blocking manually/previously fixed: speeds will not be measured.
[0 : mcmc] Dragging with number of interpolating steps:
[0 : mcmc] *  1 : (['theta_MC_100', 'ombh2', 'omch2', 'w', 'wa', 'beta_DE', 'tau'], ['logA', 'ns'])
[0 : mcmc] * 14 : (['A_planck'], ['calib_100T', 'calib_217T', 'A_cib_217', 'xi_sz_cib', 'A_sz', 'ksz_norm', 'gal545_A_100', 'gal545_A_143', 'gal545_A_143_217', 'gal545_A_217', 'ps_A_100_100', 'ps_A_143_143', 'ps_A_143_217', 'ps_A_217_217', 'galf_TE_A_100', 'galf_TE_A_100_143', 'galf_TE_A_100_217', 'galf_TE_A_143', 'galf_TE_A_143_217', 'galf_TE_A_217'])
[0 : mcmc] Covariance matrix from previous sample.
[0 : mcmc] Sampling!
[1 : mcmc] Progress @ 2024-12-28 18:29:38 : 1 steps taken, and 2462 accepted.
[3 : mcmc] Progress @ 2024-12-28 18:29:39 : 1 steps taken, and 2343 accepted.
[2 : mcmc] Progress @ 2024-12-28 18:29:48 : 1 steps taken, and 3041 accepted.
[0 : mcmc] Progress @ 2024-12-28 18:29:50 : 1 steps taken, and 3081 accepted.
[1 : mcmc] Progress @ 2024-12-28 18:30:39 : 58 steps taken, and 2484 accepted.
[3 : mcmc] Progress @ 2024-12-28 18:30:39 : 39 steps taken, and 2348 accepted.
[2 : mcmc] Progress @ 2024-12-28 18:30:49 : 10 steps taken, and 3046 accepted.
[0 : mcmc] Progress @ 2024-12-28 18:30:56 : 8 steps taken, and 3083 accepted.
[3 : mcmc] Progress @ 2024-12-28 18:31:40 : 85 steps taken, and 2365 accepted.
[1 : mcmc] Progress @ 2024-12-28 18:31:40 : 106 steps taken, and 2496 accepted.
[0 : mcmc] Progress @ 2024-12-28 18:32:03 : 20 steps taken, and 3089 accepted.
[2 : mcmc] Progress @ 2024-12-28 18:32:04 : 19 steps taken, and 3049 accepted.
[3 : mcmc] Progress @ 2024-12-28 18:32:40 : 121 steps taken, and 2380 accepted.
[1 : mcmc] Progress @ 2024-12-28 18:32:41 : 162 steps taken, and 2514 accepted.
[node087:6732 :0:6831] Caught signal 11 (Segmentation fault: address not mapped to object at address 0xfffffffc04ef9f08)
BFD: DWARF error: can't find .debug_ranges section.
BFD: DWARF error: can't find .debug_ranges section.
==== backtrace (tid:   6831) ====
 0 0x0000000000021563 ucs_debug_print_backtrace()  /dev/shm/UCX/1.8.0/GCCcore-9.3.0/ucx-1.8.0/src/ucs/debug/debug.c:653
 1 0x0000000000039f63 __massivenu_MOD_thermalnubackground_rho()  ???:0
 2 0x000000000003da49 __results_MOD_grho_no_de()  ???:0
 3 0x00000000000a5f01 dtauda_()  ???:0
 4 0x000000000004cfdc __results_MOD_thermo_init._omp_fn.0()  results.f90:0
 5 0x0000000000018f09 gomp_thread_start()  team.c:0
 6 0x0000000000007ea5 start_thread()  pthread_create.c:0
 7 0x00000000000feb0d __clone()  ???:0
=================================
[node087:06732] *** Process received signal ***
[node087:06732] Signal: Segmentation fault (11)
[node087:06732] Signal code:  (-6)
[node087:06732] Failing at address: 0x8cfb800001a4c
[node087:06732] [ 0] /lib64/libpthread.so.0(+0xf630)[0x7f8dcf04f630]
[node087:06732] [ 1] /users/smp24dhl/cosmo/code/CAMB_beta/camb/camblib.so(__massivenu_MOD_thermalnubackground_rho+0x63)[0x7f8d72136f63]
[node087:06732] [ 2] /users/smp24dhl/cosmo/code/CAMB_beta/camb/camblib.so(__results_MOD_grho_no_de+0xc9)[0x7f8d7213aa49]
[node087:06732] [ 3] /users/smp24dhl/cosmo/code/CAMB_beta/camb/camblib.so(dtauda_+0x61)[0x7f8d721a2f01]
[node087:06732] [ 4] /users/smp24dhl/cosmo/code/CAMB_beta/camb/camblib.so(+0x4cfdc)[0x7f8d72149fdc]
[node087:06732] [ 5] /users/smp24dhl/.conda/envs/cosmos/bin/../lib/libgomp.so.1(+0x18f09)[0x7f8d720d6f09]
[node087:06732] [ 6] /lib64/libpthread.so.0(+0x7ea5)[0x7f8dcf047ea5]
[node087:06732] [ 7] /lib64/libc.so.6(clone+0x6d)[0x7f8dce667b0d]
[node087:06732] *** End of error message ***
--------------------------------------------------------------------------
Primary job  terminated normally, but 1 process returned
a non-zero exit code. Per user-direction, the job has been aborted.
--------------------------------------------------------------------------
--------------------------------------------------------------------------
mpirun noticed that process rank 0 with PID 6732 on node node087 exited on signal 11 (Segmentation fault).
--------------------------------------------------------------------------
