[0 : output] Output to be read-from/written-into folder 'chains', with prefix 'act-full'
[0 : output] Found existing info files with the requested output prefix: 'chains/act-full'
[0 : output] Let's try to resume/load.
[0 : output] Found an old sample. Resuming.
[0 : camb] `camb` module loaded successfully from /users/smp24dhl/cosmo/code/CAMB_beta/camb
Loading ACT DR6 lensing likelihood v1.2...
Loading ACT DR6 lensing likelihood v1.2...
Loading ACT DR6 lensing likelihood v1.2...
Loading ACT DR6 lensing likelihood v1.2...
/users/smp24dhl/cosmo/code/act_dr6_lenslike/act_dr6_lenslike/act_dr6_lenslike.py:416: UserWarning: Hartlap correction to cinv: 0.949874686716792
  warnings.warn(f"Hartlap correction to cinv: {hartlap_correction}")
[2 : bao.desi_2024_bao_all] Initialized.
/users/smp24dhl/cosmo/code/act_dr6_lenslike/act_dr6_lenslike/act_dr6_lenslike.py:416: UserWarning: Hartlap correction to cinv: 0.949874686716792
  warnings.warn(f"Hartlap correction to cinv: {hartlap_correction}")
/users/smp24dhl/cosmo/code/act_dr6_lenslike/act_dr6_lenslike/act_dr6_lenslike.py:416: UserWarning: Hartlap correction to cinv: 0.949874686716792
  warnings.warn(f"Hartlap correction to cinv: {hartlap_correction}")
[3 : bao.desi_2024_bao_all] Initialized.
[1 : bao.desi_2024_bao_all] Initialized.
/users/smp24dhl/cosmo/code/act_dr6_lenslike/act_dr6_lenslike/act_dr6_lenslike.py:416: UserWarning: Hartlap correction to cinv: 0.949874686716792
  warnings.warn(f"Hartlap correction to cinv: {hartlap_correction}")
[0 : bao.desi_2024_bao_all] Initialized.
[0 : mcmc] Resuming from previous sample!
[1 : samplecollection] Loaded 2726 sample points from 'chains/act-full.2.txt'
[3 : samplecollection] Loaded 2817 sample points from 'chains/act-full.4.txt'
[2 : samplecollection] Loaded 3640 sample points from 'chains/act-full.3.txt'
[0 : samplecollection] Loaded 3537 sample points from 'chains/act-full.1.txt'
[1 : mcmc] Initial point: logA:3.034291, ns:1.005917, theta_MC_100:1.039109, ombh2:0.02124048, omch2:0.117028, w:-0.8784592, wa:-0.6047866, beta_DE:1.613411, tau:0.05455819
[0 : mcmc] Initial point: logA:3.055935, ns:1.000563, theta_MC_100:1.028116, ombh2:0.01990732, omch2:0.1071397, w:-0.8702231, wa:-0.3052944, beta_DE:-0.09002032, tau:0.05544733
[3 : mcmc] Initial point: logA:3.094206, ns:1.0311, theta_MC_100:1.036088, ombh2:0.0221277, omch2:0.1073574, w:-0.8971729, wa:-0.121326, beta_DE:0.8488378, tau:0.07838587
[2 : mcmc] Initial point: logA:3.045033, ns:1.00816, theta_MC_100:1.044774, ombh2:0.02441166, omch2:0.1182865, w:-0.7893206, wa:-0.6301307, beta_DE:2.611406, tau:0.05184199
[0 : mcmc] *WARNING* Parameter blocking manually/previously fixed: speeds will not be measured.
[0 : mcmc] *WARNING* Dragging disabled: speed ratios < 2.
[0 : mcmc] Covariance matrix from previous sample.
[0 : mcmc] Sampling!
[3 : mcmc] Progress @ 2025-01-02 16:21:13 : 1 steps taken, and 2817 accepted.
[2 : mcmc] Progress @ 2025-01-02 16:21:13 : 1 steps taken, and 3640 accepted.
[1 : mcmc] Progress @ 2025-01-02 16:21:13 : 1 steps taken, and 2726 accepted.
[0 : mcmc] Progress @ 2025-01-02 16:21:13 : 1 steps taken, and 3537 accepted.
[3 : mcmc] Progress @ 2025-01-02 16:22:13 : 36 steps taken, and 2829 accepted.
[2 : mcmc] Progress @ 2025-01-02 16:22:13 : 49 steps taken, and 3653 accepted.
[1 : mcmc] Progress @ 2025-01-02 16:22:13 : 32 steps taken, and 2734 accepted.
[0 : mcmc] Progress @ 2025-01-02 16:22:13 : 35 steps taken, and 3545 accepted.
[2 : mcmc] Progress @ 2025-01-02 16:23:13 : 93 steps taken, and 3665 accepted.
[1 : mcmc] Progress @ 2025-01-02 16:23:14 : 68 steps taken, and 2743 accepted.
[3 : mcmc] Progress @ 2025-01-02 16:23:15 : 71 steps taken, and 2836 accepted.
[0 : mcmc] Progress @ 2025-01-02 16:23:16 : 68 steps taken, and 3551 accepted.
[2 : mcmc] Progress @ 2025-01-02 16:24:15 : 130 steps taken, and 3675 accepted.
[1 : mcmc] Progress @ 2025-01-02 16:24:15 : 106 steps taken, and 2752 accepted.
[3 : mcmc] Progress @ 2025-01-02 16:24:16 : 104 steps taken, and 2843 accepted.
[0 : mcmc] Progress @ 2025-01-02 16:24:16 : 101 steps taken, and 3563 accepted.
[1 : mcmc] Progress @ 2025-01-02 16:25:16 : 143 steps taken, and 2763 accepted.
[2 : mcmc] Progress @ 2025-01-02 16:25:16 : 170 steps taken, and 3681 accepted.
[3 : mcmc] Progress @ 2025-01-02 16:25:17 : 143 steps taken, and 2851 accepted.
[0 : mcmc] Progress @ 2025-01-02 16:25:17 : 129 steps taken, and 3571 accepted.
[1 : mcmc] Progress @ 2025-01-02 16:26:16 : 190 steps taken, and 2775 accepted.
[2 : mcmc] Progress @ 2025-01-02 16:26:17 : 205 steps taken, and 3689 accepted.
[3 : mcmc] Progress @ 2025-01-02 16:26:17 : 179 steps taken, and 2859 accepted.
[0 : mcmc] Progress @ 2025-01-02 16:26:18 : 176 steps taken, and 3579 accepted.
[1 : mcmc] Progress @ 2025-01-02 16:27:17 : 229 steps taken, and 2785 accepted.
[2 : mcmc] Progress @ 2025-01-02 16:27:17 : 235 steps taken, and 3697 accepted.
[0 : mcmc] Progress @ 2025-01-02 16:27:18 : 212 steps taken, and 3584 accepted.
[3 : mcmc] Progress @ 2025-01-02 16:27:19 : 224 steps taken, and 2867 accepted.
[1 : mcmc] Progress @ 2025-01-02 16:28:18 : 262 steps taken, and 2789 accepted.
[0 : mcmc] Progress @ 2025-01-02 16:28:19 : 241 steps taken, and 3591 accepted.
[2 : mcmc] Progress @ 2025-01-02 16:28:19 : 267 steps taken, and 3707 accepted.
[3 : mcmc] Progress @ 2025-01-02 16:28:20 : 256 steps taken, and 2870 accepted.
[1 : mcmc] Progress @ 2025-01-02 16:29:19 : 298 steps taken, and 2798 accepted.
[0 : mcmc] Progress @ 2025-01-02 16:29:20 : 271 steps taken, and 3600 accepted.
[0 : mcmc] Learn + convergence test @ 3600 samples accepted.
[0 : mcmc] Ready to check convergence and learn a new proposal covmat (waiting for the rest...)
[2 : mcmc] Progress @ 2025-01-02 16:29:21 : 301 steps taken, and 3715 accepted.
[3 : mcmc] Progress @ 2025-01-02 16:29:22 : 288 steps taken, and 2878 accepted.
 Warning: Integrate_Romberg failed to converge; 
 integral, error, tol:   12847.288778609265       -1.0931965599425553E-007   1.0000000000000001E-007
[3 : mcmc] Learn + convergence test @ 2880 samples accepted.
[3 : mcmc] Ready to check convergence and learn a new proposal covmat (waiting for the rest...)
[0 : mcmc] Progress @ 2025-01-02 16:30:21 : 303 steps taken, and 3608 accepted.
[3 : mcmc] Progress @ 2025-01-02 16:30:22 : 321 steps taken, and 2884 accepted.
[2 : mcmc] Progress @ 2025-01-02 16:30:22 : 342 steps taken, and 3720 accepted.
[1 : mcmc] Progress @ 2025-01-02 16:30:55 : 314 steps taken, and 2800 accepted.
[2 : mcmc] Progress @ 2025-01-02 16:31:22 : 379 steps taken, and 3724 accepted.
[3 : mcmc] Progress @ 2025-01-02 16:31:22 : 358 steps taken, and 2890 accepted.
[0 : mcmc] Progress @ 2025-01-02 16:31:22 : 336 steps taken, and 3612 accepted.
 Warning: Integrate_Romberg failed to converge; 
 integral, error, tol:   13546.864303844201       -3.1062733274467291E-007   1.0000000000000001E-007
[1 : mcmc] Progress @ 2025-01-02 16:31:55 : 345 steps taken, and 2803 accepted.
[3 : mcmc] Progress @ 2025-01-02 16:32:22 : 395 steps taken, and 2895 accepted.
[0 : mcmc] Progress @ 2025-01-02 16:32:23 : 374 steps taken, and 3619 accepted.
[2 : mcmc] Progress @ 2025-01-02 16:32:24 : 411 steps taken, and 3733 accepted.
[1 : mcmc] Progress @ 2025-01-02 16:32:58 : 378 steps taken, and 2809 accepted.
[3 : mcmc] Progress @ 2025-01-02 16:33:23 : 427 steps taken, and 2899 accepted.
[0 : mcmc] Progress @ 2025-01-02 16:33:23 : 410 steps taken, and 3629 accepted.
 Warning: Integrate_Romberg failed to converge; 
 integral, error, tol:   12722.259914089609       -3.6953868898237374E-007   1.0000000000000001E-007
[2 : mcmc] Progress @ 2025-01-02 16:33:25 : 447 steps taken, and 3738 accepted.
 Warning: Integrate_Romberg failed to converge; 
 integral, error, tol:   22189.250767409161        1.3943201082611267E-007   1.0000000000000001E-007
 Warning: Integrate_Romberg failed to converge; 
 integral, error, tol:   13400.022660028517       -2.3809841676047938E-007   1.0000000000000001E-007
[1 : mcmc] Progress @ 2025-01-02 16:33:58 : 411 steps taken, and 2818 accepted.
[3 : mcmc] Progress @ 2025-01-02 16:34:24 : 461 steps taken, and 2906 accepted.
[0 : mcmc] Progress @ 2025-01-02 16:34:24 : 442 steps taken, and 3637 accepted.
[2 : mcmc] Progress @ 2025-01-02 16:34:25 : 478 steps taken, and 3740 accepted.
[1 : mcmc] Progress @ 2025-01-02 16:34:59 : 449 steps taken, and 2825 accepted.
[0 : mcmc] Progress @ 2025-01-02 16:35:25 : 478 steps taken, and 3647 accepted.
[3 : mcmc] Progress @ 2025-01-02 16:35:25 : 495 steps taken, and 2914 accepted.
[2 : mcmc] Progress @ 2025-01-02 16:35:26 : 536 steps taken, and 3746 accepted.
[1 : mcmc] Progress @ 2025-01-02 16:36:00 : 484 steps taken, and 2835 accepted.
[3 : mcmc] Progress @ 2025-01-02 16:36:25 : 526 steps taken, and 2919 accepted.
[0 : mcmc] Progress @ 2025-01-02 16:36:26 : 512 steps taken, and 3655 accepted.
[2 : mcmc] Progress @ 2025-01-02 16:36:28 : 572 steps taken, and 3756 accepted.
[1 : mcmc] Progress @ 2025-01-02 16:37:00 : 517 steps taken, and 2844 accepted.
[3 : mcmc] Progress @ 2025-01-02 16:37:26 : 566 steps taken, and 2926 accepted.
[0 : mcmc] Progress @ 2025-01-02 16:37:27 : 541 steps taken, and 3659 accepted.
[2 : mcmc] Progress @ 2025-01-02 16:37:30 : 601 steps taken, and 3765 accepted.
[1 : mcmc] Progress @ 2025-01-02 16:38:01 : 551 steps taken, and 2850 accepted.
[3 : mcmc] Progress @ 2025-01-02 16:38:26 : 606 steps taken, and 2936 accepted.
[0 : mcmc] Progress @ 2025-01-02 16:38:28 : 570 steps taken, and 3668 accepted.
[2 : mcmc] Progress @ 2025-01-02 16:38:31 : 636 steps taken, and 3775 accepted.
[1 : mcmc] Progress @ 2025-01-02 16:39:03 : 584 steps taken, and 2853 accepted.
[3 : mcmc] Progress @ 2025-01-02 16:39:28 : 645 steps taken, and 2948 accepted.
[0 : mcmc] Progress @ 2025-01-02 16:39:30 : 606 steps taken, and 3678 accepted.
[2 : mcmc] Progress @ 2025-01-02 16:39:32 : 674 steps taken, and 3785 accepted.
[1 : mcmc] Progress @ 2025-01-02 16:40:03 : 627 steps taken, and 2862 accepted.
[3 : mcmc] Progress @ 2025-01-02 16:40:28 : 683 steps taken, and 2959 accepted.
[0 : mcmc] Progress @ 2025-01-02 16:40:32 : 639 steps taken, and 3684 accepted.
[2 : mcmc] Progress @ 2025-01-02 16:40:34 : 711 steps taken, and 3795 accepted.
[1 : mcmc] Progress @ 2025-01-02 16:41:04 : 665 steps taken, and 2870 accepted.
[3 : mcmc] Progress @ 2025-01-02 16:41:28 : 723 steps taken, and 2966 accepted.
[0 : mcmc] Progress @ 2025-01-02 16:41:34 : 671 steps taken, and 3688 accepted.
[2 : mcmc] Progress @ 2025-01-02 16:41:34 : 745 steps taken, and 3804 accepted.
[1 : mcmc] Progress @ 2025-01-02 16:42:05 : 701 steps taken, and 2879 accepted.
[1 : mcmc] Learn + convergence test @ 2880 samples accepted.
[1 : mcmc] Ready to check convergence and learn a new proposal covmat (waiting for the rest...)
[3 : mcmc] Progress @ 2025-01-02 16:42:29 : 766 steps taken, and 2971 accepted.
[0 : mcmc] Progress @ 2025-01-02 16:42:35 : 709 steps taken, and 3697 accepted.
[2 : mcmc] Progress @ 2025-01-02 16:42:36 : 781 steps taken, and 3811 accepted.
 Warning: Integrate_Romberg failed to converge; 
 integral, error, tol:   16752.811327320796        1.9985394295041203E-007   1.0000000000000001E-007
 Warning: Integrate_Romberg failed to converge; 
 integral, error, tol:   11967.412622314518       -2.1412322759317703E-007   1.0000000000000001E-007
[1 : mcmc] Progress @ 2025-01-02 16:43:06 : 733 steps taken, and 2886 accepted.
[3 : mcmc] Progress @ 2025-01-02 16:43:29 : 794 steps taken, and 2979 accepted.
[0 : mcmc] Progress @ 2025-01-02 16:43:35 : 750 steps taken, and 3704 accepted.
[2 : mcmc] Progress @ 2025-01-02 16:43:37 : 833 steps taken, and 3816 accepted.
[1 : mcmc] Progress @ 2025-01-02 16:44:08 : 770 steps taken, and 2898 accepted.
[3 : mcmc] Progress @ 2025-01-02 16:44:30 : 829 steps taken, and 2984 accepted.
[0 : mcmc] Progress @ 2025-01-02 16:44:36 : 779 steps taken, and 3712 accepted.
[2 : mcmc] Progress @ 2025-01-02 16:44:37 : 877 steps taken, and 3824 accepted.
[1 : mcmc] Progress @ 2025-01-02 16:45:09 : 811 steps taken, and 2907 accepted.
[node069:12862:0:12994] Caught signal 11 (Segmentation fault: address not mapped to object at address 0xfffffffc03b8c068)
BFD: DWARF error: can't find .debug_ranges section.
BFD: DWARF error: can't find .debug_ranges section.
==== backtrace (tid:  12994) ====
 0 0x0000000000021563 ucs_debug_print_backtrace()  /dev/shm/UCX/1.8.0/GCCcore-9.3.0/ucx-1.8.0/src/ucs/debug/debug.c:653
 1 0x0000000000039f63 __massivenu_MOD_thermalnubackground_rho()  ???:0
 2 0x000000000003da49 __results_MOD_grho_no_de()  ???:0
 3 0x00000000000a5f01 dtauda_()  ???:0
 4 0x000000000004cfdc __results_MOD_thermo_init._omp_fn.0()  results.f90:0
 5 0x0000000000018f09 gomp_thread_start()  team.c:0
 6 0x0000000000007ea5 start_thread()  pthread_create.c:0
 7 0x00000000000feb0d __clone()  ???:0
=================================
[node069:12862] *** Process received signal ***
[node069:12862] Signal: Segmentation fault (11)
[node069:12862] Signal code:  (-6)
[node069:12862] Failing at address: 0x8cfb80000323e
[node069:12862] [ 0] /lib64/libpthread.so.0(+0xf630)[0x7f79ce66f630]
[node069:12862] [ 1] /users/smp24dhl/cosmo/code/CAMB_beta/camb/camblib.so(__massivenu_MOD_thermalnubackground_rho+0x63)[0x7f7971c02f63]
[node069:12862] [ 2] /users/smp24dhl/cosmo/code/CAMB_beta/camb/camblib.so(__results_MOD_grho_no_de+0xc9)[0x7f7971c06a49]
[node069:12862] [ 3] /users/smp24dhl/cosmo/code/CAMB_beta/camb/camblib.so(dtauda_+0x61)[0x7f7971c6ef01]
[node069:12862] [ 4] /users/smp24dhl/cosmo/code/CAMB_beta/camb/camblib.so(+0x4cfdc)[0x7f7971c15fdc]
[node069:12862] [ 5] /users/smp24dhl/.conda/envs/cosmos/bin/../lib/libgomp.so.1(+0x18f09)[0x7f7971ba2f09]
[node069:12862] [ 6] /lib64/libpthread.so.0(+0x7ea5)[0x7f79ce667ea5]
[node069:12862] [ 7] /lib64/libc.so.6(clone+0x6d)[0x7f79cdc87b0d]
[node069:12862] *** End of error message ***
--------------------------------------------------------------------------
Primary job  terminated normally, but 1 process returned
a non-zero exit code. Per user-direction, the job has been aborted.
--------------------------------------------------------------------------
--------------------------------------------------------------------------
mpirun noticed that process rank 3 with PID 12862 on node node069 exited on signal 11 (Segmentation fault).
--------------------------------------------------------------------------
