[0 : output] Output to be read-from/written-into folder 'chains', with prefix 'act-full'
[0 : output] Found existing info files with the requested output prefix: 'chains/act-full'
[0 : output] Let's try to resume/load.
[0 : output] Found an old sample. Resuming.
[0 : prior] *WARNING* External prior 'SZ' loaded. Mind that it might not be normalized!

libgomp: 
libgomp: Invalid value for environment variable OMP_NUM_THREADS: 

libgomp: 
libgomp: Invalid value for environment variable OMP_NUM_THREADS: 
Invalid value for environment variable OMP_NUM_THREADS: 
Invalid value for environment variable OMP_NUM_THREADS: 
[0 : camb] `camb` module loaded successfully from /users/smp24dhl/cosmo/code/CAMB_beta/camb
[0 : planck_2018_highl_plik.ttteee] `clik` module loaded successfully from /users/smp24dhl/cosmo/code/planck/clik/lib/python3.9/site-packages/clik
----
clik version clik_16.0b1-2-g63c889f3aa9c MAKEFILE
  smica
----
clik version clik_16.0b1-2-g63c889f3aa9c MAKEFILE
  smica
----
clik version clik_16.0b1-2-g63c889f3aa9c MAKEFILE
  smica
----
clik version clik_16.0b1-2-g63c889f3aa9c MAKEFILE
  smica
Checking likelihood '/users/smp24dhl/cosmo/data/planck_2018/baseline/plc_3.0/hi_l/plik/plik_rd12_HM_v22b_TTTEEE.clik' on test data. got -1172.47 expected -1172.47 (diff -4.34056e-07)
----
Loading ACT DR6 lensing likelihood v1.2...
Checking likelihood '/users/smp24dhl/cosmo/data/planck_2018/baseline/plc_3.0/hi_l/plik/plik_rd12_HM_v22b_TTTEEE.clik' on test data. got -1172.47 expected -1172.47 (diff -4.34056e-07)
----
Loading ACT DR6 lensing likelihood v1.2...
Checking likelihood '/users/smp24dhl/cosmo/data/planck_2018/baseline/plc_3.0/hi_l/plik/plik_rd12_HM_v22b_TTTEEE.clik' on test data. got -1172.47 expected -1172.47 (diff -4.34056e-07)
----
Loading ACT DR6 lensing likelihood v1.2...
Checking likelihood '/users/smp24dhl/cosmo/data/planck_2018/baseline/plc_3.0/hi_l/plik/plik_rd12_HM_v22b_TTTEEE.clik' on test data. got -1172.47 expected -1172.47 (diff -4.34057e-07)
----
Loading ACT DR6 lensing likelihood v1.2...
/users/smp24dhl/cosmo/code/act_dr6_lenslike/act_dr6_lenslike/act_dr6_lenslike.py:416: UserWarning: Hartlap correction to cinv: 0.949874686716792
  warnings.warn(f"Hartlap correction to cinv: {hartlap_correction}")
[2 : bao.desi_2024_bao_all] Initialized.
/users/smp24dhl/cosmo/code/act_dr6_lenslike/act_dr6_lenslike/act_dr6_lenslike.py:416: UserWarning: Hartlap correction to cinv: 0.949874686716792
  warnings.warn(f"Hartlap correction to cinv: {hartlap_correction}")
[3 : bao.desi_2024_bao_all] Initialized.
/users/smp24dhl/cosmo/code/act_dr6_lenslike/act_dr6_lenslike/act_dr6_lenslike.py:416: UserWarning: Hartlap correction to cinv: 0.949874686716792
  warnings.warn(f"Hartlap correction to cinv: {hartlap_correction}")
[0 : bao.desi_2024_bao_all] Initialized.
/users/smp24dhl/cosmo/code/act_dr6_lenslike/act_dr6_lenslike/act_dr6_lenslike.py:416: UserWarning: Hartlap correction to cinv: 0.949874686716792
  warnings.warn(f"Hartlap correction to cinv: {hartlap_correction}")
[1 : bao.desi_2024_bao_all] Initialized.
[0 : mcmc] Resuming from previous sample!
[0 : samplecollection] Loaded 3294 sample points from 'chains/act-full.1.txt'
[2 : samplecollection] Loaded 3401 sample points from 'chains/act-full.3.txt'
[3 : samplecollection] Loaded 3535 sample points from 'chains/act-full.4.txt'
[1 : samplecollection] Loaded 3434 sample points from 'chains/act-full.2.txt'
[3 : mcmc] Initial point: logA:3.061135, ns:0.9641848, theta_MC_100:1.040633, ombh2:0.02248104, omch2:0.1205646, w:-0.7613793, wa:-0.8410479, beta_DE:0.07323873, tau:0.06450037, A_planck:0.9978532, calib_100T:1.000417, calib_217T:0.9983139, A_cib_217:45.09394, xi_sz_cib:0.8463452, A_sz:0.1335604, ksz_norm:5.055953, gal545_A_100:7.858655, gal545_A_143:12.71005, gal545_A_143_217:19.4992, gal545_A_217:96.99817, ps_A_100_100:352.2498, ps_A_143_143:48.9355, ps_A_143_217:28.47465, ps_A_217_217:110.329, galf_TE_A_100:0.09821812, galf_TE_A_100_143:0.1773651, galf_TE_A_100_217:0.4583732, galf_TE_A_143:0.2920712, galf_TE_A_143_217:0.6130856, galf_TE_A_217:1.778059
[2 : mcmc] Initial point: logA:3.054407, ns:0.9675918, theta_MC_100:1.041315, ombh2:0.02247468, omch2:0.1176497, w:-0.8371972, wa:-0.4867791, beta_DE:-0.07175582, tau:0.05812622, A_planck:1.003597, calib_100T:0.9992127, calib_217T:0.9988797, A_cib_217:44.7037, xi_sz_cib:0.6778757, A_sz:4.243973, ksz_norm:1.770918, gal545_A_100:9.518636, gal545_A_143:7.010122, gal545_A_143_217:18.81264, gal545_A_217:96.04302, ps_A_100_100:228.8333, ps_A_143_143:58.46463, ps_A_143_217:46.19329, ps_A_217_217:121.9184, galf_TE_A_100:0.1220029, galf_TE_A_100_143:0.1631983, galf_TE_A_100_217:0.3754034, galf_TE_A_143:0.2990155, galf_TE_A_143_217:0.6912639, galf_TE_A_217:2.088776
[1 : mcmc] Initial point: logA:3.05062, ns:0.9690259, theta_MC_100:1.040768, ombh2:0.02247067, omch2:0.1184691, w:-0.7722951, wa:-0.6808583, beta_DE:0.5477863, tau:0.06179127, A_planck:1.000531, calib_100T:0.9985077, calib_217T:0.9991336, A_cib_217:52.00077, xi_sz_cib:0.3752696, A_sz:8.730906, ksz_norm:1.812544, gal545_A_100:11.13294, gal545_A_143:13.49251, gal545_A_143_217:23.6596, gal545_A_217:99.24327, ps_A_100_100:245.9318, ps_A_143_143:43.74735, ps_A_143_217:45.24448, ps_A_217_217:111.3413, galf_TE_A_100:0.09181636, galf_TE_A_100_143:0.100609, galf_TE_A_100_217:0.4159844, galf_TE_A_143:0.1896552, galf_TE_A_143_217:0.6201087, galf_TE_A_217:1.963038
[0 : mcmc] Initial point: logA:3.052268, ns:0.9650437, theta_MC_100:1.041097, ombh2:0.02250483, omch2:0.1213733, w:-0.8296766, wa:-1.122501, beta_DE:2.629227, tau:0.05858838, A_planck:0.9980824, calib_100T:1.000116, calib_217T:0.9969787, A_cib_217:39.64797, xi_sz_cib:0.9415554, A_sz:6.566622, ksz_norm:0.295713, gal545_A_100:8.890496, gal545_A_143:12.32933, gal545_A_143_217:25.16432, gal545_A_217:109.6571, ps_A_100_100:253.7182, ps_A_143_143:65.17142, ps_A_143_217:62.58667, ps_A_217_217:121.7247, galf_TE_A_100:0.1546864, galf_TE_A_100_143:0.08919101, galf_TE_A_100_217:0.3166432, galf_TE_A_143:0.07456868, galf_TE_A_143_217:0.7562636, galf_TE_A_217:2.597125
[0 : mcmc] *WARNING* Parameter blocking manually/previously fixed: speeds will not be measured.
[0 : mcmc] Dragging with number of interpolating steps:
[0 : mcmc] *  1 : (['theta_MC_100', 'ombh2', 'omch2', 'w', 'wa', 'beta_DE', 'tau'], ['logA', 'ns'])
[0 : mcmc] * 12 : (['A_planck'], ['calib_100T', 'calib_217T', 'A_cib_217', 'xi_sz_cib', 'A_sz', 'ksz_norm', 'gal545_A_100', 'gal545_A_143', 'gal545_A_143_217', 'gal545_A_217', 'ps_A_100_100', 'ps_A_143_143', 'ps_A_143_217', 'ps_A_217_217', 'galf_TE_A_100', 'galf_TE_A_100_143', 'galf_TE_A_100_217', 'galf_TE_A_143', 'galf_TE_A_143_217', 'galf_TE_A_217'])
[0 : mcmc] Covariance matrix from previous sample.
[0 : mcmc] Sampling!
[3 : mcmc] Progress @ 2025-02-05 14:46:45 : 1 steps taken, and 3535 accepted.
[node139:5645 :0:6946] Caught signal 11 (Segmentation fault: address not mapped to object at address 0xfffffffc0432a238)
BFD: DWARF error: can't find .debug_ranges section.
BFD: DWARF error: can't find .debug_ranges section.
==== backtrace (tid:   6946) ====
 0 0x0000000000021563 ucs_debug_print_backtrace()  /dev/shm/UCX/1.8.0/GCCcore-9.3.0/ucx-1.8.0/src/ucs/debug/debug.c:653
 1 0x0000000000039f63 __massivenu_MOD_thermalnubackground_rho()  ???:0
 2 0x000000000003da49 __results_MOD_grho_no_de()  ???:0
 3 0x00000000000a5f01 dtauda_()  ???:0
 4 0x000000000004cfdc __results_MOD_thermo_init._omp_fn.0()  results.f90:0
 5 0x0000000000018f09 gomp_thread_start()  team.c:0
 6 0x0000000000007ea5 start_thread()  pthread_create.c:0
 7 0x00000000000feb0d __clone()  ???:0
=================================
[node139:05645] *** Process received signal ***
[node139:05645] Signal: Segmentation fault (11)
[node139:05645] Signal code:  (-6)
[node139:05645] Failing at address: 0x8cfb80000160d
[node139:05645] [ 0] /lib64/libpthread.so.0(+0xf630)[0x7fbb7e698630]
[node139:05645] [ 1] /users/smp24dhl/cosmo/code/CAMB_beta/camb/camblib.so(__massivenu_MOD_thermalnubackground_rho+0x63)[0x7fbb43b7ef63]
[node139:05645] [ 2] /users/smp24dhl/cosmo/code/CAMB_beta/camb/camblib.so(__results_MOD_grho_no_de+0xc9)[0x7fbb43b82a49]
[node139:05645] [ 3] /users/smp24dhl/cosmo/code/CAMB_beta/camb/camblib.so(dtauda_+0x61)[0x7fbb43beaf01]
[node139:05645] [ 4] /users/smp24dhl/cosmo/code/CAMB_beta/camb/camblib.so(+0x4cfdc)[0x7fbb43b91fdc]
[node139:05645] [ 5] /users/smp24dhl/.conda/envs/cosmos/bin/../lib/libgomp.so.1(+0x18f09)[0x7fbb43b1ef09]
[node139:05645] [ 6] /lib64/libpthread.so.0(+0x7ea5)[0x7fbb7e690ea5]
[node139:05645] [ 7] /lib64/libc.so.6(clone+0x6d)[0x7fbb7dcb0b0d]
[node139:05645] *** End of error message ***
[0 : mcmc] Progress @ 2025-02-05 14:46:46 : 1 steps taken, and 3294 accepted.
--------------------------------------------------------------------------
Primary job  terminated normally, but 1 process returned
a non-zero exit code. Per user-direction, the job has been aborted.
--------------------------------------------------------------------------
--------------------------------------------------------------------------
mpirun noticed that process rank 3 with PID 5645 on node node139 exited on signal 11 (Segmentation fault).
--------------------------------------------------------------------------
