[0 : output] Output to be read-from/written-into folder 'chains', with prefix 'ACTWMAPSDSS'
[0 : output] Found existing info files with the requested output prefix: 'chains/ACTWMAPSDSS'
[0 : output] Let's try to resume/load.
[0 : output] Found an old sample. Resuming.

libgomp: Invalid value for environment variable OMP_NUM_THREADS: 
libgomp: Invalid value for environment variable OMP_NUM_THREADS: 

libgomp: Invalid value for environment variable OMP_NUM_THREADS: 


libgomp: Invalid value for environment variable OMP_NUM_THREADS: 
[0 : camb] `camb` module loaded successfully from /users/smp24dhl/cosmo/code/CAMB_beta/camb
Loading ACT DR6 lensing likelihood v1.2...
/users/smp24dhl/cosmo/code/act_dr6_lenslike/act_dr6_lenslike/act_dr6_lenslike.py:416: UserWarning: Hartlap correction to cinv: 0.9860935524652339
  warnings.warn(f"Hartlap correction to cinv: {hartlap_correction}")
[1 : wmaplike.wmaplike] Loaded SZ.
[1 : wmaplike.wmaplike] First evaluation: Calculating largest term...
Loading ACT DR6 lensing likelihood v1.2...
/users/smp24dhl/cosmo/code/act_dr6_lenslike/act_dr6_lenslike/act_dr6_lenslike.py:416: UserWarning: Hartlap correction to cinv: 0.9860935524652339
  warnings.warn(f"Hartlap correction to cinv: {hartlap_correction}")
[3 : wmaplike.wmaplike] Loaded SZ.
[3 : wmaplike.wmaplike] First evaluation: Calculating largest term...
Loading ACT DR6 lensing likelihood v1.2...
/users/smp24dhl/cosmo/code/act_dr6_lenslike/act_dr6_lenslike/act_dr6_lenslike.py:416: UserWarning: Hartlap correction to cinv: 0.9860935524652339
  warnings.warn(f"Hartlap correction to cinv: {hartlap_correction}")
[0 : wmaplike.wmaplike] Loaded SZ.
[0 : wmaplike.wmaplike] First evaluation: Calculating largest term...
[3 : wmaplike.wmaplike] Done finding largest term [-759.901].
[1 : wmaplike.wmaplike] Done finding largest term [-759.901].
Loading ACT DR6 lensing likelihood v1.2...
/users/smp24dhl/cosmo/code/act_dr6_lenslike/act_dr6_lenslike/act_dr6_lenslike.py:416: UserWarning: Hartlap correction to cinv: 0.9860935524652339
  warnings.warn(f"Hartlap correction to cinv: {hartlap_correction}")
[2 : wmaplike.wmaplike] Loaded SZ.
[2 : wmaplike.wmaplike] First evaluation: Calculating largest term...
[3 : wmaplike.wmaplike] Initialized TT gibbs.
[1 : wmaplike.wmaplike] Initialized TT gibbs.
[3 : wmaplike.wmaplike] Initialized high-l TT/TE.
[0 : wmaplike.wmaplike] Done finding largest term [-759.901].
[3 : bao.sdss_dr16_baoplus_lrg] Initialized.
[2 : wmaplike.wmaplike] Done finding largest term [-759.901].
[1 : wmaplike.wmaplike] Initialized high-l TT/TE.
[1 : bao.sdss_dr16_baoplus_lrg] Initialized.
[0 : wmaplike.wmaplike] Initialized TT gibbs.
[2 : wmaplike.wmaplike] Initialized TT gibbs.
[0 : wmaplike.wmaplike] Initialized high-l TT/TE.
[0 : bao.sdss_dr16_baoplus_lrg] Initialized.
[2 : wmaplike.wmaplike] Initialized high-l TT/TE.
[2 : bao.sdss_dr16_baoplus_lrg] Initialized.
[3 : bao.sdss_dr16_baoplus_qso] Initialized.
[1 : bao.sdss_dr16_baoplus_qso] Initialized.
[0 : bao.sdss_dr16_baoplus_qso] Initialized.
[0 : mcmc] Resuming from previous sample!
[2 : bao.sdss_dr16_baoplus_qso] Initialized.
[2 : samplecollection] Loaded 36 sample points from 'chains/ACTWMAPSDSS.3.txt'
[0 : samplecollection] Loaded 27 sample points from 'chains/ACTWMAPSDSS.1.txt'
[3 : samplecollection] Loaded 33 sample points from 'chains/ACTWMAPSDSS.4.txt'
[1 : samplecollection] Loaded 63 sample points from 'chains/ACTWMAPSDSS.2.txt'
[3 : mcmc] Initial point: yp2:0.999369, logA:3.056565, ns:0.9816477, theta_MC_100:1.043044, ombh2:0.02285181, omch2:0.1167405, w:-0.9606275, wa:-0.05694126, beta_DE:0.7287364, tau:0.05967937
[2 : mcmc] Initial point: yp2:1.001376, logA:3.077067, ns:0.9757493, theta_MC_100:1.04211, ombh2:0.02222567, omch2:0.1190702, w:-0.5456055, wa:-0.8967135, beta_DE:-0.149715, tau:0.06632201
[0 : mcmc] Initial point: yp2:0.9944816, logA:3.019469, ns:0.9672886, theta_MC_100:1.041461, ombh2:0.02238141, omch2:0.1207595, w:-0.5740196, wa:-1.881936, beta_DE:2.252988, tau:0.03680856
[1 : mcmc] Initial point: yp2:1.007381, logA:3.065635, ns:0.9725344, theta_MC_100:1.040793, ombh2:0.02235037, omch2:0.1200007, w:-0.7334029, wa:-1.162238, beta_DE:1.921842, tau:0.06193864
[0 : mcmc] *WARNING* Parameter blocking manually/previously fixed: speeds will not be measured.
[0 : mcmc] Dragging with number of interpolating steps:
[0 : mcmc] * 1 : (['theta_MC_100', 'ombh2', 'omch2', 'w', 'wa', 'beta_DE', 'tau'], ['logA', 'ns'])
[0 : mcmc] * 3 : (['yp2'],)
[0 : mcmc] Covariance matrix from previous sample.
[0 : mcmc] Sampling!
/users/smp24dhl/cosmo/code/pyWMAP/wmaplike/wmap.py:654: RuntimeWarning: invalid value encountered in divide
  fisher = -self.r_off_tttt / np.sqrt(TTTT * TTTT[..., np.newaxis]) + \
/users/smp24dhl/cosmo/code/pyWMAP/wmaplike/wmap.py:655: RuntimeWarning: invalid value encountered in divide
  self.epsilon / (TTTT * TTTT[..., np.newaxis])
/users/smp24dhl/cosmo/code/pyWMAP/wmaplike/wmap.py:749: RuntimeWarning: invalid value encountered in divide
  fisher = -self.r_off_tete / np.sqrt(TETE * TETE[..., np.newaxis])
/users/smp24dhl/cosmo/code/pyWMAP/wmaplike/wmap.py:654: RuntimeWarning: invalid value encountered in divide
  fisher = -self.r_off_tttt / np.sqrt(TTTT * TTTT[..., np.newaxis]) + \
/users/smp24dhl/cosmo/code/pyWMAP/wmaplike/wmap.py:655: RuntimeWarning: invalid value encountered in divide
  self.epsilon / (TTTT * TTTT[..., np.newaxis])
/users/smp24dhl/cosmo/code/pyWMAP/wmaplike/wmap.py:749: RuntimeWarning: invalid value encountered in divide
  fisher = -self.r_off_tete / np.sqrt(TETE * TETE[..., np.newaxis])
/users/smp24dhl/cosmo/code/pyWMAP/wmaplike/wmap.py:654: RuntimeWarning: invalid value encountered in divide
  fisher = -self.r_off_tttt / np.sqrt(TTTT * TTTT[..., np.newaxis]) + \
/users/smp24dhl/cosmo/code/pyWMAP/wmaplike/wmap.py:655: RuntimeWarning: invalid value encountered in divide
  self.epsilon / (TTTT * TTTT[..., np.newaxis])
/users/smp24dhl/cosmo/code/pyWMAP/wmaplike/wmap.py:654: RuntimeWarning: invalid value encountered in divide
  fisher = -self.r_off_tttt / np.sqrt(TTTT * TTTT[..., np.newaxis]) + \
/users/smp24dhl/cosmo/code/pyWMAP/wmaplike/wmap.py:655: RuntimeWarning: invalid value encountered in divide
  self.epsilon / (TTTT * TTTT[..., np.newaxis])
/users/smp24dhl/cosmo/code/pyWMAP/wmaplike/wmap.py:749: RuntimeWarning: invalid value encountered in divide
  fisher = -self.r_off_tete / np.sqrt(TETE * TETE[..., np.newaxis])
/users/smp24dhl/cosmo/code/pyWMAP/wmaplike/wmap.py:749: RuntimeWarning: invalid value encountered in divide
  fisher = -self.r_off_tete / np.sqrt(TETE * TETE[..., np.newaxis])
[3 : mcmc] Progress @ 2025-02-18 14:53:25 : 1 steps taken, and 33 accepted.
[1 : mcmc] Progress @ 2025-02-18 14:53:25 : 1 steps taken, and 63 accepted.
[0 : mcmc] Progress @ 2025-02-18 14:53:36 : 1 steps taken, and 27 accepted.
[2 : mcmc] Progress @ 2025-02-18 14:53:37 : 1 steps taken, and 36 accepted.
[3 : mcmc] Progress @ 2025-02-18 14:54:26 : 4 steps taken, and 33 accepted.
[1 : mcmc] Progress @ 2025-02-18 14:54:28 : 6 steps taken, and 64 accepted.
/users/smp24dhl/cosmo/code/pyWMAP/wmaplike/wmap.py:654: RuntimeWarning: invalid value encountered in divide
  fisher = -self.r_off_tttt / np.sqrt(TTTT * TTTT[..., np.newaxis]) + \
/users/smp24dhl/cosmo/code/pyWMAP/wmaplike/wmap.py:655: RuntimeWarning: invalid value encountered in divide
  self.epsilon / (TTTT * TTTT[..., np.newaxis])
/users/smp24dhl/cosmo/code/pyWMAP/wmaplike/wmap.py:749: RuntimeWarning: invalid value encountered in divide
  fisher = -self.r_off_tete / np.sqrt(TETE * TETE[..., np.newaxis])
[0 : mcmc] Progress @ 2025-02-18 14:54:37 : 7 steps taken, and 28 accepted.
[2 : mcmc] Progress @ 2025-02-18 14:54:48 : 6 steps taken, and 37 accepted.
/users/smp24dhl/cosmo/code/pyWMAP/wmaplike/wmap.py:654: RuntimeWarning: invalid value encountered in divide
  fisher = -self.r_off_tttt / np.sqrt(TTTT * TTTT[..., np.newaxis]) + \
/users/smp24dhl/cosmo/code/pyWMAP/wmaplike/wmap.py:655: RuntimeWarning: invalid value encountered in divide
  self.epsilon / (TTTT * TTTT[..., np.newaxis])
/users/smp24dhl/cosmo/code/pyWMAP/wmaplike/wmap.py:749: RuntimeWarning: invalid value encountered in divide
  fisher = -self.r_off_tete / np.sqrt(TETE * TETE[..., np.newaxis])
/users/smp24dhl/cosmo/code/pyWMAP/wmaplike/wmap.py:654: RuntimeWarning: invalid value encountered in divide
  fisher = -self.r_off_tttt / np.sqrt(TTTT * TTTT[..., np.newaxis]) + \
/users/smp24dhl/cosmo/code/pyWMAP/wmaplike/wmap.py:655: RuntimeWarning: invalid value encountered in divide
  self.epsilon / (TTTT * TTTT[..., np.newaxis])
/users/smp24dhl/cosmo/code/pyWMAP/wmaplike/wmap.py:749: RuntimeWarning: invalid value encountered in divide
  fisher = -self.r_off_tete / np.sqrt(TETE * TETE[..., np.newaxis])
[1 : mcmc] Progress @ 2025-02-18 14:55:31 : 13 steps taken, and 64 accepted.
[3 : mcmc] Progress @ 2025-02-18 14:55:38 : 8 steps taken, and 33 accepted.
[0 : mcmc] Progress @ 2025-02-18 14:55:39 : 11 steps taken, and 29 accepted.
/users/smp24dhl/cosmo/code/pyWMAP/wmaplike/wmap.py:654: RuntimeWarning: invalid value encountered in divide
  fisher = -self.r_off_tttt / np.sqrt(TTTT * TTTT[..., np.newaxis]) + \
/users/smp24dhl/cosmo/code/pyWMAP/wmaplike/wmap.py:655: RuntimeWarning: invalid value encountered in divide
  self.epsilon / (TTTT * TTTT[..., np.newaxis])
/users/smp24dhl/cosmo/code/pyWMAP/wmaplike/wmap.py:749: RuntimeWarning: invalid value encountered in divide
  fisher = -self.r_off_tete / np.sqrt(TETE * TETE[..., np.newaxis])
[2 : mcmc] Progress @ 2025-02-18 14:55:49 : 11 steps taken, and 37 accepted.
[3 : mcmc] Progress @ 2025-02-18 14:56:40 : 11 steps taken, and 33 accepted.
[0 : mcmc] Progress @ 2025-02-18 14:56:40 : 15 steps taken, and 32 accepted.
[1 : mcmc] Progress @ 2025-02-18 14:56:42 : 20 steps taken, and 65 accepted.
[2 : mcmc] Progress @ 2025-02-18 14:56:50 : 14 steps taken, and 37 accepted.
/users/smp24dhl/cosmo/code/pyWMAP/wmaplike/wmap.py:654: RuntimeWarning: invalid value encountered in divide
  fisher = -self.r_off_tttt / np.sqrt(TTTT * TTTT[..., np.newaxis]) + \
/users/smp24dhl/cosmo/code/pyWMAP/wmaplike/wmap.py:655: RuntimeWarning: invalid value encountered in divide
  self.epsilon / (TTTT * TTTT[..., np.newaxis])
/users/smp24dhl/cosmo/code/pyWMAP/wmaplike/wmap.py:749: RuntimeWarning: invalid value encountered in divide
  fisher = -self.r_off_tete / np.sqrt(TETE * TETE[..., np.newaxis])
/users/smp24dhl/cosmo/code/pyWMAP/wmaplike/wmap.py:654: RuntimeWarning: invalid value encountered in divide
  fisher = -self.r_off_tttt / np.sqrt(TTTT * TTTT[..., np.newaxis]) + \
/users/smp24dhl/cosmo/code/pyWMAP/wmaplike/wmap.py:655: RuntimeWarning: invalid value encountered in divide
  self.epsilon / (TTTT * TTTT[..., np.newaxis])
/users/smp24dhl/cosmo/code/pyWMAP/wmaplike/wmap.py:749: RuntimeWarning: invalid value encountered in divide
  fisher = -self.r_off_tete / np.sqrt(TETE * TETE[..., np.newaxis])
[3 : mcmc] Progress @ 2025-02-18 14:57:41 : 14 steps taken, and 35 accepted.
[0 : mcmc] Progress @ 2025-02-18 14:57:42 : 19 steps taken, and 32 accepted.
[1 : mcmc] Progress @ 2025-02-18 14:57:44 : 25 steps taken, and 67 accepted.
/users/smp24dhl/cosmo/code/pyWMAP/wmaplike/wmap.py:654: RuntimeWarning: invalid value encountered in divide
  fisher = -self.r_off_tttt / np.sqrt(TTTT * TTTT[..., np.newaxis]) + \
/users/smp24dhl/cosmo/code/pyWMAP/wmaplike/wmap.py:655: RuntimeWarning: invalid value encountered in divide
  self.epsilon / (TTTT * TTTT[..., np.newaxis])
/users/smp24dhl/cosmo/code/pyWMAP/wmaplike/wmap.py:749: RuntimeWarning: invalid value encountered in divide
  fisher = -self.r_off_tete / np.sqrt(TETE * TETE[..., np.newaxis])
/users/smp24dhl/cosmo/code/pyWMAP/wmaplike/wmap.py:654: RuntimeWarning: invalid value encountered in divide
  fisher = -self.r_off_tttt / np.sqrt(TTTT * TTTT[..., np.newaxis]) + \
/users/smp24dhl/cosmo/code/pyWMAP/wmaplike/wmap.py:655: RuntimeWarning: invalid value encountered in divide
  self.epsilon / (TTTT * TTTT[..., np.newaxis])
/users/smp24dhl/cosmo/code/pyWMAP/wmaplike/wmap.py:749: RuntimeWarning: invalid value encountered in divide
  fisher = -self.r_off_tete / np.sqrt(TETE * TETE[..., np.newaxis])
[2 : mcmc] Progress @ 2025-02-18 14:58:01 : 21 steps taken, and 38 accepted.
/users/smp24dhl/cosmo/code/pyWMAP/wmaplike/wmap.py:654: RuntimeWarning: invalid value encountered in divide
  fisher = -self.r_off_tttt / np.sqrt(TTTT * TTTT[..., np.newaxis]) + \
/users/smp24dhl/cosmo/code/pyWMAP/wmaplike/wmap.py:655: RuntimeWarning: invalid value encountered in divide
  self.epsilon / (TTTT * TTTT[..., np.newaxis])
/users/smp24dhl/cosmo/code/pyWMAP/wmaplike/wmap.py:749: RuntimeWarning: invalid value encountered in divide
  fisher = -self.r_off_tete / np.sqrt(TETE * TETE[..., np.newaxis])
[3 : mcmc] Progress @ 2025-02-18 14:58:43 : 18 steps taken, and 37 accepted.
[1 : mcmc] Progress @ 2025-02-18 14:58:47 : 32 steps taken, and 69 accepted.
/users/smp24dhl/cosmo/code/pyWMAP/wmaplike/wmap.py:654: RuntimeWarning: invalid value encountered in divide
  fisher = -self.r_off_tttt / np.sqrt(TTTT * TTTT[..., np.newaxis]) + \
/users/smp24dhl/cosmo/code/pyWMAP/wmaplike/wmap.py:655: RuntimeWarning: invalid value encountered in divide
  self.epsilon / (TTTT * TTTT[..., np.newaxis])
/users/smp24dhl/cosmo/code/pyWMAP/wmaplike/wmap.py:749: RuntimeWarning: invalid value encountered in divide
  fisher = -self.r_off_tete / np.sqrt(TETE * TETE[..., np.newaxis])
[0 : mcmc] Progress @ 2025-02-18 14:58:53 : 24 steps taken, and 32 accepted.
/users/smp24dhl/cosmo/code/pyWMAP/wmaplike/wmap.py:654: RuntimeWarning: invalid value encountered in divide
  fisher = -self.r_off_tttt / np.sqrt(TTTT * TTTT[..., np.newaxis]) + \
/users/smp24dhl/cosmo/code/pyWMAP/wmaplike/wmap.py:655: RuntimeWarning: invalid value encountered in divide
  self.epsilon / (TTTT * TTTT[..., np.newaxis])
/users/smp24dhl/cosmo/code/pyWMAP/wmaplike/wmap.py:749: RuntimeWarning: invalid value encountered in divide
  fisher = -self.r_off_tete / np.sqrt(TETE * TETE[..., np.newaxis])
[2 : mcmc] Progress @ 2025-02-18 14:59:02 : 24 steps taken, and 40 accepted.
/users/smp24dhl/cosmo/code/pyWMAP/wmaplike/wmap.py:654: RuntimeWarning: invalid value encountered in divide
  fisher = -self.r_off_tttt / np.sqrt(TTTT * TTTT[..., np.newaxis]) + \
/users/smp24dhl/cosmo/code/pyWMAP/wmaplike/wmap.py:655: RuntimeWarning: invalid value encountered in divide
  self.epsilon / (TTTT * TTTT[..., np.newaxis])
/users/smp24dhl/cosmo/code/pyWMAP/wmaplike/wmap.py:749: RuntimeWarning: invalid value encountered in divide
  fisher = -self.r_off_tete / np.sqrt(TETE * TETE[..., np.newaxis])
[3 : mcmc] Progress @ 2025-02-18 14:59:44 : 24 steps taken, and 38 accepted.
[1 : mcmc] Progress @ 2025-02-18 14:59:53 : 40 steps taken, and 70 accepted.
/users/smp24dhl/cosmo/code/pyWMAP/wmaplike/wmap.py:654: RuntimeWarning: invalid value encountered in divide
  fisher = -self.r_off_tttt / np.sqrt(TTTT * TTTT[..., np.newaxis]) + \
/users/smp24dhl/cosmo/code/pyWMAP/wmaplike/wmap.py:655: RuntimeWarning: invalid value encountered in divide
  self.epsilon / (TTTT * TTTT[..., np.newaxis])
/users/smp24dhl/cosmo/code/pyWMAP/wmaplike/wmap.py:749: RuntimeWarning: invalid value encountered in divide
  fisher = -self.r_off_tete / np.sqrt(TETE * TETE[..., np.newaxis])
[2 : mcmc] Progress @ 2025-02-18 15:00:04 : 30 steps taken, and 40 accepted.
[0 : mcmc] Progress @ 2025-02-18 15:00:05 : 32 steps taken, and 33 accepted.
/users/smp24dhl/cosmo/code/pyWMAP/wmaplike/wmap.py:654: RuntimeWarning: invalid value encountered in divide
  fisher = -self.r_off_tttt / np.sqrt(TTTT * TTTT[..., np.newaxis]) + \
/users/smp24dhl/cosmo/code/pyWMAP/wmaplike/wmap.py:655: RuntimeWarning: invalid value encountered in divide
  self.epsilon / (TTTT * TTTT[..., np.newaxis])
/users/smp24dhl/cosmo/code/pyWMAP/wmaplike/wmap.py:749: RuntimeWarning: invalid value encountered in divide
  fisher = -self.r_off_tete / np.sqrt(TETE * TETE[..., np.newaxis])
/users/smp24dhl/cosmo/code/pyWMAP/wmaplike/wmap.py:654: RuntimeWarning: invalid value encountered in divide
  fisher = -self.r_off_tttt / np.sqrt(TTTT * TTTT[..., np.newaxis]) + \
/users/smp24dhl/cosmo/code/pyWMAP/wmaplike/wmap.py:655: RuntimeWarning: invalid value encountered in divide
  self.epsilon / (TTTT * TTTT[..., np.newaxis])
/users/smp24dhl/cosmo/code/pyWMAP/wmaplike/wmap.py:749: RuntimeWarning: invalid value encountered in divide
  fisher = -self.r_off_tete / np.sqrt(TETE * TETE[..., np.newaxis])
[3 : mcmc] Progress @ 2025-02-18 15:00:55 : 29 steps taken, and 39 accepted.
[1 : mcmc] Progress @ 2025-02-18 15:00:56 : 45 steps taken, and 74 accepted.
/users/smp24dhl/cosmo/code/pyWMAP/wmaplike/wmap.py:654: RuntimeWarning: invalid value encountered in divide
  fisher = -self.r_off_tttt / np.sqrt(TTTT * TTTT[..., np.newaxis]) + \
/users/smp24dhl/cosmo/code/pyWMAP/wmaplike/wmap.py:655: RuntimeWarning: invalid value encountered in divide
  self.epsilon / (TTTT * TTTT[..., np.newaxis])
/users/smp24dhl/cosmo/code/pyWMAP/wmaplike/wmap.py:749: RuntimeWarning: invalid value encountered in divide
  fisher = -self.r_off_tete / np.sqrt(TETE * TETE[..., np.newaxis])
[2 : mcmc] Progress @ 2025-02-18 15:01:05 : 34 steps taken, and 40 accepted.
[0 : mcmc] Progress @ 2025-02-18 15:01:06 : 36 steps taken, and 33 accepted.
/users/smp24dhl/cosmo/code/pyWMAP/wmaplike/wmap.py:654: RuntimeWarning: invalid value encountered in divide
  fisher = -self.r_off_tttt / np.sqrt(TTTT * TTTT[..., np.newaxis]) + \
/users/smp24dhl/cosmo/code/pyWMAP/wmaplike/wmap.py:655: RuntimeWarning: invalid value encountered in divide
  self.epsilon / (TTTT * TTTT[..., np.newaxis])
/users/smp24dhl/cosmo/code/pyWMAP/wmaplike/wmap.py:749: RuntimeWarning: invalid value encountered in divide
  fisher = -self.r_off_tete / np.sqrt(TETE * TETE[..., np.newaxis])
[3 : mcmc] Progress @ 2025-02-18 15:01:57 : 32 steps taken, and 39 accepted.
[1 : mcmc] Progress @ 2025-02-18 15:01:59 : 51 steps taken, and 75 accepted.
/users/smp24dhl/cosmo/code/pyWMAP/wmaplike/wmap.py:654: RuntimeWarning: invalid value encountered in divide
  fisher = -self.r_off_tttt / np.sqrt(TTTT * TTTT[..., np.newaxis]) + \
/users/smp24dhl/cosmo/code/pyWMAP/wmaplike/wmap.py:655: RuntimeWarning: invalid value encountered in divide
  self.epsilon / (TTTT * TTTT[..., np.newaxis])
/users/smp24dhl/cosmo/code/pyWMAP/wmaplike/wmap.py:749: RuntimeWarning: invalid value encountered in divide
  fisher = -self.r_off_tete / np.sqrt(TETE * TETE[..., np.newaxis])
[0 : mcmc] Progress @ 2025-02-18 15:02:17 : 41 steps taken, and 35 accepted.
[2 : mcmc] Progress @ 2025-02-18 15:02:20 : 39 steps taken, and 41 accepted.
/users/smp24dhl/cosmo/code/pyWMAP/wmaplike/wmap.py:654: RuntimeWarning: invalid value encountered in divide
  fisher = -self.r_off_tttt / np.sqrt(TTTT * TTTT[..., np.newaxis]) + \
/users/smp24dhl/cosmo/code/pyWMAP/wmaplike/wmap.py:655: RuntimeWarning: invalid value encountered in divide
  self.epsilon / (TTTT * TTTT[..., np.newaxis])
/users/smp24dhl/cosmo/code/pyWMAP/wmaplike/wmap.py:749: RuntimeWarning: invalid value encountered in divide
  fisher = -self.r_off_tete / np.sqrt(TETE * TETE[..., np.newaxis])
/users/smp24dhl/cosmo/code/pyWMAP/wmaplike/wmap.py:654: RuntimeWarning: invalid value encountered in divide
  fisher = -self.r_off_tttt / np.sqrt(TTTT * TTTT[..., np.newaxis]) + \
/users/smp24dhl/cosmo/code/pyWMAP/wmaplike/wmap.py:655: RuntimeWarning: invalid value encountered in divide
  self.epsilon / (TTTT * TTTT[..., np.newaxis])
/users/smp24dhl/cosmo/code/pyWMAP/wmaplike/wmap.py:749: RuntimeWarning: invalid value encountered in divide
  fisher = -self.r_off_tete / np.sqrt(TETE * TETE[..., np.newaxis])
[node146:59147:0:59205] Caught signal 11 (Segmentation fault: address not mapped to object at address 0xfffffffc03b85c68)
BFD: DWARF error: can't find .debug_ranges section.
BFD: DWARF error: can't find .debug_ranges section.
==== backtrace (tid:  59205) ====
 0 0x0000000000021563 ucs_debug_print_backtrace()  /dev/shm/UCX/1.8.0/GCCcore-9.3.0/ucx-1.8.0/src/ucs/debug/debug.c:653
 1 0x0000000000039f63 __massivenu_MOD_thermalnubackground_rho()  ???:0
 2 0x000000000003da49 __results_MOD_grho_no_de()  ???:0
 3 0x00000000000a5f01 dtauda_()  ???:0
 4 0x000000000004cfdc __results_MOD_thermo_init._omp_fn.0()  results.f90:0
 5 0x0000000000018f09 gomp_thread_start()  team.c:0
 6 0x0000000000007ea5 start_thread()  pthread_create.c:0
 7 0x00000000000feb0d __clone()  ???:0
=================================
[node146:59147] *** Process received signal ***
[node146:59147] Signal: Segmentation fault (11)
[node146:59147] Signal code:  (-6)
[node146:59147] Failing at address: 0x8cfb80000e70b
[node146:59147] [ 0] /lib64/libpthread.so.0(+0xf630)[0x7fdb6179c630]
[node146:59147] [ 1] /users/smp24dhl/cosmo/code/CAMB_beta/camb/camblib.so(__massivenu_MOD_thermalnubackground_rho+0x63)[0x7fdb2ef19f63]
[node146:59147] [ 2] /users/smp24dhl/cosmo/code/CAMB_beta/camb/camblib.so(__results_MOD_grho_no_de+0xc9)[0x7fdb2ef1da49]
[node146:59147] [ 3] /users/smp24dhl/cosmo/code/CAMB_beta/camb/camblib.so(dtauda_+0x61)[0x7fdb2ef85f01]
[node146:59147] [ 4] /users/smp24dhl/cosmo/code/CAMB_beta/camb/camblib.so(+0x4cfdc)[0x7fdb2ef2cfdc]
[node146:59147] [ 5] /users/smp24dhl/.conda/envs/cosmos/bin/../lib/libgomp.so.1(+0x18f09)[0x7fdb2eeb9f09]
[node146:59147] [ 6] /lib64/libpthread.so.0(+0x7ea5)[0x7fdb61794ea5]
[node146:59147] [ 7] /lib64/libc.so.6(clone+0x6d)[0x7fdb60db4b0d]
[node146:59147] *** End of error message ***
--------------------------------------------------------------------------
Primary job  terminated normally, but 1 process returned
a non-zero exit code. Per user-direction, the job has been aborted.
--------------------------------------------------------------------------
--------------------------------------------------------------------------
mpirun noticed that process rank 2 with PID 59147 on node node146 exited on signal 11 (Segmentation fault).
--------------------------------------------------------------------------
