[0 : output] Output to be read-from/written-into folder 'chains', with prefix 'act-full'
[0 : output] Found existing info files with the requested output prefix: 'chains/act-full'
[0 : output] Let's try to resume/load.
[0 : output] Found an old sample. Resuming.
[0 : prior] *WARNING* External prior 'SZ' loaded. Mind that it might not be normalized!

libgomp: Invalid value for environment variable OMP_NUM_THREADS: 

libgomp: 
libgomp: Invalid value for environment variable OMP_NUM_THREADS: 

libgomp: Invalid value for environment variable OMP_NUM_THREADS: 
Invalid value for environment variable OMP_NUM_THREADS: 
[0 : camb] `camb` module loaded successfully from /users/smp24dhl/cosmo/code/CAMB_beta/camb
[0 : planck_2018_highl_plik.ttteee] `clik` module loaded successfully from /users/smp24dhl/cosmo/code/planck/clik/lib/python3.9/site-packages/clik
----
clik version clik_16.0b1-2-g63c889f3aa9c MAKEFILE
  smica
----
clik version clik_16.0b1-2-g63c889f3aa9c MAKEFILE
  smica
----
clik version clik_16.0b1-2-g63c889f3aa9c MAKEFILE
  smica
----
clik version clik_16.0b1-2-g63c889f3aa9c MAKEFILE
  smica
Checking likelihood '/users/smp24dhl/cosmo/data/planck_2018/baseline/plc_3.0/hi_l/plik/plik_rd12_HM_v22b_TTTEEE.clik' on test data. got -1172.47 expected -1172.47 (diff -4.34054e-07)
----
Loading ACT DR6 lensing likelihood v1.2...
Checking likelihood '/users/smp24dhl/cosmo/data/planck_2018/baseline/plc_3.0/hi_l/plik/plik_rd12_HM_v22b_TTTEEE.clik' on test data. got -1172.47 expected -1172.47 (diff -4.34054e-07)
----
Loading ACT DR6 lensing likelihood v1.2...
Checking likelihood '/users/smp24dhl/cosmo/data/planck_2018/baseline/plc_3.0/hi_l/plik/plik_rd12_HM_v22b_TTTEEE.clik' on test data. got -1172.47 expected -1172.47 (diff -4.34055e-07)
----
Loading ACT DR6 lensing likelihood v1.2...
Checking likelihood '/users/smp24dhl/cosmo/data/planck_2018/baseline/plc_3.0/hi_l/plik/plik_rd12_HM_v22b_TTTEEE.clik' on test data. got -1172.47 expected -1172.47 (diff -4.34054e-07)
----
Loading ACT DR6 lensing likelihood v1.2...
/users/smp24dhl/cosmo/code/act_dr6_lenslike/act_dr6_lenslike/act_dr6_lenslike.py:416: UserWarning: Hartlap correction to cinv: 0.949874686716792
  warnings.warn(f"Hartlap correction to cinv: {hartlap_correction}")
/users/smp24dhl/cosmo/code/act_dr6_lenslike/act_dr6_lenslike/act_dr6_lenslike.py:416: UserWarning: Hartlap correction to cinv: 0.949874686716792
  warnings.warn(f"Hartlap correction to cinv: {hartlap_correction}")
[0 : bao.desi_2024_bao_all] Initialized.
/users/smp24dhl/cosmo/code/act_dr6_lenslike/act_dr6_lenslike/act_dr6_lenslike.py:416: UserWarning: Hartlap correction to cinv: 0.949874686716792
  warnings.warn(f"Hartlap correction to cinv: {hartlap_correction}")
[3 : bao.desi_2024_bao_all] Initialized.
[2 : bao.desi_2024_bao_all] Initialized.
/users/smp24dhl/cosmo/code/act_dr6_lenslike/act_dr6_lenslike/act_dr6_lenslike.py:416: UserWarning: Hartlap correction to cinv: 0.949874686716792
  warnings.warn(f"Hartlap correction to cinv: {hartlap_correction}")
[1 : bao.desi_2024_bao_all] Initialized.
[0 : mcmc] Resuming from previous sample!
[2 : samplecollection] Loaded 1641 sample points from 'chains/act-full.3.txt'
[0 : samplecollection] Loaded 1580 sample points from 'chains/act-full.1.txt'
[3 : samplecollection] Loaded 1742 sample points from 'chains/act-full.4.txt'
[1 : samplecollection] Loaded 1683 sample points from 'chains/act-full.2.txt'
[1 : mcmc] Initial point: logA:3.036606, ns:0.9596553, theta_MC_100:1.040738, ombh2:0.02217421, omch2:0.1193943, w:-0.9226096, wa:-0.3794597, beta_DE:-0.3232251, tau:0.04965903, A_planck:1.002227, calib_100T:1.000601, calib_217T:0.9988483, A_cib_217:49.58474, xi_sz_cib:0.184913, A_sz:5.440324, ksz_norm:4.678891, gal545_A_100:10.59184, gal545_A_143:7.597881, gal545_A_143_217:19.48592, gal545_A_217:98.82133, ps_A_100_100:270.6567, ps_A_143_143:55.81074, ps_A_143_217:40.17986, ps_A_217_217:110.5344, galf_TE_A_100:0.07445604, galf_TE_A_100_143:0.1209686, galf_TE_A_100_217:0.4304331, galf_TE_A_143:0.2553234, galf_TE_A_143_217:0.7581271, galf_TE_A_217:2.016392
[3 : mcmc] Initial point: logA:3.05698, ns:0.9733051, theta_MC_100:1.040722, ombh2:0.02257256, omch2:0.1177148, w:-0.9162743, wa:-0.1551187, beta_DE:-1.245237, tau:0.06178933, A_planck:1.002714, calib_100T:0.9999804, calib_217T:0.9983098, A_cib_217:45.65317, xi_sz_cib:0.810803, A_sz:8.556157, ksz_norm:2.663779, gal545_A_100:10.45001, gal545_A_143:7.968833, gal545_A_143_217:20.76455, gal545_A_217:98.45316, ps_A_100_100:229.1133, ps_A_143_143:46.66919, ps_A_143_217:52.05665, ps_A_217_217:112.2356, galf_TE_A_100:0.1395409, galf_TE_A_100_143:0.1434591, galf_TE_A_100_217:0.4340266, galf_TE_A_143:0.2368184, galf_TE_A_143_217:0.585708, galf_TE_A_217:1.674895
[0 : mcmc] Initial point: logA:3.032365, ns:0.9632047, theta_MC_100:1.040789, ombh2:0.02242135, omch2:0.1198941, w:-0.8356764, wa:-0.3887099, beta_DE:-1.959412, tau:0.04836427, A_planck:1.000616, calib_100T:0.9989911, calib_217T:0.9960776, A_cib_217:45.96867, xi_sz_cib:0.9538075, A_sz:5.988091, ksz_norm:0.3362804, gal545_A_100:7.338618, gal545_A_143:13.49749, gal545_A_143_217:19.15517, gal545_A_217:90.56259, ps_A_100_100:298.461, ps_A_143_143:61.47213, ps_A_143_217:62.15381, ps_A_217_217:124.3852, galf_TE_A_100:0.08582984, galf_TE_A_100_143:0.1557926, galf_TE_A_100_217:0.5615714, galf_TE_A_143:0.2487945, galf_TE_A_143_217:0.7106674, galf_TE_A_217:2.218068
[2 : mcmc] Initial point: logA:3.046825, ns:0.967286, theta_MC_100:1.041028, ombh2:0.02261625, omch2:0.1184295, w:-0.8209505, wa:-0.2281127, beta_DE:-2.007079, tau:0.05688779, A_planck:0.9995415, calib_100T:0.9987726, calib_217T:0.9977715, A_cib_217:49.42989, xi_sz_cib:0.9424717, A_sz:7.076061, ksz_norm:0.08235823, gal545_A_100:7.882994, gal545_A_143:6.990187, gal545_A_143_217:20.4965, gal545_A_217:88.3446, ps_A_100_100:210.2842, ps_A_143_143:61.68632, ps_A_143_217:55.46916, ps_A_217_217:118.0116, galf_TE_A_100:0.09733565, galf_TE_A_100_143:0.1243668, galf_TE_A_100_217:0.455214, galf_TE_A_143:0.2950673, galf_TE_A_143_217:0.77423, galf_TE_A_217:2.260118
[0 : mcmc] *WARNING* Parameter blocking manually/previously fixed: speeds will not be measured.
[0 : mcmc] Dragging with number of interpolating steps:
[0 : mcmc] *  1 : (['theta_MC_100', 'ombh2', 'omch2', 'w', 'wa', 'beta_DE', 'tau'], ['logA', 'ns'])
[0 : mcmc] * 12 : (['A_planck'], ['calib_100T', 'calib_217T', 'A_cib_217', 'xi_sz_cib', 'A_sz', 'ksz_norm', 'gal545_A_100', 'gal545_A_143', 'gal545_A_143_217', 'gal545_A_217', 'ps_A_100_100', 'ps_A_143_143', 'ps_A_143_217', 'ps_A_217_217', 'galf_TE_A_100', 'galf_TE_A_100_143', 'galf_TE_A_100_217', 'galf_TE_A_143', 'galf_TE_A_143_217', 'galf_TE_A_217'])
[0 : mcmc] Covariance matrix from previous sample.
[0 : mcmc] Sampling!
[1 : mcmc] Progress @ 2025-01-22 13:44:57 : 1 steps taken, and 1683 accepted.
[0 : mcmc] Progress @ 2025-01-22 13:45:08 : 1 steps taken, and 1580 accepted.
[3 : mcmc] Progress @ 2025-01-22 13:45:12 : 1 steps taken, and 1742 accepted.
[2 : mcmc] Progress @ 2025-01-22 13:45:14 : 1 steps taken, and 1641 accepted.
[1 : mcmc] Progress @ 2025-01-22 13:45:59 : 7 steps taken, and 1684 accepted.
[3 : mcmc] Progress @ 2025-01-22 13:46:16 : 6 steps taken, and 1744 accepted.
[0 : mcmc] Progress @ 2025-01-22 13:46:25 : 8 steps taken, and 1580 accepted.
[2 : mcmc] Progress @ 2025-01-22 13:46:31 : 7 steps taken, and 1641 accepted.
[1 : mcmc] Progress @ 2025-01-22 13:47:06 : 13 steps taken, and 1687 accepted.
[3 : mcmc] Progress @ 2025-01-22 13:47:25 : 9 steps taken, and 1747 accepted.
[0 : mcmc] Progress @ 2025-01-22 13:47:32 : 11 steps taken, and 1580 accepted.
[2 : mcmc] Progress @ 2025-01-22 13:47:55 : 12 steps taken, and 1643 accepted.
[1 : mcmc] Progress @ 2025-01-22 13:48:07 : 23 steps taken, and 1689 accepted.
[3 : mcmc] Progress @ 2025-01-22 13:48:26 : 12 steps taken, and 1748 accepted.
[0 : mcmc] Progress @ 2025-01-22 13:48:37 : 15 steps taken, and 1582 accepted.
[2 : mcmc] Progress @ 2025-01-22 13:48:56 : 16 steps taken, and 1645 accepted.
[1 : mcmc] Progress @ 2025-01-22 13:49:08 : 30 steps taken, and 1691 accepted.
[0 : mcmc] Progress @ 2025-01-22 13:49:46 : 18 steps taken, and 1582 accepted.
[3 : mcmc] Progress @ 2025-01-22 13:49:46 : 17 steps taken, and 1750 accepted.
[1 : mcmc] Progress @ 2025-01-22 13:50:14 : 36 steps taken, and 1695 accepted.
[2 : mcmc] Progress @ 2025-01-22 13:50:17 : 20 steps taken, and 1646 accepted.
[3 : mcmc] Progress @ 2025-01-22 13:50:55 : 20 steps taken, and 1751 accepted.
[0 : mcmc] Progress @ 2025-01-22 13:51:02 : 27 steps taken, and 1583 accepted.
[1 : mcmc] Progress @ 2025-01-22 13:51:14 : 44 steps taken, and 1696 accepted.
[2 : mcmc] Progress @ 2025-01-22 13:51:26 : 25 steps taken, and 1647 accepted.
[3 : mcmc] Progress @ 2025-01-22 13:52:07 : 25 steps taken, and 1753 accepted.
[0 : mcmc] Progress @ 2025-01-22 13:52:08 : 31 steps taken, and 1585 accepted.
[1 : mcmc] Progress @ 2025-01-22 13:52:15 : 51 steps taken, and 1699 accepted.
[2 : mcmc] Progress @ 2025-01-22 13:52:35 : 28 steps taken, and 1648 accepted.
[3 : mcmc] Progress @ 2025-01-22 13:53:17 : 28 steps taken, and 1756 accepted.
[0 : mcmc] Progress @ 2025-01-22 13:53:19 : 36 steps taken, and 1588 accepted.
[1 : mcmc] Progress @ 2025-01-22 13:53:26 : 61 steps taken, and 1702 accepted.
[2 : mcmc] Progress @ 2025-01-22 13:53:42 : 33 steps taken, and 1650 accepted.
[0 : mcmc] Progress @ 2025-01-22 13:54:21 : 40 steps taken, and 1590 accepted.
[3 : mcmc] Progress @ 2025-01-22 13:54:27 : 32 steps taken, and 1757 accepted.
[1 : mcmc] Progress @ 2025-01-22 13:54:27 : 70 steps taken, and 1707 accepted.
[2 : mcmc] Progress @ 2025-01-22 13:54:52 : 38 steps taken, and 1652 accepted.
[0 : mcmc] Progress @ 2025-01-22 13:55:28 : 45 steps taken, and 1591 accepted.
[1 : mcmc] Progress @ 2025-01-22 13:55:29 : 77 steps taken, and 1711 accepted.
[3 : mcmc] Progress @ 2025-01-22 13:55:37 : 35 steps taken, and 1757 accepted.
[2 : mcmc] Progress @ 2025-01-22 13:56:04 : 41 steps taken, and 1655 accepted.
[1 : mcmc] Progress @ 2025-01-22 13:56:37 : 82 steps taken, and 1712 accepted.
[0 : mcmc] Progress @ 2025-01-22 13:56:43 : 49 steps taken, and 1591 accepted.
[3 : mcmc] Progress @ 2025-01-22 13:56:59 : 40 steps taken, and 1759 accepted.
[2 : mcmc] Progress @ 2025-01-22 13:57:16 : 48 steps taken, and 1656 accepted.
[1 : mcmc] Progress @ 2025-01-22 13:57:49 : 90 steps taken, and 1714 accepted.
[0 : mcmc] Progress @ 2025-01-22 13:57:59 : 54 steps taken, and 1592 accepted.
[3 : mcmc] Progress @ 2025-01-22 13:58:07 : 43 steps taken, and 1761 accepted.
[2 : mcmc] Progress @ 2025-01-22 13:58:32 : 52 steps taken, and 1657 accepted.
[1 : mcmc] Progress @ 2025-01-22 13:59:01 : 96 steps taken, and 1714 accepted.
[3 : mcmc] Progress @ 2025-01-22 13:59:09 : 47 steps taken, and 1763 accepted.
[0 : mcmc] Progress @ 2025-01-22 13:59:22 : 60 steps taken, and 1593 accepted.
[2 : mcmc] Progress @ 2025-01-22 13:59:39 : 56 steps taken, and 1657 accepted.
[1 : mcmc] Progress @ 2025-01-22 14:00:03 : 106 steps taken, and 1717 accepted.
[3 : mcmc] Progress @ 2025-01-22 14:00:31 : 52 steps taken, and 1764 accepted.
[0 : mcmc] Progress @ 2025-01-22 14:00:33 : 65 steps taken, and 1593 accepted.
[2 : mcmc] Progress @ 2025-01-22 14:00:53 : 61 steps taken, and 1659 accepted.
[1 : mcmc] Progress @ 2025-01-22 14:01:14 : 113 steps taken, and 1719 accepted.
[0 : mcmc] Progress @ 2025-01-22 14:01:34 : 68 steps taken, and 1594 accepted.
[3 : mcmc] Progress @ 2025-01-22 14:01:50 : 56 steps taken, and 1765 accepted.
[2 : mcmc] Progress @ 2025-01-22 14:02:06 : 65 steps taken, and 1659 accepted.
[1 : mcmc] Progress @ 2025-01-22 14:02:26 : 121 steps taken, and 1722 accepted.
[0 : mcmc] Progress @ 2025-01-22 14:02:42 : 73 steps taken, and 1595 accepted.
[3 : mcmc] Progress @ 2025-01-22 14:03:09 : 60 steps taken, and 1767 accepted.
[2 : mcmc] Progress @ 2025-01-22 14:03:13 : 70 steps taken, and 1661 accepted.
[1 : mcmc] Progress @ 2025-01-22 14:03:28 : 128 steps taken, and 1726 accepted.
[0 : mcmc] Progress @ 2025-01-22 14:03:48 : 76 steps taken, and 1596 accepted.
[3 : mcmc] Progress @ 2025-01-22 14:04:27 : 64 steps taken, and 1768 accepted.
[1 : mcmc] Progress @ 2025-01-22 14:04:29 : 135 steps taken, and 1727 accepted.
[2 : mcmc] Progress @ 2025-01-22 14:04:31 : 74 steps taken, and 1663 accepted.
[0 : mcmc] Progress @ 2025-01-22 14:04:55 : 82 steps taken, and 1596 accepted.
[3 : mcmc] Progress @ 2025-01-22 14:05:36 : 68 steps taken, and 1769 accepted.
[2 : mcmc] Progress @ 2025-01-22 14:05:40 : 77 steps taken, and 1665 accepted.
[1 : mcmc] Progress @ 2025-01-22 14:05:41 : 141 steps taken, and 1730 accepted.
[0 : mcmc] Progress @ 2025-01-22 14:06:05 : 87 steps taken, and 1598 accepted.
[1 : mcmc] Progress @ 2025-01-22 14:06:42 : 147 steps taken, and 1733 accepted.
[3 : mcmc] Progress @ 2025-01-22 14:06:47 : 73 steps taken, and 1771 accepted.
[2 : mcmc] Progress @ 2025-01-22 14:06:50 : 80 steps taken, and 1665 accepted.
[0 : mcmc] Progress @ 2025-01-22 14:07:14 : 94 steps taken, and 1601 accepted.
[2 : mcmc] Progress @ 2025-01-22 14:07:54 : 85 steps taken, and 1668 accepted.
[1 : mcmc] Progress @ 2025-01-22 14:07:54 : 156 steps taken, and 1738 accepted.
[3 : mcmc] Progress @ 2025-01-22 14:07:57 : 76 steps taken, and 1773 accepted.
[0 : mcmc] Progress @ 2025-01-22 14:08:28 : 97 steps taken, and 1601 accepted.
[2 : mcmc] Progress @ 2025-01-22 14:08:56 : 88 steps taken, and 1668 accepted.
[3 : mcmc] Progress @ 2025-01-22 14:08:58 : 79 steps taken, and 1775 accepted.
[1 : mcmc] Progress @ 2025-01-22 14:09:06 : 163 steps taken, and 1740 accepted.
[0 : mcmc] Progress @ 2025-01-22 14:09:50 : 101 steps taken, and 1603 accepted.
[2 : mcmc] Progress @ 2025-01-22 14:10:10 : 94 steps taken, and 1669 accepted.
[1 : mcmc] Progress @ 2025-01-22 14:10:18 : 171 steps taken, and 1742 accepted.
[3 : mcmc] Progress @ 2025-01-22 14:10:21 : 84 steps taken, and 1776 accepted.
[0 : mcmc] Progress @ 2025-01-22 14:11:09 : 105 steps taken, and 1604 accepted.
[1 : mcmc] Progress @ 2025-01-22 14:11:19 : 178 steps taken, and 1744 accepted.
[2 : mcmc] Progress @ 2025-01-22 14:11:23 : 102 steps taken, and 1671 accepted.
[3 : mcmc] Progress @ 2025-01-22 14:11:35 : 88 steps taken, and 1779 accepted.
[0 : mcmc] Progress @ 2025-01-22 14:12:12 : 111 steps taken, and 1606 accepted.
[1 : mcmc] Progress @ 2025-01-22 14:12:27 : 187 steps taken, and 1746 accepted.
[2 : mcmc] Progress @ 2025-01-22 14:12:28 : 105 steps taken, and 1673 accepted.
[3 : mcmc] Progress @ 2025-01-22 14:12:57 : 92 steps taken, and 1780 accepted.
[0 : mcmc] Progress @ 2025-01-22 14:13:21 : 115 steps taken, and 1607 accepted.
[1 : mcmc] Progress @ 2025-01-22 14:13:29 : 194 steps taken, and 1750 accepted.
[2 : mcmc] Progress @ 2025-01-22 14:13:39 : 109 steps taken, and 1675 accepted.
[3 : mcmc] Progress @ 2025-01-22 14:14:18 : 97 steps taken, and 1781 accepted.
[0 : mcmc] Progress @ 2025-01-22 14:14:27 : 119 steps taken, and 1608 accepted.
[1 : mcmc] Progress @ 2025-01-22 14:14:31 : 201 steps taken, and 1752 accepted.
[2 : mcmc] Progress @ 2025-01-22 14:14:39 : 112 steps taken, and 1675 accepted.
[3 : mcmc] Progress @ 2025-01-22 14:15:27 : 100 steps taken, and 1781 accepted.
[0 : mcmc] Progress @ 2025-01-22 14:15:39 : 123 steps taken, and 1609 accepted.
[1 : mcmc] Progress @ 2025-01-22 14:15:43 : 207 steps taken, and 1752 accepted.
[2 : mcmc] Progress @ 2025-01-22 14:15:49 : 115 steps taken, and 1676 accepted.
[3 : mcmc] Progress @ 2025-01-22 14:16:27 : 103 steps taken, and 1782 accepted.
[0 : mcmc] Progress @ 2025-01-22 14:16:42 : 126 steps taken, and 1611 accepted.
[2 : mcmc] Progress @ 2025-01-22 14:16:50 : 120 steps taken, and 1677 accepted.
[1 : mcmc] Progress @ 2025-01-22 14:16:50 : 212 steps taken, and 1754 accepted.
[0 : mcmc] Progress @ 2025-01-22 14:17:47 : 130 steps taken, and 1612 accepted.
[3 : mcmc] Progress @ 2025-01-22 14:17:48 : 108 steps taken, and 1783 accepted.
[1 : mcmc] Progress @ 2025-01-22 14:17:52 : 218 steps taken, and 1758 accepted.
[2 : mcmc] Progress @ 2025-01-22 14:17:59 : 123 steps taken, and 1677 accepted.
[3 : mcmc] Progress @ 2025-01-22 14:18:58 : 112 steps taken, and 1784 accepted.
[0 : mcmc] Progress @ 2025-01-22 14:19:03 : 134 steps taken, and 1616 accepted.
[1 : mcmc] Progress @ 2025-01-22 14:19:04 : 226 steps taken, and 1761 accepted.
[2 : mcmc] Progress @ 2025-01-22 14:19:17 : 129 steps taken, and 1678 accepted.
[3 : mcmc] Progress @ 2025-01-22 14:20:11 : 120 steps taken, and 1786 accepted.
[0 : mcmc] Progress @ 2025-01-22 14:20:13 : 139 steps taken, and 1619 accepted.
[1 : mcmc] Progress @ 2025-01-22 14:20:16 : 233 steps taken, and 1762 accepted.
[2 : mcmc] Progress @ 2025-01-22 14:20:20 : 133 steps taken, and 1679 accepted.
[3 : mcmc] Progress @ 2025-01-22 14:21:19 : 123 steps taken, and 1787 accepted.
[1 : mcmc] Progress @ 2025-01-22 14:21:28 : 240 steps taken, and 1765 accepted.
[0 : mcmc] Progress @ 2025-01-22 14:21:30 : 148 steps taken, and 1622 accepted.
[2 : mcmc] Progress @ 2025-01-22 14:21:41 : 137 steps taken, and 1680 accepted.
[3 : mcmc] Progress @ 2025-01-22 14:22:22 : 128 steps taken, and 1789 accepted.
[1 : mcmc] Progress @ 2025-01-22 14:22:37 : 246 steps taken, and 1765 accepted.
[0 : mcmc] Progress @ 2025-01-22 14:22:51 : 153 steps taken, and 1622 accepted.
[2 : mcmc] Progress @ 2025-01-22 14:23:01 : 143 steps taken, and 1681 accepted.
[1 : mcmc] Progress @ 2025-01-22 14:23:40 : 253 steps taken, and 1767 accepted.
[3 : mcmc] Progress @ 2025-01-22 14:23:44 : 135 steps taken, and 1790 accepted.
[0 : mcmc] Progress @ 2025-01-22 14:24:13 : 157 steps taken, and 1624 accepted.
[2 : mcmc] Progress @ 2025-01-22 14:24:24 : 147 steps taken, and 1684 accepted.
[1 : mcmc] Progress @ 2025-01-22 14:24:42 : 260 steps taken, and 1768 accepted.
[3 : mcmc] Progress @ 2025-01-22 14:24:57 : 140 steps taken, and 1793 accepted.
[0 : mcmc] Progress @ 2025-01-22 14:25:17 : 162 steps taken, and 1625 accepted.
[2 : mcmc] Progress @ 2025-01-22 14:25:29 : 151 steps taken, and 1685 accepted.
[1 : mcmc] Progress @ 2025-01-22 14:25:44 : 266 steps taken, and 1771 accepted.
[3 : mcmc] Progress @ 2025-01-22 14:26:09 : 143 steps taken, and 1794 accepted.
[0 : mcmc] Progress @ 2025-01-22 14:26:23 : 166 steps taken, and 1626 accepted.
[2 : mcmc] Progress @ 2025-01-22 14:26:35 : 155 steps taken, and 1686 accepted.
[1 : mcmc] Progress @ 2025-01-22 14:26:56 : 274 steps taken, and 1774 accepted.
[3 : mcmc] Progress @ 2025-01-22 14:27:11 : 146 steps taken, and 1796 accepted.
[2 : mcmc] Progress @ 2025-01-22 14:27:42 : 158 steps taken, and 1687 accepted.
[0 : mcmc] Progress @ 2025-01-22 14:27:46 : 171 steps taken, and 1628 accepted.
[1 : mcmc] Progress @ 2025-01-22 14:28:05 : 280 steps taken, and 1778 accepted.
[3 : mcmc] Progress @ 2025-01-22 14:28:21 : 150 steps taken, and 1796 accepted.
[0 : mcmc] Progress @ 2025-01-22 14:28:55 : 174 steps taken, and 1628 accepted.
[2 : mcmc] Progress @ 2025-01-22 14:29:05 : 162 steps taken, and 1687 accepted.
[1 : mcmc] Progress @ 2025-01-22 14:29:16 : 287 steps taken, and 1780 accepted.
[3 : mcmc] Progress @ 2025-01-22 14:29:28 : 156 steps taken, and 1799 accepted.
[0 : mcmc] Progress @ 2025-01-22 14:30:04 : 177 steps taken, and 1629 accepted.
[2 : mcmc] Progress @ 2025-01-22 14:30:09 : 168 steps taken, and 1689 accepted.
[3 : mcmc] Learn + convergence test @ 1800 samples accepted.
[3 : mcmc] Ready to check convergence and learn a new proposal covmat (waiting for the rest...)
[1 : mcmc] Progress @ 2025-01-22 14:30:21 : 295 steps taken, and 1783 accepted.
[3 : mcmc] Progress @ 2025-01-22 14:30:37 : 159 steps taken, and 1800 accepted.
[0 : mcmc] Progress @ 2025-01-22 14:31:25 : 183 steps taken, and 1629 accepted.
[2 : mcmc] Progress @ 2025-01-22 14:31:26 : 173 steps taken, and 1690 accepted.
[1 : mcmc] Progress @ 2025-01-22 14:31:29 : 301 steps taken, and 1784 accepted.
[3 : mcmc] Progress @ 2025-01-22 14:31:58 : 164 steps taken, and 1802 accepted.
[2 : mcmc] Progress @ 2025-01-22 14:32:33 : 176 steps taken, and 1690 accepted.
[1 : mcmc] Progress @ 2025-01-22 14:32:40 : 312 steps taken, and 1787 accepted.
[0 : mcmc] Progress @ 2025-01-22 14:32:41 : 188 steps taken, and 1630 accepted.
[3 : mcmc] Progress @ 2025-01-22 14:33:00 : 167 steps taken, and 1803 accepted.
[2 : mcmc] Progress @ 2025-01-22 14:33:44 : 180 steps taken, and 1692 accepted.
[1 : mcmc] Progress @ 2025-01-22 14:33:48 : 317 steps taken, and 1788 accepted.
[0 : mcmc] Progress @ 2025-01-22 14:33:53 : 192 steps taken, and 1631 accepted.
[3 : mcmc] Progress @ 2025-01-22 14:34:03 : 170 steps taken, and 1803 accepted.
[2 : mcmc] Progress @ 2025-01-22 14:34:50 : 183 steps taken, and 1692 accepted.
[0 : mcmc] Progress @ 2025-01-22 14:34:54 : 196 steps taken, and 1632 accepted.
[1 : mcmc] Progress @ 2025-01-22 14:34:59 : 323 steps taken, and 1789 accepted.
[3 : mcmc] Progress @ 2025-01-22 14:35:04 : 174 steps taken, and 1804 accepted.
[2 : mcmc] Progress @ 2025-01-22 14:35:59 : 187 steps taken, and 1694 accepted.
[1 : mcmc] Progress @ 2025-01-22 14:36:01 : 330 steps taken, and 1790 accepted.
[0 : mcmc] Progress @ 2025-01-22 14:36:04 : 199 steps taken, and 1633 accepted.
[3 : mcmc] Progress @ 2025-01-22 14:36:26 : 181 steps taken, and 1804 accepted.
[2 : mcmc] Progress @ 2025-01-22 14:37:02 : 191 steps taken, and 1696 accepted.
[0 : mcmc] Progress @ 2025-01-22 14:37:06 : 202 steps taken, and 1634 accepted.
[1 : mcmc] Progress @ 2025-01-22 14:37:13 : 339 steps taken, and 1794 accepted.
[3 : mcmc] Progress @ 2025-01-22 14:37:28 : 185 steps taken, and 1806 accepted.
[2 : mcmc] Progress @ 2025-01-22 14:38:08 : 195 steps taken, and 1699 accepted.
[1 : mcmc] Progress @ 2025-01-22 14:38:14 : 347 steps taken, and 1796 accepted.
[0 : mcmc] Progress @ 2025-01-22 14:38:26 : 206 steps taken, and 1635 accepted.
[3 : mcmc] Progress @ 2025-01-22 14:38:29 : 188 steps taken, and 1806 accepted.
[1 : mcmc] Progress @ 2025-01-22 14:39:19 : 354 steps taken, and 1799 accepted.
[2 : mcmc] Progress @ 2025-01-22 14:39:20 : 199 steps taken, and 1701 accepted.
[0 : mcmc] Progress @ 2025-01-22 14:39:36 : 210 steps taken, and 1637 accepted.
[1 : mcmc] Learn + convergence test @ 1800 samples accepted.
[1 : mcmc] Ready to check convergence and learn a new proposal covmat (waiting for the rest...)
[3 : mcmc] Progress @ 2025-01-22 14:39:52 : 192 steps taken, and 1809 accepted.
[2 : mcmc] Progress @ 2025-01-22 14:40:30 : 203 steps taken, and 1702 accepted.
[1 : mcmc] Progress @ 2025-01-22 14:40:31 : 362 steps taken, and 1803 accepted.
[0 : mcmc] Progress @ 2025-01-22 14:40:45 : 213 steps taken, and 1637 accepted.
[3 : mcmc] Progress @ 2025-01-22 14:41:14 : 196 steps taken, and 1809 accepted.
[1 : mcmc] Progress @ 2025-01-22 14:41:33 : 368 steps taken, and 1804 accepted.
[2 : mcmc] Progress @ 2025-01-22 14:41:36 : 207 steps taken, and 1702 accepted.
[0 : mcmc] Progress @ 2025-01-22 14:41:53 : 216 steps taken, and 1637 accepted.
[3 : mcmc] Progress @ 2025-01-22 14:42:27 : 199 steps taken, and 1811 accepted.
[1 : mcmc] Progress @ 2025-01-22 14:42:35 : 374 steps taken, and 1804 accepted.
[2 : mcmc] Progress @ 2025-01-22 14:42:52 : 215 steps taken, and 1703 accepted.
[0 : mcmc] Progress @ 2025-01-22 14:43:02 : 219 steps taken, and 1638 accepted.
[3 : mcmc] Progress @ 2025-01-22 14:43:37 : 202 steps taken, and 1811 accepted.
[1 : mcmc] Progress @ 2025-01-22 14:43:44 : 379 steps taken, and 1806 accepted.
[0 : mcmc] Progress @ 2025-01-22 14:44:03 : 222 steps taken, and 1639 accepted.
[2 : mcmc] Progress @ 2025-01-22 14:44:13 : 220 steps taken, and 1706 accepted.
[1 : mcmc] Progress @ 2025-01-22 14:44:56 : 385 steps taken, and 1807 accepted.
[3 : mcmc] Progress @ 2025-01-22 14:44:59 : 206 steps taken, and 1812 accepted.
[0 : mcmc] Progress @ 2025-01-22 14:45:23 : 226 steps taken, and 1641 accepted.
[2 : mcmc] Progress @ 2025-01-22 14:45:32 : 224 steps taken, and 1709 accepted.
[3 : mcmc] Progress @ 2025-01-22 14:46:06 : 210 steps taken, and 1815 accepted.
[1 : mcmc] Progress @ 2025-01-22 14:46:08 : 394 steps taken, and 1808 accepted.
[0 : mcmc] Progress @ 2025-01-22 14:46:30 : 229 steps taken, and 1643 accepted.
[2 : mcmc] Progress @ 2025-01-22 14:46:32 : 228 steps taken, and 1710 accepted.
[1 : mcmc] Progress @ 2025-01-22 14:47:16 : 400 steps taken, and 1809 accepted.
[3 : mcmc] Progress @ 2025-01-22 14:47:25 : 216 steps taken, and 1817 accepted.
[0 : mcmc] Progress @ 2025-01-22 14:47:37 : 235 steps taken, and 1645 accepted.
[2 : mcmc] Progress @ 2025-01-22 14:47:38 : 231 steps taken, and 1713 accepted.
[1 : mcmc] Progress @ 2025-01-22 14:48:28 : 409 steps taken, and 1810 accepted.
[0 : mcmc] Progress @ 2025-01-22 14:48:45 : 239 steps taken, and 1645 accepted.
[3 : mcmc] Progress @ 2025-01-22 14:48:48 : 220 steps taken, and 1818 accepted.
[2 : mcmc] Progress @ 2025-01-22 14:49:02 : 237 steps taken, and 1715 accepted.
[1 : mcmc] Progress @ 2025-01-22 14:49:38 : 415 steps taken, and 1813 accepted.
[0 : mcmc] Progress @ 2025-01-22 14:50:04 : 243 steps taken, and 1647 accepted.
[3 : mcmc] Progress @ 2025-01-22 14:50:07 : 224 steps taken, and 1822 accepted.
[2 : mcmc] Progress @ 2025-01-22 14:50:14 : 241 steps taken, and 1717 accepted.
[1 : mcmc] Progress @ 2025-01-22 14:50:40 : 421 steps taken, and 1817 accepted.
[0 : mcmc] Progress @ 2025-01-22 14:51:12 : 248 steps taken, and 1647 accepted.
[3 : mcmc] Progress @ 2025-01-22 14:51:13 : 227 steps taken, and 1822 accepted.
[2 : mcmc] Progress @ 2025-01-22 14:51:24 : 244 steps taken, and 1718 accepted.
[1 : mcmc] Progress @ 2025-01-22 14:51:48 : 426 steps taken, and 1820 accepted.
[3 : mcmc] Progress @ 2025-01-22 14:52:20 : 230 steps taken, and 1822 accepted.
[0 : mcmc] Progress @ 2025-01-22 14:52:21 : 252 steps taken, and 1650 accepted.
[2 : mcmc] Progress @ 2025-01-22 14:52:26 : 248 steps taken, and 1719 accepted.
[1 : mcmc] Progress @ 2025-01-22 14:52:50 : 432 steps taken, and 1821 accepted.
[3 : mcmc] Progress @ 2025-01-22 14:53:26 : 234 steps taken, and 1823 accepted.
[2 : mcmc] Progress @ 2025-01-22 14:53:37 : 251 steps taken, and 1720 accepted.
[0 : mcmc] Progress @ 2025-01-22 14:53:44 : 258 steps taken, and 1651 accepted.
[1 : mcmc] Progress @ 2025-01-22 14:53:59 : 437 steps taken, and 1822 accepted.
[3 : mcmc] Progress @ 2025-01-22 14:54:33 : 237 steps taken, and 1824 accepted.
[2 : mcmc] Progress @ 2025-01-22 14:54:45 : 255 steps taken, and 1720 accepted.
[0 : mcmc] Progress @ 2025-01-22 14:54:48 : 261 steps taken, and 1653 accepted.
[1 : mcmc] Progress @ 2025-01-22 14:55:04 : 445 steps taken, and 1824 accepted.
[3 : mcmc] Progress @ 2025-01-22 14:55:53 : 242 steps taken, and 1825 accepted.
[2 : mcmc] Progress @ 2025-01-22 14:55:56 : 259 steps taken, and 1723 accepted.
[1 : mcmc] Progress @ 2025-01-22 14:56:06 : 452 steps taken, and 1825 accepted.
[0 : mcmc] Progress @ 2025-01-22 14:56:08 : 267 steps taken, and 1655 accepted.
[3 : mcmc] Progress @ 2025-01-22 14:56:53 : 245 steps taken, and 1826 accepted.
[2 : mcmc] Progress @ 2025-01-22 14:57:09 : 262 steps taken, and 1724 accepted.
[1 : mcmc] Progress @ 2025-01-22 14:57:15 : 458 steps taken, and 1829 accepted.
[0 : mcmc] Progress @ 2025-01-22 14:57:27 : 272 steps taken, and 1656 accepted.
[3 : mcmc] Progress @ 2025-01-22 14:58:02 : 249 steps taken, and 1827 accepted.
[1 : mcmc] Progress @ 2025-01-22 14:58:16 : 464 steps taken, and 1831 accepted.
[2 : mcmc] Progress @ 2025-01-22 14:58:16 : 265 steps taken, and 1726 accepted.
[0 : mcmc] Progress @ 2025-01-22 14:58:35 : 277 steps taken, and 1660 accepted.
[3 : mcmc] Progress @ 2025-01-22 14:59:03 : 252 steps taken, and 1829 accepted.
[1 : mcmc] Progress @ 2025-01-22 14:59:17 : 471 steps taken, and 1832 accepted.
[2 : mcmc] Progress @ 2025-01-22 14:59:29 : 270 steps taken, and 1730 accepted.
[0 : mcmc] Progress @ 2025-01-22 14:59:40 : 282 steps taken, and 1661 accepted.
[3 : mcmc] Progress @ 2025-01-22 15:00:21 : 256 steps taken, and 1829 accepted.
[1 : mcmc] Progress @ 2025-01-22 15:00:26 : 476 steps taken, and 1832 accepted.
[2 : mcmc] Progress @ 2025-01-22 15:00:39 : 274 steps taken, and 1731 accepted.
[0 : mcmc] Progress @ 2025-01-22 15:01:03 : 286 steps taken, and 1662 accepted.
[3 : mcmc] Progress @ 2025-01-22 15:01:22 : 259 steps taken, and 1832 accepted.
[1 : mcmc] Progress @ 2025-01-22 15:01:28 : 482 steps taken, and 1835 accepted.
[2 : mcmc] Progress @ 2025-01-22 15:01:47 : 277 steps taken, and 1732 accepted.
[0 : mcmc] Progress @ 2025-01-22 15:02:14 : 290 steps taken, and 1662 accepted.
[3 : mcmc] Progress @ 2025-01-22 15:02:34 : 264 steps taken, and 1832 accepted.
[1 : mcmc] Progress @ 2025-01-22 15:02:39 : 489 steps taken, and 1836 accepted.
[2 : mcmc] Progress @ 2025-01-22 15:02:58 : 281 steps taken, and 1732 accepted.
[0 : mcmc] Progress @ 2025-01-22 15:03:34 : 297 steps taken, and 1663 accepted.
[1 : mcmc] Progress @ 2025-01-22 15:03:41 : 495 steps taken, and 1838 accepted.
[3 : mcmc] Progress @ 2025-01-22 15:03:54 : 269 steps taken, and 1833 accepted.
[2 : mcmc] Progress @ 2025-01-22 15:04:18 : 288 steps taken, and 1736 accepted.
[0 : mcmc] Progress @ 2025-01-22 15:04:36 : 300 steps taken, and 1664 accepted.
[1 : mcmc] Progress @ 2025-01-22 15:04:42 : 504 steps taken, and 1843 accepted.
[3 : mcmc] Progress @ 2025-01-22 15:04:55 : 272 steps taken, and 1835 accepted.
[2 : mcmc] Progress @ 2025-01-22 15:05:22 : 292 steps taken, and 1737 accepted.
[1 : mcmc] Progress @ 2025-01-22 15:05:42 : 515 steps taken, and 1844 accepted.
[0 : mcmc] Progress @ 2025-01-22 15:05:56 : 306 steps taken, and 1665 accepted.
[3 : mcmc] Progress @ 2025-01-22 15:06:00 : 280 steps taken, and 1838 accepted.
[1 : mcmc] Progress @ 2025-01-22 15:06:43 : 522 steps taken, and 1846 accepted.
[2 : mcmc] Progress @ 2025-01-22 15:06:46 : 296 steps taken, and 1739 accepted.
[0 : mcmc] Progress @ 2025-01-22 15:07:06 : 311 steps taken, and 1665 accepted.
[3 : mcmc] Progress @ 2025-01-22 15:07:08 : 283 steps taken, and 1838 accepted.
[1 : mcmc] Progress @ 2025-01-22 15:07:44 : 536 steps taken, and 1848 accepted.
[2 : mcmc] Progress @ 2025-01-22 15:08:05 : 301 steps taken, and 1742 accepted.
[node004:13696:0:13696] Caught signal 11 (Segmentation fault: address not mapped to object at address 0xfffffffc04449f68)
BFD: DWARF error: can't find .debug_ranges section.
BFD: DWARF error: can't find .debug_ranges section.
BFD: DWARF error: can't find .debug_ranges section.
BFD: DWARF error: can't find .debug_ranges section.
BFD: DWARF error: can't find .debug_ranges section.
BFD: DWARF error: can't find .debug_ranges section.
BFD: DWARF error: can't find .debug_ranges section.
BFD: DWARF error: can't find .debug_ranges section.
BFD: DWARF error: can't find .debug_ranges section.
BFD: DWARF error: can't find .debug_ranges section.
BFD: DWARF error: can't find .debug_ranges section.
BFD: DWARF error: can't find .debug_ranges section.
BFD: DWARF error: can't find .debug_ranges section.
BFD: DWARF error: can't find .debug_ranges section.
BFD: DWARF error: can't find .debug_ranges section.
BFD: DWARF error: can't find .debug_ranges section.
BFD: DWARF error: can't find .debug_ranges section.
BFD: DWARF error: can't find .debug_ranges section.
BFD: DWARF error: can't find .debug_ranges section.
BFD: DWARF error: can't find .debug_ranges section.
BFD: DWARF error: can't find .debug_ranges section.
BFD: DWARF error: can't find .debug_ranges section.
BFD: DWARF error: can't find .debug_ranges section.
BFD: DWARF error: can't find .debug_ranges section.
BFD: DWARF error: can't find .debug_ranges section.
BFD: DWARF error: can't find .debug_ranges section.
BFD: DWARF error: can't find .debug_ranges section.
BFD: DWARF error: can't find .debug_ranges section.
BFD: DWARF error: can't find .debug_ranges section.
BFD: DWARF error: can't find .debug_ranges section.
BFD: DWARF error: can't find .debug_ranges section.
BFD: DWARF error: can't find .debug_ranges section.
BFD: DWARF error: can't find .debug_ranges section.
BFD: DWARF error: can't find .debug_ranges section.
BFD: DWARF error: can't find .debug_ranges section.
BFD: DWARF error: can't find .debug_ranges section.
BFD: DWARF error: can't find .debug_ranges section.
BFD: DWARF error: can't find .debug_ranges section.
BFD: DWARF error: can't find .debug_ranges section.
BFD: DWARF error: can't find .debug_ranges section.
BFD: DWARF error: can't find .debug_ranges section.
BFD: DWARF error: can't find .debug_ranges section.
BFD: DWARF error: can't find .debug_ranges section.
BFD: DWARF error: can't find .debug_ranges section.
BFD: DWARF error: can't find .debug_ranges section.
BFD: DWARF error: can't find .debug_ranges section.
BFD: DWARF error: can't find .debug_ranges section.
BFD: DWARF error: can't find .debug_ranges section.
BFD: DWARF error: can't find .debug_ranges section.
BFD: DWARF error: can't find .debug_ranges section.
BFD: DWARF error: can't find .debug_ranges section.
BFD: DWARF error: can't find .debug_ranges section.
BFD: DWARF error: can't find .debug_ranges section.
BFD: DWARF error: can't find .debug_ranges section.
BFD: DWARF error: can't find .debug_ranges section.
BFD: DWARF error: can't find .debug_ranges section.
BFD: DWARF error: can't find .debug_ranges section.
BFD: DWARF error: can't find .debug_ranges section.
BFD: DWARF error: can't find .debug_ranges section.
BFD: DWARF error: can't find .debug_ranges section.
BFD: DWARF error: can't find .debug_ranges section.
BFD: DWARF error: can't find .debug_ranges section.
BFD: DWARF error: can't find .debug_ranges section.
BFD: DWARF error: can't find .debug_ranges section.
BFD: DWARF error: can't find .debug_ranges section.
BFD: DWARF error: can't find .debug_ranges section.
BFD: DWARF error: can't find .debug_ranges section.
BFD: DWARF error: can't find .debug_ranges section.
BFD: DWARF error: can't find .debug_ranges section.
BFD: DWARF error: can't find .debug_ranges section.
BFD: DWARF error: can't find .debug_ranges section.
BFD: DWARF error: can't find .debug_ranges section.
BFD: DWARF error: can't find .debug_ranges section.
BFD: DWARF error: can't find .debug_ranges section.
BFD: DWARF error: can't find .debug_ranges section.
BFD: DWARF error: can't find .debug_ranges section.
BFD: DWARF error: can't find .debug_ranges section.
BFD: DWARF error: can't find .debug_ranges section.
BFD: DWARF error: can't find .debug_ranges section.
BFD: DWARF error: can't find .debug_ranges section.
BFD: DWARF error: can't find .debug_ranges section.
BFD: DWARF error: can't find .debug_ranges section.
BFD: DWARF error: can't find .debug_ranges section.
BFD: DWARF error: can't find .debug_ranges section.
BFD: DWARF error: can't find .debug_ranges section.
BFD: DWARF error: can't find .debug_ranges section.
BFD: DWARF error: can't find .debug_ranges section.
BFD: DWARF error: can't find .debug_ranges section.
BFD: DWARF error: can't find .debug_ranges section.
BFD: DWARF error: can't find .debug_ranges section.
==== backtrace (tid:  13696) ====
 0 0x0000000000021563 ucs_debug_print_backtrace()  /dev/shm/UCX/1.8.0/GCCcore-9.3.0/ucx-1.8.0/src/ucs/debug/debug.c:653
 1 0x0000000000039f63 __massivenu_MOD_thermalnubackground_rho()  ???:0
 2 0x000000000003da49 __results_MOD_grho_no_de()  ???:0
 3 0x00000000000a5f01 dtauda_()  ???:0
 4 0x000000000004cfdc __results_MOD_thermo_init._omp_fn.0()  results.f90:0
 5 0x0000000000014295 GOMP_parallel_sections()  ???:0
 6 0x000000000004f7c2 __results_MOD_thermo_init()  ???:0
 7 0x00000000000f3923 __cambmain_MOD_initvars()  ???:0
 8 0x00000000000f9bff __cambmain_MOD_cmbmain()  ???:0
 9 0x0000000000105846 __camb_MOD_camb_getresults()  ???:0
10 0x00000000001104df __handles_MOD_cambdata_gettransfers()  ???:0
11 0x0000000000006a4a ffi_call_unix64()  :0
12 0x0000000000005fea ffi_call_int()  ffi64.c:0
13 0x00000000000091e0 _ctypes_callproc.cold()  :0
14 0x00000000000126ee PyCFuncPtr_call()  :0
15 0x00000000004f061c _PyObject_MakeTpCall()  ???:0
16 0x00000000004ec4f7 _PyEval_EvalFrameDefault()  ???:0
17 0x00000000004e694a _PyEval_EvalCode()  :0
18 0x000000000050500d method_vectorcall()  :0
19 0x00000000004e8a8b _PyEval_EvalFrameDefault()  ???:0
20 0x00000000004e694a _PyEval_EvalCode()  :0
21 0x00000000004f7d95 _PyFunction_Vectorcall()  ???:0
22 0x00000000004e8a8b _PyEval_EvalFrameDefault()  ???:0
23 0x00000000004e694a _PyEval_EvalCode()  :0
24 0x000000000050500d method_vectorcall()  :0
25 0x0000000000505744 PyObject_Call()  ???:0
26 0x00000000004eac68 _PyEval_EvalFrameDefault()  ???:0
27 0x00000000004e694a _PyEval_EvalCode()  :0
28 0x000000000050500d method_vectorcall()  :0
29 0x00000000004e8a8b _PyEval_EvalFrameDefault()  ???:0
30 0x00000000004e694a _PyEval_EvalCode()  :0
31 0x000000000050500d method_vectorcall()  :0
32 0x00000000004e8a8b _PyEval_EvalFrameDefault()  ???:0
33 0x00000000004e694a _PyEval_EvalCode()  :0
34 0x00000000004f7d95 _PyFunction_Vectorcall()  ???:0
35 0x00000000004e7edc _PyEval_EvalFrameDefault()  ???:0
36 0x00000000004f8073 function_code_fastcall()  :0
37 0x0000000000504f01 method_vectorcall()  :0
38 0x00000000004ec5b4 _PyEval_EvalFrameDefault()  ???:0
39 0x00000000004f8073 function_code_fastcall()  :0
40 0x00000000004e7edc _PyEval_EvalFrameDefault()  ???:0
41 0x00000000004e694a _PyEval_EvalCode()  :0
42 0x00000000004f7d95 _PyFunction_Vectorcall()  ???:0
43 0x0000000000505744 PyObject_Call()  ???:0
44 0x00000000004eac68 _PyEval_EvalFrameDefault()  ???:0
45 0x00000000004f8073 function_code_fastcall()  :0
46 0x00000000004e7c22 _PyEval_EvalFrameDefault()  ???:0
47 0x00000000004e694a _PyEval_EvalCode()  :0
48 0x00000000004e65d7 _PyEval_EvalCodeWithName()  ???:0
49 0x00000000004e6589 PyEval_EvalCodeEx()  ???:0
50 0x0000000000593f2b PyEval_EvalCode()  ???:0
51 0x00000000005c1697 run_eval_code_obj()  :0
52 0x00000000005bd6b0 run_mod()  :0
53 0x00000000004565eb pyrun_file.cold()  :0
54 0x00000000005b7392 PyRun_SimpleFileExFlags()  ???:0
55 0x00000000005b490e Py_RunMain()  ???:0
56 0x0000000000587fd9 Py_BytesMain()  ???:0
57 0x0000000000022555 __libc_start_main()  ???:0
=================================
[node004:13696] *** Process received signal ***
[node004:13696] Signal: Segmentation fault (11)
[node004:13696] Signal code:  (-6)
[node004:13696] Failing at address: 0x8cfb800003580
[node004:13696] [ 0] /lib64/libpthread.so.0(+0xf630)[0x7f1f80a92630]
[node004:13696] [ 1] /users/smp24dhl/cosmo/code/CAMB_beta/camb/camblib.so(__massivenu_MOD_thermalnubackground_rho+0x63)[0x7f1f5f387f63]
[node004:13696] [ 2] /users/smp24dhl/cosmo/code/CAMB_beta/camb/camblib.so(__results_MOD_grho_no_de+0xc9)[0x7f1f5f38ba49]
[node004:13696] [ 3] /users/smp24dhl/cosmo/code/CAMB_beta/camb/camblib.so(dtauda_+0x61)[0x7f1f5f3f3f01]
[node004:13696] [ 4] /users/smp24dhl/cosmo/code/CAMB_beta/camb/camblib.so(+0x4cfdc)[0x7f1f5f39afdc]
[node004:13696] [ 5] /users/smp24dhl/.conda/envs/cosmos/bin/../lib/libgomp.so.1(GOMP_parallel_sections+0x80)[0x7f1f5f323295]
[node004:13696] [ 6] /users/smp24dhl/cosmo/code/CAMB_beta/camb/camblib.so(__results_MOD_thermo_init+0x12d2)[0x7f1f5f39d7c2]
[node004:13696] [ 7] /users/smp24dhl/cosmo/code/CAMB_beta/camb/camblib.so(__cambmain_MOD_initvars+0x193)[0x7f1f5f441923]
[node004:13696] [ 8] /users/smp24dhl/cosmo/code/CAMB_beta/camb/camblib.so(__cambmain_MOD_cmbmain+0xbf)[0x7f1f5f447bff]
[node004:13696] [ 9] /users/smp24dhl/cosmo/code/CAMB_beta/camb/camblib.so(__camb_MOD_camb_getresults+0x2986)[0x7f1f5f453846]
[node004:13696] [10] /users/smp24dhl/cosmo/code/CAMB_beta/camb/camblib.so(__handles_MOD_cambdata_gettransfers+0x1f)[0x7f1f5f45e4df]
[node004:13696] [11] /users/smp24dhl/.conda/envs/cosmos/lib/python3.9/lib-dynload/../../libffi.so.8(+0x6a4a)[0x7f1f80d4da4a]
[node004:13696] [12] /users/smp24dhl/.conda/envs/cosmos/lib/python3.9/lib-dynload/../../libffi.so.8(+0x5fea)[0x7f1f80d4cfea]
[node004:13696] [13] /users/smp24dhl/.conda/envs/cosmos/lib/python3.9/lib-dynload/_ctypes.cpython-39-x86_64-linux-gnu.so(+0x91e0)[0x7f1f76a4c1e0]
[node004:13696] [14] /users/smp24dhl/.conda/envs/cosmos/lib/python3.9/lib-dynload/_ctypes.cpython-39-x86_64-linux-gnu.so(+0x126ee)[0x7f1f76a556ee]
[node004:13696] [15] /users/smp24dhl/.conda/envs/cosmos/bin/python(_PyObject_MakeTpCall+0x2ec)[0x4f061c]
[node004:13696] [16] /users/smp24dhl/.conda/envs/cosmos/bin/python(_PyEval_EvalFrameDefault+0x4ca7)[0x4ec4f7]
[node004:13696] [17] /users/smp24dhl/.conda/envs/cosmos/bin/python[0x4e694a]
[node004:13696] [18] /users/smp24dhl/.conda/envs/cosmos/bin/python[0x50500d]
[node004:13696] [19] /users/smp24dhl/.conda/envs/cosmos/bin/python(_PyEval_EvalFrameDefault+0x123b)[0x4e8a8b]
[node004:13696] [20] /users/smp24dhl/.conda/envs/cosmos/bin/python[0x4e694a]
[node004:13696] [21] /users/smp24dhl/.conda/envs/cosmos/bin/python(_PyFunction_Vectorcall+0xd5)[0x4f7d95]
[node004:13696] [22] /users/smp24dhl/.conda/envs/cosmos/bin/python(_PyEval_EvalFrameDefault+0x123b)[0x4e8a8b]
[node004:13696] [23] /users/smp24dhl/.conda/envs/cosmos/bin/python[0x4e694a]
[node004:13696] [24] /users/smp24dhl/.conda/envs/cosmos/bin/python[0x50500d]
[node004:13696] [25] /users/smp24dhl/.conda/envs/cosmos/bin/python(PyObject_Call+0xb4)[0x505744]
[node004:13696] [26] /users/smp24dhl/.conda/envs/cosmos/bin/python(_PyEval_EvalFrameDefault+0x3418)[0x4eac68]
[node004:13696] [27] /users/smp24dhl/.conda/envs/cosmos/bin/python[0x4e694a]
[node004:13696] [28] /users/smp24dhl/.conda/envs/cosmos/bin/python[0x50500d]
[node004:13696] [29] /users/smp24dhl/.conda/envs/cosmos/bin/python(_PyEval_EvalFrameDefault+0x123b)[0x4e8a8b]
[node004:13696] *** End of error message ***
--------------------------------------------------------------------------
Primary job  terminated normally, but 1 process returned
a non-zero exit code. Per user-direction, the job has been aborted.
--------------------------------------------------------------------------
--------------------------------------------------------------------------
mpirun noticed that process rank 1 with PID 13696 on node node004 exited on signal 11 (Segmentation fault).
--------------------------------------------------------------------------
