[0 : output] Output to be read-from/written-into folder 'chains', with prefix 'act-full'
[0 : output] Found existing info files with the requested output prefix: 'chains/act-full'
[0 : output] Let's try to resume/load.
[0 : output] Found an old sample. Resuming.
[0 : camb] `camb` module loaded successfully from /users/smp24dhl/cosmo/code/CAMB_beta/camb
Loading ACT DR6 lensing likelihood v1.2...
Loading ACT DR6 lensing likelihood v1.2...
Loading ACT DR6 lensing likelihood v1.2...
Loading ACT DR6 lensing likelihood v1.2...
/users/smp24dhl/cosmo/code/act_dr6_lenslike/act_dr6_lenslike/act_dr6_lenslike.py:416: UserWarning: Hartlap correction to cinv: 0.949874686716792
  warnings.warn(f"Hartlap correction to cinv: {hartlap_correction}")
[1 : bao.desi_2024_bao_all] Initialized.
/users/smp24dhl/cosmo/code/act_dr6_lenslike/act_dr6_lenslike/act_dr6_lenslike.py:416: UserWarning: Hartlap correction to cinv: 0.949874686716792
  warnings.warn(f"Hartlap correction to cinv: {hartlap_correction}")
[3 : bao.desi_2024_bao_all] Initialized.
/users/smp24dhl/cosmo/code/act_dr6_lenslike/act_dr6_lenslike/act_dr6_lenslike.py:416: UserWarning: Hartlap correction to cinv: 0.949874686716792
  warnings.warn(f"Hartlap correction to cinv: {hartlap_correction}")
/users/smp24dhl/cosmo/code/act_dr6_lenslike/act_dr6_lenslike/act_dr6_lenslike.py:416: UserWarning: Hartlap correction to cinv: 0.949874686716792
  warnings.warn(f"Hartlap correction to cinv: {hartlap_correction}")
[0 : bao.desi_2024_bao_all] Initialized.
[2 : bao.desi_2024_bao_all] Initialized.
[0 : mcmc] Resuming from previous sample!
[3 : samplecollection] Loaded 3537 sample points from 'chains/act-full.4.txt'
[1 : samplecollection] Loaded 3493 sample points from 'chains/act-full.2.txt'
[2 : samplecollection] Loaded 4404 sample points from 'chains/act-full.3.txt'
[0 : samplecollection] Loaded 4285 sample points from 'chains/act-full.1.txt'
[3 : mcmc] Initial point: logA:3.025961, ns:0.9820029, theta_MC_100:1.039861, ombh2:0.01931751, omch2:0.1155128, w:-0.8463659, wa:-0.4078238, beta_DE:-0.6466824, tau:0.04764034
[1 : mcmc] Initial point: logA:3.09712, ns:1.005864, theta_MC_100:1.025941, ombh2:0.02074979, omch2:0.1012311, w:-0.9222453, wa:0.1232197, beta_DE:1.538617, tau:0.07627758
[0 : mcmc] Initial point: logA:3.048792, ns:0.9975287, theta_MC_100:1.045956, ombh2:0.02209009, omch2:0.1190452, w:-0.8846779, wa:-0.2427296, beta_DE:2.970554, tau:0.05432665
[2 : mcmc] Initial point: logA:3.216828, ns:1.056519, theta_MC_100:1.056065, ombh2:0.04789187, omch2:0.1475838, w:-0.9164737, wa:0.2436057, beta_DE:1.771261, tau:0.08845033
[0 : mcmc] *WARNING* Parameter blocking manually/previously fixed: speeds will not be measured.
[0 : mcmc] *WARNING* Dragging disabled: speed ratios < 2.
[0 : mcmc] Covariance matrix from previous sample.
[0 : mcmc] Sampling!
[3 : mcmc] Progress @ 2025-01-03 15:55:43 : 1 steps taken, and 3537 accepted.
[1 : mcmc] Progress @ 2025-01-03 15:55:43 : 1 steps taken, and 3493 accepted.
[2 : mcmc] Progress @ 2025-01-03 15:55:43 : 1 steps taken, and 4404 accepted.
[0 : mcmc] Progress @ 2025-01-03 15:55:44 : 1 steps taken, and 4285 accepted.
[0 : mcmc] Progress @ 2025-01-03 15:56:44 : 43 steps taken, and 4288 accepted.
[2 : mcmc] Progress @ 2025-01-03 15:56:44 : 35 steps taken, and 4405 accepted.
[3 : mcmc] Progress @ 2025-01-03 15:56:45 : 35 steps taken, and 3541 accepted.
[1 : mcmc] Progress @ 2025-01-03 15:56:45 : 40 steps taken, and 3498 accepted.
[0 : mcmc] Progress @ 2025-01-03 15:57:45 : 78 steps taken, and 4294 accepted.
[3 : mcmc] Progress @ 2025-01-03 15:57:46 : 70 steps taken, and 3546 accepted.
[2 : mcmc] Progress @ 2025-01-03 15:57:46 : 70 steps taken, and 4408 accepted.
[1 : mcmc] Progress @ 2025-01-03 15:57:47 : 79 steps taken, and 3502 accepted.
[0 : mcmc] Progress @ 2025-01-03 15:58:46 : 108 steps taken, and 4303 accepted.
[3 : mcmc] Progress @ 2025-01-03 15:58:46 : 105 steps taken, and 3553 accepted.
[2 : mcmc] Progress @ 2025-01-03 15:58:47 : 106 steps taken, and 4412 accepted.
[1 : mcmc] Progress @ 2025-01-03 15:58:49 : 122 steps taken, and 3508 accepted.
[0 : mcmc] Progress @ 2025-01-03 15:59:47 : 141 steps taken, and 4308 accepted.
[3 : mcmc] Progress @ 2025-01-03 15:59:47 : 140 steps taken, and 3557 accepted.
[2 : mcmc] Progress @ 2025-01-03 15:59:49 : 149 steps taken, and 4414 accepted.
[1 : mcmc] Progress @ 2025-01-03 15:59:50 : 161 steps taken, and 3517 accepted.
[3 : mcmc] Progress @ 2025-01-03 16:00:47 : 185 steps taken, and 3567 accepted.
[0 : mcmc] Progress @ 2025-01-03 16:00:48 : 168 steps taken, and 4315 accepted.
[2 : mcmc] Progress @ 2025-01-03 16:00:49 : 189 steps taken, and 4423 accepted.
[1 : mcmc] Progress @ 2025-01-03 16:00:52 : 210 steps taken, and 3527 accepted.
[node128:3086 :0:3200] Caught signal 11 (Segmentation fault: address not mapped to object at address 0xfffffffc032c3308)
BFD: DWARF error: can't find .debug_ranges section.
BFD: DWARF error: can't find .debug_ranges section.
==== backtrace (tid:   3200) ====
 0 0x0000000000021563 ucs_debug_print_backtrace()  /dev/shm/UCX/1.8.0/GCCcore-9.3.0/ucx-1.8.0/src/ucs/debug/debug.c:653
 1 0x0000000000039f63 __massivenu_MOD_thermalnubackground_rho()  ???:0
 2 0x000000000003da49 __results_MOD_grho_no_de()  ???:0
 3 0x00000000000a5f01 dtauda_()  ???:0
 4 0x000000000004cfdc __results_MOD_thermo_init._omp_fn.0()  results.f90:0
 5 0x0000000000018f09 gomp_thread_start()  team.c:0
 6 0x0000000000007ea5 start_thread()  pthread_create.c:0
 7 0x00000000000feb0d __clone()  ???:0
=================================
[node128:03086] *** Process received signal ***
[node128:03086] Signal: Segmentation fault (11)
[node128:03086] Signal code:  (-6)
[node128:03086] Failing at address: 0x8cfb800000c0e
[node128:03086] [ 0] /lib64/libpthread.so.0(+0xf630)[0x7f1e65ff3630]
[node128:03086] [ 1] /users/smp24dhl/cosmo/code/CAMB_beta/camb/camblib.so(__massivenu_MOD_thermalnubackground_rho+0x63)[0x7f1e09148f63]
[node128:03086] [ 2] /users/smp24dhl/cosmo/code/CAMB_beta/camb/camblib.so(__results_MOD_grho_no_de+0xc9)[0x7f1e0914ca49]
[node128:03086] [ 3] /users/smp24dhl/cosmo/code/CAMB_beta/camb/camblib.so(dtauda_+0x61)[0x7f1e091b4f01]
[node128:03086] [ 4] /users/smp24dhl/cosmo/code/CAMB_beta/camb/camblib.so(+0x4cfdc)[0x7f1e0915bfdc]
[node128:03086] [ 5] /users/smp24dhl/.conda/envs/cosmos/bin/../lib/libgomp.so.1(+0x18f09)[0x7f1e090e8f09]
[node128:03086] [ 6] /lib64/libpthread.so.0(+0x7ea5)[0x7f1e65febea5]
[node128:03086] [ 7] /lib64/libc.so.6(clone+0x6d)[0x7f1e6560bb0d]
[node128:03086] *** End of error message ***
--------------------------------------------------------------------------
Primary job  terminated normally, but 1 process returned
a non-zero exit code. Per user-direction, the job has been aborted.
--------------------------------------------------------------------------
--------------------------------------------------------------------------
mpirun noticed that process rank 0 with PID 3086 on node node128 exited on signal 11 (Segmentation fault).
--------------------------------------------------------------------------
