[0 : output] Output to be read-from/written-into folder 'chains', with prefix 'act-full'
[0 : output] Found existing info files with the requested output prefix: 'chains/act-full'
[0 : output] Let's try to resume/load.
[0 : output] Found an old sample. Resuming.
[0 : camb] `camb` module loaded successfully from /users/smp24dhl/cosmo/code/CAMB_beta/camb
Loading ACT DR6 lensing likelihood v1.2...
Loading ACT DR6 lensing likelihood v1.2...
Loading ACT DR6 lensing likelihood v1.2...
Loading ACT DR6 lensing likelihood v1.2...
/users/smp24dhl/cosmo/code/act_dr6_lenslike/act_dr6_lenslike/act_dr6_lenslike.py:416: UserWarning: Hartlap correction to cinv: 0.949874686716792
  warnings.warn(f"Hartlap correction to cinv: {hartlap_correction}")
[1 : bao.desi_2024_bao_all] Initialized.
/users/smp24dhl/cosmo/code/act_dr6_lenslike/act_dr6_lenslike/act_dr6_lenslike.py:416: UserWarning: Hartlap correction to cinv: 0.949874686716792
  warnings.warn(f"Hartlap correction to cinv: {hartlap_correction}")
/users/smp24dhl/cosmo/code/act_dr6_lenslike/act_dr6_lenslike/act_dr6_lenslike.py:416: UserWarning: Hartlap correction to cinv: 0.949874686716792
  warnings.warn(f"Hartlap correction to cinv: {hartlap_correction}")
[3 : bao.desi_2024_bao_all] Initialized.
[2 : bao.desi_2024_bao_all] Initialized.
/users/smp24dhl/cosmo/code/act_dr6_lenslike/act_dr6_lenslike/act_dr6_lenslike.py:416: UserWarning: Hartlap correction to cinv: 0.949874686716792
  warnings.warn(f"Hartlap correction to cinv: {hartlap_correction}")
[0 : bao.desi_2024_bao_all] Initialized.
[0 : mcmc] Resuming from previous sample!
[1 : samplecollection] Loaded 2907 sample points from 'chains/act-full.2.txt'
[3 : samplecollection] Loaded 2984 sample points from 'chains/act-full.4.txt'
[2 : samplecollection] Loaded 3824 sample points from 'chains/act-full.3.txt'
[0 : samplecollection] Loaded 3712 sample points from 'chains/act-full.1.txt'
[2 : mcmc] Initial point: logA:3.067183, ns:0.9952837, theta_MC_100:1.034865, ombh2:0.01894042, omch2:0.1081773, w:-0.9199219, wa:-0.02971671, beta_DE:-1.42015, tau:0.05298922
[3 : mcmc] Initial point: logA:3.127754, ns:0.9999109, theta_MC_100:1.052547, ombh2:0.03288993, omch2:0.1281552, w:-0.9782513, wa:0.1046963, beta_DE:0.2923401, tau:0.06474448
[0 : mcmc] Initial point: logA:3.035929, ns:1.002708, theta_MC_100:1.042404, ombh2:0.02363768, omch2:0.1195715, w:-0.8882084, wa:-0.1173374, beta_DE:-1.049959, tau:0.04936284
[1 : mcmc] Initial point: logA:3.017167, ns:1.012652, theta_MC_100:1.035334, ombh2:0.02092962, omch2:0.1085288, w:-0.9188893, wa:-0.1570859, beta_DE:2.706452, tau:0.04031045
[0 : mcmc] *WARNING* Parameter blocking manually/previously fixed: speeds will not be measured.
[0 : mcmc] *WARNING* Dragging disabled: speed ratios < 2.
[0 : mcmc] Covariance matrix from previous sample.
[0 : mcmc] Sampling!
[2 : mcmc] Progress @ 2025-01-03 12:38:23 : 1 steps taken, and 3824 accepted.
[3 : mcmc] Progress @ 2025-01-03 12:38:23 : 1 steps taken, and 2984 accepted.
[0 : mcmc] Progress @ 2025-01-03 12:38:26 : 1 steps taken, and 3712 accepted.
[1 : mcmc] Progress @ 2025-01-03 12:38:26 : 1 steps taken, and 2907 accepted.
[3 : mcmc] Progress @ 2025-01-03 12:39:23 : 36 steps taken, and 2987 accepted.
[2 : mcmc] Progress @ 2025-01-03 12:39:24 : 44 steps taken, and 3832 accepted.
[0 : mcmc] Progress @ 2025-01-03 12:39:26 : 34 steps taken, and 3718 accepted.
[1 : mcmc] Progress @ 2025-01-03 12:39:27 : 36 steps taken, and 2920 accepted.
[3 : mcmc] Progress @ 2025-01-03 12:40:26 : 67 steps taken, and 2994 accepted.
[2 : mcmc] Progress @ 2025-01-03 12:40:26 : 83 steps taken, and 3842 accepted.
[0 : mcmc] Progress @ 2025-01-03 12:40:27 : 65 steps taken, and 3723 accepted.
[1 : mcmc] Progress @ 2025-01-03 12:40:28 : 75 steps taken, and 2930 accepted.
[3 : mcmc] Progress @ 2025-01-03 12:41:26 : 109 steps taken, and 3003 accepted.
[2 : mcmc] Progress @ 2025-01-03 12:41:27 : 114 steps taken, and 3847 accepted.
[1 : mcmc] Progress @ 2025-01-03 12:41:29 : 111 steps taken, and 2939 accepted.
[0 : mcmc] Progress @ 2025-01-03 12:41:29 : 98 steps taken, and 3731 accepted.
[3 : mcmc] Progress @ 2025-01-03 12:42:26 : 157 steps taken, and 3010 accepted.
[2 : mcmc] Progress @ 2025-01-03 12:42:28 : 146 steps taken, and 3854 accepted.
[0 : mcmc] Progress @ 2025-01-03 12:42:29 : 128 steps taken, and 3739 accepted.
[1 : mcmc] Progress @ 2025-01-03 12:42:31 : 145 steps taken, and 2942 accepted.
[3 : mcmc] Progress @ 2025-01-03 12:43:27 : 192 steps taken, and 3012 accepted.
[2 : mcmc] Progress @ 2025-01-03 12:43:28 : 174 steps taken, and 3858 accepted.
[0 : mcmc] Progress @ 2025-01-03 12:43:31 : 161 steps taken, and 3743 accepted.
[1 : mcmc] Progress @ 2025-01-03 12:43:33 : 193 steps taken, and 2955 accepted.
[3 : mcmc] Progress @ 2025-01-03 12:44:28 : 226 steps taken, and 3015 accepted.
[2 : mcmc] Progress @ 2025-01-03 12:44:30 : 207 steps taken, and 3862 accepted.
[0 : mcmc] Progress @ 2025-01-03 12:44:31 : 196 steps taken, and 3748 accepted.
[1 : mcmc] Progress @ 2025-01-03 12:44:33 : 227 steps taken, and 2960 accepted.
[node128:12352:0:12463] Caught signal 11 (Segmentation fault: address not mapped to object at address 0xfffffffc033aa0c8)
BFD: DWARF error: can't find .debug_ranges section.
BFD: DWARF error: can't find .debug_ranges section.
==== backtrace (tid:  12463) ====
 0 0x0000000000021563 ucs_debug_print_backtrace()  /dev/shm/UCX/1.8.0/GCCcore-9.3.0/ucx-1.8.0/src/ucs/debug/debug.c:653
 1 0x0000000000039f63 __massivenu_MOD_thermalnubackground_rho()  ???:0
 2 0x000000000003da49 __results_MOD_grho_no_de()  ???:0
 3 0x00000000000a5f01 dtauda_()  ???:0
 4 0x000000000004cfdc __results_MOD_thermo_init._omp_fn.0()  results.f90:0
 5 0x0000000000018f09 gomp_thread_start()  team.c:0
 6 0x0000000000007ea5 start_thread()  pthread_create.c:0
 7 0x00000000000feb0d __clone()  ???:0
=================================
[node128:12352] *** Process received signal ***
[node128:12352] Signal: Segmentation fault (11)
[node128:12352] Signal code:  (-6)
[node128:12352] Failing at address: 0x8cfb800003040
[node128:12352] [ 0] /lib64/libpthread.so.0(+0xf630)[0x7fa396086630]
[node128:12352] [ 1] /users/smp24dhl/cosmo/code/CAMB_beta/camb/camblib.so(__massivenu_MOD_thermalnubackground_rho+0x63)[0x7fa3391fcf63]
[node128:12352] [ 2] /users/smp24dhl/cosmo/code/CAMB_beta/camb/camblib.so(__results_MOD_grho_no_de+0xc9)[0x7fa339200a49]
[node128:12352] [ 3] /users/smp24dhl/cosmo/code/CAMB_beta/camb/camblib.so(dtauda_+0x61)[0x7fa339268f01]
[node128:12352] [ 4] /users/smp24dhl/cosmo/code/CAMB_beta/camb/camblib.so(+0x4cfdc)[0x7fa33920ffdc]
[node128:12352] [ 5] /users/smp24dhl/.conda/envs/cosmos/bin/../lib/libgomp.so.1(+0x18f09)[0x7fa33919cf09]
[node128:12352] [ 6] /lib64/libpthread.so.0(+0x7ea5)[0x7fa39607eea5]
[node128:12352] [ 7] /lib64/libc.so.6(clone+0x6d)[0x7fa39569eb0d]
[node128:12352] *** End of error message ***
--------------------------------------------------------------------------
Primary job  terminated normally, but 1 process returned
a non-zero exit code. Per user-direction, the job has been aborted.
--------------------------------------------------------------------------
--------------------------------------------------------------------------
mpirun noticed that process rank 0 with PID 12352 on node node128 exited on signal 11 (Segmentation fault).
--------------------------------------------------------------------------
