[0 : output] Output to be read-from/written-into folder 'chains', with prefix 'act-full'
[0 : output] Found existing info files with the requested output prefix: 'chains/act-full'
[0 : output] Let's try to resume/load.
[0 : output] Found an old sample. Resuming.
[0 : prior] *WARNING* External prior 'SZ' loaded. Mind that it might not be normalized!

libgomp: 
libgomp: Invalid value for environment variable OMP_NUM_THREADS: 

libgomp: Invalid value for environment variable OMP_NUM_THREADS: 

libgomp: Invalid value for environment variable OMP_NUM_THREADS: 
Invalid value for environment variable OMP_NUM_THREADS: 
[0 : camb] `camb` module loaded successfully from /users/smp24dhl/cosmo/code/CAMB_beta/camb
[0 : planck_2018_highl_plik.ttteee] `clik` module loaded successfully from /users/smp24dhl/cosmo/code/planck/clik/lib/python3.9/site-packages/clik
----
----
clik version clik_16.0b1-2-g63c889f3aa9c MAKEFILE
  smica
clik version clik_16.0b1-2-g63c889f3aa9c MAKEFILE
  smica
----
clik version clik_16.0b1-2-g63c889f3aa9c MAKEFILE
  smica
----
clik version clik_16.0b1-2-g63c889f3aa9c MAKEFILE
  smica
Checking likelihood '/users/smp24dhl/cosmo/data/planck_2018/baseline/plc_3.0/hi_l/plik/plik_rd12_HM_v22b_TTTEEE.clik' on test data. got -1172.47 expected -1172.47 (diff -4.34057e-07)
----
Checking likelihood '/users/smp24dhl/cosmo/data/planck_2018/baseline/plc_3.0/hi_l/plik/plik_rd12_HM_v22b_TTTEEE.clik' on test data. got -1172.47 expected -1172.47 (diff -4.34056e-07)
----
Checking likelihood '/users/smp24dhl/cosmo/data/planck_2018/baseline/plc_3.0/hi_l/plik/plik_rd12_HM_v22b_TTTEEE.clik' on test data. got -1172.47 expected -1172.47 (diff -4.34057e-07)
Loading ACT DR6 lensing likelihood v1.2...
Loading ACT DR6 lensing likelihood v1.2...
Checking likelihood '/users/smp24dhl/cosmo/data/planck_2018/baseline/plc_3.0/hi_l/plik/plik_rd12_HM_v22b_TTTEEE.clik' on test data. got -1172.47 expected -1172.47 (diff -4.34056e-07)
----
----
Loading ACT DR6 lensing likelihood v1.2...
Loading ACT DR6 lensing likelihood v1.2...
/users/smp24dhl/cosmo/code/act_dr6_lenslike/act_dr6_lenslike/act_dr6_lenslike.py:416: UserWarning: Hartlap correction to cinv: 0.949874686716792
  warnings.warn(f"Hartlap correction to cinv: {hartlap_correction}")
/users/smp24dhl/cosmo/code/act_dr6_lenslike/act_dr6_lenslike/act_dr6_lenslike.py:416: UserWarning: Hartlap correction to cinv: 0.949874686716792
  warnings.warn(f"Hartlap correction to cinv: {hartlap_correction}")
/users/smp24dhl/cosmo/code/act_dr6_lenslike/act_dr6_lenslike/act_dr6_lenslike.py:416: UserWarning: Hartlap correction to cinv: 0.949874686716792
  warnings.warn(f"Hartlap correction to cinv: {hartlap_correction}")
/users/smp24dhl/cosmo/code/act_dr6_lenslike/act_dr6_lenslike/act_dr6_lenslike.py:416: UserWarning: Hartlap correction to cinv: 0.949874686716792
  warnings.warn(f"Hartlap correction to cinv: {hartlap_correction}")
[0 : bao.desi_2024_bao_all] Initialized.
[1 : bao.desi_2024_bao_all] Initialized.
[3 : bao.desi_2024_bao_all] Initialized.
[2 : bao.desi_2024_bao_all] Initialized.
[0 : mcmc] Resuming from previous sample!
[0 : samplecollection] Loaded 3248 sample points from 'chains/act-full.1.txt'
[2 : samplecollection] Loaded 3359 sample points from 'chains/act-full.3.txt'
[1 : samplecollection] Loaded 3402 sample points from 'chains/act-full.2.txt'
[3 : samplecollection] Loaded 3501 sample points from 'chains/act-full.4.txt'
[1 : mcmc] Initial point: logA:3.026366, ns:0.9605329, theta_MC_100:1.040788, ombh2:0.02239803, omch2:0.1209694, w:-0.8568582, wa:-0.6499753, beta_DE:-0.1123034, tau:0.04281307, A_planck:1.002276, calib_100T:0.9996588, calib_217T:0.9984782, A_cib_217:46.33533, xi_sz_cib:0.5506604, A_sz:1.940256, ksz_norm:5.495534, gal545_A_100:8.802561, gal545_A_143:9.965785, gal545_A_143_217:20.26361, gal545_A_217:97.83595, ps_A_100_100:297.2981, ps_A_143_143:59.99068, ps_A_143_217:36.86335, ps_A_217_217:111.2902, galf_TE_A_100:0.1213137, galf_TE_A_100_143:0.1187519, galf_TE_A_100_217:0.4078945, galf_TE_A_143:0.241718, galf_TE_A_143_217:0.6234066, galf_TE_A_217:1.801887
[0 : mcmc] Initial point: logA:3.030759, ns:0.9613218, theta_MC_100:1.040771, ombh2:0.02241945, omch2:0.1211475, w:-0.8497664, wa:-0.7962761, beta_DE:1.559642, tau:0.04890764, A_planck:0.9967337, calib_100T:0.9996202, calib_217T:0.9979411, A_cib_217:48.59495, xi_sz_cib:0.7998969, A_sz:6.794122, ksz_norm:0.9699017, gal545_A_100:8.563306, gal545_A_143:13.41914, gal545_A_143_217:21.07295, gal545_A_217:89.50539, ps_A_100_100:230.7079, ps_A_143_143:44.99404, ps_A_143_217:53.31453, ps_A_217_217:120.3392, galf_TE_A_100:0.1569399, galf_TE_A_100_143:0.1803476, galf_TE_A_100_217:0.5795363, galf_TE_A_143:0.188723, galf_TE_A_143_217:0.733164, galf_TE_A_217:2.466788
[3 : mcmc] Initial point: logA:3.029381, ns:0.9645022, theta_MC_100:1.041216, ombh2:0.02242213, omch2:0.1194606, w:-0.8066583, wa:-0.6751016, beta_DE:0.561792, tau:0.0467368, A_planck:1.000549, calib_100T:0.9991632, calib_217T:0.9977238, A_cib_217:47.88641, xi_sz_cib:0.9465792, A_sz:2.896821, ksz_norm:2.067332, gal545_A_100:6.66843, gal545_A_143:12.36773, gal545_A_143_217:15.37171, gal545_A_217:86.44772, ps_A_100_100:291.143, ps_A_143_143:53.60936, ps_A_143_217:50.95719, ps_A_217_217:120.2864, galf_TE_A_100:0.1222691, galf_TE_A_100_143:0.1332218, galf_TE_A_100_217:0.539986, galf_TE_A_143:0.2020865, galf_TE_A_143_217:0.5687032, galf_TE_A_217:2.000815
[2 : mcmc] Initial point: logA:3.035471, ns:0.9677093, theta_MC_100:1.04106, ombh2:0.02248651, omch2:0.118914, w:-0.9534688, wa:-0.2954843, beta_DE:0.1753574, tau:0.05169339, A_planck:0.9997875, calib_100T:0.9996961, calib_217T:0.99854, A_cib_217:33.32771, xi_sz_cib:0.8778869, A_sz:8.163869, ksz_norm:0.3652836, gal545_A_100:9.269874, gal545_A_143:11.73987, gal545_A_143_217:28.48539, gal545_A_217:119.743, ps_A_100_100:262.3709, ps_A_143_143:53.39253, ps_A_143_217:52.69316, ps_A_217_217:126.5905, galf_TE_A_100:0.08234729, galf_TE_A_100_143:0.1888757, galf_TE_A_100_217:0.5847428, galf_TE_A_143:0.313717, galf_TE_A_143_217:0.6697701, galf_TE_A_217:2.054025
[0 : mcmc] *WARNING* Parameter blocking manually/previously fixed: speeds will not be measured.
[0 : mcmc] Dragging with number of interpolating steps:
[0 : mcmc] *  1 : (['theta_MC_100', 'ombh2', 'omch2', 'w', 'wa', 'beta_DE', 'tau'], ['logA', 'ns'])
[0 : mcmc] * 12 : (['A_planck'], ['calib_100T', 'calib_217T', 'A_cib_217', 'xi_sz_cib', 'A_sz', 'ksz_norm', 'gal545_A_100', 'gal545_A_143', 'gal545_A_143_217', 'gal545_A_217', 'ps_A_100_100', 'ps_A_143_143', 'ps_A_143_217', 'ps_A_217_217', 'galf_TE_A_100', 'galf_TE_A_100_143', 'galf_TE_A_100_217', 'galf_TE_A_143', 'galf_TE_A_143_217', 'galf_TE_A_217'])
[0 : mcmc] Covariance matrix from previous sample.
[0 : mcmc] Sampling!
[0 : mcmc] Progress @ 2025-02-05 12:19:29 : 1 steps taken, and 3248 accepted.
[3 : mcmc] Progress @ 2025-02-05 12:19:31 : 1 steps taken, and 3501 accepted.
[1 : mcmc] Progress @ 2025-02-05 12:19:31 : 1 steps taken, and 3402 accepted.
[2 : mcmc] Progress @ 2025-02-05 12:19:37 : 1 steps taken, and 3359 accepted.
[0 : mcmc] Progress @ 2025-02-05 12:20:47 : 4 steps taken, and 3248 accepted.
[3 : mcmc] Progress @ 2025-02-05 12:20:48 : 4 steps taken, and 3501 accepted.
[2 : mcmc] Progress @ 2025-02-05 12:20:50 : 5 steps taken, and 3360 accepted.
[1 : mcmc] Progress @ 2025-02-05 12:20:51 : 4 steps taken, and 3402 accepted.
[0 : mcmc] Progress @ 2025-02-05 12:21:51 : 7 steps taken, and 3248 accepted.
[1 : mcmc] Progress @ 2025-02-05 12:22:00 : 6 steps taken, and 3402 accepted.
[3 : mcmc] Progress @ 2025-02-05 12:22:09 : 8 steps taken, and 3503 accepted.
[2 : mcmc] Progress @ 2025-02-05 12:22:10 : 13 steps taken, and 3360 accepted.
[0 : mcmc] Progress @ 2025-02-05 12:23:08 : 13 steps taken, and 3249 accepted.
[1 : mcmc] Progress @ 2025-02-05 12:23:10 : 10 steps taken, and 3403 accepted.
[2 : mcmc] Progress @ 2025-02-05 12:23:13 : 20 steps taken, and 3362 accepted.
[3 : mcmc] Progress @ 2025-02-05 12:23:31 : 12 steps taken, and 3505 accepted.
[2 : mcmc] Progress @ 2025-02-05 12:24:24 : 23 steps taken, and 3363 accepted.
[0 : mcmc] Progress @ 2025-02-05 12:24:29 : 18 steps taken, and 3252 accepted.
[1 : mcmc] Progress @ 2025-02-05 12:24:34 : 13 steps taken, and 3405 accepted.
[3 : mcmc] Progress @ 2025-02-05 12:24:35 : 15 steps taken, and 3506 accepted.
[1 : mcmc] Progress @ 2025-02-05 12:25:41 : 16 steps taken, and 3405 accepted.
[2 : mcmc] Progress @ 2025-02-05 12:25:44 : 26 steps taken, and 3364 accepted.
[3 : mcmc] Progress @ 2025-02-05 12:25:47 : 18 steps taken, and 3507 accepted.
[0 : mcmc] Progress @ 2025-02-05 12:25:49 : 21 steps taken, and 3254 accepted.
[1 : mcmc] Progress @ 2025-02-05 12:26:47 : 19 steps taken, and 3406 accepted.
[0 : mcmc] Progress @ 2025-02-05 12:26:55 : 24 steps taken, and 3254 accepted.
[3 : mcmc] Progress @ 2025-02-05 12:27:01 : 21 steps taken, and 3507 accepted.
[2 : mcmc] Progress @ 2025-02-05 12:27:02 : 29 steps taken, and 3366 accepted.
[1 : mcmc] Progress @ 2025-02-05 12:27:58 : 22 steps taken, and 3408 accepted.
[2 : mcmc] Progress @ 2025-02-05 12:28:02 : 32 steps taken, and 3369 accepted.
[0 : mcmc] Progress @ 2025-02-05 12:28:03 : 28 steps taken, and 3256 accepted.
[3 : mcmc] Progress @ 2025-02-05 12:28:22 : 24 steps taken, and 3508 accepted.
[1 : mcmc] Progress @ 2025-02-05 12:29:09 : 25 steps taken, and 3408 accepted.
[2 : mcmc] Progress @ 2025-02-05 12:29:15 : 35 steps taken, and 3371 accepted.
[0 : mcmc] Progress @ 2025-02-05 12:29:19 : 31 steps taken, and 3256 accepted.
[3 : mcmc] Progress @ 2025-02-05 12:29:28 : 28 steps taken, and 3508 accepted.
[1 : mcmc] Progress @ 2025-02-05 12:30:24 : 29 steps taken, and 3410 accepted.
[3 : mcmc] Progress @ 2025-02-05 12:30:32 : 31 steps taken, and 3510 accepted.
[2 : mcmc] Progress @ 2025-02-05 12:30:38 : 38 steps taken, and 3371 accepted.
[0 : mcmc] Progress @ 2025-02-05 12:30:45 : 34 steps taken, and 3257 accepted.
[1 : mcmc] Progress @ 2025-02-05 12:31:32 : 34 steps taken, and 3411 accepted.
[3 : mcmc] Progress @ 2025-02-05 12:31:33 : 34 steps taken, and 3513 accepted.
[0 : mcmc] Progress @ 2025-02-05 12:31:53 : 37 steps taken, and 3258 accepted.
[2 : mcmc] Progress @ 2025-02-05 12:32:03 : 43 steps taken, and 3375 accepted.
[3 : mcmc] Progress @ 2025-02-05 12:32:46 : 38 steps taken, and 3514 accepted.
[1 : mcmc] Progress @ 2025-02-05 12:32:53 : 37 steps taken, and 3412 accepted.
[0 : mcmc] Progress @ 2025-02-05 12:32:54 : 40 steps taken, and 3259 accepted.
[2 : mcmc] Progress @ 2025-02-05 12:33:09 : 46 steps taken, and 3375 accepted.
[0 : mcmc] Progress @ 2025-02-05 12:33:54 : 42 steps taken, and 3259 accepted.
[3 : mcmc] Progress @ 2025-02-05 12:34:01 : 42 steps taken, and 3514 accepted.
[1 : mcmc] Progress @ 2025-02-05 12:34:09 : 40 steps taken, and 3413 accepted.
[2 : mcmc] Progress @ 2025-02-05 12:34:16 : 49 steps taken, and 3376 accepted.
[0 : mcmc] Progress @ 2025-02-05 12:35:17 : 45 steps taken, and 3260 accepted.
[1 : mcmc] Progress @ 2025-02-05 12:35:18 : 43 steps taken, and 3414 accepted.
[3 : mcmc] Progress @ 2025-02-05 12:35:22 : 47 steps taken, and 3515 accepted.
[2 : mcmc] Progress @ 2025-02-05 12:35:37 : 52 steps taken, and 3378 accepted.
[1 : mcmc] Progress @ 2025-02-05 12:36:29 : 47 steps taken, and 3415 accepted.
[3 : mcmc] Progress @ 2025-02-05 12:36:34 : 51 steps taken, and 3515 accepted.
[0 : mcmc] Progress @ 2025-02-05 12:36:39 : 48 steps taken, and 3261 accepted.
[2 : mcmc] Progress @ 2025-02-05 12:36:45 : 59 steps taken, and 3378 accepted.
[3 : mcmc] Progress @ 2025-02-05 12:37:45 : 55 steps taken, and 3515 accepted.
[0 : mcmc] Progress @ 2025-02-05 12:37:52 : 51 steps taken, and 3262 accepted.
[1 : mcmc] Progress @ 2025-02-05 12:37:53 : 50 steps taken, and 3417 accepted.
[2 : mcmc] Progress @ 2025-02-05 12:38:08 : 64 steps taken, and 3379 accepted.
[3 : mcmc] Progress @ 2025-02-05 12:39:00 : 59 steps taken, and 3515 accepted.
[0 : mcmc] Progress @ 2025-02-05 12:39:05 : 54 steps taken, and 3264 accepted.
[1 : mcmc] Progress @ 2025-02-05 12:39:15 : 53 steps taken, and 3419 accepted.
[2 : mcmc] Progress @ 2025-02-05 12:39:15 : 67 steps taken, and 3379 accepted.
[3 : mcmc] Progress @ 2025-02-05 12:40:10 : 63 steps taken, and 3518 accepted.
[0 : mcmc] Progress @ 2025-02-05 12:40:17 : 57 steps taken, and 3266 accepted.
[2 : mcmc] Progress @ 2025-02-05 12:40:28 : 71 steps taken, and 3380 accepted.
[1 : mcmc] Progress @ 2025-02-05 12:40:29 : 56 steps taken, and 3420 accepted.
[3 : mcmc] Progress @ 2025-02-05 12:41:11 : 67 steps taken, and 3519 accepted.
[0 : mcmc] Progress @ 2025-02-05 12:41:31 : 62 steps taken, and 3267 accepted.
[2 : mcmc] Progress @ 2025-02-05 12:41:34 : 74 steps taken, and 3381 accepted.
[1 : mcmc] Progress @ 2025-02-05 12:41:43 : 59 steps taken, and 3421 accepted.
[3 : mcmc] Progress @ 2025-02-05 12:42:26 : 72 steps taken, and 3519 accepted.
[2 : mcmc] Progress @ 2025-02-05 12:42:40 : 77 steps taken, and 3383 accepted.
[0 : mcmc] Progress @ 2025-02-05 12:42:50 : 65 steps taken, and 3270 accepted.
[1 : mcmc] Progress @ 2025-02-05 12:43:03 : 62 steps taken, and 3421 accepted.
[3 : mcmc] Progress @ 2025-02-05 12:43:40 : 75 steps taken, and 3519 accepted.
[2 : mcmc] Progress @ 2025-02-05 12:43:52 : 81 steps taken, and 3384 accepted.
[0 : mcmc] Progress @ 2025-02-05 12:44:05 : 68 steps taken, and 3271 accepted.
[1 : mcmc] Progress @ 2025-02-05 12:44:14 : 65 steps taken, and 3421 accepted.
[3 : mcmc] Progress @ 2025-02-05 12:44:41 : 78 steps taken, and 3522 accepted.
[0 : mcmc] Progress @ 2025-02-05 12:45:07 : 72 steps taken, and 3272 accepted.
[2 : mcmc] Progress @ 2025-02-05 12:45:09 : 84 steps taken, and 3385 accepted.
[1 : mcmc] Progress @ 2025-02-05 12:45:37 : 68 steps taken, and 3422 accepted.
[3 : mcmc] Progress @ 2025-02-05 12:45:53 : 83 steps taken, and 3522 accepted.
[0 : mcmc] Progress @ 2025-02-05 12:46:13 : 75 steps taken, and 3274 accepted.
[node141:4662 :0:4731] Caught signal 11 (Segmentation fault: address not mapped to object at address 0xfffffffc0565b488)
BFD: DWARF error: can't find .debug_ranges section.
BFD: DWARF error: can't find .debug_ranges section.
==== backtrace (tid:   4731) ====
 0 0x0000000000021563 ucs_debug_print_backtrace()  /dev/shm/UCX/1.8.0/GCCcore-9.3.0/ucx-1.8.0/src/ucs/debug/debug.c:653
 1 0x0000000000039f63 __massivenu_MOD_thermalnubackground_rho()  ???:0
 2 0x000000000003da49 __results_MOD_grho_no_de()  ???:0
 3 0x00000000000a5f01 dtauda_()  ???:0
 4 0x000000000004cfdc __results_MOD_thermo_init._omp_fn.0()  results.f90:0
 5 0x0000000000018f09 gomp_thread_start()  team.c:0
 6 0x0000000000007ea5 start_thread()  pthread_create.c:0
 7 0x00000000000feb0d __clone()  ???:0
=================================
[node141:04662] *** Process received signal ***
[node141:04662] Signal: Segmentation fault (11)
[node141:04662] Signal code:  (-6)
[node141:04662] Failing at address: 0x8cfb800001236
[node141:04662] [ 0] /lib64/libpthread.so.0(+0xf630)[0x7f5573ebe630]
[node141:04662] [ 1] /users/smp24dhl/cosmo/code/CAMB_beta/camb/camblib.so(__massivenu_MOD_thermalnubackground_rho+0x63)[0x7f55393d2f63]
[node141:04662] [ 2] /users/smp24dhl/cosmo/code/CAMB_beta/camb/camblib.so(__results_MOD_grho_no_de+0xc9)[0x7f55393d6a49]
[node141:04662] [ 3] /users/smp24dhl/cosmo/code/CAMB_beta/camb/camblib.so(dtauda_+0x61)[0x7f553943ef01]
[node141:04662] [ 4] /users/smp24dhl/cosmo/code/CAMB_beta/camb/camblib.so(+0x4cfdc)[0x7f55393e5fdc]
[node141:04662] [ 5] /users/smp24dhl/.conda/envs/cosmos/bin/../lib/libgomp.so.1(+0x18f09)[0x7f5539372f09]
[node141:04662] [ 6] /lib64/libpthread.so.0(+0x7ea5)[0x7f5573eb6ea5]
[node141:04662] [ 7] /lib64/libc.so.6(clone+0x6d)[0x7f55734d6b0d]
[node141:04662] *** End of error message ***
--------------------------------------------------------------------------
Primary job  terminated normally, but 1 process returned
a non-zero exit code. Per user-direction, the job has been aborted.
--------------------------------------------------------------------------
--------------------------------------------------------------------------
mpirun noticed that process rank 3 with PID 4662 on node node141 exited on signal 11 (Segmentation fault).
--------------------------------------------------------------------------
