[0 : output] Output to be read-from/written-into folder 'chains', with prefix 'full'
[0 : output] Found existing info files with the requested output prefix: 'chains/full'
[0 : output] Let's try to resume/load.
[0 : output] Found an old sample. Resuming.
[0 : prior] *WARNING* External prior 'SZ' loaded. Mind that it might not be normalized!
[0 : camb] `camb` module loaded successfully from /users/smp24dhl/cosmo/code/CAMB_beta/camb
[0 : planck_2018_highl_plik.ttteee] `clik` module loaded successfully from /users/smp24dhl/cosmo/code/planck/clik/lib/python3.9/site-packages/clik
----
clik version clik_16.0b1-2-g63c889f3aa9c MAKEFILE
  smica
----
clik version clik_16.0b1-2-g63c889f3aa9c MAKEFILE
  smica
----
clik version clik_16.0b1-2-g63c889f3aa9c MAKEFILE
  smica
----
clik version clik_16.0b1-2-g63c889f3aa9c MAKEFILE
  smica
Checking likelihood '/users/smp24dhl/cosmo/data/planck_2018/baseline/plc_3.0/hi_l/plik/plik_rd12_HM_v22b_TTTEEE.clik' on test data. got -1172.47 expected -1172.47 (diff -4.34055e-07)
----
Checking likelihood '/users/smp24dhl/cosmo/data/planck_2018/baseline/plc_3.0/hi_l/plik/plik_rd12_HM_v22b_TTTEEE.clik' on test data. got -1172.47 expected -1172.47 (diff -4.34055e-07)
----
Checking likelihood '/users/smp24dhl/cosmo/data/planck_2018/baseline/plc_3.0/hi_l/plik/plik_rd12_HM_v22b_TTTEEE.clik' on test data. got -1172.47 expected -1172.47 (diff -4.34054e-07)
----
Checking likelihood '/users/smp24dhl/cosmo/data/planck_2018/baseline/plc_3.0/hi_l/plik/plik_rd12_HM_v22b_TTTEEE.clik' on test data. got -1172.47 expected -1172.47 (diff -4.34055e-07)
----
Checking lensing likelihood '/users/smp24dhl/cosmo/data/planck_2018/baseline/plc_3.0/lensing/smicadx12_Dec5_ftl_mv2_ndclpp_p_teb_consext8.clik_lensing' on test data. got -4.42102
Checking lensing likelihood '/users/smp24dhl/cosmo/data/planck_2018/baseline/plc_3.0/lensing/smicadx12_Dec5_ftl_mv2_ndclpp_p_teb_consext8.clik_lensing' on test data. got -4.42102
[0 : planck_2018_lensing.clik] `clik` module loaded successfully from /users/smp24dhl/cosmo/code/planck/clik/lib/python3.9/site-packages/clik
Checking lensing likelihood '/users/smp24dhl/cosmo/data/planck_2018/baseline/plc_3.0/lensing/smicadx12_Dec5_ftl_mv2_ndclpp_p_teb_consext8.clik_lensing' on test data. got -4.42102
Checking lensing likelihood '/users/smp24dhl/cosmo/data/planck_2018/baseline/plc_3.0/lensing/smicadx12_Dec5_ftl_mv2_ndclpp_p_teb_consext8.clik_lensing' on test data. got -4.42102
[0 : mcmc] Resuming from previous sample!
[3 : samplecollection] Loaded 905 sample points from 'chains/full.4.txt'
[1 : samplecollection] Loaded 985 sample points from 'chains/full.2.txt'
[0 : samplecollection] Loaded 2084 sample points from 'chains/full.1.txt'
[2 : samplecollection] Loaded 2040 sample points from 'chains/full.3.txt'
[3 : mcmc] Initial point: logA:3.03445, ns:0.9693942, theta_MC_100:1.040743, ombh2:0.02210262, omch2:0.120917, w:-1.519597, wa:-0.974487, beta_DE:0.5439423, tau:0.0517605, A_planck:0.9985761, calib_100T:0.9992968, calib_217T:0.9972763, A_cib_217:42.98058, xi_sz_cib:0.8947733, A_sz:6.394895, ksz_norm:4.972514, gal545_A_100:8.001942, gal545_A_143:10.06092, gal545_A_143_217:22.36022, gal545_A_217:99.20365, ps_A_100_100:225.9796, ps_A_143_143:42.38217, ps_A_143_217:44.07628, ps_A_217_217:111.8529, galf_TE_A_100:0.1366924, galf_TE_A_100_143:0.1217808, galf_TE_A_100_217:0.4638656, galf_TE_A_143:0.2047423, galf_TE_A_143_217:0.6171437, galf_TE_A_217:2.045676
[1 : mcmc] Initial point: logA:3.053564, ns:0.9710615, theta_MC_100:1.040875, ombh2:0.0224547, omch2:0.1189969, w:-0.09954791, wa:-1.901667, beta_DE:0.8478805, tau:0.05713118, A_planck:1.003171, calib_100T:0.9997115, calib_217T:0.9976819, A_cib_217:52.18234, xi_sz_cib:0.5841733, A_sz:6.608589, ksz_norm:1.114108, gal545_A_100:8.504975, gal545_A_143:11.61908, gal545_A_143_217:18.84893, gal545_A_217:90.17391, ps_A_100_100:251.3104, ps_A_143_143:45.11077, ps_A_143_217:45.41889, ps_A_217_217:110.2871, galf_TE_A_100:0.1029716, galf_TE_A_100_143:0.12668, galf_TE_A_100_217:0.5676164, galf_TE_A_143:0.1870197, galf_TE_A_143_217:0.6931895, galf_TE_A_217:2.224151
[0 : mcmc] Initial point: logA:3.045671, ns:0.9649055, theta_MC_100:1.041129, ombh2:0.02253041, omch2:0.1189218, w:-0.19698, wa:-1.054293, beta_DE:0.3318766, tau:0.05631972, A_planck:0.9995016, calib_100T:1.000145, calib_217T:0.998038, A_cib_217:43.92603, xi_sz_cib:0.5332712, A_sz:2.54835, ksz_norm:1.807707, gal545_A_100:8.878312, gal545_A_143:11.77649, gal545_A_143_217:15.76038, gal545_A_217:93.21592, ps_A_100_100:299.8059, ps_A_143_143:48.19397, ps_A_143_217:46.28127, ps_A_217_217:123.6081, galf_TE_A_100:0.1490271, galf_TE_A_100_143:0.1036656, galf_TE_A_100_217:0.5148427, galf_TE_A_143:0.1772704, galf_TE_A_143_217:0.5256182, galf_TE_A_217:1.873204
[2 : mcmc] Initial point: logA:3.068192, ns:0.9702002, theta_MC_100:1.041074, ombh2:0.02232359, omch2:0.1186433, w:-0.7251153, wa:-0.9555396, beta_DE:0.3856883, tau:0.06443472, A_planck:1.005087, calib_100T:0.9994312, calib_217T:0.9986273, A_cib_217:54.65017, xi_sz_cib:0.08431314, A_sz:4.248403, ksz_norm:0.01548883, gal545_A_100:8.65431, gal545_A_143:11.2438, gal545_A_143_217:22.35316, gal545_A_217:101.7992, ps_A_100_100:319.2962, ps_A_143_143:57.34525, ps_A_143_217:35.87909, ps_A_217_217:105.2456, galf_TE_A_100:0.0771642, galf_TE_A_100_143:0.220157, galf_TE_A_100_217:0.430591, galf_TE_A_143:0.4273185, galf_TE_A_143_217:0.7155597, galf_TE_A_217:1.781775
[0 : mcmc] *WARNING* Parameter blocking manually/previously fixed: speeds will not be measured.
[0 : mcmc] Dragging with number of interpolating steps:
[0 : mcmc] *  1 : (['theta_MC_100', 'ombh2', 'omch2', 'w', 'wa', 'beta_DE', 'tau'], ['logA', 'ns'])
[0 : mcmc] * 14 : (['A_planck'], ['calib_100T', 'calib_217T', 'A_cib_217', 'xi_sz_cib', 'A_sz', 'ksz_norm', 'gal545_A_100', 'gal545_A_143', 'gal545_A_143_217', 'gal545_A_217', 'ps_A_100_100', 'ps_A_143_143', 'ps_A_143_217', 'ps_A_217_217', 'galf_TE_A_100', 'galf_TE_A_100_143', 'galf_TE_A_100_217', 'galf_TE_A_143', 'galf_TE_A_143_217', 'galf_TE_A_217'])
[0 : mcmc] Covariance matrix from previous sample.
[0 : mcmc] Sampling!
[1 : mcmc] Progress @ 2024-12-17 14:42:20 : 1 steps taken, and 985 accepted.
[3 : mcmc] Progress @ 2024-12-17 14:42:24 : 1 steps taken, and 905 accepted.
[0 : mcmc] Progress @ 2024-12-17 14:42:28 : 1 steps taken, and 2084 accepted.
[2 : mcmc] Progress @ 2024-12-17 14:42:30 : 1 steps taken, and 2040 accepted.
[1 : mcmc] Progress @ 2024-12-17 14:43:22 : 42 steps taken, and 996 accepted.
[3 : mcmc] Progress @ 2024-12-17 14:43:26 : 45 steps taken, and 921 accepted.
[2 : mcmc] Progress @ 2024-12-17 14:43:31 : 16 steps taken, and 2045 accepted.
[0 : mcmc] Progress @ 2024-12-17 14:43:32 : 16 steps taken, and 2087 accepted.
[1 : mcmc] Progress @ 2024-12-17 14:44:24 : 79 steps taken, and 1005 accepted.
[3 : mcmc] Progress @ 2024-12-17 14:44:28 : 75 steps taken, and 935 accepted.
[2 : mcmc] Progress @ 2024-12-17 14:44:31 : 31 steps taken, and 2050 accepted.
[0 : mcmc] Progress @ 2024-12-17 14:44:35 : 26 steps taken, and 2087 accepted.
[1 : mcmc] Progress @ 2024-12-17 14:45:27 : 111 steps taken, and 1020 accepted.
[3 : mcmc] Progress @ 2024-12-17 14:45:30 : 120 steps taken, and 947 accepted.
[2 : mcmc] Progress @ 2024-12-17 14:45:31 : 40 steps taken, and 2055 accepted.
[0 : mcmc] Progress @ 2024-12-17 14:45:36 : 38 steps taken, and 2094 accepted.
[1 : mcmc] Progress @ 2024-12-17 14:46:28 : 145 steps taken, and 1031 accepted.
[3 : mcmc] Progress @ 2024-12-17 14:46:33 : 158 steps taken, and 957 accepted.
[2 : mcmc] Progress @ 2024-12-17 14:46:33 : 54 steps taken, and 2063 accepted.
[0 : mcmc] Progress @ 2024-12-17 14:46:36 : 49 steps taken, and 2098 accepted.
[1 : mcmc] Progress @ 2024-12-17 14:47:29 : 186 steps taken, and 1045 accepted.
[2 : mcmc] Progress @ 2024-12-17 14:47:34 : 73 steps taken, and 2071 accepted.
[3 : mcmc] Progress @ 2024-12-17 14:47:36 : 191 steps taken, and 967 accepted.
[0 : mcmc] Progress @ 2024-12-17 14:47:39 : 66 steps taken, and 2102 accepted.
[1 : mcmc] Progress @ 2024-12-17 14:48:33 : 214 steps taken, and 1058 accepted.
[2 : mcmc] Progress @ 2024-12-17 14:48:35 : 88 steps taken, and 2073 accepted.
[3 : mcmc] Progress @ 2024-12-17 14:48:37 : 234 steps taken, and 977 accepted.
[0 : mcmc] Progress @ 2024-12-17 14:48:45 : 80 steps taken, and 2112 accepted.
[1 : mcmc] Progress @ 2024-12-17 14:49:36 : 266 steps taken, and 1072 accepted.
[2 : mcmc] Progress @ 2024-12-17 14:49:37 : 108 steps taken, and 2075 accepted.
[3 : mcmc] Progress @ 2024-12-17 14:49:38 : 288 steps taken, and 987 accepted.
[0 : mcmc] Progress @ 2024-12-17 14:49:48 : 92 steps taken, and 2115 accepted.
[1 : mcmc] Learn + convergence test @ 1080 samples accepted.
[1 : mcmc] Ready to check convergence and learn a new proposal covmat (waiting for the rest...)
[1 : mcmc] Progress @ 2024-12-17 14:50:38 : 303 steps taken, and 1081 accepted.
[3 : mcmc] Progress @ 2024-12-17 14:50:39 : 339 steps taken, and 999 accepted.
[2 : mcmc] Progress @ 2024-12-17 14:50:39 : 120 steps taken, and 2078 accepted.
[0 : mcmc] Progress @ 2024-12-17 14:50:51 : 103 steps taken, and 2119 accepted.
[2 : mcmc] Progress @ 2024-12-17 14:51:40 : 130 steps taken, and 2082 accepted.
[3 : mcmc] Progress @ 2024-12-17 14:51:40 : 381 steps taken, and 1008 accepted.
[1 : mcmc] Progress @ 2024-12-17 14:51:40 : 335 steps taken, and 1093 accepted.
[0 : mcmc] Progress @ 2024-12-17 14:51:53 : 115 steps taken, and 2123 accepted.
[2 : mcmc] Progress @ 2024-12-17 14:52:40 : 142 steps taken, and 2086 accepted.
[3 : mcmc] Progress @ 2024-12-17 14:52:42 : 422 steps taken, and 1017 accepted.
[1 : mcmc] Progress @ 2024-12-17 14:52:42 : 366 steps taken, and 1100 accepted.
[0 : mcmc] Progress @ 2024-12-17 14:52:55 : 131 steps taken, and 2127 accepted.
[2 : mcmc] Progress @ 2024-12-17 14:53:41 : 153 steps taken, and 2092 accepted.
[3 : mcmc] Progress @ 2024-12-17 14:53:42 : 464 steps taken, and 1028 accepted.
[1 : mcmc] Progress @ 2024-12-17 14:53:43 : 397 steps taken, and 1116 accepted.
[0 : mcmc] Progress @ 2024-12-17 14:54:00 : 145 steps taken, and 2132 accepted.
[3 : mcmc] Progress @ 2024-12-17 14:54:42 : 501 steps taken, and 1038 accepted.
[1 : mcmc] Progress @ 2024-12-17 14:54:45 : 424 steps taken, and 1128 accepted.
[2 : mcmc] Progress @ 2024-12-17 14:54:46 : 166 steps taken, and 2097 accepted.
[0 : mcmc] Progress @ 2024-12-17 14:55:01 : 160 steps taken, and 2139 accepted.
[3 : mcmc] Progress @ 2024-12-17 14:55:43 : 526 steps taken, and 1047 accepted.
[1 : mcmc] Progress @ 2024-12-17 14:55:47 : 461 steps taken, and 1144 accepted.
[2 : mcmc] Progress @ 2024-12-17 14:55:51 : 176 steps taken, and 2102 accepted.
[0 : mcmc] Progress @ 2024-12-17 14:56:07 : 172 steps taken, and 2144 accepted.
[3 : mcmc] Progress @ 2024-12-17 14:56:45 : 566 steps taken, and 1057 accepted.
[1 : mcmc] Progress @ 2024-12-17 14:56:48 : 495 steps taken, and 1153 accepted.
[2 : mcmc] Progress @ 2024-12-17 14:56:54 : 191 steps taken, and 2107 accepted.
[0 : mcmc] Progress @ 2024-12-17 14:57:10 : 181 steps taken, and 2151 accepted.
[3 : mcmc] Progress @ 2024-12-17 14:57:45 : 596 steps taken, and 1068 accepted.
[1 : mcmc] Progress @ 2024-12-17 14:57:50 : 517 steps taken, and 1164 accepted.
[2 : mcmc] Progress @ 2024-12-17 14:57:57 : 213 steps taken, and 2114 accepted.
[0 : mcmc] Progress @ 2024-12-17 14:58:10 : 192 steps taken, and 2153 accepted.
[3 : mcmc] Progress @ 2024-12-17 14:58:47 : 622 steps taken, and 1075 accepted.
[1 : mcmc] Progress @ 2024-12-17 14:58:50 : 543 steps taken, and 1175 accepted.
[2 : mcmc] Progress @ 2024-12-17 14:59:01 : 230 steps taken, and 2117 accepted.
[3 : mcmc] Learn + convergence test @ 1080 samples accepted.
[3 : mcmc] Ready to check convergence and learn a new proposal covmat (waiting for the rest...)
[0 : mcmc] Progress @ 2024-12-17 14:59:13 : 204 steps taken, and 2159 accepted.
[0 : mcmc] Learn + convergence test @ 2160 samples accepted.
[0 : mcmc] Ready to check convergence and learn a new proposal covmat (waiting for the rest...)
[3 : mcmc] Progress @ 2024-12-17 14:59:49 : 652 steps taken, and 1084 accepted.
[1 : mcmc] Progress @ 2024-12-17 14:59:53 : 573 steps taken, and 1184 accepted.
[2 : mcmc] Progress @ 2024-12-17 15:00:05 : 241 steps taken, and 2122 accepted.
[0 : mcmc] Progress @ 2024-12-17 15:00:14 : 217 steps taken, and 2162 accepted.
[3 : mcmc] Progress @ 2024-12-17 15:00:50 : 690 steps taken, and 1095 accepted.
[1 : mcmc] Progress @ 2024-12-17 15:00:54 : 609 steps taken, and 1198 accepted.
[2 : mcmc] Progress @ 2024-12-17 15:01:07 : 256 steps taken, and 2128 accepted.
[0 : mcmc] Progress @ 2024-12-17 15:01:16 : 228 steps taken, and 2164 accepted.
[3 : mcmc] Progress @ 2024-12-17 15:01:52 : 722 steps taken, and 1112 accepted.
[1 : mcmc] Progress @ 2024-12-17 15:01:54 : 647 steps taken, and 1210 accepted.
[2 : mcmc] Progress @ 2024-12-17 15:02:11 : 266 steps taken, and 2132 accepted.
[0 : mcmc] Progress @ 2024-12-17 15:02:17 : 240 steps taken, and 2169 accepted.
[3 : mcmc] Progress @ 2024-12-17 15:02:52 : 753 steps taken, and 1119 accepted.
[1 : mcmc] Progress @ 2024-12-17 15:02:56 : 676 steps taken, and 1223 accepted.
[2 : mcmc] Progress @ 2024-12-17 15:03:11 : 279 steps taken, and 2139 accepted.
[0 : mcmc] Progress @ 2024-12-17 15:03:20 : 256 steps taken, and 2173 accepted.
[3 : mcmc] Progress @ 2024-12-17 15:03:54 : 785 steps taken, and 1126 accepted.
[1 : mcmc] Progress @ 2024-12-17 15:03:57 : 702 steps taken, and 1235 accepted.
[2 : mcmc] Progress @ 2024-12-17 15:04:13 : 290 steps taken, and 2141 accepted.
[0 : mcmc] Progress @ 2024-12-17 15:04:23 : 267 steps taken, and 2178 accepted.
[3 : mcmc] Progress @ 2024-12-17 15:04:55 : 826 steps taken, and 1139 accepted.
[1 : mcmc] Progress @ 2024-12-17 15:04:58 : 739 steps taken, and 1249 accepted.
[2 : mcmc] Progress @ 2024-12-17 15:05:18 : 302 steps taken, and 2145 accepted.
[0 : mcmc] Progress @ 2024-12-17 15:05:27 : 279 steps taken, and 2181 accepted.
[3 : mcmc] Progress @ 2024-12-17 15:05:56 : 857 steps taken, and 1149 accepted.
 Warning: Integrate_Romberg failed to converge; 
 integral, error, tol:   17660.628313822592        4.3082998135712813E-007   1.0000000000000001E-007
 Warning: Integrate_Romberg failed to converge; 
 integral, error, tol:   11473.568037790659       -2.9876480911461556E-007   1.0000000000000001E-007
[1 : mcmc] Progress @ 2024-12-17 15:06:10 : 781 steps taken, and 1260 accepted.
[2 : mcmc] Progress @ 2024-12-17 15:06:18 : 313 steps taken, and 2148 accepted.
[0 : mcmc] Progress @ 2024-12-17 15:06:31 : 294 steps taken, and 2187 accepted.
[3 : mcmc] Progress @ 2024-12-17 15:06:57 : 898 steps taken, and 1164 accepted.
[1 : mcmc] Progress @ 2024-12-17 15:07:11 : 800 steps taken, and 1264 accepted.
[2 : mcmc] Progress @ 2024-12-17 15:07:23 : 328 steps taken, and 2150 accepted.
[0 : mcmc] Progress @ 2024-12-17 15:07:32 : 307 steps taken, and 2195 accepted.
[3 : mcmc] Progress @ 2024-12-17 15:07:59 : 946 steps taken, and 1175 accepted.
[1 : mcmc] Progress @ 2024-12-17 15:08:14 : 826 steps taken, and 1277 accepted.
[2 : mcmc] Progress @ 2024-12-17 15:08:25 : 350 steps taken, and 2157 accepted.
[0 : mcmc] Progress @ 2024-12-17 15:08:46 : 316 steps taken, and 2196 accepted.
[2 : mcmc] Learn + convergence test @ 2160 samples accepted.
[2 : mcmc] Ready to check convergence and learn a new proposal covmat (waiting for the rest...)
[0 : mcmc] All chains are ready to check convergence and learn a new proposal covmat
[0 : mcmc]  - Acceptance rate: 0.337 = avg([0.347674786459981, 0.3529735682819383, 0.33353922174181594, 0.3086933888599688])
[0 : mcmc]  - Convergence of means: R-1 = 0.438635 after 6824 accepted steps = sum([2197, 1282, 2160, 1185])
[0 : mcmc]  - Updated covariance matrix of proposal pdf.
[3 : mcmc] Progress @ 2024-12-17 15:09:13 : 967 steps taken, and 1186 accepted.
[1 : mcmc] Progress @ 2024-12-17 15:09:17 : 854 steps taken, and 1284 accepted.
[2 : mcmc] Progress @ 2024-12-17 15:09:31 : 363 steps taken, and 2161 accepted.
[0 : mcmc] Progress @ 2024-12-17 15:09:48 : 331 steps taken, and 2199 accepted.
[3 : mcmc] Progress @ 2024-12-17 15:10:13 : 996 steps taken, and 1201 accepted.
[1 : mcmc] Progress @ 2024-12-17 15:10:19 : 887 steps taken, and 1298 accepted.
[2 : mcmc] Progress @ 2024-12-17 15:10:34 : 379 steps taken, and 2166 accepted.
[0 : mcmc] Progress @ 2024-12-17 15:10:51 : 341 steps taken, and 2200 accepted.
[3 : mcmc] Progress @ 2024-12-17 15:11:16 : 1024 steps taken, and 1212 accepted.
[1 : mcmc] Progress @ 2024-12-17 15:11:19 : 923 steps taken, and 1314 accepted.
[2 : mcmc] Progress @ 2024-12-17 15:11:37 : 401 steps taken, and 2171 accepted.
[0 : mcmc] Progress @ 2024-12-17 15:11:55 : 352 steps taken, and 2204 accepted.
[3 : mcmc] Progress @ 2024-12-17 15:12:20 : 1052 steps taken, and 1221 accepted.
[1 : mcmc] Progress @ 2024-12-17 15:12:20 : 966 steps taken, and 1324 accepted.
[2 : mcmc] Progress @ 2024-12-17 15:12:37 : 420 steps taken, and 2175 accepted.
[0 : mcmc] Progress @ 2024-12-17 15:12:56 : 363 steps taken, and 2208 accepted.
[3 : mcmc] Progress @ 2024-12-17 15:13:20 : 1083 steps taken, and 1233 accepted.
[1 : mcmc] Progress @ 2024-12-17 15:13:22 : 1022 steps taken, and 1338 accepted.
[2 : mcmc] Progress @ 2024-12-17 15:13:42 : 440 steps taken, and 2177 accepted.
[0 : mcmc] Progress @ 2024-12-17 15:13:57 : 380 steps taken, and 2213 accepted.
[3 : mcmc] Progress @ 2024-12-17 15:14:21 : 1111 steps taken, and 1243 accepted.
[1 : mcmc] Progress @ 2024-12-17 15:14:25 : 1066 steps taken, and 1352 accepted.
[2 : mcmc] Progress @ 2024-12-17 15:14:48 : 458 steps taken, and 2182 accepted.
[0 : mcmc] Progress @ 2024-12-17 15:15:03 : 400 steps taken, and 2222 accepted.
[3 : mcmc] Progress @ 2024-12-17 15:15:24 : 1136 steps taken, and 1253 accepted.
[1 : mcmc] Progress @ 2024-12-17 15:15:27 : 1105 steps taken, and 1363 accepted.
[2 : mcmc] Progress @ 2024-12-17 15:15:52 : 473 steps taken, and 2189 accepted.
[0 : mcmc] Progress @ 2024-12-17 15:16:06 : 414 steps taken, and 2229 accepted.
[node127:35289:0:35378] Caught signal 11 (Segmentation fault: address not mapped to object at address 0xfffffffc04e544c8)
BFD: DWARF error: can't find .debug_ranges section.
BFD: DWARF error: can't find .debug_ranges section.
==== backtrace (tid:  35378) ====
 0 0x0000000000021563 ucs_debug_print_backtrace()  /dev/shm/UCX/1.8.0/GCCcore-9.3.0/ucx-1.8.0/src/ucs/debug/debug.c:653
 1 0x0000000000039f63 __massivenu_MOD_thermalnubackground_rho()  ???:0
 2 0x000000000003da49 __results_MOD_grho_no_de()  ???:0
 3 0x00000000000a5f01 dtauda_()  ???:0
 4 0x000000000004cfdc __results_MOD_thermo_init._omp_fn.0()  results.f90:0
 5 0x0000000000018f09 gomp_thread_start()  team.c:0
 6 0x0000000000007ea5 start_thread()  pthread_create.c:0
 7 0x00000000000feb0d __clone()  ???:0
=================================
[node127:35289] *** Process received signal ***
[node127:35289] Signal: Segmentation fault (11)
[node127:35289] Signal code:  (-6)
[node127:35289] Failing at address: 0x8cfb8000089d9
[node127:35289] [ 0] /lib64/libpthread.so.0(+0xf630)[0x7fbe0f830630]
[node127:35289] [ 1] /users/smp24dhl/cosmo/code/CAMB_beta/camb/camblib.so(__massivenu_MOD_thermalnubackground_rho+0x63)[0x7fbdb2d5af63]
[node127:35289] [ 2] /users/smp24dhl/cosmo/code/CAMB_beta/camb/camblib.so(__results_MOD_grho_no_de+0xc9)[0x7fbdb2d5ea49]
[node127:35289] [ 3] /users/smp24dhl/cosmo/code/CAMB_beta/camb/camblib.so(dtauda_+0x61)[0x7fbdb2dc6f01]
[node127:35289] [ 4] /users/smp24dhl/cosmo/code/CAMB_beta/camb/camblib.so(+0x4cfdc)[0x7fbdb2d6dfdc]
[node127:35289] [ 5] /users/smp24dhl/.conda/envs/cosmos/bin/../lib/libgomp.so.1(+0x18f09)[0x7fbdb2cfaf09]
[node127:35289] [ 6] /lib64/libpthread.so.0(+0x7ea5)[0x7fbe0f828ea5]
[node127:35289] [ 7] /lib64/libc.so.6(clone+0x6d)[0x7fbe0ee48b0d]
[node127:35289] *** End of error message ***
--------------------------------------------------------------------------
Primary job  terminated normally, but 1 process returned
a non-zero exit code. Per user-direction, the job has been aborted.
--------------------------------------------------------------------------
--------------------------------------------------------------------------
mpirun noticed that process rank 3 with PID 35289 on node node127 exited on signal 11 (Segmentation fault).
--------------------------------------------------------------------------
