[0 : output] Output to be read-from/written-into folder 'chains', with prefix 'act-full'
[0 : output] Found existing info files with the requested output prefix: 'chains/act-full'
[0 : output] Let's try to resume/load.
[0 : output] Found an old sample. Resuming.
[0 : camb] `camb` module loaded successfully from /users/smp24dhl/cosmo/code/CAMB_beta/camb
Loading ACT DR6 lensing likelihood v1.2...
Loading ACT DR6 lensing likelihood v1.2...
Loading ACT DR6 lensing likelihood v1.2...
Loading ACT DR6 lensing likelihood v1.2...
/users/smp24dhl/cosmo/code/act_dr6_lenslike/act_dr6_lenslike/act_dr6_lenslike.py:416: UserWarning: Hartlap correction to cinv: 0.949874686716792
  warnings.warn(f"Hartlap correction to cinv: {hartlap_correction}")
/users/smp24dhl/cosmo/code/act_dr6_lenslike/act_dr6_lenslike/act_dr6_lenslike.py:416: UserWarning: Hartlap correction to cinv: 0.949874686716792
  warnings.warn(f"Hartlap correction to cinv: {hartlap_correction}")
/users/smp24dhl/cosmo/code/act_dr6_lenslike/act_dr6_lenslike/act_dr6_lenslike.py:416: UserWarning: Hartlap correction to cinv: 0.949874686716792
  warnings.warn(f"Hartlap correction to cinv: {hartlap_correction}")
[0 : bao.desi_2024_bao_all] Initialized.
[2 : bao.desi_2024_bao_all] Initialized.
[1 : bao.desi_2024_bao_all] Initialized.
/users/smp24dhl/cosmo/code/act_dr6_lenslike/act_dr6_lenslike/act_dr6_lenslike.py:416: UserWarning: Hartlap correction to cinv: 0.949874686716792
  warnings.warn(f"Hartlap correction to cinv: {hartlap_correction}")
[3 : bao.desi_2024_bao_all] Initialized.
[0 : mcmc] Resuming from previous sample!
[1 : samplecollection] Loaded 1802 sample points from 'chains/act-full.2.txt'
[3 : samplecollection] Loaded 1761 sample points from 'chains/act-full.4.txt'
[2 : samplecollection] Loaded 2639 sample points from 'chains/act-full.3.txt'
[0 : samplecollection] Loaded 2525 sample points from 'chains/act-full.1.txt'
[0 : mcmc] Initial point: logA:3.092852, ns:0.9811811, theta_MC_100:1.049852, ombh2:0.03127115, omch2:0.1322692, w:-0.7199678, wa:-1.443173, beta_DE:2.181285, tau:0.05979565
[2 : mcmc] Initial point: logA:3.136634, ns:1.032447, theta_MC_100:1.020758, ombh2:0.0231039, omch2:0.09642218, w:-0.9252169, wa:0.2252173, beta_DE:0.4859891, tau:0.07711107
[1 : mcmc] Initial point: logA:3.024064, ns:0.9902865, theta_MC_100:1.039726, ombh2:0.01921891, omch2:0.1173643, w:-0.8366717, wa:-0.5936557, beta_DE:0.3037763, tau:0.04434405
[3 : mcmc] Initial point: logA:3.032269, ns:0.9920458, theta_MC_100:1.037615, ombh2:0.02012017, omch2:0.1145582, w:-0.8090556, wa:-0.4599896, beta_DE:-0.2105879, tau:0.04810307
[0 : mcmc] *WARNING* Parameter blocking manually/previously fixed: speeds will not be measured.
[0 : mcmc] *WARNING* Dragging disabled: speed ratios < 2.
[0 : mcmc] Covariance matrix from previous sample.
[0 : mcmc] Sampling!
[0 : mcmc] Progress @ 2024-12-21 23:16:19 : 1 steps taken, and 2525 accepted.
[2 : mcmc] Progress @ 2024-12-21 23:16:19 : 1 steps taken, and 2639 accepted.
[3 : mcmc] Progress @ 2024-12-21 23:16:19 : 1 steps taken, and 1761 accepted.
[1 : mcmc] Progress @ 2024-12-21 23:16:21 : 1 steps taken, and 1802 accepted.
[node146:57731:0:57827] Caught signal 11 (Segmentation fault: address not mapped to object at address 0xfffffffc03c9b0d8)
BFD: DWARF error: can't find .debug_ranges section.
BFD: DWARF error: can't find .debug_ranges section.
==== backtrace (tid:  57827) ====
 0 0x0000000000021563 ucs_debug_print_backtrace()  /dev/shm/UCX/1.8.0/GCCcore-9.3.0/ucx-1.8.0/src/ucs/debug/debug.c:653
 1 0x0000000000039f63 __massivenu_MOD_thermalnubackground_rho()  ???:0
 2 0x000000000003da49 __results_MOD_grho_no_de()  ???:0
 3 0x00000000000a5f01 dtauda_()  ???:0
 4 0x000000000004cfdc __results_MOD_thermo_init._omp_fn.0()  results.f90:0
 5 0x0000000000018f09 gomp_thread_start()  team.c:0
 6 0x0000000000007ea5 start_thread()  pthread_create.c:0
 7 0x00000000000feb0d __clone()  ???:0
=================================
[node146:57731] *** Process received signal ***
[node146:57731] Signal: Segmentation fault (11)
[node146:57731] Signal code:  (-6)
[node146:57731] Failing at address: 0x8cfb80000e183
[node146:57731] [ 0] /lib64/libpthread.so.0(+0xf630)[0x7fb2d0930630]
[node146:57731] [ 1] /users/smp24dhl/cosmo/code/CAMB_beta/camb/camblib.so(__massivenu_MOD_thermalnubackground_rho+0x63)[0x7fb273e3ef63]
[node146:57731] [ 2] /users/smp24dhl/cosmo/code/CAMB_beta/camb/camblib.so(__results_MOD_grho_no_de+0xc9)[0x7fb273e42a49]
[node146:57731] [ 3] /users/smp24dhl/cosmo/code/CAMB_beta/camb/camblib.so(dtauda_+0x61)[0x7fb273eaaf01]
[node146:57731] [ 4] /users/smp24dhl/cosmo/code/CAMB_beta/camb/camblib.so(+0x4cfdc)[0x7fb273e51fdc]
[node146:57731] [ 5] /users/smp24dhl/.conda/envs/cosmos/bin/../lib/libgomp.so.1(+0x18f09)[0x7fb27805cf09]
[node146:57731] [ 6] /lib64/libpthread.so.0(+0x7ea5)[0x7fb2d0928ea5]
[node146:57731] [ 7] /lib64/libc.so.6(clone+0x6d)[0x7fb2cff48b0d]
[node146:57731] *** End of error message ***
--------------------------------------------------------------------------
Primary job  terminated normally, but 1 process returned
a non-zero exit code. Per user-direction, the job has been aborted.
--------------------------------------------------------------------------
--------------------------------------------------------------------------
mpirun noticed that process rank 2 with PID 57731 on node node146 exited on signal 11 (Segmentation fault).
--------------------------------------------------------------------------
