[0 : output] Output to be read-from/written-into folder 'chains', with prefix 'act-full'
[0 : output] Found existing info files with the requested output prefix: 'chains/act-full'
[0 : output] Let's try to resume/load.
[0 : output] Found an old sample. Resuming.
[0 : prior] *WARNING* External prior 'SZ' loaded. Mind that it might not be normalized!

libgomp: Invalid value for environment variable OMP_NUM_THREADS: 

libgomp: 
libgomp: Invalid value for environment variable OMP_NUM_THREADS: 

libgomp: Invalid value for environment variable OMP_NUM_THREADS: 
Invalid value for environment variable OMP_NUM_THREADS: 
[0 : camb] `camb` module loaded successfully from /users/smp24dhl/cosmo/code/CAMB_beta/camb
[0 : planck_2018_highl_plik.ttteee] `clik` module loaded successfully from /users/smp24dhl/cosmo/code/planck/clik/lib/python3.9/site-packages/clik
----
clik version clik_16.0b1-2-g63c889f3aa9c MAKEFILE
  smica
----
clik version clik_16.0b1-2-g63c889f3aa9c MAKEFILE
  smica
----
clik version clik_16.0b1-2-g63c889f3aa9c MAKEFILE
  smica
----
clik version clik_16.0b1-2-g63c889f3aa9c MAKEFILE
  smica
Checking likelihood '/users/smp24dhl/cosmo/data/planck_2018/baseline/plc_3.0/hi_l/plik/plik_rd12_HM_v22b_TTTEEE.clik' on test data. got -1172.47 expected -1172.47 (diff -4.34057e-07)
----
Checking likelihood '/users/smp24dhl/cosmo/data/planck_2018/baseline/plc_3.0/hi_l/plik/plik_rd12_HM_v22b_TTTEEE.clik' on test data. got -1172.47 expected -1172.47 (diff -4.34057e-07)
----
Checking likelihood '/users/smp24dhl/cosmo/data/planck_2018/baseline/plc_3.0/hi_l/plik/plik_rd12_HM_v22b_TTTEEE.clik' on test data. got -1172.47 expected -1172.47 (diff -4.34057e-07)
Loading ACT DR6 lensing likelihood v1.2...
Loading ACT DR6 lensing likelihood v1.2...
----
Loading ACT DR6 lensing likelihood v1.2...
Checking likelihood '/users/smp24dhl/cosmo/data/planck_2018/baseline/plc_3.0/hi_l/plik/plik_rd12_HM_v22b_TTTEEE.clik' on test data. got -1172.47 expected -1172.47 (diff -4.34057e-07)
----
Loading ACT DR6 lensing likelihood v1.2...
/users/smp24dhl/cosmo/code/act_dr6_lenslike/act_dr6_lenslike/act_dr6_lenslike.py:416: UserWarning: Hartlap correction to cinv: 0.949874686716792
  warnings.warn(f"Hartlap correction to cinv: {hartlap_correction}")
/users/smp24dhl/cosmo/code/act_dr6_lenslike/act_dr6_lenslike/act_dr6_lenslike.py:416: UserWarning: Hartlap correction to cinv: 0.949874686716792
  warnings.warn(f"Hartlap correction to cinv: {hartlap_correction}")
/users/smp24dhl/cosmo/code/act_dr6_lenslike/act_dr6_lenslike/act_dr6_lenslike.py:416: UserWarning: Hartlap correction to cinv: 0.949874686716792
  warnings.warn(f"Hartlap correction to cinv: {hartlap_correction}")
/users/smp24dhl/cosmo/code/act_dr6_lenslike/act_dr6_lenslike/act_dr6_lenslike.py:416: UserWarning: Hartlap correction to cinv: 0.949874686716792
  warnings.warn(f"Hartlap correction to cinv: {hartlap_correction}")
[2 : bao.desi_2024_bao_all] Initialized.
[0 : bao.desi_2024_bao_all] Initialized.
[3 : bao.desi_2024_bao_all] Initialized.
[1 : bao.desi_2024_bao_all] Initialized.
[0 : mcmc] Resuming from previous sample!
[0 : samplecollection] Loaded 2463 sample points from 'chains/act-full.1.txt'
[2 : samplecollection] Loaded 2592 sample points from 'chains/act-full.3.txt'
[3 : samplecollection] Loaded 2711 sample points from 'chains/act-full.4.txt'
[1 : samplecollection] Loaded 2631 sample points from 'chains/act-full.2.txt'
[0 : mcmc] Initial point: logA:3.042938, ns:0.9698927, theta_MC_100:1.040775, ombh2:0.02233385, omch2:0.1185493, w:-0.8758193, wa:-0.6594528, beta_DE:2.4397, tau:0.05449392, A_planck:1.002466, calib_100T:0.9990739, calib_217T:0.9998492, A_cib_217:60.27792, xi_sz_cib:0.4569707, A_sz:4.494886, ksz_norm:1.726417, gal545_A_100:9.632867, gal545_A_143:12.83708, gal545_A_143_217:21.45779, gal545_A_217:92.5415, ps_A_100_100:310.3649, ps_A_143_143:54.32207, ps_A_143_217:38.73474, ps_A_217_217:101.155, galf_TE_A_100:0.1618754, galf_TE_A_100_143:0.1769629, galf_TE_A_100_217:0.3198536, galf_TE_A_143:0.1867111, galf_TE_A_143_217:0.5881349, galf_TE_A_217:1.928413
[1 : mcmc] Initial point: logA:3.039136, ns:0.964331, theta_MC_100:1.040556, ombh2:0.02233337, omch2:0.1203858, w:-0.8686796, wa:-0.6018482, beta_DE:1.132532, tau:0.0496618, A_planck:1.000541, calib_100T:0.9996289, calib_217T:0.9975755, A_cib_217:41.50721, xi_sz_cib:0.7944415, A_sz:6.243834, ksz_norm:1.931072, gal545_A_100:9.525542, gal545_A_143:13.89177, gal545_A_143_217:21.07805, gal545_A_217:97.50358, ps_A_100_100:240.5678, ps_A_143_143:47.43606, ps_A_143_217:52.36277, ps_A_217_217:122.0472, galf_TE_A_100:0.08423411, galf_TE_A_100_143:0.1539473, galf_TE_A_100_217:0.4755569, galf_TE_A_143:0.2128838, galf_TE_A_143_217:0.7642231, galf_TE_A_217:2.186585
[3 : mcmc] Initial point: logA:3.04927, ns:0.9637207, theta_MC_100:1.040896, ombh2:0.02246317, omch2:0.1188769, w:-0.7807924, wa:-0.7718904, beta_DE:0.6547266, tau:0.05647658, A_planck:1.000986, calib_100T:1.000521, calib_217T:0.9981374, A_cib_217:41.88655, xi_sz_cib:0.9533959, A_sz:3.49416, ksz_norm:4.758087, gal545_A_100:9.715207, gal545_A_143:7.786734, gal545_A_143_217:13.79529, gal545_A_217:87.74091, ps_A_100_100:269.2936, ps_A_143_143:58.93173, ps_A_143_217:54.38032, ps_A_217_217:127.0262, galf_TE_A_100:0.1558511, galf_TE_A_100_143:0.08956864, galf_TE_A_100_217:0.4949303, galf_TE_A_143:0.1468038, galf_TE_A_143_217:0.5356953, galf_TE_A_217:2.043878
[2 : mcmc] Initial point: logA:3.055331, ns:0.966823, theta_MC_100:1.040988, ombh2:0.02249513, omch2:0.1183101, w:-0.8491528, wa:-0.506696, beta_DE:0.1351594, tau:0.05313217, A_planck:1.00707, calib_100T:1.000371, calib_217T:0.9987307, A_cib_217:50.96164, xi_sz_cib:0.4798623, A_sz:2.638489, ksz_norm:5.28306, gal545_A_100:7.283855, gal545_A_143:7.62546, gal545_A_143_217:9.21869, gal545_A_217:82.77204, ps_A_100_100:281.8275, ps_A_143_143:38.07506, ps_A_143_217:36.33785, ps_A_217_217:109.3191, galf_TE_A_100:0.07409771, galf_TE_A_100_143:0.1134098, galf_TE_A_100_217:0.5498769, galf_TE_A_143:0.196308, galf_TE_A_143_217:0.6641673, galf_TE_A_217:1.840846
[0 : mcmc] *WARNING* Parameter blocking manually/previously fixed: speeds will not be measured.
[0 : mcmc] Dragging with number of interpolating steps:
[0 : mcmc] *  1 : (['theta_MC_100', 'ombh2', 'omch2', 'w', 'wa', 'beta_DE', 'tau'], ['logA', 'ns'])
[0 : mcmc] * 12 : (['A_planck'], ['calib_100T', 'calib_217T', 'A_cib_217', 'xi_sz_cib', 'A_sz', 'ksz_norm', 'gal545_A_100', 'gal545_A_143', 'gal545_A_143_217', 'gal545_A_217', 'ps_A_100_100', 'ps_A_143_143', 'ps_A_143_217', 'ps_A_217_217', 'galf_TE_A_100', 'galf_TE_A_100_143', 'galf_TE_A_100_217', 'galf_TE_A_143', 'galf_TE_A_143_217', 'galf_TE_A_217'])
[0 : mcmc] Covariance matrix from previous sample.
[0 : mcmc] Sampling!
[0 : mcmc] Progress @ 2025-01-28 23:24:24 : 1 steps taken, and 2463 accepted.
[2 : mcmc] Progress @ 2025-01-28 23:24:25 : 1 steps taken, and 2592 accepted.
[1 : mcmc] Progress @ 2025-01-28 23:24:29 : 1 steps taken, and 2631 accepted.
[3 : mcmc] Progress @ 2025-01-28 23:24:31 : 1 steps taken, and 2711 accepted.
[2 : mcmc] Progress @ 2025-01-28 23:25:36 : 4 steps taken, and 2595 accepted.
[1 : mcmc] Progress @ 2025-01-28 23:25:37 : 4 steps taken, and 2633 accepted.
[3 : mcmc] Progress @ 2025-01-28 23:25:39 : 4 steps taken, and 2711 accepted.
[0 : mcmc] Progress @ 2025-01-28 23:25:42 : 4 steps taken, and 2463 accepted.
[2 : mcmc] Progress @ 2025-01-28 23:26:42 : 9 steps taken, and 2596 accepted.
[1 : mcmc] Progress @ 2025-01-28 23:26:45 : 7 steps taken, and 2633 accepted.
[3 : mcmc] Progress @ 2025-01-28 23:26:56 : 7 steps taken, and 2712 accepted.
[0 : mcmc] Progress @ 2025-01-28 23:26:59 : 8 steps taken, and 2464 accepted.
[1 : mcmc] Progress @ 2025-01-28 23:27:49 : 11 steps taken, and 2634 accepted.
[2 : mcmc] Progress @ 2025-01-28 23:27:51 : 12 steps taken, and 2596 accepted.
[3 : mcmc] Progress @ 2025-01-28 23:28:08 : 11 steps taken, and 2712 accepted.
[0 : mcmc] Progress @ 2025-01-28 23:28:18 : 11 steps taken, and 2466 accepted.
[2 : mcmc] Progress @ 2025-01-28 23:28:59 : 15 steps taken, and 2597 accepted.
[1 : mcmc] Progress @ 2025-01-28 23:29:07 : 15 steps taken, and 2637 accepted.
[3 : mcmc] Progress @ 2025-01-28 23:29:28 : 16 steps taken, and 2714 accepted.
[0 : mcmc] Progress @ 2025-01-28 23:29:41 : 15 steps taken, and 2468 accepted.
[2 : mcmc] Progress @ 2025-01-28 23:30:10 : 19 steps taken, and 2599 accepted.
[1 : mcmc] Progress @ 2025-01-28 23:30:28 : 18 steps taken, and 2637 accepted.
[3 : mcmc] Progress @ 2025-01-28 23:30:51 : 19 steps taken, and 2715 accepted.
[0 : mcmc] Progress @ 2025-01-28 23:30:52 : 18 steps taken, and 2469 accepted.
[2 : mcmc] Progress @ 2025-01-28 23:31:22 : 22 steps taken, and 2599 accepted.
[1 : mcmc] Progress @ 2025-01-28 23:31:53 : 21 steps taken, and 2637 accepted.
[0 : mcmc] Progress @ 2025-01-28 23:32:00 : 21 steps taken, and 2470 accepted.
[3 : mcmc] Progress @ 2025-01-28 23:32:06 : 22 steps taken, and 2716 accepted.
[2 : mcmc] Progress @ 2025-01-28 23:32:32 : 25 steps taken, and 2600 accepted.
[1 : mcmc] Progress @ 2025-01-28 23:33:03 : 24 steps taken, and 2639 accepted.
[3 : mcmc] Progress @ 2025-01-28 23:33:13 : 25 steps taken, and 2717 accepted.
[0 : mcmc] Progress @ 2025-01-28 23:33:23 : 25 steps taken, and 2470 accepted.
[2 : mcmc] Progress @ 2025-01-28 23:33:53 : 29 steps taken, and 2602 accepted.
[1 : mcmc] Progress @ 2025-01-28 23:34:11 : 27 steps taken, and 2640 accepted.
[3 : mcmc] Progress @ 2025-01-28 23:34:19 : 28 steps taken, and 2718 accepted.
[0 : mcmc] Progress @ 2025-01-28 23:34:33 : 28 steps taken, and 2472 accepted.
[2 : mcmc] Progress @ 2025-01-28 23:35:16 : 33 steps taken, and 2603 accepted.
[1 : mcmc] Progress @ 2025-01-28 23:35:34 : 31 steps taken, and 2641 accepted.
[3 : mcmc] Progress @ 2025-01-28 23:35:36 : 31 steps taken, and 2718 accepted.
[0 : mcmc] Progress @ 2025-01-28 23:35:43 : 31 steps taken, and 2473 accepted.
[2 : mcmc] Progress @ 2025-01-28 23:36:27 : 36 steps taken, and 2604 accepted.
[1 : mcmc] Progress @ 2025-01-28 23:36:39 : 34 steps taken, and 2642 accepted.
[3 : mcmc] Progress @ 2025-01-28 23:36:39 : 34 steps taken, and 2718 accepted.
[0 : mcmc] Progress @ 2025-01-28 23:36:52 : 34 steps taken, and 2474 accepted.
[2 : mcmc] Progress @ 2025-01-28 23:37:41 : 39 steps taken, and 2605 accepted.
[3 : mcmc] Progress @ 2025-01-28 23:37:43 : 41 steps taken, and 2720 accepted.
[1 : mcmc] Progress @ 2025-01-28 23:37:54 : 38 steps taken, and 2643 accepted.
[0 : mcmc] Progress @ 2025-01-28 23:38:04 : 37 steps taken, and 2474 accepted.
[2 : mcmc] Progress @ 2025-01-28 23:38:53 : 43 steps taken, and 2606 accepted.
[3 : mcmc] Progress @ 2025-01-28 23:38:55 : 45 steps taken, and 2721 accepted.
[1 : mcmc] Progress @ 2025-01-28 23:39:01 : 41 steps taken, and 2643 accepted.
[0 : mcmc] Progress @ 2025-01-28 23:39:22 : 40 steps taken, and 2475 accepted.
[2 : mcmc] Progress @ 2025-01-28 23:40:11 : 47 steps taken, and 2609 accepted.
[3 : mcmc] Progress @ 2025-01-28 23:40:16 : 48 steps taken, and 2721 accepted.
[1 : mcmc] Progress @ 2025-01-28 23:40:21 : 44 steps taken, and 2644 accepted.
[0 : mcmc] Progress @ 2025-01-28 23:40:31 : 43 steps taken, and 2477 accepted.
[2 : mcmc] Progress @ 2025-01-28 23:41:21 : 50 steps taken, and 2609 accepted.
[1 : mcmc] Progress @ 2025-01-28 23:41:26 : 48 steps taken, and 2644 accepted.
[3 : mcmc] Progress @ 2025-01-28 23:41:34 : 53 steps taken, and 2721 accepted.
[0 : mcmc] Progress @ 2025-01-28 23:41:47 : 46 steps taken, and 2477 accepted.
[1 : mcmc] Progress @ 2025-01-28 23:42:34 : 51 steps taken, and 2646 accepted.
[3 : mcmc] Progress @ 2025-01-28 23:42:36 : 56 steps taken, and 2723 accepted.
[2 : mcmc] Progress @ 2025-01-28 23:42:45 : 53 steps taken, and 2611 accepted.
[0 : mcmc] Progress @ 2025-01-28 23:42:51 : 49 steps taken, and 2479 accepted.
[1 : mcmc] Progress @ 2025-01-28 23:43:44 : 54 steps taken, and 2647 accepted.
[2 : mcmc] Progress @ 2025-01-28 23:44:00 : 56 steps taken, and 2612 accepted.
[3 : mcmc] Progress @ 2025-01-28 23:44:01 : 61 steps taken, and 2724 accepted.
[0 : mcmc] Progress @ 2025-01-28 23:44:18 : 52 steps taken, and 2480 accepted.
[1 : mcmc] Progress @ 2025-01-28 23:45:02 : 57 steps taken, and 2648 accepted.
[2 : mcmc] Progress @ 2025-01-28 23:45:06 : 59 steps taken, and 2613 accepted.
[3 : mcmc] Progress @ 2025-01-28 23:45:13 : 64 steps taken, and 2725 accepted.
[0 : mcmc] Progress @ 2025-01-28 23:45:45 : 56 steps taken, and 2482 accepted.
[2 : mcmc] Progress @ 2025-01-28 23:46:19 : 63 steps taken, and 2613 accepted.
[1 : mcmc] Progress @ 2025-01-28 23:46:22 : 60 steps taken, and 2650 accepted.
[3 : mcmc] Progress @ 2025-01-28 23:46:35 : 68 steps taken, and 2726 accepted.
[0 : mcmc] Progress @ 2025-01-28 23:46:54 : 59 steps taken, and 2483 accepted.
[1 : mcmc] Progress @ 2025-01-28 23:47:24 : 63 steps taken, and 2652 accepted.
[2 : mcmc] Progress @ 2025-01-28 23:47:26 : 66 steps taken, and 2614 accepted.
[3 : mcmc] Progress @ 2025-01-28 23:47:35 : 71 steps taken, and 2728 accepted.
[0 : mcmc] Progress @ 2025-01-28 23:48:13 : 62 steps taken, and 2483 accepted.
[3 : mcmc] Progress @ 2025-01-28 23:48:45 : 74 steps taken, and 2729 accepted.
[1 : mcmc] Progress @ 2025-01-28 23:48:47 : 66 steps taken, and 2654 accepted.
[2 : mcmc] Progress @ 2025-01-28 23:48:50 : 69 steps taken, and 2614 accepted.
[0 : mcmc] Progress @ 2025-01-28 23:49:36 : 65 steps taken, and 2484 accepted.
[3 : mcmc] Progress @ 2025-01-28 23:49:56 : 78 steps taken, and 2729 accepted.
[2 : mcmc] Progress @ 2025-01-28 23:49:59 : 72 steps taken, and 2615 accepted.
[1 : mcmc] Progress @ 2025-01-28 23:49:59 : 69 steps taken, and 2655 accepted.
[0 : mcmc] Progress @ 2025-01-28 23:50:47 : 68 steps taken, and 2487 accepted.
[1 : mcmc] Progress @ 2025-01-28 23:51:12 : 72 steps taken, and 2655 accepted.
[2 : mcmc] Progress @ 2025-01-28 23:51:19 : 75 steps taken, and 2615 accepted.
[3 : mcmc] Progress @ 2025-01-28 23:51:21 : 81 steps taken, and 2730 accepted.
[0 : mcmc] Progress @ 2025-01-28 23:51:58 : 71 steps taken, and 2487 accepted.
[3 : mcmc] Progress @ 2025-01-28 23:52:21 : 84 steps taken, and 2731 accepted.
[1 : mcmc] Progress @ 2025-01-28 23:52:26 : 75 steps taken, and 2657 accepted.
[2 : mcmc] Progress @ 2025-01-28 23:52:29 : 78 steps taken, and 2615 accepted.
[0 : mcmc] Progress @ 2025-01-28 23:53:06 : 74 steps taken, and 2489 accepted.
[3 : mcmc] Progress @ 2025-01-28 23:53:39 : 87 steps taken, and 2732 accepted.
[1 : mcmc] Progress @ 2025-01-28 23:53:40 : 78 steps taken, and 2658 accepted.
[2 : mcmc] Progress @ 2025-01-28 23:53:41 : 81 steps taken, and 2616 accepted.
[0 : mcmc] Progress @ 2025-01-28 23:54:20 : 77 steps taken, and 2491 accepted.
[3 : mcmc] Progress @ 2025-01-28 23:55:00 : 90 steps taken, and 2732 accepted.
[1 : mcmc] Progress @ 2025-01-28 23:55:02 : 81 steps taken, and 2661 accepted.
[2 : mcmc] Progress @ 2025-01-28 23:55:04 : 84 steps taken, and 2618 accepted.
[0 : mcmc] Progress @ 2025-01-28 23:55:33 : 80 steps taken, and 2491 accepted.
 Warning: Integrate_Romberg failed to converge; 
 integral, error, tol:   12955.153773611681       -3.2489387580270090E-007   1.0000000000000001E-007
[2 : mcmc] Progress @ 2025-01-28 23:56:10 : 87 steps taken, and 2618 accepted.
[3 : mcmc] Progress @ 2025-01-28 23:56:10 : 93 steps taken, and 2732 accepted.
[1 : mcmc] Progress @ 2025-01-28 23:56:23 : 84 steps taken, and 2662 accepted.
[0 : mcmc] Progress @ 2025-01-28 23:56:43 : 83 steps taken, and 2492 accepted.
[2 : mcmc] Progress @ 2025-01-28 23:57:11 : 90 steps taken, and 2619 accepted.
[3 : mcmc] Progress @ 2025-01-28 23:57:31 : 96 steps taken, and 2733 accepted.
[1 : mcmc] Progress @ 2025-01-28 23:57:33 : 87 steps taken, and 2662 accepted.
[0 : mcmc] Progress @ 2025-01-28 23:57:51 : 86 steps taken, and 2494 accepted.
[2 : mcmc] Progress @ 2025-01-28 23:58:14 : 93 steps taken, and 2619 accepted.
[1 : mcmc] Progress @ 2025-01-28 23:58:39 : 90 steps taken, and 2665 accepted.
[3 : mcmc] Progress @ 2025-01-28 23:58:42 : 99 steps taken, and 2734 accepted.
[0 : mcmc] Progress @ 2025-01-28 23:59:14 : 89 steps taken, and 2496 accepted.
[2 : mcmc] Progress @ 2025-01-28 23:59:40 : 97 steps taken, and 2621 accepted.
[1 : mcmc] Progress @ 2025-01-28 23:59:43 : 93 steps taken, and 2665 accepted.
[3 : mcmc] Progress @ 2025-01-29 00:00:04 : 103 steps taken, and 2734 accepted.
[0 : mcmc] Progress @ 2025-01-29 00:00:23 : 92 steps taken, and 2497 accepted.
[1 : mcmc] Progress @ 2025-01-29 00:01:03 : 96 steps taken, and 2665 accepted.
[2 : mcmc] Progress @ 2025-01-29 00:01:06 : 100 steps taken, and 2623 accepted.
[3 : mcmc] Progress @ 2025-01-29 00:01:13 : 107 steps taken, and 2735 accepted.
[0 : mcmc] Progress @ 2025-01-29 00:01:27 : 95 steps taken, and 2498 accepted.
[1 : mcmc] Progress @ 2025-01-29 00:02:13 : 99 steps taken, and 2666 accepted.
[2 : mcmc] Progress @ 2025-01-29 00:02:30 : 103 steps taken, and 2626 accepted.
[3 : mcmc] Progress @ 2025-01-29 00:02:36 : 112 steps taken, and 2736 accepted.
[0 : mcmc] Progress @ 2025-01-29 00:02:47 : 98 steps taken, and 2500 accepted.
[1 : mcmc] Progress @ 2025-01-29 00:03:27 : 102 steps taken, and 2667 accepted.
[2 : mcmc] Progress @ 2025-01-29 00:03:42 : 106 steps taken, and 2627 accepted.
[3 : mcmc] Progress @ 2025-01-29 00:03:48 : 115 steps taken, and 2737 accepted.
[0 : mcmc] Progress @ 2025-01-29 00:04:00 : 102 steps taken, and 2501 accepted.
[1 : mcmc] Progress @ 2025-01-29 00:04:43 : 105 steps taken, and 2669 accepted.
[2 : mcmc] Progress @ 2025-01-29 00:04:53 : 109 steps taken, and 2629 accepted.
[3 : mcmc] Progress @ 2025-01-29 00:05:01 : 118 steps taken, and 2738 accepted.
[0 : mcmc] Progress @ 2025-01-29 00:05:04 : 105 steps taken, and 2502 accepted.
[1 : mcmc] Progress @ 2025-01-29 00:05:53 : 108 steps taken, and 2671 accepted.
[2 : mcmc] Progress @ 2025-01-29 00:06:02 : 112 steps taken, and 2631 accepted.
[0 : mcmc] Progress @ 2025-01-29 00:06:15 : 108 steps taken, and 2505 accepted.
[3 : mcmc] Progress @ 2025-01-29 00:06:17 : 122 steps taken, and 2738 accepted.
[1 : mcmc] Progress @ 2025-01-29 00:07:12 : 111 steps taken, and 2674 accepted.
[2 : mcmc] Progress @ 2025-01-29 00:07:26 : 115 steps taken, and 2632 accepted.
[0 : mcmc] Progress @ 2025-01-29 00:07:27 : 111 steps taken, and 2507 accepted.
[3 : mcmc] Progress @ 2025-01-29 00:07:37 : 126 steps taken, and 2739 accepted.
[1 : mcmc] Progress @ 2025-01-29 00:08:31 : 115 steps taken, and 2675 accepted.
[0 : mcmc] Progress @ 2025-01-29 00:08:34 : 114 steps taken, and 2509 accepted.
[2 : mcmc] Progress @ 2025-01-29 00:08:37 : 118 steps taken, and 2634 accepted.
[3 : mcmc] Progress @ 2025-01-29 00:08:59 : 129 steps taken, and 2740 accepted.
[0 : mcmc] Progress @ 2025-01-29 00:09:40 : 117 steps taken, and 2509 accepted.
[1 : mcmc] Progress @ 2025-01-29 00:09:42 : 118 steps taken, and 2676 accepted.
[2 : mcmc] Progress @ 2025-01-29 00:09:57 : 121 steps taken, and 2634 accepted.
[3 : mcmc] Progress @ 2025-01-29 00:09:59 : 133 steps taken, and 2740 accepted.
[0 : mcmc] Progress @ 2025-01-29 00:10:53 : 120 steps taken, and 2509 accepted.
[1 : mcmc] Progress @ 2025-01-29 00:11:00 : 121 steps taken, and 2679 accepted.
[2 : mcmc] Progress @ 2025-01-29 00:11:07 : 124 steps taken, and 2634 accepted.
[3 : mcmc] Progress @ 2025-01-29 00:11:22 : 136 steps taken, and 2741 accepted.
[0 : mcmc] Progress @ 2025-01-29 00:11:58 : 124 steps taken, and 2510 accepted.
[1 : mcmc] Progress @ 2025-01-29 00:12:06 : 125 steps taken, and 2681 accepted.
[2 : mcmc] Progress @ 2025-01-29 00:12:25 : 128 steps taken, and 2636 accepted.
[3 : mcmc] Progress @ 2025-01-29 00:12:43 : 140 steps taken, and 2743 accepted.
[1 : mcmc] Progress @ 2025-01-29 00:13:15 : 129 steps taken, and 2682 accepted.
[0 : mcmc] Progress @ 2025-01-29 00:13:19 : 129 steps taken, and 2513 accepted.
[2 : mcmc] Progress @ 2025-01-29 00:13:43 : 131 steps taken, and 2637 accepted.
[3 : mcmc] Progress @ 2025-01-29 00:14:10 : 145 steps taken, and 2744 accepted.
[1 : mcmc] Progress @ 2025-01-29 00:14:27 : 132 steps taken, and 2683 accepted.
[0 : mcmc] Progress @ 2025-01-29 00:14:32 : 132 steps taken, and 2513 accepted.
[2 : mcmc] Progress @ 2025-01-29 00:14:56 : 135 steps taken, and 2638 accepted.
[3 : mcmc] Progress @ 2025-01-29 00:15:37 : 151 steps taken, and 2745 accepted.
[1 : mcmc] Progress @ 2025-01-29 00:15:49 : 135 steps taken, and 2686 accepted.
[0 : mcmc] Progress @ 2025-01-29 00:15:54 : 135 steps taken, and 2514 accepted.
[2 : mcmc] Progress @ 2025-01-29 00:16:08 : 138 steps taken, and 2641 accepted.
[3 : mcmc] Progress @ 2025-01-29 00:17:01 : 154 steps taken, and 2745 accepted.
[1 : mcmc] Progress @ 2025-01-29 00:17:11 : 139 steps taken, and 2687 accepted.
[0 : mcmc] Progress @ 2025-01-29 00:17:16 : 138 steps taken, and 2514 accepted.
[2 : mcmc] Progress @ 2025-01-29 00:17:27 : 141 steps taken, and 2642 accepted.
[3 : mcmc] Progress @ 2025-01-29 00:18:12 : 158 steps taken, and 2747 accepted.
[1 : mcmc] Progress @ 2025-01-29 00:18:23 : 142 steps taken, and 2688 accepted.
[0 : mcmc] Progress @ 2025-01-29 00:18:30 : 142 steps taken, and 2516 accepted.
[2 : mcmc] Progress @ 2025-01-29 00:18:39 : 144 steps taken, and 2643 accepted.
[3 : mcmc] Progress @ 2025-01-29 00:19:23 : 161 steps taken, and 2748 accepted.
[1 : mcmc] Progress @ 2025-01-29 00:19:32 : 145 steps taken, and 2691 accepted.
[0 : mcmc] Progress @ 2025-01-29 00:19:39 : 145 steps taken, and 2517 accepted.
[2 : mcmc] Progress @ 2025-01-29 00:19:46 : 147 steps taken, and 2643 accepted.
[3 : mcmc] Progress @ 2025-01-29 00:20:41 : 164 steps taken, and 2749 accepted.
[1 : mcmc] Progress @ 2025-01-29 00:20:51 : 148 steps taken, and 2692 accepted.
[2 : mcmc] Progress @ 2025-01-29 00:20:52 : 151 steps taken, and 2643 accepted.
[0 : mcmc] Progress @ 2025-01-29 00:20:55 : 148 steps taken, and 2518 accepted.
[0 : mcmc] Learn + convergence test @ 2520 samples accepted.
[0 : mcmc] Ready to check convergence and learn a new proposal covmat (waiting for the rest...)
[3 : mcmc] Progress @ 2025-01-29 00:21:52 : 167 steps taken, and 2750 accepted.
[0 : mcmc] Progress @ 2025-01-29 00:22:00 : 153 steps taken, and 2520 accepted.
[2 : mcmc] Progress @ 2025-01-29 00:22:08 : 154 steps taken, and 2643 accepted.
[1 : mcmc] Progress @ 2025-01-29 00:22:14 : 152 steps taken, and 2695 accepted.
 Warning: Integrate_Romberg failed to converge; 
 integral, error, tol:   12968.358554030086       -3.2456321186202786E-007   1.0000000000000001E-007
[2 : mcmc] Progress @ 2025-01-29 00:23:08 : 157 steps taken, and 2645 accepted.
[0 : mcmc] Progress @ 2025-01-29 00:23:12 : 158 steps taken, and 2521 accepted.
[3 : mcmc] Progress @ 2025-01-29 00:23:14 : 171 steps taken, and 2750 accepted.
[1 : mcmc] Progress @ 2025-01-29 00:23:28 : 155 steps taken, and 2695 accepted.
[2 : mcmc] Progress @ 2025-01-29 00:24:26 : 160 steps taken, and 2646 accepted.
[0 : mcmc] Progress @ 2025-01-29 00:24:30 : 161 steps taken, and 2523 accepted.
[3 : mcmc] Progress @ 2025-01-29 00:24:36 : 174 steps taken, and 2751 accepted.
[1 : mcmc] Progress @ 2025-01-29 00:24:43 : 159 steps taken, and 2695 accepted.
[2 : mcmc] Progress @ 2025-01-29 00:25:30 : 163 steps taken, and 2647 accepted.
[0 : mcmc] Progress @ 2025-01-29 00:25:37 : 164 steps taken, and 2524 accepted.
[3 : mcmc] Progress @ 2025-01-29 00:25:44 : 177 steps taken, and 2754 accepted.
[1 : mcmc] Progress @ 2025-01-29 00:25:47 : 162 steps taken, and 2695 accepted.
[2 : mcmc] Progress @ 2025-01-29 00:26:44 : 168 steps taken, and 2648 accepted.
[1 : mcmc] Progress @ 2025-01-29 00:26:48 : 165 steps taken, and 2697 accepted.
[0 : mcmc] Progress @ 2025-01-29 00:26:58 : 167 steps taken, and 2524 accepted.
[3 : mcmc] Progress @ 2025-01-29 00:27:08 : 182 steps taken, and 2756 accepted.
[2 : mcmc] Progress @ 2025-01-29 00:27:50 : 172 steps taken, and 2648 accepted.
[1 : mcmc] Progress @ 2025-01-29 00:27:55 : 168 steps taken, and 2699 accepted.
[0 : mcmc] Progress @ 2025-01-29 00:28:14 : 170 steps taken, and 2525 accepted.
[3 : mcmc] Progress @ 2025-01-29 00:28:27 : 187 steps taken, and 2759 accepted.
[2 : mcmc] Progress @ 2025-01-29 00:29:01 : 176 steps taken, and 2649 accepted.
[1 : mcmc] Progress @ 2025-01-29 00:29:14 : 171 steps taken, and 2701 accepted.
[0 : mcmc] Progress @ 2025-01-29 00:29:31 : 174 steps taken, and 2527 accepted.
[3 : mcmc] Progress @ 2025-01-29 00:29:45 : 190 steps taken, and 2760 accepted.
[2 : mcmc] Progress @ 2025-01-29 00:30:06 : 180 steps taken, and 2651 accepted.
[1 : mcmc] Progress @ 2025-01-29 00:30:38 : 174 steps taken, and 2703 accepted.
[0 : mcmc] Progress @ 2025-01-29 00:30:38 : 177 steps taken, and 2527 accepted.
[3 : mcmc] Progress @ 2025-01-29 00:31:00 : 194 steps taken, and 2761 accepted.
[2 : mcmc] Progress @ 2025-01-29 00:31:10 : 183 steps taken, and 2653 accepted.
[0 : mcmc] Progress @ 2025-01-29 00:31:48 : 180 steps taken, and 2529 accepted.
[1 : mcmc] Progress @ 2025-01-29 00:31:54 : 179 steps taken, and 2704 accepted.
[3 : mcmc] Progress @ 2025-01-29 00:32:05 : 200 steps taken, and 2761 accepted.
[2 : mcmc] Progress @ 2025-01-29 00:32:21 : 186 steps taken, and 2654 accepted.
[0 : mcmc] Progress @ 2025-01-29 00:33:01 : 183 steps taken, and 2530 accepted.
[1 : mcmc] Progress @ 2025-01-29 00:33:16 : 184 steps taken, and 2707 accepted.
[3 : mcmc] Progress @ 2025-01-29 00:33:19 : 206 steps taken, and 2762 accepted.
[2 : mcmc] Progress @ 2025-01-29 00:33:40 : 190 steps taken, and 2656 accepted.
[0 : mcmc] Progress @ 2025-01-29 00:34:11 : 186 steps taken, and 2530 accepted.
[3 : mcmc] Progress @ 2025-01-29 00:34:34 : 212 steps taken, and 2764 accepted.
[1 : mcmc] Progress @ 2025-01-29 00:34:38 : 187 steps taken, and 2708 accepted.
[2 : mcmc] Progress @ 2025-01-29 00:35:00 : 193 steps taken, and 2656 accepted.
[0 : mcmc] Progress @ 2025-01-29 00:35:33 : 189 steps taken, and 2532 accepted.
[3 : mcmc] Progress @ 2025-01-29 00:35:54 : 218 steps taken, and 2764 accepted.
[1 : mcmc] Progress @ 2025-01-29 00:36:00 : 190 steps taken, and 2708 accepted.
[2 : mcmc] Progress @ 2025-01-29 00:36:12 : 197 steps taken, and 2657 accepted.
[0 : mcmc] Progress @ 2025-01-29 00:36:41 : 192 steps taken, and 2533 accepted.
[3 : mcmc] Progress @ 2025-01-29 00:37:06 : 221 steps taken, and 2767 accepted.
[2 : mcmc] Progress @ 2025-01-29 00:37:21 : 201 steps taken, and 2660 accepted.
[1 : mcmc] Progress @ 2025-01-29 00:37:23 : 194 steps taken, and 2708 accepted.
[0 : mcmc] Progress @ 2025-01-29 00:37:51 : 195 steps taken, and 2534 accepted.
[3 : mcmc] Progress @ 2025-01-29 00:38:13 : 224 steps taken, and 2769 accepted.
[2 : mcmc] Progress @ 2025-01-29 00:38:37 : 205 steps taken, and 2661 accepted.
[1 : mcmc] Progress @ 2025-01-29 00:38:42 : 197 steps taken, and 2710 accepted.
[0 : mcmc] Progress @ 2025-01-29 00:39:05 : 200 steps taken, and 2534 accepted.
[3 : mcmc] Progress @ 2025-01-29 00:39:17 : 228 steps taken, and 2770 accepted.
[2 : mcmc] Progress @ 2025-01-29 00:39:50 : 208 steps taken, and 2663 accepted.
[1 : mcmc] Progress @ 2025-01-29 00:40:00 : 200 steps taken, and 2711 accepted.
[0 : mcmc] Progress @ 2025-01-29 00:40:22 : 203 steps taken, and 2535 accepted.
[3 : mcmc] Progress @ 2025-01-29 00:40:31 : 231 steps taken, and 2772 accepted.
[1 : mcmc] Progress @ 2025-01-29 00:41:01 : 203 steps taken, and 2712 accepted.
[2 : mcmc] Progress @ 2025-01-29 00:41:06 : 211 steps taken, and 2666 accepted.
[0 : mcmc] Progress @ 2025-01-29 00:41:32 : 207 steps taken, and 2538 accepted.
[3 : mcmc] Progress @ 2025-01-29 00:41:43 : 234 steps taken, and 2772 accepted.
[1 : mcmc] Progress @ 2025-01-29 00:42:18 : 206 steps taken, and 2713 accepted.
[2 : mcmc] Progress @ 2025-01-29 00:42:26 : 215 steps taken, and 2668 accepted.
[0 : mcmc] Progress @ 2025-01-29 00:42:44 : 210 steps taken, and 2539 accepted.
[3 : mcmc] Progress @ 2025-01-29 00:42:54 : 243 steps taken, and 2773 accepted.
[1 : mcmc] Progress @ 2025-01-29 00:43:31 : 211 steps taken, and 2716 accepted.
[2 : mcmc] Progress @ 2025-01-29 00:43:42 : 218 steps taken, and 2670 accepted.
[0 : mcmc] Progress @ 2025-01-29 00:44:04 : 213 steps taken, and 2540 accepted.
[3 : mcmc] Progress @ 2025-01-29 00:44:05 : 247 steps taken, and 2775 accepted.
[1 : mcmc] Progress @ 2025-01-29 00:44:34 : 214 steps taken, and 2718 accepted.
[3 : mcmc] Progress @ 2025-01-29 00:45:06 : 250 steps taken, and 2777 accepted.
[2 : mcmc] Progress @ 2025-01-29 00:45:07 : 222 steps taken, and 2670 accepted.
[0 : mcmc] Progress @ 2025-01-29 00:45:19 : 219 steps taken, and 2542 accepted.
[1 : mcmc] Progress @ 2025-01-29 00:45:48 : 218 steps taken, and 2719 accepted.
[3 : mcmc] Progress @ 2025-01-29 00:46:21 : 254 steps taken, and 2778 accepted.
[2 : mcmc] Progress @ 2025-01-29 00:46:32 : 225 steps taken, and 2671 accepted.
[0 : mcmc] Progress @ 2025-01-29 00:46:37 : 224 steps taken, and 2544 accepted.
[1 : mcmc] Progress @ 2025-01-29 00:46:53 : 221 steps taken, and 2721 accepted.
[3 : mcmc] Progress @ 2025-01-29 00:47:38 : 258 steps taken, and 2778 accepted.
[0 : mcmc] Progress @ 2025-01-29 00:47:43 : 228 steps taken, and 2545 accepted.
[2 : mcmc] Progress @ 2025-01-29 00:47:44 : 228 steps taken, and 2674 accepted.
[1 : mcmc] Progress @ 2025-01-29 00:48:14 : 225 steps taken, and 2721 accepted.
[0 : mcmc] Progress @ 2025-01-29 00:48:48 : 231 steps taken, and 2546 accepted.
[2 : mcmc] Progress @ 2025-01-29 00:48:55 : 231 steps taken, and 2674 accepted.
[3 : mcmc] Progress @ 2025-01-29 00:48:58 : 264 steps taken, and 2781 accepted.
[1 : mcmc] Progress @ 2025-01-29 00:49:21 : 228 steps taken, and 2722 accepted.
[0 : mcmc] Progress @ 2025-01-29 00:50:02 : 236 steps taken, and 2546 accepted.
[3 : mcmc] Progress @ 2025-01-29 00:50:16 : 267 steps taken, and 2782 accepted.
[2 : mcmc] Progress @ 2025-01-29 00:50:17 : 234 steps taken, and 2676 accepted.
[1 : mcmc] Progress @ 2025-01-29 00:50:34 : 231 steps taken, and 2722 accepted.
[0 : mcmc] Progress @ 2025-01-29 00:51:06 : 239 steps taken, and 2547 accepted.
[3 : mcmc] Progress @ 2025-01-29 00:51:26 : 271 steps taken, and 2783 accepted.
[2 : mcmc] Progress @ 2025-01-29 00:51:29 : 237 steps taken, and 2678 accepted.
[1 : mcmc] Progress @ 2025-01-29 00:51:54 : 235 steps taken, and 2724 accepted.
[0 : mcmc] Progress @ 2025-01-29 00:52:18 : 242 steps taken, and 2549 accepted.
[3 : mcmc] Progress @ 2025-01-29 00:52:28 : 275 steps taken, and 2783 accepted.
[2 : mcmc] Progress @ 2025-01-29 00:52:42 : 241 steps taken, and 2679 accepted.
[1 : mcmc] Progress @ 2025-01-29 00:53:03 : 239 steps taken, and 2726 accepted.
[0 : mcmc] Progress @ 2025-01-29 00:53:37 : 247 steps taken, and 2552 accepted.
[3 : mcmc] Progress @ 2025-01-29 00:53:45 : 280 steps taken, and 2784 accepted.
[2 : mcmc] Progress @ 2025-01-29 00:54:04 : 244 steps taken, and 2680 accepted.
[1 : mcmc] Progress @ 2025-01-29 00:54:15 : 242 steps taken, and 2726 accepted.
[0 : mcmc] Progress @ 2025-01-29 00:54:48 : 250 steps taken, and 2553 accepted.
[3 : mcmc] Progress @ 2025-01-29 00:54:59 : 284 steps taken, and 2786 accepted.
[2 : mcmc] Progress @ 2025-01-29 00:55:07 : 247 steps taken, and 2681 accepted.
[1 : mcmc] Progress @ 2025-01-29 00:55:34 : 246 steps taken, and 2728 accepted.
[0 : mcmc] Progress @ 2025-01-29 00:55:55 : 253 steps taken, and 2555 accepted.
[3 : mcmc] Progress @ 2025-01-29 00:56:06 : 288 steps taken, and 2788 accepted.
[2 : mcmc] Progress @ 2025-01-29 00:56:31 : 250 steps taken, and 2681 accepted.
[1 : mcmc] Progress @ 2025-01-29 00:56:40 : 249 steps taken, and 2729 accepted.
[0 : mcmc] Progress @ 2025-01-29 00:57:12 : 257 steps taken, and 2558 accepted.
[3 : mcmc] Progress @ 2025-01-29 00:57:20 : 296 steps taken, and 2790 accepted.
[2 : mcmc] Progress @ 2025-01-29 00:57:58 : 254 steps taken, and 2682 accepted.
[1 : mcmc] Progress @ 2025-01-29 00:57:59 : 253 steps taken, and 2730 accepted.
[3 : mcmc] Progress @ 2025-01-29 00:58:30 : 301 steps taken, and 2792 accepted.
[0 : mcmc] Progress @ 2025-01-29 00:58:31 : 260 steps taken, and 2558 accepted.
[1 : mcmc] Progress @ 2025-01-29 00:59:03 : 257 steps taken, and 2732 accepted.
[2 : mcmc] Progress @ 2025-01-29 00:59:10 : 257 steps taken, and 2682 accepted.
[3 : mcmc] Progress @ 2025-01-29 00:59:41 : 305 steps taken, and 2793 accepted.
[0 : mcmc] Progress @ 2025-01-29 00:59:43 : 263 steps taken, and 2558 accepted.
[1 : mcmc] Progress @ 2025-01-29 01:00:15 : 260 steps taken, and 2733 accepted.
[2 : mcmc] Progress @ 2025-01-29 01:00:20 : 260 steps taken, and 2685 accepted.
[3 : mcmc] Progress @ 2025-01-29 01:01:01 : 308 steps taken, and 2794 accepted.
[0 : mcmc] Progress @ 2025-01-29 01:01:02 : 266 steps taken, and 2560 accepted.
[1 : mcmc] Progress @ 2025-01-29 01:01:28 : 263 steps taken, and 2734 accepted.
[2 : mcmc] Progress @ 2025-01-29 01:01:42 : 263 steps taken, and 2686 accepted.
[0 : mcmc] Progress @ 2025-01-29 01:02:15 : 269 steps taken, and 2560 accepted.
[3 : mcmc] Progress @ 2025-01-29 01:02:20 : 311 steps taken, and 2794 accepted.
[2 : mcmc] Progress @ 2025-01-29 01:02:47 : 266 steps taken, and 2689 accepted.
[1 : mcmc] Progress @ 2025-01-29 01:02:50 : 266 steps taken, and 2735 accepted.
[0 : mcmc] Progress @ 2025-01-29 01:03:21 : 272 steps taken, and 2561 accepted.
[3 : mcmc] Progress @ 2025-01-29 01:03:30 : 314 steps taken, and 2797 accepted.
[2 : mcmc] Progress @ 2025-01-29 01:03:55 : 275 steps taken, and 2690 accepted.
[1 : mcmc] Progress @ 2025-01-29 01:03:56 : 269 steps taken, and 2736 accepted.
[0 : mcmc] Progress @ 2025-01-29 01:04:27 : 275 steps taken, and 2562 accepted.
[3 : mcmc] Progress @ 2025-01-29 01:04:47 : 318 steps taken, and 2798 accepted.
[2 : mcmc] Progress @ 2025-01-29 01:04:57 : 278 steps taken, and 2691 accepted.
[1 : mcmc] Progress @ 2025-01-29 01:05:13 : 272 steps taken, and 2738 accepted.
[0 : mcmc] Progress @ 2025-01-29 01:05:37 : 278 steps taken, and 2562 accepted.
[2 : mcmc] Progress @ 2025-01-29 01:06:04 : 281 steps taken, and 2691 accepted.
[3 : mcmc] Progress @ 2025-01-29 01:06:08 : 321 steps taken, and 2799 accepted.
[1 : mcmc] Progress @ 2025-01-29 01:06:23 : 275 steps taken, and 2739 accepted.
[0 : mcmc] Progress @ 2025-01-29 01:07:02 : 281 steps taken, and 2563 accepted.
[2 : mcmc] Progress @ 2025-01-29 01:07:22 : 284 steps taken, and 2692 accepted.
[3 : mcmc] Progress @ 2025-01-29 01:07:32 : 324 steps taken, and 2799 accepted.
[1 : mcmc] Progress @ 2025-01-29 01:07:41 : 279 steps taken, and 2740 accepted.
[0 : mcmc] Progress @ 2025-01-29 01:08:21 : 284 steps taken, and 2564 accepted.
[2 : mcmc] Progress @ 2025-01-29 01:08:50 : 288 steps taken, and 2695 accepted.
[3 : mcmc] Progress @ 2025-01-29 01:08:54 : 327 steps taken, and 2799 accepted.
[1 : mcmc] Progress @ 2025-01-29 01:08:56 : 283 steps taken, and 2741 accepted.
[0 : mcmc] Progress @ 2025-01-29 01:09:29 : 287 steps taken, and 2566 accepted.
[1 : mcmc] Progress @ 2025-01-29 01:10:05 : 286 steps taken, and 2743 accepted.
[2 : mcmc] Progress @ 2025-01-29 01:10:09 : 291 steps taken, and 2696 accepted.
[3 : mcmc] Progress @ 2025-01-29 01:10:19 : 331 steps taken, and 2800 accepted.
[0 : mcmc] Progress @ 2025-01-29 01:10:39 : 290 steps taken, and 2568 accepted.
[2 : mcmc] Progress @ 2025-01-29 01:11:18 : 294 steps taken, and 2699 accepted.
[1 : mcmc] Progress @ 2025-01-29 01:11:19 : 289 steps taken, and 2744 accepted.
[3 : mcmc] Progress @ 2025-01-29 01:11:20 : 336 steps taken, and 2800 accepted.
[0 : mcmc] Progress @ 2025-01-29 01:11:48 : 293 steps taken, and 2569 accepted.
[2 : mcmc] Progress @ 2025-01-29 01:12:27 : 297 steps taken, and 2699 accepted.
[1 : mcmc] Progress @ 2025-01-29 01:12:38 : 292 steps taken, and 2746 accepted.
[3 : mcmc] Progress @ 2025-01-29 01:12:39 : 339 steps taken, and 2800 accepted.
[0 : mcmc] Progress @ 2025-01-29 01:13:09 : 296 steps taken, and 2569 accepted.
[2 : mcmc] Progress @ 2025-01-29 01:13:45 : 300 steps taken, and 2699 accepted.
[1 : mcmc] Progress @ 2025-01-29 01:13:48 : 296 steps taken, and 2748 accepted.
[3 : mcmc] Progress @ 2025-01-29 01:13:59 : 342 steps taken, and 2802 accepted.
[0 : mcmc] Progress @ 2025-01-29 01:14:29 : 300 steps taken, and 2571 accepted.
[1 : mcmc] Progress @ 2025-01-29 01:14:53 : 299 steps taken, and 2750 accepted.
[2 : mcmc] Progress @ 2025-01-29 01:15:03 : 304 steps taken, and 2700 accepted.
[3 : mcmc] Progress @ 2025-01-29 01:15:24 : 350 steps taken, and 2803 accepted.
[0 : mcmc] Progress @ 2025-01-29 01:15:43 : 305 steps taken, and 2572 accepted.
[1 : mcmc] Progress @ 2025-01-29 01:16:08 : 302 steps taken, and 2751 accepted.
[2 : mcmc] Progress @ 2025-01-29 01:16:09 : 307 steps taken, and 2701 accepted.
[3 : mcmc] Progress @ 2025-01-29 01:16:33 : 360 steps taken, and 2804 accepted.
[0 : mcmc] Progress @ 2025-01-29 01:16:53 : 308 steps taken, and 2574 accepted.
[2 : mcmc] Progress @ 2025-01-29 01:17:13 : 312 steps taken, and 2702 accepted.
[1 : mcmc] Progress @ 2025-01-29 01:17:30 : 305 steps taken, and 2753 accepted.
[3 : mcmc] Progress @ 2025-01-29 01:17:40 : 363 steps taken, and 2804 accepted.
[0 : mcmc] Progress @ 2025-01-29 01:18:15 : 311 steps taken, and 2575 accepted.
[2 : mcmc] Progress @ 2025-01-29 01:18:28 : 318 steps taken, and 2703 accepted.
[1 : mcmc] Progress @ 2025-01-29 01:18:39 : 308 steps taken, and 2755 accepted.
[3 : mcmc] Progress @ 2025-01-29 01:18:53 : 367 steps taken, and 2805 accepted.
[0 : mcmc] Progress @ 2025-01-29 01:19:25 : 314 steps taken, and 2577 accepted.
[2 : mcmc] Progress @ 2025-01-29 01:19:43 : 323 steps taken, and 2705 accepted.
[1 : mcmc] Progress @ 2025-01-29 01:20:00 : 317 steps taken, and 2758 accepted.
[3 : mcmc] Progress @ 2025-01-29 01:20:13 : 370 steps taken, and 2805 accepted.
[0 : mcmc] Progress @ 2025-01-29 01:20:37 : 318 steps taken, and 2580 accepted.
[2 : mcmc] Progress @ 2025-01-29 01:20:59 : 326 steps taken, and 2705 accepted.
[1 : mcmc] Progress @ 2025-01-29 01:21:10 : 322 steps taken, and 2761 accepted.
[3 : mcmc] Progress @ 2025-01-29 01:21:30 : 373 steps taken, and 2805 accepted.
[0 : mcmc] Progress @ 2025-01-29 01:21:46 : 323 steps taken, and 2581 accepted.
[2 : mcmc] Progress @ 2025-01-29 01:22:17 : 329 steps taken, and 2708 accepted.
[1 : mcmc] Progress @ 2025-01-29 01:22:37 : 328 steps taken, and 2764 accepted.
[3 : mcmc] Progress @ 2025-01-29 01:22:46 : 376 steps taken, and 2805 accepted.
[0 : mcmc] Progress @ 2025-01-29 01:23:05 : 326 steps taken, and 2583 accepted.
[2 : mcmc] Progress @ 2025-01-29 01:23:24 : 333 steps taken, and 2709 accepted.
[1 : mcmc] Progress @ 2025-01-29 01:23:55 : 331 steps taken, and 2765 accepted.
[3 : mcmc] Progress @ 2025-01-29 01:24:08 : 383 steps taken, and 2805 accepted.
[0 : mcmc] Progress @ 2025-01-29 01:24:23 : 331 steps taken, and 2583 accepted.
[2 : mcmc] Progress @ 2025-01-29 01:24:44 : 336 steps taken, and 2709 accepted.
[1 : mcmc] Progress @ 2025-01-29 01:25:07 : 334 steps taken, and 2766 accepted.
[3 : mcmc] Progress @ 2025-01-29 01:25:29 : 386 steps taken, and 2805 accepted.
[0 : mcmc] Progress @ 2025-01-29 01:25:38 : 335 steps taken, and 2585 accepted.
[2 : mcmc] Progress @ 2025-01-29 01:25:59 : 341 steps taken, and 2711 accepted.
[1 : mcmc] Progress @ 2025-01-29 01:26:15 : 337 steps taken, and 2768 accepted.
[0 : mcmc] Progress @ 2025-01-29 01:26:44 : 338 steps taken, and 2585 accepted.
[3 : mcmc] Progress @ 2025-01-29 01:26:47 : 389 steps taken, and 2805 accepted.
[2 : mcmc] Progress @ 2025-01-29 01:27:00 : 344 steps taken, and 2712 accepted.
[1 : mcmc] Progress @ 2025-01-29 01:27:31 : 340 steps taken, and 2769 accepted.
[0 : mcmc] Progress @ 2025-01-29 01:27:55 : 342 steps taken, and 2587 accepted.
[2 : mcmc] Progress @ 2025-01-29 01:28:02 : 348 steps taken, and 2714 accepted.
[3 : mcmc] Progress @ 2025-01-29 01:28:06 : 392 steps taken, and 2805 accepted.
[1 : mcmc] Progress @ 2025-01-29 01:28:45 : 343 steps taken, and 2771 accepted.
[0 : mcmc] Progress @ 2025-01-29 01:29:18 : 345 steps taken, and 2589 accepted.
[2 : mcmc] Progress @ 2025-01-29 01:29:22 : 353 steps taken, and 2715 accepted.
[3 : mcmc] Progress @ 2025-01-29 01:29:32 : 396 steps taken, and 2808 accepted.
[1 : mcmc] Progress @ 2025-01-29 01:29:53 : 347 steps taken, and 2772 accepted.
[0 : mcmc] Progress @ 2025-01-29 01:30:38 : 350 steps taken, and 2590 accepted.
[2 : mcmc] Progress @ 2025-01-29 01:30:46 : 364 steps taken, and 2717 accepted.
[3 : mcmc] Progress @ 2025-01-29 01:30:49 : 402 steps taken, and 2810 accepted.
[1 : mcmc] Progress @ 2025-01-29 01:31:04 : 350 steps taken, and 2772 accepted.
[2 : mcmc] Progress @ 2025-01-29 01:31:47 : 369 steps taken, and 2719 accepted.
[0 : mcmc] Progress @ 2025-01-29 01:31:54 : 354 steps taken, and 2591 accepted.
[3 : mcmc] Progress @ 2025-01-29 01:32:11 : 408 steps taken, and 2812 accepted.
[1 : mcmc] Progress @ 2025-01-29 01:32:22 : 353 steps taken, and 2774 accepted.
[2 : mcmc] Progress @ 2025-01-29 01:32:59 : 372 steps taken, and 2722 accepted.
[0 : mcmc] Progress @ 2025-01-29 01:33:03 : 357 steps taken, and 2591 accepted.
[3 : mcmc] Progress @ 2025-01-29 01:33:13 : 412 steps taken, and 2813 accepted.
[1 : mcmc] Progress @ 2025-01-29 01:33:29 : 356 steps taken, and 2776 accepted.
[2 : mcmc] Progress @ 2025-01-29 01:34:10 : 375 steps taken, and 2723 accepted.
[0 : mcmc] Progress @ 2025-01-29 01:34:14 : 360 steps taken, and 2592 accepted.
[3 : mcmc] Progress @ 2025-01-29 01:34:26 : 415 steps taken, and 2813 accepted.
[1 : mcmc] Progress @ 2025-01-29 01:34:45 : 359 steps taken, and 2778 accepted.
[2 : mcmc] Progress @ 2025-01-29 01:35:19 : 378 steps taken, and 2724 accepted.
[0 : mcmc] Progress @ 2025-01-29 01:35:36 : 363 steps taken, and 2593 accepted.
[3 : mcmc] Progress @ 2025-01-29 01:35:49 : 419 steps taken, and 2815 accepted.
[1 : mcmc] Progress @ 2025-01-29 01:36:04 : 363 steps taken, and 2778 accepted.
[0 : mcmc] Progress @ 2025-01-29 01:36:41 : 367 steps taken, and 2595 accepted.
[2 : mcmc] Progress @ 2025-01-29 01:36:45 : 383 steps taken, and 2726 accepted.
[3 : mcmc] Progress @ 2025-01-29 01:37:03 : 422 steps taken, and 2816 accepted.
[1 : mcmc] Progress @ 2025-01-29 01:37:15 : 366 steps taken, and 2780 accepted.
[0 : mcmc] Progress @ 2025-01-29 01:37:55 : 376 steps taken, and 2597 accepted.
[2 : mcmc] Progress @ 2025-01-29 01:38:05 : 386 steps taken, and 2727 accepted.
[1 : mcmc] Progress @ 2025-01-29 01:38:24 : 369 steps taken, and 2780 accepted.
[3 : mcmc] Progress @ 2025-01-29 01:38:25 : 425 steps taken, and 2817 accepted.
[0 : mcmc] Progress @ 2025-01-29 01:39:14 : 379 steps taken, and 2599 accepted.
[2 : mcmc] Progress @ 2025-01-29 01:39:16 : 389 steps taken, and 2728 accepted.
[1 : mcmc] Progress @ 2025-01-29 01:39:41 : 372 steps taken, and 2782 accepted.
[3 : mcmc] Progress @ 2025-01-29 01:39:49 : 429 steps taken, and 2817 accepted.
[0 : mcmc] Progress @ 2025-01-29 01:40:28 : 382 steps taken, and 2600 accepted.
[2 : mcmc] Progress @ 2025-01-29 01:40:38 : 392 steps taken, and 2730 accepted.
[3 : mcmc] Progress @ 2025-01-29 01:40:49 : 432 steps taken, and 2818 accepted.
[1 : mcmc] Progress @ 2025-01-29 01:41:01 : 376 steps taken, and 2784 accepted.
[0 : mcmc] Progress @ 2025-01-29 01:41:33 : 385 steps taken, and 2601 accepted.
[2 : mcmc] Progress @ 2025-01-29 01:42:00 : 395 steps taken, and 2731 accepted.
[3 : mcmc] Progress @ 2025-01-29 01:42:10 : 435 steps taken, and 2819 accepted.
[1 : mcmc] Progress @ 2025-01-29 01:42:17 : 379 steps taken, and 2786 accepted.
[0 : mcmc] Progress @ 2025-01-29 01:42:38 : 388 steps taken, and 2602 accepted.
[2 : mcmc] Progress @ 2025-01-29 01:43:11 : 398 steps taken, and 2734 accepted.
[1 : mcmc] Progress @ 2025-01-29 01:43:27 : 382 steps taken, and 2787 accepted.
[3 : mcmc] Progress @ 2025-01-29 01:43:36 : 439 steps taken, and 2820 accepted.
[0 : mcmc] Progress @ 2025-01-29 01:43:47 : 392 steps taken, and 2605 accepted.
[2 : mcmc] Progress @ 2025-01-29 01:44:18 : 401 steps taken, and 2736 accepted.
[1 : mcmc] Progress @ 2025-01-29 01:44:37 : 385 steps taken, and 2790 accepted.
[3 : mcmc] Progress @ 2025-01-29 01:44:44 : 444 steps taken, and 2822 accepted.
[0 : mcmc] Progress @ 2025-01-29 01:44:51 : 396 steps taken, and 2606 accepted.
[2 : mcmc] Progress @ 2025-01-29 01:45:28 : 404 steps taken, and 2737 accepted.
[1 : mcmc] Progress @ 2025-01-29 01:45:55 : 388 steps taken, and 2791 accepted.
[3 : mcmc] Progress @ 2025-01-29 01:46:06 : 447 steps taken, and 2823 accepted.
[0 : mcmc] Progress @ 2025-01-29 01:46:08 : 399 steps taken, and 2607 accepted.
[2 : mcmc] Progress @ 2025-01-29 01:46:48 : 407 steps taken, and 2738 accepted.
[1 : mcmc] Progress @ 2025-01-29 01:46:59 : 391 steps taken, and 2791 accepted.
[3 : mcmc] Progress @ 2025-01-29 01:47:18 : 450 steps taken, and 2823 accepted.
[0 : mcmc] Progress @ 2025-01-29 01:47:20 : 402 steps taken, and 2610 accepted.
[2 : mcmc] Progress @ 2025-01-29 01:48:01 : 410 steps taken, and 2739 accepted.
[1 : mcmc] Progress @ 2025-01-29 01:48:16 : 394 steps taken, and 2792 accepted.
[0 : mcmc] Progress @ 2025-01-29 01:48:23 : 406 steps taken, and 2611 accepted.
[3 : mcmc] Progress @ 2025-01-29 01:48:37 : 454 steps taken, and 2826 accepted.
[2 : mcmc] Progress @ 2025-01-29 01:49:11 : 413 steps taken, and 2740 accepted.
[0 : mcmc] Progress @ 2025-01-29 01:49:32 : 409 steps taken, and 2613 accepted.
[1 : mcmc] Progress @ 2025-01-29 01:49:37 : 398 steps taken, and 2792 accepted.
[3 : mcmc] Progress @ 2025-01-29 01:49:49 : 458 steps taken, and 2828 accepted.
[2 : mcmc] Progress @ 2025-01-29 01:50:19 : 416 steps taken, and 2742 accepted.
[0 : mcmc] Progress @ 2025-01-29 01:50:56 : 412 steps taken, and 2614 accepted.
[1 : mcmc] Progress @ 2025-01-29 01:50:56 : 401 steps taken, and 2793 accepted.
[3 : mcmc] Progress @ 2025-01-29 01:50:57 : 462 steps taken, and 2828 accepted.
[2 : mcmc] Progress @ 2025-01-29 01:51:34 : 419 steps taken, and 2743 accepted.
[1 : mcmc] Progress @ 2025-01-29 01:51:57 : 404 steps taken, and 2794 accepted.
[0 : mcmc] Progress @ 2025-01-29 01:52:13 : 417 steps taken, and 2616 accepted.
[3 : mcmc] Progress @ 2025-01-29 01:52:13 : 465 steps taken, and 2829 accepted.
[2 : mcmc] Progress @ 2025-01-29 01:52:54 : 424 steps taken, and 2746 accepted.
[1 : mcmc] Progress @ 2025-01-29 01:53:06 : 407 steps taken, and 2795 accepted.
[3 : mcmc] Progress @ 2025-01-29 01:53:15 : 469 steps taken, and 2830 accepted.
[0 : mcmc] Progress @ 2025-01-29 01:53:21 : 420 steps taken, and 2618 accepted.
[2 : mcmc] Progress @ 2025-01-29 01:54:12 : 427 steps taken, and 2748 accepted.
[1 : mcmc] Progress @ 2025-01-29 01:54:25 : 410 steps taken, and 2795 accepted.
[0 : mcmc] Progress @ 2025-01-29 01:54:34 : 423 steps taken, and 2618 accepted.
[3 : mcmc] Progress @ 2025-01-29 01:54:37 : 472 steps taken, and 2832 accepted.
[2 : mcmc] Progress @ 2025-01-29 01:55:21 : 430 steps taken, and 2748 accepted.
[1 : mcmc] Progress @ 2025-01-29 01:55:32 : 413 steps taken, and 2796 accepted.
[3 : mcmc] Progress @ 2025-01-29 01:55:49 : 475 steps taken, and 2832 accepted.
[0 : mcmc] Progress @ 2025-01-29 01:55:54 : 426 steps taken, and 2619 accepted.
[2 : mcmc] Progress @ 2025-01-29 01:56:26 : 433 steps taken, and 2750 accepted.
[1 : mcmc] Progress @ 2025-01-29 01:56:46 : 416 steps taken, and 2797 accepted.
[0 : mcmc] Progress @ 2025-01-29 01:57:04 : 430 steps taken, and 2620 accepted.
[3 : mcmc] Progress @ 2025-01-29 01:57:08 : 478 steps taken, and 2833 accepted.
[2 : mcmc] Progress @ 2025-01-29 01:57:41 : 437 steps taken, and 2750 accepted.
[1 : mcmc] Progress @ 2025-01-29 01:57:49 : 419 steps taken, and 2798 accepted.
[0 : mcmc] Progress @ 2025-01-29 01:58:18 : 434 steps taken, and 2621 accepted.
[3 : mcmc] Progress @ 2025-01-29 01:58:30 : 481 steps taken, and 2835 accepted.
[2 : mcmc] Progress @ 2025-01-29 01:58:47 : 440 steps taken, and 2750 accepted.
[1 : mcmc] Progress @ 2025-01-29 01:59:07 : 422 steps taken, and 2800 accepted.
[0 : mcmc] Progress @ 2025-01-29 01:59:24 : 437 steps taken, and 2623 accepted.
[3 : mcmc] Progress @ 2025-01-29 01:59:33 : 485 steps taken, and 2836 accepted.
[2 : mcmc] Progress @ 2025-01-29 02:00:03 : 443 steps taken, and 2752 accepted.
[1 : mcmc] Progress @ 2025-01-29 02:00:13 : 425 steps taken, and 2801 accepted.
[0 : mcmc] Progress @ 2025-01-29 02:00:31 : 440 steps taken, and 2625 accepted.
[3 : mcmc] Progress @ 2025-01-29 02:00:55 : 490 steps taken, and 2837 accepted.
[2 : mcmc] Progress @ 2025-01-29 02:01:20 : 446 steps taken, and 2753 accepted.
[1 : mcmc] Progress @ 2025-01-29 02:01:28 : 428 steps taken, and 2803 accepted.
[0 : mcmc] Progress @ 2025-01-29 02:01:51 : 443 steps taken, and 2626 accepted.
[3 : mcmc] Progress @ 2025-01-29 02:02:18 : 493 steps taken, and 2838 accepted.
[2 : mcmc] Progress @ 2025-01-29 02:02:31 : 450 steps taken, and 2755 accepted.
[1 : mcmc] Progress @ 2025-01-29 02:02:48 : 432 steps taken, and 2805 accepted.
[0 : mcmc] Progress @ 2025-01-29 02:03:07 : 446 steps taken, and 2627 accepted.
[3 : mcmc] Progress @ 2025-01-29 02:03:31 : 497 steps taken, and 2841 accepted.
[2 : mcmc] Progress @ 2025-01-29 02:03:32 : 453 steps taken, and 2756 accepted.
[1 : mcmc] Progress @ 2025-01-29 02:03:58 : 435 steps taken, and 2807 accepted.
[0 : mcmc] Progress @ 2025-01-29 02:04:08 : 449 steps taken, and 2628 accepted.
[2 : mcmc] Progress @ 2025-01-29 02:04:51 : 456 steps taken, and 2756 accepted.
[3 : mcmc] Progress @ 2025-01-29 02:04:52 : 501 steps taken, and 2842 accepted.
[0 : mcmc] Progress @ 2025-01-29 02:05:13 : 452 steps taken, and 2629 accepted.
[1 : mcmc] Progress @ 2025-01-29 02:05:16 : 439 steps taken, and 2808 accepted.
[2 : mcmc] Progress @ 2025-01-29 02:05:52 : 460 steps taken, and 2759 accepted.
[3 : mcmc] Progress @ 2025-01-29 02:05:53 : 507 steps taken, and 2842 accepted.
[1 : mcmc] Progress @ 2025-01-29 02:06:25 : 444 steps taken, and 2810 accepted.
[0 : mcmc] Progress @ 2025-01-29 02:06:35 : 455 steps taken, and 2631 accepted.
[2 : mcmc] Progress @ 2025-01-29 02:07:09 : 463 steps taken, and 2760 accepted.
[3 : mcmc] Progress @ 2025-01-29 02:07:16 : 510 steps taken, and 2843 accepted.
[1 : mcmc] Progress @ 2025-01-29 02:07:44 : 447 steps taken, and 2812 accepted.
[0 : mcmc] Progress @ 2025-01-29 02:07:54 : 459 steps taken, and 2631 accepted.
[2 : mcmc] Progress @ 2025-01-29 02:08:26 : 466 steps taken, and 2762 accepted.
[3 : mcmc] Progress @ 2025-01-29 02:08:26 : 514 steps taken, and 2845 accepted.
[1 : mcmc] Progress @ 2025-01-29 02:08:51 : 450 steps taken, and 2813 accepted.
[0 : mcmc] Progress @ 2025-01-29 02:09:15 : 463 steps taken, and 2631 accepted.
[3 : mcmc] Progress @ 2025-01-29 02:09:33 : 518 steps taken, and 2847 accepted.
[2 : mcmc] Progress @ 2025-01-29 02:09:34 : 469 steps taken, and 2763 accepted.
[1 : mcmc] Progress @ 2025-01-29 02:10:07 : 453 steps taken, and 2814 accepted.
[0 : mcmc] Progress @ 2025-01-29 02:10:22 : 466 steps taken, and 2634 accepted.
[3 : mcmc] Progress @ 2025-01-29 02:10:44 : 521 steps taken, and 2849 accepted.
[2 : mcmc] Progress @ 2025-01-29 02:10:57 : 472 steps taken, and 2763 accepted.
[1 : mcmc] Progress @ 2025-01-29 02:11:32 : 458 steps taken, and 2816 accepted.
[0 : mcmc] Progress @ 2025-01-29 02:11:48 : 469 steps taken, and 2636 accepted.
[3 : mcmc] Progress @ 2025-01-29 02:11:54 : 525 steps taken, and 2849 accepted.
[2 : mcmc] Progress @ 2025-01-29 02:12:24 : 476 steps taken, and 2765 accepted.
[1 : mcmc] Progress @ 2025-01-29 02:12:49 : 461 steps taken, and 2817 accepted.
[3 : mcmc] Progress @ 2025-01-29 02:13:08 : 528 steps taken, and 2849 accepted.
[0 : mcmc] Progress @ 2025-01-29 02:13:11 : 472 steps taken, and 2637 accepted.
[2 : mcmc] Progress @ 2025-01-29 02:13:44 : 479 steps taken, and 2766 accepted.
[1 : mcmc] Progress @ 2025-01-29 02:14:08 : 464 steps taken, and 2818 accepted.
[0 : mcmc] Progress @ 2025-01-29 02:14:17 : 476 steps taken, and 2638 accepted.
[3 : mcmc] Progress @ 2025-01-29 02:14:29 : 532 steps taken, and 2849 accepted.
[2 : mcmc] Progress @ 2025-01-29 02:15:07 : 482 steps taken, and 2768 accepted.
[1 : mcmc] Progress @ 2025-01-29 02:15:14 : 469 steps taken, and 2820 accepted.
[0 : mcmc] Progress @ 2025-01-29 02:15:26 : 479 steps taken, and 2639 accepted.
[3 : mcmc] Progress @ 2025-01-29 02:15:51 : 536 steps taken, and 2850 accepted.
[2 : mcmc] Progress @ 2025-01-29 02:16:16 : 485 steps taken, and 2769 accepted.
[1 : mcmc] Progress @ 2025-01-29 02:16:41 : 473 steps taken, and 2821 accepted.
[0 : mcmc] Progress @ 2025-01-29 02:16:44 : 482 steps taken, and 2641 accepted.
[3 : mcmc] Progress @ 2025-01-29 02:17:04 : 542 steps taken, and 2851 accepted.
[2 : mcmc] Progress @ 2025-01-29 02:17:25 : 492 steps taken, and 2771 accepted.
[0 : mcmc] Progress @ 2025-01-29 02:18:01 : 485 steps taken, and 2643 accepted.
[1 : mcmc] Progress @ 2025-01-29 02:18:01 : 476 steps taken, and 2822 accepted.
[3 : mcmc] Progress @ 2025-01-29 02:18:21 : 546 steps taken, and 2851 accepted.
[2 : mcmc] Progress @ 2025-01-29 02:18:25 : 495 steps taken, and 2772 accepted.
[1 : mcmc] Progress @ 2025-01-29 02:19:19 : 479 steps taken, and 2824 accepted.
[0 : mcmc] Progress @ 2025-01-29 02:19:22 : 489 steps taken, and 2646 accepted.
[2 : mcmc] Progress @ 2025-01-29 02:19:40 : 499 steps taken, and 2773 accepted.
[3 : mcmc] Progress @ 2025-01-29 02:19:40 : 550 steps taken, and 2851 accepted.
[1 : mcmc] Progress @ 2025-01-29 02:20:21 : 483 steps taken, and 2826 accepted.
[0 : mcmc] Progress @ 2025-01-29 02:20:43 : 492 steps taken, and 2648 accepted.
[2 : mcmc] Progress @ 2025-01-29 02:20:47 : 505 steps taken, and 2775 accepted.
[3 : mcmc] Progress @ 2025-01-29 02:20:52 : 553 steps taken, and 2852 accepted.
[1 : mcmc] Progress @ 2025-01-29 02:21:33 : 486 steps taken, and 2826 accepted.
[0 : mcmc] Progress @ 2025-01-29 02:21:54 : 495 steps taken, and 2649 accepted.
[2 : mcmc] Progress @ 2025-01-29 02:22:08 : 508 steps taken, and 2777 accepted.
[3 : mcmc] Progress @ 2025-01-29 02:22:16 : 556 steps taken, and 2853 accepted.
[1 : mcmc] Progress @ 2025-01-29 02:22:54 : 490 steps taken, and 2827 accepted.
[0 : mcmc] Progress @ 2025-01-29 02:23:16 : 498 steps taken, and 2651 accepted.
[2 : mcmc] Progress @ 2025-01-29 02:23:21 : 511 steps taken, and 2777 accepted.
[3 : mcmc] Progress @ 2025-01-29 02:23:27 : 559 steps taken, and 2853 accepted.
[1 : mcmc] Progress @ 2025-01-29 02:24:07 : 495 steps taken, and 2828 accepted.
[2 : mcmc] Progress @ 2025-01-29 02:24:33 : 516 steps taken, and 2777 accepted.
[3 : mcmc] Progress @ 2025-01-29 02:24:41 : 563 steps taken, and 2854 accepted.
[0 : mcmc] Progress @ 2025-01-29 02:24:43 : 502 steps taken, and 2652 accepted.
[1 : mcmc] Progress @ 2025-01-29 02:25:32 : 499 steps taken, and 2830 accepted.
[3 : mcmc] Progress @ 2025-01-29 02:25:52 : 566 steps taken, and 2854 accepted.
[2 : mcmc] Progress @ 2025-01-29 02:25:52 : 519 steps taken, and 2779 accepted.
[0 : mcmc] Progress @ 2025-01-29 02:26:06 : 505 steps taken, and 2652 accepted.
[1 : mcmc] Progress @ 2025-01-29 02:26:49 : 502 steps taken, and 2830 accepted.
[3 : mcmc] Progress @ 2025-01-29 02:27:02 : 569 steps taken, and 2856 accepted.
[2 : mcmc] Progress @ 2025-01-29 02:27:03 : 522 steps taken, and 2781 accepted.
[0 : mcmc] Progress @ 2025-01-29 02:27:14 : 508 steps taken, and 2654 accepted.
[1 : mcmc] Progress @ 2025-01-29 02:27:58 : 506 steps taken, and 2832 accepted.
[3 : mcmc] Progress @ 2025-01-29 02:28:21 : 573 steps taken, and 2857 accepted.
[2 : mcmc] Progress @ 2025-01-29 02:28:29 : 525 steps taken, and 2782 accepted.
[0 : mcmc] Progress @ 2025-01-29 02:28:35 : 511 steps taken, and 2656 accepted.
[1 : mcmc] Progress @ 2025-01-29 02:29:19 : 509 steps taken, and 2834 accepted.
[3 : mcmc] Progress @ 2025-01-29 02:29:35 : 577 steps taken, and 2858 accepted.
[0 : mcmc] Progress @ 2025-01-29 02:29:46 : 514 steps taken, and 2657 accepted.
[2 : mcmc] Progress @ 2025-01-29 02:29:52 : 529 steps taken, and 2785 accepted.
[1 : mcmc] Progress @ 2025-01-29 02:30:28 : 512 steps taken, and 2835 accepted.
[3 : mcmc] Progress @ 2025-01-29 02:30:40 : 582 steps taken, and 2859 accepted.
[0 : mcmc] Progress @ 2025-01-29 02:31:09 : 517 steps taken, and 2658 accepted.
[2 : mcmc] Progress @ 2025-01-29 02:31:09 : 532 steps taken, and 2787 accepted.
[1 : mcmc] Progress @ 2025-01-29 02:31:50 : 515 steps taken, and 2835 accepted.
[3 : mcmc] Progress @ 2025-01-29 02:31:53 : 587 steps taken, and 2860 accepted.
[0 : mcmc] Progress @ 2025-01-29 02:32:17 : 521 steps taken, and 2660 accepted.
[2 : mcmc] Progress @ 2025-01-29 02:32:18 : 535 steps taken, and 2789 accepted.
[1 : mcmc] Progress @ 2025-01-29 02:32:52 : 518 steps taken, and 2835 accepted.
[3 : mcmc] Progress @ 2025-01-29 02:33:02 : 592 steps taken, and 2863 accepted.
[0 : mcmc] Progress @ 2025-01-29 02:33:34 : 528 steps taken, and 2661 accepted.
[2 : mcmc] Progress @ 2025-01-29 02:33:39 : 539 steps taken, and 2791 accepted.
[1 : mcmc] Progress @ 2025-01-29 02:34:09 : 521 steps taken, and 2837 accepted.
[3 : mcmc] Progress @ 2025-01-29 02:34:19 : 595 steps taken, and 2864 accepted.
[2 : mcmc] Progress @ 2025-01-29 02:34:49 : 542 steps taken, and 2792 accepted.
[0 : mcmc] Progress @ 2025-01-29 02:34:55 : 531 steps taken, and 2664 accepted.
[1 : mcmc] Progress @ 2025-01-29 02:35:29 : 525 steps taken, and 2838 accepted.
[3 : mcmc] Progress @ 2025-01-29 02:35:43 : 602 steps taken, and 2865 accepted.
[2 : mcmc] Progress @ 2025-01-29 02:35:50 : 545 steps taken, and 2792 accepted.
[0 : mcmc] Progress @ 2025-01-29 02:36:15 : 534 steps taken, and 2665 accepted.
[1 : mcmc] Progress @ 2025-01-29 02:36:41 : 528 steps taken, and 2839 accepted.
[3 : mcmc] Progress @ 2025-01-29 02:36:59 : 605 steps taken, and 2866 accepted.
[2 : mcmc] Progress @ 2025-01-29 02:37:14 : 548 steps taken, and 2792 accepted.
[0 : mcmc] Progress @ 2025-01-29 02:37:23 : 538 steps taken, and 2667 accepted.
[1 : mcmc] Progress @ 2025-01-29 02:37:47 : 531 steps taken, and 2840 accepted.
[3 : mcmc] Progress @ 2025-01-29 02:38:04 : 610 steps taken, and 2866 accepted.
[0 : mcmc] Progress @ 2025-01-29 02:38:29 : 542 steps taken, and 2669 accepted.
[2 : mcmc] Progress @ 2025-01-29 02:38:36 : 551 steps taken, and 2792 accepted.
[1 : mcmc] Progress @ 2025-01-29 02:38:49 : 535 steps taken, and 2842 accepted.
[3 : mcmc] Progress @ 2025-01-29 02:39:11 : 615 steps taken, and 2869 accepted.
[0 : mcmc] Progress @ 2025-01-29 02:39:41 : 545 steps taken, and 2670 accepted.
[2 : mcmc] Progress @ 2025-01-29 02:39:46 : 554 steps taken, and 2792 accepted.
[1 : mcmc] Progress @ 2025-01-29 02:39:58 : 538 steps taken, and 2844 accepted.
[3 : mcmc] Progress @ 2025-01-29 02:40:26 : 618 steps taken, and 2870 accepted.
[0 : mcmc] Progress @ 2025-01-29 02:40:56 : 548 steps taken, and 2671 accepted.
[2 : mcmc] Progress @ 2025-01-29 02:40:57 : 557 steps taken, and 2794 accepted.
[1 : mcmc] Progress @ 2025-01-29 02:41:15 : 541 steps taken, and 2846 accepted.
[3 : mcmc] Progress @ 2025-01-29 02:41:38 : 621 steps taken, and 2871 accepted.
[0 : mcmc] Progress @ 2025-01-29 02:42:12 : 551 steps taken, and 2671 accepted.
[2 : mcmc] Progress @ 2025-01-29 02:42:14 : 560 steps taken, and 2795 accepted.
[1 : mcmc] Progress @ 2025-01-29 02:42:22 : 544 steps taken, and 2846 accepted.
[3 : mcmc] Progress @ 2025-01-29 02:43:02 : 624 steps taken, and 2872 accepted.
[2 : mcmc] Progress @ 2025-01-29 02:43:22 : 563 steps taken, and 2796 accepted.
[0 : mcmc] Progress @ 2025-01-29 02:43:26 : 555 steps taken, and 2672 accepted.
[1 : mcmc] Progress @ 2025-01-29 02:43:39 : 547 steps taken, and 2847 accepted.
[3 : mcmc] Progress @ 2025-01-29 02:44:05 : 627 steps taken, and 2875 accepted.
[2 : mcmc] Progress @ 2025-01-29 02:44:33 : 566 steps taken, and 2797 accepted.
[0 : mcmc] Progress @ 2025-01-29 02:44:46 : 558 steps taken, and 2673 accepted.
[1 : mcmc] Progress @ 2025-01-29 02:44:58 : 555 steps taken, and 2849 accepted.
[3 : mcmc] Progress @ 2025-01-29 02:45:18 : 630 steps taken, and 2876 accepted.
[2 : mcmc] Progress @ 2025-01-29 02:45:43 : 569 steps taken, and 2799 accepted.
[0 : mcmc] Progress @ 2025-01-29 02:45:55 : 562 steps taken, and 2673 accepted.
[1 : mcmc] Progress @ 2025-01-29 02:46:10 : 558 steps taken, and 2850 accepted.
[3 : mcmc] Progress @ 2025-01-29 02:46:44 : 636 steps taken, and 2876 accepted.
[2 : mcmc] Progress @ 2025-01-29 02:47:05 : 572 steps taken, and 2800 accepted.
[0 : mcmc] Progress @ 2025-01-29 02:47:15 : 566 steps taken, and 2674 accepted.
[1 : mcmc] Progress @ 2025-01-29 02:47:18 : 561 steps taken, and 2850 accepted.
[3 : mcmc] Progress @ 2025-01-29 02:48:02 : 639 steps taken, and 2877 accepted.
[2 : mcmc] Progress @ 2025-01-29 02:48:28 : 575 steps taken, and 2802 accepted.
[1 : mcmc] Progress @ 2025-01-29 02:48:28 : 564 steps taken, and 2851 accepted.
[0 : mcmc] Progress @ 2025-01-29 02:48:38 : 569 steps taken, and 2674 accepted.
[3 : mcmc] Progress @ 2025-01-29 02:49:14 : 643 steps taken, and 2879 accepted.
[2 : mcmc] Progress @ 2025-01-29 02:49:34 : 578 steps taken, and 2804 accepted.
[1 : mcmc] Progress @ 2025-01-29 02:49:37 : 570 steps taken, and 2853 accepted.
[3 : mcmc] Learn + convergence test @ 2880 samples accepted.
[3 : mcmc] Ready to check convergence and learn a new proposal covmat (waiting for the rest...)
[0 : mcmc] Progress @ 2025-01-29 02:49:53 : 572 steps taken, and 2675 accepted.
[3 : mcmc] Progress @ 2025-01-29 02:50:35 : 647 steps taken, and 2881 accepted.
[2 : mcmc] Progress @ 2025-01-29 02:50:45 : 581 steps taken, and 2804 accepted.
[1 : mcmc] Progress @ 2025-01-29 02:50:59 : 573 steps taken, and 2856 accepted.
[0 : mcmc] Progress @ 2025-01-29 02:51:11 : 577 steps taken, and 2676 accepted.
[3 : mcmc] Progress @ 2025-01-29 02:51:47 : 651 steps taken, and 2883 accepted.
[2 : mcmc] Progress @ 2025-01-29 02:52:02 : 584 steps taken, and 2805 accepted.
[1 : mcmc] Progress @ 2025-01-29 02:52:18 : 577 steps taken, and 2857 accepted.
[0 : mcmc] Progress @ 2025-01-29 02:52:34 : 580 steps taken, and 2678 accepted.
[3 : mcmc] Progress @ 2025-01-29 02:53:03 : 654 steps taken, and 2886 accepted.
[2 : mcmc] Progress @ 2025-01-29 02:53:17 : 587 steps taken, and 2806 accepted.
[1 : mcmc] Progress @ 2025-01-29 02:53:31 : 580 steps taken, and 2859 accepted.
[0 : mcmc] Progress @ 2025-01-29 02:53:34 : 584 steps taken, and 2679 accepted.
[3 : mcmc] Progress @ 2025-01-29 02:54:16 : 658 steps taken, and 2888 accepted.
[2 : mcmc] Progress @ 2025-01-29 02:54:24 : 590 steps taken, and 2807 accepted.
[0 : mcmc] Progress @ 2025-01-29 02:54:42 : 588 steps taken, and 2679 accepted.
[1 : mcmc] Progress @ 2025-01-29 02:54:55 : 583 steps taken, and 2860 accepted.
[3 : mcmc] Progress @ 2025-01-29 02:55:27 : 661 steps taken, and 2890 accepted.
[2 : mcmc] Progress @ 2025-01-29 02:55:47 : 593 steps taken, and 2809 accepted.
[0 : mcmc] Progress @ 2025-01-29 02:56:01 : 591 steps taken, and 2680 accepted.
[1 : mcmc] Progress @ 2025-01-29 02:56:08 : 586 steps taken, and 2861 accepted.
[3 : mcmc] Progress @ 2025-01-29 02:56:50 : 664 steps taken, and 2890 accepted.
[2 : mcmc] Progress @ 2025-01-29 02:56:54 : 596 steps taken, and 2812 accepted.
[0 : mcmc] Progress @ 2025-01-29 02:57:08 : 594 steps taken, and 2681 accepted.
[1 : mcmc] Progress @ 2025-01-29 02:57:18 : 589 steps taken, and 2862 accepted.
[2 : mcmc] Progress @ 2025-01-29 02:58:05 : 599 steps taken, and 2813 accepted.
[3 : mcmc] Progress @ 2025-01-29 02:58:10 : 667 steps taken, and 2892 accepted.
[0 : mcmc] Progress @ 2025-01-29 02:58:24 : 597 steps taken, and 2681 accepted.
[1 : mcmc] Progress @ 2025-01-29 02:58:28 : 592 steps taken, and 2863 accepted.
[2 : mcmc] Progress @ 2025-01-29 02:59:16 : 602 steps taken, and 2816 accepted.
[3 : mcmc] Progress @ 2025-01-29 02:59:21 : 670 steps taken, and 2894 accepted.
[0 : mcmc] Progress @ 2025-01-29 02:59:29 : 601 steps taken, and 2682 accepted.
[1 : mcmc] Progress @ 2025-01-29 02:59:50 : 595 steps taken, and 2866 accepted.
[3 : mcmc] Progress @ 2025-01-29 03:00:33 : 673 steps taken, and 2895 accepted.
[2 : mcmc] Progress @ 2025-01-29 03:00:36 : 605 steps taken, and 2816 accepted.
[0 : mcmc] Progress @ 2025-01-29 03:00:49 : 604 steps taken, and 2683 accepted.
[1 : mcmc] Progress @ 2025-01-29 03:01:01 : 598 steps taken, and 2868 accepted.
[2 : mcmc] Progress @ 2025-01-29 03:01:43 : 608 steps taken, and 2818 accepted.
[3 : mcmc] Progress @ 2025-01-29 03:01:54 : 677 steps taken, and 2895 accepted.
[0 : mcmc] Progress @ 2025-01-29 03:01:55 : 607 steps taken, and 2685 accepted.
[1 : mcmc] Progress @ 2025-01-29 03:02:12 : 601 steps taken, and 2871 accepted.
[node138:31930:0:32037] Caught signal 11 (Segmentation fault: address not mapped to object at address 0xfffffffc05963418)
BFD: DWARF error: can't find .debug_ranges section.
BFD: DWARF error: can't find .debug_ranges section.
==== backtrace (tid:  32037) ====
 0 0x0000000000021563 ucs_debug_print_backtrace()  /dev/shm/UCX/1.8.0/GCCcore-9.3.0/ucx-1.8.0/src/ucs/debug/debug.c:653
 1 0x0000000000039f63 __massivenu_MOD_thermalnubackground_rho()  ???:0
 2 0x000000000003da49 __results_MOD_grho_no_de()  ???:0
 3 0x00000000000a5f01 dtauda_()  ???:0
 4 0x000000000004cfdc __results_MOD_thermo_init._omp_fn.0()  results.f90:0
 5 0x0000000000018f09 gomp_thread_start()  team.c:0
 6 0x0000000000007ea5 start_thread()  pthread_create.c:0
 7 0x00000000000feb0d __clone()  ???:0
=================================
[node138:31930] *** Process received signal ***
[node138:31930] Signal: Segmentation fault (11)
[node138:31930] Signal code:  (-6)
[node138:31930] Failing at address: 0x8cfb800007cba
[node138:31930] [ 0] /lib64/libpthread.so.0(+0xf630)[0x7fd40e2f3630]
[node138:31930] [ 1] /users/smp24dhl/cosmo/code/CAMB_beta/camb/camblib.so(__massivenu_MOD_thermalnubackground_rho+0x63)[0x7fd3d37eaf63]
[node138:31930] [ 2] /users/smp24dhl/cosmo/code/CAMB_beta/camb/camblib.so(__results_MOD_grho_no_de+0xc9)[0x7fd3d37eea49]
[node138:31930] [ 3] /users/smp24dhl/cosmo/code/CAMB_beta/camb/camblib.so(dtauda_+0x61)[0x7fd3d3856f01]
[node138:31930] [ 4] /users/smp24dhl/cosmo/code/CAMB_beta/camb/camblib.so(+0x4cfdc)[0x7fd3d37fdfdc]
[node138:31930] [ 5] /users/smp24dhl/.conda/envs/cosmos/bin/../lib/libgomp.so.1(+0x18f09)[0x7fd3d378af09]
[node138:31930] [ 6] /lib64/libpthread.so.0(+0x7ea5)[0x7fd40e2ebea5]
[node138:31930] [ 7] /lib64/libc.so.6(clone+0x6d)[0x7fd40d90bb0d]
[node138:31930] *** End of error message ***
--------------------------------------------------------------------------
Primary job  terminated normally, but 1 process returned
a non-zero exit code. Per user-direction, the job has been aborted.
--------------------------------------------------------------------------
--------------------------------------------------------------------------
mpirun noticed that process rank 3 with PID 31930 on node node138 exited on signal 11 (Segmentation fault).
--------------------------------------------------------------------------
