[0 : output] Output to be read-from/written-into folder 'chains', with prefix 'act-full'
[0 : output] Found existing info files with the requested output prefix: 'chains/act-full'
[0 : output] Let's try to resume/load.
[0 : output] Found an old sample. Resuming.
[0 : camb] `camb` module loaded successfully from /users/smp24dhl/cosmo/code/CAMB_beta/camb
Loading ACT DR6 lensing likelihood v1.2...
Loading ACT DR6 lensing likelihood v1.2...
Loading ACT DR6 lensing likelihood v1.2...
Loading ACT DR6 lensing likelihood v1.2...
/users/smp24dhl/cosmo/code/act_dr6_lenslike/act_dr6_lenslike/act_dr6_lenslike.py:416: UserWarning: Hartlap correction to cinv: 0.949874686716792
  warnings.warn(f"Hartlap correction to cinv: {hartlap_correction}")
[3 : bao.desi_2024_bao_all] Initialized.
/users/smp24dhl/cosmo/code/act_dr6_lenslike/act_dr6_lenslike/act_dr6_lenslike.py:416: UserWarning: Hartlap correction to cinv: 0.949874686716792
  warnings.warn(f"Hartlap correction to cinv: {hartlap_correction}")
[1 : bao.desi_2024_bao_all] Initialized.
/users/smp24dhl/cosmo/code/act_dr6_lenslike/act_dr6_lenslike/act_dr6_lenslike.py:416: UserWarning: Hartlap correction to cinv: 0.949874686716792
  warnings.warn(f"Hartlap correction to cinv: {hartlap_correction}")
/users/smp24dhl/cosmo/code/act_dr6_lenslike/act_dr6_lenslike/act_dr6_lenslike.py:416: UserWarning: Hartlap correction to cinv: 0.949874686716792
  warnings.warn(f"Hartlap correction to cinv: {hartlap_correction}")
[0 : bao.desi_2024_bao_all] Initialized.
[2 : bao.desi_2024_bao_all] Initialized.
[0 : mcmc] Resuming from previous sample!
[1 : samplecollection] Loaded 3623 sample points from 'chains/act-full.2.txt'
[3 : samplecollection] Loaded 3667 sample points from 'chains/act-full.4.txt'
[2 : samplecollection] Loaded 4505 sample points from 'chains/act-full.3.txt'
[0 : samplecollection] Loaded 4417 sample points from 'chains/act-full.1.txt'
[3 : mcmc] Initial point: logA:3.041327, ns:0.9897346, theta_MC_100:1.038466, ombh2:0.02112744, omch2:0.1160589, w:-0.8164016, wa:-1.058463, beta_DE:2.684626, tau:0.05748378
[1 : mcmc] Initial point: logA:3.027944, ns:0.9787815, theta_MC_100:1.03198, ombh2:0.02149146, omch2:0.1115021, w:-0.7651792, wa:-0.7320359, beta_DE:0.2092524, tau:0.04189752
[0 : mcmc] Initial point: logA:3.043502, ns:0.970754, theta_MC_100:1.043978, ombh2:0.02120754, omch2:0.1202788, w:-0.7702621, wa:-1.089726, beta_DE:2.087619, tau:0.04720092
[2 : mcmc] Initial point: logA:3.172239, ns:1.062948, theta_MC_100:1.054936, ombh2:0.04923536, omch2:0.1466554, w:-0.9184282, wa:0.1102919, beta_DE:0.7743474, tau:0.0593338
[0 : mcmc] *WARNING* Parameter blocking manually/previously fixed: speeds will not be measured.
[0 : mcmc] *WARNING* Dragging disabled: speed ratios < 2.
[0 : mcmc] Covariance matrix from previous sample.
[0 : mcmc] Sampling!
[3 : mcmc] Progress @ 2025-01-03 16:27:58 : 1 steps taken, and 3667 accepted.
[2 : mcmc] Progress @ 2025-01-03 16:27:58 : 1 steps taken, and 4505 accepted.
[1 : mcmc] Progress @ 2025-01-03 16:27:58 : 1 steps taken, and 3623 accepted.
[0 : mcmc] Progress @ 2025-01-03 16:27:58 : 1 steps taken, and 4417 accepted.
[3 : mcmc] Progress @ 2025-01-03 16:28:58 : 44 steps taken, and 3672 accepted.
[0 : mcmc] Progress @ 2025-01-03 16:28:59 : 38 steps taken, and 4423 accepted.
[1 : mcmc] Progress @ 2025-01-03 16:29:00 : 24 steps taken, and 3624 accepted.
[2 : mcmc] Progress @ 2025-01-03 16:29:00 : 37 steps taken, and 4510 accepted.
[3 : mcmc] Progress @ 2025-01-03 16:29:59 : 81 steps taken, and 3678 accepted.
[0 : mcmc] Progress @ 2025-01-03 16:30:00 : 72 steps taken, and 4429 accepted.
[1 : mcmc] Progress @ 2025-01-03 16:30:01 : 60 steps taken, and 3628 accepted.
[2 : mcmc] Progress @ 2025-01-03 16:30:03 : 73 steps taken, and 4516 accepted.
[3 : mcmc] Progress @ 2025-01-03 16:31:00 : 119 steps taken, and 3683 accepted.
[1 : mcmc] Progress @ 2025-01-03 16:31:01 : 109 steps taken, and 3634 accepted.
[0 : mcmc] Progress @ 2025-01-03 16:31:02 : 98 steps taken, and 4433 accepted.
[2 : mcmc] Progress @ 2025-01-03 16:31:03 : 113 steps taken, and 4520 accepted.
[1 : mcmc] Progress @ 2025-01-03 16:32:02 : 144 steps taken, and 3637 accepted.
[3 : mcmc] Progress @ 2025-01-03 16:32:02 : 162 steps taken, and 3694 accepted.
[0 : mcmc] Progress @ 2025-01-03 16:32:04 : 117 steps taken, and 4437 accepted.
[2 : mcmc] Progress @ 2025-01-03 16:32:04 : 152 steps taken, and 4525 accepted.
[3 : mcmc] Progress @ 2025-01-03 16:33:02 : 200 steps taken, and 3700 accepted.
[1 : mcmc] Progress @ 2025-01-03 16:33:02 : 179 steps taken, and 3646 accepted.
[0 : mcmc] Progress @ 2025-01-03 16:33:04 : 147 steps taken, and 4446 accepted.
[2 : mcmc] Progress @ 2025-01-03 16:33:05 : 195 steps taken, and 4531 accepted.
[1 : mcmc] Progress @ 2025-01-03 16:34:03 : 223 steps taken, and 3654 accepted.
[3 : mcmc] Progress @ 2025-01-03 16:34:04 : 227 steps taken, and 3703 accepted.
[0 : mcmc] Progress @ 2025-01-03 16:34:06 : 179 steps taken, and 4452 accepted.
[2 : mcmc] Progress @ 2025-01-03 16:34:07 : 255 steps taken, and 4540 accepted.
[1 : mcmc] Progress @ 2025-01-03 16:35:04 : 255 steps taken, and 3660 accepted.
[3 : mcmc] Progress @ 2025-01-03 16:35:05 : 272 steps taken, and 3712 accepted.
[0 : mcmc] Progress @ 2025-01-03 16:35:06 : 212 steps taken, and 4459 accepted.
[2 : mcmc] Progress @ 2025-01-03 16:35:07 : 312 steps taken, and 4548 accepted.
[3 : mcmc] Progress @ 2025-01-03 16:36:05 : 306 steps taken, and 3720 accepted.
[1 : mcmc] Progress @ 2025-01-03 16:36:06 : 288 steps taken, and 3664 accepted.
[0 : mcmc] Progress @ 2025-01-03 16:36:08 : 246 steps taken, and 4464 accepted.
[2 : mcmc] Progress @ 2025-01-03 16:36:09 : 349 steps taken, and 4556 accepted.
[3 : mcmc] Progress @ 2025-01-03 16:37:06 : 337 steps taken, and 3723 accepted.
[1 : mcmc] Progress @ 2025-01-03 16:37:06 : 321 steps taken, and 3670 accepted.
[0 : mcmc] Progress @ 2025-01-03 16:37:09 : 283 steps taken, and 4468 accepted.
[2 : mcmc] Progress @ 2025-01-03 16:37:10 : 381 steps taken, and 4561 accepted.
[3 : mcmc] Progress @ 2025-01-03 16:38:07 : 383 steps taken, and 3731 accepted.
[1 : mcmc] Progress @ 2025-01-03 16:38:08 : 351 steps taken, and 3674 accepted.
[0 : mcmc] Progress @ 2025-01-03 16:38:09 : 316 steps taken, and 4473 accepted.
[2 : mcmc] Progress @ 2025-01-03 16:38:12 : 415 steps taken, and 4565 accepted.
[3 : mcmc] Progress @ 2025-01-03 16:39:09 : 418 steps taken, and 3734 accepted.
[0 : mcmc] Progress @ 2025-01-03 16:39:09 : 347 steps taken, and 4481 accepted.
[1 : mcmc] Progress @ 2025-01-03 16:39:09 : 391 steps taken, and 3683 accepted.
[2 : mcmc] Progress @ 2025-01-03 16:39:13 : 442 steps taken, and 4570 accepted.
[node128:27308:0:27415] Caught signal 11 (Segmentation fault: address not mapped to object at address 0xfffffffc042fadd8)
BFD: DWARF error: can't find .debug_ranges section.
BFD: DWARF error: can't find .debug_ranges section.
==== backtrace (tid:  27415) ====
 0 0x0000000000021563 ucs_debug_print_backtrace()  /dev/shm/UCX/1.8.0/GCCcore-9.3.0/ucx-1.8.0/src/ucs/debug/debug.c:653
 1 0x0000000000039f63 __massivenu_MOD_thermalnubackground_rho()  ???:0
 2 0x000000000003da49 __results_MOD_grho_no_de()  ???:0
 3 0x00000000000a5f01 dtauda_()  ???:0
 4 0x000000000004cfdc __results_MOD_thermo_init._omp_fn.0()  results.f90:0
 5 0x0000000000018f09 gomp_thread_start()  team.c:0
 6 0x0000000000007ea5 start_thread()  pthread_create.c:0
 7 0x00000000000feb0d __clone()  ???:0
=================================
[node128:27308] *** Process received signal ***
[node128:27308] Signal: Segmentation fault (11)
[node128:27308] Signal code:  (-6)
[node128:27308] Failing at address: 0x8cfb800006aac
[node128:27308] [ 0] /lib64/libpthread.so.0(+0xf630)[0x7f2f07b39630]
[node128:27308] [ 1] /users/smp24dhl/cosmo/code/CAMB_beta/camb/camblib.so(__massivenu_MOD_thermalnubackground_rho+0x63)[0x7f2eab0a4f63]
[node128:27308] [ 2] /users/smp24dhl/cosmo/code/CAMB_beta/camb/camblib.so(__results_MOD_grho_no_de+0xc9)[0x7f2eab0a8a49]
[node128:27308] [ 3] /users/smp24dhl/cosmo/code/CAMB_beta/camb/camblib.so(dtauda_+0x61)[0x7f2eab110f01]
[node128:27308] [ 4] /users/smp24dhl/cosmo/code/CAMB_beta/camb/camblib.so(+0x4cfdc)[0x7f2eab0b7fdc]
[node128:27308] [ 5] /users/smp24dhl/.conda/envs/cosmos/bin/../lib/libgomp.so.1(+0x18f09)[0x7f2eab044f09]
[node128:27308] [ 6] /lib64/libpthread.so.0(+0x7ea5)[0x7f2f07b31ea5]
[node128:27308] [ 7] /lib64/libc.so.6(clone+0x6d)[0x7f2f07151b0d]
[node128:27308] *** End of error message ***
--------------------------------------------------------------------------
Primary job  terminated normally, but 1 process returned
a non-zero exit code. Per user-direction, the job has been aborted.
--------------------------------------------------------------------------
--------------------------------------------------------------------------
mpirun noticed that process rank 2 with PID 27308 on node node128 exited on signal 11 (Segmentation fault).
--------------------------------------------------------------------------
