R-1 = 0.04684967198880876
H_0 = 67.9\pm 1.8
w_{0,\mathrm{DE}} = -0.87\pm 0.19
w_{a,\mathrm{DE}} = -0.8\pm 1.0
\beta_{\mathrm{DE}} > 1.18
triangle plot saved at ./chains/outputs/PlanckLensingSDSS_triangle.png
parameters saved at ./chains/outputs/PlanckLensingSDSS_parameters.txt
chain not converged
--------------------------------------------------------------------------
No components were able to be opened in the pml framework.

This typically means that either no components of this type were
installed, or none of the installed components can be loaded.
Sometimes this means that shared libraries required by these
components are unable to be found/loaded.

  Host:      node143
  Framework: pml
--------------------------------------------------------------------------
srun: Job step aborted: Waiting up to 32 seconds for job step to finish.
--------------------------------------------------------------------------
No components were able to be opened in the pml framework.

This typically means that either no components of this type were
installed, or none of the installed components can be loaded.
Sometimes this means that shared libraries required by these
components are unable to be found/loaded.

  Host:      node143
  Framework: pml
--------------------------------------------------------------------------
[node143.pri.stanage.alces.network:23753] PML cm cannot be selected
--------------------------------------------------------------------------
No components were able to be opened in the pml framework.

This typically means that either no components of this type were
installed, or none of the installed components can be loaded.
Sometimes this means that shared libraries required by these
components are unable to be found/loaded.

  Host:      node143
  Framework: pml
--------------------------------------------------------------------------
[node143.pri.stanage.alces.network:23750] PML cm cannot be selected
--------------------------------------------------------------------------
No components were able to be opened in the pml framework.

This typically means that either no components of this type were
installed, or none of the installed components can be loaded.
Sometimes this means that shared libraries required by these
components are unable to be found/loaded.

  Host:      node143
  Framework: pml
--------------------------------------------------------------------------
[node143.pri.stanage.alces.network:23752] PML cm cannot be selected
[node143.pri.stanage.alces.network:23751] PML cm cannot be selected
slurmstepd: error: *** STEP 5541224.0 ON node143 CANCELLED AT 2025-02-28T13:01:34 ***
srun: error: node143: tasks 0-3: Killed
R-1 = 0.04684967198880876
H_0 = 67.9\pm 1.8
w_{0,\mathrm{DE}} = -0.87\pm 0.19
w_{a,\mathrm{DE}} = -0.8\pm 1.0
\beta_{\mathrm{DE}} > 1.18
triangle plot saved at ./chains/outputs/PlanckLensingSDSS_triangle.png
parameters saved at ./chains/outputs/PlanckLensingSDSS_parameters.txt
chain not converged
--------------------------------------------------------------------------
No components were able to be opened in the pml framework.

This typically means that either no components of this type were
installed, or none of the installed components can be loaded.
Sometimes this means that shared libraries required by these
components are unable to be found/loaded.

  Host:      node143
  Framework: pml
--------------------------------------------------------------------------
srun: Job step aborted: Waiting up to 32 seconds for job step to finish.
[node143.pri.stanage.alces.network:23819] PML cm cannot be selected
--------------------------------------------------------------------------
No components were able to be opened in the pml framework.

This typically means that either no components of this type were
installed, or none of the installed components can be loaded.
Sometimes this means that shared libraries required by these
components are unable to be found/loaded.

  Host:      node143
  Framework: pml
--------------------------------------------------------------------------
--------------------------------------------------------------------------
No components were able to be opened in the pml framework.

This typically means that either no components of this type were
installed, or none of the installed components can be loaded.
Sometimes this means that shared libraries required by these
components are unable to be found/loaded.

  Host:      node143
  Framework: pml
--------------------------------------------------------------------------
[node143.pri.stanage.alces.network:23820] PML cm cannot be selected
--------------------------------------------------------------------------
No components were able to be opened in the pml framework.

This typically means that either no components of this type were
installed, or none of the installed components can be loaded.
Sometimes this means that shared libraries required by these
components are unable to be found/loaded.

  Host:      node143
  Framework: pml
--------------------------------------------------------------------------
[node143.pri.stanage.alces.network:23818] PML cm cannot be selected
[node143.pri.stanage.alces.network:23821] PML cm cannot be selected
slurmstepd: error: *** STEP 5541224.1 ON node143 CANCELLED AT 2025-02-28T13:01:39 ***
srun: error: node143: tasks 0,2-3: Killed
srun: error: node143: task 1: Exited with exit code 1
R-1 = 0.04684967198880876
H_0 = 67.9\pm 1.8
w_{0,\mathrm{DE}} = -0.87\pm 0.19
w_{a,\mathrm{DE}} = -0.8\pm 1.0
\beta_{\mathrm{DE}} > 1.18
triangle plot saved at ./chains/outputs/PlanckLensingSDSS_triangle.png
parameters saved at ./chains/outputs/PlanckLensingSDSS_parameters.txt
chain not converged
--------------------------------------------------------------------------
No components were able to be opened in the pml framework.

This typically means that either no components of this type were
installed, or none of the installed components can be loaded.
Sometimes this means that shared libraries required by these
components are unable to be found/loaded.

  Host:      node143
  Framework: pml
--------------------------------------------------------------------------
[node143.pri.stanage.alces.network:23887] PML cm cannot be selected
srun: Job step aborted: Waiting up to 32 seconds for job step to finish.
--------------------------------------------------------------------------
No components were able to be opened in the pml framework.

This typically means that either no components of this type were
installed, or none of the installed components can be loaded.
Sometimes this means that shared libraries required by these
components are unable to be found/loaded.

  Host:      node143
  Framework: pml
--------------------------------------------------------------------------
[node143.pri.stanage.alces.network:23885] PML cm cannot be selected
--------------------------------------------------------------------------
No components were able to be opened in the pml framework.

This typically means that either no components of this type were
installed, or none of the installed components can be loaded.
Sometimes this means that shared libraries required by these
components are unable to be found/loaded.

  Host:      node143
  Framework: pml
--------------------------------------------------------------------------
[node143.pri.stanage.alces.network:23886] PML cm cannot be selected
--------------------------------------------------------------------------
No components were able to be opened in the pml framework.

This typically means that either no components of this type were
installed, or none of the installed components can be loaded.
Sometimes this means that shared libraries required by these
components are unable to be found/loaded.

  Host:      node143
  Framework: pml
--------------------------------------------------------------------------
[node143.pri.stanage.alces.network:23884] PML cm cannot be selected
slurmstepd: error: *** STEP 5541224.2 ON node143 CANCELLED AT 2025-02-28T13:01:43 ***
srun: error: node143: tasks 0-2: Killed
srun: error: node143: task 3: Exited with exit code 1
R-1 = 0.04684967198880876
H_0 = 67.9\pm 1.8
w_{0,\mathrm{DE}} = -0.87\pm 0.19
w_{a,\mathrm{DE}} = -0.8\pm 1.0
\beta_{\mathrm{DE}} > 1.18
triangle plot saved at ./chains/outputs/PlanckLensingSDSS_triangle.png
parameters saved at ./chains/outputs/PlanckLensingSDSS_parameters.txt
chain not converged
--------------------------------------------------------------------------
No components were able to be opened in the pml framework.

This typically means that either no components of this type were
installed, or none of the installed components can be loaded.
Sometimes this means that shared libraries required by these
components are unable to be found/loaded.

  Host:      node143
  Framework: pml
--------------------------------------------------------------------------
srun: Job step aborted: Waiting up to 32 seconds for job step to finish.
[node143.pri.stanage.alces.network:23952] PML cm cannot be selected
--------------------------------------------------------------------------
No components were able to be opened in the pml framework.

This typically means that either no components of this type were
installed, or none of the installed components can be loaded.
Sometimes this means that shared libraries required by these
components are unable to be found/loaded.

  Host:      node143
  Framework: pml
--------------------------------------------------------------------------
[node143.pri.stanage.alces.network:23954] PML cm cannot be selected
--------------------------------------------------------------------------
No components were able to be opened in the pml framework.

This typically means that either no components of this type were
installed, or none of the installed components can be loaded.
Sometimes this means that shared libraries required by these
components are unable to be found/loaded.

  Host:      node143
  Framework: pml
--------------------------------------------------------------------------
[node143.pri.stanage.alces.network:23953] PML cm cannot be selected
--------------------------------------------------------------------------
No components were able to be opened in the pml framework.

This typically means that either no components of this type were
installed, or none of the installed components can be loaded.
Sometimes this means that shared libraries required by these
components are unable to be found/loaded.

  Host:      node143
  Framework: pml
--------------------------------------------------------------------------
[node143.pri.stanage.alces.network:23951] PML cm cannot be selected
slurmstepd: error: *** STEP 5541224.3 ON node143 CANCELLED AT 2025-02-28T13:01:48 ***
srun: error: node143: tasks 0,2-3: Killed
srun: error: node143: task 1: Exited with exit code 1
R-1 = 0.04684967198880876
H_0 = 67.9\pm 1.8
w_{0,\mathrm{DE}} = -0.87\pm 0.19
w_{a,\mathrm{DE}} = -0.8\pm 1.0
\beta_{\mathrm{DE}} > 1.18
triangle plot saved at ./chains/outputs/PlanckLensingSDSS_triangle.png
parameters saved at ./chains/outputs/PlanckLensingSDSS_parameters.txt
chain not converged
--------------------------------------------------------------------------
No components were able to be opened in the pml framework.

This typically means that either no components of this type were
installed, or none of the installed components can be loaded.
Sometimes this means that shared libraries required by these
components are unable to be found/loaded.

  Host:      node143
  Framework: pml
--------------------------------------------------------------------------
srun: Job step aborted: Waiting up to 32 seconds for job step to finish.
--------------------------------------------------------------------------
No components were able to be opened in the pml framework.

This typically means that either no components of this type were
installed, or none of the installed components can be loaded.
Sometimes this means that shared libraries required by these
components are unable to be found/loaded.

  Host:      node143
  Framework: pml
--------------------------------------------------------------------------
[node143.pri.stanage.alces.network:24017] PML cm cannot be selected
--------------------------------------------------------------------------
No components were able to be opened in the pml framework.

This typically means that either no components of this type were
installed, or none of the installed components can be loaded.
Sometimes this means that shared libraries required by these
components are unable to be found/loaded.

  Host:      node143
  Framework: pml
--------------------------------------------------------------------------
[node143.pri.stanage.alces.network:24019] PML cm cannot be selected
--------------------------------------------------------------------------
No components were able to be opened in the pml framework.

This typically means that either no components of this type were
installed, or none of the installed components can be loaded.
Sometimes this means that shared libraries required by these
components are unable to be found/loaded.

  Host:      node143
  Framework: pml
--------------------------------------------------------------------------
[node143.pri.stanage.alces.network:24020] PML cm cannot be selected
[node143.pri.stanage.alces.network:24018] PML cm cannot be selected
slurmstepd: error: *** STEP 5541224.4 ON node143 CANCELLED AT 2025-02-28T13:01:53 ***
srun: error: node143: tasks 0-3: Killed
slurmstepd: error: *** JOB 5541224 ON node143 CANCELLED AT 2025-02-28T13:01:54 ***
