[0 : output] Output to be read-from/written-into folder 'chains', with prefix 'noHalo'
[0 : output] Found existing info files with the requested output prefix: 'chains/noHalo'
[0 : output] Let's try to resume/load.
[0 : output] Found an old sample. Resuming.
[0 : prior] *WARNING* External prior 'SZ' loaded. Mind that it might not be normalized!
[0 : camb] `camb` module loaded successfully from /users/smp24dhl/cosmo/code/CAMB_beta/camb
[0 : planck_2018_highl_plik.ttteee] `clik` module loaded successfully from /users/smp24dhl/cosmo/code/planck/clik/lib/python3.9/site-packages/clik
----
clik version clik_16.0b1-2-g63c889f3aa9c MAKEFILE
  smica
----
clik version clik_16.0b1-2-g63c889f3aa9c MAKEFILE
  smica
----
clik version clik_16.0b1-2-g63c889f3aa9c MAKEFILE
  smica
----
clik version clik_16.0b1-2-g63c889f3aa9c MAKEFILE
  smica
Checking likelihood '/users/smp24dhl/cosmo/data/planck_2018/baseline/plc_3.0/hi_l/plik/plik_rd12_HM_v22b_TTTEEE.clik' on test data. got -1172.47 expected -1172.47 (diff -4.34055e-07)
----
Checking likelihood '/users/smp24dhl/cosmo/data/planck_2018/baseline/plc_3.0/hi_l/plik/plik_rd12_HM_v22b_TTTEEE.clik' on test data. got -1172.47 expected -1172.47 (diff -4.34055e-07)
----
Checking likelihood '/users/smp24dhl/cosmo/data/planck_2018/baseline/plc_3.0/hi_l/plik/plik_rd12_HM_v22b_TTTEEE.clik' on test data. got -1172.47 expected -1172.47 (diff -4.34055e-07)
----
Checking likelihood '/users/smp24dhl/cosmo/data/planck_2018/baseline/plc_3.0/hi_l/plik/plik_rd12_HM_v22b_TTTEEE.clik' on test data. got -1172.47 expected -1172.47 (diff -4.34055e-07)
----
Checking lensing likelihood '/users/smp24dhl/cosmo/data/planck_2018/baseline/plc_3.0/lensing/smicadx12_Dec5_ftl_mv2_ndclpp_p_teb_consext8.clik_lensing' on test data. got -4.42102
Checking lensing likelihood '/users/smp24dhl/cosmo/data/planck_2018/baseline/plc_3.0/lensing/smicadx12_Dec5_ftl_mv2_ndclpp_p_teb_consext8.clik_lensing' on test data. got -4.42102
[0 : planck_2018_lensing.clik] `clik` module loaded successfully from /users/smp24dhl/cosmo/code/planck/clik/lib/python3.9/site-packages/clik
Checking lensing likelihood '/users/smp24dhl/cosmo/data/planck_2018/baseline/plc_3.0/lensing/smicadx12_Dec5_ftl_mv2_ndclpp_p_teb_consext8.clik_lensing' on test data. got -4.42102
Checking lensing likelihood '/users/smp24dhl/cosmo/data/planck_2018/baseline/plc_3.0/lensing/smicadx12_Dec5_ftl_mv2_ndclpp_p_teb_consext8.clik_lensing' on test data. got -4.42102
[0 : mcmc] Resuming from previous sample!
[1 : samplecollection] Loaded 3230 sample points from 'chains/noHalo.2.txt'
[3 : samplecollection] Loaded 3188 sample points from 'chains/noHalo.4.txt'
[0 : samplecollection] Loaded 4055 sample points from 'chains/noHalo.1.txt'
[2 : samplecollection] Loaded 4167 sample points from 'chains/noHalo.3.txt'
[3 : mcmc] Initial point: logA:3.038188, ns:0.9773852, theta_MC_100:1.040937, ombh2:0.02274415, omch2:0.1179406, w:-0.905982, wa:-1.49915, beta_DE:1.787497, tau:0.05307737, A_planck:1.001532, calib_100T:0.9989181, calib_217T:0.9983658, A_cib_217:44.88363, xi_sz_cib:0.8948651, A_sz:3.723981, ksz_norm:3.828266, gal545_A_100:10.08041, gal545_A_143:9.385323, gal545_A_143_217:17.18533, gal545_A_217:94.10277, ps_A_100_100:248.4976, ps_A_143_143:45.38165, ps_A_143_217:41.01897, ps_A_217_217:108.8855, galf_TE_A_100:0.06063502, galf_TE_A_100_143:0.1295448, galf_TE_A_100_217:0.518938, galf_TE_A_143:0.1956005, galf_TE_A_143_217:0.6449795, galf_TE_A_217:2.161549
[1 : mcmc] Initial point: logA:3.04232, ns:0.9611021, theta_MC_100:1.041326, ombh2:0.02231244, omch2:0.1201011, w:-0.4895803, wa:-2.289209, beta_DE:1.472201, tau:0.05522757, A_planck:0.9987009, calib_100T:0.9989267, calib_217T:0.999304, A_cib_217:53.96255, xi_sz_cib:0.1429875, A_sz:3.592979, ksz_norm:6.408793, gal545_A_100:6.387298, gal545_A_143:11.47184, gal545_A_143_217:20.07011, gal545_A_217:93.55791, ps_A_100_100:285.882, ps_A_143_143:44.87587, ps_A_143_217:27.65751, ps_A_217_217:99.60848, galf_TE_A_100:0.1629742, galf_TE_A_100_143:0.1408233, galf_TE_A_100_217:0.4232617, galf_TE_A_143:0.2638084, galf_TE_A_143_217:0.7476794, galf_TE_A_217:2.12716
[0 : mcmc] Initial point: logA:3.01749, ns:0.972224, theta_MC_100:1.041815, ombh2:0.02243177, omch2:0.1191726, w:-0.9148283, wa:-2.609755, beta_DE:-1.456655, tau:0.04404353, A_planck:0.9978304, calib_100T:0.9993409, calib_217T:0.9993873, A_cib_217:42.1792, xi_sz_cib:0.57018, A_sz:3.168554, ksz_norm:5.568442, gal545_A_100:6.830872, gal545_A_143:9.877331, gal545_A_143_217:17.24402, gal545_A_217:94.28956, ps_A_100_100:255.0148, ps_A_143_143:45.65054, ps_A_143_217:36.47543, ps_A_217_217:117.5772, galf_TE_A_100:0.1137933, galf_TE_A_100_143:0.185134, galf_TE_A_100_217:0.3951582, galf_TE_A_143:0.2676619, galf_TE_A_143_217:0.7568161, galf_TE_A_217:2.262764
[2 : mcmc] Initial point: logA:3.032902, ns:0.9648538, theta_MC_100:1.040926, ombh2:0.0222915, omch2:0.1202629, w:-2.119138, wa:1.637561, beta_DE:1.424264, tau:0.05275611, A_planck:0.9967474, calib_100T:1.00062, calib_217T:0.9991577, A_cib_217:39.77595, xi_sz_cib:0.3935956, A_sz:5.37251, ksz_norm:6.078443, gal545_A_100:7.152852, gal545_A_143:7.068681, gal545_A_143_217:19.11202, gal545_A_217:103.7755, ps_A_100_100:276.8685, ps_A_143_143:44.12947, ps_A_143_217:33.55565, ps_A_217_217:113.7103, galf_TE_A_100:0.1097285, galf_TE_A_100_143:0.149459, galf_TE_A_100_217:0.4778038, galf_TE_A_143:0.270274, galf_TE_A_143_217:0.640898, galf_TE_A_217:2.07992
[0 : mcmc] *WARNING* Parameter blocking manually/previously fixed: speeds will not be measured.
[0 : mcmc] Dragging with number of interpolating steps:
[0 : mcmc] * 1 : (['theta_MC_100', 'ombh2', 'omch2', 'w', 'wa', 'beta_DE', 'tau'], ['logA', 'ns'])
[0 : mcmc] * 9 : (['A_planck'], ['calib_100T', 'calib_217T', 'A_cib_217', 'xi_sz_cib', 'A_sz', 'ksz_norm', 'gal545_A_100', 'gal545_A_143', 'gal545_A_143_217', 'gal545_A_217', 'ps_A_100_100', 'ps_A_143_143', 'ps_A_143_217', 'ps_A_217_217', 'galf_TE_A_100', 'galf_TE_A_100_143', 'galf_TE_A_100_217', 'galf_TE_A_143', 'galf_TE_A_143_217', 'galf_TE_A_217'])
[0 : mcmc] Covariance matrix from previous sample.
[0 : mcmc] Sampling!
[1 : mcmc] Progress @ 2024-12-12 18:54:35 : 1 steps taken, and 3230 accepted.
[0 : mcmc] Progress @ 2024-12-12 18:54:39 : 1 steps taken, and 4055 accepted.
[2 : mcmc] Progress @ 2024-12-12 18:54:39 : 1 steps taken, and 4167 accepted.
[3 : mcmc] Progress @ 2024-12-12 18:54:40 : 1 steps taken, and 3188 accepted.
[1 : mcmc] Progress @ 2024-12-12 18:55:36 : 41 steps taken, and 3238 accepted.
[2 : mcmc] Progress @ 2024-12-12 18:55:40 : 46 steps taken, and 4180 accepted.
[0 : mcmc] Progress @ 2024-12-12 18:55:42 : 50 steps taken, and 4068 accepted.
[3 : mcmc] Progress @ 2024-12-12 18:55:43 : 36 steps taken, and 3193 accepted.
[1 : mcmc] Learn + convergence test @ 3240 samples accepted.
[1 : mcmc] Ready to check convergence and learn a new proposal covmat (waiting for the rest...)
[1 : mcmc] Progress @ 2024-12-12 18:56:38 : 68 steps taken, and 3249 accepted.
[2 : mcmc] Progress @ 2024-12-12 18:56:44 : 84 steps taken, and 4190 accepted.
[0 : mcmc] Progress @ 2024-12-12 18:56:44 : 92 steps taken, and 4081 accepted.
[3 : mcmc] Progress @ 2024-12-12 18:56:45 : 76 steps taken, and 3203 accepted.
[node039:9799 :0:9902] Caught signal 11 (Segmentation fault: address not mapped to object at address 0xfffffffc04ef57e8)
BFD: DWARF error: can't find .debug_ranges section.
BFD: DWARF error: can't find .debug_ranges section.
==== backtrace (tid:   9902) ====
 0 0x0000000000021563 ucs_debug_print_backtrace()  /dev/shm/UCX/1.8.0/GCCcore-9.3.0/ucx-1.8.0/src/ucs/debug/debug.c:653
 1 0x0000000000039f63 __massivenu_MOD_thermalnubackground_rho()  ???:0
 2 0x000000000003da49 __results_MOD_grho_no_de()  ???:0
 3 0x00000000000a5ef1 dtauda_()  ???:0
 4 0x000000000004cfcc __results_MOD_thermo_init._omp_fn.0()  results.f90:0
 5 0x0000000000018f09 gomp_thread_start()  team.c:0
 6 0x0000000000007ea5 start_thread()  pthread_create.c:0
 7 0x00000000000feb0d __clone()  ???:0
=================================
[node039:09799] *** Process received signal ***
[node039:09799] Signal: Segmentation fault (11)
[node039:09799] Signal code:  (-6)
[node039:09799] Failing at address: 0x8cfb800002647
[node039:09799] [ 0] /lib64/libpthread.so.0(+0xf630)[0x7fa589d5a630]
[node039:09799] [ 1] /users/smp24dhl/cosmo/code/CAMB_beta/camb/camblib.so(__massivenu_MOD_thermalnubackground_rho+0x63)[0x7fa52d2adf63]
[node039:09799] [ 2] /users/smp24dhl/cosmo/code/CAMB_beta/camb/camblib.so(__results_MOD_grho_no_de+0xc9)[0x7fa52d2b1a49]
[node039:09799] [ 3] /users/smp24dhl/cosmo/code/CAMB_beta/camb/camblib.so(dtauda_+0x61)[0x7fa52d319ef1]
[node039:09799] [ 4] /users/smp24dhl/cosmo/code/CAMB_beta/camb/camblib.so(+0x4cfcc)[0x7fa52d2c0fcc]
[node039:09799] [ 5] /users/smp24dhl/.conda/envs/cosmos/bin/../lib/libgomp.so.1(+0x18f09)[0x7fa52d24df09]
[node039:09799] [ 6] /lib64/libpthread.so.0(+0x7ea5)[0x7fa589d52ea5]
[node039:09799] [ 7] /lib64/libc.so.6(clone+0x6d)[0x7fa589372b0d]
[node039:09799] *** End of error message ***
--------------------------------------------------------------------------
Primary job  terminated normally, but 1 process returned
a non-zero exit code. Per user-direction, the job has been aborted.
--------------------------------------------------------------------------
--------------------------------------------------------------------------
mpirun noticed that process rank 2 with PID 9799 on node node039 exited on signal 11 (Segmentation fault).
--------------------------------------------------------------------------
