[0 : output] Output to be read-from/written-into folder 'chains', with prefix 'noHalo'
[0 : output] Found existing info files with the requested output prefix: 'chains/noHalo'
[0 : output] Let's try to resume/load.
[0 : output] Found an old sample. Resuming.
[0 : prior] *WARNING* External prior 'SZ' loaded. Mind that it might not be normalized!
[0 : camb] `camb` module loaded successfully from /users/smp24dhl/cosmo/code/CAMB_beta/camb
[0 : planck_2018_highl_plik.ttteee] `clik` module loaded successfully from /users/smp24dhl/cosmo/code/planck/clik/lib/python3.9/site-packages/clik
----
clik version clik_16.0b1-2-g63c889f3aa9c MAKEFILE
  smica
----
clik version clik_16.0b1-2-g63c889f3aa9c MAKEFILE
  smica
Checking likelihood '/users/smp24dhl/cosmo/data/planck_2018/baseline/plc_3.0/hi_l/plik/plik_rd12_HM_v22b_TTTEEE.clik' on test data. got -1172.47 expected -1172.47 (diff -4.34055e-07)
----
clik version clik_16.0b1-2-g63c889f3aa9c MAKEFILE
  smica
----
clik version clik_16.0b1-2-g63c889f3aa9c MAKEFILE
  smica
----
Checking likelihood '/users/smp24dhl/cosmo/data/planck_2018/baseline/plc_3.0/hi_l/plik/plik_rd12_HM_v22b_TTTEEE.clik' on test data. got -1172.47 expected -1172.47 (diff -4.34055e-07)
----
Checking likelihood '/users/smp24dhl/cosmo/data/planck_2018/baseline/plc_3.0/hi_l/plik/plik_rd12_HM_v22b_TTTEEE.clik' on test data. got -1172.47 expected -1172.47 (diff -4.34055e-07)
----
Checking likelihood '/users/smp24dhl/cosmo/data/planck_2018/baseline/plc_3.0/hi_l/plik/plik_rd12_HM_v22b_TTTEEE.clik' on test data. got -1172.47 expected -1172.47 (diff -4.34055e-07)
----
[0 : planck_2018_lensing.clik] `clik` module loaded successfully from /users/smp24dhl/cosmo/code/planck/clik/lib/python3.9/site-packages/clik
Checking lensing likelihood '/users/smp24dhl/cosmo/data/planck_2018/baseline/plc_3.0/lensing/smicadx12_Dec5_ftl_mv2_ndclpp_p_teb_consext8.clik_lensing' on test data. got -4.42102
Checking lensing likelihood '/users/smp24dhl/cosmo/data/planck_2018/baseline/plc_3.0/lensing/smicadx12_Dec5_ftl_mv2_ndclpp_p_teb_consext8.clik_lensing' on test data. got -4.42102
[0 : mcmc] Resuming from previous sample!
Checking lensing likelihood '/users/smp24dhl/cosmo/data/planck_2018/baseline/plc_3.0/lensing/smicadx12_Dec5_ftl_mv2_ndclpp_p_teb_consext8.clik_lensing' on test data. got -4.42102
Checking lensing likelihood '/users/smp24dhl/cosmo/data/planck_2018/baseline/plc_3.0/lensing/smicadx12_Dec5_ftl_mv2_ndclpp_p_teb_consext8.clik_lensing' on test data. got -4.42102
[1 : samplecollection] Loaded 3853 sample points from 'chains/noHalo.2.txt'
[3 : samplecollection] Loaded 3812 sample points from 'chains/noHalo.4.txt'
[0 : samplecollection] Loaded 4401 sample points from 'chains/noHalo.1.txt'
[2 : samplecollection] Loaded 4506 sample points from 'chains/noHalo.3.txt'
[1 : mcmc] Initial point: logA:3.041454, ns:0.9656477, theta_MC_100:1.04056, ombh2:0.02240509, omch2:0.1189183, w:-1.604812, wa:-0.3256864, beta_DE:-1.082433, tau:0.05634514, A_planck:0.9982919, calib_100T:0.9996675, calib_217T:0.9987901, A_cib_217:45.28401, xi_sz_cib:0.02902653, A_sz:2.658573, ksz_norm:5.845221, gal545_A_100:9.771606, gal545_A_143:10.42491, gal545_A_143_217:15.28155, gal545_A_217:89.36026, ps_A_100_100:235.6838, ps_A_143_143:38.3223, ps_A_143_217:24.6822, ps_A_217_217:109.8329, galf_TE_A_100:0.2069175, galf_TE_A_100_143:0.1267071, galf_TE_A_100_217:0.5787461, galf_TE_A_143:0.1136136, galf_TE_A_143_217:0.6982282, galf_TE_A_217:1.910723
[3 : mcmc] Initial point: logA:3.050637, ns:0.9698591, theta_MC_100:1.04123, ombh2:0.02261986, omch2:0.1180849, w:-0.2911312, wa:-2.974184, beta_DE:-1.32124, tau:0.06028945, A_planck:1.000383, calib_100T:0.9998689, calib_217T:0.9979828, A_cib_217:44.5136, xi_sz_cib:0.8765283, A_sz:1.777692, ksz_norm:5.53768, gal545_A_100:10.60301, gal545_A_143:9.658765, gal545_A_143_217:15.56366, gal545_A_217:89.5005, ps_A_100_100:274.2094, ps_A_143_143:53.64652, ps_A_143_217:39.45309, ps_A_217_217:118.0643, galf_TE_A_100:0.1627945, galf_TE_A_100_143:0.146947, galf_TE_A_100_217:0.4102823, galf_TE_A_143:0.2725073, galf_TE_A_143_217:0.614011, galf_TE_A_217:1.838289
[0 : mcmc] Initial point: logA:3.029308, ns:0.9767191, theta_MC_100:1.041169, ombh2:0.02229821, omch2:0.1181313, w:-0.9555325, wa:-1.691574, beta_DE:-0.7100313, tau:0.04841143, A_planck:1.000587, calib_100T:0.9991012, calib_217T:0.9983074, A_cib_217:40.55401, xi_sz_cib:0.7451468, A_sz:5.32801, ksz_norm:0.3862471, gal545_A_100:7.516485, gal545_A_143:10.52139, gal545_A_143_217:18.89836, gal545_A_217:91.94456, ps_A_100_100:230.4624, ps_A_143_143:47.26023, ps_A_143_217:45.33798, ps_A_217_217:127.6685, galf_TE_A_100:0.1417196, galf_TE_A_100_143:0.1274613, galf_TE_A_100_217:0.4650278, galf_TE_A_143:0.2203742, galf_TE_A_143_217:0.6665733, galf_TE_A_217:2.121162
[2 : mcmc] Initial point: logA:3.040909, ns:0.96998, theta_MC_100:1.041292, ombh2:0.02270861, omch2:0.1169309, w:-0.6485144, wa:-2.975387, beta_DE:-1.389967, tau:0.05879485, A_planck:0.9987329, calib_100T:1.000314, calib_217T:0.9982261, A_cib_217:47.01926, xi_sz_cib:0.4746293, A_sz:9.486771, ksz_norm:2.690661, gal545_A_100:11.4296, gal545_A_143:11.60501, gal545_A_143_217:20.17386, gal545_A_217:95.87996, ps_A_100_100:242.0113, ps_A_143_143:41.79266, ps_A_143_217:46.61634, ps_A_217_217:115.4718, galf_TE_A_100:0.161972, galf_TE_A_100_143:0.123975, galf_TE_A_100_217:0.3500609, galf_TE_A_143:0.20392, galf_TE_A_143_217:0.7258464, galf_TE_A_217:2.256775
[0 : mcmc] *WARNING* Parameter blocking manually/previously fixed: speeds will not be measured.
[0 : mcmc] Dragging with number of interpolating steps:
[0 : mcmc] * 1 : (['theta_MC_100', 'ombh2', 'omch2', 'w', 'wa', 'beta_DE', 'tau'], ['logA', 'ns'])
[0 : mcmc] * 9 : (['A_planck'], ['calib_100T', 'calib_217T', 'A_cib_217', 'xi_sz_cib', 'A_sz', 'ksz_norm', 'gal545_A_100', 'gal545_A_143', 'gal545_A_143_217', 'gal545_A_217', 'ps_A_100_100', 'ps_A_143_143', 'ps_A_143_217', 'ps_A_217_217', 'galf_TE_A_100', 'galf_TE_A_100_143', 'galf_TE_A_100_217', 'galf_TE_A_143', 'galf_TE_A_143_217', 'galf_TE_A_217'])
[0 : mcmc] Covariance matrix from previous sample.
[0 : mcmc] Sampling!
[0 : mcmc] Progress @ 2024-12-13 11:15:34 : 1 steps taken, and 4401 accepted.
[2 : mcmc] Progress @ 2024-12-13 11:15:34 : 1 steps taken, and 4506 accepted.
[3 : mcmc] Progress @ 2024-12-13 11:15:37 : 1 steps taken, and 3812 accepted.
[1 : mcmc] Progress @ 2024-12-13 11:15:39 : 1 steps taken, and 3853 accepted.
[2 : mcmc] Progress @ 2024-12-13 11:16:35 : 40 steps taken, and 4519 accepted.
[0 : mcmc] Progress @ 2024-12-13 11:16:35 : 28 steps taken, and 4410 accepted.
[3 : mcmc] Progress @ 2024-12-13 11:16:37 : 31 steps taken, and 3820 accepted.
[1 : mcmc] Progress @ 2024-12-13 11:16:39 : 67 steps taken, and 3864 accepted.
[0 : mcmc] Progress @ 2024-12-13 11:17:38 : 56 steps taken, and 4420 accepted.
[2 : mcmc] Progress @ 2024-12-13 11:17:38 : 82 steps taken, and 4534 accepted.
[3 : mcmc] Progress @ 2024-12-13 11:17:39 : 78 steps taken, and 3831 accepted.
[1 : mcmc] Progress @ 2024-12-13 11:17:40 : 94 steps taken, and 3870 accepted.
[node010:47246:0:47330] Caught signal 11 (Segmentation fault: address not mapped to object at address 0xfffffffc04731218)
BFD: DWARF error: can't find .debug_ranges section.
BFD: DWARF error: can't find .debug_ranges section.
==== backtrace (tid:  47330) ====
 0 0x0000000000021563 ucs_debug_print_backtrace()  /dev/shm/UCX/1.8.0/GCCcore-9.3.0/ucx-1.8.0/src/ucs/debug/debug.c:653
 1 0x0000000000039f63 __massivenu_MOD_thermalnubackground_rho()  ???:0
 2 0x000000000003da49 __results_MOD_grho_no_de()  ???:0
 3 0x00000000000a5ef1 dtauda_()  ???:0
 4 0x000000000004cfcc __results_MOD_thermo_init._omp_fn.0()  results.f90:0
 5 0x0000000000018f09 gomp_thread_start()  team.c:0
 6 0x0000000000007ea5 start_thread()  pthread_create.c:0
 7 0x00000000000feb0d __clone()  ???:0
=================================
[node010:47246] *** Process received signal ***
[node010:47246] Signal: Segmentation fault (11)
[node010:47246] Signal code:  (-6)
[node010:47246] Failing at address: 0x8cfb80000b88e
[node010:47246] [ 0] /lib64/libpthread.so.0(+0xf630)[0x7ff5f80eb630]
[node010:47246] [ 1] /users/smp24dhl/cosmo/code/CAMB_beta/camb/camblib.so(__massivenu_MOD_thermalnubackground_rho+0x63)[0x7ff59b1bef63]
[node010:47246] [ 2] /users/smp24dhl/cosmo/code/CAMB_beta/camb/camblib.so(__results_MOD_grho_no_de+0xc9)[0x7ff59b1c2a49]
[node010:47246] [ 3] /users/smp24dhl/cosmo/code/CAMB_beta/camb/camblib.so(dtauda_+0x61)[0x7ff59b22aef1]
[node010:47246] [ 4] /users/smp24dhl/cosmo/code/CAMB_beta/camb/camblib.so(+0x4cfcc)[0x7ff59b1d1fcc]
[node010:47246] [ 5] /users/smp24dhl/.conda/envs/cosmos/bin/../lib/libgomp.so.1(+0x18f09)[0x7ff59b15ef09]
[node010:47246] [ 6] /lib64/libpthread.so.0(+0x7ea5)[0x7ff5f80e3ea5]
[node010:47246] [ 7] /lib64/libc.so.6(clone+0x6d)[0x7ff5f7703b0d]
[node010:47246] *** End of error message ***
--------------------------------------------------------------------------
Primary job  terminated normally, but 1 process returned
a non-zero exit code. Per user-direction, the job has been aborted.
--------------------------------------------------------------------------
--------------------------------------------------------------------------
mpirun noticed that process rank 0 with PID 47246 on node node010 exited on signal 11 (Segmentation fault).
--------------------------------------------------------------------------
