./chains/ACTWMAP.1.txt
./chains/ACTWMAP.4.txt
./chains/ACTWMAP.2.txt
./chains/ACTWMAP.3.txt
Removed 0.3 as burn in
R-1 = 0.038741056686134714
H_0 = 77\pm 10
w_{0,\mathrm{DE}} = -0.92^{+0.44}_{-0.74}
w_{a,\mathrm{DE}} < -0.415
\beta_{\mathrm{DE}} = 2.1^{+7.3}_{-2.3}
triangle plot saved at ./chains/outputs/ACTWMAP_triangle.png
parameters saved at ./chains/outputs/ACTWMAP_parameters.txt
chain not converged
[0 : output] Output to be read-from/written-into folder 'chains', with prefix 'ACTWMAP'
[0 : output] Found existing info files with the requested output prefix: 'chains/ACTWMAP'
[0 : output] Let's try to resume/load.
[0 : output] Found an old sample. Resuming.
[0 : camb] `camb` module loaded successfully from /users/smp24dhl/cosmo/code/CAMB_beta/camb
Loading ACT DR6 lensing likelihood v1.2...
Loading ACT DR6 lensing likelihood v1.2...
Loading ACT DR6 lensing likelihood v1.2...
Loading ACT DR6 lensing likelihood v1.2...
/users/smp24dhl/cosmo/code/act_dr6_lenslike/act_dr6_lenslike/act_dr6_lenslike.py:416: UserWarning: Hartlap correction to cinv: 0.9860935524652339
  warnings.warn(f"Hartlap correction to cinv: {hartlap_correction}")
/users/smp24dhl/cosmo/code/act_dr6_lenslike/act_dr6_lenslike/act_dr6_lenslike.py:416: UserWarning: Hartlap correction to cinv: 0.9860935524652339
  warnings.warn(f"Hartlap correction to cinv: {hartlap_correction}")
/users/smp24dhl/cosmo/code/act_dr6_lenslike/act_dr6_lenslike/act_dr6_lenslike.py:416: UserWarning: Hartlap correction to cinv: 0.9860935524652339
  warnings.warn(f"Hartlap correction to cinv: {hartlap_correction}")
/users/smp24dhl/cosmo/code/act_dr6_lenslike/act_dr6_lenslike/act_dr6_lenslike.py:416: UserWarning: Hartlap correction to cinv: 0.9860935524652339
  warnings.warn(f"Hartlap correction to cinv: {hartlap_correction}")
[0 : wmaplike.wmaplike] Loaded SZ.
[2 : wmaplike.wmaplike] Loaded SZ.
[3 : wmaplike.wmaplike] Loaded SZ.
[1 : wmaplike.wmaplike] Loaded SZ.
[1 : wmaplike.wmaplike] First evaluation: Calculating largest term...
[0 : wmaplike.wmaplike] First evaluation: Calculating largest term...
[2 : wmaplike.wmaplike] First evaluation: Calculating largest term...
[3 : wmaplike.wmaplike] First evaluation: Calculating largest term...
[3 : wmaplike.wmaplike] Done finding largest term [-759.901].
[2 : wmaplike.wmaplike] Done finding largest term [-759.901].
[1 : wmaplike.wmaplike] Done finding largest term [-759.901].
[0 : wmaplike.wmaplike] Done finding largest term [-759.901].
[3 : wmaplike.wmaplike] Initialized TT gibbs.
[2 : wmaplike.wmaplike] Initialized TT gibbs.
[1 : wmaplike.wmaplike] Initialized TT gibbs.
[0 : wmaplike.wmaplike] Initialized TT gibbs.
[0 : wmaplike.wmaplike] Initialized high-l TT/TE.
[2 : wmaplike.wmaplike] Initialized high-l TT/TE.
[1 : wmaplike.wmaplike] Initialized high-l TT/TE.
[3 : wmaplike.wmaplike] Initialized high-l TT/TE.
[0 : mcmc] Resuming from previous sample!
[2 : samplecollection] Loaded 3455 sample points from 'chains/ACTWMAP.3.txt'
[3 : samplecollection] Loaded 3531 sample points from 'chains/ACTWMAP.4.txt'
[0 : samplecollection] Loaded 3506 sample points from 'chains/ACTWMAP.1.txt'
[1 : samplecollection] Loaded 3626 sample points from 'chains/ACTWMAP.2.txt'
[0 : mcmc] Initial point: yp2:1.004656, logA:3.095096, ns:0.9730466, theta_MC_100:1.04212, ombh2:0.02237046, omch2:0.1209978, w:-0.6297248, wa:-0.2474023, beta_DE:3.594069, tau:0.07381121
[2 : mcmc] Initial point: yp2:1.001989, logA:3.047739, ns:0.9726285, theta_MC_100:1.042133, ombh2:0.02223111, omch2:0.1171238, w:-0.8898413, wa:-1.379707, beta_DE:1.965339, tau:0.05827349
[1 : mcmc] Initial point: yp2:1.013736, logA:3.066769, ns:0.9800804, theta_MC_100:1.041024, ombh2:0.02246412, omch2:0.1181036, w:-1.00732, wa:-1.688498, beta_DE:0.2342364, tau:0.06782223
[3 : mcmc] Initial point: yp2:1.001616, logA:3.062376, ns:0.9791279, theta_MC_100:1.041918, ombh2:0.0225324, omch2:0.1158741, w:-0.3265773, wa:-0.8986345, beta_DE:-1.672066, tau:0.06642685
[0 : mcmc] *WARNING* Parameter blocking manually/previously fixed: speeds will not be measured.
[0 : mcmc] Dragging with number of interpolating steps:
[0 : mcmc] * 1 : (['theta_MC_100', 'ombh2', 'omch2', 'w', 'wa', 'beta_DE', 'tau'], ['logA', 'ns'])
[0 : mcmc] * 3 : (['yp2'],)
[0 : mcmc] Covariance matrix from previous sample.
[0 : mcmc] Sampling!
/users/smp24dhl/cosmo/code/pyWMAP/wmaplike/wmap.py:654: RuntimeWarning: invalid value encountered in divide
  fisher = -self.r_off_tttt / np.sqrt(TTTT * TTTT[..., np.newaxis]) + \
/users/smp24dhl/cosmo/code/pyWMAP/wmaplike/wmap.py:655: RuntimeWarning: invalid value encountered in divide
  self.epsilon / (TTTT * TTTT[..., np.newaxis])
/users/smp24dhl/cosmo/code/pyWMAP/wmaplike/wmap.py:749: RuntimeWarning: invalid value encountered in divide
  fisher = -self.r_off_tete / np.sqrt(TETE * TETE[..., np.newaxis])
/users/smp24dhl/cosmo/code/pyWMAP/wmaplike/wmap.py:654: RuntimeWarning: invalid value encountered in divide
  fisher = -self.r_off_tttt / np.sqrt(TTTT * TTTT[..., np.newaxis]) + \
/users/smp24dhl/cosmo/code/pyWMAP/wmaplike/wmap.py:655: RuntimeWarning: invalid value encountered in divide
  self.epsilon / (TTTT * TTTT[..., np.newaxis])
/users/smp24dhl/cosmo/code/pyWMAP/wmaplike/wmap.py:749: RuntimeWarning: invalid value encountered in divide
  fisher = -self.r_off_tete / np.sqrt(TETE * TETE[..., np.newaxis])
/users/smp24dhl/cosmo/code/pyWMAP/wmaplike/wmap.py:654: RuntimeWarning: invalid value encountered in divide
  fisher = -self.r_off_tttt / np.sqrt(TTTT * TTTT[..., np.newaxis]) + \
/users/smp24dhl/cosmo/code/pyWMAP/wmaplike/wmap.py:655: RuntimeWarning: invalid value encountered in divide
  self.epsilon / (TTTT * TTTT[..., np.newaxis])
/users/smp24dhl/cosmo/code/pyWMAP/wmaplike/wmap.py:749: RuntimeWarning: invalid value encountered in divide
  fisher = -self.r_off_tete / np.sqrt(TETE * TETE[..., np.newaxis])
/users/smp24dhl/cosmo/code/pyWMAP/wmaplike/wmap.py:654: RuntimeWarning: invalid value encountered in divide
  fisher = -self.r_off_tttt / np.sqrt(TTTT * TTTT[..., np.newaxis]) + \
/users/smp24dhl/cosmo/code/pyWMAP/wmaplike/wmap.py:655: RuntimeWarning: invalid value encountered in divide
  self.epsilon / (TTTT * TTTT[..., np.newaxis])
/users/smp24dhl/cosmo/code/pyWMAP/wmaplike/wmap.py:749: RuntimeWarning: invalid value encountered in divide
  fisher = -self.r_off_tete / np.sqrt(TETE * TETE[..., np.newaxis])
[1 : mcmc] Progress @ 2025-02-23 01:58:10 : 1 steps taken, and 3626 accepted.
[3 : mcmc] Progress @ 2025-02-23 01:58:10 : 1 steps taken, and 3531 accepted.
[2 : mcmc] Progress @ 2025-02-23 01:58:11 : 1 steps taken, and 3455 accepted.
[0 : mcmc] Progress @ 2025-02-23 01:58:11 : 1 steps taken, and 3506 accepted.
[3 : mcmc] Progress @ 2025-02-23 01:59:13 : 10 steps taken, and 3535 accepted.
[2 : mcmc] Progress @ 2025-02-23 01:59:13 : 9 steps taken, and 3456 accepted.
[1 : mcmc] Progress @ 2025-02-23 01:59:20 : 7 steps taken, and 3626 accepted.
[0 : mcmc] Progress @ 2025-02-23 01:59:22 : 7 steps taken, and 3506 accepted.
/users/smp24dhl/cosmo/code/pyWMAP/wmaplike/wmap.py:654: RuntimeWarning: invalid value encountered in divide
  fisher = -self.r_off_tttt / np.sqrt(TTTT * TTTT[..., np.newaxis]) + \
/users/smp24dhl/cosmo/code/pyWMAP/wmaplike/wmap.py:655: RuntimeWarning: invalid value encountered in divide
  self.epsilon / (TTTT * TTTT[..., np.newaxis])
/users/smp24dhl/cosmo/code/pyWMAP/wmaplike/wmap.py:749: RuntimeWarning: invalid value encountered in divide
  fisher = -self.r_off_tete / np.sqrt(TETE * TETE[..., np.newaxis])
/users/smp24dhl/cosmo/code/pyWMAP/wmaplike/wmap.py:654: RuntimeWarning: invalid value encountered in divide
  fisher = -self.r_off_tttt / np.sqrt(TTTT * TTTT[..., np.newaxis]) + \
/users/smp24dhl/cosmo/code/pyWMAP/wmaplike/wmap.py:655: RuntimeWarning: invalid value encountered in divide
  self.epsilon / (TTTT * TTTT[..., np.newaxis])
/users/smp24dhl/cosmo/code/pyWMAP/wmaplike/wmap.py:749: RuntimeWarning: invalid value encountered in divide
  fisher = -self.r_off_tete / np.sqrt(TETE * TETE[..., np.newaxis])
[3 : mcmc] Progress @ 2025-02-23 02:00:16 : 18 steps taken, and 3536 accepted.
[0 : mcmc] Progress @ 2025-02-23 02:00:27 : 13 steps taken, and 3507 accepted.
[2 : mcmc] Progress @ 2025-02-23 02:00:27 : 17 steps taken, and 3458 accepted.
[1 : mcmc] Progress @ 2025-02-23 02:00:28 : 15 steps taken, and 3628 accepted.
/users/smp24dhl/cosmo/code/pyWMAP/wmaplike/wmap.py:654: RuntimeWarning: invalid value encountered in divide
  fisher = -self.r_off_tttt / np.sqrt(TTTT * TTTT[..., np.newaxis]) + \
/users/smp24dhl/cosmo/code/pyWMAP/wmaplike/wmap.py:655: RuntimeWarning: invalid value encountered in divide
  self.epsilon / (TTTT * TTTT[..., np.newaxis])
/users/smp24dhl/cosmo/code/pyWMAP/wmaplike/wmap.py:749: RuntimeWarning: invalid value encountered in divide
  fisher = -self.r_off_tete / np.sqrt(TETE * TETE[..., np.newaxis])
/users/smp24dhl/cosmo/code/pyWMAP/wmaplike/wmap.py:654: RuntimeWarning: invalid value encountered in divide
  fisher = -self.r_off_tttt / np.sqrt(TTTT * TTTT[..., np.newaxis]) + \
/users/smp24dhl/cosmo/code/pyWMAP/wmaplike/wmap.py:655: RuntimeWarning: invalid value encountered in divide
  self.epsilon / (TTTT * TTTT[..., np.newaxis])
/users/smp24dhl/cosmo/code/pyWMAP/wmaplike/wmap.py:749: RuntimeWarning: invalid value encountered in divide
  fisher = -self.r_off_tete / np.sqrt(TETE * TETE[..., np.newaxis])
/users/smp24dhl/cosmo/code/pyWMAP/wmaplike/wmap.py:654: RuntimeWarning: invalid value encountered in divide
  fisher = -self.r_off_tttt / np.sqrt(TTTT * TTTT[..., np.newaxis]) + \
/users/smp24dhl/cosmo/code/pyWMAP/wmaplike/wmap.py:655: RuntimeWarning: invalid value encountered in divide
  self.epsilon / (TTTT * TTTT[..., np.newaxis])
/users/smp24dhl/cosmo/code/pyWMAP/wmaplike/wmap.py:749: RuntimeWarning: invalid value encountered in divide
  fisher = -self.r_off_tete / np.sqrt(TETE * TETE[..., np.newaxis])
/users/smp24dhl/cosmo/code/pyWMAP/wmaplike/wmap.py:654: RuntimeWarning: invalid value encountered in divide
  fisher = -self.r_off_tttt / np.sqrt(TTTT * TTTT[..., np.newaxis]) + \
/users/smp24dhl/cosmo/code/pyWMAP/wmaplike/wmap.py:655: RuntimeWarning: invalid value encountered in divide
  self.epsilon / (TTTT * TTTT[..., np.newaxis])
/users/smp24dhl/cosmo/code/pyWMAP/wmaplike/wmap.py:749: RuntimeWarning: invalid value encountered in divide
  fisher = -self.r_off_tete / np.sqrt(TETE * TETE[..., np.newaxis])
[3 : mcmc] Progress @ 2025-02-23 02:01:18 : 26 steps taken, and 3538 accepted.
[0 : mcmc] Progress @ 2025-02-23 02:01:28 : 18 steps taken, and 3507 accepted.
[2 : mcmc] Progress @ 2025-02-23 02:01:28 : 35 steps taken, and 3462 accepted.
/users/smp24dhl/cosmo/code/pyWMAP/wmaplike/wmap.py:654: RuntimeWarning: invalid value encountered in divide
  fisher = -self.r_off_tttt / np.sqrt(TTTT * TTTT[..., np.newaxis]) + \
/users/smp24dhl/cosmo/code/pyWMAP/wmaplike/wmap.py:655: RuntimeWarning: invalid value encountered in divide
  self.epsilon / (TTTT * TTTT[..., np.newaxis])
/users/smp24dhl/cosmo/code/pyWMAP/wmaplike/wmap.py:749: RuntimeWarning: invalid value encountered in divide
  fisher = -self.r_off_tete / np.sqrt(TETE * TETE[..., np.newaxis])
[1 : mcmc] Progress @ 2025-02-23 02:01:37 : 20 steps taken, and 3631 accepted.
/users/smp24dhl/cosmo/code/pyWMAP/wmaplike/wmap.py:654: RuntimeWarning: invalid value encountered in divide
  fisher = -self.r_off_tttt / np.sqrt(TTTT * TTTT[..., np.newaxis]) + \
/users/smp24dhl/cosmo/code/pyWMAP/wmaplike/wmap.py:655: RuntimeWarning: invalid value encountered in divide
  self.epsilon / (TTTT * TTTT[..., np.newaxis])
/users/smp24dhl/cosmo/code/pyWMAP/wmaplike/wmap.py:749: RuntimeWarning: invalid value encountered in divide
  fisher = -self.r_off_tete / np.sqrt(TETE * TETE[..., np.newaxis])
/users/smp24dhl/cosmo/code/pyWMAP/wmaplike/wmap.py:654: RuntimeWarning: invalid value encountered in divide
  fisher = -self.r_off_tttt / np.sqrt(TTTT * TTTT[..., np.newaxis]) + \
/users/smp24dhl/cosmo/code/pyWMAP/wmaplike/wmap.py:655: RuntimeWarning: invalid value encountered in divide
  self.epsilon / (TTTT * TTTT[..., np.newaxis])
/users/smp24dhl/cosmo/code/pyWMAP/wmaplike/wmap.py:749: RuntimeWarning: invalid value encountered in divide
  fisher = -self.r_off_tete / np.sqrt(TETE * TETE[..., np.newaxis])
[3 : mcmc] Progress @ 2025-02-23 02:02:20 : 35 steps taken, and 3542 accepted.
[2 : mcmc] Progress @ 2025-02-23 02:02:31 : 44 steps taken, and 3465 accepted.
[0 : mcmc] Progress @ 2025-02-23 02:02:32 : 27 steps taken, and 3511 accepted.
/users/smp24dhl/cosmo/code/pyWMAP/wmaplike/wmap.py:654: RuntimeWarning: invalid value encountered in divide
  fisher = -self.r_off_tttt / np.sqrt(TTTT * TTTT[..., np.newaxis]) + \
/users/smp24dhl/cosmo/code/pyWMAP/wmaplike/wmap.py:655: RuntimeWarning: invalid value encountered in divide
  self.epsilon / (TTTT * TTTT[..., np.newaxis])
/users/smp24dhl/cosmo/code/pyWMAP/wmaplike/wmap.py:749: RuntimeWarning: invalid value encountered in divide
  fisher = -self.r_off_tete / np.sqrt(TETE * TETE[..., np.newaxis])
[1 : mcmc] Progress @ 2025-02-23 02:02:41 : 26 steps taken, and 3635 accepted.
/users/smp24dhl/cosmo/code/pyWMAP/wmaplike/wmap.py:654: RuntimeWarning: invalid value encountered in divide
  fisher = -self.r_off_tttt / np.sqrt(TTTT * TTTT[..., np.newaxis]) + \
/users/smp24dhl/cosmo/code/pyWMAP/wmaplike/wmap.py:655: RuntimeWarning: invalid value encountered in divide
  self.epsilon / (TTTT * TTTT[..., np.newaxis])
/users/smp24dhl/cosmo/code/pyWMAP/wmaplike/wmap.py:749: RuntimeWarning: invalid value encountered in divide
  fisher = -self.r_off_tete / np.sqrt(TETE * TETE[..., np.newaxis])
/users/smp24dhl/cosmo/code/pyWMAP/wmaplike/wmap.py:654: RuntimeWarning: invalid value encountered in divide
  fisher = -self.r_off_tttt / np.sqrt(TTTT * TTTT[..., np.newaxis]) + \
/users/smp24dhl/cosmo/code/pyWMAP/wmaplike/wmap.py:655: RuntimeWarning: invalid value encountered in divide
  self.epsilon / (TTTT * TTTT[..., np.newaxis])
/users/smp24dhl/cosmo/code/pyWMAP/wmaplike/wmap.py:749: RuntimeWarning: invalid value encountered in divide
  fisher = -self.r_off_tete / np.sqrt(TETE * TETE[..., np.newaxis])
/users/smp24dhl/cosmo/code/pyWMAP/wmaplike/wmap.py:654: RuntimeWarning: invalid value encountered in divide
  fisher = -self.r_off_tttt / np.sqrt(TTTT * TTTT[..., np.newaxis]) + \
/users/smp24dhl/cosmo/code/pyWMAP/wmaplike/wmap.py:655: RuntimeWarning: invalid value encountered in divide
  self.epsilon / (TTTT * TTTT[..., np.newaxis])
/users/smp24dhl/cosmo/code/pyWMAP/wmaplike/wmap.py:749: RuntimeWarning: invalid value encountered in divide
  fisher = -self.r_off_tete / np.sqrt(TETE * TETE[..., np.newaxis])
[3 : mcmc] Progress @ 2025-02-23 02:03:23 : 45 steps taken, and 3545 accepted.
[0 : mcmc] Progress @ 2025-02-23 02:03:36 : 35 steps taken, and 3513 accepted.
/users/smp24dhl/cosmo/code/pyWMAP/wmaplike/wmap.py:654: RuntimeWarning: invalid value encountered in divide
  fisher = -self.r_off_tttt / np.sqrt(TTTT * TTTT[..., np.newaxis]) + \
/users/smp24dhl/cosmo/code/pyWMAP/wmaplike/wmap.py:655: RuntimeWarning: invalid value encountered in divide
  self.epsilon / (TTTT * TTTT[..., np.newaxis])
/users/smp24dhl/cosmo/code/pyWMAP/wmaplike/wmap.py:749: RuntimeWarning: invalid value encountered in divide
  fisher = -self.r_off_tete / np.sqrt(TETE * TETE[..., np.newaxis])
[2 : mcmc] Progress @ 2025-02-23 02:03:38 : 58 steps taken, and 3465 accepted.
[1 : mcmc] Progress @ 2025-02-23 02:03:44 : 33 steps taken, and 3638 accepted.
/users/smp24dhl/cosmo/code/pyWMAP/wmaplike/wmap.py:654: RuntimeWarning: invalid value encountered in divide
  fisher = -self.r_off_tttt / np.sqrt(TTTT * TTTT[..., np.newaxis]) + \
/users/smp24dhl/cosmo/code/pyWMAP/wmaplike/wmap.py:655: RuntimeWarning: invalid value encountered in divide
  self.epsilon / (TTTT * TTTT[..., np.newaxis])
/users/smp24dhl/cosmo/code/pyWMAP/wmaplike/wmap.py:749: RuntimeWarning: invalid value encountered in divide
  fisher = -self.r_off_tete / np.sqrt(TETE * TETE[..., np.newaxis])
/users/smp24dhl/cosmo/code/pyWMAP/wmaplike/wmap.py:654: RuntimeWarning: invalid value encountered in divide
  fisher = -self.r_off_tttt / np.sqrt(TTTT * TTTT[..., np.newaxis]) + \
/users/smp24dhl/cosmo/code/pyWMAP/wmaplike/wmap.py:655: RuntimeWarning: invalid value encountered in divide
  self.epsilon / (TTTT * TTTT[..., np.newaxis])
/users/smp24dhl/cosmo/code/pyWMAP/wmaplike/wmap.py:749: RuntimeWarning: invalid value encountered in divide
  fisher = -self.r_off_tete / np.sqrt(TETE * TETE[..., np.newaxis])
[3 : mcmc] Progress @ 2025-02-23 02:04:35 : 53 steps taken, and 3549 accepted.
/users/smp24dhl/cosmo/code/pyWMAP/wmaplike/wmap.py:654: RuntimeWarning: invalid value encountered in divide
  fisher = -self.r_off_tttt / np.sqrt(TTTT * TTTT[..., np.newaxis]) + \
/users/smp24dhl/cosmo/code/pyWMAP/wmaplike/wmap.py:655: RuntimeWarning: invalid value encountered in divide
  self.epsilon / (TTTT * TTTT[..., np.newaxis])
/users/smp24dhl/cosmo/code/pyWMAP/wmaplike/wmap.py:749: RuntimeWarning: invalid value encountered in divide
  fisher = -self.r_off_tete / np.sqrt(TETE * TETE[..., np.newaxis])
[2 : mcmc] Progress @ 2025-02-23 02:04:45 : 72 steps taken, and 3470 accepted.
[0 : mcmc] Progress @ 2025-02-23 02:04:49 : 43 steps taken, and 3515 accepted.
[1 : mcmc] Progress @ 2025-02-23 02:04:53 : 39 steps taken, and 3641 accepted.
/users/smp24dhl/cosmo/code/pyWMAP/wmaplike/wmap.py:654: RuntimeWarning: invalid value encountered in divide
  fisher = -self.r_off_tttt / np.sqrt(TTTT * TTTT[..., np.newaxis]) + \
/users/smp24dhl/cosmo/code/pyWMAP/wmaplike/wmap.py:655: RuntimeWarning: invalid value encountered in divide
  self.epsilon / (TTTT * TTTT[..., np.newaxis])
/users/smp24dhl/cosmo/code/pyWMAP/wmaplike/wmap.py:749: RuntimeWarning: invalid value encountered in divide
  fisher = -self.r_off_tete / np.sqrt(TETE * TETE[..., np.newaxis])
/users/smp24dhl/cosmo/code/pyWMAP/wmaplike/wmap.py:654: RuntimeWarning: invalid value encountered in divide
  fisher = -self.r_off_tttt / np.sqrt(TTTT * TTTT[..., np.newaxis]) + \
/users/smp24dhl/cosmo/code/pyWMAP/wmaplike/wmap.py:655: RuntimeWarning: invalid value encountered in divide
  self.epsilon / (TTTT * TTTT[..., np.newaxis])
/users/smp24dhl/cosmo/code/pyWMAP/wmaplike/wmap.py:749: RuntimeWarning: invalid value encountered in divide
  fisher = -self.r_off_tete / np.sqrt(TETE * TETE[..., np.newaxis])
/users/smp24dhl/cosmo/code/pyWMAP/wmaplike/wmap.py:654: RuntimeWarning: invalid value encountered in divide
  fisher = -self.r_off_tttt / np.sqrt(TTTT * TTTT[..., np.newaxis]) + \
/users/smp24dhl/cosmo/code/pyWMAP/wmaplike/wmap.py:655: RuntimeWarning: invalid value encountered in divide
  self.epsilon / (TTTT * TTTT[..., np.newaxis])
/users/smp24dhl/cosmo/code/pyWMAP/wmaplike/wmap.py:749: RuntimeWarning: invalid value encountered in divide
  fisher = -self.r_off_tete / np.sqrt(TETE * TETE[..., np.newaxis])
[3 : mcmc] Progress @ 2025-02-23 02:05:41 : 61 steps taken, and 3553 accepted.
[2 : mcmc] Progress @ 2025-02-23 02:05:49 : 81 steps taken, and 3473 accepted.
/users/smp24dhl/cosmo/code/pyWMAP/wmaplike/wmap.py:654: RuntimeWarning: invalid value encountered in divide
  fisher = -self.r_off_tttt / np.sqrt(TTTT * TTTT[..., np.newaxis]) + \
/users/smp24dhl/cosmo/code/pyWMAP/wmaplike/wmap.py:655: RuntimeWarning: invalid value encountered in divide
  self.epsilon / (TTTT * TTTT[..., np.newaxis])
/users/smp24dhl/cosmo/code/pyWMAP/wmaplike/wmap.py:749: RuntimeWarning: invalid value encountered in divide
  fisher = -self.r_off_tete / np.sqrt(TETE * TETE[..., np.newaxis])
[0 : mcmc] Progress @ 2025-02-23 02:05:57 : 52 steps taken, and 3517 accepted.
[1 : mcmc] Progress @ 2025-02-23 02:05:57 : 45 steps taken, and 3644 accepted.
/users/smp24dhl/cosmo/code/pyWMAP/wmaplike/wmap.py:654: RuntimeWarning: invalid value encountered in divide
  fisher = -self.r_off_tttt / np.sqrt(TTTT * TTTT[..., np.newaxis]) + \
/users/smp24dhl/cosmo/code/pyWMAP/wmaplike/wmap.py:655: RuntimeWarning: invalid value encountered in divide
  self.epsilon / (TTTT * TTTT[..., np.newaxis])
/users/smp24dhl/cosmo/code/pyWMAP/wmaplike/wmap.py:749: RuntimeWarning: invalid value encountered in divide
  fisher = -self.r_off_tete / np.sqrt(TETE * TETE[..., np.newaxis])
/users/smp24dhl/cosmo/code/pyWMAP/wmaplike/wmap.py:654: RuntimeWarning: invalid value encountered in divide
  fisher = -self.r_off_tttt / np.sqrt(TTTT * TTTT[..., np.newaxis]) + \
/users/smp24dhl/cosmo/code/pyWMAP/wmaplike/wmap.py:655: RuntimeWarning: invalid value encountered in divide
  self.epsilon / (TTTT * TTTT[..., np.newaxis])
/users/smp24dhl/cosmo/code/pyWMAP/wmaplike/wmap.py:749: RuntimeWarning: invalid value encountered in divide
  fisher = -self.r_off_tete / np.sqrt(TETE * TETE[..., np.newaxis])
/users/smp24dhl/cosmo/code/pyWMAP/wmaplike/wmap.py:654: RuntimeWarning: invalid value encountered in divide
  fisher = -self.r_off_tttt / np.sqrt(TTTT * TTTT[..., np.newaxis]) + \
/users/smp24dhl/cosmo/code/pyWMAP/wmaplike/wmap.py:655: RuntimeWarning: invalid value encountered in divide
  self.epsilon / (TTTT * TTTT[..., np.newaxis])
/users/smp24dhl/cosmo/code/pyWMAP/wmaplike/wmap.py:749: RuntimeWarning: invalid value encountered in divide
  fisher = -self.r_off_tete / np.sqrt(TETE * TETE[..., np.newaxis])
[3 : mcmc] Progress @ 2025-02-23 02:06:54 : 66 steps taken, and 3557 accepted.
[2 : mcmc] Progress @ 2025-02-23 02:07:01 : 99 steps taken, and 3476 accepted.
[0 : mcmc] Progress @ 2025-02-23 02:07:06 : 61 steps taken, and 3520 accepted.
/users/smp24dhl/cosmo/code/pyWMAP/wmaplike/wmap.py:654: RuntimeWarning: invalid value encountered in divide
  fisher = -self.r_off_tttt / np.sqrt(TTTT * TTTT[..., np.newaxis]) + \
/users/smp24dhl/cosmo/code/pyWMAP/wmaplike/wmap.py:655: RuntimeWarning: invalid value encountered in divide
  self.epsilon / (TTTT * TTTT[..., np.newaxis])
/users/smp24dhl/cosmo/code/pyWMAP/wmaplike/wmap.py:749: RuntimeWarning: invalid value encountered in divide
  fisher = -self.r_off_tete / np.sqrt(TETE * TETE[..., np.newaxis])
/users/smp24dhl/cosmo/code/pyWMAP/wmaplike/wmap.py:654: RuntimeWarning: invalid value encountered in divide
  fisher = -self.r_off_tttt / np.sqrt(TTTT * TTTT[..., np.newaxis]) + \
/users/smp24dhl/cosmo/code/pyWMAP/wmaplike/wmap.py:655: RuntimeWarning: invalid value encountered in divide
  self.epsilon / (TTTT * TTTT[..., np.newaxis])
/users/smp24dhl/cosmo/code/pyWMAP/wmaplike/wmap.py:749: RuntimeWarning: invalid value encountered in divide
  fisher = -self.r_off_tete / np.sqrt(TETE * TETE[..., np.newaxis])
[1 : mcmc] Progress @ 2025-02-23 02:07:09 : 56 steps taken, and 3647 accepted.
/users/smp24dhl/cosmo/code/pyWMAP/wmaplike/wmap.py:654: RuntimeWarning: invalid value encountered in divide
  fisher = -self.r_off_tttt / np.sqrt(TTTT * TTTT[..., np.newaxis]) + \
/users/smp24dhl/cosmo/code/pyWMAP/wmaplike/wmap.py:655: RuntimeWarning: invalid value encountered in divide
  self.epsilon / (TTTT * TTTT[..., np.newaxis])
/users/smp24dhl/cosmo/code/pyWMAP/wmaplike/wmap.py:749: RuntimeWarning: invalid value encountered in divide
  fisher = -self.r_off_tete / np.sqrt(TETE * TETE[..., np.newaxis])
/users/smp24dhl/cosmo/code/pyWMAP/wmaplike/wmap.py:654: RuntimeWarning: invalid value encountered in divide
  fisher = -self.r_off_tttt / np.sqrt(TTTT * TTTT[..., np.newaxis]) + \
/users/smp24dhl/cosmo/code/pyWMAP/wmaplike/wmap.py:655: RuntimeWarning: invalid value encountered in divide
  self.epsilon / (TTTT * TTTT[..., np.newaxis])
/users/smp24dhl/cosmo/code/pyWMAP/wmaplike/wmap.py:749: RuntimeWarning: invalid value encountered in divide
  fisher = -self.r_off_tete / np.sqrt(TETE * TETE[..., np.newaxis])
[3 : mcmc] Progress @ 2025-02-23 02:08:01 : 75 steps taken, and 3560 accepted.
/users/smp24dhl/cosmo/code/pyWMAP/wmaplike/wmap.py:654: RuntimeWarning: invalid value encountered in divide
  fisher = -self.r_off_tttt / np.sqrt(TTTT * TTTT[..., np.newaxis]) + \
/users/smp24dhl/cosmo/code/pyWMAP/wmaplike/wmap.py:655: RuntimeWarning: invalid value encountered in divide
  self.epsilon / (TTTT * TTTT[..., np.newaxis])
/users/smp24dhl/cosmo/code/pyWMAP/wmaplike/wmap.py:749: RuntimeWarning: invalid value encountered in divide
  fisher = -self.r_off_tete / np.sqrt(TETE * TETE[..., np.newaxis])
[2 : mcmc] Progress @ 2025-02-23 02:08:08 : 108 steps taken, and 3477 accepted.
[1 : mcmc] Progress @ 2025-02-23 02:08:13 : 61 steps taken, and 3650 accepted.
[0 : mcmc] Progress @ 2025-02-23 02:08:14 : 71 steps taken, and 3525 accepted.
/users/smp24dhl/cosmo/code/pyWMAP/wmaplike/wmap.py:654: RuntimeWarning: invalid value encountered in divide
  fisher = -self.r_off_tttt / np.sqrt(TTTT * TTTT[..., np.newaxis]) + \
/users/smp24dhl/cosmo/code/pyWMAP/wmaplike/wmap.py:655: RuntimeWarning: invalid value encountered in divide
  self.epsilon / (TTTT * TTTT[..., np.newaxis])
/users/smp24dhl/cosmo/code/pyWMAP/wmaplike/wmap.py:749: RuntimeWarning: invalid value encountered in divide
  fisher = -self.r_off_tete / np.sqrt(TETE * TETE[..., np.newaxis])
/users/smp24dhl/cosmo/code/pyWMAP/wmaplike/wmap.py:654: RuntimeWarning: invalid value encountered in divide
  fisher = -self.r_off_tttt / np.sqrt(TTTT * TTTT[..., np.newaxis]) + \
/users/smp24dhl/cosmo/code/pyWMAP/wmaplike/wmap.py:655: RuntimeWarning: invalid value encountered in divide
  self.epsilon / (TTTT * TTTT[..., np.newaxis])
/users/smp24dhl/cosmo/code/pyWMAP/wmaplike/wmap.py:749: RuntimeWarning: invalid value encountered in divide
  fisher = -self.r_off_tete / np.sqrt(TETE * TETE[..., np.newaxis])
/users/smp24dhl/cosmo/code/pyWMAP/wmaplike/wmap.py:654: RuntimeWarning: invalid value encountered in divide
  fisher = -self.r_off_tttt / np.sqrt(TTTT * TTTT[..., np.newaxis]) + \
/users/smp24dhl/cosmo/code/pyWMAP/wmaplike/wmap.py:655: RuntimeWarning: invalid value encountered in divide
  self.epsilon / (TTTT * TTTT[..., np.newaxis])
/users/smp24dhl/cosmo/code/pyWMAP/wmaplike/wmap.py:749: RuntimeWarning: invalid value encountered in divide
  fisher = -self.r_off_tete / np.sqrt(TETE * TETE[..., np.newaxis])
[3 : mcmc] Progress @ 2025-02-23 02:09:09 : 83 steps taken, and 3561 accepted.
/users/smp24dhl/cosmo/code/pyWMAP/wmaplike/wmap.py:654: RuntimeWarning: invalid value encountered in divide
  fisher = -self.r_off_tttt / np.sqrt(TTTT * TTTT[..., np.newaxis]) + \
/users/smp24dhl/cosmo/code/pyWMAP/wmaplike/wmap.py:655: RuntimeWarning: invalid value encountered in divide
  self.epsilon / (TTTT * TTTT[..., np.newaxis])
/users/smp24dhl/cosmo/code/pyWMAP/wmaplike/wmap.py:749: RuntimeWarning: invalid value encountered in divide
  fisher = -self.r_off_tete / np.sqrt(TETE * TETE[..., np.newaxis])
[2 : mcmc] Progress @ 2025-02-23 02:09:15 : 117 steps taken, and 3481 accepted.
[1 : mcmc] Progress @ 2025-02-23 02:09:16 : 66 steps taken, and 3654 accepted.
/users/smp24dhl/cosmo/code/pyWMAP/wmaplike/wmap.py:654: RuntimeWarning: invalid value encountered in divide
  fisher = -self.r_off_tttt / np.sqrt(TTTT * TTTT[..., np.newaxis]) + \
/users/smp24dhl/cosmo/code/pyWMAP/wmaplike/wmap.py:655: RuntimeWarning: invalid value encountered in divide
  self.epsilon / (TTTT * TTTT[..., np.newaxis])
/users/smp24dhl/cosmo/code/pyWMAP/wmaplike/wmap.py:749: RuntimeWarning: invalid value encountered in divide
  fisher = -self.r_off_tete / np.sqrt(TETE * TETE[..., np.newaxis])
[0 : mcmc] Progress @ 2025-02-23 02:09:22 : 83 steps taken, and 3527 accepted.
/users/smp24dhl/cosmo/code/pyWMAP/wmaplike/wmap.py:654: RuntimeWarning: invalid value encountered in divide
  fisher = -self.r_off_tttt / np.sqrt(TTTT * TTTT[..., np.newaxis]) + \
/users/smp24dhl/cosmo/code/pyWMAP/wmaplike/wmap.py:655: RuntimeWarning: invalid value encountered in divide
  self.epsilon / (TTTT * TTTT[..., np.newaxis])
/users/smp24dhl/cosmo/code/pyWMAP/wmaplike/wmap.py:749: RuntimeWarning: invalid value encountered in divide
  fisher = -self.r_off_tete / np.sqrt(TETE * TETE[..., np.newaxis])
/users/smp24dhl/cosmo/code/pyWMAP/wmaplike/wmap.py:654: RuntimeWarning: invalid value encountered in divide
  fisher = -self.r_off_tttt / np.sqrt(TTTT * TTTT[..., np.newaxis]) + \
/users/smp24dhl/cosmo/code/pyWMAP/wmaplike/wmap.py:655: RuntimeWarning: invalid value encountered in divide
  self.epsilon / (TTTT * TTTT[..., np.newaxis])
/users/smp24dhl/cosmo/code/pyWMAP/wmaplike/wmap.py:749: RuntimeWarning: invalid value encountered in divide
  fisher = -self.r_off_tete / np.sqrt(TETE * TETE[..., np.newaxis])
[3 : mcmc] Progress @ 2025-02-23 02:10:16 : 93 steps taken, and 3562 accepted.
[1 : mcmc] Progress @ 2025-02-23 02:10:19 : 73 steps taken, and 3657 accepted.
/users/smp24dhl/cosmo/code/pyWMAP/wmaplike/wmap.py:654: RuntimeWarning: invalid value encountered in divide
  fisher = -self.r_off_tttt / np.sqrt(TTTT * TTTT[..., np.newaxis]) + \
/users/smp24dhl/cosmo/code/pyWMAP/wmaplike/wmap.py:655: RuntimeWarning: invalid value encountered in divide
  self.epsilon / (TTTT * TTTT[..., np.newaxis])
/users/smp24dhl/cosmo/code/pyWMAP/wmaplike/wmap.py:749: RuntimeWarning: invalid value encountered in divide
  fisher = -self.r_off_tete / np.sqrt(TETE * TETE[..., np.newaxis])
[0 : mcmc] Progress @ 2025-02-23 02:10:24 : 96 steps taken, and 3533 accepted.
[2 : mcmc] Progress @ 2025-02-23 02:10:26 : 130 steps taken, and 3485 accepted.
/users/smp24dhl/cosmo/code/pyWMAP/wmaplike/wmap.py:654: RuntimeWarning: invalid value encountered in divide
  fisher = -self.r_off_tttt / np.sqrt(TTTT * TTTT[..., np.newaxis]) + \
/users/smp24dhl/cosmo/code/pyWMAP/wmaplike/wmap.py:655: RuntimeWarning: invalid value encountered in divide
  self.epsilon / (TTTT * TTTT[..., np.newaxis])
/users/smp24dhl/cosmo/code/pyWMAP/wmaplike/wmap.py:749: RuntimeWarning: invalid value encountered in divide
  fisher = -self.r_off_tete / np.sqrt(TETE * TETE[..., np.newaxis])
/users/smp24dhl/cosmo/code/pyWMAP/wmaplike/wmap.py:654: RuntimeWarning: invalid value encountered in divide
  fisher = -self.r_off_tttt / np.sqrt(TTTT * TTTT[..., np.newaxis]) + \
/users/smp24dhl/cosmo/code/pyWMAP/wmaplike/wmap.py:655: RuntimeWarning: invalid value encountered in divide
  self.epsilon / (TTTT * TTTT[..., np.newaxis])
/users/smp24dhl/cosmo/code/pyWMAP/wmaplike/wmap.py:749: RuntimeWarning: invalid value encountered in divide
  fisher = -self.r_off_tete / np.sqrt(TETE * TETE[..., np.newaxis])
/users/smp24dhl/cosmo/code/pyWMAP/wmaplike/wmap.py:654: RuntimeWarning: invalid value encountered in divide
  fisher = -self.r_off_tttt / np.sqrt(TTTT * TTTT[..., np.newaxis]) + \
/users/smp24dhl/cosmo/code/pyWMAP/wmaplike/wmap.py:655: RuntimeWarning: invalid value encountered in divide
  self.epsilon / (TTTT * TTTT[..., np.newaxis])
/users/smp24dhl/cosmo/code/pyWMAP/wmaplike/wmap.py:749: RuntimeWarning: invalid value encountered in divide
  fisher = -self.r_off_tete / np.sqrt(TETE * TETE[..., np.newaxis])
[3 : mcmc] Progress @ 2025-02-23 02:11:25 : 101 steps taken, and 3565 accepted.
[1 : mcmc] Progress @ 2025-02-23 02:11:28 : 80 steps taken, and 3660 accepted.
[2 : mcmc] Progress @ 2025-02-23 02:11:34 : 139 steps taken, and 3490 accepted.
[0 : mcmc] Progress @ 2025-02-23 02:11:34 : 114 steps taken, and 3535 accepted.
/users/smp24dhl/cosmo/code/pyWMAP/wmaplike/wmap.py:654: RuntimeWarning: invalid value encountered in divide
  fisher = -self.r_off_tttt / np.sqrt(TTTT * TTTT[..., np.newaxis]) + \
/users/smp24dhl/cosmo/code/pyWMAP/wmaplike/wmap.py:655: RuntimeWarning: invalid value encountered in divide
  self.epsilon / (TTTT * TTTT[..., np.newaxis])
/users/smp24dhl/cosmo/code/pyWMAP/wmaplike/wmap.py:749: RuntimeWarning: invalid value encountered in divide
  fisher = -self.r_off_tete / np.sqrt(TETE * TETE[..., np.newaxis])
/users/smp24dhl/cosmo/code/pyWMAP/wmaplike/wmap.py:654: RuntimeWarning: invalid value encountered in divide
  fisher = -self.r_off_tttt / np.sqrt(TTTT * TTTT[..., np.newaxis]) + \
/users/smp24dhl/cosmo/code/pyWMAP/wmaplike/wmap.py:655: RuntimeWarning: invalid value encountered in divide
  self.epsilon / (TTTT * TTTT[..., np.newaxis])
/users/smp24dhl/cosmo/code/pyWMAP/wmaplike/wmap.py:749: RuntimeWarning: invalid value encountered in divide
  fisher = -self.r_off_tete / np.sqrt(TETE * TETE[..., np.newaxis])
/users/smp24dhl/cosmo/code/pyWMAP/wmaplike/wmap.py:654: RuntimeWarning: invalid value encountered in divide
  fisher = -self.r_off_tttt / np.sqrt(TTTT * TTTT[..., np.newaxis]) + \
/users/smp24dhl/cosmo/code/pyWMAP/wmaplike/wmap.py:655: RuntimeWarning: invalid value encountered in divide
  self.epsilon / (TTTT * TTTT[..., np.newaxis])
/users/smp24dhl/cosmo/code/pyWMAP/wmaplike/wmap.py:749: RuntimeWarning: invalid value encountered in divide
  fisher = -self.r_off_tete / np.sqrt(TETE * TETE[..., np.newaxis])
/users/smp24dhl/cosmo/code/pyWMAP/wmaplike/wmap.py:654: RuntimeWarning: invalid value encountered in divide
  fisher = -self.r_off_tttt / np.sqrt(TTTT * TTTT[..., np.newaxis]) + \
/users/smp24dhl/cosmo/code/pyWMAP/wmaplike/wmap.py:655: RuntimeWarning: invalid value encountered in divide
  self.epsilon / (TTTT * TTTT[..., np.newaxis])
/users/smp24dhl/cosmo/code/pyWMAP/wmaplike/wmap.py:749: RuntimeWarning: invalid value encountered in divide
  fisher = -self.r_off_tete / np.sqrt(TETE * TETE[..., np.newaxis])
[1 : mcmc] Progress @ 2025-02-23 02:12:38 : 88 steps taken, and 3662 accepted.
[0 : mcmc] Progress @ 2025-02-23 02:12:39 : 126 steps taken, and 3537 accepted.
[3 : mcmc] Progress @ 2025-02-23 02:12:39 : 110 steps taken, and 3569 accepted.
[2 : mcmc] Progress @ 2025-02-23 02:12:39 : 146 steps taken, and 3493 accepted.
/users/smp24dhl/cosmo/code/pyWMAP/wmaplike/wmap.py:654: RuntimeWarning: invalid value encountered in divide
  fisher = -self.r_off_tttt / np.sqrt(TTTT * TTTT[..., np.newaxis]) + \
/users/smp24dhl/cosmo/code/pyWMAP/wmaplike/wmap.py:655: RuntimeWarning: invalid value encountered in divide
  self.epsilon / (TTTT * TTTT[..., np.newaxis])
/users/smp24dhl/cosmo/code/pyWMAP/wmaplike/wmap.py:749: RuntimeWarning: invalid value encountered in divide
  fisher = -self.r_off_tete / np.sqrt(TETE * TETE[..., np.newaxis])
/users/smp24dhl/cosmo/code/pyWMAP/wmaplike/wmap.py:654: RuntimeWarning: invalid value encountered in divide
  fisher = -self.r_off_tttt / np.sqrt(TTTT * TTTT[..., np.newaxis]) + \
/users/smp24dhl/cosmo/code/pyWMAP/wmaplike/wmap.py:655: RuntimeWarning: invalid value encountered in divide
  self.epsilon / (TTTT * TTTT[..., np.newaxis])
/users/smp24dhl/cosmo/code/pyWMAP/wmaplike/wmap.py:749: RuntimeWarning: invalid value encountered in divide
  fisher = -self.r_off_tete / np.sqrt(TETE * TETE[..., np.newaxis])
/users/smp24dhl/cosmo/code/pyWMAP/wmaplike/wmap.py:654: RuntimeWarning: invalid value encountered in divide
  fisher = -self.r_off_tttt / np.sqrt(TTTT * TTTT[..., np.newaxis]) + \
/users/smp24dhl/cosmo/code/pyWMAP/wmaplike/wmap.py:655: RuntimeWarning: invalid value encountered in divide
  self.epsilon / (TTTT * TTTT[..., np.newaxis])
/users/smp24dhl/cosmo/code/pyWMAP/wmaplike/wmap.py:749: RuntimeWarning: invalid value encountered in divide
  fisher = -self.r_off_tete / np.sqrt(TETE * TETE[..., np.newaxis])
/users/smp24dhl/cosmo/code/pyWMAP/wmaplike/wmap.py:654: RuntimeWarning: invalid value encountered in divide
  fisher = -self.r_off_tttt / np.sqrt(TTTT * TTTT[..., np.newaxis]) + \
/users/smp24dhl/cosmo/code/pyWMAP/wmaplike/wmap.py:655: RuntimeWarning: invalid value encountered in divide
  self.epsilon / (TTTT * TTTT[..., np.newaxis])
/users/smp24dhl/cosmo/code/pyWMAP/wmaplike/wmap.py:749: RuntimeWarning: invalid value encountered in divide
  fisher = -self.r_off_tete / np.sqrt(TETE * TETE[..., np.newaxis])
[0 : mcmc] Progress @ 2025-02-23 02:13:44 : 141 steps taken, and 3541 accepted.
[1 : mcmc] Progress @ 2025-02-23 02:13:44 : 94 steps taken, and 3666 accepted.
[3 : mcmc] Progress @ 2025-02-23 02:13:44 : 119 steps taken, and 3573 accepted.
[2 : mcmc] Progress @ 2025-02-23 02:13:45 : 152 steps taken, and 3496 accepted.
/users/smp24dhl/cosmo/code/pyWMAP/wmaplike/wmap.py:654: RuntimeWarning: invalid value encountered in divide
  fisher = -self.r_off_tttt / np.sqrt(TTTT * TTTT[..., np.newaxis]) + \
/users/smp24dhl/cosmo/code/pyWMAP/wmaplike/wmap.py:655: RuntimeWarning: invalid value encountered in divide
  self.epsilon / (TTTT * TTTT[..., np.newaxis])
/users/smp24dhl/cosmo/code/pyWMAP/wmaplike/wmap.py:749: RuntimeWarning: invalid value encountered in divide
  fisher = -self.r_off_tete / np.sqrt(TETE * TETE[..., np.newaxis])
/users/smp24dhl/cosmo/code/pyWMAP/wmaplike/wmap.py:654: RuntimeWarning: invalid value encountered in divide
  fisher = -self.r_off_tttt / np.sqrt(TTTT * TTTT[..., np.newaxis]) + \
/users/smp24dhl/cosmo/code/pyWMAP/wmaplike/wmap.py:655: RuntimeWarning: invalid value encountered in divide
  self.epsilon / (TTTT * TTTT[..., np.newaxis])
/users/smp24dhl/cosmo/code/pyWMAP/wmaplike/wmap.py:749: RuntimeWarning: invalid value encountered in divide
  fisher = -self.r_off_tete / np.sqrt(TETE * TETE[..., np.newaxis])
/users/smp24dhl/cosmo/code/pyWMAP/wmaplike/wmap.py:654: RuntimeWarning: invalid value encountered in divide
  fisher = -self.r_off_tttt / np.sqrt(TTTT * TTTT[..., np.newaxis]) + \
/users/smp24dhl/cosmo/code/pyWMAP/wmaplike/wmap.py:655: RuntimeWarning: invalid value encountered in divide
  self.epsilon / (TTTT * TTTT[..., np.newaxis])
/users/smp24dhl/cosmo/code/pyWMAP/wmaplike/wmap.py:749: RuntimeWarning: invalid value encountered in divide
  fisher = -self.r_off_tete / np.sqrt(TETE * TETE[..., np.newaxis])
/users/smp24dhl/cosmo/code/pyWMAP/wmaplike/wmap.py:654: RuntimeWarning: invalid value encountered in divide
  fisher = -self.r_off_tttt / np.sqrt(TTTT * TTTT[..., np.newaxis]) + \
/users/smp24dhl/cosmo/code/pyWMAP/wmaplike/wmap.py:655: RuntimeWarning: invalid value encountered in divide
  self.epsilon / (TTTT * TTTT[..., np.newaxis])
/users/smp24dhl/cosmo/code/pyWMAP/wmaplike/wmap.py:749: RuntimeWarning: invalid value encountered in divide
  fisher = -self.r_off_tete / np.sqrt(TETE * TETE[..., np.newaxis])
