[0 : output] Output to be read-from/written-into folder 'chains', with prefix 'act-full'
[0 : output] Found existing info files with the requested output prefix: 'chains/act-full'
[0 : output] Let's try to resume/load.
[0 : output] Found an old sample. Resuming.
[0 : camb] `camb` module loaded successfully from /users/smp24dhl/cosmo/code/CAMB_beta/camb
Loading ACT DR6 lensing likelihood v1.2...
Loading ACT DR6 lensing likelihood v1.2...
Loading ACT DR6 lensing likelihood v1.2...
Loading ACT DR6 lensing likelihood v1.2...
/users/smp24dhl/cosmo/code/act_dr6_lenslike/act_dr6_lenslike/act_dr6_lenslike.py:416: UserWarning: Hartlap correction to cinv: 0.949874686716792
  warnings.warn(f"Hartlap correction to cinv: {hartlap_correction}")
/users/smp24dhl/cosmo/code/act_dr6_lenslike/act_dr6_lenslike/act_dr6_lenslike.py:416: UserWarning: Hartlap correction to cinv: 0.949874686716792
  warnings.warn(f"Hartlap correction to cinv: {hartlap_correction}")
/users/smp24dhl/cosmo/code/act_dr6_lenslike/act_dr6_lenslike/act_dr6_lenslike.py:416: UserWarning: Hartlap correction to cinv: 0.949874686716792
  warnings.warn(f"Hartlap correction to cinv: {hartlap_correction}")
/users/smp24dhl/cosmo/code/act_dr6_lenslike/act_dr6_lenslike/act_dr6_lenslike.py:416: UserWarning: Hartlap correction to cinv: 0.949874686716792
  warnings.warn(f"Hartlap correction to cinv: {hartlap_correction}")
[2 : bao.desi_2024_bao_all] Initialized.
[0 : bao.desi_2024_bao_all] Initialized.
[1 : bao.desi_2024_bao_all] Initialized.
[3 : bao.desi_2024_bao_all] Initialized.
[0 : mcmc] Resuming from previous sample!
[3 : samplecollection] Loaded 1761 sample points from 'chains/act-full.4.txt'
[1 : samplecollection] Loaded 1802 sample points from 'chains/act-full.2.txt'
[2 : samplecollection] Loaded 2639 sample points from 'chains/act-full.3.txt'
[0 : samplecollection] Loaded 2525 sample points from 'chains/act-full.1.txt'
[3 : mcmc] Initial point: logA:3.032269, ns:0.9920458, theta_MC_100:1.037615, ombh2:0.02012017, omch2:0.1145582, w:-0.8090556, wa:-0.4599896, beta_DE:-0.2105879, tau:0.04810307
[1 : mcmc] Initial point: logA:3.024064, ns:0.9902865, theta_MC_100:1.039726, ombh2:0.01921891, omch2:0.1173643, w:-0.8366717, wa:-0.5936557, beta_DE:0.3037763, tau:0.04434405
[0 : mcmc] Initial point: logA:3.092852, ns:0.9811811, theta_MC_100:1.049852, ombh2:0.03127115, omch2:0.1322692, w:-0.7199678, wa:-1.443173, beta_DE:2.181285, tau:0.05979565
[2 : mcmc] Initial point: logA:3.136634, ns:1.032447, theta_MC_100:1.020758, ombh2:0.0231039, omch2:0.09642218, w:-0.9252169, wa:0.2252173, beta_DE:0.4859891, tau:0.07711107
[0 : mcmc] *WARNING* Parameter blocking manually/previously fixed: speeds will not be measured.
[0 : mcmc] *WARNING* Dragging disabled: speed ratios < 2.
[0 : mcmc] Covariance matrix from previous sample.
[0 : mcmc] Sampling!
[0 : mcmc] Progress @ 2024-12-22 09:01:40 : 1 steps taken, and 2525 accepted.
[3 : mcmc] Progress @ 2024-12-22 09:01:43 : 1 steps taken, and 1761 accepted.
[1 : mcmc] Progress @ 2024-12-22 09:01:43 : 1 steps taken, and 1802 accepted.
[2 : mcmc] Progress @ 2024-12-22 09:01:45 : 1 steps taken, and 2639 accepted.
[3 : mcmc] Progress @ 2024-12-22 09:02:43 : 35 steps taken, and 1772 accepted.
[0 : mcmc] Progress @ 2024-12-22 09:02:45 : 17 steps taken, and 2526 accepted.
[2 : mcmc] Progress @ 2024-12-22 09:02:47 : 16 steps taken, and 2641 accepted.
[1 : mcmc] Progress @ 2024-12-22 09:02:47 : 24 steps taken, and 1804 accepted.
[3 : mcmc] Progress @ 2024-12-22 09:03:43 : 75 steps taken, and 1781 accepted.
[0 : mcmc] Progress @ 2024-12-22 09:03:46 : 32 steps taken, and 2528 accepted.
[2 : mcmc] Progress @ 2024-12-22 09:03:48 : 32 steps taken, and 2642 accepted.
[1 : mcmc] Progress @ 2024-12-22 09:03:48 : 58 steps taken, and 1814 accepted.
[3 : mcmc] Progress @ 2024-12-22 09:04:43 : 115 steps taken, and 1788 accepted.
[0 : mcmc] Progress @ 2024-12-22 09:04:48 : 47 steps taken, and 2529 accepted.
[1 : mcmc] Progress @ 2024-12-22 09:04:49 : 90 steps taken, and 1825 accepted.
[2 : mcmc] Progress @ 2024-12-22 09:04:51 : 49 steps taken, and 2647 accepted.
[3 : mcmc] Progress @ 2024-12-22 09:05:46 : 172 steps taken, and 1793 accepted.
[1 : mcmc] Progress @ 2024-12-22 09:05:51 : 137 steps taken, and 1836 accepted.
[0 : mcmc] Progress @ 2024-12-22 09:05:52 : 66 steps taken, and 2534 accepted.
[2 : mcmc] Progress @ 2024-12-22 09:05:54 : 65 steps taken, and 2651 accepted.
[3 : mcmc] Learn + convergence test @ 1800 samples accepted.
[3 : mcmc] Ready to check convergence and learn a new proposal covmat (waiting for the rest...)
[3 : mcmc] Progress @ 2024-12-22 09:06:46 : 211 steps taken, and 1801 accepted.
[1 : mcmc] Progress @ 2024-12-22 09:06:52 : 176 steps taken, and 1845 accepted.
[0 : mcmc] Progress @ 2024-12-22 09:06:55 : 83 steps taken, and 2539 accepted.
[2 : mcmc] Progress @ 2024-12-22 09:06:56 : 84 steps taken, and 2657 accepted.
[3 : mcmc] Progress @ 2024-12-22 09:07:47 : 274 steps taken, and 1811 accepted.
[1 : mcmc] Progress @ 2024-12-22 09:07:54 : 216 steps taken, and 1855 accepted.
[0 : mcmc] Progress @ 2024-12-22 09:07:58 : 99 steps taken, and 2542 accepted.
[2 : mcmc] Progress @ 2024-12-22 09:07:59 : 101 steps taken, and 2661 accepted.
[1 : mcmc] Progress @ 2024-12-22 09:08:54 : 251 steps taken, and 1864 accepted.
[3 : mcmc] Progress @ 2024-12-22 09:08:56 : 310 steps taken, and 1818 accepted.
[2 : mcmc] Progress @ 2024-12-22 09:09:00 : 115 steps taken, and 2666 accepted.
[0 : mcmc] Progress @ 2024-12-22 09:09:02 : 114 steps taken, and 2543 accepted.
[node144:42590:0:42700] Caught signal 11 (Segmentation fault: address not mapped to object at address 0xfffffffc049f4d68)
BFD: DWARF error: can't find .debug_ranges section.
BFD: DWARF error: can't find .debug_ranges section.
==== backtrace (tid:  42700) ====
 0 0x0000000000021563 ucs_debug_print_backtrace()  /dev/shm/UCX/1.8.0/GCCcore-9.3.0/ucx-1.8.0/src/ucs/debug/debug.c:653
 1 0x0000000000039f63 __massivenu_MOD_thermalnubackground_rho()  ???:0
 2 0x000000000003da49 __results_MOD_grho_no_de()  ???:0
 3 0x00000000000a5f01 dtauda_()  ???:0
 4 0x000000000004cfdc __results_MOD_thermo_init._omp_fn.0()  results.f90:0
 5 0x0000000000018f09 gomp_thread_start()  team.c:0
 6 0x0000000000007ea5 start_thread()  pthread_create.c:0
 7 0x00000000000feb0d __clone()  ???:0
=================================
[node144:42590] *** Process received signal ***
[node144:42590] Signal: Segmentation fault (11)
[node144:42590] Signal code:  (-6)
[node144:42590] Failing at address: 0x8cfb80000a65e
[node144:42590] [ 0] /lib64/libpthread.so.0(+0xf630)[0x7fe02abdf630]
[node144:42590] [ 1] /users/smp24dhl/cosmo/code/CAMB_beta/camb/camblib.so(__massivenu_MOD_thermalnubackground_rho+0x63)[0x7fdfcdd29f63]
[node144:42590] [ 2] /users/smp24dhl/cosmo/code/CAMB_beta/camb/camblib.so(__results_MOD_grho_no_de+0xc9)[0x7fdfcdd2da49]
[node144:42590] [ 3] /users/smp24dhl/cosmo/code/CAMB_beta/camb/camblib.so(dtauda_+0x61)[0x7fdfcdd95f01]
[node144:42590] [ 4] /users/smp24dhl/cosmo/code/CAMB_beta/camb/camblib.so(+0x4cfdc)[0x7fdfcdd3cfdc]
[node144:42590] [ 5] /users/smp24dhl/.conda/envs/cosmos/bin/../lib/libgomp.so.1(+0x18f09)[0x7fdfcdcc9f09]
[node144:42590] [ 6] /lib64/libpthread.so.0(+0x7ea5)[0x7fe02abd7ea5]
[node144:42590] [ 7] /lib64/libc.so.6(clone+0x6d)[0x7fe02a1f7b0d]
[node144:42590] *** End of error message ***
--------------------------------------------------------------------------
Primary job  terminated normally, but 1 process returned
a non-zero exit code. Per user-direction, the job has been aborted.
--------------------------------------------------------------------------
--------------------------------------------------------------------------
mpirun noticed that process rank 1 with PID 42590 on node node144 exited on signal 11 (Segmentation fault).
--------------------------------------------------------------------------
