[0 : output] Output to be read-from/written-into folder 'chains', with prefix 'act-full'
[0 : output] Found existing info files with the requested output prefix: 'chains/act-full'
[0 : output] Let's try to resume/load.
[0 : output] Found an old sample. Resuming.
[0 : prior] *WARNING* External prior 'SZ' loaded. Mind that it might not be normalized!

libgomp: 
libgomp: Invalid value for environment variable OMP_NUM_THREADS: 
Invalid value for environment variable OMP_NUM_THREADS: 

libgomp: Invalid value for environment variable OMP_NUM_THREADS: 

libgomp: Invalid value for environment variable OMP_NUM_THREADS: 
[0 : camb] `camb` module loaded successfully from /users/smp24dhl/cosmo/code/CAMB_beta/camb
[0 : planck_2018_highl_plik.ttteee] `clik` module loaded successfully from /users/smp24dhl/cosmo/code/planck/clik/lib/python3.9/site-packages/clik
----
clik version clik_16.0b1-2-g63c889f3aa9c MAKEFILE
  smica
----
clik version clik_16.0b1-2-g63c889f3aa9c MAKEFILE
  smica
----
clik version clik_16.0b1-2-g63c889f3aa9c MAKEFILE
  smica
----
clik version clik_16.0b1-2-g63c889f3aa9c MAKEFILE
  smica
Checking likelihood '/users/smp24dhl/cosmo/data/planck_2018/baseline/plc_3.0/hi_l/plik/plik_rd12_HM_v22b_TTTEEE.clik' on test data. got -1172.47 expected -1172.47 (diff -4.34057e-07)
Checking likelihood '/users/smp24dhl/cosmo/data/planck_2018/baseline/plc_3.0/hi_l/plik/plik_rd12_HM_v22b_TTTEEE.clik' on test data. got -1172.47 expected -1172.47 (diff -4.34056e-07)
----
Checking likelihood '/users/smp24dhl/cosmo/data/planck_2018/baseline/plc_3.0/hi_l/plik/plik_rd12_HM_v22b_TTTEEE.clik' on test data. got -1172.47 expected -1172.47 (diff -4.34057e-07)
Loading ACT DR6 lensing likelihood v1.2...
----
Loading ACT DR6 lensing likelihood v1.2...
----
Loading ACT DR6 lensing likelihood v1.2...
Checking likelihood '/users/smp24dhl/cosmo/data/planck_2018/baseline/plc_3.0/hi_l/plik/plik_rd12_HM_v22b_TTTEEE.clik' on test data. got -1172.47 expected -1172.47 (diff -4.34056e-07)
----
Loading ACT DR6 lensing likelihood v1.2...
/users/smp24dhl/cosmo/code/act_dr6_lenslike/act_dr6_lenslike/act_dr6_lenslike.py:416: UserWarning: Hartlap correction to cinv: 0.949874686716792
  warnings.warn(f"Hartlap correction to cinv: {hartlap_correction}")
/users/smp24dhl/cosmo/code/act_dr6_lenslike/act_dr6_lenslike/act_dr6_lenslike.py:416: UserWarning: Hartlap correction to cinv: 0.949874686716792
  warnings.warn(f"Hartlap correction to cinv: {hartlap_correction}")
/users/smp24dhl/cosmo/code/act_dr6_lenslike/act_dr6_lenslike/act_dr6_lenslike.py:416: UserWarning: Hartlap correction to cinv: 0.949874686716792
  warnings.warn(f"Hartlap correction to cinv: {hartlap_correction}")
[3 : bao.desi_2024_bao_all] Initialized.
[0 : bao.desi_2024_bao_all] Initialized.
[1 : bao.desi_2024_bao_all] Initialized.
/users/smp24dhl/cosmo/code/act_dr6_lenslike/act_dr6_lenslike/act_dr6_lenslike.py:416: UserWarning: Hartlap correction to cinv: 0.949874686716792
  warnings.warn(f"Hartlap correction to cinv: {hartlap_correction}")
[2 : bao.desi_2024_bao_all] Initialized.
[0 : mcmc] Resuming from previous sample!
[1 : samplecollection] Loaded 3535 sample points from 'chains/act-full.2.txt'
[3 : samplecollection] Loaded 3648 sample points from 'chains/act-full.4.txt'
[0 : samplecollection] Loaded 3389 sample points from 'chains/act-full.1.txt'
[2 : samplecollection] Loaded 3508 sample points from 'chains/act-full.3.txt'
[2 : mcmc] Initial point: logA:3.020882, ns:0.9603241, theta_MC_100:1.040762, ombh2:0.02217929, omch2:0.121469, w:-0.8373187, wa:-0.7124203, beta_DE:0.05088622, tau:0.03995737, A_planck:1.00171, calib_100T:0.9988628, calib_217T:0.9993817, A_cib_217:41.10528, xi_sz_cib:0.847215, A_sz:5.025289, ksz_norm:3.512534, gal545_A_100:8.415347, gal545_A_143:10.84163, gal545_A_143_217:24.80993, gal545_A_217:107.6193, ps_A_100_100:258.3776, ps_A_143_143:58.15768, ps_A_143_217:48.98007, ps_A_217_217:119.3761, galf_TE_A_100:0.08626285, galf_TE_A_100_143:0.1474934, galf_TE_A_100_217:0.2906029, galf_TE_A_143:0.3016712, galf_TE_A_143_217:0.5294712, galf_TE_A_217:1.766182
[0 : mcmc] Initial point: logA:3.049983, ns:0.9724905, theta_MC_100:1.041395, ombh2:0.02256722, omch2:0.1182176, w:-0.8373898, wa:-0.60227, beta_DE:2.29109, tau:0.06134677, A_planck:0.9993807, calib_100T:0.9993436, calib_217T:0.9977593, A_cib_217:54.13696, xi_sz_cib:0.3134574, A_sz:5.900889, ksz_norm:1.51902, gal545_A_100:8.296389, gal545_A_143:10.948, gal545_A_143_217:20.81807, gal545_A_217:94.24403, ps_A_100_100:273.9077, ps_A_143_143:47.06739, ps_A_143_217:34.69649, ps_A_217_217:100.5581, galf_TE_A_100:0.0713111, galf_TE_A_100_143:0.1533987, galf_TE_A_100_217:0.4716147, galf_TE_A_143:0.2105295, galf_TE_A_143_217:0.5612883, galf_TE_A_217:1.734514
[3 : mcmc] Initial point: logA:3.030073, ns:0.9583066, theta_MC_100:1.040803, ombh2:0.02248654, omch2:0.1210085, w:-0.8488787, wa:-0.6320392, beta_DE:-0.4516278, tau:0.0464662, A_planck:0.9990232, calib_100T:0.9993108, calib_217T:0.9990405, A_cib_217:47.85539, xi_sz_cib:0.6820218, A_sz:1.950968, ksz_norm:8.787456, gal545_A_100:13.43332, gal545_A_143:13.33047, gal545_A_143_217:23.45885, gal545_A_217:100.5304, ps_A_100_100:270.8339, ps_A_143_143:47.01293, ps_A_143_217:26.16722, ps_A_217_217:101.7898, galf_TE_A_100:0.1631851, galf_TE_A_100_143:0.1626071, galf_TE_A_100_217:0.4491058, galf_TE_A_143:0.2466868, galf_TE_A_143_217:0.6389765, galf_TE_A_217:2.213354
[1 : mcmc] Initial point: logA:3.050314, ns:0.969258, theta_MC_100:1.041338, ombh2:0.02247278, omch2:0.1193633, w:-0.8593709, wa:-0.4200807, beta_DE:0.6241661, tau:0.05466465, A_planck:1.003658, calib_100T:1.000178, calib_217T:0.9984709, A_cib_217:45.83918, xi_sz_cib:0.1864351, A_sz:1.683111, ksz_norm:3.856686, gal545_A_100:9.819177, gal545_A_143:13.52743, gal545_A_143_217:19.75486, gal545_A_217:98.28195, ps_A_100_100:311.196, ps_A_143_143:44.93825, ps_A_143_217:29.80263, ps_A_217_217:115.2723, galf_TE_A_100:0.1449629, galf_TE_A_100_143:0.1802214, galf_TE_A_100_217:0.3177667, galf_TE_A_143:0.2714968, galf_TE_A_143_217:0.5237972, galf_TE_A_217:1.266769
[0 : mcmc] *WARNING* Parameter blocking manually/previously fixed: speeds will not be measured.
[0 : mcmc] Dragging with number of interpolating steps:
[0 : mcmc] *  1 : (['theta_MC_100', 'ombh2', 'omch2', 'w', 'wa', 'beta_DE', 'tau'], ['logA', 'ns'])
[0 : mcmc] * 12 : (['A_planck'], ['calib_100T', 'calib_217T', 'A_cib_217', 'xi_sz_cib', 'A_sz', 'ksz_norm', 'gal545_A_100', 'gal545_A_143', 'gal545_A_143_217', 'gal545_A_217', 'ps_A_100_100', 'ps_A_143_143', 'ps_A_143_217', 'ps_A_217_217', 'galf_TE_A_100', 'galf_TE_A_100_143', 'galf_TE_A_100_217', 'galf_TE_A_143', 'galf_TE_A_143_217', 'galf_TE_A_217'])
[0 : mcmc] Covariance matrix from previous sample.
[0 : mcmc] Sampling!
[3 : mcmc] Progress @ 2025-02-05 17:47:03 : 1 steps taken, and 3648 accepted.
[2 : mcmc] Progress @ 2025-02-05 17:47:11 : 1 steps taken, and 3508 accepted.
[0 : mcmc] Progress @ 2025-02-05 17:47:11 : 1 steps taken, and 3389 accepted.
[1 : mcmc] Progress @ 2025-02-05 17:47:21 : 1 steps taken, and 3535 accepted.
[3 : mcmc] Progress @ 2025-02-05 17:48:17 : 4 steps taken, and 3648 accepted.
[1 : mcmc] Progress @ 2025-02-05 17:48:22 : 4 steps taken, and 3535 accepted.
[0 : mcmc] Progress @ 2025-02-05 17:48:33 : 5 steps taken, and 3389 accepted.
[2 : mcmc] Progress @ 2025-02-05 17:48:33 : 4 steps taken, and 3508 accepted.
[1 : mcmc] Progress @ 2025-02-05 17:49:36 : 7 steps taken, and 3536 accepted.
[3 : mcmc] Progress @ 2025-02-05 17:49:40 : 7 steps taken, and 3648 accepted.
[0 : mcmc] Progress @ 2025-02-05 17:49:45 : 8 steps taken, and 3389 accepted.
[2 : mcmc] Progress @ 2025-02-05 17:49:54 : 7 steps taken, and 3508 accepted.
[1 : mcmc] Progress @ 2025-02-05 17:50:53 : 10 steps taken, and 3537 accepted.
[0 : mcmc] Progress @ 2025-02-05 17:51:03 : 11 steps taken, and 3390 accepted.
[3 : mcmc] Progress @ 2025-02-05 17:51:04 : 10 steps taken, and 3649 accepted.
[2 : mcmc] Progress @ 2025-02-05 17:51:06 : 10 steps taken, and 3510 accepted.
[1 : mcmc] Progress @ 2025-02-05 17:51:58 : 13 steps taken, and 3537 accepted.
[0 : mcmc] Progress @ 2025-02-05 17:52:04 : 17 steps taken, and 3391 accepted.
[2 : mcmc] Progress @ 2025-02-05 17:52:20 : 15 steps taken, and 3512 accepted.
[3 : mcmc] Progress @ 2025-02-05 17:52:28 : 13 steps taken, and 3650 accepted.
[1 : mcmc] Progress @ 2025-02-05 17:53:05 : 16 steps taken, and 3539 accepted.
[0 : mcmc] Progress @ 2025-02-05 17:53:17 : 21 steps taken, and 3393 accepted.
[2 : mcmc] Progress @ 2025-02-05 17:53:29 : 18 steps taken, and 3512 accepted.
[3 : mcmc] Progress @ 2025-02-05 17:53:30 : 17 steps taken, and 3653 accepted.
[1 : mcmc] Progress @ 2025-02-05 17:54:12 : 19 steps taken, and 3540 accepted.
[0 : mcmc] Progress @ 2025-02-05 17:54:33 : 24 steps taken, and 3394 accepted.
[3 : mcmc] Progress @ 2025-02-05 17:54:49 : 20 steps taken, and 3656 accepted.
[2 : mcmc] Progress @ 2025-02-05 17:54:50 : 21 steps taken, and 3513 accepted.
[1 : mcmc] Progress @ 2025-02-05 17:55:23 : 22 steps taken, and 3543 accepted.
[0 : mcmc] Progress @ 2025-02-05 17:55:43 : 27 steps taken, and 3396 accepted.
[3 : mcmc] Progress @ 2025-02-05 17:56:00 : 23 steps taken, and 3659 accepted.
[2 : mcmc] Progress @ 2025-02-05 17:56:17 : 25 steps taken, and 3514 accepted.
[1 : mcmc] Progress @ 2025-02-05 17:56:43 : 25 steps taken, and 3544 accepted.
[0 : mcmc] Progress @ 2025-02-05 17:56:57 : 30 steps taken, and 3397 accepted.
[3 : mcmc] Progress @ 2025-02-05 17:57:06 : 26 steps taken, and 3660 accepted.
[2 : mcmc] Progress @ 2025-02-05 17:57:40 : 29 steps taken, and 3515 accepted.
[1 : mcmc] Progress @ 2025-02-05 17:58:01 : 28 steps taken, and 3545 accepted.
[0 : mcmc] Progress @ 2025-02-05 17:58:05 : 33 steps taken, and 3398 accepted.
[3 : mcmc] Progress @ 2025-02-05 17:58:13 : 29 steps taken, and 3662 accepted.
[2 : mcmc] Progress @ 2025-02-05 17:58:54 : 32 steps taken, and 3517 accepted.
[0 : mcmc] Progress @ 2025-02-05 17:59:09 : 36 steps taken, and 3400 accepted.
[1 : mcmc] Progress @ 2025-02-05 17:59:15 : 31 steps taken, and 3547 accepted.
[3 : mcmc] Progress @ 2025-02-05 17:59:31 : 33 steps taken, and 3663 accepted.
[2 : mcmc] Progress @ 2025-02-05 18:00:04 : 35 steps taken, and 3518 accepted.
[0 : mcmc] Progress @ 2025-02-05 18:00:30 : 39 steps taken, and 3402 accepted.
[1 : mcmc] Progress @ 2025-02-05 18:00:35 : 34 steps taken, and 3549 accepted.
[3 : mcmc] Progress @ 2025-02-05 18:00:44 : 37 steps taken, and 3665 accepted.
[2 : mcmc] Progress @ 2025-02-05 18:01:11 : 40 steps taken, and 3518 accepted.
[1 : mcmc] Progress @ 2025-02-05 18:01:42 : 38 steps taken, and 3549 accepted.
[0 : mcmc] Progress @ 2025-02-05 18:01:50 : 42 steps taken, and 3403 accepted.
[3 : mcmc] Progress @ 2025-02-05 18:01:54 : 40 steps taken, and 3666 accepted.
[2 : mcmc] Progress @ 2025-02-05 18:02:27 : 43 steps taken, and 3521 accepted.
[1 : mcmc] Progress @ 2025-02-05 18:02:51 : 42 steps taken, and 3551 accepted.
[0 : mcmc] Progress @ 2025-02-05 18:03:04 : 50 steps taken, and 3405 accepted.
[3 : mcmc] Progress @ 2025-02-05 18:03:13 : 43 steps taken, and 3667 accepted.
[2 : mcmc] Progress @ 2025-02-05 18:03:42 : 46 steps taken, and 3522 accepted.
[0 : mcmc] Progress @ 2025-02-05 18:04:10 : 53 steps taken, and 3408 accepted.
[1 : mcmc] Progress @ 2025-02-05 18:04:10 : 45 steps taken, and 3551 accepted.
[3 : mcmc] Progress @ 2025-02-05 18:04:25 : 46 steps taken, and 3667 accepted.
[2 : mcmc] Progress @ 2025-02-05 18:04:50 : 50 steps taken, and 3522 accepted.
[0 : mcmc] Progress @ 2025-02-05 18:05:25 : 57 steps taken, and 3409 accepted.
[1 : mcmc] Progress @ 2025-02-05 18:05:26 : 50 steps taken, and 3553 accepted.
[3 : mcmc] Progress @ 2025-02-05 18:05:47 : 49 steps taken, and 3668 accepted.
[2 : mcmc] Progress @ 2025-02-05 18:05:58 : 54 steps taken, and 3524 accepted.
[1 : mcmc] Progress @ 2025-02-05 18:06:28 : 53 steps taken, and 3556 accepted.
[0 : mcmc] Progress @ 2025-02-05 18:06:40 : 62 steps taken, and 3411 accepted.
[3 : mcmc] Progress @ 2025-02-05 18:07:00 : 53 steps taken, and 3669 accepted.
[2 : mcmc] Progress @ 2025-02-05 18:07:19 : 57 steps taken, and 3524 accepted.
[1 : mcmc] Progress @ 2025-02-05 18:07:48 : 57 steps taken, and 3557 accepted.
[0 : mcmc] Progress @ 2025-02-05 18:08:03 : 65 steps taken, and 3412 accepted.
[3 : mcmc] Progress @ 2025-02-05 18:08:04 : 57 steps taken, and 3672 accepted.
[2 : mcmc] Progress @ 2025-02-05 18:08:45 : 61 steps taken, and 3526 accepted.
[1 : mcmc] Progress @ 2025-02-05 18:08:53 : 60 steps taken, and 3559 accepted.
[0 : mcmc] Progress @ 2025-02-05 18:09:14 : 68 steps taken, and 3413 accepted.
[3 : mcmc] Progress @ 2025-02-05 18:09:20 : 61 steps taken, and 3672 accepted.
[1 : mcmc] Progress @ 2025-02-05 18:10:08 : 64 steps taken, and 3559 accepted.
[2 : mcmc] Progress @ 2025-02-05 18:10:09 : 64 steps taken, and 3527 accepted.
[0 : mcmc] Progress @ 2025-02-05 18:10:35 : 71 steps taken, and 3413 accepted.
[3 : mcmc] Progress @ 2025-02-05 18:10:39 : 64 steps taken, and 3673 accepted.
[2 : mcmc] Progress @ 2025-02-05 18:11:22 : 67 steps taken, and 3529 accepted.
[1 : mcmc] Progress @ 2025-02-05 18:11:27 : 67 steps taken, and 3562 accepted.
[0 : mcmc] Progress @ 2025-02-05 18:11:45 : 74 steps taken, and 3415 accepted.
[3 : mcmc] Progress @ 2025-02-05 18:11:54 : 67 steps taken, and 3675 accepted.
[2 : mcmc] Progress @ 2025-02-05 18:12:46 : 70 steps taken, and 3531 accepted.
[1 : mcmc] Progress @ 2025-02-05 18:12:46 : 70 steps taken, and 3563 accepted.
[0 : mcmc] Progress @ 2025-02-05 18:12:51 : 77 steps taken, and 3416 accepted.
[3 : mcmc] Progress @ 2025-02-05 18:13:08 : 71 steps taken, and 3676 accepted.
[1 : mcmc] Progress @ 2025-02-05 18:14:08 : 75 steps taken, and 3565 accepted.
[2 : mcmc] Progress @ 2025-02-05 18:14:10 : 74 steps taken, and 3532 accepted.
[0 : mcmc] Progress @ 2025-02-05 18:14:12 : 82 steps taken, and 3418 accepted.
[3 : mcmc] Progress @ 2025-02-05 18:14:28 : 74 steps taken, and 3678 accepted.
[1 : mcmc] Progress @ 2025-02-05 18:15:16 : 78 steps taken, and 3566 accepted.
[2 : mcmc] Progress @ 2025-02-05 18:15:34 : 77 steps taken, and 3533 accepted.
[0 : mcmc] Progress @ 2025-02-05 18:15:37 : 85 steps taken, and 3418 accepted.
[3 : mcmc] Progress @ 2025-02-05 18:15:42 : 77 steps taken, and 3679 accepted.
[1 : mcmc] Progress @ 2025-02-05 18:16:29 : 81 steps taken, and 3567 accepted.
[0 : mcmc] Progress @ 2025-02-05 18:16:42 : 88 steps taken, and 3420 accepted.
[2 : mcmc] Progress @ 2025-02-05 18:16:54 : 81 steps taken, and 3535 accepted.
[3 : mcmc] Progress @ 2025-02-05 18:17:05 : 80 steps taken, and 3679 accepted.
[1 : mcmc] Progress @ 2025-02-05 18:17:51 : 84 steps taken, and 3569 accepted.
[0 : mcmc] Progress @ 2025-02-05 18:17:56 : 91 steps taken, and 3423 accepted.
[2 : mcmc] Progress @ 2025-02-05 18:18:04 : 84 steps taken, and 3538 accepted.
[3 : mcmc] Progress @ 2025-02-05 18:18:17 : 83 steps taken, and 3679 accepted.
[0 : mcmc] Progress @ 2025-02-05 18:18:56 : 96 steps taken, and 3424 accepted.
[1 : mcmc] Progress @ 2025-02-05 18:18:57 : 87 steps taken, and 3569 accepted.
[2 : mcmc] Progress @ 2025-02-05 18:19:13 : 87 steps taken, and 3539 accepted.
[3 : mcmc] Progress @ 2025-02-05 18:19:44 : 87 steps taken, and 3679 accepted.
[1 : mcmc] Progress @ 2025-02-05 18:20:10 : 90 steps taken, and 3571 accepted.
[0 : mcmc] Progress @ 2025-02-05 18:20:14 : 101 steps taken, and 3426 accepted.
[2 : mcmc] Progress @ 2025-02-05 18:20:32 : 90 steps taken, and 3541 accepted.
[3 : mcmc] Progress @ 2025-02-05 18:21:08 : 90 steps taken, and 3680 accepted.
[1 : mcmc] Progress @ 2025-02-05 18:21:24 : 93 steps taken, and 3571 accepted.
[0 : mcmc] Progress @ 2025-02-05 18:21:29 : 104 steps taken, and 3428 accepted.
[2 : mcmc] Progress @ 2025-02-05 18:21:42 : 93 steps taken, and 3544 accepted.
[3 : mcmc] Progress @ 2025-02-05 18:22:25 : 94 steps taken, and 3681 accepted.
[1 : mcmc] Progress @ 2025-02-05 18:22:38 : 96 steps taken, and 3572 accepted.
[0 : mcmc] Progress @ 2025-02-05 18:22:49 : 107 steps taken, and 3429 accepted.
[2 : mcmc] Progress @ 2025-02-05 18:22:55 : 96 steps taken, and 3544 accepted.
[3 : mcmc] Progress @ 2025-02-05 18:23:38 : 98 steps taken, and 3683 accepted.
[1 : mcmc] Progress @ 2025-02-05 18:23:52 : 99 steps taken, and 3572 accepted.
[0 : mcmc] Progress @ 2025-02-05 18:23:56 : 110 steps taken, and 3431 accepted.
[2 : mcmc] Progress @ 2025-02-05 18:24:15 : 99 steps taken, and 3546 accepted.
[3 : mcmc] Progress @ 2025-02-05 18:25:04 : 101 steps taken, and 3684 accepted.
[1 : mcmc] Progress @ 2025-02-05 18:25:13 : 102 steps taken, and 3572 accepted.
[0 : mcmc] Progress @ 2025-02-05 18:25:14 : 114 steps taken, and 3433 accepted.
[2 : mcmc] Progress @ 2025-02-05 18:25:30 : 102 steps taken, and 3546 accepted.
[3 : mcmc] Progress @ 2025-02-05 18:26:18 : 104 steps taken, and 3686 accepted.
[1 : mcmc] Progress @ 2025-02-05 18:26:26 : 105 steps taken, and 3575 accepted.
[2 : mcmc] Progress @ 2025-02-05 18:26:37 : 105 steps taken, and 3547 accepted.
[0 : mcmc] Progress @ 2025-02-05 18:26:38 : 120 steps taken, and 3435 accepted.
[3 : mcmc] Progress @ 2025-02-05 18:27:29 : 107 steps taken, and 3686 accepted.
[1 : mcmc] Progress @ 2025-02-05 18:27:39 : 108 steps taken, and 3576 accepted.
[2 : mcmc] Progress @ 2025-02-05 18:27:51 : 108 steps taken, and 3549 accepted.
[0 : mcmc] Progress @ 2025-02-05 18:27:59 : 123 steps taken, and 3436 accepted.
[3 : mcmc] Progress @ 2025-02-05 18:28:46 : 110 steps taken, and 3688 accepted.
[1 : mcmc] Progress @ 2025-02-05 18:28:48 : 112 steps taken, and 3579 accepted.
[2 : mcmc] Progress @ 2025-02-05 18:29:03 : 111 steps taken, and 3550 accepted.
[0 : mcmc] Progress @ 2025-02-05 18:29:05 : 127 steps taken, and 3437 accepted.
[3 : mcmc] Progress @ 2025-02-05 18:30:02 : 115 steps taken, and 3689 accepted.
[1 : mcmc] Progress @ 2025-02-05 18:30:09 : 116 steps taken, and 3580 accepted.
[2 : mcmc] Progress @ 2025-02-05 18:30:23 : 114 steps taken, and 3550 accepted.
[0 : mcmc] Progress @ 2025-02-05 18:30:24 : 130 steps taken, and 3439 accepted.
[3 : mcmc] Progress @ 2025-02-05 18:31:15 : 118 steps taken, and 3691 accepted.
[1 : mcmc] Progress @ 2025-02-05 18:31:18 : 119 steps taken, and 3582 accepted.
[2 : mcmc] Progress @ 2025-02-05 18:31:30 : 118 steps taken, and 3552 accepted.
[0 : mcmc] Progress @ 2025-02-05 18:31:45 : 133 steps taken, and 3440 accepted.
[2 : mcmc] Progress @ 2025-02-05 18:32:37 : 121 steps taken, and 3553 accepted.
[3 : mcmc] Progress @ 2025-02-05 18:32:39 : 121 steps taken, and 3692 accepted.
[1 : mcmc] Progress @ 2025-02-05 18:32:40 : 123 steps taken, and 3585 accepted.
[0 : mcmc] Progress @ 2025-02-05 18:33:00 : 137 steps taken, and 3442 accepted.
[3 : mcmc] Progress @ 2025-02-05 18:33:51 : 124 steps taken, and 3692 accepted.
[2 : mcmc] Progress @ 2025-02-05 18:34:01 : 124 steps taken, and 3554 accepted.
[1 : mcmc] Progress @ 2025-02-05 18:34:02 : 126 steps taken, and 3588 accepted.
[0 : mcmc] Progress @ 2025-02-05 18:34:19 : 142 steps taken, and 3444 accepted.
[3 : mcmc] Progress @ 2025-02-05 18:34:51 : 127 steps taken, and 3693 accepted.
[2 : mcmc] Progress @ 2025-02-05 18:35:10 : 127 steps taken, and 3555 accepted.
[1 : mcmc] Progress @ 2025-02-05 18:35:13 : 129 steps taken, and 3590 accepted.
[0 : mcmc] Progress @ 2025-02-05 18:35:42 : 145 steps taken, and 3445 accepted.
[3 : mcmc] Progress @ 2025-02-05 18:36:09 : 130 steps taken, and 3694 accepted.
[2 : mcmc] Progress @ 2025-02-05 18:36:11 : 130 steps taken, and 3556 accepted.
[1 : mcmc] Progress @ 2025-02-05 18:36:35 : 132 steps taken, and 3590 accepted.
[0 : mcmc] Progress @ 2025-02-05 18:36:51 : 148 steps taken, and 3446 accepted.
[3 : mcmc] Progress @ 2025-02-05 18:37:26 : 134 steps taken, and 3696 accepted.
[2 : mcmc] Progress @ 2025-02-05 18:37:35 : 133 steps taken, and 3558 accepted.
[1 : mcmc] Progress @ 2025-02-05 18:37:44 : 135 steps taken, and 3592 accepted.
[0 : mcmc] Progress @ 2025-02-05 18:37:59 : 150 steps taken, and 3446 accepted.
[3 : mcmc] Progress @ 2025-02-05 18:38:32 : 137 steps taken, and 3697 accepted.
[2 : mcmc] Progress @ 2025-02-05 18:38:50 : 136 steps taken, and 3558 accepted.
[1 : mcmc] Progress @ 2025-02-05 18:38:54 : 138 steps taken, and 3593 accepted.
[0 : mcmc] Progress @ 2025-02-05 18:39:22 : 154 steps taken, and 3447 accepted.
[3 : mcmc] Progress @ 2025-02-05 18:39:39 : 140 steps taken, and 3698 accepted.
[1 : mcmc] Progress @ 2025-02-05 18:40:06 : 141 steps taken, and 3596 accepted.
[2 : mcmc] Progress @ 2025-02-05 18:40:07 : 139 steps taken, and 3560 accepted.
[0 : mcmc] Progress @ 2025-02-05 18:40:27 : 157 steps taken, and 3448 accepted.
[3 : mcmc] Progress @ 2025-02-05 18:41:02 : 144 steps taken, and 3698 accepted.
[2 : mcmc] Progress @ 2025-02-05 18:41:16 : 142 steps taken, and 3560 accepted.
[1 : mcmc] Progress @ 2025-02-05 18:41:32 : 144 steps taken, and 3596 accepted.
[0 : mcmc] Progress @ 2025-02-05 18:41:48 : 160 steps taken, and 3450 accepted.
[3 : mcmc] Progress @ 2025-02-05 18:42:08 : 148 steps taken, and 3698 accepted.
[2 : mcmc] Progress @ 2025-02-05 18:42:19 : 145 steps taken, and 3562 accepted.
[1 : mcmc] Progress @ 2025-02-05 18:42:52 : 147 steps taken, and 3596 accepted.
[0 : mcmc] Progress @ 2025-02-05 18:42:53 : 164 steps taken, and 3450 accepted.
[3 : mcmc] Progress @ 2025-02-05 18:43:14 : 151 steps taken, and 3699 accepted.
[2 : mcmc] Progress @ 2025-02-05 18:43:22 : 148 steps taken, and 3562 accepted.
[1 : mcmc] Progress @ 2025-02-05 18:44:05 : 150 steps taken, and 3597 accepted.
[0 : mcmc] Progress @ 2025-02-05 18:44:05 : 167 steps taken, and 3453 accepted.
[2 : mcmc] Progress @ 2025-02-05 18:44:40 : 151 steps taken, and 3564 accepted.
[3 : mcmc] Progress @ 2025-02-05 18:44:42 : 154 steps taken, and 3699 accepted.
[1 : mcmc] Progress @ 2025-02-05 18:45:15 : 153 steps taken, and 3599 accepted.
[0 : mcmc] Progress @ 2025-02-05 18:45:24 : 170 steps taken, and 3454 accepted.
 Warning: Integrate_Romberg failed to converge; 
 integral, error, tol:   12861.130416629252       -3.2745898170816190E-007   1.0000000000000001E-007
[2 : mcmc] Progress @ 2025-02-05 18:45:49 : 155 steps taken, and 3565 accepted.
[3 : mcmc] Progress @ 2025-02-05 18:45:52 : 157 steps taken, and 3700 accepted.
[1 : mcmc] Learn + convergence test @ 3600 samples accepted.
[1 : mcmc] Ready to check convergence and learn a new proposal covmat (waiting for the rest...)
[1 : mcmc] Progress @ 2025-02-05 18:46:30 : 157 steps taken, and 3600 accepted.
[0 : mcmc] Progress @ 2025-02-05 18:46:32 : 173 steps taken, and 3457 accepted.
[3 : mcmc] Progress @ 2025-02-05 18:47:07 : 160 steps taken, and 3701 accepted.
[2 : mcmc] Progress @ 2025-02-05 18:47:08 : 158 steps taken, and 3567 accepted.
[1 : mcmc] Progress @ 2025-02-05 18:47:43 : 160 steps taken, and 3602 accepted.
[0 : mcmc] Progress @ 2025-02-05 18:47:45 : 176 steps taken, and 3459 accepted.
[3 : mcmc] Progress @ 2025-02-05 18:48:27 : 163 steps taken, and 3701 accepted.
[2 : mcmc] Progress @ 2025-02-05 18:48:28 : 162 steps taken, and 3568 accepted.
[1 : mcmc] Progress @ 2025-02-05 18:48:52 : 164 steps taken, and 3603 accepted.
[0 : mcmc] Progress @ 2025-02-05 18:49:06 : 179 steps taken, and 3460 accepted.
[2 : mcmc] Progress @ 2025-02-05 18:49:43 : 167 steps taken, and 3568 accepted.
[3 : mcmc] Progress @ 2025-02-05 18:49:47 : 166 steps taken, and 3704 accepted.
[1 : mcmc] Progress @ 2025-02-05 18:50:08 : 167 steps taken, and 3606 accepted.
[0 : mcmc] Progress @ 2025-02-05 18:50:30 : 183 steps taken, and 3461 accepted.
[3 : mcmc] Progress @ 2025-02-05 18:50:47 : 169 steps taken, and 3706 accepted.
[2 : mcmc] Progress @ 2025-02-05 18:51:00 : 171 steps taken, and 3568 accepted.
[1 : mcmc] Progress @ 2025-02-05 18:51:30 : 170 steps taken, and 3607 accepted.
[0 : mcmc] Progress @ 2025-02-05 18:51:53 : 187 steps taken, and 3462 accepted.
[3 : mcmc] Progress @ 2025-02-05 18:52:11 : 172 steps taken, and 3709 accepted.
[2 : mcmc] Progress @ 2025-02-05 18:52:12 : 174 steps taken, and 3570 accepted.
[1 : mcmc] Progress @ 2025-02-05 18:52:50 : 173 steps taken, and 3608 accepted.
[0 : mcmc] Progress @ 2025-02-05 18:53:20 : 193 steps taken, and 3464 accepted.
[3 : mcmc] Progress @ 2025-02-05 18:53:22 : 175 steps taken, and 3710 accepted.
[2 : mcmc] Progress @ 2025-02-05 18:53:25 : 177 steps taken, and 3573 accepted.
[1 : mcmc] Progress @ 2025-02-05 18:54:03 : 176 steps taken, and 3611 accepted.
[0 : mcmc] Progress @ 2025-02-05 18:54:28 : 199 steps taken, and 3465 accepted.
[3 : mcmc] Progress @ 2025-02-05 18:54:35 : 178 steps taken, and 3711 accepted.
[2 : mcmc] Progress @ 2025-02-05 18:54:50 : 180 steps taken, and 3574 accepted.
[1 : mcmc] Progress @ 2025-02-05 18:55:15 : 179 steps taken, and 3612 accepted.
[0 : mcmc] Progress @ 2025-02-05 18:55:47 : 203 steps taken, and 3465 accepted.
[3 : mcmc] Progress @ 2025-02-05 18:55:55 : 181 steps taken, and 3712 accepted.
[2 : mcmc] Progress @ 2025-02-05 18:56:02 : 184 steps taken, and 3576 accepted.
[1 : mcmc] Progress @ 2025-02-05 18:56:24 : 182 steps taken, and 3613 accepted.
[0 : mcmc] Progress @ 2025-02-05 18:57:07 : 208 steps taken, and 3466 accepted.
[3 : mcmc] Progress @ 2025-02-05 18:57:16 : 185 steps taken, and 3712 accepted.
[2 : mcmc] Progress @ 2025-02-05 18:57:20 : 188 steps taken, and 3577 accepted.
[1 : mcmc] Progress @ 2025-02-05 18:57:37 : 185 steps taken, and 3615 accepted.
[0 : mcmc] Progress @ 2025-02-05 18:58:14 : 212 steps taken, and 3468 accepted.
[3 : mcmc] Progress @ 2025-02-05 18:58:28 : 188 steps taken, and 3712 accepted.
[2 : mcmc] Progress @ 2025-02-05 18:58:32 : 191 steps taken, and 3580 accepted.
[1 : mcmc] Progress @ 2025-02-05 18:58:56 : 188 steps taken, and 3616 accepted.
[0 : mcmc] Progress @ 2025-02-05 18:59:19 : 218 steps taken, and 3469 accepted.
[3 : mcmc] Progress @ 2025-02-05 18:59:29 : 191 steps taken, and 3713 accepted.
[2 : mcmc] Progress @ 2025-02-05 18:59:39 : 194 steps taken, and 3581 accepted.
[1 : mcmc] Progress @ 2025-02-05 19:00:18 : 191 steps taken, and 3618 accepted.
[0 : mcmc] Progress @ 2025-02-05 19:00:39 : 222 steps taken, and 3469 accepted.
[3 : mcmc] Progress @ 2025-02-05 19:00:42 : 194 steps taken, and 3715 accepted.
[2 : mcmc] Progress @ 2025-02-05 19:00:52 : 197 steps taken, and 3583 accepted.
[1 : mcmc] Progress @ 2025-02-05 19:01:30 : 194 steps taken, and 3619 accepted.
[0 : mcmc] Progress @ 2025-02-05 19:01:53 : 225 steps taken, and 3471 accepted.
[2 : mcmc] Progress @ 2025-02-05 19:02:04 : 200 steps taken, and 3584 accepted.
[3 : mcmc] Progress @ 2025-02-05 19:02:05 : 198 steps taken, and 3716 accepted.
[1 : mcmc] Progress @ 2025-02-05 19:02:37 : 197 steps taken, and 3620 accepted.
[0 : mcmc] Progress @ 2025-02-05 19:03:03 : 228 steps taken, and 3472 accepted.
[2 : mcmc] Progress @ 2025-02-05 19:03:25 : 203 steps taken, and 3586 accepted.
[3 : mcmc] Progress @ 2025-02-05 19:03:28 : 201 steps taken, and 3716 accepted.
[1 : mcmc] Progress @ 2025-02-05 19:03:48 : 200 steps taken, and 3620 accepted.
[0 : mcmc] Progress @ 2025-02-05 19:04:16 : 231 steps taken, and 3473 accepted.
[3 : mcmc] Progress @ 2025-02-05 19:04:29 : 204 steps taken, and 3717 accepted.
[2 : mcmc] Progress @ 2025-02-05 19:04:51 : 206 steps taken, and 3586 accepted.
[1 : mcmc] Progress @ 2025-02-05 19:05:07 : 203 steps taken, and 3621 accepted.
[0 : mcmc] Progress @ 2025-02-05 19:05:40 : 235 steps taken, and 3475 accepted.
[3 : mcmc] Progress @ 2025-02-05 19:05:50 : 207 steps taken, and 3719 accepted.
[2 : mcmc] Progress @ 2025-02-05 19:06:06 : 209 steps taken, and 3588 accepted.
[1 : mcmc] Progress @ 2025-02-05 19:06:26 : 206 steps taken, and 3621 accepted.
[3 : mcmc] Progress @ 2025-02-05 19:06:57 : 210 steps taken, and 3719 accepted.
[0 : mcmc] Progress @ 2025-02-05 19:07:04 : 239 steps taken, and 3475 accepted.
[2 : mcmc] Progress @ 2025-02-05 19:07:13 : 213 steps taken, and 3590 accepted.
[1 : mcmc] Progress @ 2025-02-05 19:07:37 : 209 steps taken, and 3622 accepted.
[0 : mcmc] Progress @ 2025-02-05 19:08:11 : 242 steps taken, and 3476 accepted.
[3 : mcmc] Progress @ 2025-02-05 19:08:20 : 214 steps taken, and 3721 accepted.
[2 : mcmc] Progress @ 2025-02-05 19:08:27 : 217 steps taken, and 3591 accepted.
[1 : mcmc] Progress @ 2025-02-05 19:08:51 : 212 steps taken, and 3622 accepted.
[0 : mcmc] Progress @ 2025-02-05 19:09:14 : 245 steps taken, and 3478 accepted.
[2 : mcmc] Progress @ 2025-02-05 19:09:35 : 220 steps taken, and 3592 accepted.
[3 : mcmc] Progress @ 2025-02-05 19:09:41 : 217 steps taken, and 3723 accepted.
[1 : mcmc] Progress @ 2025-02-05 19:10:02 : 215 steps taken, and 3624 accepted.
[0 : mcmc] Progress @ 2025-02-05 19:10:39 : 248 steps taken, and 3478 accepted.
[3 : mcmc] Progress @ 2025-02-05 19:10:54 : 220 steps taken, and 3723 accepted.
[2 : mcmc] Progress @ 2025-02-05 19:10:57 : 223 steps taken, and 3592 accepted.
[1 : mcmc] Progress @ 2025-02-05 19:11:20 : 218 steps taken, and 3625 accepted.
[0 : mcmc] Progress @ 2025-02-05 19:11:48 : 251 steps taken, and 3478 accepted.
[3 : mcmc] Progress @ 2025-02-05 19:12:06 : 223 steps taken, and 3725 accepted.
[2 : mcmc] Progress @ 2025-02-05 19:12:18 : 226 steps taken, and 3592 accepted.
[1 : mcmc] Progress @ 2025-02-05 19:12:29 : 221 steps taken, and 3627 accepted.
[0 : mcmc] Progress @ 2025-02-05 19:13:10 : 255 steps taken, and 3479 accepted.
[3 : mcmc] Progress @ 2025-02-05 19:13:28 : 226 steps taken, and 3727 accepted.
[1 : mcmc] Progress @ 2025-02-05 19:13:33 : 224 steps taken, and 3628 accepted.
[2 : mcmc] Progress @ 2025-02-05 19:13:40 : 229 steps taken, and 3593 accepted.
[0 : mcmc] Progress @ 2025-02-05 19:14:15 : 258 steps taken, and 3481 accepted.
[3 : mcmc] Progress @ 2025-02-05 19:14:37 : 229 steps taken, and 3728 accepted.
[1 : mcmc] Progress @ 2025-02-05 19:14:40 : 228 steps taken, and 3630 accepted.
[2 : mcmc] Progress @ 2025-02-05 19:14:42 : 233 steps taken, and 3594 accepted.
[0 : mcmc] Progress @ 2025-02-05 19:15:37 : 263 steps taken, and 3482 accepted.
[3 : mcmc] Progress @ 2025-02-05 19:15:48 : 232 steps taken, and 3730 accepted.
[2 : mcmc] Progress @ 2025-02-05 19:15:57 : 236 steps taken, and 3596 accepted.
[1 : mcmc] Progress @ 2025-02-05 19:15:59 : 233 steps taken, and 3631 accepted.
[0 : mcmc] Progress @ 2025-02-05 19:16:44 : 266 steps taken, and 3482 accepted.
[3 : mcmc] Progress @ 2025-02-05 19:16:55 : 235 steps taken, and 3731 accepted.
[2 : mcmc] Progress @ 2025-02-05 19:17:11 : 239 steps taken, and 3597 accepted.
[1 : mcmc] Progress @ 2025-02-05 19:17:13 : 236 steps taken, and 3632 accepted.
[0 : mcmc] Progress @ 2025-02-05 19:18:03 : 269 steps taken, and 3485 accepted.
[3 : mcmc] Progress @ 2025-02-05 19:18:12 : 238 steps taken, and 3732 accepted.
[1 : mcmc] Progress @ 2025-02-05 19:18:33 : 239 steps taken, and 3633 accepted.
[2 : mcmc] Progress @ 2025-02-05 19:18:35 : 242 steps taken, and 3599 accepted.
[0 : mcmc] Progress @ 2025-02-05 19:19:11 : 271 steps taken, and 3486 accepted.
[3 : mcmc] Progress @ 2025-02-05 19:19:28 : 241 steps taken, and 3733 accepted.
[2 : mcmc] Progress @ 2025-02-05 19:19:38 : 245 steps taken, and 3599 accepted.
[1 : mcmc] Progress @ 2025-02-05 19:19:43 : 244 steps taken, and 3634 accepted.
[0 : mcmc] Progress @ 2025-02-05 19:20:27 : 274 steps taken, and 3487 accepted.
[3 : mcmc] Progress @ 2025-02-05 19:20:37 : 244 steps taken, and 3735 accepted.
[2 : mcmc] Progress @ 2025-02-05 19:20:59 : 248 steps taken, and 3599 accepted.
[1 : mcmc] Progress @ 2025-02-05 19:21:03 : 247 steps taken, and 3636 accepted.
[0 : mcmc] Progress @ 2025-02-05 19:21:35 : 279 steps taken, and 3487 accepted.
[3 : mcmc] Progress @ 2025-02-05 19:21:48 : 247 steps taken, and 3736 accepted.
[2 : mcmc] Learn + convergence test @ 3600 samples accepted.
[2 : mcmc] Ready to check convergence and learn a new proposal covmat (waiting for the rest...)
[2 : mcmc] Progress @ 2025-02-05 19:22:08 : 251 steps taken, and 3600 accepted.
[1 : mcmc] Progress @ 2025-02-05 19:22:14 : 250 steps taken, and 3636 accepted.
[0 : mcmc] Progress @ 2025-02-05 19:22:50 : 283 steps taken, and 3490 accepted.
[3 : mcmc] Progress @ 2025-02-05 19:23:08 : 250 steps taken, and 3738 accepted.
[1 : mcmc] Progress @ 2025-02-05 19:23:18 : 253 steps taken, and 3638 accepted.
[2 : mcmc] Progress @ 2025-02-05 19:23:21 : 256 steps taken, and 3601 accepted.
[0 : mcmc] Progress @ 2025-02-05 19:24:04 : 286 steps taken, and 3492 accepted.
[3 : mcmc] Progress @ 2025-02-05 19:24:21 : 253 steps taken, and 3740 accepted.
[1 : mcmc] Progress @ 2025-02-05 19:24:23 : 256 steps taken, and 3640 accepted.
[2 : mcmc] Progress @ 2025-02-05 19:24:45 : 259 steps taken, and 3602 accepted.
[0 : mcmc] Progress @ 2025-02-05 19:25:06 : 289 steps taken, and 3493 accepted.
[1 : mcmc] Progress @ 2025-02-05 19:25:45 : 261 steps taken, and 3642 accepted.
[3 : mcmc] Progress @ 2025-02-05 19:25:45 : 258 steps taken, and 3741 accepted.
[2 : mcmc] Progress @ 2025-02-05 19:25:57 : 262 steps taken, and 3605 accepted.
[0 : mcmc] Progress @ 2025-02-05 19:26:14 : 292 steps taken, and 3495 accepted.
[3 : mcmc] Progress @ 2025-02-05 19:26:47 : 261 steps taken, and 3743 accepted.
[1 : mcmc] Progress @ 2025-02-05 19:27:04 : 264 steps taken, and 3644 accepted.
[2 : mcmc] Progress @ 2025-02-05 19:27:18 : 265 steps taken, and 3606 accepted.
[0 : mcmc] Progress @ 2025-02-05 19:27:27 : 295 steps taken, and 3497 accepted.
[3 : mcmc] Progress @ 2025-02-05 19:27:49 : 264 steps taken, and 3745 accepted.
[2 : mcmc] Progress @ 2025-02-05 19:28:20 : 268 steps taken, and 3607 accepted.
[1 : mcmc] Progress @ 2025-02-05 19:28:22 : 270 steps taken, and 3644 accepted.
[0 : mcmc] Progress @ 2025-02-05 19:28:50 : 298 steps taken, and 3500 accepted.
[3 : mcmc] Progress @ 2025-02-05 19:29:09 : 267 steps taken, and 3748 accepted.
[1 : mcmc] Progress @ 2025-02-05 19:29:38 : 273 steps taken, and 3645 accepted.
[2 : mcmc] Progress @ 2025-02-05 19:29:40 : 272 steps taken, and 3607 accepted.
[0 : mcmc] Progress @ 2025-02-05 19:30:13 : 302 steps taken, and 3502 accepted.
[3 : mcmc] Progress @ 2025-02-05 19:30:28 : 270 steps taken, and 3748 accepted.
[2 : mcmc] Progress @ 2025-02-05 19:30:48 : 275 steps taken, and 3609 accepted.
[1 : mcmc] Progress @ 2025-02-05 19:30:51 : 276 steps taken, and 3645 accepted.
[3 : mcmc] Progress @ 2025-02-05 19:31:34 : 273 steps taken, and 3748 accepted.
[0 : mcmc] Progress @ 2025-02-05 19:31:37 : 305 steps taken, and 3503 accepted.
[1 : mcmc] Progress @ 2025-02-05 19:32:00 : 279 steps taken, and 3645 accepted.
[2 : mcmc] Progress @ 2025-02-05 19:32:05 : 278 steps taken, and 3609 accepted.
[0 : mcmc] Progress @ 2025-02-05 19:32:48 : 308 steps taken, and 3505 accepted.
[3 : mcmc] Progress @ 2025-02-05 19:32:58 : 276 steps taken, and 3749 accepted.
[2 : mcmc] Progress @ 2025-02-05 19:33:11 : 281 steps taken, and 3612 accepted.
[1 : mcmc] Progress @ 2025-02-05 19:33:24 : 282 steps taken, and 3647 accepted.
[3 : mcmc] Progress @ 2025-02-05 19:34:03 : 279 steps taken, and 3751 accepted.
[0 : mcmc] Progress @ 2025-02-05 19:34:04 : 311 steps taken, and 3505 accepted.
[2 : mcmc] Progress @ 2025-02-05 19:34:24 : 285 steps taken, and 3614 accepted.
[1 : mcmc] Progress @ 2025-02-05 19:34:35 : 285 steps taken, and 3649 accepted.
[3 : mcmc] Progress @ 2025-02-05 19:35:16 : 282 steps taken, and 3753 accepted.
[0 : mcmc] Progress @ 2025-02-05 19:35:24 : 314 steps taken, and 3506 accepted.
[2 : mcmc] Progress @ 2025-02-05 19:35:38 : 290 steps taken, and 3616 accepted.
[1 : mcmc] Progress @ 2025-02-05 19:35:46 : 288 steps taken, and 3651 accepted.
[3 : mcmc] Progress @ 2025-02-05 19:36:28 : 285 steps taken, and 3754 accepted.
[0 : mcmc] Progress @ 2025-02-05 19:36:31 : 317 steps taken, and 3507 accepted.
[1 : mcmc] Progress @ 2025-02-05 19:36:55 : 291 steps taken, and 3653 accepted.
[2 : mcmc] Progress @ 2025-02-05 19:37:00 : 293 steps taken, and 3618 accepted.
[3 : mcmc] Progress @ 2025-02-05 19:37:32 : 288 steps taken, and 3757 accepted.
[0 : mcmc] Progress @ 2025-02-05 19:37:48 : 320 steps taken, and 3507 accepted.
[1 : mcmc] Progress @ 2025-02-05 19:38:21 : 295 steps taken, and 3653 accepted.
[2 : mcmc] Progress @ 2025-02-05 19:38:23 : 297 steps taken, and 3618 accepted.
[3 : mcmc] Progress @ 2025-02-05 19:38:55 : 291 steps taken, and 3759 accepted.
[0 : mcmc] Progress @ 2025-02-05 19:39:01 : 323 steps taken, and 3508 accepted.
[2 : mcmc] Progress @ 2025-02-05 19:39:29 : 300 steps taken, and 3620 accepted.
[1 : mcmc] Progress @ 2025-02-05 19:39:33 : 299 steps taken, and 3654 accepted.
[3 : mcmc] Progress @ 2025-02-05 19:40:11 : 294 steps taken, and 3759 accepted.
[0 : mcmc] Progress @ 2025-02-05 19:40:13 : 326 steps taken, and 3509 accepted.
[2 : mcmc] Progress @ 2025-02-05 19:40:48 : 303 steps taken, and 3621 accepted.
[1 : mcmc] Progress @ 2025-02-05 19:40:53 : 302 steps taken, and 3656 accepted.
[3 : mcmc] Progress @ 2025-02-05 19:41:25 : 298 steps taken, and 3759 accepted.
[0 : mcmc] Progress @ 2025-02-05 19:41:26 : 329 steps taken, and 3510 accepted.
[2 : mcmc] Progress @ 2025-02-05 19:41:57 : 306 steps taken, and 3622 accepted.
[1 : mcmc] Progress @ 2025-02-05 19:42:05 : 305 steps taken, and 3657 accepted.
[3 : mcmc] Progress @ 2025-02-05 19:42:46 : 301 steps taken, and 3760 accepted.
[0 : mcmc] Progress @ 2025-02-05 19:42:49 : 332 steps taken, and 3512 accepted.
[2 : mcmc] Progress @ 2025-02-05 19:43:11 : 309 steps taken, and 3624 accepted.
[1 : mcmc] Progress @ 2025-02-05 19:43:16 : 308 steps taken, and 3657 accepted.
[3 : mcmc] Progress @ 2025-02-05 19:44:08 : 304 steps taken, and 3761 accepted.
[0 : mcmc] Progress @ 2025-02-05 19:44:11 : 335 steps taken, and 3515 accepted.
[2 : mcmc] Progress @ 2025-02-05 19:44:13 : 312 steps taken, and 3624 accepted.
[1 : mcmc] Progress @ 2025-02-05 19:44:39 : 311 steps taken, and 3657 accepted.
[3 : mcmc] Progress @ 2025-02-05 19:45:08 : 307 steps taken, and 3763 accepted.
[2 : mcmc] Progress @ 2025-02-05 19:45:35 : 315 steps taken, and 3626 accepted.
[0 : mcmc] Progress @ 2025-02-05 19:45:37 : 339 steps taken, and 3517 accepted.
[1 : mcmc] Progress @ 2025-02-05 19:45:51 : 314 steps taken, and 3658 accepted.
[3 : mcmc] Progress @ 2025-02-05 19:46:18 : 310 steps taken, and 3764 accepted.
slurmstepd: error: *** JOB 5265763 ON node139 CANCELLED AT 2025-02-05T19:46:34 DUE TO TIME LIMIT ***
