[0 : output] Output to be read-from/written-into folder 'chains', with prefix 'act-full'
[0 : output] Found existing info files with the requested output prefix: 'chains/act-full'
[0 : output] Let's try to resume/load.
[0 : output] Found an old sample. Resuming.
[0 : prior] *WARNING* External prior 'SZ' loaded. Mind that it might not be normalized!

libgomp: 
libgomp: Invalid value for environment variable OMP_NUM_THREADS: 

libgomp: Invalid value for environment variable OMP_NUM_THREADS: 

libgomp: Invalid value for environment variable OMP_NUM_THREADS: 
Invalid value for environment variable OMP_NUM_THREADS: 
[0 : camb] `camb` module loaded successfully from /users/smp24dhl/cosmo/code/CAMB_beta/camb
[0 : planck_2018_highl_plik.ttteee] `clik` module loaded successfully from /users/smp24dhl/cosmo/code/planck/clik/lib/python3.9/site-packages/clik
----
clik version clik_16.0b1-2-g63c889f3aa9c MAKEFILE
  smica
----
clik version clik_16.0b1-2-g63c889f3aa9c MAKEFILE
  smica
----
clik version clik_16.0b1-2-g63c889f3aa9c MAKEFILE
  smica
----
clik version clik_16.0b1-2-g63c889f3aa9c MAKEFILE
  smica
Checking likelihood '/users/smp24dhl/cosmo/data/planck_2018/baseline/plc_3.0/hi_l/plik/plik_rd12_HM_v22b_TTTEEE.clik' on test data. got -1172.47 expected -1172.47 (diff -4.34057e-07)
----
Checking likelihood '/users/smp24dhl/cosmo/data/planck_2018/baseline/plc_3.0/hi_l/plik/plik_rd12_HM_v22b_TTTEEE.clik' on test data. got -1172.47 expected -1172.47 (diff -4.34056e-07)
----
Loading ACT DR6 lensing likelihood v1.2...
Loading ACT DR6 lensing likelihood v1.2...
Checking likelihood '/users/smp24dhl/cosmo/data/planck_2018/baseline/plc_3.0/hi_l/plik/plik_rd12_HM_v22b_TTTEEE.clik' on test data. got -1172.47 expected -1172.47 (diff -4.34057e-07)
----
Loading ACT DR6 lensing likelihood v1.2...
Checking likelihood '/users/smp24dhl/cosmo/data/planck_2018/baseline/plc_3.0/hi_l/plik/plik_rd12_HM_v22b_TTTEEE.clik' on test data. got -1172.47 expected -1172.47 (diff -4.34057e-07)
----
Loading ACT DR6 lensing likelihood v1.2...
/users/smp24dhl/cosmo/code/act_dr6_lenslike/act_dr6_lenslike/act_dr6_lenslike.py:416: UserWarning: Hartlap correction to cinv: 0.949874686716792
  warnings.warn(f"Hartlap correction to cinv: {hartlap_correction}")
/users/smp24dhl/cosmo/code/act_dr6_lenslike/act_dr6_lenslike/act_dr6_lenslike.py:416: UserWarning: Hartlap correction to cinv: 0.949874686716792
  warnings.warn(f"Hartlap correction to cinv: {hartlap_correction}")
/users/smp24dhl/cosmo/code/act_dr6_lenslike/act_dr6_lenslike/act_dr6_lenslike.py:416: UserWarning: Hartlap correction to cinv: 0.949874686716792
  warnings.warn(f"Hartlap correction to cinv: {hartlap_correction}")
/users/smp24dhl/cosmo/code/act_dr6_lenslike/act_dr6_lenslike/act_dr6_lenslike.py:416: UserWarning: Hartlap correction to cinv: 0.949874686716792
  warnings.warn(f"Hartlap correction to cinv: {hartlap_correction}")
[3 : bao.desi_2024_bao_all] Initialized.
[2 : bao.desi_2024_bao_all] Initialized.
[0 : bao.desi_2024_bao_all] Initialized.
[1 : bao.desi_2024_bao_all] Initialized.
[0 : mcmc] Resuming from previous sample!
[3 : samplecollection] Loaded 4834 sample points from 'chains/act-full.4.txt'
[2 : samplecollection] Loaded 4697 sample points from 'chains/act-full.3.txt'
[1 : samplecollection] Loaded 4702 sample points from 'chains/act-full.2.txt'
[0 : samplecollection] Loaded 4490 sample points from 'chains/act-full.1.txt'
[0 : mcmc] Initial point: logA:3.022359, ns:0.9697749, theta_MC_100:1.041074, ombh2:0.02232165, omch2:0.1196333, w:-0.9162291, wa:-0.189207, beta_DE:-2.107493, tau:0.04433273, A_planck:1.001522, calib_100T:0.998461, calib_217T:0.9981373, A_cib_217:45.47023, xi_sz_cib:0.009486262, A_sz:2.29306, ksz_norm:9.631941, gal545_A_100:6.519274, gal545_A_143:12.90723, gal545_A_143_217:14.28416, gal545_A_217:90.12502, ps_A_100_100:247.0725, ps_A_143_143:28.85515, ps_A_143_217:21.46651, ps_A_217_217:104.478, galf_TE_A_100:0.09786101, galf_TE_A_100_143:0.1770108, galf_TE_A_100_217:0.6012336, galf_TE_A_143:0.1994655, galf_TE_A_143_217:0.7442877, galf_TE_A_217:2.24283
[2 : mcmc] Initial point: logA:3.053666, ns:0.9666399, theta_MC_100:1.04098, ombh2:0.02210948, omch2:0.1198924, w:-0.8689476, wa:-0.4077781, beta_DE:-0.2414881, tau:0.05817311, A_planck:1.002039, calib_100T:0.9992997, calib_217T:0.9971513, A_cib_217:43.04186, xi_sz_cib:0.9667877, A_sz:4.779879, ksz_norm:4.256149, gal545_A_100:9.793444, gal545_A_143:12.55895, gal545_A_143_217:23.45707, gal545_A_217:101.3847, ps_A_100_100:263.3154, ps_A_143_143:47.10654, ps_A_143_217:43.30942, ps_A_217_217:114.7434, galf_TE_A_100:0.07638987, galf_TE_A_100_143:0.1186838, galf_TE_A_100_217:0.4146555, galf_TE_A_143:0.2677581, galf_TE_A_143_217:0.7370387, galf_TE_A_217:2.57517
[1 : mcmc] Initial point: logA:3.043317, ns:0.9682717, theta_MC_100:1.040915, ombh2:0.0223555, omch2:0.119704, w:-0.7926462, wa:-0.6753631, beta_DE:-0.1806858, tau:0.05594527, A_planck:0.9981778, calib_100T:1.000514, calib_217T:0.9988505, A_cib_217:51.93881, xi_sz_cib:0.2857973, A_sz:6.028396, ksz_norm:0.6649462, gal545_A_100:11.38067, gal545_A_143:11.28623, gal545_A_143_217:21.04378, gal545_A_217:94.53772, ps_A_100_100:263.4381, ps_A_143_143:38.07577, ps_A_143_217:36.02432, ps_A_217_217:106.0069, galf_TE_A_100:0.08674159, galf_TE_A_100_143:0.06508372, galf_TE_A_100_217:0.3979515, galf_TE_A_143:0.1224587, galf_TE_A_143_217:0.7283699, galf_TE_A_217:2.236901
[3 : mcmc] Initial point: logA:3.035487, ns:0.9661519, theta_MC_100:1.041327, ombh2:0.02252313, omch2:0.1201107, w:-0.9189841, wa:-0.3231288, beta_DE:0.7655554, tau:0.04721046, A_planck:1.001805, calib_100T:0.9999581, calib_217T:0.9971146, A_cib_217:44.55596, xi_sz_cib:0.01763719, A_sz:8.922894, ksz_norm:1.094985, gal545_A_100:7.202507, gal545_A_143:8.483271, gal545_A_143_217:18.71214, gal545_A_217:93.65988, ps_A_100_100:232.5337, ps_A_143_143:38.93669, ps_A_143_217:35.20475, ps_A_217_217:121.7977, galf_TE_A_100:0.04139857, galf_TE_A_100_143:0.1452036, galf_TE_A_100_217:0.5969414, galf_TE_A_143:0.2370955, galf_TE_A_143_217:0.6498929, galf_TE_A_217:2.019748
[0 : mcmc] *WARNING* Parameter blocking manually/previously fixed: speeds will not be measured.
[0 : mcmc] Dragging with number of interpolating steps:
[0 : mcmc] *  1 : (['theta_MC_100', 'ombh2', 'omch2', 'w', 'wa', 'beta_DE', 'tau'], ['logA', 'ns'])
[0 : mcmc] * 12 : (['A_planck'], ['calib_100T', 'calib_217T', 'A_cib_217', 'xi_sz_cib', 'A_sz', 'ksz_norm', 'gal545_A_100', 'gal545_A_143', 'gal545_A_143_217', 'gal545_A_217', 'ps_A_100_100', 'ps_A_143_143', 'ps_A_143_217', 'ps_A_217_217', 'galf_TE_A_100', 'galf_TE_A_100_143', 'galf_TE_A_100_217', 'galf_TE_A_143', 'galf_TE_A_143_217', 'galf_TE_A_217'])
[0 : mcmc] Covariance matrix from previous sample.
[0 : mcmc] Sampling!
[3 : mcmc] Progress @ 2025-02-13 13:19:45 : 1 steps taken, and 4834 accepted.
[0 : mcmc] Progress @ 2025-02-13 13:19:45 : 1 steps taken, and 4490 accepted.
[1 : mcmc] Progress @ 2025-02-13 13:20:30 : 1 steps taken, and 4702 accepted.
[2 : mcmc] Progress @ 2025-02-13 13:20:36 : 1 steps taken, and 4697 accepted.
[3 : mcmc] Progress @ 2025-02-13 13:20:53 : 6 steps taken, and 4834 accepted.
[0 : mcmc] Progress @ 2025-02-13 13:20:55 : 5 steps taken, and 4490 accepted.
[1 : mcmc] Progress @ 2025-02-13 13:21:52 : 4 steps taken, and 4703 accepted.
[2 : mcmc] Progress @ 2025-02-13 13:21:56 : 4 steps taken, and 4698 accepted.
[3 : mcmc] Progress @ 2025-02-13 13:22:07 : 9 steps taken, and 4834 accepted.
[0 : mcmc] Progress @ 2025-02-13 13:22:11 : 16 steps taken, and 4491 accepted.
[1 : mcmc] Progress @ 2025-02-13 13:22:54 : 7 steps taken, and 4705 accepted.
[3 : mcmc] Progress @ 2025-02-13 13:23:16 : 12 steps taken, and 4836 accepted.
[2 : mcmc] Progress @ 2025-02-13 13:23:19 : 9 steps taken, and 4700 accepted.
[0 : mcmc] Progress @ 2025-02-13 13:23:31 : 22 steps taken, and 4493 accepted.
[1 : mcmc] Progress @ 2025-02-13 13:24:18 : 10 steps taken, and 4707 accepted.
[3 : mcmc] Progress @ 2025-02-13 13:24:27 : 15 steps taken, and 4838 accepted.
[2 : mcmc] Progress @ 2025-02-13 13:24:30 : 12 steps taken, and 4701 accepted.
[0 : mcmc] Progress @ 2025-02-13 13:24:39 : 25 steps taken, and 4494 accepted.
[1 : mcmc] Progress @ 2025-02-13 13:25:39 : 13 steps taken, and 4707 accepted.
[0 : mcmc] Progress @ 2025-02-13 13:25:44 : 29 steps taken, and 4496 accepted.
[3 : mcmc] Progress @ 2025-02-13 13:25:50 : 18 steps taken, and 4839 accepted.
[2 : mcmc] Progress @ 2025-02-13 13:25:50 : 16 steps taken, and 4702 accepted.
[1 : mcmc] Progress @ 2025-02-13 13:26:50 : 16 steps taken, and 4707 accepted.
[0 : mcmc] Progress @ 2025-02-13 13:26:50 : 33 steps taken, and 4498 accepted.
[2 : mcmc] Progress @ 2025-02-13 13:27:10 : 19 steps taken, and 4702 accepted.
[3 : mcmc] Progress @ 2025-02-13 13:27:14 : 21 steps taken, and 4840 accepted.
[1 : mcmc] Progress @ 2025-02-13 13:28:03 : 19 steps taken, and 4707 accepted.
[0 : mcmc] Progress @ 2025-02-13 13:28:06 : 36 steps taken, and 4500 accepted.
[2 : mcmc] Progress @ 2025-02-13 13:28:19 : 23 steps taken, and 4704 accepted.
[3 : mcmc] Progress @ 2025-02-13 13:28:36 : 24 steps taken, and 4840 accepted.
[1 : mcmc] Progress @ 2025-02-13 13:29:06 : 23 steps taken, and 4707 accepted.
[0 : mcmc] Progress @ 2025-02-13 13:29:19 : 39 steps taken, and 4501 accepted.
[2 : mcmc] Progress @ 2025-02-13 13:29:27 : 26 steps taken, and 4705 accepted.
[3 : mcmc] Progress @ 2025-02-13 13:29:37 : 27 steps taken, and 4841 accepted.
[1 : mcmc] Progress @ 2025-02-13 13:30:09 : 26 steps taken, and 4707 accepted.
[0 : mcmc] Progress @ 2025-02-13 13:30:24 : 42 steps taken, and 4503 accepted.
[2 : mcmc] Progress @ 2025-02-13 13:30:46 : 31 steps taken, and 4706 accepted.
[3 : mcmc] Progress @ 2025-02-13 13:30:48 : 30 steps taken, and 4843 accepted.
[1 : mcmc] Progress @ 2025-02-13 13:31:19 : 29 steps taken, and 4707 accepted.
[0 : mcmc] Progress @ 2025-02-13 13:31:35 : 45 steps taken, and 4504 accepted.
[2 : mcmc] Progress @ 2025-02-13 13:31:57 : 36 steps taken, and 4707 accepted.
[3 : mcmc] Progress @ 2025-02-13 13:31:59 : 33 steps taken, and 4844 accepted.
[1 : mcmc] Progress @ 2025-02-13 13:32:41 : 32 steps taken, and 4707 accepted.
[0 : mcmc] Progress @ 2025-02-13 13:33:01 : 48 steps taken, and 4504 accepted.
[3 : mcmc] Progress @ 2025-02-13 13:33:16 : 36 steps taken, and 4844 accepted.
[2 : mcmc] Progress @ 2025-02-13 13:33:17 : 39 steps taken, and 4708 accepted.
[1 : mcmc] Progress @ 2025-02-13 13:33:53 : 35 steps taken, and 4708 accepted.
[0 : mcmc] Progress @ 2025-02-13 13:34:03 : 51 steps taken, and 4505 accepted.
[3 : mcmc] Progress @ 2025-02-13 13:34:29 : 39 steps taken, and 4846 accepted.
[2 : mcmc] Progress @ 2025-02-13 13:34:38 : 42 steps taken, and 4710 accepted.
[1 : mcmc] Progress @ 2025-02-13 13:35:14 : 38 steps taken, and 4708 accepted.
[0 : mcmc] Progress @ 2025-02-13 13:35:29 : 55 steps taken, and 4505 accepted.
[2 : mcmc] Progress @ 2025-02-13 13:35:49 : 46 steps taken, and 4713 accepted.
[3 : mcmc] Progress @ 2025-02-13 13:35:51 : 42 steps taken, and 4847 accepted.
[1 : mcmc] Progress @ 2025-02-13 13:36:37 : 41 steps taken, and 4709 accepted.
[0 : mcmc] Progress @ 2025-02-13 13:36:51 : 59 steps taken, and 4506 accepted.
[3 : mcmc] Progress @ 2025-02-13 13:37:05 : 45 steps taken, and 4849 accepted.
[2 : mcmc] Progress @ 2025-02-13 13:37:07 : 49 steps taken, and 4715 accepted.
[1 : mcmc] Progress @ 2025-02-13 13:37:38 : 44 steps taken, and 4711 accepted.
[0 : mcmc] Progress @ 2025-02-13 13:37:51 : 62 steps taken, and 4506 accepted.
[2 : mcmc] Progress @ 2025-02-13 13:38:11 : 54 steps taken, and 4716 accepted.
[3 : mcmc] Progress @ 2025-02-13 13:38:26 : 48 steps taken, and 4850 accepted.
[1 : mcmc] Progress @ 2025-02-13 13:39:02 : 47 steps taken, and 4714 accepted.
[0 : mcmc] Progress @ 2025-02-13 13:39:05 : 65 steps taken, and 4508 accepted.
[2 : mcmc] Progress @ 2025-02-13 13:39:31 : 58 steps taken, and 4717 accepted.
[3 : mcmc] Progress @ 2025-02-13 13:39:40 : 51 steps taken, and 4851 accepted.
[0 : mcmc] Progress @ 2025-02-13 13:40:05 : 67 steps taken, and 4509 accepted.
[1 : mcmc] Progress @ 2025-02-13 13:40:10 : 50 steps taken, and 4714 accepted.
[2 : mcmc] Progress @ 2025-02-13 13:40:38 : 61 steps taken, and 4720 accepted.
[3 : mcmc] Progress @ 2025-02-13 13:41:05 : 55 steps taken, and 4853 accepted.
[0 : mcmc] Progress @ 2025-02-13 13:41:16 : 70 steps taken, and 4509 accepted.
[1 : mcmc] Progress @ 2025-02-13 13:41:30 : 54 steps taken, and 4714 accepted.
[2 : mcmc] Progress @ 2025-02-13 13:41:50 : 64 steps taken, and 4721 accepted.
[3 : mcmc] Progress @ 2025-02-13 13:42:29 : 58 steps taken, and 4854 accepted.
[0 : mcmc] Progress @ 2025-02-13 13:42:29 : 75 steps taken, and 4510 accepted.
[1 : mcmc] Progress @ 2025-02-13 13:42:41 : 57 steps taken, and 4714 accepted.
[2 : mcmc] Progress @ 2025-02-13 13:43:14 : 67 steps taken, and 4721 accepted.
[3 : mcmc] Progress @ 2025-02-13 13:43:30 : 61 steps taken, and 4855 accepted.
[0 : mcmc] Progress @ 2025-02-13 13:43:54 : 78 steps taken, and 4510 accepted.
[1 : mcmc] Progress @ 2025-02-13 13:44:01 : 60 steps taken, and 4714 accepted.
[2 : mcmc] Progress @ 2025-02-13 13:44:15 : 70 steps taken, and 4722 accepted.
[3 : mcmc] Progress @ 2025-02-13 13:44:43 : 64 steps taken, and 4857 accepted.
[0 : mcmc] Progress @ 2025-02-13 13:45:06 : 81 steps taken, and 4512 accepted.
[2 : mcmc] Progress @ 2025-02-13 13:45:21 : 73 steps taken, and 4722 accepted.
[1 : mcmc] Progress @ 2025-02-13 13:45:24 : 65 steps taken, and 4715 accepted.
[3 : mcmc] Progress @ 2025-02-13 13:46:06 : 67 steps taken, and 4858 accepted.
[0 : mcmc] Progress @ 2025-02-13 13:46:15 : 84 steps taken, and 4512 accepted.
[2 : mcmc] Progress @ 2025-02-13 13:46:39 : 76 steps taken, and 4723 accepted.
[1 : mcmc] Progress @ 2025-02-13 13:46:46 : 68 steps taken, and 4715 accepted.
[3 : mcmc] Progress @ 2025-02-13 13:47:16 : 70 steps taken, and 4858 accepted.
[0 : mcmc] Progress @ 2025-02-13 13:47:27 : 87 steps taken, and 4514 accepted.
[2 : mcmc] Progress @ 2025-02-13 13:47:46 : 79 steps taken, and 4724 accepted.
[1 : mcmc] Progress @ 2025-02-13 13:48:02 : 71 steps taken, and 4718 accepted.
[3 : mcmc] Progress @ 2025-02-13 13:48:36 : 74 steps taken, and 4859 accepted.
[0 : mcmc] Progress @ 2025-02-13 13:48:44 : 92 steps taken, and 4514 accepted.
[2 : mcmc] Progress @ 2025-02-13 13:49:03 : 85 steps taken, and 4724 accepted.
[1 : mcmc] Progress @ 2025-02-13 13:49:18 : 74 steps taken, and 4719 accepted.
[0 : mcmc] Progress @ 2025-02-13 13:49:51 : 97 steps taken, and 4515 accepted.
[3 : mcmc] Progress @ 2025-02-13 13:49:52 : 77 steps taken, and 4861 accepted.
[2 : mcmc] Progress @ 2025-02-13 13:50:15 : 88 steps taken, and 4726 accepted.
[1 : mcmc] Progress @ 2025-02-13 13:50:42 : 77 steps taken, and 4719 accepted.
[0 : mcmc] Progress @ 2025-02-13 13:51:01 : 101 steps taken, and 4515 accepted.
[3 : mcmc] Progress @ 2025-02-13 13:51:19 : 81 steps taken, and 4863 accepted.
[2 : mcmc] Progress @ 2025-02-13 13:51:27 : 92 steps taken, and 4729 accepted.
[1 : mcmc] Progress @ 2025-02-13 13:52:02 : 80 steps taken, and 4720 accepted.
[0 : mcmc] Progress @ 2025-02-13 13:52:21 : 106 steps taken, and 4516 accepted.
[3 : mcmc] Progress @ 2025-02-13 13:52:31 : 84 steps taken, and 4863 accepted.
[2 : mcmc] Progress @ 2025-02-13 13:52:41 : 95 steps taken, and 4731 accepted.
[1 : mcmc] Progress @ 2025-02-13 13:53:11 : 83 steps taken, and 4722 accepted.
[3 : mcmc] Progress @ 2025-02-13 13:53:38 : 87 steps taken, and 4864 accepted.
[0 : mcmc] Progress @ 2025-02-13 13:53:46 : 113 steps taken, and 4516 accepted.
[2 : mcmc] Progress @ 2025-02-13 13:53:56 : 98 steps taken, and 4732 accepted.
[1 : mcmc] Progress @ 2025-02-13 13:54:31 : 87 steps taken, and 4724 accepted.
[0 : mcmc] Progress @ 2025-02-13 13:54:48 : 116 steps taken, and 4516 accepted.
[3 : mcmc] Progress @ 2025-02-13 13:54:54 : 93 steps taken, and 4865 accepted.
[2 : mcmc] Progress @ 2025-02-13 13:55:14 : 102 steps taken, and 4733 accepted.
[1 : mcmc] Progress @ 2025-02-13 13:55:32 : 90 steps taken, and 4724 accepted.
[0 : mcmc] Progress @ 2025-02-13 13:56:12 : 121 steps taken, and 4517 accepted.
[3 : mcmc] Progress @ 2025-02-13 13:56:13 : 96 steps taken, and 4867 accepted.
[2 : mcmc] Progress @ 2025-02-13 13:56:24 : 105 steps taken, and 4734 accepted.
[1 : mcmc] Progress @ 2025-02-13 13:56:47 : 93 steps taken, and 4725 accepted.
[2 : mcmc] Progress @ 2025-02-13 13:57:29 : 108 steps taken, and 4734 accepted.
[0 : mcmc] Progress @ 2025-02-13 13:57:34 : 125 steps taken, and 4517 accepted.
[3 : mcmc] Progress @ 2025-02-13 13:57:36 : 100 steps taken, and 4868 accepted.
[1 : mcmc] Progress @ 2025-02-13 13:58:00 : 96 steps taken, and 4727 accepted.
[0 : mcmc] Progress @ 2025-02-13 13:58:34 : 130 steps taken, and 4518 accepted.
[3 : mcmc] Progress @ 2025-02-13 13:58:47 : 103 steps taken, and 4870 accepted.
[2 : mcmc] Progress @ 2025-02-13 13:58:48 : 111 steps taken, and 4735 accepted.
[1 : mcmc] Progress @ 2025-02-13 13:59:19 : 99 steps taken, and 4727 accepted.
[0 : mcmc] Progress @ 2025-02-13 13:59:47 : 137 steps taken, and 4518 accepted.
[3 : mcmc] Progress @ 2025-02-13 13:59:50 : 108 steps taken, and 4872 accepted.
[2 : mcmc] Progress @ 2025-02-13 14:00:13 : 115 steps taken, and 4735 accepted.
[1 : mcmc] Progress @ 2025-02-13 14:00:42 : 103 steps taken, and 4728 accepted.
[3 : mcmc] Progress @ 2025-02-13 14:01:01 : 111 steps taken, and 4872 accepted.
[0 : mcmc] Progress @ 2025-02-13 14:01:06 : 143 steps taken, and 4518 accepted.
[2 : mcmc] Progress @ 2025-02-13 14:01:21 : 118 steps taken, and 4736 accepted.
[1 : mcmc] Progress @ 2025-02-13 14:01:51 : 106 steps taken, and 4730 accepted.
[0 : mcmc] Progress @ 2025-02-13 14:02:10 : 146 steps taken, and 4519 accepted.
[3 : mcmc] Progress @ 2025-02-13 14:02:23 : 115 steps taken, and 4874 accepted.
[2 : mcmc] Progress @ 2025-02-13 14:02:32 : 121 steps taken, and 4737 accepted.
[1 : mcmc] Progress @ 2025-02-13 14:03:11 : 109 steps taken, and 4731 accepted.
[0 : mcmc] Progress @ 2025-02-13 14:03:26 : 150 steps taken, and 4519 accepted.
[3 : mcmc] Progress @ 2025-02-13 14:03:29 : 118 steps taken, and 4875 accepted.
[2 : mcmc] Progress @ 2025-02-13 14:03:44 : 124 steps taken, and 4738 accepted.
[1 : mcmc] Progress @ 2025-02-13 14:04:35 : 115 steps taken, and 4731 accepted.
[0 : mcmc] Progress @ 2025-02-13 14:04:37 : 153 steps taken, and 4520 accepted.
[3 : mcmc] Progress @ 2025-02-13 14:04:50 : 122 steps taken, and 4878 accepted.
[2 : mcmc] Progress @ 2025-02-13 14:05:03 : 128 steps taken, and 4739 accepted.
[0 : mcmc] Progress @ 2025-02-13 14:05:40 : 156 steps taken, and 4523 accepted.
[1 : mcmc] Progress @ 2025-02-13 14:05:43 : 119 steps taken, and 4731 accepted.
[3 : mcmc] Progress @ 2025-02-13 14:06:01 : 126 steps taken, and 4879 accepted.
[2 : mcmc] Progress @ 2025-02-13 14:06:22 : 131 steps taken, and 4740 accepted.
 Warning: Integrate_Romberg failed to converge; 
 integral, error, tol:   13074.066689763966       -3.2193882781861305E-007   1.0000000000000001E-007
[0 : mcmc] Progress @ 2025-02-13 14:07:06 : 159 steps taken, and 4525 accepted.
[1 : mcmc] Progress @ 2025-02-13 14:07:10 : 125 steps taken, and 4732 accepted.
[3 : mcmc] Progress @ 2025-02-13 14:07:22 : 129 steps taken, and 4880 accepted.
[2 : mcmc] Progress @ 2025-02-13 14:07:43 : 134 steps taken, and 4743 accepted.
[1 : mcmc] Progress @ 2025-02-13 14:08:13 : 128 steps taken, and 4733 accepted.
[0 : mcmc] Progress @ 2025-02-13 14:08:17 : 164 steps taken, and 4526 accepted.
[3 : mcmc] Progress @ 2025-02-13 14:08:38 : 133 steps taken, and 4880 accepted.
[2 : mcmc] Progress @ 2025-02-13 14:08:50 : 137 steps taken, and 4743 accepted.
[0 : mcmc] Progress @ 2025-02-13 14:09:25 : 168 steps taken, and 4526 accepted.
[1 : mcmc] Progress @ 2025-02-13 14:09:37 : 132 steps taken, and 4735 accepted.
[3 : mcmc] Progress @ 2025-02-13 14:09:55 : 138 steps taken, and 4882 accepted.
[2 : mcmc] Progress @ 2025-02-13 14:10:09 : 141 steps taken, and 4743 accepted.
[0 : mcmc] Progress @ 2025-02-13 14:10:48 : 172 steps taken, and 4527 accepted.
[1 : mcmc] Progress @ 2025-02-13 14:10:49 : 135 steps taken, and 4736 accepted.
[2 : mcmc] Progress @ 2025-02-13 14:11:12 : 144 steps taken, and 4744 accepted.
[3 : mcmc] Progress @ 2025-02-13 14:11:18 : 142 steps taken, and 4884 accepted.
[1 : mcmc] Progress @ 2025-02-13 14:11:49 : 137 steps taken, and 4737 accepted.
[0 : mcmc] Progress @ 2025-02-13 14:11:56 : 175 steps taken, and 4528 accepted.
[2 : mcmc] Progress @ 2025-02-13 14:12:19 : 148 steps taken, and 4744 accepted.
[3 : mcmc] Progress @ 2025-02-13 14:12:35 : 145 steps taken, and 4884 accepted.
[1 : mcmc] Progress @ 2025-02-13 14:13:03 : 140 steps taken, and 4738 accepted.
[0 : mcmc] Progress @ 2025-02-13 14:13:21 : 179 steps taken, and 4530 accepted.
[2 : mcmc] Progress @ 2025-02-13 14:13:34 : 151 steps taken, and 4744 accepted.
[3 : mcmc] Progress @ 2025-02-13 14:13:38 : 148 steps taken, and 4884 accepted.
[1 : mcmc] Progress @ 2025-02-13 14:14:14 : 144 steps taken, and 4738 accepted.
[0 : mcmc] Progress @ 2025-02-13 14:14:21 : 182 steps taken, and 4530 accepted.
[2 : mcmc] Progress @ 2025-02-13 14:14:38 : 155 steps taken, and 4744 accepted.
[3 : mcmc] Progress @ 2025-02-13 14:14:47 : 151 steps taken, and 4885 accepted.
[0 : mcmc] Progress @ 2025-02-13 14:15:32 : 185 steps taken, and 4533 accepted.
[1 : mcmc] Progress @ 2025-02-13 14:15:39 : 147 steps taken, and 4739 accepted.
[2 : mcmc] Progress @ 2025-02-13 14:16:00 : 159 steps taken, and 4745 accepted.
[3 : mcmc] Progress @ 2025-02-13 14:16:08 : 154 steps taken, and 4888 accepted.
[1 : mcmc] Progress @ 2025-02-13 14:16:41 : 150 steps taken, and 4740 accepted.
[0 : mcmc] Progress @ 2025-02-13 14:16:51 : 189 steps taken, and 4534 accepted.
[3 : mcmc] Progress @ 2025-02-13 14:17:16 : 157 steps taken, and 4890 accepted.
[2 : mcmc] Progress @ 2025-02-13 14:17:17 : 162 steps taken, and 4746 accepted.
[0 : mcmc] Progress @ 2025-02-13 14:18:00 : 195 steps taken, and 4536 accepted.
[1 : mcmc] Progress @ 2025-02-13 14:18:04 : 153 steps taken, and 4740 accepted.
[3 : mcmc] Progress @ 2025-02-13 14:18:24 : 161 steps taken, and 4891 accepted.
[2 : mcmc] Progress @ 2025-02-13 14:18:36 : 166 steps taken, and 4746 accepted.
[0 : mcmc] Progress @ 2025-02-13 14:19:12 : 200 steps taken, and 4537 accepted.
[1 : mcmc] Progress @ 2025-02-13 14:19:26 : 156 steps taken, and 4742 accepted.
[3 : mcmc] Progress @ 2025-02-13 14:19:38 : 164 steps taken, and 4893 accepted.
[2 : mcmc] Progress @ 2025-02-13 14:19:42 : 170 steps taken, and 4747 accepted.
[1 : mcmc] Progress @ 2025-02-13 14:20:34 : 160 steps taken, and 4743 accepted.
[0 : mcmc] Progress @ 2025-02-13 14:20:34 : 203 steps taken, and 4537 accepted.
[3 : mcmc] Progress @ 2025-02-13 14:20:48 : 167 steps taken, and 4895 accepted.
[2 : mcmc] Progress @ 2025-02-13 14:21:07 : 173 steps taken, and 4748 accepted.
[1 : mcmc] Progress @ 2025-02-13 14:21:56 : 163 steps taken, and 4744 accepted.
[0 : mcmc] Progress @ 2025-02-13 14:22:01 : 209 steps taken, and 4540 accepted.
[3 : mcmc] Progress @ 2025-02-13 14:22:05 : 170 steps taken, and 4896 accepted.
[2 : mcmc] Progress @ 2025-02-13 14:22:29 : 177 steps taken, and 4748 accepted.
[3 : mcmc] Progress @ 2025-02-13 14:23:16 : 175 steps taken, and 4896 accepted.
[1 : mcmc] Progress @ 2025-02-13 14:23:18 : 166 steps taken, and 4744 accepted.
[0 : mcmc] Progress @ 2025-02-13 14:23:22 : 212 steps taken, and 4541 accepted.
[2 : mcmc] Progress @ 2025-02-13 14:23:57 : 182 steps taken, and 4750 accepted.
[1 : mcmc] Progress @ 2025-02-13 14:24:20 : 169 steps taken, and 4744 accepted.
[3 : mcmc] Progress @ 2025-02-13 14:24:26 : 178 steps taken, and 4898 accepted.
[0 : mcmc] Progress @ 2025-02-13 14:24:36 : 215 steps taken, and 4541 accepted.
[2 : mcmc] Progress @ 2025-02-13 14:25:06 : 185 steps taken, and 4752 accepted.
[1 : mcmc] Progress @ 2025-02-13 14:25:44 : 172 steps taken, and 4744 accepted.
[0 : mcmc] Progress @ 2025-02-13 14:25:49 : 218 steps taken, and 4543 accepted.
[3 : mcmc] Progress @ 2025-02-13 14:25:52 : 181 steps taken, and 4899 accepted.
[2 : mcmc] Progress @ 2025-02-13 14:26:23 : 189 steps taken, and 4753 accepted.
[0 : mcmc] Progress @ 2025-02-13 14:27:01 : 222 steps taken, and 4545 accepted.
[1 : mcmc] Progress @ 2025-02-13 14:27:02 : 176 steps taken, and 4745 accepted.
[3 : mcmc] Progress @ 2025-02-13 14:27:05 : 184 steps taken, and 4901 accepted.
[2 : mcmc] Progress @ 2025-02-13 14:27:35 : 193 steps taken, and 4755 accepted.
[0 : mcmc] Progress @ 2025-02-13 14:28:14 : 225 steps taken, and 4545 accepted.
[1 : mcmc] Progress @ 2025-02-13 14:28:15 : 179 steps taken, and 4746 accepted.
[3 : mcmc] Progress @ 2025-02-13 14:28:24 : 188 steps taken, and 4903 accepted.
[2 : mcmc] Progress @ 2025-02-13 14:28:55 : 196 steps taken, and 4756 accepted.
[0 : mcmc] Progress @ 2025-02-13 14:29:35 : 230 steps taken, and 4546 accepted.
[3 : mcmc] Progress @ 2025-02-13 14:29:35 : 192 steps taken, and 4904 accepted.
[1 : mcmc] Progress @ 2025-02-13 14:29:41 : 182 steps taken, and 4746 accepted.
[2 : mcmc] Progress @ 2025-02-13 14:30:06 : 200 steps taken, and 4756 accepted.
[0 : mcmc] Progress @ 2025-02-13 14:30:48 : 233 steps taken, and 4546 accepted.
[1 : mcmc] Progress @ 2025-02-13 14:30:54 : 185 steps taken, and 4749 accepted.
[3 : mcmc] Progress @ 2025-02-13 14:30:56 : 197 steps taken, and 4904 accepted.
[2 : mcmc] Progress @ 2025-02-13 14:31:16 : 204 steps taken, and 4759 accepted.
[0 : mcmc] Progress @ 2025-02-13 14:31:58 : 237 steps taken, and 4547 accepted.
[1 : mcmc] Progress @ 2025-02-13 14:32:07 : 189 steps taken, and 4749 accepted.
[3 : mcmc] Progress @ 2025-02-13 14:32:09 : 202 steps taken, and 4906 accepted.
[2 : mcmc] Progress @ 2025-02-13 14:32:29 : 207 steps taken, and 4759 accepted.
[0 : mcmc] Progress @ 2025-02-13 14:33:12 : 240 steps taken, and 4548 accepted.
[3 : mcmc] Progress @ 2025-02-13 14:33:23 : 205 steps taken, and 4908 accepted.
[1 : mcmc] Progress @ 2025-02-13 14:33:27 : 194 steps taken, and 4751 accepted.
[2 : mcmc] Progress @ 2025-02-13 14:33:42 : 211 steps taken, and 4759 accepted.
[0 : mcmc] Progress @ 2025-02-13 14:34:19 : 245 steps taken, and 4549 accepted.
[3 : mcmc] Progress @ 2025-02-13 14:34:41 : 208 steps taken, and 4910 accepted.
[1 : mcmc] Progress @ 2025-02-13 14:34:53 : 197 steps taken, and 4751 accepted.
[2 : mcmc] Progress @ 2025-02-13 14:34:54 : 215 steps taken, and 4759 accepted.
[0 : mcmc] Progress @ 2025-02-13 14:35:40 : 249 steps taken, and 4551 accepted.
[3 : mcmc] Progress @ 2025-02-13 14:35:47 : 211 steps taken, and 4910 accepted.
[2 : mcmc] Progress @ 2025-02-13 14:35:55 : 221 steps taken, and 4760 accepted.
[1 : mcmc] Progress @ 2025-02-13 14:36:06 : 200 steps taken, and 4751 accepted.
[3 : mcmc] Progress @ 2025-02-13 14:36:52 : 215 steps taken, and 4910 accepted.
[0 : mcmc] Progress @ 2025-02-13 14:37:05 : 253 steps taken, and 4551 accepted.
[2 : mcmc] Progress @ 2025-02-13 14:37:18 : 225 steps taken, and 4761 accepted.
[1 : mcmc] Progress @ 2025-02-13 14:37:20 : 204 steps taken, and 4753 accepted.
[3 : mcmc] Progress @ 2025-02-13 14:38:12 : 218 steps taken, and 4911 accepted.
[1 : mcmc] Progress @ 2025-02-13 14:38:30 : 208 steps taken, and 4756 accepted.
[0 : mcmc] Progress @ 2025-02-13 14:38:30 : 256 steps taken, and 4551 accepted.
[2 : mcmc] Progress @ 2025-02-13 14:38:41 : 228 steps taken, and 4762 accepted.
[3 : mcmc] Progress @ 2025-02-13 14:39:19 : 221 steps taken, and 4913 accepted.
[0 : mcmc] Progress @ 2025-02-13 14:39:38 : 259 steps taken, and 4553 accepted.
[1 : mcmc] Progress @ 2025-02-13 14:39:43 : 211 steps taken, and 4758 accepted.
[2 : mcmc] Progress @ 2025-02-13 14:39:53 : 233 steps taken, and 4764 accepted.
[3 : mcmc] Progress @ 2025-02-13 14:40:38 : 224 steps taken, and 4915 accepted.
[0 : mcmc] Progress @ 2025-02-13 14:40:53 : 263 steps taken, and 4554 accepted.
[1 : mcmc] Progress @ 2025-02-13 14:40:59 : 214 steps taken, and 4759 accepted.
[2 : mcmc] Progress @ 2025-02-13 14:41:07 : 236 steps taken, and 4765 accepted.
[3 : mcmc] Progress @ 2025-02-13 14:42:02 : 228 steps taken, and 4917 accepted.
[0 : mcmc] Progress @ 2025-02-13 14:42:09 : 266 steps taken, and 4555 accepted.
[1 : mcmc] Progress @ 2025-02-13 14:42:20 : 217 steps taken, and 4761 accepted.
[2 : mcmc] Progress @ 2025-02-13 14:42:29 : 239 steps taken, and 4767 accepted.
[0 : mcmc] Progress @ 2025-02-13 14:43:11 : 272 steps taken, and 4557 accepted.
[3 : mcmc] Progress @ 2025-02-13 14:43:22 : 231 steps taken, and 4919 accepted.
[2 : mcmc] Progress @ 2025-02-13 14:43:31 : 243 steps taken, and 4770 accepted.
[1 : mcmc] Progress @ 2025-02-13 14:43:44 : 220 steps taken, and 4762 accepted.
[0 : mcmc] Progress @ 2025-02-13 14:44:20 : 275 steps taken, and 4557 accepted.
[2 : mcmc] Progress @ 2025-02-13 14:44:37 : 246 steps taken, and 4771 accepted.
[3 : mcmc] Progress @ 2025-02-13 14:44:38 : 236 steps taken, and 4921 accepted.
[1 : mcmc] Progress @ 2025-02-13 14:44:57 : 224 steps taken, and 4763 accepted.
[0 : mcmc] Progress @ 2025-02-13 14:45:25 : 278 steps taken, and 4557 accepted.
[2 : mcmc] Progress @ 2025-02-13 14:45:48 : 249 steps taken, and 4772 accepted.
[3 : mcmc] Progress @ 2025-02-13 14:46:01 : 239 steps taken, and 4921 accepted.
[1 : mcmc] Progress @ 2025-02-13 14:46:10 : 227 steps taken, and 4764 accepted.
[0 : mcmc] Progress @ 2025-02-13 14:46:34 : 282 steps taken, and 4558 accepted.
[2 : mcmc] Progress @ 2025-02-13 14:47:09 : 252 steps taken, and 4773 accepted.
[1 : mcmc] Progress @ 2025-02-13 14:47:11 : 231 steps taken, and 4765 accepted.
[3 : mcmc] Progress @ 2025-02-13 14:47:26 : 242 steps taken, and 4921 accepted.
[0 : mcmc] Progress @ 2025-02-13 14:47:57 : 285 steps taken, and 4559 accepted.
[2 : mcmc] Progress @ 2025-02-13 14:48:10 : 255 steps taken, and 4774 accepted.
[1 : mcmc] Progress @ 2025-02-13 14:48:34 : 234 steps taken, and 4767 accepted.
[3 : mcmc] Progress @ 2025-02-13 14:48:46 : 245 steps taken, and 4922 accepted.
[0 : mcmc] Progress @ 2025-02-13 14:49:06 : 290 steps taken, and 4560 accepted.
[2 : mcmc] Progress @ 2025-02-13 14:49:35 : 258 steps taken, and 4774 accepted.
[1 : mcmc] Progress @ 2025-02-13 14:49:42 : 237 steps taken, and 4768 accepted.
[node122:10083:0:10179] Caught signal 11 (Segmentation fault: address not mapped to object at address 0xfffffffc05f950a8)
BFD: DWARF error: can't find .debug_ranges section.
BFD: DWARF error: can't find .debug_ranges section.
==== backtrace (tid:  10179) ====
 0 0x0000000000021563 ucs_debug_print_backtrace()  /dev/shm/UCX/1.8.0/GCCcore-9.3.0/ucx-1.8.0/src/ucs/debug/debug.c:653
 1 0x0000000000039f63 __massivenu_MOD_thermalnubackground_rho()  ???:0
 2 0x000000000003da49 __results_MOD_grho_no_de()  ???:0
 3 0x00000000000a5f01 dtauda_()  ???:0
 4 0x000000000004cfdc __results_MOD_thermo_init._omp_fn.0()  results.f90:0
 5 0x0000000000018f09 gomp_thread_start()  team.c:0
 6 0x0000000000007ea5 start_thread()  pthread_create.c:0
 7 0x00000000000feb0d __clone()  ???:0
=================================
[node122:10083] *** Process received signal ***
[node122:10083] Signal: Segmentation fault (11)
[node122:10083] Signal code:  (-6)
[node122:10083] Failing at address: 0x8cfb800002763
[node122:10083] [ 0] /lib64/libpthread.so.0(+0xf630)[0x7efc4ba92630]
[node122:10083] [ 1] /users/smp24dhl/cosmo/code/CAMB_beta/camb/camblib.so(__massivenu_MOD_thermalnubackground_rho+0x63)[0x7efc10b82f63]
[node122:10083] [ 2] /users/smp24dhl/cosmo/code/CAMB_beta/camb/camblib.so(__results_MOD_grho_no_de+0xc9)[0x7efc10b86a49]
[node122:10083] [ 3] /users/smp24dhl/cosmo/code/CAMB_beta/camb/camblib.so(dtauda_+0x61)[0x7efc10beef01]
[node122:10083] [ 4] /users/smp24dhl/cosmo/code/CAMB_beta/camb/camblib.so(+0x4cfdc)[0x7efc10b95fdc]
[node122:10083] [ 5] /users/smp24dhl/.conda/envs/cosmos/bin/../lib/libgomp.so.1(+0x18f09)[0x7efc10b22f09]
[node122:10083] [ 6] /lib64/libpthread.so.0(+0x7ea5)[0x7efc4ba8aea5]
[node122:10083] [ 7] /lib64/libc.so.6(clone+0x6d)[0x7efc4b0aab0d]
[node122:10083] *** End of error message ***
--------------------------------------------------------------------------
Primary job  terminated normally, but 1 process returned
a non-zero exit code. Per user-direction, the job has been aborted.
--------------------------------------------------------------------------
--------------------------------------------------------------------------
mpirun noticed that process rank 1 with PID 10083 on node node122 exited on signal 11 (Segmentation fault).
--------------------------------------------------------------------------
