[0 : output] Output to be read-from/written-into folder 'chains', with prefix 'full'
[0 : output] Found existing info files with the requested output prefix: 'chains/full'
[0 : output] Let's try to resume/load.
[0 : output] Found an old sample. Resuming.
[0 : prior] *WARNING* External prior 'SZ' loaded. Mind that it might not be normalized!
[0 : camb] `camb` module loaded successfully from /users/smp24dhl/cosmo/code/CAMB_beta/camb
[0 : planck_2018_highl_plik.ttteee] `clik` module loaded successfully from /users/smp24dhl/cosmo/code/planck/clik/lib/python3.9/site-packages/clik
----
clik version clik_16.0b1-2-g63c889f3aa9c MAKEFILE
  smica
----
clik version clik_16.0b1-2-g63c889f3aa9c MAKEFILE
  smica
----
clik version clik_16.0b1-2-g63c889f3aa9c MAKEFILE
  smica
----
clik version clik_16.0b1-2-g63c889f3aa9c MAKEFILE
  smica
Checking likelihood '/users/smp24dhl/cosmo/data/planck_2018/baseline/plc_3.0/hi_l/plik/plik_rd12_HM_v22b_TTTEEE.clik' on test data. got -1172.47 expected -1172.47 (diff -4.34055e-07)
----
Checking likelihood '/users/smp24dhl/cosmo/data/planck_2018/baseline/plc_3.0/hi_l/plik/plik_rd12_HM_v22b_TTTEEE.clik' on test data. got -1172.47 expected -1172.47 (diff -4.34055e-07)
----
Checking likelihood '/users/smp24dhl/cosmo/data/planck_2018/baseline/plc_3.0/hi_l/plik/plik_rd12_HM_v22b_TTTEEE.clik' on test data. got -1172.47 expected -1172.47 (diff -4.34055e-07)
----
Checking likelihood '/users/smp24dhl/cosmo/data/planck_2018/baseline/plc_3.0/hi_l/plik/plik_rd12_HM_v22b_TTTEEE.clik' on test data. got -1172.47 expected -1172.47 (diff -4.34055e-07)
----
[0 : planck_2018_lensing.clik] `clik` module loaded successfully from /users/smp24dhl/cosmo/code/planck/clik/lib/python3.9/site-packages/clik
Checking lensing likelihood '/users/smp24dhl/cosmo/data/planck_2018/baseline/plc_3.0/lensing/smicadx12_Dec5_ftl_mv2_ndclpp_p_teb_consext8.clik_lensing' on test data. got -4.42102
Checking lensing likelihood '/users/smp24dhl/cosmo/data/planck_2018/baseline/plc_3.0/lensing/smicadx12_Dec5_ftl_mv2_ndclpp_p_teb_consext8.clik_lensing' on test data. got -4.42102
Checking lensing likelihood '/users/smp24dhl/cosmo/data/planck_2018/baseline/plc_3.0/lensing/smicadx12_Dec5_ftl_mv2_ndclpp_p_teb_consext8.clik_lensing' on test data. got -4.42102
Checking lensing likelihood '/users/smp24dhl/cosmo/data/planck_2018/baseline/plc_3.0/lensing/smicadx12_Dec5_ftl_mv2_ndclpp_p_teb_consext8.clik_lensing' on test data. got -4.42102
[0 : mcmc] Resuming from previous sample!
[3 : samplecollection] Loaded 1774 sample points from 'chains/full.4.txt'
[1 : samplecollection] Loaded 1843 sample points from 'chains/full.2.txt'
[2 : samplecollection] Loaded 2791 sample points from 'chains/full.3.txt'
[0 : samplecollection] Loaded 2834 sample points from 'chains/full.1.txt'
[3 : mcmc] Initial point: logA:3.020917, ns:0.9660874, theta_MC_100:1.040939, ombh2:0.02248159, omch2:0.1182919, w:-1.002579, wa:-1.937455, beta_DE:0.7950969, tau:0.04436891, A_planck:1.001885, calib_100T:0.9991808, calib_217T:0.9985133, A_cib_217:47.81865, xi_sz_cib:0.7372242, A_sz:4.297361, ksz_norm:8.394566, gal545_A_100:9.569663, gal545_A_143:9.862682, gal545_A_143_217:16.66217, gal545_A_217:91.40861, ps_A_100_100:237.1935, ps_A_143_143:42.87948, ps_A_143_217:40.88271, ps_A_217_217:109.4952, galf_TE_A_100:0.1592725, galf_TE_A_100_143:0.1307384, galf_TE_A_100_217:0.5384713, galf_TE_A_143:0.1693944, galf_TE_A_143_217:0.8171893, galf_TE_A_217:2.277822
[0 : mcmc] Initial point: logA:3.043683, ns:0.9711845, theta_MC_100:1.040857, ombh2:0.02236056, omch2:0.1187687, w:-1.221275, wa:-0.5819267, beta_DE:-0.739969, tau:0.05509868, A_planck:1.001542, calib_100T:0.9982331, calib_217T:0.9987996, A_cib_217:44.39014, xi_sz_cib:0.5603698, A_sz:5.72972, ksz_norm:2.191671, gal545_A_100:7.765828, gal545_A_143:12.36271, gal545_A_143_217:21.40259, gal545_A_217:98.49817, ps_A_100_100:222.3889, ps_A_143_143:42.64001, ps_A_143_217:42.37369, ps_A_217_217:118.9443, galf_TE_A_100:0.1584089, galf_TE_A_100_143:0.1920552, galf_TE_A_100_217:0.4770484, galf_TE_A_143:0.2137822, galf_TE_A_143_217:0.5315741, galf_TE_A_217:1.752397
[1 : mcmc] Initial point: logA:3.027878, ns:0.9695413, theta_MC_100:1.0409, ombh2:0.02244259, omch2:0.1178278, w:-1.793502, wa:-0.2143664, beta_DE:-1.56267, tau:0.04908384, A_planck:0.9995207, calib_100T:0.9991503, calib_217T:0.9971327, A_cib_217:42.85378, xi_sz_cib:0.1996053, A_sz:3.839015, ksz_norm:4.380856, gal545_A_100:9.968598, gal545_A_143:9.671166, gal545_A_143_217:12.47659, gal545_A_217:84.58554, ps_A_100_100:213.5911, ps_A_143_143:46.38622, ps_A_143_217:36.26347, ps_A_217_217:118.9037, galf_TE_A_100:0.1155265, galf_TE_A_100_143:0.1239263, galf_TE_A_100_217:0.5268941, galf_TE_A_143:0.2370207, galf_TE_A_143_217:0.6615851, galf_TE_A_217:2.009186
[2 : mcmc] Initial point: logA:3.047906, ns:0.9733757, theta_MC_100:1.041183, ombh2:0.02256086, omch2:0.1187055, w:-1.849458, wa:-0.1383939, beta_DE:-1.135382, tau:0.05995926, A_planck:0.9997987, calib_100T:0.9992968, calib_217T:0.9982205, A_cib_217:41.5984, xi_sz_cib:0.1848125, A_sz:5.457905, ksz_norm:5.040199, gal545_A_100:12.13566, gal545_A_143:14.25295, gal545_A_143_217:21.8207, gal545_A_217:100.8581, ps_A_100_100:248.1503, ps_A_143_143:32.18816, ps_A_143_217:23.86379, ps_A_217_217:112.6943, galf_TE_A_100:0.0860144, galf_TE_A_100_143:0.1157431, galf_TE_A_100_217:0.5336022, galf_TE_A_143:0.2746761, galf_TE_A_143_217:0.5769033, galf_TE_A_217:2.073323
[0 : mcmc] *WARNING* Parameter blocking manually/previously fixed: speeds will not be measured.
[0 : mcmc] Dragging with number of interpolating steps:
[0 : mcmc] *  1 : (['theta_MC_100', 'ombh2', 'omch2', 'w', 'wa', 'beta_DE', 'tau'], ['logA', 'ns'])
[0 : mcmc] * 14 : (['A_planck'], ['calib_100T', 'calib_217T', 'A_cib_217', 'xi_sz_cib', 'A_sz', 'ksz_norm', 'gal545_A_100', 'gal545_A_143', 'gal545_A_143_217', 'gal545_A_217', 'ps_A_100_100', 'ps_A_143_143', 'ps_A_143_217', 'ps_A_217_217', 'galf_TE_A_100', 'galf_TE_A_100_143', 'galf_TE_A_100_217', 'galf_TE_A_143', 'galf_TE_A_143_217', 'galf_TE_A_217'])
[0 : mcmc] Covariance matrix from previous sample.
[0 : mcmc] Sampling!
[2 : mcmc] Progress @ 2024-12-21 18:30:30 : 1 steps taken, and 2791 accepted.
[1 : mcmc] Progress @ 2024-12-21 18:30:30 : 1 steps taken, and 1843 accepted.
[3 : mcmc] Progress @ 2024-12-21 18:30:34 : 1 steps taken, and 1774 accepted.
[0 : mcmc] Progress @ 2024-12-21 18:30:35 : 1 steps taken, and 2834 accepted.
[2 : mcmc] Progress @ 2024-12-21 18:31:30 : 27 steps taken, and 2797 accepted.
[1 : mcmc] Progress @ 2024-12-21 18:31:31 : 31 steps taken, and 1848 accepted.
[3 : mcmc] Progress @ 2024-12-21 18:31:35 : 22 steps taken, and 1784 accepted.
[0 : mcmc] Progress @ 2024-12-21 18:31:36 : 24 steps taken, and 2841 accepted.
[2 : mcmc] Progress @ 2024-12-21 18:32:31 : 65 steps taken, and 2809 accepted.
[1 : mcmc] Progress @ 2024-12-21 18:32:32 : 63 steps taken, and 1860 accepted.
[0 : mcmc] Progress @ 2024-12-21 18:32:36 : 42 steps taken, and 2847 accepted.
[3 : mcmc] Progress @ 2024-12-21 18:32:39 : 43 steps taken, and 1792 accepted.
[2 : mcmc] Progress @ 2024-12-21 18:33:31 : 105 steps taken, and 2818 accepted.
[1 : mcmc] Progress @ 2024-12-21 18:33:34 : 84 steps taken, and 1873 accepted.
[0 : mcmc] Progress @ 2024-12-21 18:33:37 : 65 steps taken, and 2854 accepted.
[3 : mcmc] Progress @ 2024-12-21 18:33:42 : 64 steps taken, and 1798 accepted.
[3 : mcmc] Learn + convergence test @ 1800 samples accepted.
[3 : mcmc] Ready to check convergence and learn a new proposal covmat (waiting for the rest...)
[node102:20172:0:20264] Caught signal 11 (Segmentation fault: address not mapped to object at address 0xfffffffc057b6718)
BFD: DWARF error: can't find .debug_ranges section.
BFD: DWARF error: can't find .debug_ranges section.
==== backtrace (tid:  20264) ====
 0 0x0000000000021563 ucs_debug_print_backtrace()  /dev/shm/UCX/1.8.0/GCCcore-9.3.0/ucx-1.8.0/src/ucs/debug/debug.c:653
 1 0x0000000000039f63 __massivenu_MOD_thermalnubackground_rho()  ???:0
 2 0x000000000003da49 __results_MOD_grho_no_de()  ???:0
 3 0x00000000000a5f01 dtauda_()  ???:0
 4 0x000000000004cfdc __results_MOD_thermo_init._omp_fn.0()  results.f90:0
 5 0x0000000000018f09 gomp_thread_start()  team.c:0
 6 0x0000000000007ea5 start_thread()  pthread_create.c:0
 7 0x00000000000feb0d __clone()  ???:0
=================================
[node102:20172] *** Process received signal ***
[node102:20172] Signal: Segmentation fault (11)
[node102:20172] Signal code:  (-6)
[node102:20172] Failing at address: 0x8cfb800004ecc
[node102:20172] [ 0] /lib64/libpthread.so.0(+0xf630)[0x7f695fb43630]
[node102:20172] [ 1] /users/smp24dhl/cosmo/code/CAMB_beta/camb/camblib.so(__massivenu_MOD_thermalnubackground_rho+0x63)[0x7f6902c01f63]
[node102:20172] [ 2] /users/smp24dhl/cosmo/code/CAMB_beta/camb/camblib.so(__results_MOD_grho_no_de+0xc9)[0x7f6902c05a49]
[node102:20172] [ 3] /users/smp24dhl/cosmo/code/CAMB_beta/camb/camblib.so(dtauda_+0x61)[0x7f6902c6df01]
[node102:20172] [ 4] /users/smp24dhl/cosmo/code/CAMB_beta/camb/camblib.so(+0x4cfdc)[0x7f6902c14fdc]
[node102:20172] [ 5] /users/smp24dhl/.conda/envs/cosmos/bin/../lib/libgomp.so.1(+0x18f09)[0x7f6902ba1f09]
[node102:20172] [ 6] /lib64/libpthread.so.0(+0x7ea5)[0x7f695fb3bea5]
[node102:20172] [ 7] /lib64/libc.so.6(clone+0x6d)[0x7f695f15bb0d]
[node102:20172] *** End of error message ***
--------------------------------------------------------------------------
Primary job  terminated normally, but 1 process returned
a non-zero exit code. Per user-direction, the job has been aborted.
--------------------------------------------------------------------------
--------------------------------------------------------------------------
mpirun noticed that process rank 0 with PID 20172 on node node102 exited on signal 11 (Segmentation fault).
--------------------------------------------------------------------------
