[0 : output] Output to be read-from/written-into folder 'chains', with prefix 'PlanckLensing'
[0 : output] Found existing info files with the requested output prefix: 'chains/PlanckLensing'
[0 : output] Let's try to resume/load.
[0 : output] Found an old sample. Resuming.
[0 : prior] *WARNING* External prior 'SZ' loaded. Mind that it might not be normalized!

libgomp: Invalid value for environment variable OMP_NUM_THREADS: 

libgomp: 
libgomp: Invalid value for environment variable OMP_NUM_THREADS: 
Invalid value for environment variable OMP_NUM_THREADS: 

libgomp: Invalid value for environment variable OMP_NUM_THREADS: 
[0 : camb] `camb` module loaded successfully from /users/smp24dhl/cosmo/code/CAMB_beta/camb
[0 : planck_2018_highl_plik.ttteee] `clik` module loaded successfully from /users/smp24dhl/cosmo/code/planck/clik/lib/python3.9/site-packages/clik
----
clik version clik_16.0b1-2-g63c889f3aa9c MAKEFILE
  smica
Checking likelihood '/users/smp24dhl/cosmo/data/planck_2018/baseline/plc_3.0/hi_l/plik/plik_rd12_HM_v22b_TTTEEE.clik' on test data. got -1172.47 expected -1172.47 (diff -4.34054e-07)
----
Loading ACT DR6 lensing likelihood v1.2...
----
clik version clik_16.0b1-2-g63c889f3aa9c MAKEFILE
  smica
----
clik version clik_16.0b1-2-g63c889f3aa9c MAKEFILE
  smica
----
clik version clik_16.0b1-2-g63c889f3aa9c MAKEFILE
  smica
Checking likelihood '/users/smp24dhl/cosmo/data/planck_2018/baseline/plc_3.0/hi_l/plik/plik_rd12_HM_v22b_TTTEEE.clik' on test data. got -1172.47 expected -1172.47 (diff -4.34054e-07)
----
Loading ACT DR6 lensing likelihood v1.2...
Checking likelihood '/users/smp24dhl/cosmo/data/planck_2018/baseline/plc_3.0/hi_l/plik/plik_rd12_HM_v22b_TTTEEE.clik' on test data. got -1172.47 expected -1172.47 (diff -4.34054e-07)
----
Loading ACT DR6 lensing likelihood v1.2...
Checking likelihood '/users/smp24dhl/cosmo/data/planck_2018/baseline/plc_3.0/hi_l/plik/plik_rd12_HM_v22b_TTTEEE.clik' on test data. got -1172.47 expected -1172.47 (diff -4.34054e-07)
----
Loading ACT DR6 lensing likelihood v1.2...
/users/smp24dhl/cosmo/code/act_dr6_lenslike/act_dr6_lenslike/act_dr6_lenslike.py:416: UserWarning: Hartlap correction to cinv: 0.949874686716792
  warnings.warn(f"Hartlap correction to cinv: {hartlap_correction}")
[0 : mcmc] Resuming from previous sample!
/users/smp24dhl/cosmo/code/act_dr6_lenslike/act_dr6_lenslike/act_dr6_lenslike.py:416: UserWarning: Hartlap correction to cinv: 0.949874686716792
  warnings.warn(f"Hartlap correction to cinv: {hartlap_correction}")
/users/smp24dhl/cosmo/code/act_dr6_lenslike/act_dr6_lenslike/act_dr6_lenslike.py:416: UserWarning: Hartlap correction to cinv: 0.949874686716792
  warnings.warn(f"Hartlap correction to cinv: {hartlap_correction}")
/users/smp24dhl/cosmo/code/act_dr6_lenslike/act_dr6_lenslike/act_dr6_lenslike.py:416: UserWarning: Hartlap correction to cinv: 0.949874686716792
  warnings.warn(f"Hartlap correction to cinv: {hartlap_correction}")
[2 : samplecollection] Loaded 31 sample points from 'chains/PlanckLensing.3.txt'
[3 : samplecollection] Loaded 28 sample points from 'chains/PlanckLensing.4.txt'
[1 : samplecollection] Loaded 28 sample points from 'chains/PlanckLensing.2.txt'
[0 : samplecollection] Loaded 29 sample points from 'chains/PlanckLensing.1.txt'
[3 : mcmc] Initial point: logA:3.031817, ns:0.9682997, theta_MC_100:1.041441, ombh2:0.02242992, omch2:0.1184822, w:-0.963375, wa:-2.531785, beta_DE:1.121669, tau:0.04943171, A_planck:1.002123, calib_100T:1.000195, calib_217T:0.9970454, A_cib_217:51.29257, xi_sz_cib:0.6004325, A_sz:7.641455, ksz_norm:2.701057, gal545_A_100:9.879275, gal545_A_143:14.77774, gal545_A_143_217:23.81388, gal545_A_217:97.3632, ps_A_100_100:274.7787, ps_A_143_143:42.06191, ps_A_143_217:46.75044, ps_A_217_217:109.8988, galf_TE_A_100:0.1359885, galf_TE_A_100_143:0.1522533, galf_TE_A_100_217:0.4547063, galf_TE_A_143:0.2371888, galf_TE_A_143_217:0.544965, galf_TE_A_217:1.51133
[1 : mcmc] Initial point: logA:3.037056, ns:0.9693385, theta_MC_100:1.04145, ombh2:0.02256214, omch2:0.1184829, w:-1.301305, wa:-1.869254, beta_DE:0.08588145, tau:0.05498806, A_planck:0.9988876, calib_100T:0.9999451, calib_217T:0.9981469, A_cib_217:49.46892, xi_sz_cib:0.03618359, A_sz:5.789422, ksz_norm:2.721197, gal545_A_100:11.11017, gal545_A_143:11.23563, gal545_A_143_217:20.5799, gal545_A_217:93.16963, ps_A_100_100:242.1011, ps_A_143_143:40.74858, ps_A_143_217:30.27383, ps_A_217_217:113.6847, galf_TE_A_100:0.1585618, galf_TE_A_100_143:0.120622, galf_TE_A_100_217:0.5250745, galf_TE_A_143:0.1630711, galf_TE_A_143_217:0.5617975, galf_TE_A_217:1.94598
[2 : mcmc] Initial point: logA:3.024639, ns:0.9512084, theta_MC_100:1.041129, ombh2:0.02213736, omch2:0.1238355, w:-0.4502306, wa:-1.385697, beta_DE:2.332567, tau:0.03736942, A_planck:0.9995842, calib_100T:0.9986613, calib_217T:0.9986584, A_cib_217:88.74282, xi_sz_cib:0.01362187, A_sz:6.384104, ksz_norm:3.19722, gal545_A_100:9.268077, gal545_A_143:9.90406, gal545_A_143_217:11.49289, gal545_A_217:78.21277, ps_A_100_100:289.4875, ps_A_143_143:37.63636, ps_A_143_217:20.24603, ps_A_217_217:60.85556, galf_TE_A_100:0.01932348, galf_TE_A_100_143:0.1425584, galf_TE_A_100_217:0.6263519, galf_TE_A_143:0.2306358, galf_TE_A_143_217:0.741631, galf_TE_A_217:2.518909
[0 : mcmc] Initial point: logA:3.038184, ns:0.9687115, theta_MC_100:1.041662, ombh2:0.02266849, omch2:0.118706, w:-0.518596, wa:-1.674736, beta_DE:-0.5693064, tau:0.04883751, A_planck:1.002791, calib_100T:1.001289, calib_217T:0.9987964, A_cib_217:47.85444, xi_sz_cib:0.06674382, A_sz:5.43586, ksz_norm:2.421796, gal545_A_100:11.4064, gal545_A_143:9.035161, gal545_A_143_217:16.81008, gal545_A_217:94.86556, ps_A_100_100:284.636, ps_A_143_143:43.35917, ps_A_143_217:34.92719, ps_A_217_217:111.5926, galf_TE_A_100:0.1941683, galf_TE_A_100_143:0.1368415, galf_TE_A_100_217:0.3957315, galf_TE_A_143:0.1656948, galf_TE_A_143_217:0.6937736, galf_TE_A_217:1.668768
[0 : mcmc] *WARNING* Parameter blocking manually/previously fixed: speeds will not be measured.
[0 : mcmc] Dragging with number of interpolating steps:
[0 : mcmc] *  1 : (['theta_MC_100', 'ombh2', 'omch2', 'w', 'wa', 'beta_DE', 'tau'], ['logA', 'ns'])
[0 : mcmc] * 12 : (['A_planck'], ['calib_100T', 'calib_217T', 'A_cib_217', 'xi_sz_cib', 'A_sz', 'ksz_norm', 'gal545_A_100', 'gal545_A_143', 'gal545_A_143_217', 'gal545_A_217', 'ps_A_100_100', 'ps_A_143_143', 'ps_A_143_217', 'ps_A_217_217', 'galf_TE_A_100', 'galf_TE_A_100_143', 'galf_TE_A_100_217', 'galf_TE_A_143', 'galf_TE_A_143_217', 'galf_TE_A_217'])
[0 : mcmc] Covariance matrix from previous sample.
[0 : mcmc] Sampling!
[1 : mcmc] Progress @ 2025-02-15 18:43:10 : 1 steps taken, and 28 accepted.
[2 : mcmc] Progress @ 2025-02-15 18:43:39 : 1 steps taken, and 31 accepted.
[0 : mcmc] Progress @ 2025-02-15 18:43:41 : 1 steps taken, and 29 accepted.
[3 : mcmc] Progress @ 2025-02-15 18:43:54 : 1 steps taken, and 28 accepted.
[1 : mcmc] Progress @ 2025-02-15 18:44:10 : 3 steps taken, and 28 accepted.
[2 : mcmc] Progress @ 2025-02-15 18:44:42 : 8 steps taken, and 31 accepted.
[0 : mcmc] Progress @ 2025-02-15 18:44:42 : 7 steps taken, and 32 accepted.
[3 : mcmc] Progress @ 2025-02-15 18:45:04 : 7 steps taken, and 29 accepted.
[1 : mcmc] Progress @ 2025-02-15 18:45:19 : 9 steps taken, and 29 accepted.
[node025:35566:0:35622] Caught signal 11 (Segmentation fault: address not mapped to object at address 0xfffffffc055a12d8)
BFD: DWARF error: can't find .debug_ranges section.
BFD: DWARF error: can't find .debug_ranges section.
==== backtrace (tid:  35622) ====
 0 0x0000000000021563 ucs_debug_print_backtrace()  /dev/shm/UCX/1.8.0/GCCcore-9.3.0/ucx-1.8.0/src/ucs/debug/debug.c:653
 1 0x0000000000039f63 __massivenu_MOD_thermalnubackground_rho()  ???:0
 2 0x000000000003da49 __results_MOD_grho_no_de()  ???:0
 3 0x00000000000a5f01 dtauda_()  ???:0
 4 0x000000000004cfdc __results_MOD_thermo_init._omp_fn.0()  results.f90:0
 5 0x0000000000018f09 gomp_thread_start()  team.c:0
 6 0x0000000000007ea5 start_thread()  pthread_create.c:0
 7 0x00000000000feb0d __clone()  ???:0
=================================
[node025:35566] *** Process received signal ***
[node025:35566] Signal: Segmentation fault (11)
[node025:35566] Signal code:  (-6)
[node025:35566] Failing at address: 0x8cfb800008aee
[node025:35566] [ 0] /lib64/libpthread.so.0(+0xf630)[0x7f7da6eb6630]
[node025:35566] [ 1] /users/smp24dhl/cosmo/code/CAMB_beta/camb/camblib.so(__massivenu_MOD_thermalnubackground_rho+0x63)[0x7f7d747aff63]
[node025:35566] [ 2] /users/smp24dhl/cosmo/code/CAMB_beta/camb/camblib.so(__results_MOD_grho_no_de+0xc9)[0x7f7d747b3a49]
[node025:35566] [ 3] /users/smp24dhl/cosmo/code/CAMB_beta/camb/camblib.so(dtauda_+0x61)[0x7f7d7481bf01]
[node025:35566] [ 4] /users/smp24dhl/cosmo/code/CAMB_beta/camb/camblib.so(+0x4cfdc)[0x7f7d747c2fdc]
[node025:35566] [ 5] /users/smp24dhl/.conda/envs/cosmos/bin/../lib/libgomp.so.1(+0x18f09)[0x7f7d7474ff09]
[node025:35566] [ 6] /lib64/libpthread.so.0(+0x7ea5)[0x7f7da6eaeea5]
[node025:35566] [ 7] /lib64/libc.so.6(clone+0x6d)[0x7f7da64ceb0d]
[node025:35566] *** End of error message ***
--------------------------------------------------------------------------
Primary job  terminated normally, but 1 process returned
a non-zero exit code. Per user-direction, the job has been aborted.
--------------------------------------------------------------------------
--------------------------------------------------------------------------
mpirun noticed that process rank 1 with PID 35566 on node node025 exited on signal 11 (Segmentation fault).
--------------------------------------------------------------------------
