R-1 = 0.018103922159620107
H_0 = 76\pm 10
w_{0,\mathrm{DE}} = -0.87^{+0.47}_{-0.80}
w_{a,\mathrm{DE}} < -0.386
\beta_{\mathrm{DE}} > 0.186
triangle plot saved at ./chains/outputs/ACTWMAP_triangle.png
parameters saved at ./chains/outputs/ACTWMAP_parameters.txt
chain not converged
--------------------------------------------------------------------------
No components were able to be opened in the pml framework.

This typically means that either no components of this type were
installed, or none of the installed components can be loaded.
Sometimes this means that shared libraries required by these
components are unable to be found/loaded.

  Host:      node142
  Framework: pml
--------------------------------------------------------------------------
[node142.pri.stanage.alces.network:23064] PML cm cannot be selected
[node142.pri.stanage.alces.network:23063] PML cm cannot be selected
[node142.pri.stanage.alces.network:23062] PML cm cannot be selected
[node142.pri.stanage.alces.network:23061] PML cm cannot be selected
[node142.pri.stanage.alces.network:23057] 3 more processes have sent help message help-mca-base.txt / find-available:none found
[node142.pri.stanage.alces.network:23057] Set MCA parameter "orte_base_help_aggregate" to 0 to see all help / error messages
R-1 = 0.018103922159620107
H_0 = 76\pm 10
w_{0,\mathrm{DE}} = -0.87^{+0.47}_{-0.80}
w_{a,\mathrm{DE}} < -0.386
\beta_{\mathrm{DE}} > 0.186
triangle plot saved at ./chains/outputs/ACTWMAP_triangle.png
parameters saved at ./chains/outputs/ACTWMAP_parameters.txt
chain not converged
--------------------------------------------------------------------------
No components were able to be opened in the pml framework.

This typically means that either no components of this type were
installed, or none of the installed components can be loaded.
Sometimes this means that shared libraries required by these
components are unable to be found/loaded.

  Host:      node142
  Framework: pml
--------------------------------------------------------------------------
[node142.pri.stanage.alces.network:23163] PML cm cannot be selected
[node142.pri.stanage.alces.network:23161] PML cm cannot be selected
[node142.pri.stanage.alces.network:23162] PML cm cannot be selected
[node142.pri.stanage.alces.network:23164] PML cm cannot be selected
[node142.pri.stanage.alces.network:23157] 3 more processes have sent help message help-mca-base.txt / find-available:none found
[node142.pri.stanage.alces.network:23157] Set MCA parameter "orte_base_help_aggregate" to 0 to see all help / error messages
R-1 = 0.018103922159620107
H_0 = 76\pm 10
w_{0,\mathrm{DE}} = -0.87^{+0.47}_{-0.80}
w_{a,\mathrm{DE}} < -0.386
\beta_{\mathrm{DE}} > 0.186
triangle plot saved at ./chains/outputs/ACTWMAP_triangle.png
parameters saved at ./chains/outputs/ACTWMAP_parameters.txt
chain not converged
--------------------------------------------------------------------------
No components were able to be opened in the pml framework.

This typically means that either no components of this type were
installed, or none of the installed components can be loaded.
Sometimes this means that shared libraries required by these
components are unable to be found/loaded.

  Host:      node142
  Framework: pml
--------------------------------------------------------------------------
[node142.pri.stanage.alces.network:23282] PML cm cannot be selected
[node142.pri.stanage.alces.network:23277] 3 more processes have sent help message help-mca-base.txt / find-available:none found
[node142.pri.stanage.alces.network:23277] Set MCA parameter "orte_base_help_aggregate" to 0 to see all help / error messages
R-1 = 0.018103922159620107
H_0 = 76\pm 10
w_{0,\mathrm{DE}} = -0.87^{+0.47}_{-0.80}
w_{a,\mathrm{DE}} < -0.386
\beta_{\mathrm{DE}} > 0.186
triangle plot saved at ./chains/outputs/ACTWMAP_triangle.png
parameters saved at ./chains/outputs/ACTWMAP_parameters.txt
chain not converged
--------------------------------------------------------------------------
No components were able to be opened in the pml framework.

This typically means that either no components of this type were
installed, or none of the installed components can be loaded.
Sometimes this means that shared libraries required by these
components are unable to be found/loaded.

  Host:      node142
  Framework: pml
--------------------------------------------------------------------------
[node142.pri.stanage.alces.network:23436] PML cm cannot be selected
[node142.pri.stanage.alces.network:23431] 3 more processes have sent help message help-mca-base.txt / find-available:none found
[node142.pri.stanage.alces.network:23431] Set MCA parameter "orte_base_help_aggregate" to 0 to see all help / error messages
R-1 = 0.018103922159620107
H_0 = 76\pm 10
w_{0,\mathrm{DE}} = -0.87^{+0.47}_{-0.80}
w_{a,\mathrm{DE}} < -0.386
\beta_{\mathrm{DE}} > 0.186
triangle plot saved at ./chains/outputs/ACTWMAP_triangle.png
parameters saved at ./chains/outputs/ACTWMAP_parameters.txt
chain not converged
--------------------------------------------------------------------------
No components were able to be opened in the pml framework.

This typically means that either no components of this type were
installed, or none of the installed components can be loaded.
Sometimes this means that shared libraries required by these
components are unable to be found/loaded.

  Host:      node142
  Framework: pml
--------------------------------------------------------------------------
[node142.pri.stanage.alces.network:23535] PML cm cannot be selected
[node142.pri.stanage.alces.network:23538] PML cm cannot be selected
[node142.pri.stanage.alces.network:23537] PML cm cannot be selected
[node142.pri.stanage.alces.network:23536] PML cm cannot be selected
[node142.pri.stanage.alces.network:23531] 3 more processes have sent help message help-mca-base.txt / find-available:none found
[node142.pri.stanage.alces.network:23531] Set MCA parameter "orte_base_help_aggregate" to 0 to see all help / error messages
R-1 = 0.018103922159620107
H_0 = 76\pm 10
w_{0,\mathrm{DE}} = -0.87^{+0.47}_{-0.80}
w_{a,\mathrm{DE}} < -0.386
\beta_{\mathrm{DE}} > 0.186
triangle plot saved at ./chains/outputs/ACTWMAP_triangle.png
parameters saved at ./chains/outputs/ACTWMAP_parameters.txt
chain not converged
--------------------------------------------------------------------------
No components were able to be opened in the pml framework.

This typically means that either no components of this type were
installed, or none of the installed components can be loaded.
Sometimes this means that shared libraries required by these
components are unable to be found/loaded.

  Host:      node142
  Framework: pml
--------------------------------------------------------------------------
[node142.pri.stanage.alces.network:23636] PML cm cannot be selected
[node142.pri.stanage.alces.network:23637] PML cm cannot be selected
[node142.pri.stanage.alces.network:23639] PML cm cannot be selected
[node142.pri.stanage.alces.network:23638] PML cm cannot be selected
[node142.pri.stanage.alces.network:23632] 3 more processes have sent help message help-mca-base.txt / find-available:none found
[node142.pri.stanage.alces.network:23632] Set MCA parameter "orte_base_help_aggregate" to 0 to see all help / error messages
R-1 = 0.018103922159620107
H_0 = 76\pm 10
w_{0,\mathrm{DE}} = -0.87^{+0.47}_{-0.80}
w_{a,\mathrm{DE}} < -0.386
\beta_{\mathrm{DE}} > 0.186
triangle plot saved at ./chains/outputs/ACTWMAP_triangle.png
parameters saved at ./chains/outputs/ACTWMAP_parameters.txt
chain not converged
--------------------------------------------------------------------------
No components were able to be opened in the pml framework.

This typically means that either no components of this type were
installed, or none of the installed components can be loaded.
Sometimes this means that shared libraries required by these
components are unable to be found/loaded.

  Host:      node142
  Framework: pml
--------------------------------------------------------------------------
[node142.pri.stanage.alces.network:23737] PML cm cannot be selected
R-1 = 0.018103922159620107
H_0 = 76\pm 10
w_{0,\mathrm{DE}} = -0.87^{+0.47}_{-0.80}
w_{a,\mathrm{DE}} < -0.386
\beta_{\mathrm{DE}} > 0.186
triangle plot saved at ./chains/outputs/ACTWMAP_triangle.png
parameters saved at ./chains/outputs/ACTWMAP_parameters.txt
chain not converged
--------------------------------------------------------------------------
No components were able to be opened in the pml framework.

This typically means that either no components of this type were
installed, or none of the installed components can be loaded.
Sometimes this means that shared libraries required by these
components are unable to be found/loaded.

  Host:      node142
  Framework: pml
--------------------------------------------------------------------------
[node142.pri.stanage.alces.network:23841] PML cm cannot be selected
[node142.pri.stanage.alces.network:23838] PML cm cannot be selected
[node142.pri.stanage.alces.network:23839] PML cm cannot be selected
[node142.pri.stanage.alces.network:23842] PML cm cannot be selected
[node142.pri.stanage.alces.network:23834] 3 more processes have sent help message help-mca-base.txt / find-available:none found
[node142.pri.stanage.alces.network:23834] Set MCA parameter "orte_base_help_aggregate" to 0 to see all help / error messages
R-1 = 0.018103922159620107
H_0 = 76\pm 10
w_{0,\mathrm{DE}} = -0.87^{+0.47}_{-0.80}
w_{a,\mathrm{DE}} < -0.386
\beta_{\mathrm{DE}} > 0.186
triangle plot saved at ./chains/outputs/ACTWMAP_triangle.png
parameters saved at ./chains/outputs/ACTWMAP_parameters.txt
chain not converged
--------------------------------------------------------------------------
No components were able to be opened in the pml framework.

This typically means that either no components of this type were
installed, or none of the installed components can be loaded.
Sometimes this means that shared libraries required by these
components are unable to be found/loaded.

  Host:      node142
  Framework: pml
--------------------------------------------------------------------------
[node142.pri.stanage.alces.network:23942] PML cm cannot be selected
[node142.pri.stanage.alces.network:23939] PML cm cannot be selected
[node142.pri.stanage.alces.network:23940] PML cm cannot be selected
[node142.pri.stanage.alces.network:23941] PML cm cannot be selected
[node142.pri.stanage.alces.network:23935] 3 more processes have sent help message help-mca-base.txt / find-available:none found
[node142.pri.stanage.alces.network:23935] Set MCA parameter "orte_base_help_aggregate" to 0 to see all help / error messages
R-1 = 0.018103922159620107
H_0 = 76\pm 10
w_{0,\mathrm{DE}} = -0.87^{+0.47}_{-0.80}
w_{a,\mathrm{DE}} < -0.386
\beta_{\mathrm{DE}} > 0.186
triangle plot saved at ./chains/outputs/ACTWMAP_triangle.png
parameters saved at ./chains/outputs/ACTWMAP_parameters.txt
chain not converged
--------------------------------------------------------------------------
No components were able to be opened in the pml framework.

This typically means that either no components of this type were
installed, or none of the installed components can be loaded.
Sometimes this means that shared libraries required by these
components are unable to be found/loaded.

  Host:      node142
  Framework: pml
--------------------------------------------------------------------------
[node142.pri.stanage.alces.network:24039] PML cm cannot be selected
[node142.pri.stanage.alces.network:24035] 3 more processes have sent help message help-mca-base.txt / find-available:none found
[node142.pri.stanage.alces.network:24035] Set MCA parameter "orte_base_help_aggregate" to 0 to see all help / error messages
R-1 = 0.018103922159620107
H_0 = 76\pm 10
w_{0,\mathrm{DE}} = -0.87^{+0.47}_{-0.80}
w_{a,\mathrm{DE}} < -0.386
\beta_{\mathrm{DE}} > 0.186
triangle plot saved at ./chains/outputs/ACTWMAP_triangle.png
parameters saved at ./chains/outputs/ACTWMAP_parameters.txt
chain not converged
--------------------------------------------------------------------------
No components were able to be opened in the pml framework.

This typically means that either no components of this type were
installed, or none of the installed components can be loaded.
Sometimes this means that shared libraries required by these
components are unable to be found/loaded.

  Host:      node142
  Framework: pml
--------------------------------------------------------------------------
[node142.pri.stanage.alces.network:24142] PML cm cannot be selected
[node142.pri.stanage.alces.network:24139] PML cm cannot be selected
[node142.pri.stanage.alces.network:24140] PML cm cannot be selected
[node142.pri.stanage.alces.network:24141] PML cm cannot be selected
[node142.pri.stanage.alces.network:24135] 3 more processes have sent help message help-mca-base.txt / find-available:none found
[node142.pri.stanage.alces.network:24135] Set MCA parameter "orte_base_help_aggregate" to 0 to see all help / error messages
R-1 = 0.018103922159620107
H_0 = 76\pm 10
w_{0,\mathrm{DE}} = -0.87^{+0.47}_{-0.80}
w_{a,\mathrm{DE}} < -0.386
\beta_{\mathrm{DE}} > 0.186
triangle plot saved at ./chains/outputs/ACTWMAP_triangle.png
parameters saved at ./chains/outputs/ACTWMAP_parameters.txt
chain not converged
--------------------------------------------------------------------------
No components were able to be opened in the pml framework.

This typically means that either no components of this type were
installed, or none of the installed components can be loaded.
Sometimes this means that shared libraries required by these
components are unable to be found/loaded.

  Host:      node142
  Framework: pml
--------------------------------------------------------------------------
[node142.pri.stanage.alces.network:24240] PML cm cannot be selected
[node142.pri.stanage.alces.network:24242] PML cm cannot be selected
[node142.pri.stanage.alces.network:24241] PML cm cannot be selected
[node142.pri.stanage.alces.network:24239] PML cm cannot be selected
[node142.pri.stanage.alces.network:24235] 3 more processes have sent help message help-mca-base.txt / find-available:none found
[node142.pri.stanage.alces.network:24235] Set MCA parameter "orte_base_help_aggregate" to 0 to see all help / error messages
R-1 = 0.018103922159620107
H_0 = 76\pm 10
w_{0,\mathrm{DE}} = -0.87^{+0.47}_{-0.80}
w_{a,\mathrm{DE}} < -0.386
\beta_{\mathrm{DE}} > 0.186
triangle plot saved at ./chains/outputs/ACTWMAP_triangle.png
parameters saved at ./chains/outputs/ACTWMAP_parameters.txt
chain not converged
--------------------------------------------------------------------------
No components were able to be opened in the pml framework.

This typically means that either no components of this type were
installed, or none of the installed components can be loaded.
Sometimes this means that shared libraries required by these
components are unable to be found/loaded.

  Host:      node142
  Framework: pml
--------------------------------------------------------------------------
[node142.pri.stanage.alces.network:24342] PML cm cannot be selected
[node142.pri.stanage.alces.network:24339] PML cm cannot be selected
[node142.pri.stanage.alces.network:24340] PML cm cannot be selected
[node142.pri.stanage.alces.network:24341] PML cm cannot be selected
[node142.pri.stanage.alces.network:24335] 3 more processes have sent help message help-mca-base.txt / find-available:none found
[node142.pri.stanage.alces.network:24335] Set MCA parameter "orte_base_help_aggregate" to 0 to see all help / error messages
R-1 = 0.018103922159620107
H_0 = 76\pm 10
w_{0,\mathrm{DE}} = -0.87^{+0.47}_{-0.80}
w_{a,\mathrm{DE}} < -0.386
\beta_{\mathrm{DE}} > 0.186
triangle plot saved at ./chains/outputs/ACTWMAP_triangle.png
parameters saved at ./chains/outputs/ACTWMAP_parameters.txt
chain not converged
slurmstepd: error: *** JOB 5486623 ON node142 CANCELLED AT 2025-02-23T21:58:55 ***
