./chains/PlanckLensingDESIPantheon.3.txt
./chains/PlanckLensingDESIPantheon.1.txt
./chains/PlanckLensingDESIPantheon.2.txt
./chains/PlanckLensingDESIPantheon.4.txt
Removed 0.3 as burn in
R-1 = 0.04319677304037709
H_0 = 67.97\pm 0.72
w_{0,\mathrm{DE}} = -0.815^{+0.075}_{-0.087}
w_{a,\mathrm{DE}} = -1.14^{+0.97}_{-0.52}
\beta_{\mathrm{DE}} = 2.7\pm 3.0
triangle plot saved at ./chains/outputs/PlanckLensingDESIPantheon_triangle.png
parameters saved at ./chains/outputs/PlanckLensingDESIPantheon_parameters.txt
chain not converged
[0 : output] Output to be read-from/written-into folder 'chains', with prefix 'PlanckLensingDESIPantheon'
[0 : output] Found existing info files with the requested output prefix: 'chains/PlanckLensingDESIPantheon'
[0 : output] Let's try to resume/load.
[0 : output] Found an old sample. Resuming.
[0 : prior] *WARNING* External prior 'SZ' loaded. Mind that it might not be normalized!
[0 : camb] `camb` module loaded successfully from /users/smp24dhl/cosmo/code/CAMB_beta/camb
[0 : planck_2018_highl_plik.ttteee] `clik` module loaded successfully from /users/smp24dhl/cosmo/code/planck/clik/lib/python3.9/site-packages/clik
----
clik version clik_16.0b1-2-g63c889f3aa9c MAKEFILE
  smica
----
clik version clik_16.0b1-2-g63c889f3aa9c MAKEFILE
  smica
----
clik version clik_16.0b1-2-g63c889f3aa9c MAKEFILE
  smica
----
clik version clik_16.0b1-2-g63c889f3aa9c MAKEFILE
  smica
Checking likelihood '/users/smp24dhl/cosmo/data/planck_2018/baseline/plc_3.0/hi_l/plik/plik_rd12_HM_v22b_TTTEEE.clik' on test data. got -1172.47 expected -1172.47 (diff -4.34054e-07)
----
Checking likelihood '/users/smp24dhl/cosmo/data/planck_2018/baseline/plc_3.0/hi_l/plik/plik_rd12_HM_v22b_TTTEEE.clik' on test data. got -1172.47 expected -1172.47 (diff -4.34054e-07)
----
Loading ACT DR6 lensing likelihood v1.2...
Loading ACT DR6 lensing likelihood v1.2...
Checking likelihood '/users/smp24dhl/cosmo/data/planck_2018/baseline/plc_3.0/hi_l/plik/plik_rd12_HM_v22b_TTTEEE.clik' on test data. got -1172.47 expected -1172.47 (diff -4.34054e-07)
----
Loading ACT DR6 lensing likelihood v1.2...
Checking likelihood '/users/smp24dhl/cosmo/data/planck_2018/baseline/plc_3.0/hi_l/plik/plik_rd12_HM_v22b_TTTEEE.clik' on test data. got -1172.47 expected -1172.47 (diff -4.34054e-07)
----
Loading ACT DR6 lensing likelihood v1.2...
/users/smp24dhl/cosmo/code/act_dr6_lenslike/act_dr6_lenslike/act_dr6_lenslike.py:416: UserWarning: Hartlap correction to cinv: 0.949874686716792
  warnings.warn(f"Hartlap correction to cinv: {hartlap_correction}")
/users/smp24dhl/cosmo/code/act_dr6_lenslike/act_dr6_lenslike/act_dr6_lenslike.py:416: UserWarning: Hartlap correction to cinv: 0.949874686716792
  warnings.warn(f"Hartlap correction to cinv: {hartlap_correction}")
/users/smp24dhl/cosmo/code/act_dr6_lenslike/act_dr6_lenslike/act_dr6_lenslike.py:416: UserWarning: Hartlap correction to cinv: 0.949874686716792
  warnings.warn(f"Hartlap correction to cinv: {hartlap_correction}")
/users/smp24dhl/cosmo/code/act_dr6_lenslike/act_dr6_lenslike/act_dr6_lenslike.py:416: UserWarning: Hartlap correction to cinv: 0.949874686716792
  warnings.warn(f"Hartlap correction to cinv: {hartlap_correction}")
[0 : bao.desi_2024_bao_all] Initialized.
[2 : bao.desi_2024_bao_all] Initialized.
[3 : bao.desi_2024_bao_all] Initialized.
[1 : bao.desi_2024_bao_all] Initialized.
[0 : mcmc] Resuming from previous sample!
[2 : samplecollection] Loaded 14179 sample points from 'chains/PlanckLensingDESIPantheon.3.txt'
[0 : samplecollection] Loaded 14467 sample points from 'chains/PlanckLensingDESIPantheon.1.txt'
[1 : samplecollection] Loaded 16936 sample points from 'chains/PlanckLensingDESIPantheon.2.txt'
[3 : samplecollection] Loaded 16926 sample points from 'chains/PlanckLensingDESIPantheon.4.txt'
[3 : mcmc] Initial point: logA:3.046199, ns:0.9634009, theta_MC_100:1.040893, ombh2:0.02244752, omch2:0.1187264, w:-0.7306264, wa:-1.943428, beta_DE:4.342385, tau:0.05723335, A_planck:0.9995774, calib_100T:0.9990795, calib_217T:0.9978235, A_cib_217:42.10309, xi_sz_cib:0.8862347, A_sz:4.85421, ksz_norm:6.289214, gal545_A_100:6.620551, gal545_A_143:12.07835, gal545_A_143_217:19.55496, gal545_A_217:94.81693, ps_A_100_100:285.6258, ps_A_143_143:44.45748, ps_A_143_217:41.54638, ps_A_217_217:118.1529, galf_TE_A_100:0.1293597, galf_TE_A_100_143:0.1504419, galf_TE_A_100_217:0.4263475, galf_TE_A_143:0.1938939, galf_TE_A_143_217:0.6927001, galf_TE_A_217:2.459891
[1 : mcmc] Initial point: logA:3.047229, ns:0.9688126, theta_MC_100:1.04113, ombh2:0.02241185, omch2:0.1182481, w:-0.7955232, wa:-1.673873, beta_DE:4.030652, tau:0.05630651, A_planck:1.002806, calib_100T:0.9996412, calib_217T:0.9984577, A_cib_217:52.36504, xi_sz_cib:0.4241531, A_sz:4.744464, ksz_norm:1.920695, gal545_A_100:11.87189, gal545_A_143:12.36035, gal545_A_143_217:21.75142, gal545_A_217:95.70675, ps_A_100_100:265.9025, ps_A_143_143:54.46912, ps_A_143_217:43.8559, ps_A_217_217:112.879, galf_TE_A_100:0.09788471, galf_TE_A_100_143:0.1445773, galf_TE_A_100_217:0.366357, galf_TE_A_143:0.30325, galf_TE_A_143_217:0.6863093, galf_TE_A_217:2.269964
[0 : mcmc] Initial point: logA:3.043742, ns:0.9777409, theta_MC_100:1.041019, ombh2:0.02264252, omch2:0.1155474, w:-0.8405083, wa:-0.7096285, beta_DE:3.646558, tau:0.05710237, A_planck:1.003141, calib_100T:0.9996696, calib_217T:0.99893, A_cib_217:57.01002, xi_sz_cib:0.6899856, A_sz:8.298065, ksz_norm:1.138957, gal545_A_100:9.418924, gal545_A_143:9.994853, gal545_A_143_217:16.85825, gal545_A_217:86.33429, ps_A_100_100:220.2565, ps_A_143_143:44.48104, ps_A_143_217:49.35332, ps_A_217_217:99.42353, galf_TE_A_100:0.1247093, galf_TE_A_100_143:0.1682596, galf_TE_A_100_217:0.3690216, galf_TE_A_143:0.2101247, galf_TE_A_143_217:0.6439205, galf_TE_A_217:1.973765
[2 : mcmc] Initial point: logA:3.070352, ns:0.9685927, theta_MC_100:1.041321, ombh2:0.02240883, omch2:0.1180737, w:-0.949657, wa:-0.36321, beta_DE:2.192373, tau:0.06758695, A_planck:1.002479, calib_100T:0.9995937, calib_217T:0.9988696, A_cib_217:48.91392, xi_sz_cib:0.1617791, A_sz:4.859359, ksz_norm:2.944459, gal545_A_100:10.24587, gal545_A_143:9.192543, gal545_A_143_217:18.85314, gal545_A_217:96.10869, ps_A_100_100:265.7951, ps_A_143_143:43.87949, ps_A_143_217:35.41045, ps_A_217_217:116.7381, galf_TE_A_100:0.1420486, galf_TE_A_100_143:0.1354866, galf_TE_A_100_217:0.5424425, galf_TE_A_143:0.2371724, galf_TE_A_143_217:0.557793, galf_TE_A_217:2.00696
[0 : mcmc] *WARNING* Parameter blocking manually/previously fixed: speeds will not be measured.
[0 : mcmc] Dragging with number of interpolating steps:
[0 : mcmc] *  1 : (['theta_MC_100', 'ombh2', 'omch2', 'w', 'wa', 'beta_DE', 'tau'], ['logA', 'ns'])
[0 : mcmc] * 19 : (['A_planck'], ['calib_100T', 'calib_217T', 'A_cib_217', 'xi_sz_cib', 'A_sz', 'ksz_norm', 'gal545_A_100', 'gal545_A_143', 'gal545_A_143_217', 'gal545_A_217', 'ps_A_100_100', 'ps_A_143_143', 'ps_A_143_217', 'ps_A_217_217', 'galf_TE_A_100', 'galf_TE_A_100_143', 'galf_TE_A_100_217', 'galf_TE_A_143', 'galf_TE_A_143_217', 'galf_TE_A_217'])
[0 : mcmc] Covariance matrix from previous sample.
[0 : mcmc] Sampling!
[2 : mcmc] Progress @ 2025-03-03 13:19:51 : 1 steps taken, and 14179 accepted.
[3 : mcmc] Progress @ 2025-03-03 13:19:52 : 1 steps taken, and 16926 accepted.
[1 : mcmc] Progress @ 2025-03-03 13:19:52 : 1 steps taken, and 16936 accepted.
[0 : mcmc] Progress @ 2025-03-03 13:19:52 : 1 steps taken, and 14467 accepted.
[2 : mcmc] Progress @ 2025-03-03 13:20:54 : 14 steps taken, and 14179 accepted.
[1 : mcmc] Progress @ 2025-03-03 13:20:55 : 11 steps taken, and 16937 accepted.
[0 : mcmc] Progress @ 2025-03-03 13:20:59 : 11 steps taken, and 14472 accepted.
[3 : mcmc] Progress @ 2025-03-03 13:20:59 : 10 steps taken, and 16927 accepted.
