[0 : output] Output to be read-from/written-into folder 'chains', with prefix 'act-full'
[0 : output] Found existing info files with the requested output prefix: 'chains/act-full'
[0 : output] Let's try to resume/load.
[0 : output] Found an old sample. Resuming.
[0 : prior] *WARNING* External prior 'SZ' loaded. Mind that it might not be normalized!

libgomp: Invalid value for environment variable OMP_NUM_THREADS: 

libgomp: Invalid value for environment variable OMP_NUM_THREADS: 

libgomp: Invalid value for environment variable OMP_NUM_THREADS: 

libgomp: Invalid value for environment variable OMP_NUM_THREADS: 
[0 : camb] `camb` module loaded successfully from /users/smp24dhl/cosmo/code/CAMB_beta/camb
[0 : planck_2018_highl_plik.ttteee] `clik` module loaded successfully from /users/smp24dhl/cosmo/code/planck/clik/lib/python3.9/site-packages/clik
----
clik version clik_16.0b1-2-g63c889f3aa9c MAKEFILE
  smica
----
clik version clik_16.0b1-2-g63c889f3aa9c MAKEFILE
  smica
----
clik version clik_16.0b1-2-g63c889f3aa9c MAKEFILE
  smica
----
clik version clik_16.0b1-2-g63c889f3aa9c MAKEFILE
  smica
Checking likelihood '/users/smp24dhl/cosmo/data/planck_2018/baseline/plc_3.0/hi_l/plik/plik_rd12_HM_v22b_TTTEEE.clik' on test data. got -1172.47 expected -1172.47 (diff -4.34057e-07)
----
Loading ACT DR6 lensing likelihood v1.2...
Checking likelihood '/users/smp24dhl/cosmo/data/planck_2018/baseline/plc_3.0/hi_l/plik/plik_rd12_HM_v22b_TTTEEE.clik' on test data. got -1172.47 expected -1172.47 (diff -4.34057e-07)
----
Loading ACT DR6 lensing likelihood v1.2...
Checking likelihood '/users/smp24dhl/cosmo/data/planck_2018/baseline/plc_3.0/hi_l/plik/plik_rd12_HM_v22b_TTTEEE.clik' on test data. got -1172.47 expected -1172.47 (diff -4.34057e-07)
----
Loading ACT DR6 lensing likelihood v1.2...
Checking likelihood '/users/smp24dhl/cosmo/data/planck_2018/baseline/plc_3.0/hi_l/plik/plik_rd12_HM_v22b_TTTEEE.clik' on test data. got -1172.47 expected -1172.47 (diff -4.34056e-07)
----
Loading ACT DR6 lensing likelihood v1.2...
/users/smp24dhl/cosmo/code/act_dr6_lenslike/act_dr6_lenslike/act_dr6_lenslike.py:416: UserWarning: Hartlap correction to cinv: 0.949874686716792
  warnings.warn(f"Hartlap correction to cinv: {hartlap_correction}")
[2 : bao.desi_2024_bao_all] Initialized.
/users/smp24dhl/cosmo/code/act_dr6_lenslike/act_dr6_lenslike/act_dr6_lenslike.py:416: UserWarning: Hartlap correction to cinv: 0.949874686716792
  warnings.warn(f"Hartlap correction to cinv: {hartlap_correction}")
[0 : bao.desi_2024_bao_all] Initialized.
/users/smp24dhl/cosmo/code/act_dr6_lenslike/act_dr6_lenslike/act_dr6_lenslike.py:416: UserWarning: Hartlap correction to cinv: 0.949874686716792
  warnings.warn(f"Hartlap correction to cinv: {hartlap_correction}")
/users/smp24dhl/cosmo/code/act_dr6_lenslike/act_dr6_lenslike/act_dr6_lenslike.py:416: UserWarning: Hartlap correction to cinv: 0.949874686716792
  warnings.warn(f"Hartlap correction to cinv: {hartlap_correction}")
[1 : bao.desi_2024_bao_all] Initialized.
[3 : bao.desi_2024_bao_all] Initialized.
[0 : mcmc] Resuming from previous sample!
[1 : samplecollection] Loaded 3734 sample points from 'chains/act-full.2.txt'
[0 : samplecollection] Loaded 3601 sample points from 'chains/act-full.1.txt'
[3 : samplecollection] Loaded 3857 sample points from 'chains/act-full.4.txt'
[2 : samplecollection] Loaded 3716 sample points from 'chains/act-full.3.txt'
[3 : mcmc] Initial point: logA:3.052034, ns:0.97208, theta_MC_100:1.04134, ombh2:0.02246804, omch2:0.1183949, w:-0.7823195, wa:-0.6290507, beta_DE:0.4718122, tau:0.05706115, A_planck:1.002327, calib_100T:1.000122, calib_217T:0.9981529, A_cib_217:32.69696, xi_sz_cib:0.9546949, A_sz:1.136345, ksz_norm:5.045565, gal545_A_100:9.633278, gal545_A_143:9.128898, gal545_A_143_217:16.20634, gal545_A_217:97.01969, ps_A_100_100:273.0405, ps_A_143_143:51.13976, ps_A_143_217:33.97569, ps_A_217_217:127.4403, galf_TE_A_100:0.09256735, galf_TE_A_100_143:0.1372035, galf_TE_A_100_217:0.4114365, galf_TE_A_143:0.3105518, galf_TE_A_143_217:0.6382524, galf_TE_A_217:1.704775
[2 : mcmc] Initial point: logA:3.019055, ns:0.9677546, theta_MC_100:1.040417, ombh2:0.02222235, omch2:0.1213554, w:-0.9333091, wa:-0.5247077, beta_DE:0.2628585, tau:0.04408849, A_planck:0.9990772, calib_100T:0.9995771, calib_217T:0.997477, A_cib_217:52.29286, xi_sz_cib:0.862944, A_sz:8.004266, ksz_norm:2.132768, gal545_A_100:7.603903, gal545_A_143:9.593359, gal545_A_143_217:16.84853, gal545_A_217:81.85522, ps_A_100_100:277.4111, ps_A_143_143:55.52188, ps_A_143_217:61.07471, ps_A_217_217:114.2076, galf_TE_A_100:0.1630118, galf_TE_A_100_143:0.1200977, galf_TE_A_100_217:0.4117471, galf_TE_A_143:0.140641, galf_TE_A_143_217:0.6223122, galf_TE_A_217:1.930562
[0 : mcmc] Initial point: logA:3.03535, ns:0.9640445, theta_MC_100:1.040897, ombh2:0.02236802, omch2:0.1198975, w:-0.8632398, wa:-0.2803426, beta_DE:-0.5414938, tau:0.05196296, A_planck:0.9979393, calib_100T:0.9992211, calib_217T:0.9995713, A_cib_217:46.79166, xi_sz_cib:0.4678101, A_sz:5.328763, ksz_norm:3.654039, gal545_A_100:11.83513, gal545_A_143:14.59577, gal545_A_143_217:20.45676, gal545_A_217:96.68088, ps_A_100_100:225.0658, ps_A_143_143:36.27283, ps_A_143_217:35.50917, ps_A_217_217:111.0807, galf_TE_A_100:0.07954795, galf_TE_A_100_143:0.1471589, galf_TE_A_100_217:0.4396268, galf_TE_A_143:0.2524571, galf_TE_A_143_217:0.7382533, galf_TE_A_217:1.761391
[1 : mcmc] Initial point: logA:3.029694, ns:0.9654718, theta_MC_100:1.040649, ombh2:0.02224944, omch2:0.1197555, w:-0.9466802, wa:-0.1925488, beta_DE:-1.625184, tau:0.0436186, A_planck:1.003786, calib_100T:0.998938, calib_217T:0.998954, A_cib_217:43.53719, xi_sz_cib:0.8173938, A_sz:3.182607, ksz_norm:6.197692, gal545_A_100:9.792512, gal545_A_143:9.396629, gal545_A_143_217:16.75785, gal545_A_217:97.07327, ps_A_100_100:260.4201, ps_A_143_143:54.6988, ps_A_143_217:45.47069, ps_A_217_217:115.878, galf_TE_A_100:0.08244376, galf_TE_A_100_143:0.1144363, galf_TE_A_100_217:0.7107142, galf_TE_A_143:0.2308273, galf_TE_A_143_217:0.6881683, galf_TE_A_217:2.333962
[0 : mcmc] *WARNING* Parameter blocking manually/previously fixed: speeds will not be measured.
[0 : mcmc] Dragging with number of interpolating steps:
[0 : mcmc] *  1 : (['theta_MC_100', 'ombh2', 'omch2', 'w', 'wa', 'beta_DE', 'tau'], ['logA', 'ns'])
[0 : mcmc] * 12 : (['A_planck'], ['calib_100T', 'calib_217T', 'A_cib_217', 'xi_sz_cib', 'A_sz', 'ksz_norm', 'gal545_A_100', 'gal545_A_143', 'gal545_A_143_217', 'gal545_A_217', 'ps_A_100_100', 'ps_A_143_143', 'ps_A_143_217', 'ps_A_217_217', 'galf_TE_A_100', 'galf_TE_A_100_143', 'galf_TE_A_100_217', 'galf_TE_A_143', 'galf_TE_A_143_217', 'galf_TE_A_217'])
[0 : mcmc] Covariance matrix from previous sample.
[0 : mcmc] Sampling!
[2 : mcmc] Progress @ 2025-02-06 00:38:32 : 1 steps taken, and 3716 accepted.
[1 : mcmc] Progress @ 2025-02-06 00:38:32 : 1 steps taken, and 3734 accepted.
[3 : mcmc] Progress @ 2025-02-06 00:38:35 : 1 steps taken, and 3857 accepted.
[0 : mcmc] Progress @ 2025-02-06 00:38:45 : 1 steps taken, and 3601 accepted.
[2 : mcmc] Progress @ 2025-02-06 00:39:51 : 4 steps taken, and 3716 accepted.
[3 : mcmc] Progress @ 2025-02-06 00:39:57 : 4 steps taken, and 3859 accepted.
[1 : mcmc] Progress @ 2025-02-06 00:39:57 : 5 steps taken, and 3734 accepted.
[0 : mcmc] Progress @ 2025-02-06 00:40:07 : 4 steps taken, and 3601 accepted.
[2 : mcmc] Progress @ 2025-02-06 00:40:59 : 7 steps taken, and 3717 accepted.
[3 : mcmc] Progress @ 2025-02-06 00:41:04 : 7 steps taken, and 3860 accepted.
[1 : mcmc] Progress @ 2025-02-06 00:41:10 : 8 steps taken, and 3735 accepted.
[0 : mcmc] Progress @ 2025-02-06 00:41:16 : 7 steps taken, and 3601 accepted.
[3 : mcmc] Progress @ 2025-02-06 00:42:05 : 11 steps taken, and 3861 accepted.
[2 : mcmc] Progress @ 2025-02-06 00:42:08 : 10 steps taken, and 3718 accepted.
[0 : mcmc] Progress @ 2025-02-06 00:42:22 : 10 steps taken, and 3603 accepted.
[1 : mcmc] Progress @ 2025-02-06 00:42:33 : 12 steps taken, and 3736 accepted.
[3 : mcmc] Progress @ 2025-02-06 00:43:29 : 14 steps taken, and 3861 accepted.
[2 : mcmc] Progress @ 2025-02-06 00:43:30 : 13 steps taken, and 3718 accepted.
[1 : mcmc] Progress @ 2025-02-06 00:43:46 : 15 steps taken, and 3737 accepted.
[0 : mcmc] Progress @ 2025-02-06 00:43:47 : 14 steps taken, and 3604 accepted.
[2 : mcmc] Progress @ 2025-02-06 00:44:36 : 16 steps taken, and 3720 accepted.
[3 : mcmc] Progress @ 2025-02-06 00:44:54 : 17 steps taken, and 3862 accepted.
[1 : mcmc] Progress @ 2025-02-06 00:44:59 : 18 steps taken, and 3737 accepted.
[0 : mcmc] Progress @ 2025-02-06 00:45:07 : 18 steps taken, and 3605 accepted.
[2 : mcmc] Progress @ 2025-02-06 00:45:55 : 19 steps taken, and 3722 accepted.
[3 : mcmc] Progress @ 2025-02-06 00:46:20 : 20 steps taken, and 3863 accepted.
[1 : mcmc] Progress @ 2025-02-06 00:46:24 : 21 steps taken, and 3737 accepted.
[0 : mcmc] Progress @ 2025-02-06 00:46:25 : 21 steps taken, and 3606 accepted.
[2 : mcmc] Progress @ 2025-02-06 00:47:06 : 22 steps taken, and 3724 accepted.
[0 : mcmc] Progress @ 2025-02-06 00:47:34 : 24 steps taken, and 3607 accepted.
[3 : mcmc] Progress @ 2025-02-06 00:47:34 : 24 steps taken, and 3864 accepted.
[1 : mcmc] Progress @ 2025-02-06 00:47:38 : 24 steps taken, and 3738 accepted.
[2 : mcmc] Progress @ 2025-02-06 00:48:26 : 25 steps taken, and 3726 accepted.
[0 : mcmc] Progress @ 2025-02-06 00:48:43 : 28 steps taken, and 3608 accepted.
[1 : mcmc] Progress @ 2025-02-06 00:48:52 : 27 steps taken, and 3740 accepted.
[3 : mcmc] Progress @ 2025-02-06 00:48:53 : 27 steps taken, and 3865 accepted.
[2 : mcmc] Progress @ 2025-02-06 00:49:46 : 29 steps taken, and 3727 accepted.
[3 : mcmc] Progress @ 2025-02-06 00:49:55 : 31 steps taken, and 3866 accepted.
[1 : mcmc] Progress @ 2025-02-06 00:50:04 : 31 steps taken, and 3741 accepted.
[0 : mcmc] Progress @ 2025-02-06 00:50:04 : 31 steps taken, and 3608 accepted.
[2 : mcmc] Progress @ 2025-02-06 00:50:54 : 32 steps taken, and 3728 accepted.
[3 : mcmc] Progress @ 2025-02-06 00:51:14 : 34 steps taken, and 3866 accepted.
[1 : mcmc] Progress @ 2025-02-06 00:51:17 : 35 steps taken, and 3744 accepted.
[0 : mcmc] Progress @ 2025-02-06 00:51:17 : 34 steps taken, and 3610 accepted.
[2 : mcmc] Progress @ 2025-02-06 00:52:08 : 35 steps taken, and 3729 accepted.
[3 : mcmc] Progress @ 2025-02-06 00:52:35 : 37 steps taken, and 3868 accepted.
[1 : mcmc] Progress @ 2025-02-06 00:52:42 : 40 steps taken, and 3745 accepted.
[0 : mcmc] Progress @ 2025-02-06 00:52:42 : 37 steps taken, and 3611 accepted.
[2 : mcmc] Progress @ 2025-02-06 00:53:15 : 42 steps taken, and 3732 accepted.
[3 : mcmc] Progress @ 2025-02-06 00:53:49 : 40 steps taken, and 3869 accepted.
[1 : mcmc] Progress @ 2025-02-06 00:53:56 : 43 steps taken, and 3748 accepted.
[0 : mcmc] Progress @ 2025-02-06 00:53:58 : 40 steps taken, and 3612 accepted.
[2 : mcmc] Progress @ 2025-02-06 00:54:31 : 52 steps taken, and 3733 accepted.
[3 : mcmc] Progress @ 2025-02-06 00:55:10 : 43 steps taken, and 3871 accepted.
[1 : mcmc] Progress @ 2025-02-06 00:55:12 : 46 steps taken, and 3751 accepted.
[0 : mcmc] Progress @ 2025-02-06 00:55:14 : 43 steps taken, and 3613 accepted.
[2 : mcmc] Progress @ 2025-02-06 00:55:38 : 55 steps taken, and 3734 accepted.
[3 : mcmc] Progress @ 2025-02-06 00:56:25 : 46 steps taken, and 3871 accepted.
[1 : mcmc] Progress @ 2025-02-06 00:56:36 : 49 steps taken, and 3753 accepted.
[0 : mcmc] Progress @ 2025-02-06 00:56:37 : 46 steps taken, and 3615 accepted.
[2 : mcmc] Progress @ 2025-02-06 00:57:01 : 60 steps taken, and 3736 accepted.
[3 : mcmc] Progress @ 2025-02-06 00:57:45 : 49 steps taken, and 3872 accepted.
[1 : mcmc] Progress @ 2025-02-06 00:57:46 : 52 steps taken, and 3755 accepted.
[0 : mcmc] Progress @ 2025-02-06 00:57:52 : 50 steps taken, and 3615 accepted.
[2 : mcmc] Progress @ 2025-02-06 00:58:10 : 65 steps taken, and 3737 accepted.
[3 : mcmc] Progress @ 2025-02-06 00:58:56 : 53 steps taken, and 3872 accepted.
[1 : mcmc] Progress @ 2025-02-06 00:59:04 : 55 steps taken, and 3756 accepted.
[0 : mcmc] Progress @ 2025-02-06 00:59:07 : 53 steps taken, and 3617 accepted.
[2 : mcmc] Progress @ 2025-02-06 00:59:23 : 68 steps taken, and 3737 accepted.
[3 : mcmc] Progress @ 2025-02-06 01:00:06 : 56 steps taken, and 3873 accepted.
[1 : mcmc] Progress @ 2025-02-06 01:00:18 : 59 steps taken, and 3758 accepted.
[0 : mcmc] Progress @ 2025-02-06 01:00:32 : 58 steps taken, and 3618 accepted.
[2 : mcmc] Progress @ 2025-02-06 01:00:33 : 71 steps taken, and 3738 accepted.
[3 : mcmc] Progress @ 2025-02-06 01:01:25 : 59 steps taken, and 3874 accepted.
[0 : mcmc] Progress @ 2025-02-06 01:01:33 : 61 steps taken, and 3619 accepted.
[1 : mcmc] Progress @ 2025-02-06 01:01:35 : 64 steps taken, and 3759 accepted.
[2 : mcmc] Progress @ 2025-02-06 01:01:44 : 77 steps taken, and 3739 accepted.
[3 : mcmc] Progress @ 2025-02-06 01:02:49 : 63 steps taken, and 3874 accepted.
[1 : mcmc] Progress @ 2025-02-06 01:02:52 : 71 steps taken, and 3759 accepted.
[2 : mcmc] Progress @ 2025-02-06 01:02:53 : 80 steps taken, and 3739 accepted.
[0 : mcmc] Progress @ 2025-02-06 01:02:57 : 64 steps taken, and 3621 accepted.
[2 : mcmc] Progress @ 2025-02-06 01:04:05 : 86 steps taken, and 3741 accepted.
[1 : mcmc] Progress @ 2025-02-06 01:04:08 : 76 steps taken, and 3759 accepted.
[3 : mcmc] Progress @ 2025-02-06 01:04:11 : 67 steps taken, and 3876 accepted.
[0 : mcmc] Progress @ 2025-02-06 01:04:12 : 67 steps taken, and 3623 accepted.
[2 : mcmc] Progress @ 2025-02-06 01:05:16 : 90 steps taken, and 3741 accepted.
[0 : mcmc] Progress @ 2025-02-06 01:05:25 : 71 steps taken, and 3625 accepted.
[1 : mcmc] Progress @ 2025-02-06 01:05:29 : 80 steps taken, and 3761 accepted.
[3 : mcmc] Progress @ 2025-02-06 01:05:38 : 71 steps taken, and 3877 accepted.
[2 : mcmc] Progress @ 2025-02-06 01:06:32 : 95 steps taken, and 3741 accepted.
[0 : mcmc] Progress @ 2025-02-06 01:06:37 : 74 steps taken, and 3627 accepted.
[1 : mcmc] Progress @ 2025-02-06 01:06:39 : 83 steps taken, and 3762 accepted.
[3 : mcmc] Progress @ 2025-02-06 01:06:51 : 74 steps taken, and 3877 accepted.
[2 : mcmc] Progress @ 2025-02-06 01:07:42 : 98 steps taken, and 3742 accepted.
[0 : mcmc] Progress @ 2025-02-06 01:07:47 : 77 steps taken, and 3628 accepted.
[1 : mcmc] Progress @ 2025-02-06 01:07:47 : 86 steps taken, and 3763 accepted.
[3 : mcmc] Progress @ 2025-02-06 01:08:03 : 77 steps taken, and 3878 accepted.
[2 : mcmc] Progress @ 2025-02-06 01:08:56 : 101 steps taken, and 3743 accepted.
[1 : mcmc] Progress @ 2025-02-06 01:09:00 : 89 steps taken, and 3764 accepted.
[0 : mcmc] Progress @ 2025-02-06 01:09:08 : 80 steps taken, and 3630 accepted.
[3 : mcmc] Progress @ 2025-02-06 01:09:24 : 81 steps taken, and 3879 accepted.
[1 : mcmc] Progress @ 2025-02-06 01:10:13 : 92 steps taken, and 3765 accepted.
[2 : mcmc] Progress @ 2025-02-06 01:10:21 : 105 steps taken, and 3746 accepted.
[0 : mcmc] Progress @ 2025-02-06 01:10:27 : 83 steps taken, and 3631 accepted.
[3 : mcmc] Progress @ 2025-02-06 01:10:46 : 84 steps taken, and 3882 accepted.
[1 : mcmc] Progress @ 2025-02-06 01:11:22 : 95 steps taken, and 3768 accepted.
[2 : mcmc] Progress @ 2025-02-06 01:11:34 : 108 steps taken, and 3747 accepted.
[0 : mcmc] Progress @ 2025-02-06 01:11:38 : 86 steps taken, and 3632 accepted.
[3 : mcmc] Progress @ 2025-02-06 01:11:56 : 87 steps taken, and 3882 accepted.
[1 : mcmc] Progress @ 2025-02-06 01:12:41 : 98 steps taken, and 3769 accepted.
[2 : mcmc] Progress @ 2025-02-06 01:12:44 : 113 steps taken, and 3748 accepted.
[0 : mcmc] Progress @ 2025-02-06 01:12:48 : 90 steps taken, and 3634 accepted.
[3 : mcmc] Progress @ 2025-02-06 01:13:06 : 90 steps taken, and 3884 accepted.
[2 : mcmc] Progress @ 2025-02-06 01:13:56 : 117 steps taken, and 3748 accepted.
[1 : mcmc] Progress @ 2025-02-06 01:14:02 : 101 steps taken, and 3769 accepted.
[0 : mcmc] Progress @ 2025-02-06 01:14:15 : 94 steps taken, and 3636 accepted.
[3 : mcmc] Progress @ 2025-02-06 01:14:23 : 93 steps taken, and 3885 accepted.
[1 : mcmc] Progress @ 2025-02-06 01:15:02 : 104 steps taken, and 3769 accepted.
[2 : mcmc] Progress @ 2025-02-06 01:15:09 : 122 steps taken, and 3749 accepted.
[3 : mcmc] Progress @ 2025-02-06 01:15:36 : 96 steps taken, and 3886 accepted.
[0 : mcmc] Progress @ 2025-02-06 01:15:39 : 99 steps taken, and 3637 accepted.
[2 : mcmc] Progress @ 2025-02-06 01:16:15 : 126 steps taken, and 3751 accepted.
[1 : mcmc] Progress @ 2025-02-06 01:16:25 : 107 steps taken, and 3770 accepted.
[0 : mcmc] Progress @ 2025-02-06 01:16:49 : 102 steps taken, and 3637 accepted.
[3 : mcmc] Progress @ 2025-02-06 01:16:52 : 99 steps taken, and 3887 accepted.
[2 : mcmc] Progress @ 2025-02-06 01:17:26 : 132 steps taken, and 3752 accepted.
[1 : mcmc] Progress @ 2025-02-06 01:17:40 : 110 steps taken, and 3771 accepted.
[3 : mcmc] Progress @ 2025-02-06 01:18:15 : 102 steps taken, and 3888 accepted.
[0 : mcmc] Progress @ 2025-02-06 01:18:15 : 105 steps taken, and 3638 accepted.
[2 : mcmc] Progress @ 2025-02-06 01:18:40 : 135 steps taken, and 3752 accepted.
[1 : mcmc] Progress @ 2025-02-06 01:19:03 : 114 steps taken, and 3772 accepted.
[3 : mcmc] Progress @ 2025-02-06 01:19:20 : 105 steps taken, and 3888 accepted.
[0 : mcmc] Progress @ 2025-02-06 01:19:26 : 108 steps taken, and 3639 accepted.
[2 : mcmc] Progress @ 2025-02-06 01:20:01 : 141 steps taken, and 3753 accepted.
[1 : mcmc] Progress @ 2025-02-06 01:20:20 : 117 steps taken, and 3774 accepted.
[0 : mcmc] Progress @ 2025-02-06 01:20:27 : 111 steps taken, and 3639 accepted.
[3 : mcmc] Progress @ 2025-02-06 01:20:33 : 108 steps taken, and 3890 accepted.
[2 : mcmc] Progress @ 2025-02-06 01:21:04 : 144 steps taken, and 3755 accepted.
[1 : mcmc] Progress @ 2025-02-06 01:21:34 : 121 steps taken, and 3776 accepted.
[3 : mcmc] Progress @ 2025-02-06 01:21:42 : 111 steps taken, and 3891 accepted.
[0 : mcmc] Progress @ 2025-02-06 01:21:49 : 114 steps taken, and 3640 accepted.
[2 : mcmc] Progress @ 2025-02-06 01:22:18 : 147 steps taken, and 3756 accepted.
[3 : mcmc] Progress @ 2025-02-06 01:22:49 : 114 steps taken, and 3892 accepted.
[1 : mcmc] Progress @ 2025-02-06 01:22:49 : 124 steps taken, and 3777 accepted.
[0 : mcmc] Progress @ 2025-02-06 01:23:12 : 117 steps taken, and 3640 accepted.
[2 : mcmc] Progress @ 2025-02-06 01:23:39 : 150 steps taken, and 3758 accepted.
[1 : mcmc] Progress @ 2025-02-06 01:24:02 : 127 steps taken, and 3777 accepted.
[3 : mcmc] Progress @ 2025-02-06 01:24:06 : 117 steps taken, and 3892 accepted.
[0 : mcmc] Progress @ 2025-02-06 01:24:40 : 121 steps taken, and 3641 accepted.
[2 : mcmc] Progress @ 2025-02-06 01:24:48 : 153 steps taken, and 3760 accepted.
[1 : mcmc] Progress @ 2025-02-06 01:25:15 : 130 steps taken, and 3779 accepted.
[3 : mcmc] Progress @ 2025-02-06 01:25:26 : 121 steps taken, and 3893 accepted.
[0 : mcmc] Progress @ 2025-02-06 01:26:04 : 125 steps taken, and 3642 accepted.
[2 : mcmc] Progress @ 2025-02-06 01:26:10 : 156 steps taken, and 3761 accepted.
[3 : mcmc] Progress @ 2025-02-06 01:26:36 : 124 steps taken, and 3894 accepted.
[1 : mcmc] Progress @ 2025-02-06 01:26:39 : 134 steps taken, and 3780 accepted.
[2 : mcmc] Progress @ 2025-02-06 01:27:21 : 159 steps taken, and 3762 accepted.
[0 : mcmc] Progress @ 2025-02-06 01:27:29 : 129 steps taken, and 3644 accepted.
[3 : mcmc] Progress @ 2025-02-06 01:27:46 : 127 steps taken, and 3895 accepted.
[1 : mcmc] Progress @ 2025-02-06 01:27:49 : 137 steps taken, and 3780 accepted.
[2 : mcmc] Progress @ 2025-02-06 01:28:29 : 162 steps taken, and 3763 accepted.
[0 : mcmc] Progress @ 2025-02-06 01:28:36 : 132 steps taken, and 3644 accepted.
[3 : mcmc] Progress @ 2025-02-06 01:28:57 : 130 steps taken, and 3897 accepted.
[1 : mcmc] Progress @ 2025-02-06 01:29:01 : 141 steps taken, and 3782 accepted.
[2 : mcmc] Progress @ 2025-02-06 01:29:41 : 165 steps taken, and 3765 accepted.
[0 : mcmc] Progress @ 2025-02-06 01:29:55 : 135 steps taken, and 3644 accepted.
[3 : mcmc] Progress @ 2025-02-06 01:30:06 : 133 steps taken, and 3898 accepted.
[1 : mcmc] Progress @ 2025-02-06 01:30:23 : 144 steps taken, and 3783 accepted.
[2 : mcmc] Progress @ 2025-02-06 01:30:58 : 168 steps taken, and 3767 accepted.
[0 : mcmc] Progress @ 2025-02-06 01:31:20 : 138 steps taken, and 3645 accepted.
[3 : mcmc] Progress @ 2025-02-06 01:31:25 : 136 steps taken, and 3899 accepted.
[1 : mcmc] Progress @ 2025-02-06 01:31:45 : 147 steps taken, and 3784 accepted.
[2 : mcmc] Progress @ 2025-02-06 01:32:23 : 171 steps taken, and 3769 accepted.
[3 : mcmc] Progress @ 2025-02-06 01:32:25 : 138 steps taken, and 3900 accepted.
[0 : mcmc] Progress @ 2025-02-06 01:32:32 : 142 steps taken, and 3647 accepted.
[1 : mcmc] Progress @ 2025-02-06 01:32:54 : 150 steps taken, and 3785 accepted.
[3 : mcmc] Progress @ 2025-02-06 01:33:28 : 141 steps taken, and 3901 accepted.
[2 : mcmc] Progress @ 2025-02-06 01:33:43 : 174 steps taken, and 3771 accepted.
[0 : mcmc] Progress @ 2025-02-06 01:33:44 : 147 steps taken, and 3647 accepted.
[1 : mcmc] Progress @ 2025-02-06 01:34:08 : 153 steps taken, and 3785 accepted.
[2 : mcmc] Progress @ 2025-02-06 01:34:45 : 178 steps taken, and 3771 accepted.
[0 : mcmc] Progress @ 2025-02-06 01:34:50 : 151 steps taken, and 3648 accepted.
[3 : mcmc] Progress @ 2025-02-06 01:34:56 : 144 steps taken, and 3902 accepted.
[1 : mcmc] Progress @ 2025-02-06 01:35:24 : 157 steps taken, and 3786 accepted.
[2 : mcmc] Progress @ 2025-02-06 01:35:52 : 183 steps taken, and 3772 accepted.
[0 : mcmc] Progress @ 2025-02-06 01:36:13 : 154 steps taken, and 3648 accepted.
[3 : mcmc] Progress @ 2025-02-06 01:36:19 : 147 steps taken, and 3904 accepted.
[1 : mcmc] Progress @ 2025-02-06 01:36:35 : 160 steps taken, and 3787 accepted.
[2 : mcmc] Progress @ 2025-02-06 01:37:06 : 186 steps taken, and 3773 accepted.
[3 : mcmc] Progress @ 2025-02-06 01:37:21 : 150 steps taken, and 3906 accepted.
[0 : mcmc] Progress @ 2025-02-06 01:37:24 : 158 steps taken, and 3648 accepted.
[1 : mcmc] Progress @ 2025-02-06 01:37:56 : 163 steps taken, and 3787 accepted.
[2 : mcmc] Progress @ 2025-02-06 01:38:14 : 189 steps taken, and 3773 accepted.
[3 : mcmc] Progress @ 2025-02-06 01:38:47 : 154 steps taken, and 3907 accepted.
[0 : mcmc] Progress @ 2025-02-06 01:38:49 : 161 steps taken, and 3648 accepted.
[1 : mcmc] Progress @ 2025-02-06 01:39:14 : 167 steps taken, and 3789 accepted.
[2 : mcmc] Progress @ 2025-02-06 01:39:39 : 192 steps taken, and 3775 accepted.
[0 : mcmc] Progress @ 2025-02-06 01:39:52 : 164 steps taken, and 3649 accepted.
[3 : mcmc] Progress @ 2025-02-06 01:40:01 : 157 steps taken, and 3908 accepted.
[1 : mcmc] Progress @ 2025-02-06 01:40:30 : 170 steps taken, and 3790 accepted.
[2 : mcmc] Progress @ 2025-02-06 01:40:56 : 195 steps taken, and 3776 accepted.
[0 : mcmc] Progress @ 2025-02-06 01:41:03 : 168 steps taken, and 3649 accepted.
[3 : mcmc] Progress @ 2025-02-06 01:41:15 : 160 steps taken, and 3908 accepted.
[1 : mcmc] Progress @ 2025-02-06 01:41:44 : 173 steps taken, and 3792 accepted.
[0 : mcmc] Progress @ 2025-02-06 01:42:10 : 173 steps taken, and 3651 accepted.
[2 : mcmc] Progress @ 2025-02-06 01:42:22 : 199 steps taken, and 3777 accepted.
[3 : mcmc] Progress @ 2025-02-06 01:42:36 : 163 steps taken, and 3908 accepted.
[1 : mcmc] Progress @ 2025-02-06 01:42:56 : 178 steps taken, and 3793 accepted.
[0 : mcmc] Progress @ 2025-02-06 01:43:21 : 176 steps taken, and 3652 accepted.
[2 : mcmc] Progress @ 2025-02-06 01:43:44 : 202 steps taken, and 3779 accepted.
[3 : mcmc] Progress @ 2025-02-06 01:43:46 : 166 steps taken, and 3908 accepted.
[1 : mcmc] Progress @ 2025-02-06 01:44:19 : 181 steps taken, and 3794 accepted.
[0 : mcmc] Progress @ 2025-02-06 01:44:44 : 179 steps taken, and 3653 accepted.
[2 : mcmc] Progress @ 2025-02-06 01:44:49 : 205 steps taken, and 3779 accepted.
[3 : mcmc] Progress @ 2025-02-06 01:44:58 : 169 steps taken, and 3910 accepted.
[1 : mcmc] Progress @ 2025-02-06 01:45:30 : 185 steps taken, and 3797 accepted.
[2 : mcmc] Progress @ 2025-02-06 01:46:00 : 210 steps taken, and 3781 accepted.
[0 : mcmc] Progress @ 2025-02-06 01:46:02 : 182 steps taken, and 3653 accepted.
[3 : mcmc] Progress @ 2025-02-06 01:46:17 : 172 steps taken, and 3911 accepted.
[1 : mcmc] Progress @ 2025-02-06 01:46:47 : 189 steps taken, and 3798 accepted.
[2 : mcmc] Progress @ 2025-02-06 01:47:12 : 213 steps taken, and 3783 accepted.
[0 : mcmc] Progress @ 2025-02-06 01:47:26 : 186 steps taken, and 3656 accepted.
[3 : mcmc] Progress @ 2025-02-06 01:47:30 : 175 steps taken, and 3912 accepted.
[1 : mcmc] Progress @ 2025-02-06 01:47:49 : 195 steps taken, and 3798 accepted.
[2 : mcmc] Progress @ 2025-02-06 01:48:35 : 216 steps taken, and 3783 accepted.
[3 : mcmc] Progress @ 2025-02-06 01:48:41 : 178 steps taken, and 3913 accepted.
[0 : mcmc] Progress @ 2025-02-06 01:48:50 : 189 steps taken, and 3659 accepted.
[1 : mcmc] Progress @ 2025-02-06 01:49:16 : 199 steps taken, and 3798 accepted.
[2 : mcmc] Progress @ 2025-02-06 01:49:48 : 219 steps taken, and 3783 accepted.
[3 : mcmc] Progress @ 2025-02-06 01:49:49 : 181 steps taken, and 3915 accepted.
[0 : mcmc] Progress @ 2025-02-06 01:50:08 : 192 steps taken, and 3659 accepted.
[1 : mcmc] Progress @ 2025-02-06 01:50:27 : 202 steps taken, and 3798 accepted.
[2 : mcmc] Progress @ 2025-02-06 01:50:53 : 222 steps taken, and 3784 accepted.
[3 : mcmc] Progress @ 2025-02-06 01:51:01 : 184 steps taken, and 3917 accepted.
[0 : mcmc] Progress @ 2025-02-06 01:51:19 : 197 steps taken, and 3660 accepted.
[1 : mcmc] Progress @ 2025-02-06 01:51:49 : 206 steps taken, and 3799 accepted.
[3 : mcmc] Progress @ 2025-02-06 01:52:11 : 187 steps taken, and 3917 accepted.
[2 : mcmc] Progress @ 2025-02-06 01:52:16 : 225 steps taken, and 3786 accepted.
[0 : mcmc] Progress @ 2025-02-06 01:52:34 : 200 steps taken, and 3661 accepted.
[1 : mcmc] Progress @ 2025-02-06 01:53:04 : 209 steps taken, and 3799 accepted.
[3 : mcmc] Progress @ 2025-02-06 01:53:25 : 190 steps taken, and 3918 accepted.
[2 : mcmc] Progress @ 2025-02-06 01:53:38 : 228 steps taken, and 3789 accepted.
[0 : mcmc] Progress @ 2025-02-06 01:53:48 : 205 steps taken, and 3661 accepted.
[1 : mcmc] Progress @ 2025-02-06 01:54:07 : 216 steps taken, and 3800 accepted.
[3 : mcmc] Progress @ 2025-02-06 01:54:42 : 193 steps taken, and 3920 accepted.
[0 : mcmc] Progress @ 2025-02-06 01:54:48 : 208 steps taken, and 3663 accepted.
[2 : mcmc] Progress @ 2025-02-06 01:54:50 : 231 steps taken, and 3790 accepted.
[1 : mcmc] Progress @ 2025-02-06 01:55:19 : 220 steps taken, and 3801 accepted.
[3 : mcmc] Progress @ 2025-02-06 01:55:57 : 196 steps taken, and 3922 accepted.
[2 : mcmc] Progress @ 2025-02-06 01:56:05 : 234 steps taken, and 3791 accepted.
[0 : mcmc] Progress @ 2025-02-06 01:56:11 : 211 steps taken, and 3665 accepted.
[1 : mcmc] Progress @ 2025-02-06 01:56:31 : 224 steps taken, and 3802 accepted.
[3 : mcmc] Progress @ 2025-02-06 01:57:17 : 199 steps taken, and 3922 accepted.
[2 : mcmc] Progress @ 2025-02-06 01:57:20 : 237 steps taken, and 3794 accepted.
[0 : mcmc] Progress @ 2025-02-06 01:57:32 : 214 steps taken, and 3666 accepted.
[1 : mcmc] Progress @ 2025-02-06 01:57:40 : 228 steps taken, and 3803 accepted.
[3 : mcmc] Progress @ 2025-02-06 01:58:28 : 203 steps taken, and 3924 accepted.
[0 : mcmc] Progress @ 2025-02-06 01:58:43 : 217 steps taken, and 3666 accepted.
[2 : mcmc] Progress @ 2025-02-06 01:58:45 : 240 steps taken, and 3794 accepted.
[1 : mcmc] Progress @ 2025-02-06 01:58:53 : 234 steps taken, and 3803 accepted.
[3 : mcmc] Progress @ 2025-02-06 01:59:35 : 206 steps taken, and 3924 accepted.
[2 : mcmc] Progress @ 2025-02-06 01:59:54 : 243 steps taken, and 3796 accepted.
[0 : mcmc] Progress @ 2025-02-06 01:59:57 : 221 steps taken, and 3666 accepted.
[1 : mcmc] Progress @ 2025-02-06 02:00:12 : 241 steps taken, and 3804 accepted.
[3 : mcmc] Progress @ 2025-02-06 02:00:51 : 209 steps taken, and 3926 accepted.
[0 : mcmc] Progress @ 2025-02-06 02:01:10 : 224 steps taken, and 3667 accepted.
[2 : mcmc] Progress @ 2025-02-06 02:01:12 : 246 steps taken, and 3796 accepted.
[1 : mcmc] Progress @ 2025-02-06 02:01:22 : 244 steps taken, and 3805 accepted.
[3 : mcmc] Progress @ 2025-02-06 02:02:06 : 213 steps taken, and 3926 accepted.
[2 : mcmc] Progress @ 2025-02-06 02:02:25 : 249 steps taken, and 3797 accepted.
[0 : mcmc] Progress @ 2025-02-06 02:02:27 : 227 steps taken, and 3669 accepted.
[1 : mcmc] Progress @ 2025-02-06 02:02:35 : 248 steps taken, and 3807 accepted.
[3 : mcmc] Progress @ 2025-02-06 02:03:26 : 218 steps taken, and 3927 accepted.
[2 : mcmc] Progress @ 2025-02-06 02:03:31 : 252 steps taken, and 3799 accepted.
[0 : mcmc] Progress @ 2025-02-06 02:03:46 : 231 steps taken, and 3671 accepted.
[1 : mcmc] Progress @ 2025-02-06 02:03:48 : 253 steps taken, and 3808 accepted.
[3 : mcmc] Progress @ 2025-02-06 02:04:35 : 222 steps taken, and 3927 accepted.
[2 : mcmc] Progress @ 2025-02-06 02:04:49 : 255 steps taken, and 3801 accepted.
[0 : mcmc] Progress @ 2025-02-06 02:04:50 : 235 steps taken, and 3672 accepted.
[1 : mcmc] Progress @ 2025-02-06 02:05:04 : 260 steps taken, and 3809 accepted.
[3 : mcmc] Progress @ 2025-02-06 02:05:49 : 228 steps taken, and 3927 accepted.
[2 : mcmc] Progress @ 2025-02-06 02:05:54 : 259 steps taken, and 3801 accepted.
[1 : mcmc] Progress @ 2025-02-06 02:06:05 : 263 steps taken, and 3811 accepted.
[0 : mcmc] Progress @ 2025-02-06 02:06:14 : 239 steps taken, and 3673 accepted.
[1 : mcmc] Progress @ 2025-02-06 02:07:12 : 267 steps taken, and 3812 accepted.
[3 : mcmc] Progress @ 2025-02-06 02:07:14 : 232 steps taken, and 3929 accepted.
[2 : mcmc] Progress @ 2025-02-06 02:07:16 : 264 steps taken, and 3802 accepted.
[0 : mcmc] Progress @ 2025-02-06 02:07:24 : 242 steps taken, and 3675 accepted.
[3 : mcmc] Progress @ 2025-02-06 02:08:22 : 235 steps taken, and 3930 accepted.
[2 : mcmc] Progress @ 2025-02-06 02:08:31 : 267 steps taken, and 3802 accepted.
[1 : mcmc] Progress @ 2025-02-06 02:08:33 : 271 steps taken, and 3813 accepted.
[0 : mcmc] Progress @ 2025-02-06 02:08:42 : 245 steps taken, and 3675 accepted.
[2 : mcmc] Progress @ 2025-02-06 02:09:42 : 270 steps taken, and 3802 accepted.
[3 : mcmc] Progress @ 2025-02-06 02:09:43 : 238 steps taken, and 3932 accepted.
[1 : mcmc] Progress @ 2025-02-06 02:09:47 : 274 steps taken, and 3814 accepted.
[0 : mcmc] Progress @ 2025-02-06 02:09:49 : 248 steps taken, and 3676 accepted.
[3 : mcmc] Progress @ 2025-02-06 02:10:49 : 241 steps taken, and 3935 accepted.
[0 : mcmc] Progress @ 2025-02-06 02:11:01 : 251 steps taken, and 3676 accepted.
[2 : mcmc] Progress @ 2025-02-06 02:11:08 : 273 steps taken, and 3803 accepted.
[1 : mcmc] Progress @ 2025-02-06 02:11:10 : 277 steps taken, and 3814 accepted.
[3 : mcmc] Progress @ 2025-02-06 02:12:05 : 246 steps taken, and 3938 accepted.
[2 : mcmc] Progress @ 2025-02-06 02:12:13 : 276 steps taken, and 3805 accepted.
[0 : mcmc] Progress @ 2025-02-06 02:12:19 : 254 steps taken, and 3677 accepted.
[1 : mcmc] Progress @ 2025-02-06 02:12:23 : 280 steps taken, and 3815 accepted.
[1 : mcmc] Progress @ 2025-02-06 02:13:25 : 284 steps taken, and 3816 accepted.
[0 : mcmc] Progress @ 2025-02-06 02:13:29 : 258 steps taken, and 3680 accepted.
[3 : mcmc] Progress @ 2025-02-06 02:13:31 : 249 steps taken, and 3939 accepted.
[2 : mcmc] Progress @ 2025-02-06 02:13:32 : 279 steps taken, and 3805 accepted.
[2 : mcmc] Progress @ 2025-02-06 02:14:42 : 282 steps taken, and 3805 accepted.
[0 : mcmc] Progress @ 2025-02-06 02:14:45 : 261 steps taken, and 3680 accepted.
[1 : mcmc] Progress @ 2025-02-06 02:14:48 : 289 steps taken, and 3816 accepted.
[3 : mcmc] Progress @ 2025-02-06 02:14:55 : 252 steps taken, and 3941 accepted.
[0 : mcmc] Progress @ 2025-02-06 02:15:51 : 264 steps taken, and 3681 accepted.
[1 : mcmc] Progress @ 2025-02-06 02:15:58 : 293 steps taken, and 3817 accepted.
[2 : mcmc] Progress @ 2025-02-06 02:16:04 : 285 steps taken, and 3806 accepted.
[3 : mcmc] Progress @ 2025-02-06 02:16:09 : 255 steps taken, and 3941 accepted.
[1 : mcmc] Progress @ 2025-02-06 02:17:10 : 297 steps taken, and 3817 accepted.
[0 : mcmc] Progress @ 2025-02-06 02:17:10 : 268 steps taken, and 3683 accepted.
[2 : mcmc] Progress @ 2025-02-06 02:17:14 : 288 steps taken, and 3807 accepted.
[3 : mcmc] Progress @ 2025-02-06 02:17:21 : 258 steps taken, and 3941 accepted.
[0 : mcmc] Progress @ 2025-02-06 02:18:22 : 272 steps taken, and 3683 accepted.
[1 : mcmc] Progress @ 2025-02-06 02:18:26 : 301 steps taken, and 3818 accepted.
[2 : mcmc] Progress @ 2025-02-06 02:18:27 : 291 steps taken, and 3809 accepted.
[3 : mcmc] Progress @ 2025-02-06 02:18:44 : 261 steps taken, and 3943 accepted.
[1 : mcmc] Progress @ 2025-02-06 02:19:38 : 304 steps taken, and 3819 accepted.
[0 : mcmc] Progress @ 2025-02-06 02:19:43 : 277 steps taken, and 3684 accepted.
[2 : mcmc] Progress @ 2025-02-06 02:19:52 : 294 steps taken, and 3811 accepted.
[3 : mcmc] Progress @ 2025-02-06 02:20:09 : 264 steps taken, and 3945 accepted.
[1 : mcmc] Progress @ 2025-02-06 02:20:56 : 308 steps taken, and 3820 accepted.
[0 : mcmc] Progress @ 2025-02-06 02:20:58 : 280 steps taken, and 3685 accepted.
[2 : mcmc] Progress @ 2025-02-06 02:21:07 : 297 steps taken, and 3813 accepted.
[3 : mcmc] Progress @ 2025-02-06 02:21:20 : 267 steps taken, and 3945 accepted.
[0 : mcmc] Progress @ 2025-02-06 02:22:11 : 285 steps taken, and 3686 accepted.
[1 : mcmc] Progress @ 2025-02-06 02:22:14 : 312 steps taken, and 3820 accepted.
[2 : mcmc] Progress @ 2025-02-06 02:22:31 : 300 steps taken, and 3813 accepted.
[3 : mcmc] Progress @ 2025-02-06 02:22:35 : 271 steps taken, and 3946 accepted.
[0 : mcmc] Progress @ 2025-02-06 02:23:21 : 288 steps taken, and 3687 accepted.
[1 : mcmc] Progress @ 2025-02-06 02:23:26 : 318 steps taken, and 3820 accepted.
[2 : mcmc] Progress @ 2025-02-06 02:23:40 : 303 steps taken, and 3816 accepted.
[3 : mcmc] Progress @ 2025-02-06 02:23:58 : 274 steps taken, and 3946 accepted.
[1 : mcmc] Progress @ 2025-02-06 02:24:35 : 323 steps taken, and 3822 accepted.
[0 : mcmc] Progress @ 2025-02-06 02:24:38 : 293 steps taken, and 3688 accepted.
[2 : mcmc] Progress @ 2025-02-06 02:24:48 : 307 steps taken, and 3817 accepted.
[3 : mcmc] Progress @ 2025-02-06 02:25:10 : 277 steps taken, and 3948 accepted.
[0 : mcmc] Progress @ 2025-02-06 02:25:43 : 296 steps taken, and 3689 accepted.
[1 : mcmc] Progress @ 2025-02-06 02:25:44 : 328 steps taken, and 3824 accepted.
[2 : mcmc] Progress @ 2025-02-06 02:25:57 : 310 steps taken, and 3817 accepted.
[3 : mcmc] Progress @ 2025-02-06 02:26:11 : 280 steps taken, and 3949 accepted.
[1 : mcmc] Progress @ 2025-02-06 02:27:00 : 332 steps taken, and 3826 accepted.
[0 : mcmc] Progress @ 2025-02-06 02:27:01 : 299 steps taken, and 3689 accepted.
[2 : mcmc] Progress @ 2025-02-06 02:27:12 : 313 steps taken, and 3819 accepted.
[3 : mcmc] Progress @ 2025-02-06 02:27:18 : 284 steps taken, and 3950 accepted.
[0 : mcmc] Progress @ 2025-02-06 02:28:11 : 303 steps taken, and 3690 accepted.
[2 : mcmc] Progress @ 2025-02-06 02:28:25 : 317 steps taken, and 3822 accepted.
[1 : mcmc] Progress @ 2025-02-06 02:28:25 : 335 steps taken, and 3827 accepted.
[3 : mcmc] Progress @ 2025-02-06 02:28:39 : 287 steps taken, and 3951 accepted.
[0 : mcmc] Progress @ 2025-02-06 02:29:19 : 306 steps taken, and 3690 accepted.
[2 : mcmc] Progress @ 2025-02-06 02:29:34 : 320 steps taken, and 3824 accepted.
[1 : mcmc] Progress @ 2025-02-06 02:29:53 : 338 steps taken, and 3828 accepted.
[3 : mcmc] Progress @ 2025-02-06 02:29:56 : 290 steps taken, and 3953 accepted.
[0 : mcmc] Progress @ 2025-02-06 02:30:33 : 310 steps taken, and 3692 accepted.
[2 : mcmc] Progress @ 2025-02-06 02:30:57 : 323 steps taken, and 3826 accepted.
[1 : mcmc] Progress @ 2025-02-06 02:31:03 : 344 steps taken, and 3829 accepted.
[3 : mcmc] Progress @ 2025-02-06 02:31:18 : 293 steps taken, and 3953 accepted.
[0 : mcmc] Progress @ 2025-02-06 02:31:52 : 313 steps taken, and 3694 accepted.
[1 : mcmc] Progress @ 2025-02-06 02:32:15 : 347 steps taken, and 3830 accepted.
[2 : mcmc] Progress @ 2025-02-06 02:32:20 : 327 steps taken, and 3827 accepted.
[3 : mcmc] Progress @ 2025-02-06 02:32:31 : 296 steps taken, and 3954 accepted.
[0 : mcmc] Progress @ 2025-02-06 02:33:14 : 323 steps taken, and 3696 accepted.
[2 : mcmc] Progress @ 2025-02-06 02:33:28 : 330 steps taken, and 3828 accepted.
[1 : mcmc] Progress @ 2025-02-06 02:33:35 : 351 steps taken, and 3830 accepted.
[3 : mcmc] Progress @ 2025-02-06 02:33:37 : 299 steps taken, and 3955 accepted.
[2 : mcmc] Progress @ 2025-02-06 02:34:33 : 333 steps taken, and 3828 accepted.
[0 : mcmc] Progress @ 2025-02-06 02:34:37 : 326 steps taken, and 3699 accepted.
[3 : mcmc] Progress @ 2025-02-06 02:34:41 : 302 steps taken, and 3956 accepted.
[1 : mcmc] Progress @ 2025-02-06 02:34:47 : 356 steps taken, and 3832 accepted.
[2 : mcmc] Progress @ 2025-02-06 02:35:37 : 336 steps taken, and 3830 accepted.
[0 : mcmc] Progress @ 2025-02-06 02:35:37 : 328 steps taken, and 3700 accepted.
[3 : mcmc] Progress @ 2025-02-06 02:35:46 : 305 steps taken, and 3958 accepted.
[1 : mcmc] Progress @ 2025-02-06 02:35:52 : 359 steps taken, and 3834 accepted.
[3 : mcmc] Progress @ 2025-02-06 02:36:50 : 309 steps taken, and 3959 accepted.
[0 : mcmc] Progress @ 2025-02-06 02:36:55 : 335 steps taken, and 3702 accepted.
[2 : mcmc] Progress @ 2025-02-06 02:36:57 : 339 steps taken, and 3832 accepted.
[1 : mcmc] Progress @ 2025-02-06 02:37:13 : 363 steps taken, and 3835 accepted.
[3 : mcmc] Progress @ 2025-02-06 02:38:06 : 313 steps taken, and 3960 accepted.
[3 : mcmc] Learn + convergence test @ 3960 samples accepted.
[3 : mcmc] Ready to check convergence and learn a new proposal covmat (waiting for the rest...)
[2 : mcmc] Progress @ 2025-02-06 02:38:08 : 343 steps taken, and 3834 accepted.
[0 : mcmc] Progress @ 2025-02-06 02:38:21 : 339 steps taken, and 3704 accepted.
[1 : mcmc] Progress @ 2025-02-06 02:38:25 : 367 steps taken, and 3836 accepted.
[3 : mcmc] Progress @ 2025-02-06 02:39:24 : 316 steps taken, and 3961 accepted.
[0 : mcmc] Progress @ 2025-02-06 02:39:28 : 344 steps taken, and 3704 accepted.
[2 : mcmc] Progress @ 2025-02-06 02:39:34 : 346 steps taken, and 3834 accepted.
[1 : mcmc] Progress @ 2025-02-06 02:39:45 : 370 steps taken, and 3837 accepted.
[3 : mcmc] Progress @ 2025-02-06 02:40:27 : 322 steps taken, and 3962 accepted.
[2 : mcmc] Progress @ 2025-02-06 02:40:41 : 349 steps taken, and 3835 accepted.
[0 : mcmc] Progress @ 2025-02-06 02:40:43 : 348 steps taken, and 3704 accepted.
[1 : mcmc] Progress @ 2025-02-06 02:40:59 : 373 steps taken, and 3838 accepted.
[3 : mcmc] Progress @ 2025-02-06 02:41:43 : 325 steps taken, and 3964 accepted.
[0 : mcmc] Progress @ 2025-02-06 02:42:02 : 352 steps taken, and 3705 accepted.
[2 : mcmc] Progress @ 2025-02-06 02:42:04 : 353 steps taken, and 3836 accepted.
[1 : mcmc] Progress @ 2025-02-06 02:42:16 : 376 steps taken, and 3839 accepted.
[3 : mcmc] Progress @ 2025-02-06 02:42:54 : 328 steps taken, and 3966 accepted.
[2 : mcmc] Progress @ 2025-02-06 02:43:05 : 357 steps taken, and 3837 accepted.
[0 : mcmc] Progress @ 2025-02-06 02:43:17 : 358 steps taken, and 3707 accepted.
[1 : mcmc] Progress @ 2025-02-06 02:43:32 : 379 steps taken, and 3840 accepted.
[3 : mcmc] Progress @ 2025-02-06 02:44:11 : 336 steps taken, and 3966 accepted.
[2 : mcmc] Progress @ 2025-02-06 02:44:26 : 360 steps taken, and 3837 accepted.
[0 : mcmc] Progress @ 2025-02-06 02:44:27 : 361 steps taken, and 3707 accepted.
[1 : mcmc] Progress @ 2025-02-06 02:44:45 : 382 steps taken, and 3840 accepted.
[3 : mcmc] Progress @ 2025-02-06 02:45:14 : 340 steps taken, and 3968 accepted.
[2 : mcmc] Progress @ 2025-02-06 02:45:33 : 363 steps taken, and 3838 accepted.
[0 : mcmc] Progress @ 2025-02-06 02:45:39 : 364 steps taken, and 3707 accepted.
[1 : mcmc] Progress @ 2025-02-06 02:45:57 : 385 steps taken, and 3842 accepted.
[3 : mcmc] Progress @ 2025-02-06 02:46:28 : 344 steps taken, and 3970 accepted.
[0 : mcmc] Progress @ 2025-02-06 02:46:50 : 367 steps taken, and 3708 accepted.
[2 : mcmc] Progress @ 2025-02-06 02:46:57 : 366 steps taken, and 3838 accepted.
[1 : mcmc] Progress @ 2025-02-06 02:47:20 : 388 steps taken, and 3843 accepted.
[3 : mcmc] Progress @ 2025-02-06 02:47:38 : 347 steps taken, and 3971 accepted.
[0 : mcmc] Progress @ 2025-02-06 02:47:59 : 371 steps taken, and 3708 accepted.
[2 : mcmc] Progress @ 2025-02-06 02:48:08 : 369 steps taken, and 3840 accepted.
[1 : mcmc] Progress @ 2025-02-06 02:48:43 : 391 steps taken, and 3845 accepted.
 Warning: Integrate_Romberg failed to converge; 
 integral, error, tol:   12945.706105398656       -3.2513114223142736E-007   1.0000000000000001E-007
[3 : mcmc] Progress @ 2025-02-06 02:48:52 : 350 steps taken, and 3972 accepted.
[2 : mcmc] Progress @ 2025-02-06 02:49:15 : 373 steps taken, and 3840 accepted.
[0 : mcmc] Progress @ 2025-02-06 02:49:22 : 375 steps taken, and 3709 accepted.
[1 : mcmc] Progress @ 2025-02-06 02:50:03 : 394 steps taken, and 3848 accepted.
[3 : mcmc] Progress @ 2025-02-06 02:50:04 : 353 steps taken, and 3972 accepted.
[0 : mcmc] Progress @ 2025-02-06 02:50:35 : 378 steps taken, and 3709 accepted.
[2 : mcmc] Progress @ 2025-02-06 02:50:37 : 376 steps taken, and 3841 accepted.
[1 : mcmc] Progress @ 2025-02-06 02:51:25 : 398 steps taken, and 3851 accepted.
[3 : mcmc] Progress @ 2025-02-06 02:51:28 : 357 steps taken, and 3973 accepted.
 Warning: Integrate_Romberg failed to converge; 
 integral, error, tol:   12874.838861507169       -3.2666617988397206E-007   1.0000000000000001E-007
[2 : mcmc] Progress @ 2025-02-06 02:51:42 : 379 steps taken, and 3841 accepted.
[0 : mcmc] Progress @ 2025-02-06 02:51:48 : 381 steps taken, and 3709 accepted.
[3 : mcmc] Progress @ 2025-02-06 02:52:36 : 360 steps taken, and 3975 accepted.
[1 : mcmc] Progress @ 2025-02-06 02:52:43 : 401 steps taken, and 3853 accepted.
[2 : mcmc] Progress @ 2025-02-06 02:52:46 : 382 steps taken, and 3842 accepted.
[0 : mcmc] Progress @ 2025-02-06 02:52:57 : 384 steps taken, and 3709 accepted.
[3 : mcmc] Progress @ 2025-02-06 02:53:49 : 363 steps taken, and 3976 accepted.
[1 : mcmc] Progress @ 2025-02-06 02:53:50 : 405 steps taken, and 3854 accepted.
[2 : mcmc] Progress @ 2025-02-06 02:54:08 : 385 steps taken, and 3844 accepted.
[0 : mcmc] Progress @ 2025-02-06 02:54:19 : 388 steps taken, and 3710 accepted.
[3 : mcmc] Progress @ 2025-02-06 02:54:51 : 365 steps taken, and 3977 accepted.
[1 : mcmc] Progress @ 2025-02-06 02:54:55 : 408 steps taken, and 3856 accepted.
[0 : mcmc] Progress @ 2025-02-06 02:55:28 : 392 steps taken, and 3711 accepted.
[2 : mcmc] Progress @ 2025-02-06 02:55:30 : 388 steps taken, and 3845 accepted.
[1 : mcmc] Progress @ 2025-02-06 02:56:05 : 411 steps taken, and 3857 accepted.
[3 : mcmc] Progress @ 2025-02-06 02:56:16 : 368 steps taken, and 3977 accepted.
[0 : mcmc] Progress @ 2025-02-06 02:56:33 : 395 steps taken, and 3712 accepted.
[2 : mcmc] Progress @ 2025-02-06 02:56:43 : 392 steps taken, and 3845 accepted.
[1 : mcmc] Progress @ 2025-02-06 02:57:14 : 414 steps taken, and 3859 accepted.
[3 : mcmc] Progress @ 2025-02-06 02:57:31 : 371 steps taken, and 3979 accepted.
[0 : mcmc] Progress @ 2025-02-06 02:57:49 : 399 steps taken, and 3713 accepted.
[2 : mcmc] Progress @ 2025-02-06 02:57:51 : 396 steps taken, and 3847 accepted.
[1 : mcmc] Progress @ 2025-02-06 02:58:30 : 418 steps taken, and 3861 accepted.
[3 : mcmc] Progress @ 2025-02-06 02:58:53 : 374 steps taken, and 3979 accepted.
[2 : mcmc] Progress @ 2025-02-06 02:58:58 : 403 steps taken, and 3848 accepted.
[0 : mcmc] Progress @ 2025-02-06 02:59:13 : 402 steps taken, and 3714 accepted.
[1 : mcmc] Progress @ 2025-02-06 02:59:34 : 421 steps taken, and 3863 accepted.
[2 : mcmc] Progress @ 2025-02-06 02:59:58 : 405 steps taken, and 3848 accepted.
[3 : mcmc] Progress @ 2025-02-06 03:00:15 : 379 steps taken, and 3980 accepted.
[0 : mcmc] Progress @ 2025-02-06 03:00:40 : 406 steps taken, and 3716 accepted.
[1 : mcmc] Progress @ 2025-02-06 03:00:51 : 425 steps taken, and 3865 accepted.
[2 : mcmc] Progress @ 2025-02-06 03:01:12 : 413 steps taken, and 3850 accepted.
[3 : mcmc] Progress @ 2025-02-06 03:01:26 : 384 steps taken, and 3982 accepted.
[1 : mcmc] Progress @ 2025-02-06 03:01:54 : 430 steps taken, and 3866 accepted.
[0 : mcmc] Progress @ 2025-02-06 03:01:56 : 409 steps taken, and 3717 accepted.
[2 : mcmc] Progress @ 2025-02-06 03:02:25 : 416 steps taken, and 3851 accepted.
[3 : mcmc] Progress @ 2025-02-06 03:02:43 : 387 steps taken, and 3983 accepted.
[1 : mcmc] Progress @ 2025-02-06 03:03:03 : 434 steps taken, and 3868 accepted.
[0 : mcmc] Progress @ 2025-02-06 03:03:10 : 415 steps taken, and 3718 accepted.
[2 : mcmc] Progress @ 2025-02-06 03:03:41 : 420 steps taken, and 3851 accepted.
[3 : mcmc] Progress @ 2025-02-06 03:03:55 : 390 steps taken, and 3983 accepted.
[1 : mcmc] Progress @ 2025-02-06 03:04:24 : 444 steps taken, and 3869 accepted.
[0 : mcmc] Progress @ 2025-02-06 03:04:33 : 418 steps taken, and 3720 accepted.
[2 : mcmc] Progress @ 2025-02-06 03:04:48 : 423 steps taken, and 3851 accepted.
[3 : mcmc] Progress @ 2025-02-06 03:05:13 : 393 steps taken, and 3984 accepted.
[1 : mcmc] Progress @ 2025-02-06 03:05:43 : 448 steps taken, and 3870 accepted.
[0 : mcmc] Progress @ 2025-02-06 03:05:46 : 421 steps taken, and 3720 accepted.
[2 : mcmc] Progress @ 2025-02-06 03:06:08 : 427 steps taken, and 3851 accepted.
[3 : mcmc] Progress @ 2025-02-06 03:06:17 : 396 steps taken, and 3984 accepted.
[1 : mcmc] Progress @ 2025-02-06 03:06:45 : 451 steps taken, and 3871 accepted.
[0 : mcmc] Progress @ 2025-02-06 03:06:58 : 425 steps taken, and 3720 accepted.
[2 : mcmc] Progress @ 2025-02-06 03:07:29 : 430 steps taken, and 3852 accepted.
[3 : mcmc] Progress @ 2025-02-06 03:07:31 : 399 steps taken, and 3985 accepted.
[1 : mcmc] Progress @ 2025-02-06 03:07:55 : 455 steps taken, and 3872 accepted.
[0 : mcmc] Progress @ 2025-02-06 03:08:08 : 429 steps taken, and 3721 accepted.
[3 : mcmc] Progress @ 2025-02-06 03:08:53 : 405 steps taken, and 3986 accepted.
[2 : mcmc] Progress @ 2025-02-06 03:08:54 : 438 steps taken, and 3854 accepted.
[1 : mcmc] Progress @ 2025-02-06 03:09:02 : 459 steps taken, and 3874 accepted.
[0 : mcmc] Progress @ 2025-02-06 03:09:17 : 432 steps taken, and 3723 accepted.
[3 : mcmc] Progress @ 2025-02-06 03:09:54 : 408 steps taken, and 3986 accepted.
[2 : mcmc] Progress @ 2025-02-06 03:10:03 : 440 steps taken, and 3854 accepted.
[1 : mcmc] Progress @ 2025-02-06 03:10:05 : 462 steps taken, and 3874 accepted.
[0 : mcmc] Progress @ 2025-02-06 03:10:28 : 436 steps taken, and 3725 accepted.
[3 : mcmc] Progress @ 2025-02-06 03:10:59 : 411 steps taken, and 3989 accepted.
[1 : mcmc] Progress @ 2025-02-06 03:11:12 : 467 steps taken, and 3876 accepted.
[2 : mcmc] Progress @ 2025-02-06 03:11:28 : 443 steps taken, and 3855 accepted.
[0 : mcmc] Progress @ 2025-02-06 03:11:37 : 440 steps taken, and 3726 accepted.
[1 : mcmc] Progress @ 2025-02-06 03:12:21 : 470 steps taken, and 3878 accepted.
[3 : mcmc] Progress @ 2025-02-06 03:12:25 : 414 steps taken, and 3991 accepted.
[0 : mcmc] Progress @ 2025-02-06 03:12:53 : 444 steps taken, and 3727 accepted.
[2 : mcmc] Progress @ 2025-02-06 03:13:06 : 447 steps taken, and 3855 accepted.
[1 : mcmc] Progress @ 2025-02-06 03:13:22 : 474 steps taken, and 3878 accepted.
[3 : mcmc] Progress @ 2025-02-06 03:13:30 : 419 steps taken, and 3994 accepted.
[0 : mcmc] Progress @ 2025-02-06 03:14:01 : 447 steps taken, and 3729 accepted.
[2 : mcmc] Progress @ 2025-02-06 03:14:27 : 450 steps taken, and 3856 accepted.
[1 : mcmc] Progress @ 2025-02-06 03:14:39 : 477 steps taken, and 3878 accepted.
[3 : mcmc] Progress @ 2025-02-06 03:14:54 : 422 steps taken, and 3995 accepted.
[0 : mcmc] Progress @ 2025-02-06 03:15:27 : 450 steps taken, and 3730 accepted.
[1 : mcmc] Progress @ 2025-02-06 03:15:42 : 482 steps taken, and 3879 accepted.
[2 : mcmc] Progress @ 2025-02-06 03:15:48 : 453 steps taken, and 3859 accepted.
[3 : mcmc] Progress @ 2025-02-06 03:16:12 : 425 steps taken, and 3997 accepted.
[0 : mcmc] Progress @ 2025-02-06 03:16:47 : 454 steps taken, and 3731 accepted.
[1 : mcmc] Progress @ 2025-02-06 03:16:50 : 485 steps taken, and 3879 accepted.
[2 : mcmc] Progress @ 2025-02-06 03:17:00 : 456 steps taken, and 3861 accepted.
[3 : mcmc] Progress @ 2025-02-06 03:17:22 : 428 steps taken, and 4000 accepted.
[0 : mcmc] Progress @ 2025-02-06 03:17:59 : 458 steps taken, and 3732 accepted.
[2 : mcmc] Progress @ 2025-02-06 03:18:00 : 459 steps taken, and 3862 accepted.
[1 : mcmc] Progress @ 2025-02-06 03:18:15 : 488 steps taken, and 3880 accepted.
[3 : mcmc] Progress @ 2025-02-06 03:18:47 : 433 steps taken, and 4002 accepted.
[0 : mcmc] Progress @ 2025-02-06 03:19:14 : 461 steps taken, and 3733 accepted.
[2 : mcmc] Progress @ 2025-02-06 03:19:21 : 462 steps taken, and 3864 accepted.
[1 : mcmc] Progress @ 2025-02-06 03:19:28 : 491 steps taken, and 3881 accepted.
[3 : mcmc] Progress @ 2025-02-06 03:20:08 : 436 steps taken, and 4002 accepted.
[0 : mcmc] Progress @ 2025-02-06 03:20:29 : 464 steps taken, and 3734 accepted.
[2 : mcmc] Progress @ 2025-02-06 03:20:34 : 465 steps taken, and 3865 accepted.
[1 : mcmc] Progress @ 2025-02-06 03:20:47 : 494 steps taken, and 3881 accepted.
[3 : mcmc] Progress @ 2025-02-06 03:21:36 : 440 steps taken, and 4004 accepted.
[0 : mcmc] Progress @ 2025-02-06 03:21:49 : 474 steps taken, and 3736 accepted.
[2 : mcmc] Progress @ 2025-02-06 03:21:51 : 469 steps taken, and 3868 accepted.
[1 : mcmc] Progress @ 2025-02-06 03:22:08 : 497 steps taken, and 3881 accepted.
[3 : mcmc] Progress @ 2025-02-06 03:22:45 : 443 steps taken, and 4006 accepted.
[0 : mcmc] Progress @ 2025-02-06 03:23:01 : 477 steps taken, and 3736 accepted.
[2 : mcmc] Progress @ 2025-02-06 03:23:07 : 473 steps taken, and 3869 accepted.
[1 : mcmc] Progress @ 2025-02-06 03:23:16 : 500 steps taken, and 3882 accepted.
[3 : mcmc] Progress @ 2025-02-06 03:24:07 : 446 steps taken, and 4007 accepted.
[0 : mcmc] Progress @ 2025-02-06 03:24:23 : 481 steps taken, and 3738 accepted.
[2 : mcmc] Progress @ 2025-02-06 03:24:28 : 479 steps taken, and 3870 accepted.
[1 : mcmc] Progress @ 2025-02-06 03:24:29 : 503 steps taken, and 3882 accepted.
[3 : mcmc] Progress @ 2025-02-06 03:25:17 : 449 steps taken, and 4007 accepted.
[2 : mcmc] Progress @ 2025-02-06 03:25:38 : 482 steps taken, and 3870 accepted.
[0 : mcmc] Progress @ 2025-02-06 03:25:46 : 488 steps taken, and 3738 accepted.
[1 : mcmc] Progress @ 2025-02-06 03:25:49 : 506 steps taken, and 3883 accepted.
[3 : mcmc] Progress @ 2025-02-06 03:26:38 : 452 steps taken, and 4008 accepted.
[0 : mcmc] Progress @ 2025-02-06 03:26:55 : 494 steps taken, and 3740 accepted.
[1 : mcmc] Progress @ 2025-02-06 03:26:59 : 509 steps taken, and 3883 accepted.
[2 : mcmc] Progress @ 2025-02-06 03:27:02 : 485 steps taken, and 3871 accepted.
[3 : mcmc] Progress @ 2025-02-06 03:27:42 : 456 steps taken, and 4009 accepted.
[0 : mcmc] Progress @ 2025-02-06 03:28:07 : 497 steps taken, and 3740 accepted.
[1 : mcmc] Progress @ 2025-02-06 03:28:10 : 513 steps taken, and 3884 accepted.
[2 : mcmc] Progress @ 2025-02-06 03:28:17 : 488 steps taken, and 3873 accepted.
[3 : mcmc] Progress @ 2025-02-06 03:29:05 : 459 steps taken, and 4010 accepted.
[0 : mcmc] Progress @ 2025-02-06 03:29:26 : 500 steps taken, and 3741 accepted.
[1 : mcmc] Progress @ 2025-02-06 03:29:38 : 516 steps taken, and 3885 accepted.
[2 : mcmc] Progress @ 2025-02-06 03:29:38 : 491 steps taken, and 3873 accepted.
[3 : mcmc] Progress @ 2025-02-06 03:30:27 : 462 steps taken, and 4012 accepted.
[0 : mcmc] Progress @ 2025-02-06 03:30:29 : 503 steps taken, and 3744 accepted.
[1 : mcmc] Progress @ 2025-02-06 03:30:40 : 519 steps taken, and 3886 accepted.
[2 : mcmc] Progress @ 2025-02-06 03:30:57 : 494 steps taken, and 3876 accepted.
[0 : mcmc] Progress @ 2025-02-06 03:31:39 : 508 steps taken, and 3746 accepted.
[1 : mcmc] Progress @ 2025-02-06 03:31:41 : 527 steps taken, and 3887 accepted.
[3 : mcmc] Progress @ 2025-02-06 03:31:49 : 465 steps taken, and 4014 accepted.
[2 : mcmc] Progress @ 2025-02-06 03:31:57 : 497 steps taken, and 3876 accepted.
[3 : mcmc] Progress @ 2025-02-06 03:32:51 : 468 steps taken, and 4016 accepted.
[0 : mcmc] Progress @ 2025-02-06 03:33:01 : 511 steps taken, and 3746 accepted.
[1 : mcmc] Progress @ 2025-02-06 03:33:01 : 530 steps taken, and 3888 accepted.
[2 : mcmc] Progress @ 2025-02-06 03:33:13 : 500 steps taken, and 3879 accepted.
[3 : mcmc] Progress @ 2025-02-06 03:34:03 : 471 steps taken, and 4017 accepted.
[0 : mcmc] Progress @ 2025-02-06 03:34:05 : 514 steps taken, and 3747 accepted.
[1 : mcmc] Progress @ 2025-02-06 03:34:20 : 533 steps taken, and 3888 accepted.
[2 : mcmc] Progress @ 2025-02-06 03:34:36 : 503 steps taken, and 3880 accepted.
[0 : mcmc] Progress @ 2025-02-06 03:35:15 : 519 steps taken, and 3749 accepted.
[3 : mcmc] Progress @ 2025-02-06 03:35:22 : 475 steps taken, and 4018 accepted.
[1 : mcmc] Progress @ 2025-02-06 03:35:38 : 537 steps taken, and 3889 accepted.
[2 : mcmc] Progress @ 2025-02-06 03:35:46 : 507 steps taken, and 3881 accepted.
[0 : mcmc] Progress @ 2025-02-06 03:36:39 : 524 steps taken, and 3749 accepted.
[3 : mcmc] Progress @ 2025-02-06 03:36:40 : 478 steps taken, and 4020 accepted.
[1 : mcmc] Progress @ 2025-02-06 03:36:50 : 540 steps taken, and 3891 accepted.
[2 : mcmc] Progress @ 2025-02-06 03:36:51 : 510 steps taken, and 3882 accepted.
[0 : mcmc] Progress @ 2025-02-06 03:37:52 : 527 steps taken, and 3749 accepted.
[3 : mcmc] Progress @ 2025-02-06 03:37:56 : 481 steps taken, and 4020 accepted.
[1 : mcmc] Progress @ 2025-02-06 03:37:59 : 543 steps taken, and 3891 accepted.
[2 : mcmc] Progress @ 2025-02-06 03:38:03 : 513 steps taken, and 3882 accepted.
[3 : mcmc] Progress @ 2025-02-06 03:39:01 : 484 steps taken, and 4021 accepted.
[0 : mcmc] Progress @ 2025-02-06 03:39:06 : 531 steps taken, and 3750 accepted.
[1 : mcmc] Progress @ 2025-02-06 03:39:12 : 546 steps taken, and 3893 accepted.
[2 : mcmc] Progress @ 2025-02-06 03:39:25 : 516 steps taken, and 3885 accepted.
[3 : mcmc] Progress @ 2025-02-06 03:40:22 : 487 steps taken, and 4021 accepted.
[0 : mcmc] Progress @ 2025-02-06 03:40:28 : 535 steps taken, and 3752 accepted.
[1 : mcmc] Progress @ 2025-02-06 03:40:30 : 549 steps taken, and 3895 accepted.
[2 : mcmc] Progress @ 2025-02-06 03:40:37 : 519 steps taken, and 3886 accepted.
[3 : mcmc] Progress @ 2025-02-06 03:41:32 : 490 steps taken, and 4022 accepted.
[2 : mcmc] Progress @ 2025-02-06 03:41:49 : 522 steps taken, and 3887 accepted.
[0 : mcmc] Progress @ 2025-02-06 03:41:51 : 540 steps taken, and 3753 accepted.
[1 : mcmc] Progress @ 2025-02-06 03:41:52 : 552 steps taken, and 3895 accepted.
[3 : mcmc] Progress @ 2025-02-06 03:42:34 : 493 steps taken, and 4024 accepted.
[2 : mcmc] Progress @ 2025-02-06 03:42:55 : 525 steps taken, and 3888 accepted.
[0 : mcmc] Progress @ 2025-02-06 03:43:03 : 547 steps taken, and 3755 accepted.
[1 : mcmc] Progress @ 2025-02-06 03:43:06 : 555 steps taken, and 3896 accepted.
[3 : mcmc] Progress @ 2025-02-06 03:43:54 : 497 steps taken, and 4026 accepted.
[2 : mcmc] Progress @ 2025-02-06 03:44:09 : 528 steps taken, and 3888 accepted.
[0 : mcmc] Progress @ 2025-02-06 03:44:23 : 550 steps taken, and 3755 accepted.
[1 : mcmc] Progress @ 2025-02-06 03:44:28 : 559 steps taken, and 3898 accepted.
[3 : mcmc] Progress @ 2025-02-06 03:45:05 : 500 steps taken, and 4027 accepted.
[2 : mcmc] Progress @ 2025-02-06 03:45:24 : 534 steps taken, and 3890 accepted.
[0 : mcmc] Progress @ 2025-02-06 03:45:32 : 553 steps taken, and 3757 accepted.
[1 : mcmc] Progress @ 2025-02-06 03:45:44 : 562 steps taken, and 3898 accepted.
[3 : mcmc] Progress @ 2025-02-06 03:46:23 : 503 steps taken, and 4029 accepted.
[0 : mcmc] Progress @ 2025-02-06 03:46:42 : 557 steps taken, and 3757 accepted.
[2 : mcmc] Progress @ 2025-02-06 03:46:43 : 538 steps taken, and 3892 accepted.
[1 : mcmc] Progress @ 2025-02-06 03:46:55 : 565 steps taken, and 3900 accepted.
[3 : mcmc] Progress @ 2025-02-06 03:47:44 : 506 steps taken, and 4030 accepted.
[2 : mcmc] Progress @ 2025-02-06 03:47:53 : 541 steps taken, and 3892 accepted.
[0 : mcmc] Progress @ 2025-02-06 03:48:00 : 560 steps taken, and 3758 accepted.
[1 : mcmc] Progress @ 2025-02-06 03:48:07 : 568 steps taken, and 3901 accepted.
[3 : mcmc] Progress @ 2025-02-06 03:48:56 : 509 steps taken, and 4031 accepted.
[2 : mcmc] Progress @ 2025-02-06 03:49:06 : 544 steps taken, and 3893 accepted.
[0 : mcmc] Progress @ 2025-02-06 03:49:10 : 563 steps taken, and 3758 accepted.
[1 : mcmc] Progress @ 2025-02-06 03:49:12 : 572 steps taken, and 3902 accepted.
[3 : mcmc] Progress @ 2025-02-06 03:50:10 : 512 steps taken, and 4031 accepted.
[2 : mcmc] Progress @ 2025-02-06 03:50:13 : 547 steps taken, and 3895 accepted.
[0 : mcmc] Progress @ 2025-02-06 03:50:33 : 567 steps taken, and 3759 accepted.
[1 : mcmc] Progress @ 2025-02-06 03:50:33 : 575 steps taken, and 3904 accepted.
[2 : mcmc] Progress @ 2025-02-06 03:51:25 : 550 steps taken, and 3896 accepted.
[3 : mcmc] Progress @ 2025-02-06 03:51:31 : 515 steps taken, and 4032 accepted.
[0 : mcmc] Progress @ 2025-02-06 03:51:39 : 574 steps taken, and 3761 accepted.
[1 : mcmc] Progress @ 2025-02-06 03:51:59 : 578 steps taken, and 3905 accepted.
[3 : mcmc] Progress @ 2025-02-06 03:52:35 : 520 steps taken, and 4033 accepted.
[2 : mcmc] Progress @ 2025-02-06 03:52:35 : 553 steps taken, and 3897 accepted.
[0 : mcmc] Progress @ 2025-02-06 03:53:02 : 577 steps taken, and 3762 accepted.
[1 : mcmc] Progress @ 2025-02-06 03:53:12 : 582 steps taken, and 3905 accepted.
[node141:13697:0:13763] Caught signal 11 (Segmentation fault: address not mapped to object at address 0xfffffffc04b2d2c8)
BFD: DWARF error: can't find .debug_ranges section.
BFD: DWARF error: can't find .debug_ranges section.
==== backtrace (tid:  13763) ====
 0 0x0000000000021563 ucs_debug_print_backtrace()  /dev/shm/UCX/1.8.0/GCCcore-9.3.0/ucx-1.8.0/src/ucs/debug/debug.c:653
 1 0x0000000000039f63 __massivenu_MOD_thermalnubackground_rho()  ???:0
 2 0x000000000003da49 __results_MOD_grho_no_de()  ???:0
 3 0x00000000000a5f01 dtauda_()  ???:0
 4 0x000000000004cfdc __results_MOD_thermo_init._omp_fn.0()  results.f90:0
 5 0x0000000000018f09 gomp_thread_start()  team.c:0
 6 0x0000000000007ea5 start_thread()  pthread_create.c:0
 7 0x00000000000feb0d __clone()  ???:0
=================================
[node141:13697] *** Process received signal ***
[node141:13697] Signal: Segmentation fault (11)
[node141:13697] Signal code:  (-6)
[node141:13697] Failing at address: 0x8cfb800003581
[node141:13697] [ 0] /lib64/libpthread.so.0(+0xf630)[0x7f1a02850630]
[node141:13697] [ 1] /users/smp24dhl/cosmo/code/CAMB_beta/camb/camblib.so(__massivenu_MOD_thermalnubackground_rho+0x63)[0x7f19c7943f63]
[node141:13697] [ 2] /users/smp24dhl/cosmo/code/CAMB_beta/camb/camblib.so(__results_MOD_grho_no_de+0xc9)[0x7f19c7947a49]
[node141:13697] [ 3] /users/smp24dhl/cosmo/code/CAMB_beta/camb/camblib.so(dtauda_+0x61)[0x7f19c79aff01]
[node141:13697] [ 4] /users/smp24dhl/cosmo/code/CAMB_beta/camb/camblib.so(+0x4cfdc)[0x7f19c7956fdc]
[node141:13697] [ 5] /users/smp24dhl/.conda/envs/cosmos/bin/../lib/libgomp.so.1(+0x18f09)[0x7f19c78e3f09]
[node141:13697] [ 6] /lib64/libpthread.so.0(+0x7ea5)[0x7f1a02848ea5]
[node141:13697] [ 7] /lib64/libc.so.6(clone+0x6d)[0x7f1a01e68b0d]
[node141:13697] *** End of error message ***
--------------------------------------------------------------------------
Primary job  terminated normally, but 1 process returned
a non-zero exit code. Per user-direction, the job has been aborted.
--------------------------------------------------------------------------
--------------------------------------------------------------------------
mpirun noticed that process rank 1 with PID 13697 on node node141 exited on signal 11 (Segmentation fault).
--------------------------------------------------------------------------
