[0 : output] Output to be read-from/written-into folder 'chains', with prefix 'full'
[0 : output] Found existing info files with the requested output prefix: 'chains/full'
[0 : output] Let's try to resume/load.
[0 : output] Found an old sample. Resuming.
[0 : prior] *WARNING* External prior 'SZ' loaded. Mind that it might not be normalized!
[0 : camb] `camb` module loaded successfully from /users/smp24dhl/cosmo/code/CAMB_beta/camb
[0 : planck_2018_highl_plik.ttteee] `clik` module loaded successfully from /users/smp24dhl/cosmo/code/planck/clik/lib/python3.9/site-packages/clik
----
clik version clik_16.0b1-2-g63c889f3aa9c MAKEFILE
  smica
----
clik version clik_16.0b1-2-g63c889f3aa9c MAKEFILE
  smica
----
clik version clik_16.0b1-2-g63c889f3aa9c MAKEFILE
  smica
----
clik version clik_16.0b1-2-g63c889f3aa9c MAKEFILE
  smica
Checking likelihood '/users/smp24dhl/cosmo/data/planck_2018/baseline/plc_3.0/hi_l/plik/plik_rd12_HM_v22b_TTTEEE.clik' on test data. got -1172.47 expected -1172.47 (diff -4.34055e-07)
----
Checking likelihood '/users/smp24dhl/cosmo/data/planck_2018/baseline/plc_3.0/hi_l/plik/plik_rd12_HM_v22b_TTTEEE.clik' on test data. got -1172.47 expected -1172.47 (diff -4.34055e-07)
----
Checking likelihood '/users/smp24dhl/cosmo/data/planck_2018/baseline/plc_3.0/hi_l/plik/plik_rd12_HM_v22b_TTTEEE.clik' on test data. got -1172.47 expected -1172.47 (diff -4.34055e-07)
----
Checking likelihood '/users/smp24dhl/cosmo/data/planck_2018/baseline/plc_3.0/hi_l/plik/plik_rd12_HM_v22b_TTTEEE.clik' on test data. got -1172.47 expected -1172.47 (diff -4.34055e-07)
----
[0 : planck_2018_lensing.clik] `clik` module loaded successfully from /users/smp24dhl/cosmo/code/planck/clik/lib/python3.9/site-packages/clik
Checking lensing likelihood '/users/smp24dhl/cosmo/data/planck_2018/baseline/plc_3.0/lensing/smicadx12_Dec5_ftl_mv2_ndclpp_p_teb_consext8.clik_lensing' on test data. got -4.42102
Checking lensing likelihood '/users/smp24dhl/cosmo/data/planck_2018/baseline/plc_3.0/lensing/smicadx12_Dec5_ftl_mv2_ndclpp_p_teb_consext8.clik_lensing' on test data. got -4.42102
Checking lensing likelihood '/users/smp24dhl/cosmo/data/planck_2018/baseline/plc_3.0/lensing/smicadx12_Dec5_ftl_mv2_ndclpp_p_teb_consext8.clik_lensing' on test data. got -4.42102
Checking lensing likelihood '/users/smp24dhl/cosmo/data/planck_2018/baseline/plc_3.0/lensing/smicadx12_Dec5_ftl_mv2_ndclpp_p_teb_consext8.clik_lensing' on test data. got -4.42102
[0 : mcmc] Resuming from previous sample!
[1 : samplecollection] Loaded 2205 sample points from 'chains/full.2.txt'
[3 : samplecollection] Loaded 2095 sample points from 'chains/full.4.txt'
[0 : samplecollection] Loaded 2984 sample points from 'chains/full.1.txt'
[2 : samplecollection] Loaded 2926 sample points from 'chains/full.3.txt'
[1 : mcmc] Initial point: logA:3.04428, ns:0.9658786, theta_MC_100:1.04041, ombh2:0.02223732, omch2:0.1192765, w:-1.618222, wa:-0.603438, beta_DE:-0.08466674, tau:0.0605215, A_planck:0.997149, calib_100T:1.000267, calib_217T:0.9976533, A_cib_217:60.13347, xi_sz_cib:0.3703351, A_sz:5.455255, ksz_norm:2.77336, gal545_A_100:11.50566, gal545_A_143:13.39136, gal545_A_143_217:18.09549, gal545_A_217:80.87638, ps_A_100_100:262.8153, ps_A_143_143:44.39981, ps_A_143_217:38.58621, ps_A_217_217:102.2397, galf_TE_A_100:0.08949492, galf_TE_A_100_143:0.148294, galf_TE_A_100_217:0.5014929, galf_TE_A_143:0.1966772, galf_TE_A_143_217:0.6547272, galf_TE_A_217:1.905342
[3 : mcmc] Initial point: logA:3.045961, ns:0.9670548, theta_MC_100:1.041108, ombh2:0.02255182, omch2:0.1183117, w:-1.048471, wa:-1.743307, beta_DE:-2.07735, tau:0.0601849, A_planck:0.996299, calib_100T:0.9998696, calib_217T:0.9993317, A_cib_217:41.42737, xi_sz_cib:0.624646, A_sz:1.828262, ksz_norm:3.807224, gal545_A_100:7.487085, gal545_A_143:13.46785, gal545_A_143_217:21.61771, gal545_A_217:102.7326, ps_A_100_100:300.2503, ps_A_143_143:46.08712, ps_A_143_217:32.21878, ps_A_217_217:113.391, galf_TE_A_100:0.1187965, galf_TE_A_100_143:0.1380766, galf_TE_A_100_217:0.4671978, galf_TE_A_143:0.2195612, galf_TE_A_143_217:0.6789655, galf_TE_A_217:1.987074
[0 : mcmc] Initial point: logA:3.043994, ns:0.9658849, theta_MC_100:1.040946, ombh2:0.02263248, omch2:0.1189169, w:-0.7387861, wa:-0.4609384, beta_DE:-1.365297, tau:0.05358257, A_planck:1.001522, calib_100T:0.9996385, calib_217T:0.9981698, A_cib_217:59.8554, xi_sz_cib:0.3099031, A_sz:6.990586, ksz_norm:0.4200995, gal545_A_100:8.009699, gal545_A_143:11.84808, gal545_A_143_217:13.3036, gal545_A_217:79.65306, ps_A_100_100:258.0293, ps_A_143_143:44.30909, ps_A_143_217:45.77104, ps_A_217_217:105.4626, galf_TE_A_100:0.1174373, galf_TE_A_100_143:0.16289, galf_TE_A_100_217:0.3539868, galf_TE_A_143:0.2232669, galf_TE_A_143_217:0.5446655, galf_TE_A_217:1.804318
[2 : mcmc] Initial point: logA:3.057071, ns:0.9583981, theta_MC_100:1.040869, ombh2:0.02245702, omch2:0.121245, w:-0.9618551, wa:-0.02701467, beta_DE:-1.988029, tau:0.05903735, A_planck:0.9991602, calib_100T:0.9996679, calib_217T:0.9998492, A_cib_217:49.75917, xi_sz_cib:0.8381391, A_sz:5.266929, ksz_norm:3.517848, gal545_A_100:4.209087, gal545_A_143:8.727237, gal545_A_143_217:19.32857, gal545_A_217:96.87327, ps_A_100_100:235.4727, ps_A_143_143:47.85839, ps_A_143_217:46.93554, ps_A_217_217:106.8094, galf_TE_A_100:0.08334957, galf_TE_A_100_143:0.1316959, galf_TE_A_100_217:0.5402828, galf_TE_A_143:0.2582224, galf_TE_A_143_217:0.6876255, galf_TE_A_217:2.293861
[0 : mcmc] *WARNING* Parameter blocking manually/previously fixed: speeds will not be measured.
[0 : mcmc] Dragging with number of interpolating steps:
[0 : mcmc] *  1 : (['theta_MC_100', 'ombh2', 'omch2', 'w', 'wa', 'beta_DE', 'tau'], ['logA', 'ns'])
[0 : mcmc] * 14 : (['A_planck'], ['calib_100T', 'calib_217T', 'A_cib_217', 'xi_sz_cib', 'A_sz', 'ksz_norm', 'gal545_A_100', 'gal545_A_143', 'gal545_A_143_217', 'gal545_A_217', 'ps_A_100_100', 'ps_A_143_143', 'ps_A_143_217', 'ps_A_217_217', 'galf_TE_A_100', 'galf_TE_A_100_143', 'galf_TE_A_100_217', 'galf_TE_A_143', 'galf_TE_A_143_217', 'galf_TE_A_217'])
[0 : mcmc] Covariance matrix from previous sample.
[0 : mcmc] Sampling!
[1 : mcmc] Progress @ 2024-12-22 09:01:35 : 1 steps taken, and 2205 accepted.
[3 : mcmc] Progress @ 2024-12-22 09:01:35 : 1 steps taken, and 2095 accepted.
[0 : mcmc] Progress @ 2024-12-22 09:01:38 : 1 steps taken, and 2984 accepted.
[2 : mcmc] Progress @ 2024-12-22 09:01:39 : 1 steps taken, and 2926 accepted.
[3 : mcmc] Progress @ 2024-12-22 09:02:36 : 33 steps taken, and 2104 accepted.
[1 : mcmc] Progress @ 2024-12-22 09:02:36 : 43 steps taken, and 2213 accepted.
[2 : mcmc] Progress @ 2024-12-22 09:02:40 : 13 steps taken, and 2931 accepted.
[0 : mcmc] Progress @ 2024-12-22 09:02:44 : 19 steps taken, and 2990 accepted.
[1 : mcmc] Progress @ 2024-12-22 09:03:36 : 84 steps taken, and 2228 accepted.
[3 : mcmc] Progress @ 2024-12-22 09:03:37 : 61 steps taken, and 2117 accepted.
[2 : mcmc] Progress @ 2024-12-22 09:03:43 : 29 steps taken, and 2935 accepted.
[0 : mcmc] Progress @ 2024-12-22 09:03:48 : 33 steps taken, and 2997 accepted.
[1 : mcmc] Progress @ 2024-12-22 09:04:37 : 118 steps taken, and 2241 accepted.
[3 : mcmc] Progress @ 2024-12-22 09:04:40 : 90 steps taken, and 2129 accepted.
[2 : mcmc] Progress @ 2024-12-22 09:04:48 : 47 steps taken, and 2942 accepted.
[0 : mcmc] Progress @ 2024-12-22 09:04:53 : 48 steps taken, and 3003 accepted.
[1 : mcmc] Progress @ 2024-12-22 09:05:37 : 157 steps taken, and 2252 accepted.
[3 : mcmc] Progress @ 2024-12-22 09:05:41 : 134 steps taken, and 2139 accepted.
[2 : mcmc] Progress @ 2024-12-22 09:05:50 : 61 steps taken, and 2949 accepted.
[0 : mcmc] Progress @ 2024-12-22 09:05:53 : 63 steps taken, and 3007 accepted.
[3 : mcmc] Progress @ 2024-12-22 09:06:42 : 165 steps taken, and 2149 accepted.
[1 : mcmc] Progress @ 2024-12-22 09:06:51 : 190 steps taken, and 2261 accepted.
[0 : mcmc] Progress @ 2024-12-22 09:06:54 : 80 steps taken, and 3012 accepted.
[2 : mcmc] Progress @ 2024-12-22 09:06:55 : 77 steps taken, and 2955 accepted.
[3 : mcmc] Learn + convergence test @ 2160 samples accepted.
[3 : mcmc] Ready to check convergence and learn a new proposal covmat (waiting for the rest...)
[3 : mcmc] Progress @ 2024-12-22 09:07:43 : 194 steps taken, and 2163 accepted.
[1 : mcmc] Progress @ 2024-12-22 09:07:53 : 226 steps taken, and 2273 accepted.
[2 : mcmc] Progress @ 2024-12-22 09:07:57 : 89 steps taken, and 2959 accepted.
[0 : mcmc] Progress @ 2024-12-22 09:07:59 : 96 steps taken, and 3018 accepted.
[3 : mcmc] Progress @ 2024-12-22 09:08:45 : 235 steps taken, and 2174 accepted.
[1 : mcmc] Progress @ 2024-12-22 09:08:54 : 268 steps taken, and 2285 accepted.
[2 : mcmc] Progress @ 2024-12-22 09:09:00 : 115 steps taken, and 2966 accepted.
[0 : mcmc] Progress @ 2024-12-22 09:09:04 : 109 steps taken, and 3024 accepted.
[3 : mcmc] Progress @ 2024-12-22 09:09:45 : 269 steps taken, and 2186 accepted.
[1 : mcmc] Progress @ 2024-12-22 09:09:56 : 312 steps taken, and 2303 accepted.
[2 : mcmc] Progress @ 2024-12-22 09:10:02 : 134 steps taken, and 2973 accepted.
[0 : mcmc] Progress @ 2024-12-22 09:10:05 : 121 steps taken, and 3027 accepted.
[3 : mcmc] Progress @ 2024-12-22 09:10:46 : 298 steps taken, and 2196 accepted.
[1 : mcmc] Progress @ 2024-12-22 09:10:56 : 352 steps taken, and 2314 accepted.
[0 : mcmc] Progress @ 2024-12-22 09:11:07 : 132 steps taken, and 3030 accepted.
[2 : mcmc] Progress @ 2024-12-22 09:11:10 : 162 steps taken, and 2980 accepted.
[3 : mcmc] Progress @ 2024-12-22 09:11:48 : 343 steps taken, and 2210 accepted.
[1 : mcmc] Progress @ 2024-12-22 09:11:59 : 385 steps taken, and 2325 accepted.
[0 : mcmc] Progress @ 2024-12-22 09:12:09 : 143 steps taken, and 3035 accepted.
[2 : mcmc] Progress @ 2024-12-22 09:12:15 : 190 steps taken, and 2986 accepted.
[3 : mcmc] Progress @ 2024-12-22 09:12:51 : 382 steps taken, and 2223 accepted.
[1 : mcmc] Progress @ 2024-12-22 09:13:01 : 411 steps taken, and 2336 accepted.
[0 : mcmc] Progress @ 2024-12-22 09:13:12 : 159 steps taken, and 3040 accepted.
[2 : mcmc] Progress @ 2024-12-22 09:13:16 : 203 steps taken, and 2992 accepted.
[3 : mcmc] Progress @ 2024-12-22 09:13:53 : 423 steps taken, and 2232 accepted.
[1 : mcmc] Progress @ 2024-12-22 09:14:01 : 439 steps taken, and 2341 accepted.
[2 : mcmc] Progress @ 2024-12-22 09:14:17 : 219 steps taken, and 2996 accepted.
[0 : mcmc] Progress @ 2024-12-22 09:14:18 : 171 steps taken, and 3045 accepted.
[3 : mcmc] Progress @ 2024-12-22 09:14:53 : 473 steps taken, and 2244 accepted.
[1 : mcmc] Progress @ 2024-12-22 09:15:02 : 468 steps taken, and 2351 accepted.
[2 : mcmc] Progress @ 2024-12-22 09:15:18 : 239 steps taken, and 3003 accepted.
[0 : mcmc] Progress @ 2024-12-22 09:15:21 : 182 steps taken, and 3048 accepted.
[3 : mcmc] Progress @ 2024-12-22 09:15:54 : 505 steps taken, and 2257 accepted.
[1 : mcmc] Progress @ 2024-12-22 09:16:05 : 516 steps taken, and 2356 accepted.
[2 : mcmc] Progress @ 2024-12-22 09:16:23 : 251 steps taken, and 3011 accepted.
[0 : mcmc] Progress @ 2024-12-22 09:16:26 : 198 steps taken, and 3052 accepted.
[3 : mcmc] Progress @ 2024-12-22 09:16:57 : 537 steps taken, and 2268 accepted.
[1 : mcmc] Progress @ 2024-12-22 09:17:08 : 550 steps taken, and 2370 accepted.
[2 : mcmc] Progress @ 2024-12-22 09:17:25 : 269 steps taken, and 3015 accepted.
[0 : mcmc] Progress @ 2024-12-22 09:17:31 : 215 steps taken, and 3055 accepted.
[3 : mcmc] Progress @ 2024-12-22 09:17:57 : 573 steps taken, and 2274 accepted.
[1 : mcmc] Progress @ 2024-12-22 09:18:09 : 579 steps taken, and 2382 accepted.
[2 : mcmc] Progress @ 2024-12-22 09:18:28 : 301 steps taken, and 3020 accepted.
[0 : mcmc] Progress @ 2024-12-22 09:18:33 : 223 steps taken, and 3058 accepted.
[3 : mcmc] Progress @ 2024-12-22 09:18:59 : 605 steps taken, and 2284 accepted.
[1 : mcmc] Progress @ 2024-12-22 09:19:11 : 609 steps taken, and 2394 accepted.
[2 : mcmc] Progress @ 2024-12-22 09:19:28 : 330 steps taken, and 3024 accepted.
[0 : mcmc] Progress @ 2024-12-22 09:19:37 : 237 steps taken, and 3061 accepted.
[3 : mcmc] Progress @ 2024-12-22 09:20:01 : 635 steps taken, and 2293 accepted.
[1 : mcmc] Progress @ 2024-12-22 09:20:12 : 643 steps taken, and 2410 accepted.
[2 : mcmc] Progress @ 2024-12-22 09:20:33 : 361 steps taken, and 3030 accepted.
[0 : mcmc] Progress @ 2024-12-22 09:20:42 : 250 steps taken, and 3066 accepted.
[3 : mcmc] Progress @ 2024-12-22 09:21:03 : 678 steps taken, and 2306 accepted.
[1 : mcmc] Progress @ 2024-12-22 09:21:15 : 687 steps taken, and 2424 accepted.
[2 : mcmc] Progress @ 2024-12-22 09:21:36 : 380 steps taken, and 3033 accepted.
[0 : mcmc] Progress @ 2024-12-22 09:21:44 : 261 steps taken, and 3069 accepted.
[3 : mcmc] Progress @ 2024-12-22 09:22:03 : 727 steps taken, and 2322 accepted.
[1 : mcmc] Progress @ 2024-12-22 09:22:15 : 723 steps taken, and 2439 accepted.
[2 : mcmc] Progress @ 2024-12-22 09:22:37 : 396 steps taken, and 3038 accepted.
[0 : mcmc] Progress @ 2024-12-22 09:22:45 : 272 steps taken, and 3073 accepted.
[3 : mcmc] Progress @ 2024-12-22 09:23:04 : 755 steps taken, and 2333 accepted.
[1 : mcmc] Progress @ 2024-12-22 09:23:16 : 753 steps taken, and 2451 accepted.
[2 : mcmc] Progress @ 2024-12-22 09:23:45 : 411 steps taken, and 3041 accepted.
[0 : mcmc] Progress @ 2024-12-22 09:23:50 : 291 steps taken, and 3081 accepted.
[3 : mcmc] Progress @ 2024-12-22 09:24:06 : 784 steps taken, and 2343 accepted.
[1 : mcmc] Progress @ 2024-12-22 09:24:18 : 784 steps taken, and 2462 accepted.
[node142:14685:0:16501] Caught signal 11 (Segmentation fault: address not mapped to object at address 0xfffffffc04c0e3a8)
BFD: DWARF error: can't find .debug_ranges section.
BFD: DWARF error: can't find .debug_ranges section.
==== backtrace (tid:  16501) ====
 0 0x0000000000021563 ucs_debug_print_backtrace()  /dev/shm/UCX/1.8.0/GCCcore-9.3.0/ucx-1.8.0/src/ucs/debug/debug.c:653
 1 0x0000000000039f63 __massivenu_MOD_thermalnubackground_rho()  ???:0
 2 0x000000000003da49 __results_MOD_grho_no_de()  ???:0
 3 0x00000000000a5f01 dtauda_()  ???:0
 4 0x000000000004cfdc __results_MOD_thermo_init._omp_fn.0()  results.f90:0
 5 0x0000000000018f09 gomp_thread_start()  team.c:0
 6 0x0000000000007ea5 start_thread()  pthread_create.c:0
 7 0x00000000000feb0d __clone()  ???:0
=================================
[node142:14685] *** Process received signal ***
[node142:14685] Signal: Segmentation fault (11)
[node142:14685] Signal code:  (-6)
[node142:14685] Failing at address: 0x8cfb80000395d
[node142:14685] [ 0] /lib64/libpthread.so.0(+0xf630)[0x7fd65faa0630]
[node142:14685] [ 1] /users/smp24dhl/cosmo/code/CAMB_beta/camb/camblib.so(__massivenu_MOD_thermalnubackground_rho+0x63)[0x7fd602fa4f63]
[node142:14685] [ 2] /users/smp24dhl/cosmo/code/CAMB_beta/camb/camblib.so(__results_MOD_grho_no_de+0xc9)[0x7fd602fa8a49]
[node142:14685] [ 3] /users/smp24dhl/cosmo/code/CAMB_beta/camb/camblib.so(dtauda_+0x61)[0x7fd603010f01]
[node142:14685] [ 4] /users/smp24dhl/cosmo/code/CAMB_beta/camb/camblib.so(+0x4cfdc)[0x7fd602fb7fdc]
[node142:14685] [ 5] /users/smp24dhl/.conda/envs/cosmos/bin/../lib/libgomp.so.1(+0x18f09)[0x7fd602f44f09]
[node142:14685] [ 6] /lib64/libpthread.so.0(+0x7ea5)[0x7fd65fa98ea5]
[node142:14685] [ 7] /lib64/libc.so.6(clone+0x6d)[0x7fd65f0b8b0d]
[node142:14685] *** End of error message ***
--------------------------------------------------------------------------
Primary job  terminated normally, but 1 process returned
a non-zero exit code. Per user-direction, the job has been aborted.
--------------------------------------------------------------------------
--------------------------------------------------------------------------
mpirun noticed that process rank 3 with PID 14685 on node node142 exited on signal 11 (Segmentation fault).
--------------------------------------------------------------------------
