R-1 = 0.037502621605585706
H_0 = 67.4^{+3.1}_{-2.6}
w_{0,\mathrm{DE}} = -0.75^{+0.24}_{-0.32}
w_{a,\mathrm{DE}} < -0.681
\beta_{\mathrm{DE}} = 4.1^{+2.8}_{-3.6}
triangle plot saved at ./chains/outputs/ACTWMAPDESI_triangle.png
parameters saved at ./chains/outputs/ACTWMAPDESI_parameters.txt
chain not converged
[0 : output] Output to be read-from/written-into folder 'chains', with prefix 'ACTWMAPDESI'
[0 : output] Found existing info files with the requested output prefix: 'chains/ACTWMAPDESI'
[0 : output] Let's try to resume/load.
[0 : output] Found an old sample. Resuming.
[0 : camb] `camb` module loaded successfully from /users/smp24dhl/cosmo/code/CAMB_beta/camb
Loading ACT DR6 lensing likelihood v1.2...
Loading ACT DR6 lensing likelihood v1.2...
Loading ACT DR6 lensing likelihood v1.2...
Loading ACT DR6 lensing likelihood v1.2...
/users/smp24dhl/cosmo/code/act_dr6_lenslike/act_dr6_lenslike/act_dr6_lenslike.py:416: UserWarning: Hartlap correction to cinv: 0.9860935524652339
  warnings.warn(f"Hartlap correction to cinv: {hartlap_correction}")
/users/smp24dhl/cosmo/code/act_dr6_lenslike/act_dr6_lenslike/act_dr6_lenslike.py:416: UserWarning: Hartlap correction to cinv: 0.9860935524652339
  warnings.warn(f"Hartlap correction to cinv: {hartlap_correction}")
/users/smp24dhl/cosmo/code/act_dr6_lenslike/act_dr6_lenslike/act_dr6_lenslike.py:416: UserWarning: Hartlap correction to cinv: 0.9860935524652339
  warnings.warn(f"Hartlap correction to cinv: {hartlap_correction}")
/users/smp24dhl/cosmo/code/act_dr6_lenslike/act_dr6_lenslike/act_dr6_lenslike.py:416: UserWarning: Hartlap correction to cinv: 0.9860935524652339
  warnings.warn(f"Hartlap correction to cinv: {hartlap_correction}")
[1 : wmaplike.wmaplike] Loaded SZ.
[3 : wmaplike.wmaplike] Loaded SZ.
[0 : wmaplike.wmaplike] Loaded SZ.
[2 : wmaplike.wmaplike] Loaded SZ.
[0 : wmaplike.wmaplike] First evaluation: Calculating largest term...
[3 : wmaplike.wmaplike] First evaluation: Calculating largest term...
[2 : wmaplike.wmaplike] First evaluation: Calculating largest term...
[1 : wmaplike.wmaplike] First evaluation: Calculating largest term...
[1 : wmaplike.wmaplike] Done finding largest term [-759.901].
[3 : wmaplike.wmaplike] Done finding largest term [-759.901].
[0 : wmaplike.wmaplike] Done finding largest term [-759.901].
[2 : wmaplike.wmaplike] Done finding largest term [-759.901].
[1 : wmaplike.wmaplike] Initialized TT gibbs.
[3 : wmaplike.wmaplike] Initialized TT gibbs.
[0 : wmaplike.wmaplike] Initialized TT gibbs.
[2 : wmaplike.wmaplike] Initialized TT gibbs.
[1 : wmaplike.wmaplike] Initialized high-l TT/TE.
[0 : wmaplike.wmaplike] Initialized high-l TT/TE.
[3 : wmaplike.wmaplike] Initialized high-l TT/TE.
[1 : bao.desi_2024_bao_all] Initialized.
[0 : bao.desi_2024_bao_all] Initialized.
[3 : bao.desi_2024_bao_all] Initialized.
[2 : wmaplike.wmaplike] Initialized high-l TT/TE.
[2 : bao.desi_2024_bao_all] Initialized.
[0 : mcmc] Resuming from previous sample!
[1 : samplecollection] Loaded 5087 sample points from 'chains/ACTWMAPDESI.2.txt'
[2 : samplecollection] Loaded 5038 sample points from 'chains/ACTWMAPDESI.3.txt'
[3 : samplecollection] Loaded 5024 sample points from 'chains/ACTWMAPDESI.4.txt'
[0 : samplecollection] Loaded 5370 sample points from 'chains/ACTWMAPDESI.1.txt'
[0 : mcmc] Initial point: yp2:1.00526, logA:3.106306, ns:0.9796422, theta_MC_100:1.042278, ombh2:0.02240671, omch2:0.1183031, w:-0.8809644, wa:-1.43836, beta_DE:6.308983, tau:0.0830768
[3 : mcmc] Initial point: yp2:0.9942871, logA:3.039753, ns:0.9752409, theta_MC_100:1.042402, ombh2:0.02206424, omch2:0.1194406, w:-0.5953038, wa:-0.9212689, beta_DE:-0.282497, tau:0.04670844
[1 : mcmc] Initial point: yp2:0.99546, logA:3.054321, ns:0.9834842, theta_MC_100:1.042494, ombh2:0.02224595, omch2:0.1183589, w:-0.6067064, wa:-1.365018, beta_DE:1.546654, tau:0.05870095
[2 : mcmc] Initial point: yp2:1.0068, logA:3.064904, ns:0.9825708, theta_MC_100:1.042549, ombh2:0.02233681, omch2:0.1170505, w:-0.7428596, wa:-1.778449, beta_DE:6.007934, tau:0.06457681
[0 : mcmc] *WARNING* Parameter blocking manually/previously fixed: speeds will not be measured.
[0 : mcmc] Dragging with number of interpolating steps:
[0 : mcmc] * 1 : (['theta_MC_100', 'ombh2', 'omch2', 'w', 'wa', 'beta_DE', 'tau'], ['logA', 'ns'])
[0 : mcmc] * 3 : (['yp2'],)
[0 : mcmc] Covariance matrix from previous sample.
[0 : mcmc] Sampling!
/users/smp24dhl/cosmo/code/pyWMAP/wmaplike/wmap.py:654: RuntimeWarning: invalid value encountered in divide
  fisher = -self.r_off_tttt / np.sqrt(TTTT * TTTT[..., np.newaxis]) + \
/users/smp24dhl/cosmo/code/pyWMAP/wmaplike/wmap.py:655: RuntimeWarning: invalid value encountered in divide
  self.epsilon / (TTTT * TTTT[..., np.newaxis])
/users/smp24dhl/cosmo/code/pyWMAP/wmaplike/wmap.py:654: RuntimeWarning: invalid value encountered in divide
  fisher = -self.r_off_tttt / np.sqrt(TTTT * TTTT[..., np.newaxis]) + \
/users/smp24dhl/cosmo/code/pyWMAP/wmaplike/wmap.py:655: RuntimeWarning: invalid value encountered in divide
  self.epsilon / (TTTT * TTTT[..., np.newaxis])
/users/smp24dhl/cosmo/code/pyWMAP/wmaplike/wmap.py:749: RuntimeWarning: invalid value encountered in divide
  fisher = -self.r_off_tete / np.sqrt(TETE * TETE[..., np.newaxis])
/users/smp24dhl/cosmo/code/pyWMAP/wmaplike/wmap.py:749: RuntimeWarning: invalid value encountered in divide
  fisher = -self.r_off_tete / np.sqrt(TETE * TETE[..., np.newaxis])
/users/smp24dhl/cosmo/code/pyWMAP/wmaplike/wmap.py:654: RuntimeWarning: invalid value encountered in divide
  fisher = -self.r_off_tttt / np.sqrt(TTTT * TTTT[..., np.newaxis]) + \
/users/smp24dhl/cosmo/code/pyWMAP/wmaplike/wmap.py:655: RuntimeWarning: invalid value encountered in divide
  self.epsilon / (TTTT * TTTT[..., np.newaxis])
/users/smp24dhl/cosmo/code/pyWMAP/wmaplike/wmap.py:749: RuntimeWarning: invalid value encountered in divide
  fisher = -self.r_off_tete / np.sqrt(TETE * TETE[..., np.newaxis])
/users/smp24dhl/cosmo/code/pyWMAP/wmaplike/wmap.py:654: RuntimeWarning: invalid value encountered in divide
  fisher = -self.r_off_tttt / np.sqrt(TTTT * TTTT[..., np.newaxis]) + \
/users/smp24dhl/cosmo/code/pyWMAP/wmaplike/wmap.py:655: RuntimeWarning: invalid value encountered in divide
  self.epsilon / (TTTT * TTTT[..., np.newaxis])
/users/smp24dhl/cosmo/code/pyWMAP/wmaplike/wmap.py:749: RuntimeWarning: invalid value encountered in divide
  fisher = -self.r_off_tete / np.sqrt(TETE * TETE[..., np.newaxis])
[3 : mcmc] Progress @ 2025-02-23 02:13:18 : 1 steps taken, and 5024 accepted.
[1 : mcmc] Progress @ 2025-02-23 02:13:29 : 1 steps taken, and 5087 accepted.
[0 : mcmc] Progress @ 2025-02-23 02:13:29 : 1 steps taken, and 5370 accepted.
[2 : mcmc] Progress @ 2025-02-23 02:13:29 : 1 steps taken, and 5038 accepted.
