[0 : output] Output to be read-from/written-into folder 'chains', with prefix 'PlanckLensingSDSS'
[0 : output] Found existing info files with the requested output prefix: 'chains/PlanckLensingSDSS'
[0 : output] Let's try to resume/load.
[0 : output] Found an old sample. Resuming.
[0 : prior] *WARNING* External prior 'SZ' loaded. Mind that it might not be normalized!
[0 : camb] `camb` module loaded successfully from /users/smp24dhl/cosmo/code/CAMB_beta/camb
[0 : planck_2018_highl_plik.ttteee] `clik` module loaded successfully from /users/smp24dhl/cosmo/code/planck/clik/lib/python3.9/site-packages/clik
----
clik version clik_16.0b1-2-g63c889f3aa9c MAKEFILE
  smica
----
clik version clik_16.0b1-2-g63c889f3aa9c MAKEFILE
  smica
----
clik version clik_16.0b1-2-g63c889f3aa9c MAKEFILE
  smica
----
clik version clik_16.0b1-2-g63c889f3aa9c MAKEFILE
  smica
Checking likelihood '/users/smp24dhl/cosmo/data/planck_2018/baseline/plc_3.0/hi_l/plik/plik_rd12_HM_v22b_TTTEEE.clik' on test data. got -1172.47 expected -1172.47 (diff -4.34054e-07)
----
Checking likelihood '/users/smp24dhl/cosmo/data/planck_2018/baseline/plc_3.0/hi_l/plik/plik_rd12_HM_v22b_TTTEEE.clik' on test data. got -1172.47 expected -1172.47 (diff -4.34054e-07)
----
Checking likelihood '/users/smp24dhl/cosmo/data/planck_2018/baseline/plc_3.0/hi_l/plik/plik_rd12_HM_v22b_TTTEEE.clik' on test data. got -1172.47 expected -1172.47 (diff -4.34054e-07)
----
Checking likelihood '/users/smp24dhl/cosmo/data/planck_2018/baseline/plc_3.0/hi_l/plik/plik_rd12_HM_v22b_TTTEEE.clik' on test data. got -1172.47 expected -1172.47 (diff -4.34054e-07)
----
Loading ACT DR6 lensing likelihood v1.2...
Loading ACT DR6 lensing likelihood v1.2...
Loading ACT DR6 lensing likelihood v1.2...
Loading ACT DR6 lensing likelihood v1.2...
/users/smp24dhl/cosmo/code/act_dr6_lenslike/act_dr6_lenslike/act_dr6_lenslike.py:416: UserWarning: Hartlap correction to cinv: 0.949874686716792
  warnings.warn(f"Hartlap correction to cinv: {hartlap_correction}")
/users/smp24dhl/cosmo/code/act_dr6_lenslike/act_dr6_lenslike/act_dr6_lenslike.py:416: UserWarning: Hartlap correction to cinv: 0.949874686716792
  warnings.warn(f"Hartlap correction to cinv: {hartlap_correction}")
/users/smp24dhl/cosmo/code/act_dr6_lenslike/act_dr6_lenslike/act_dr6_lenslike.py:416: UserWarning: Hartlap correction to cinv: 0.949874686716792
  warnings.warn(f"Hartlap correction to cinv: {hartlap_correction}")
/users/smp24dhl/cosmo/code/act_dr6_lenslike/act_dr6_lenslike/act_dr6_lenslike.py:416: UserWarning: Hartlap correction to cinv: 0.949874686716792
  warnings.warn(f"Hartlap correction to cinv: {hartlap_correction}")
[2 : bao.sdss_dr16_baoplus_lrg] Initialized.
[3 : bao.sdss_dr16_baoplus_lrg] Initialized.
[1 : bao.sdss_dr16_baoplus_lrg] Initialized.
[0 : bao.sdss_dr16_baoplus_lrg] Initialized.
[2 : bao.sdss_dr16_baoplus_qso] Initialized.
[3 : bao.sdss_dr16_baoplus_qso] Initialized.
[1 : bao.sdss_dr16_baoplus_qso] Initialized.
[0 : bao.sdss_dr16_baoplus_qso] Initialized.
[0 : mcmc] Resuming from previous sample!
[3 : samplecollection] Loaded 116 sample points from 'chains/PlanckLensingSDSS.4.txt'
[1 : samplecollection] Loaded 137 sample points from 'chains/PlanckLensingSDSS.2.txt'
[0 : samplecollection] Loaded 117 sample points from 'chains/PlanckLensingSDSS.1.txt'
[2 : samplecollection] Loaded 127 sample points from 'chains/PlanckLensingSDSS.3.txt'
[0 : mcmc] Initial point: logA:3.019738, ns:0.965261, theta_MC_100:1.041122, ombh2:0.02234988, omch2:0.121581, w:-0.4650904, wa:-1.293142, beta_DE:-0.2964899, tau:0.04513578, A_planck:0.9948301, calib_100T:1.000474, calib_217T:0.9974773, A_cib_217:49.0611, xi_sz_cib:0.5083203, A_sz:4.858032, ksz_norm:5.65444, gal545_A_100:11.82094, gal545_A_143:9.723193, gal545_A_143_217:15.29389, gal545_A_217:87.04825, ps_A_100_100:242.945, ps_A_143_143:33.36642, ps_A_143_217:32.83928, ps_A_217_217:101.9764, galf_TE_A_100:0.09785805, galf_TE_A_100_143:0.1056104, galf_TE_A_100_217:0.4995752, galf_TE_A_143:0.2142798, galf_TE_A_143_217:0.6903237, galf_TE_A_217:1.993897
[3 : mcmc] Initial point: logA:3.033565, ns:0.9677456, theta_MC_100:1.040788, ombh2:0.02240055, omch2:0.1204167, w:-0.8974084, wa:-0.4344112, beta_DE:0.8167848, tau:0.05067817, A_planck:0.9988828, calib_100T:1.000015, calib_217T:0.9984699, A_cib_217:38.83251, xi_sz_cib:0.008377049, A_sz:4.891304, ksz_norm:0.3591423, gal545_A_100:11.06703, gal545_A_143:10.17487, gal545_A_143_217:19.1158, gal545_A_217:101.8312, ps_A_100_100:273.0322, ps_A_143_143:44.49948, ps_A_143_217:33.29893, ps_A_217_217:125.3828, galf_TE_A_100:0.1218377, galf_TE_A_100_143:0.1657126, galf_TE_A_100_217:0.4641564, galf_TE_A_143:0.2523978, galf_TE_A_143_217:0.6152665, galf_TE_A_217:2.10623
[1 : mcmc] Initial point: logA:3.025759, ns:0.9644476, theta_MC_100:1.040869, ombh2:0.02236239, omch2:0.1208528, w:-0.8856037, wa:-0.2904382, beta_DE:-1.113376, tau:0.04636894, A_planck:0.9983644, calib_100T:0.9990109, calib_217T:0.9979663, A_cib_217:39.51429, xi_sz_cib:0.5794229, A_sz:7.862421, ksz_norm:0.2299576, gal545_A_100:4.711047, gal545_A_143:12.11302, gal545_A_143_217:25.30037, gal545_A_217:107.027, ps_A_100_100:277.2203, ps_A_143_143:53.90943, ps_A_143_217:53.48436, ps_A_217_217:131.0745, galf_TE_A_100:0.07429689, galf_TE_A_100_143:0.1653897, galf_TE_A_100_217:0.5113092, galf_TE_A_143:0.3574041, galf_TE_A_143_217:0.6804491, galf_TE_A_217:2.150397
[2 : mcmc] Initial point: logA:3.051376, ns:0.969329, theta_MC_100:1.041668, ombh2:0.02258346, omch2:0.1189102, w:-0.7136976, wa:-0.8091137, beta_DE:0.5625149, tau:0.05450853, A_planck:1.002787, calib_100T:1.000306, calib_217T:0.9980058, A_cib_217:41.27972, xi_sz_cib:0.9127866, A_sz:7.622865, ksz_norm:1.661443, gal545_A_100:10.38402, gal545_A_143:10.03758, gal545_A_143_217:19.75054, gal545_A_217:93.14101, ps_A_100_100:191.2051, ps_A_143_143:40.52185, ps_A_143_217:50.06366, ps_A_217_217:122.2008, galf_TE_A_100:0.08871195, galf_TE_A_100_143:0.09267558, galf_TE_A_100_217:0.4679853, galf_TE_A_143:0.2051847, galf_TE_A_143_217:0.6435522, galf_TE_A_217:1.697268
[0 : mcmc] *WARNING* Parameter blocking manually/previously fixed: speeds will not be measured.
[0 : mcmc] Dragging with number of interpolating steps:
[0 : mcmc] *  1 : (['theta_MC_100', 'ombh2', 'omch2', 'w', 'wa', 'beta_DE', 'tau'], ['logA', 'ns'])
[0 : mcmc] * 12 : (['A_planck'], ['calib_100T', 'calib_217T', 'A_cib_217', 'xi_sz_cib', 'A_sz', 'ksz_norm', 'gal545_A_100', 'gal545_A_143', 'gal545_A_143_217', 'gal545_A_217', 'ps_A_100_100', 'ps_A_143_143', 'ps_A_143_217', 'ps_A_217_217', 'galf_TE_A_100', 'galf_TE_A_100_143', 'galf_TE_A_100_217', 'galf_TE_A_143', 'galf_TE_A_143_217', 'galf_TE_A_217'])
[0 : mcmc] Covariance matrix from previous sample.
[0 : mcmc] Sampling!
[3 : mcmc] Progress @ 2025-02-19 17:15:16 : 1 steps taken, and 116 accepted.
[1 : mcmc] Progress @ 2025-02-19 17:15:45 : 1 steps taken, and 137 accepted.
[2 : mcmc] Progress @ 2025-02-19 17:15:45 : 1 steps taken, and 127 accepted.
[0 : mcmc] Progress @ 2025-02-19 17:15:45 : 1 steps taken, and 117 accepted.
[3 : mcmc] Progress @ 2025-02-19 17:16:29 : 14 steps taken, and 117 accepted.
[2 : mcmc] Progress @ 2025-02-19 17:16:47 : 7 steps taken, and 127 accepted.
[0 : mcmc] Progress @ 2025-02-19 17:16:48 : 8 steps taken, and 118 accepted.
[1 : mcmc] Progress @ 2025-02-19 17:16:56 : 13 steps taken, and 137 accepted.
[node025:19997:0:19997] Caught signal 11 (Segmentation fault: address not mapped to object at address 0xfffffffc04743388)
BFD: DWARF error: can't find .debug_ranges section.
BFD: DWARF error: can't find .debug_ranges section.
BFD: DWARF error: can't find .debug_ranges section.
BFD: DWARF error: can't find .debug_ranges section.
BFD: DWARF error: can't find .debug_ranges section.
BFD: DWARF error: can't find .debug_ranges section.
BFD: DWARF error: can't find .debug_ranges section.
BFD: DWARF error: can't find .debug_ranges section.
BFD: DWARF error: can't find .debug_ranges section.
BFD: DWARF error: can't find .debug_ranges section.
BFD: DWARF error: can't find .debug_ranges section.
BFD: DWARF error: can't find .debug_ranges section.
BFD: DWARF error: can't find .debug_ranges section.
BFD: DWARF error: can't find .debug_ranges section.
BFD: DWARF error: can't find .debug_ranges section.
BFD: DWARF error: can't find .debug_ranges section.
BFD: DWARF error: can't find .debug_ranges section.
BFD: DWARF error: can't find .debug_ranges section.
BFD: DWARF error: can't find .debug_ranges section.
BFD: DWARF error: can't find .debug_ranges section.
BFD: DWARF error: can't find .debug_ranges section.
BFD: DWARF error: can't find .debug_ranges section.
BFD: DWARF error: can't find .debug_ranges section.
BFD: DWARF error: can't find .debug_ranges section.
BFD: DWARF error: can't find .debug_ranges section.
BFD: DWARF error: can't find .debug_ranges section.
BFD: DWARF error: can't find .debug_ranges section.
BFD: DWARF error: can't find .debug_ranges section.
BFD: DWARF error: can't find .debug_ranges section.
BFD: DWARF error: can't find .debug_ranges section.
BFD: DWARF error: can't find .debug_ranges section.
BFD: DWARF error: can't find .debug_ranges section.
BFD: DWARF error: can't find .debug_ranges section.
BFD: DWARF error: can't find .debug_ranges section.
BFD: DWARF error: can't find .debug_ranges section.
BFD: DWARF error: can't find .debug_ranges section.
BFD: DWARF error: can't find .debug_ranges section.
BFD: DWARF error: can't find .debug_ranges section.
BFD: DWARF error: can't find .debug_ranges section.
BFD: DWARF error: can't find .debug_ranges section.
BFD: DWARF error: can't find .debug_ranges section.
BFD: DWARF error: can't find .debug_ranges section.
BFD: DWARF error: can't find .debug_ranges section.
BFD: DWARF error: can't find .debug_ranges section.
BFD: DWARF error: can't find .debug_ranges section.
BFD: DWARF error: can't find .debug_ranges section.
BFD: DWARF error: can't find .debug_ranges section.
BFD: DWARF error: can't find .debug_ranges section.
BFD: DWARF error: can't find .debug_ranges section.
BFD: DWARF error: can't find .debug_ranges section.
BFD: DWARF error: can't find .debug_ranges section.
BFD: DWARF error: can't find .debug_ranges section.
BFD: DWARF error: can't find .debug_ranges section.
BFD: DWARF error: can't find .debug_ranges section.
BFD: DWARF error: can't find .debug_ranges section.
BFD: DWARF error: can't find .debug_ranges section.
BFD: DWARF error: can't find .debug_ranges section.
BFD: DWARF error: can't find .debug_ranges section.
BFD: DWARF error: can't find .debug_ranges section.
BFD: DWARF error: can't find .debug_ranges section.
BFD: DWARF error: can't find .debug_ranges section.
BFD: DWARF error: can't find .debug_ranges section.
BFD: DWARF error: can't find .debug_ranges section.
BFD: DWARF error: can't find .debug_ranges section.
BFD: DWARF error: can't find .debug_ranges section.
BFD: DWARF error: can't find .debug_ranges section.
BFD: DWARF error: can't find .debug_ranges section.
BFD: DWARF error: can't find .debug_ranges section.
BFD: DWARF error: can't find .debug_ranges section.
BFD: DWARF error: can't find .debug_ranges section.
BFD: DWARF error: can't find .debug_ranges section.
BFD: DWARF error: can't find .debug_ranges section.
BFD: DWARF error: can't find .debug_ranges section.
BFD: DWARF error: can't find .debug_ranges section.
BFD: DWARF error: can't find .debug_ranges section.
BFD: DWARF error: can't find .debug_ranges section.
BFD: DWARF error: can't find .debug_ranges section.
BFD: DWARF error: can't find .debug_ranges section.
BFD: DWARF error: can't find .debug_ranges section.
BFD: DWARF error: can't find .debug_ranges section.
BFD: DWARF error: can't find .debug_ranges section.
BFD: DWARF error: can't find .debug_ranges section.
BFD: DWARF error: can't find .debug_ranges section.
BFD: DWARF error: can't find .debug_ranges section.
BFD: DWARF error: can't find .debug_ranges section.
BFD: DWARF error: can't find .debug_ranges section.
BFD: DWARF error: can't find .debug_ranges section.
BFD: DWARF error: can't find .debug_ranges section.
BFD: DWARF error: can't find .debug_ranges section.
BFD: DWARF error: can't find .debug_ranges section.
==== backtrace (tid:  19997) ====
 0 0x0000000000021563 ucs_debug_print_backtrace()  /dev/shm/UCX/1.8.0/GCCcore-9.3.0/ucx-1.8.0/src/ucs/debug/debug.c:653
 1 0x0000000000039f63 __massivenu_MOD_thermalnubackground_rho()  ???:0
 2 0x000000000003da49 __results_MOD_grho_no_de()  ???:0
 3 0x00000000000a5f01 dtauda_()  ???:0
 4 0x000000000004cfdc __results_MOD_thermo_init._omp_fn.0()  results.f90:0
 5 0x0000000000014295 GOMP_parallel_sections()  ???:0
 6 0x000000000004f7c2 __results_MOD_thermo_init()  ???:0
 7 0x00000000000f3923 __cambmain_MOD_initvars()  ???:0
 8 0x00000000000f9bff __cambmain_MOD_cmbmain()  ???:0
 9 0x0000000000105846 __camb_MOD_camb_getresults()  ???:0
10 0x00000000001104df __handles_MOD_cambdata_gettransfers()  ???:0
11 0x0000000000006a4a ffi_call_unix64()  :0
12 0x0000000000005fea ffi_call_int()  ffi64.c:0
13 0x00000000000091e0 _ctypes_callproc.cold()  :0
14 0x00000000000126ee PyCFuncPtr_call()  :0
15 0x00000000004f061c _PyObject_MakeTpCall()  ???:0
16 0x00000000004ec4f7 _PyEval_EvalFrameDefault()  ???:0
17 0x00000000004e694a _PyEval_EvalCode()  :0
18 0x000000000050500d method_vectorcall()  :0
19 0x00000000004e8a8b _PyEval_EvalFrameDefault()  ???:0
20 0x00000000004e694a _PyEval_EvalCode()  :0
21 0x00000000004f7d95 _PyFunction_Vectorcall()  ???:0
22 0x00000000004e8a8b _PyEval_EvalFrameDefault()  ???:0
23 0x00000000004e694a _PyEval_EvalCode()  :0
24 0x000000000050500d method_vectorcall()  :0
25 0x0000000000505744 PyObject_Call()  ???:0
26 0x00000000004eac68 _PyEval_EvalFrameDefault()  ???:0
27 0x00000000004e694a _PyEval_EvalCode()  :0
28 0x000000000050500d method_vectorcall()  :0
29 0x00000000004e8a8b _PyEval_EvalFrameDefault()  ???:0
30 0x00000000004e694a _PyEval_EvalCode()  :0
31 0x000000000050500d method_vectorcall()  :0
32 0x00000000004e8a8b _PyEval_EvalFrameDefault()  ???:0
33 0x00000000004e694a _PyEval_EvalCode()  :0
34 0x00000000004f7d95 _PyFunction_Vectorcall()  ???:0
35 0x00000000004e7edc _PyEval_EvalFrameDefault()  ???:0
36 0x00000000004f8073 function_code_fastcall()  :0
37 0x0000000000504f01 method_vectorcall()  :0
38 0x00000000004ec5b4 _PyEval_EvalFrameDefault()  ???:0
39 0x00000000004f8073 function_code_fastcall()  :0
40 0x00000000004e7edc _PyEval_EvalFrameDefault()  ???:0
41 0x00000000004e694a _PyEval_EvalCode()  :0
42 0x00000000004f7d95 _PyFunction_Vectorcall()  ???:0
43 0x0000000000505744 PyObject_Call()  ???:0
44 0x00000000004eac68 _PyEval_EvalFrameDefault()  ???:0
45 0x00000000004f8073 function_code_fastcall()  :0
46 0x00000000004e7c22 _PyEval_EvalFrameDefault()  ???:0
47 0x00000000004e694a _PyEval_EvalCode()  :0
48 0x00000000004e65d7 _PyEval_EvalCodeWithName()  ???:0
49 0x00000000004e6589 PyEval_EvalCodeEx()  ???:0
50 0x0000000000593f2b PyEval_EvalCode()  ???:0
51 0x00000000005c1697 run_eval_code_obj()  :0
52 0x00000000005bd6b0 run_mod()  :0
53 0x00000000004565eb pyrun_file.cold()  :0
54 0x00000000005b7392 PyRun_SimpleFileExFlags()  ???:0
55 0x00000000005b490e Py_RunMain()  ???:0
56 0x0000000000587fd9 Py_BytesMain()  ???:0
57 0x0000000000022555 __libc_start_main()  ???:0
=================================
[node025:19997] *** Process received signal ***
[node025:19997] Signal: Segmentation fault (11)
[node025:19997] Signal code:  (-6)
[node025:19997] Failing at address: 0x8cfb800004e1d
[node025:19997] [ 0] /lib64/libpthread.so.0(+0xf630)[0x7f39f6b09630]
[node025:19997] [ 1] /users/smp24dhl/cosmo/code/CAMB_beta/camb/camblib.so(__massivenu_MOD_thermalnubackground_rho+0x63)[0x7f39d53c2f63]
[node025:19997] [ 2] /users/smp24dhl/cosmo/code/CAMB_beta/camb/camblib.so(__results_MOD_grho_no_de+0xc9)[0x7f39d53c6a49]
[node025:19997] [ 3] /users/smp24dhl/cosmo/code/CAMB_beta/camb/camblib.so(dtauda_+0x61)[0x7f39d542ef01]
[node025:19997] [ 4] /users/smp24dhl/cosmo/code/CAMB_beta/camb/camblib.so(+0x4cfdc)[0x7f39d53d5fdc]
[node025:19997] [ 5] /users/smp24dhl/.conda/envs/cosmos/bin/../lib/libgomp.so.1(GOMP_parallel_sections+0x80)[0x7f39d535e295]
[node025:19997] [ 6] /users/smp24dhl/cosmo/code/CAMB_beta/camb/camblib.so(__results_MOD_thermo_init+0x12d2)[0x7f39d53d87c2]
[node025:19997] [ 7] /users/smp24dhl/cosmo/code/CAMB_beta/camb/camblib.so(__cambmain_MOD_initvars+0x193)[0x7f39d547c923]
[node025:19997] [ 8] /users/smp24dhl/cosmo/code/CAMB_beta/camb/camblib.so(__cambmain_MOD_cmbmain+0xbf)[0x7f39d5482bff]
[node025:19997] [ 9] /users/smp24dhl/cosmo/code/CAMB_beta/camb/camblib.so(__camb_MOD_camb_getresults+0x2986)[0x7f39d548e846]
[node025:19997] [10] /users/smp24dhl/cosmo/code/CAMB_beta/camb/camblib.so(__handles_MOD_cambdata_gettransfers+0x1f)[0x7f39d54994df]
[node025:19997] [11] /users/smp24dhl/.conda/envs/cosmos/lib/python3.9/lib-dynload/../../libffi.so.8(+0x6a4a)[0x7f39f6dc4a4a]
[node025:19997] [12] /users/smp24dhl/.conda/envs/cosmos/lib/python3.9/lib-dynload/../../libffi.so.8(+0x5fea)[0x7f39f6dc3fea]
[node025:19997] [13] /users/smp24dhl/.conda/envs/cosmos/lib/python3.9/lib-dynload/_ctypes.cpython-39-x86_64-linux-gnu.so(+0x91e0)[0x7f39ecac31e0]
[node025:19997] [14] /users/smp24dhl/.conda/envs/cosmos/lib/python3.9/lib-dynload/_ctypes.cpython-39-x86_64-linux-gnu.so(+0x126ee)[0x7f39ecacc6ee]
[node025:19997] [15] /users/smp24dhl/.conda/envs/cosmos/bin/python(_PyObject_MakeTpCall+0x2ec)[0x4f061c]
[node025:19997] [16] /users/smp24dhl/.conda/envs/cosmos/bin/python(_PyEval_EvalFrameDefault+0x4ca7)[0x4ec4f7]
[node025:19997] [17] /users/smp24dhl/.conda/envs/cosmos/bin/python[0x4e694a]
[node025:19997] [18] /users/smp24dhl/.conda/envs/cosmos/bin/python[0x50500d]
[node025:19997] [19] /users/smp24dhl/.conda/envs/cosmos/bin/python(_PyEval_EvalFrameDefault+0x123b)[0x4e8a8b]
[node025:19997] [20] /users/smp24dhl/.conda/envs/cosmos/bin/python[0x4e694a]
[node025:19997] [21] /users/smp24dhl/.conda/envs/cosmos/bin/python(_PyFunction_Vectorcall+0xd5)[0x4f7d95]
[node025:19997] [22] /users/smp24dhl/.conda/envs/cosmos/bin/python(_PyEval_EvalFrameDefault+0x123b)[0x4e8a8b]
[node025:19997] [23] /users/smp24dhl/.conda/envs/cosmos/bin/python[0x4e694a]
[node025:19997] [24] /users/smp24dhl/.conda/envs/cosmos/bin/python[0x50500d]
[node025:19997] [25] /users/smp24dhl/.conda/envs/cosmos/bin/python(PyObject_Call+0xb4)[0x505744]
[node025:19997] [26] /users/smp24dhl/.conda/envs/cosmos/bin/python(_PyEval_EvalFrameDefault+0x3418)[0x4eac68]
[node025:19997] [27] /users/smp24dhl/.conda/envs/cosmos/bin/python[0x4e694a]
[node025:19997] [28] /users/smp24dhl/.conda/envs/cosmos/bin/python[0x50500d]
[node025:19997] [29] /users/smp24dhl/.conda/envs/cosmos/bin/python(_PyEval_EvalFrameDefault+0x123b)[0x4e8a8b]
[node025:19997] *** End of error message ***
--------------------------------------------------------------------------
Primary job  terminated normally, but 1 process returned
a non-zero exit code. Per user-direction, the job has been aborted.
--------------------------------------------------------------------------
--------------------------------------------------------------------------
mpirun noticed that process rank 0 with PID 19997 on node node025 exited on signal 11 (Segmentation fault).
--------------------------------------------------------------------------
