[0 : output] Output to be read-from/written-into folder 'chains', with prefix 'act-full'
[0 : output] Found existing info files with the requested output prefix: 'chains/act-full'
[0 : output] Let's try to resume/load.
[0 : output] Found an old sample. Resuming.
[0 : prior] *WARNING* External prior 'SZ' loaded. Mind that it might not be normalized!

libgomp: Invalid value for environment variable OMP_NUM_THREADS: 

libgomp: Invalid value for environment variable OMP_NUM_THREADS: 

libgomp: Invalid value for environment variable OMP_NUM_THREADS: 

libgomp: Invalid value for environment variable OMP_NUM_THREADS: 
[0 : camb] `camb` module loaded successfully from /users/smp24dhl/cosmo/code/CAMB_beta/camb
[0 : planck_2018_highl_plik.ttteee] `clik` module loaded successfully from /users/smp24dhl/cosmo/code/planck/clik/lib/python3.9/site-packages/clik
----
clik version clik_16.0b1-2-g63c889f3aa9c MAKEFILE
  smica
----
clik version clik_16.0b1-2-g63c889f3aa9c MAKEFILE
  smica
----
clik version clik_16.0b1-2-g63c889f3aa9c MAKEFILE
  smica
----
clik version clik_16.0b1-2-g63c889f3aa9c MAKEFILE
  smica
Checking likelihood '/users/smp24dhl/cosmo/data/planck_2018/baseline/plc_3.0/hi_l/plik/plik_rd12_HM_v22b_TTTEEE.clik' on test data. got -1172.47 expected -1172.47 (diff -4.34057e-07)
Checking likelihood '/users/smp24dhl/cosmo/data/planck_2018/baseline/plc_3.0/hi_l/plik/plik_rd12_HM_v22b_TTTEEE.clik' on test data. got -1172.47 expected -1172.47 (diff -4.34056e-07)
----
Loading ACT DR6 lensing likelihood v1.2...
----
Checking likelihood '/users/smp24dhl/cosmo/data/planck_2018/baseline/plc_3.0/hi_l/plik/plik_rd12_HM_v22b_TTTEEE.clik' on test data. got -1172.47 expected -1172.47 (diff -4.34057e-07)
Loading ACT DR6 lensing likelihood v1.2...
Checking likelihood '/users/smp24dhl/cosmo/data/planck_2018/baseline/plc_3.0/hi_l/plik/plik_rd12_HM_v22b_TTTEEE.clik' on test data. got -1172.47 expected -1172.47 (diff -4.34057e-07)
----
----
Loading ACT DR6 lensing likelihood v1.2...
Loading ACT DR6 lensing likelihood v1.2...
/users/smp24dhl/cosmo/code/act_dr6_lenslike/act_dr6_lenslike/act_dr6_lenslike.py:416: UserWarning: Hartlap correction to cinv: 0.949874686716792
  warnings.warn(f"Hartlap correction to cinv: {hartlap_correction}")
/users/smp24dhl/cosmo/code/act_dr6_lenslike/act_dr6_lenslike/act_dr6_lenslike.py:416: UserWarning: Hartlap correction to cinv: 0.949874686716792
  warnings.warn(f"Hartlap correction to cinv: {hartlap_correction}")
/users/smp24dhl/cosmo/code/act_dr6_lenslike/act_dr6_lenslike/act_dr6_lenslike.py:416: UserWarning: Hartlap correction to cinv: 0.949874686716792
  warnings.warn(f"Hartlap correction to cinv: {hartlap_correction}")
/users/smp24dhl/cosmo/code/act_dr6_lenslike/act_dr6_lenslike/act_dr6_lenslike.py:416: UserWarning: Hartlap correction to cinv: 0.949874686716792
  warnings.warn(f"Hartlap correction to cinv: {hartlap_correction}")
[2 : bao.desi_2024_bao_all] Initialized.
[0 : bao.desi_2024_bao_all] Initialized.
[1 : bao.desi_2024_bao_all] Initialized.
[3 : bao.desi_2024_bao_all] Initialized.
[0 : mcmc] Resuming from previous sample!
[3 : samplecollection] Loaded 3623 sample points from 'chains/act-full.4.txt'
[0 : samplecollection] Loaded 3361 sample points from 'chains/act-full.1.txt'
[2 : samplecollection] Loaded 3486 sample points from 'chains/act-full.3.txt'
[1 : samplecollection] Loaded 3511 sample points from 'chains/act-full.2.txt'
[0 : mcmc] Initial point: logA:3.041825, ns:0.9663506, theta_MC_100:1.040902, ombh2:0.02263429, omch2:0.1186966, w:-0.8740225, wa:-0.3864437, beta_DE:0.4892286, tau:0.05342022, A_planck:1.001095, calib_100T:0.9995316, calib_217T:0.9984619, A_cib_217:46.09813, xi_sz_cib:0.9985577, A_sz:5.055138, ksz_norm:6.767358, gal545_A_100:6.304492, gal545_A_143:11.09541, gal545_A_143_217:21.31956, gal545_A_217:98.70856, ps_A_100_100:289.7878, ps_A_143_143:42.12194, ps_A_143_217:38.52392, ps_A_217_217:103.567, galf_TE_A_100:0.08161753, galf_TE_A_100_143:0.08372863, galf_TE_A_100_217:0.5296181, galf_TE_A_143:0.2279578, galf_TE_A_143_217:0.6570986, galf_TE_A_217:2.446636
[1 : mcmc] Initial point: logA:3.053114, ns:0.9700132, theta_MC_100:1.04126, ombh2:0.02230119, omch2:0.1185738, w:-0.8671818, wa:-0.4474976, beta_DE:0.8997864, tau:0.05732257, A_planck:1.004288, calib_100T:0.9994688, calib_217T:0.9983588, A_cib_217:52.24126, xi_sz_cib:0.1257499, A_sz:6.598976, ksz_norm:2.601155, gal545_A_100:10.13361, gal545_A_143:12.57278, gal545_A_143_217:19.60805, gal545_A_217:96.03924, ps_A_100_100:271.6236, ps_A_143_143:40.48275, ps_A_143_217:34.4737, ps_A_217_217:106.9021, galf_TE_A_100:0.08933527, galf_TE_A_100_143:0.1586551, galf_TE_A_100_217:0.4315259, galf_TE_A_143:0.1974214, galf_TE_A_143_217:0.7844962, galf_TE_A_217:2.536128
[2 : mcmc] Initial point: logA:3.031598, ns:0.9697049, theta_MC_100:1.040546, ombh2:0.02252607, omch2:0.1206348, w:-0.8750674, wa:-0.6294213, beta_DE:0.2700041, tau:0.0444702, A_planck:1.003503, calib_100T:0.9999538, calib_217T:0.9998408, A_cib_217:46.85377, xi_sz_cib:0.8901426, A_sz:8.587654, ksz_norm:4.000169, gal545_A_100:6.504486, gal545_A_143:7.271731, gal545_A_143_217:24.44584, gal545_A_217:103.0611, ps_A_100_100:223.6375, ps_A_143_143:46.17835, ps_A_143_217:46.88114, ps_A_217_217:108.7071, galf_TE_A_100:0.05883279, galf_TE_A_100_143:0.08892524, galf_TE_A_100_217:0.5483942, galf_TE_A_143:0.1188923, galf_TE_A_143_217:0.5281141, galf_TE_A_217:1.724199
[3 : mcmc] Initial point: logA:3.025027, ns:0.961252, theta_MC_100:1.040933, ombh2:0.02202856, omch2:0.1213244, w:-0.8748519, wa:-0.4482201, beta_DE:-0.06872617, tau:0.04835925, A_planck:0.9970976, calib_100T:0.9988341, calib_217T:0.9988968, A_cib_217:57.88486, xi_sz_cib:0.2522053, A_sz:4.81443, ksz_norm:8.742087, gal545_A_100:8.537553, gal545_A_143:11.35602, gal545_A_143_217:14.95958, gal545_A_217:84.36191, ps_A_100_100:231.7605, ps_A_143_143:33.09489, ps_A_143_217:29.74082, ps_A_217_217:94.7069, galf_TE_A_100:0.1098607, galf_TE_A_100_143:0.1737616, galf_TE_A_100_217:0.5551167, galf_TE_A_143:0.2799971, galf_TE_A_143_217:0.7411898, galf_TE_A_217:2.330819
[0 : mcmc] *WARNING* Parameter blocking manually/previously fixed: speeds will not be measured.
[0 : mcmc] Dragging with number of interpolating steps:
[0 : mcmc] *  1 : (['theta_MC_100', 'ombh2', 'omch2', 'w', 'wa', 'beta_DE', 'tau'], ['logA', 'ns'])
[0 : mcmc] * 12 : (['A_planck'], ['calib_100T', 'calib_217T', 'A_cib_217', 'xi_sz_cib', 'A_sz', 'ksz_norm', 'gal545_A_100', 'gal545_A_143', 'gal545_A_143_217', 'gal545_A_217', 'ps_A_100_100', 'ps_A_143_143', 'ps_A_143_217', 'ps_A_217_217', 'galf_TE_A_100', 'galf_TE_A_100_143', 'galf_TE_A_100_217', 'galf_TE_A_143', 'galf_TE_A_143_217', 'galf_TE_A_217'])
[0 : mcmc] Covariance matrix from previous sample.
[0 : mcmc] Sampling!
[1 : mcmc] Progress @ 2025-02-05 17:11:20 : 1 steps taken, and 3511 accepted.
[3 : mcmc] Progress @ 2025-02-05 17:11:20 : 1 steps taken, and 3623 accepted.
[2 : mcmc] Progress @ 2025-02-05 17:11:20 : 1 steps taken, and 3486 accepted.
[0 : mcmc] Progress @ 2025-02-05 17:11:22 : 1 steps taken, and 3361 accepted.
[3 : mcmc] Progress @ 2025-02-05 17:12:28 : 5 steps taken, and 3624 accepted.
[2 : mcmc] Progress @ 2025-02-05 17:12:36 : 4 steps taken, and 3486 accepted.
[1 : mcmc] Progress @ 2025-02-05 17:12:38 : 4 steps taken, and 3512 accepted.
[0 : mcmc] Progress @ 2025-02-05 17:12:47 : 5 steps taken, and 3362 accepted.
[3 : mcmc] Progress @ 2025-02-05 17:13:37 : 8 steps taken, and 3625 accepted.
[1 : mcmc] Progress @ 2025-02-05 17:13:59 : 8 steps taken, and 3515 accepted.
[2 : mcmc] Progress @ 2025-02-05 17:14:02 : 8 steps taken, and 3487 accepted.
[0 : mcmc] Progress @ 2025-02-05 17:14:06 : 8 steps taken, and 3363 accepted.
[3 : mcmc] Progress @ 2025-02-05 17:14:59 : 12 steps taken, and 3626 accepted.
[1 : mcmc] Progress @ 2025-02-05 17:15:15 : 13 steps taken, and 3516 accepted.
[0 : mcmc] Progress @ 2025-02-05 17:15:17 : 11 steps taken, and 3363 accepted.
[2 : mcmc] Progress @ 2025-02-05 17:15:25 : 11 steps taken, and 3488 accepted.
[3 : mcmc] Progress @ 2025-02-05 17:16:12 : 15 steps taken, and 3627 accepted.
[1 : mcmc] Progress @ 2025-02-05 17:16:24 : 16 steps taken, and 3517 accepted.
[0 : mcmc] Progress @ 2025-02-05 17:16:36 : 14 steps taken, and 3364 accepted.
[2 : mcmc] Progress @ 2025-02-05 17:16:38 : 14 steps taken, and 3489 accepted.
[3 : mcmc] Progress @ 2025-02-05 17:17:25 : 18 steps taken, and 3629 accepted.
[1 : mcmc] Progress @ 2025-02-05 17:17:37 : 21 steps taken, and 3519 accepted.
[2 : mcmc] Progress @ 2025-02-05 17:17:48 : 17 steps taken, and 3490 accepted.
[0 : mcmc] Progress @ 2025-02-05 17:17:59 : 17 steps taken, and 3365 accepted.
[3 : mcmc] Progress @ 2025-02-05 17:18:37 : 21 steps taken, and 3630 accepted.
[1 : mcmc] Progress @ 2025-02-05 17:18:50 : 24 steps taken, and 3520 accepted.
[0 : mcmc] Progress @ 2025-02-05 17:18:59 : 20 steps taken, and 3366 accepted.
[2 : mcmc] Progress @ 2025-02-05 17:19:06 : 20 steps taken, and 3490 accepted.
[1 : mcmc] Progress @ 2025-02-05 17:19:59 : 28 steps taken, and 3521 accepted.
[3 : mcmc] Progress @ 2025-02-05 17:20:00 : 24 steps taken, and 3630 accepted.
[0 : mcmc] Progress @ 2025-02-05 17:20:12 : 23 steps taken, and 3369 accepted.
[2 : mcmc] Progress @ 2025-02-05 17:20:29 : 23 steps taken, and 3490 accepted.
[1 : mcmc] Progress @ 2025-02-05 17:21:10 : 31 steps taken, and 3523 accepted.
[3 : mcmc] Progress @ 2025-02-05 17:21:11 : 28 steps taken, and 3631 accepted.
[0 : mcmc] Progress @ 2025-02-05 17:21:31 : 26 steps taken, and 3371 accepted.
[2 : mcmc] Progress @ 2025-02-05 17:21:55 : 27 steps taken, and 3492 accepted.
[3 : mcmc] Progress @ 2025-02-05 17:22:24 : 31 steps taken, and 3633 accepted.
[1 : mcmc] Progress @ 2025-02-05 17:22:29 : 34 steps taken, and 3524 accepted.
[0 : mcmc] Progress @ 2025-02-05 17:22:43 : 29 steps taken, and 3373 accepted.
[2 : mcmc] Progress @ 2025-02-05 17:23:01 : 30 steps taken, and 3493 accepted.
[3 : mcmc] Progress @ 2025-02-05 17:23:34 : 34 steps taken, and 3633 accepted.
[1 : mcmc] Progress @ 2025-02-05 17:23:35 : 37 steps taken, and 3525 accepted.
[0 : mcmc] Progress @ 2025-02-05 17:23:52 : 32 steps taken, and 3374 accepted.
[2 : mcmc] Progress @ 2025-02-05 17:24:06 : 33 steps taken, and 3494 accepted.
[3 : mcmc] Progress @ 2025-02-05 17:24:47 : 38 steps taken, and 3634 accepted.
[1 : mcmc] Progress @ 2025-02-05 17:24:53 : 40 steps taken, and 3526 accepted.
[0 : mcmc] Progress @ 2025-02-05 17:25:12 : 35 steps taken, and 3375 accepted.
[2 : mcmc] Progress @ 2025-02-05 17:25:22 : 36 steps taken, and 3496 accepted.
[3 : mcmc] Progress @ 2025-02-05 17:25:51 : 41 steps taken, and 3637 accepted.
[1 : mcmc] Progress @ 2025-02-05 17:26:01 : 44 steps taken, and 3526 accepted.
[0 : mcmc] Progress @ 2025-02-05 17:26:22 : 38 steps taken, and 3375 accepted.
[2 : mcmc] Progress @ 2025-02-05 17:26:31 : 40 steps taken, and 3497 accepted.
[3 : mcmc] Progress @ 2025-02-05 17:27:10 : 45 steps taken, and 3638 accepted.
[1 : mcmc] Progress @ 2025-02-05 17:27:13 : 48 steps taken, and 3527 accepted.
[0 : mcmc] Progress @ 2025-02-05 17:27:27 : 41 steps taken, and 3376 accepted.
[2 : mcmc] Progress @ 2025-02-05 17:27:46 : 43 steps taken, and 3498 accepted.
[3 : mcmc] Progress @ 2025-02-05 17:28:15 : 48 steps taken, and 3638 accepted.
[node143:35204:0:35395] Caught signal 11 (Segmentation fault: address not mapped to object at address 0xfffffffc05d23b28)
BFD: DWARF error: can't find .debug_ranges section.
BFD: DWARF error: can't find .debug_ranges section.
==== backtrace (tid:  35395) ====
 0 0x0000000000021563 ucs_debug_print_backtrace()  /dev/shm/UCX/1.8.0/GCCcore-9.3.0/ucx-1.8.0/src/ucs/debug/debug.c:653
 1 0x0000000000039f63 __massivenu_MOD_thermalnubackground_rho()  ???:0
 2 0x000000000003da49 __results_MOD_grho_no_de()  ???:0
 3 0x00000000000a5f01 dtauda_()  ???:0
 4 0x000000000004cfdc __results_MOD_thermo_init._omp_fn.0()  results.f90:0
 5 0x0000000000018f09 gomp_thread_start()  team.c:0
 6 0x0000000000007ea5 start_thread()  pthread_create.c:0
 7 0x00000000000feb0d __clone()  ???:0
=================================
[node143:35204] *** Process received signal ***
[node143:35204] Signal: Segmentation fault (11)
[node143:35204] Signal code:  (-6)
[node143:35204] Failing at address: 0x8cfb800008984
[node143:35204] [ 0] /lib64/libpthread.so.0(+0xf630)[0x7fe657686630]
[node143:35204] [ 1] /users/smp24dhl/cosmo/code/CAMB_beta/camb/camblib.so(__massivenu_MOD_thermalnubackground_rho+0x63)[0x7fe61cb99f63]
[node143:35204] [ 2] /users/smp24dhl/cosmo/code/CAMB_beta/camb/camblib.so(__results_MOD_grho_no_de+0xc9)[0x7fe61cb9da49]
[node143:35204] [ 3] /users/smp24dhl/cosmo/code/CAMB_beta/camb/camblib.so(dtauda_+0x61)[0x7fe61cc05f01]
[node143:35204] [ 4] /users/smp24dhl/cosmo/code/CAMB_beta/camb/camblib.so(+0x4cfdc)[0x7fe61cbacfdc]
[node143:35204] [ 5] /users/smp24dhl/.conda/envs/cosmos/bin/../lib/libgomp.so.1(+0x18f09)[0x7fe61cb39f09]
[node143:35204] [ 6] /lib64/libpthread.so.0(+0x7ea5)[0x7fe65767eea5]
[node143:35204] [ 7] /lib64/libc.so.6(clone+0x6d)[0x7fe656c9eb0d]
[node143:35204] *** End of error message ***
--------------------------------------------------------------------------
Primary job  terminated normally, but 1 process returned
a non-zero exit code. Per user-direction, the job has been aborted.
--------------------------------------------------------------------------
--------------------------------------------------------------------------
mpirun noticed that process rank 3 with PID 35204 on node node143 exited on signal 11 (Segmentation fault).
--------------------------------------------------------------------------
