[0 : output] Output to be read-from/written-into folder 'chains', with prefix 'noHalo'
[0 : output] Found existing info files with the requested output prefix: 'chains/noHalo'
[0 : output] Let's try to resume/load.
[0 : output] Found an old sample. Resuming.
[0 : prior] *WARNING* External prior 'SZ' loaded. Mind that it might not be normalized!
[0 : camb] `camb` module loaded successfully from /users/smp24dhl/cosmo/code/CAMB_beta/camb
[0 : planck_2018_highl_plik.ttteee] `clik` module loaded successfully from /users/smp24dhl/cosmo/code/planck/clik/lib/python3.9/site-packages/clik
----
clik version clik_16.0b1-2-g63c889f3aa9c MAKEFILE
  smica
----
clik version clik_16.0b1-2-g63c889f3aa9c MAKEFILE
  smica
----
clik version clik_16.0b1-2-g63c889f3aa9c MAKEFILE
  smica
----
clik version clik_16.0b1-2-g63c889f3aa9c MAKEFILE
  smica
Checking likelihood '/users/smp24dhl/cosmo/data/planck_2018/baseline/plc_3.0/hi_l/plik/plik_rd12_HM_v22b_TTTEEE.clik' on test data. got -1172.47 expected -1172.47 (diff -4.34055e-07)
----
Checking likelihood '/users/smp24dhl/cosmo/data/planck_2018/baseline/plc_3.0/hi_l/plik/plik_rd12_HM_v22b_TTTEEE.clik' on test data. got -1172.47 expected -1172.47 (diff -4.34055e-07)
----
Checking likelihood '/users/smp24dhl/cosmo/data/planck_2018/baseline/plc_3.0/hi_l/plik/plik_rd12_HM_v22b_TTTEEE.clik' on test data. got -1172.47 expected -1172.47 (diff -4.34055e-07)
----
Checking likelihood '/users/smp24dhl/cosmo/data/planck_2018/baseline/plc_3.0/hi_l/plik/plik_rd12_HM_v22b_TTTEEE.clik' on test data. got -1172.47 expected -1172.47 (diff -4.34055e-07)
----
[0 : planck_2018_lensing.clik] `clik` module loaded successfully from /users/smp24dhl/cosmo/code/planck/clik/lib/python3.9/site-packages/clik
Checking lensing likelihood '/users/smp24dhl/cosmo/data/planck_2018/baseline/plc_3.0/lensing/smicadx12_Dec5_ftl_mv2_ndclpp_p_teb_consext8.clik_lensing' on test data. got -4.42102
Checking lensing likelihood '/users/smp24dhl/cosmo/data/planck_2018/baseline/plc_3.0/lensing/smicadx12_Dec5_ftl_mv2_ndclpp_p_teb_consext8.clik_lensing' on test data. got -4.42102
Checking lensing likelihood '/users/smp24dhl/cosmo/data/planck_2018/baseline/plc_3.0/lensing/smicadx12_Dec5_ftl_mv2_ndclpp_p_teb_consext8.clik_lensing' on test data. got -4.42102
Checking lensing likelihood '/users/smp24dhl/cosmo/data/planck_2018/baseline/plc_3.0/lensing/smicadx12_Dec5_ftl_mv2_ndclpp_p_teb_consext8.clik_lensing' on test data. got -4.42102
[0 : mcmc] Resuming from previous sample!
[1 : samplecollection] Loaded 2902 sample points from 'chains/noHalo.2.txt'
[3 : samplecollection] Loaded 2897 sample points from 'chains/noHalo.4.txt'
[0 : samplecollection] Loaded 3824 sample points from 'chains/noHalo.1.txt'
[2 : samplecollection] Loaded 3933 sample points from 'chains/noHalo.3.txt'
[0 : mcmc] Initial point: logA:3.043673, ns:0.9626967, theta_MC_100:1.040879, ombh2:0.02241556, omch2:0.1196914, w:-0.3852496, wa:-0.8106269, beta_DE:-2.311772, tau:0.05713696, A_planck:0.9981474, calib_100T:0.9983967, calib_217T:0.9985994, A_cib_217:57.29898, xi_sz_cib:0.1633907, A_sz:4.280517, ksz_norm:3.988632, gal545_A_100:8.69515, gal545_A_143:11.34856, gal545_A_143_217:17.4925, gal545_A_217:90.36862, ps_A_100_100:274.3148, ps_A_143_143:42.85277, ps_A_143_217:31.4037, ps_A_217_217:96.21139, galf_TE_A_100:0.2007982, galf_TE_A_100_143:0.1844528, galf_TE_A_100_217:0.4492511, galf_TE_A_143:0.2475597, galf_TE_A_143_217:0.5401981, galf_TE_A_217:1.790303
[1 : mcmc] Initial point: logA:3.028605, ns:0.9638628, theta_MC_100:1.040581, ombh2:0.02235782, omch2:0.1177617, w:-1.208033, wa:-1.432218, beta_DE:-1.717631, tau:0.05056376, A_planck:0.9987721, calib_100T:0.9995263, calib_217T:0.9992895, A_cib_217:53.11243, xi_sz_cib:0.6028134, A_sz:1.122657, ksz_norm:9.736388, gal545_A_100:11.85916, gal545_A_143:11.34608, gal545_A_143_217:15.35252, gal545_A_217:89.95798, ps_A_100_100:257.5664, ps_A_143_143:31.69684, ps_A_143_217:23.63425, ps_A_217_217:90.97963, galf_TE_A_100:0.1289592, galf_TE_A_100_143:0.1567234, galf_TE_A_100_217:0.4563581, galf_TE_A_143:0.1473804, galf_TE_A_143_217:0.6808279, galf_TE_A_217:2.025714
[3 : mcmc] Initial point: logA:3.031667, ns:0.961876, theta_MC_100:1.040777, ombh2:0.0222958, omch2:0.1197816, w:-1.094084, wa:-2.398134, beta_DE:1.751169, tau:0.04692681, A_planck:1.002771, calib_100T:0.99894, calib_217T:0.9982984, A_cib_217:42.5714, xi_sz_cib:0.6570313, A_sz:6.858921, ksz_norm:5.25964, gal545_A_100:10.62976, gal545_A_143:11.82849, gal545_A_143_217:20.21146, gal545_A_217:100.0602, ps_A_100_100:227.8528, ps_A_143_143:48.76732, ps_A_143_217:54.85408, ps_A_217_217:126.1527, galf_TE_A_100:0.1285332, galf_TE_A_100_143:0.1894913, galf_TE_A_100_217:0.4765967, galf_TE_A_143:0.2978967, galf_TE_A_143_217:0.7597358, galf_TE_A_217:2.327908
[2 : mcmc] Initial point: logA:3.060392, ns:0.9736877, theta_MC_100:1.04112, ombh2:0.0224997, omch2:0.1180096, w:-1.424781, wa:-1.663529, beta_DE:0.8676111, tau:0.06429181, A_planck:1.001497, calib_100T:0.9996549, calib_217T:0.9974888, A_cib_217:53.84524, xi_sz_cib:0.5498455, A_sz:3.575388, ksz_norm:4.532513, gal545_A_100:7.035967, gal545_A_143:8.235949, gal545_A_143_217:10.90799, gal545_A_217:78.35492, ps_A_100_100:246.6589, ps_A_143_143:46.06412, ps_A_143_217:41.20651, ps_A_217_217:102.9678, galf_TE_A_100:0.1416573, galf_TE_A_100_143:0.1914582, galf_TE_A_100_217:0.4661857, galf_TE_A_143:0.2429974, galf_TE_A_143_217:0.6216416, galf_TE_A_217:1.814618
[0 : mcmc] *WARNING* Parameter blocking manually/previously fixed: speeds will not be measured.
[0 : mcmc] Dragging with number of interpolating steps:
[0 : mcmc] * 1 : (['theta_MC_100', 'ombh2', 'omch2', 'w', 'wa', 'beta_DE', 'tau'], ['logA', 'ns'])
[0 : mcmc] * 9 : (['A_planck'], ['calib_100T', 'calib_217T', 'A_cib_217', 'xi_sz_cib', 'A_sz', 'ksz_norm', 'gal545_A_100', 'gal545_A_143', 'gal545_A_143_217', 'gal545_A_217', 'ps_A_100_100', 'ps_A_143_143', 'ps_A_143_217', 'ps_A_217_217', 'galf_TE_A_100', 'galf_TE_A_100_143', 'galf_TE_A_100_217', 'galf_TE_A_143', 'galf_TE_A_143_217', 'galf_TE_A_217'])
[0 : mcmc] Covariance matrix from previous sample.
[0 : mcmc] Sampling!
[1 : mcmc] Progress @ 2024-12-12 18:00:09 : 1 steps taken, and 2902 accepted.
[2 : mcmc] Progress @ 2024-12-12 18:00:10 : 1 steps taken, and 3933 accepted.
[3 : mcmc] Progress @ 2024-12-12 18:00:10 : 1 steps taken, and 2897 accepted.
[0 : mcmc] Progress @ 2024-12-12 18:00:10 : 1 steps taken, and 3824 accepted.
[1 : mcmc] Progress @ 2024-12-12 18:01:10 : 50 steps taken, and 2912 accepted.
[0 : mcmc] Progress @ 2024-12-12 18:01:11 : 29 steps taken, and 3832 accepted.
[3 : mcmc] Progress @ 2024-12-12 18:01:11 : 38 steps taken, and 2913 accepted.
[2 : mcmc] Progress @ 2024-12-12 18:01:12 : 41 steps taken, and 3943 accepted.
[1 : mcmc] Progress @ 2024-12-12 18:02:10 : 79 steps taken, and 2922 accepted.
[3 : mcmc] Progress @ 2024-12-12 18:02:12 : 104 steps taken, and 2930 accepted.
[2 : mcmc] Progress @ 2024-12-12 18:02:12 : 107 steps taken, and 3959 accepted.
[0 : mcmc] Progress @ 2024-12-12 18:02:13 : 83 steps taken, and 3845 accepted.
[2 : mcmc] Learn + convergence test @ 3960 samples accepted.
[2 : mcmc] Ready to check convergence and learn a new proposal covmat (waiting for the rest...)
[1 : mcmc] Progress @ 2024-12-12 18:03:11 : 122 steps taken, and 2940 accepted.
[3 : mcmc] Progress @ 2024-12-12 18:03:12 : 155 steps taken, and 2943 accepted.
[2 : mcmc] Progress @ 2024-12-12 18:03:13 : 139 steps taken, and 3973 accepted.
[0 : mcmc] Progress @ 2024-12-12 18:03:15 : 119 steps taken, and 3861 accepted.
[node115:37520:0:37614] Caught signal 11 (Segmentation fault: address not mapped to object at address 0xfffffffc0500cd08)
BFD: DWARF error: can't find .debug_ranges section.
BFD: DWARF error: can't find .debug_ranges section.
==== backtrace (tid:  37614) ====
 0 0x0000000000021563 ucs_debug_print_backtrace()  /dev/shm/UCX/1.8.0/GCCcore-9.3.0/ucx-1.8.0/src/ucs/debug/debug.c:653
 1 0x0000000000039f63 __massivenu_MOD_thermalnubackground_rho()  ???:0
 2 0x000000000003da49 __results_MOD_grho_no_de()  ???:0
 3 0x00000000000a5ef1 dtauda_()  ???:0
 4 0x000000000004cfcc __results_MOD_thermo_init._omp_fn.0()  results.f90:0
 5 0x0000000000018f09 gomp_thread_start()  team.c:0
 6 0x0000000000007ea5 start_thread()  pthread_create.c:0
 7 0x00000000000feb0d __clone()  ???:0
=================================
[node115:37520] *** Process received signal ***
[node115:37520] Signal: Segmentation fault (11)
[node115:37520] Signal code:  (-6)
[node115:37520] Failing at address: 0x8cfb800009290
[node115:37520] [ 0] /lib64/libpthread.so.0(+0xf630)[0x7fcb65e70630]
[node115:37520] [ 1] /users/smp24dhl/cosmo/code/CAMB_beta/camb/camblib.so(__massivenu_MOD_thermalnubackground_rho+0x63)[0x7fcb093c1f63]
[node115:37520] [ 2] /users/smp24dhl/cosmo/code/CAMB_beta/camb/camblib.so(__results_MOD_grho_no_de+0xc9)[0x7fcb093c5a49]
[node115:37520] [ 3] /users/smp24dhl/cosmo/code/CAMB_beta/camb/camblib.so(dtauda_+0x61)[0x7fcb0942def1]
[node115:37520] [ 4] /users/smp24dhl/cosmo/code/CAMB_beta/camb/camblib.so(+0x4cfcc)[0x7fcb093d4fcc]
[node115:37520] [ 5] /users/smp24dhl/.conda/envs/cosmos/bin/../lib/libgomp.so.1(+0x18f09)[0x7fcb09361f09]
[node115:37520] [ 6] /lib64/libpthread.so.0(+0x7ea5)[0x7fcb65e68ea5]
[node115:37520] [ 7] /lib64/libc.so.6(clone+0x6d)[0x7fcb65488b0d]
[node115:37520] *** End of error message ***
--------------------------------------------------------------------------
Primary job  terminated normally, but 1 process returned
a non-zero exit code. Per user-direction, the job has been aborted.
--------------------------------------------------------------------------
--------------------------------------------------------------------------
mpirun noticed that process rank 3 with PID 37520 on node node115 exited on signal 11 (Segmentation fault).
--------------------------------------------------------------------------
