[0 : output] Output to be read-from/written-into folder 'chains', with prefix 'noHalo'
[0 : output] Found existing info files with the requested output prefix: 'chains/noHalo'
[0 : output] Let's try to resume/load.
[0 : output] Found an old sample. Resuming.
[0 : prior] *WARNING* External prior 'SZ' loaded. Mind that it might not be normalized!
[0 : camb] `camb` module loaded successfully from /users/smp24dhl/cosmo/code/CAMB_beta/camb
[0 : planck_2018_highl_plik.ttteee] `clik` module loaded successfully from /users/smp24dhl/cosmo/code/planck/clik/lib/python3.9/site-packages/clik
----
clik version clik_16.0b1-2-g63c889f3aa9c MAKEFILE
  smica
----
clik version clik_16.0b1-2-g63c889f3aa9c MAKEFILE
  smica
----
clik version clik_16.0b1-2-g63c889f3aa9c MAKEFILE
  smica
----
clik version clik_16.0b1-2-g63c889f3aa9c MAKEFILE
  smica
Checking likelihood '/users/smp24dhl/cosmo/data/planck_2018/baseline/plc_3.0/hi_l/plik/plik_rd12_HM_v22b_TTTEEE.clik' on test data. got -1172.47 expected -1172.47 (diff -4.34055e-07)
----
Checking likelihood '/users/smp24dhl/cosmo/data/planck_2018/baseline/plc_3.0/hi_l/plik/plik_rd12_HM_v22b_TTTEEE.clik' on test data. got -1172.47 expected -1172.47 (diff -4.34055e-07)
----
Checking likelihood '/users/smp24dhl/cosmo/data/planck_2018/baseline/plc_3.0/hi_l/plik/plik_rd12_HM_v22b_TTTEEE.clik' on test data. got -1172.47 expected -1172.47 (diff -4.34055e-07)
----
Checking likelihood '/users/smp24dhl/cosmo/data/planck_2018/baseline/plc_3.0/hi_l/plik/plik_rd12_HM_v22b_TTTEEE.clik' on test data. got -1172.47 expected -1172.47 (diff -4.34055e-07)
----
[0 : planck_2018_lensing.clik] `clik` module loaded successfully from /users/smp24dhl/cosmo/code/planck/clik/lib/python3.9/site-packages/clik
Checking lensing likelihood '/users/smp24dhl/cosmo/data/planck_2018/baseline/plc_3.0/lensing/smicadx12_Dec5_ftl_mv2_ndclpp_p_teb_consext8.clik_lensing' on test data. got -4.42102
Checking lensing likelihood '/users/smp24dhl/cosmo/data/planck_2018/baseline/plc_3.0/lensing/smicadx12_Dec5_ftl_mv2_ndclpp_p_teb_consext8.clik_lensing' on test data. got -4.42102
[0 : mcmc] Resuming from previous sample!
Checking lensing likelihood '/users/smp24dhl/cosmo/data/planck_2018/baseline/plc_3.0/lensing/smicadx12_Dec5_ftl_mv2_ndclpp_p_teb_consext8.clik_lensing' on test data. got -4.42102
Checking lensing likelihood '/users/smp24dhl/cosmo/data/planck_2018/baseline/plc_3.0/lensing/smicadx12_Dec5_ftl_mv2_ndclpp_p_teb_consext8.clik_lensing' on test data. got -4.42102
[0 : samplecollection] Loaded 4881 sample points from 'chains/noHalo.1.txt'
[2 : samplecollection] Loaded 4901 sample points from 'chains/noHalo.3.txt'
[3 : samplecollection] Loaded 4154 sample points from 'chains/noHalo.4.txt'
[1 : samplecollection] Loaded 4194 sample points from 'chains/noHalo.2.txt'
[3 : mcmc] Initial point: logA:3.019528, ns:0.9735608, theta_MC_100:1.040988, ombh2:0.02252297, omch2:0.1185998, w:-1.020121, wa:-0.984797, beta_DE:-2.443552, tau:0.04484296, A_planck:0.9997748, calib_100T:0.9991642, calib_217T:0.9986473, A_cib_217:41.24679, xi_sz_cib:0.8925885, A_sz:2.352513, ksz_norm:3.337864, gal545_A_100:7.191778, gal545_A_143:11.91496, gal545_A_143_217:18.9678, gal545_A_217:95.74842, ps_A_100_100:282.0862, ps_A_143_143:45.59375, ps_A_143_217:36.24472, ps_A_217_217:116.8175, galf_TE_A_100:0.1030314, galf_TE_A_100_143:0.1077279, galf_TE_A_100_217:0.4396731, galf_TE_A_143:0.2620764, galf_TE_A_143_217:0.7404635, galf_TE_A_217:2.256809
[1 : mcmc] Initial point: logA:3.053159, ns:0.968127, theta_MC_100:1.040853, ombh2:0.02262623, omch2:0.1187359, w:0.5521228, wa:-2.393035, beta_DE:-0.9924608, tau:0.05635383, A_planck:1.003021, calib_100T:1.00001, calib_217T:0.9983308, A_cib_217:53.13164, xi_sz_cib:0.4533775, A_sz:4.974872, ksz_norm:3.242668, gal545_A_100:7.599647, gal545_A_143:8.873093, gal545_A_143_217:13.68736, gal545_A_217:83.19692, ps_A_100_100:255.4797, ps_A_143_143:38.99845, ps_A_143_217:40.87597, ps_A_217_217:113.0734, galf_TE_A_100:0.0206292, galf_TE_A_100_143:0.1229912, galf_TE_A_100_217:0.3646425, galf_TE_A_143:0.2694805, galf_TE_A_143_217:0.6840688, galf_TE_A_217:1.599689
[0 : mcmc] Initial point: logA:3.067573, ns:0.9671836, theta_MC_100:1.041058, ombh2:0.02253895, omch2:0.1193587, w:-0.8364453, wa:-2.866066, beta_DE:-1.021642, tau:0.06505194, A_planck:1.002026, calib_100T:0.9997889, calib_217T:0.998852, A_cib_217:54.47906, xi_sz_cib:0.07228914, A_sz:3.982241, ksz_norm:6.392639, gal545_A_100:12.33363, gal545_A_143:10.39643, gal545_A_143_217:9.254308, gal545_A_217:76.36851, ps_A_100_100:225.7323, ps_A_143_143:22.61587, ps_A_143_217:21.40536, ps_A_217_217:102.1488, galf_TE_A_100:0.1435794, galf_TE_A_100_143:0.114057, galf_TE_A_100_217:0.4370688, galf_TE_A_143:0.183543, galf_TE_A_143_217:0.6850261, galf_TE_A_217:2.187435
[2 : mcmc] Initial point: logA:3.030296, ns:0.9662958, theta_MC_100:1.041286, ombh2:0.02236415, omch2:0.1184231, w:-1.157784, wa:-0.7171214, beta_DE:-1.805547, tau:0.04818261, A_planck:1.001069, calib_100T:1.000291, calib_217T:0.9977689, A_cib_217:40.5389, xi_sz_cib:0.5610138, A_sz:4.385097, ksz_norm:4.238811, gal545_A_100:12.0146, gal545_A_143:11.31103, gal545_A_143_217:17.95276, gal545_A_217:93.30859, ps_A_100_100:290.3939, ps_A_143_143:49.38361, ps_A_143_217:47.5479, ps_A_217_217:133.7694, galf_TE_A_100:0.1709263, galf_TE_A_100_143:0.1375615, galf_TE_A_100_217:0.5437469, galf_TE_A_143:0.2293955, galf_TE_A_143_217:0.560858, galf_TE_A_217:2.012196
[0 : mcmc] *WARNING* Parameter blocking manually/previously fixed: speeds will not be measured.
[0 : mcmc] Dragging with number of interpolating steps:
[0 : mcmc] * 1 : (['theta_MC_100', 'ombh2', 'omch2', 'w', 'wa', 'beta_DE', 'tau'], ['logA', 'ns'])
[0 : mcmc] * 9 : (['A_planck'], ['calib_100T', 'calib_217T', 'A_cib_217', 'xi_sz_cib', 'A_sz', 'ksz_norm', 'gal545_A_100', 'gal545_A_143', 'gal545_A_143_217', 'gal545_A_217', 'ps_A_100_100', 'ps_A_143_143', 'ps_A_143_217', 'ps_A_217_217', 'galf_TE_A_100', 'galf_TE_A_100_143', 'galf_TE_A_100_217', 'galf_TE_A_143', 'galf_TE_A_143_217', 'galf_TE_A_217'])
[0 : mcmc] Covariance matrix from previous sample.
[0 : mcmc] Sampling!
[3 : mcmc] Progress @ 2024-12-13 15:56:08 : 1 steps taken, and 4154 accepted.
[0 : mcmc] Progress @ 2024-12-13 15:56:11 : 1 steps taken, and 4881 accepted.
[2 : mcmc] Progress @ 2024-12-13 15:56:12 : 1 steps taken, and 4901 accepted.
[1 : mcmc] Progress @ 2024-12-13 15:56:18 : 1 steps taken, and 4194 accepted.
[0 : mcmc] Progress @ 2024-12-13 15:57:12 : 44 steps taken, and 4890 accepted.
[2 : mcmc] Progress @ 2024-12-13 15:57:14 : 66 steps taken, and 4923 accepted.
[1 : mcmc] Progress @ 2024-12-13 15:57:18 : 25 steps taken, and 4202 accepted.
[3 : mcmc] Progress @ 2024-12-13 15:57:24 : 23 steps taken, and 4158 accepted.
[2 : mcmc] Progress @ 2024-12-13 15:58:15 : 155 steps taken, and 4942 accepted.
[1 : mcmc] Progress @ 2024-12-13 15:58:21 : 40 steps taken, and 4210 accepted.
[0 : mcmc] Progress @ 2024-12-13 15:58:23 : 90 steps taken, and 4905 accepted.
[3 : mcmc] Progress @ 2024-12-13 15:58:26 : 52 steps taken, and 4163 accepted.
[1 : mcmc] Progress @ 2024-12-13 15:59:22 : 60 steps taken, and 4217 accepted.
[0 : mcmc] Progress @ 2024-12-13 15:59:25 : 129 steps taken, and 4916 accepted.
[2 : mcmc] Progress @ 2024-12-13 15:59:25 : 190 steps taken, and 4953 accepted.
[3 : mcmc] Progress @ 2024-12-13 15:59:29 : 77 steps taken, and 4170 accepted.
[node146:22270:0:22367] Caught signal 11 (Segmentation fault: address not mapped to object at address 0xfffffffc04fa5458)
BFD: DWARF error: can't find .debug_ranges section.
BFD: DWARF error: can't find .debug_ranges section.
==== backtrace (tid:  22367) ====
 0 0x0000000000021563 ucs_debug_print_backtrace()  /dev/shm/UCX/1.8.0/GCCcore-9.3.0/ucx-1.8.0/src/ucs/debug/debug.c:653
 1 0x0000000000039f63 __massivenu_MOD_thermalnubackground_rho()  ???:0
 2 0x000000000003da49 __results_MOD_grho_no_de()  ???:0
 3 0x00000000000a5ef1 dtauda_()  ???:0
 4 0x000000000004cfcc __results_MOD_thermo_init._omp_fn.0()  results.f90:0
 5 0x0000000000018f09 gomp_thread_start()  team.c:0
 6 0x0000000000007ea5 start_thread()  pthread_create.c:0
 7 0x00000000000feb0d __clone()  ???:0
=================================
[node146:22270] *** Process received signal ***
[node146:22270] Signal: Segmentation fault (11)
[node146:22270] Signal code:  (-6)
[node146:22270] Failing at address: 0x8cfb8000056fe
[node146:22270] [ 0] /lib64/libpthread.so.0(+0xf630)[0x7f6cafed4630]
[node146:22270] [ 1] /users/smp24dhl/cosmo/code/CAMB_beta/camb/camblib.so(__massivenu_MOD_thermalnubackground_rho+0x63)[0x7f6c52fe5f63]
[node146:22270] [ 2] /users/smp24dhl/cosmo/code/CAMB_beta/camb/camblib.so(__results_MOD_grho_no_de+0xc9)[0x7f6c52fe9a49]
[node146:22270] [ 3] /users/smp24dhl/cosmo/code/CAMB_beta/camb/camblib.so(dtauda_+0x61)[0x7f6c53051ef1]
[node146:22270] [ 4] /users/smp24dhl/cosmo/code/CAMB_beta/camb/camblib.so(+0x4cfcc)[0x7f6c52ff8fcc]
[node146:22270] [ 5] /users/smp24dhl/.conda/envs/cosmos/bin/../lib/libgomp.so.1(+0x18f09)[0x7f6c52f85f09]
[node146:22270] [ 6] /lib64/libpthread.so.0(+0x7ea5)[0x7f6cafeccea5]
[node146:22270] [ 7] /lib64/libc.so.6(clone+0x6d)[0x7f6caf4ecb0d]
[node146:22270] *** End of error message ***
--------------------------------------------------------------------------
Primary job  terminated normally, but 1 process returned
a non-zero exit code. Per user-direction, the job has been aborted.
--------------------------------------------------------------------------
--------------------------------------------------------------------------
mpirun noticed that process rank 1 with PID 22270 on node node146 exited on signal 11 (Segmentation fault).
--------------------------------------------------------------------------
