[0 : output] Output to be read-from/written-into folder 'chains', with prefix 'PlanckLensingPantheon'
[0 : output] Found existing info files with the requested output prefix: 'chains/PlanckLensingPantheon'
[0 : output] Let's try to resume/load.
[0 : output] Found an old sample. Resuming.
[0 : prior] *WARNING* External prior 'SZ' loaded. Mind that it might not be normalized!

libgomp: 
libgomp: Invalid value for environment variable OMP_NUM_THREADS: 

libgomp: Invalid value for environment variable OMP_NUM_THREADS: 

libgomp: Invalid value for environment variable OMP_NUM_THREADS: 
Invalid value for environment variable OMP_NUM_THREADS: 
[0 : camb] `camb` module loaded successfully from /users/smp24dhl/cosmo/code/CAMB_beta/camb
[0 : planck_2018_highl_plik.ttteee] `clik` module loaded successfully from /users/smp24dhl/cosmo/code/planck/clik/lib/python3.9/site-packages/clik
----
clik version clik_16.0b1-2-g63c889f3aa9c MAKEFILE
  smica
----
clik version clik_16.0b1-2-g63c889f3aa9c MAKEFILE
  smica
----
clik version clik_16.0b1-2-g63c889f3aa9c MAKEFILE
  smica
----
clik version clik_16.0b1-2-g63c889f3aa9c MAKEFILE
  smica
Checking likelihood '/users/smp24dhl/cosmo/data/planck_2018/baseline/plc_3.0/hi_l/plik/plik_rd12_HM_v22b_TTTEEE.clik' on test data. got -1172.47 expected -1172.47 (diff -4.34057e-07)
----
Loading ACT DR6 lensing likelihood v1.2...
Checking likelihood '/users/smp24dhl/cosmo/data/planck_2018/baseline/plc_3.0/hi_l/plik/plik_rd12_HM_v22b_TTTEEE.clik' on test data. got -1172.47 expected -1172.47 (diff -4.34057e-07)
----
Checking likelihood '/users/smp24dhl/cosmo/data/planck_2018/baseline/plc_3.0/hi_l/plik/plik_rd12_HM_v22b_TTTEEE.clik' on test data. got -1172.47 expected -1172.47 (diff -4.34057e-07)
----
Loading ACT DR6 lensing likelihood v1.2...
Checking likelihood '/users/smp24dhl/cosmo/data/planck_2018/baseline/plc_3.0/hi_l/plik/plik_rd12_HM_v22b_TTTEEE.clik' on test data. got -1172.47 expected -1172.47 (diff -4.34056e-07)
----
Loading ACT DR6 lensing likelihood v1.2...
Loading ACT DR6 lensing likelihood v1.2...
/users/smp24dhl/cosmo/code/act_dr6_lenslike/act_dr6_lenslike/act_dr6_lenslike.py:416: UserWarning: Hartlap correction to cinv: 0.949874686716792
  warnings.warn(f"Hartlap correction to cinv: {hartlap_correction}")
/users/smp24dhl/cosmo/code/act_dr6_lenslike/act_dr6_lenslike/act_dr6_lenslike.py:416: UserWarning: Hartlap correction to cinv: 0.949874686716792
  warnings.warn(f"Hartlap correction to cinv: {hartlap_correction}")
/users/smp24dhl/cosmo/code/act_dr6_lenslike/act_dr6_lenslike/act_dr6_lenslike.py:416: UserWarning: Hartlap correction to cinv: 0.949874686716792
  warnings.warn(f"Hartlap correction to cinv: {hartlap_correction}")
/users/smp24dhl/cosmo/code/act_dr6_lenslike/act_dr6_lenslike/act_dr6_lenslike.py:416: UserWarning: Hartlap correction to cinv: 0.949874686716792
  warnings.warn(f"Hartlap correction to cinv: {hartlap_correction}")
[0 : mcmc] Resuming from previous sample!
[0 : samplecollection] Loaded 87 sample points from 'chains/PlanckLensingPantheon.1.txt'
[2 : samplecollection] Loaded 121 sample points from 'chains/PlanckLensingPantheon.3.txt'
[3 : samplecollection] Loaded 95 sample points from 'chains/PlanckLensingPantheon.4.txt'
[1 : samplecollection] Loaded 101 sample points from 'chains/PlanckLensingPantheon.2.txt'
[0 : mcmc] Initial point: logA:3.03869, ns:0.9604754, theta_MC_100:1.040866, ombh2:0.02227757, omch2:0.120776, w:-0.9035504, wa:-0.4255024, beta_DE:0.1717664, tau:0.051533, A_planck:1.00039, calib_100T:0.9993194, calib_217T:0.9977366, A_cib_217:44.43954, xi_sz_cib:0.8913029, A_sz:4.47018, ksz_norm:7.489432, gal545_A_100:10.09838, gal545_A_143:8.365754, gal545_A_143_217:10.92488, gal545_A_217:83.04497, ps_A_100_100:236.307, ps_A_143_143:50.05316, ps_A_143_217:51.27191, ps_A_217_217:117.7067, galf_TE_A_100:0.1379835, galf_TE_A_100_143:0.1403041, galf_TE_A_100_217:0.5981054, galf_TE_A_143:0.2392417, galf_TE_A_143_217:0.6154345, galf_TE_A_217:2.25939
[2 : mcmc] Initial point: logA:3.036161, ns:0.9654757, theta_MC_100:1.04062, ombh2:0.02209792, omch2:0.1216301, w:-0.8794715, wa:-0.3737251, beta_DE:0.7687084, tau:0.04902455, A_planck:1.001415, calib_100T:0.9988132, calib_217T:0.9991615, A_cib_217:48.61896, xi_sz_cib:0.6706825, A_sz:7.952591, ksz_norm:2.566058, gal545_A_100:10.00599, gal545_A_143:12.3013, gal545_A_143_217:24.17381, gal545_A_217:102.1788, ps_A_100_100:214.1246, ps_A_143_143:48.15992, ps_A_143_217:49.00372, ps_A_217_217:108.7747, galf_TE_A_100:0.1806368, galf_TE_A_100_143:0.132573, galf_TE_A_100_217:0.4163606, galf_TE_A_143:0.1879869, galf_TE_A_143_217:0.8860234, galf_TE_A_217:2.74889
[3 : mcmc] Initial point: logA:3.044352, ns:0.9689904, theta_MC_100:1.041571, ombh2:0.02253461, omch2:0.1200097, w:-0.8605515, wa:-0.5597551, beta_DE:0.7697168, tau:0.05081517, A_planck:1.003704, calib_100T:0.998733, calib_217T:0.9987657, A_cib_217:65.71911, xi_sz_cib:0.2825375, A_sz:4.613308, ksz_norm:5.306797, gal545_A_100:10.94734, gal545_A_143:12.49178, gal545_A_143_217:16.67128, gal545_A_217:76.68301, ps_A_100_100:245.5421, ps_A_143_143:27.69781, ps_A_143_217:18.80923, ps_A_217_217:86.17303, galf_TE_A_100:0.097922, galf_TE_A_100_143:0.1504854, galf_TE_A_100_217:0.4256054, galf_TE_A_143:0.2580671, galf_TE_A_143_217:0.6907314, galf_TE_A_217:2.109979
[1 : mcmc] Initial point: logA:3.055922, ns:0.9664937, theta_MC_100:1.041132, ombh2:0.02232002, omch2:0.1188252, w:-0.9000335, wa:-0.3284375, beta_DE:1.723737, tau:0.05959829, A_planck:1.003648, calib_100T:0.999391, calib_217T:0.9992207, A_cib_217:55.53694, xi_sz_cib:0.386591, A_sz:4.526357, ksz_norm:3.699341, gal545_A_100:10.16229, gal545_A_143:12.39813, gal545_A_143_217:18.65357, gal545_A_217:89.18915, ps_A_100_100:260.0005, ps_A_143_143:43.29063, ps_A_143_217:37.24368, ps_A_217_217:112.928, galf_TE_A_100:0.1213091, galf_TE_A_100_143:0.1178486, galf_TE_A_100_217:0.4867221, galf_TE_A_143:0.2244874, galf_TE_A_143_217:0.8042087, galf_TE_A_217:2.001809
[0 : mcmc] *WARNING* Parameter blocking manually/previously fixed: speeds will not be measured.
[0 : mcmc] Dragging with number of interpolating steps:
[0 : mcmc] *  1 : (['theta_MC_100', 'ombh2', 'omch2', 'w', 'wa', 'beta_DE', 'tau'], ['logA', 'ns'])
[0 : mcmc] * 12 : (['A_planck'], ['calib_100T', 'calib_217T', 'A_cib_217', 'xi_sz_cib', 'A_sz', 'ksz_norm', 'gal545_A_100', 'gal545_A_143', 'gal545_A_143_217', 'gal545_A_217', 'ps_A_100_100', 'ps_A_143_143', 'ps_A_143_217', 'ps_A_217_217', 'galf_TE_A_100', 'galf_TE_A_100_143', 'galf_TE_A_100_217', 'galf_TE_A_143', 'galf_TE_A_143_217', 'galf_TE_A_217'])
[0 : mcmc] Covariance matrix from previous sample.
[0 : mcmc] Sampling!
[2 : mcmc] Progress @ 2025-02-15 18:42:22 : 1 steps taken, and 121 accepted.
[1 : mcmc] Progress @ 2025-02-15 18:42:22 : 1 steps taken, and 101 accepted.
[0 : mcmc] Progress @ 2025-02-15 18:43:08 : 1 steps taken, and 87 accepted.
[3 : mcmc] Progress @ 2025-02-15 18:43:11 : 1 steps taken, and 95 accepted.
[2 : mcmc] Progress @ 2025-02-15 18:43:27 : 3 steps taken, and 121 accepted.
[1 : mcmc] Progress @ 2025-02-15 18:43:37 : 5 steps taken, and 101 accepted.
[0 : mcmc] Progress @ 2025-02-15 18:44:32 : 6 steps taken, and 87 accepted.
[3 : mcmc] Progress @ 2025-02-15 18:44:32 : 4 steps taken, and 95 accepted.
[1 : mcmc] Progress @ 2025-02-15 18:44:45 : 8 steps taken, and 101 accepted.
[2 : mcmc] Progress @ 2025-02-15 18:44:49 : 6 steps taken, and 121 accepted.
[0 : mcmc] Progress @ 2025-02-15 18:45:51 : 10 steps taken, and 88 accepted.
[3 : mcmc] Progress @ 2025-02-15 18:45:55 : 7 steps taken, and 97 accepted.
[1 : mcmc] Progress @ 2025-02-15 18:46:02 : 12 steps taken, and 101 accepted.
[2 : mcmc] Progress @ 2025-02-15 18:46:09 : 9 steps taken, and 121 accepted.
[3 : mcmc] Progress @ 2025-02-15 18:46:55 : 10 steps taken, and 97 accepted.
[0 : mcmc] Progress @ 2025-02-15 18:47:01 : 13 steps taken, and 88 accepted.
[2 : mcmc] Progress @ 2025-02-15 18:47:17 : 12 steps taken, and 124 accepted.
[1 : mcmc] Progress @ 2025-02-15 18:47:19 : 16 steps taken, and 101 accepted.
[3 : mcmc] Progress @ 2025-02-15 18:48:06 : 13 steps taken, and 100 accepted.
[0 : mcmc] Progress @ 2025-02-15 18:48:13 : 17 steps taken, and 89 accepted.
[2 : mcmc] Progress @ 2025-02-15 18:48:24 : 15 steps taken, and 124 accepted.
[1 : mcmc] Progress @ 2025-02-15 18:48:27 : 20 steps taken, and 101 accepted.
[3 : mcmc] Progress @ 2025-02-15 18:49:27 : 17 steps taken, and 100 accepted.
[0 : mcmc] Progress @ 2025-02-15 18:49:33 : 24 steps taken, and 91 accepted.
[1 : mcmc] Progress @ 2025-02-15 18:49:34 : 23 steps taken, and 101 accepted.
[2 : mcmc] Progress @ 2025-02-15 18:49:47 : 18 steps taken, and 125 accepted.
[0 : mcmc] Progress @ 2025-02-15 18:50:34 : 27 steps taken, and 91 accepted.
[1 : mcmc] Progress @ 2025-02-15 18:50:47 : 28 steps taken, and 101 accepted.
[3 : mcmc] Progress @ 2025-02-15 18:50:52 : 22 steps taken, and 102 accepted.
[2 : mcmc] Progress @ 2025-02-15 18:50:59 : 21 steps taken, and 127 accepted.
[0 : mcmc] Progress @ 2025-02-15 18:51:54 : 32 steps taken, and 91 accepted.
[1 : mcmc] Progress @ 2025-02-15 18:51:55 : 31 steps taken, and 102 accepted.
[3 : mcmc] Progress @ 2025-02-15 18:52:06 : 26 steps taken, and 102 accepted.
[2 : mcmc] Progress @ 2025-02-15 18:52:07 : 24 steps taken, and 127 accepted.
[0 : mcmc] Progress @ 2025-02-15 18:52:57 : 35 steps taken, and 92 accepted.
[1 : mcmc] Progress @ 2025-02-15 18:53:06 : 35 steps taken, and 102 accepted.
[3 : mcmc] Progress @ 2025-02-15 18:53:20 : 31 steps taken, and 103 accepted.
[2 : mcmc] Progress @ 2025-02-15 18:53:26 : 27 steps taken, and 127 accepted.
[0 : mcmc] Progress @ 2025-02-15 18:54:08 : 40 steps taken, and 93 accepted.
[1 : mcmc] Progress @ 2025-02-15 18:54:14 : 39 steps taken, and 104 accepted.
[2 : mcmc] Progress @ 2025-02-15 18:54:26 : 32 steps taken, and 127 accepted.
[3 : mcmc] Progress @ 2025-02-15 18:54:32 : 39 steps taken, and 103 accepted.
[0 : mcmc] Progress @ 2025-02-15 18:55:11 : 43 steps taken, and 93 accepted.
[1 : mcmc] Progress @ 2025-02-15 18:55:34 : 42 steps taken, and 104 accepted.
[node044:25003:0:25132] Caught signal 11 (Segmentation fault: address not mapped to object at address 0xfffffffc0491bd98)
BFD: DWARF error: can't find .debug_ranges section.
BFD: DWARF error: can't find .debug_ranges section.
==== backtrace (tid:  25132) ====
 0 0x0000000000021563 ucs_debug_print_backtrace()  /dev/shm/UCX/1.8.0/GCCcore-9.3.0/ucx-1.8.0/src/ucs/debug/debug.c:653
 1 0x0000000000039f63 __massivenu_MOD_thermalnubackground_rho()  ???:0
 2 0x000000000003da49 __results_MOD_grho_no_de()  ???:0
 3 0x00000000000a5f01 dtauda_()  ???:0
 4 0x000000000004cfdc __results_MOD_thermo_init._omp_fn.0()  results.f90:0
 5 0x0000000000018f09 gomp_thread_start()  team.c:0
 6 0x0000000000007ea5 start_thread()  pthread_create.c:0
 7 0x00000000000feb0d __clone()  ???:0
=================================
[node044:25003] *** Process received signal ***
[node044:25003] Signal: Segmentation fault (11)
[node044:25003] Signal code:  (-6)
[node044:25003] Failing at address: 0x8cfb8000061ab
[node044:25003] [ 0] /lib64/libpthread.so.0(+0xf630)[0x7f049b105630]
[node044:25003] [ 1] /users/smp24dhl/cosmo/code/CAMB_beta/camb/camblib.so(__massivenu_MOD_thermalnubackground_rho+0x63)[0x7f0460208f63]
[node044:25003] [ 2] /users/smp24dhl/cosmo/code/CAMB_beta/camb/camblib.so(__results_MOD_grho_no_de+0xc9)[0x7f046020ca49]
[node044:25003] [ 3] /users/smp24dhl/cosmo/code/CAMB_beta/camb/camblib.so(dtauda_+0x61)[0x7f0460274f01]
[node044:25003] [ 4] /users/smp24dhl/cosmo/code/CAMB_beta/camb/camblib.so(+0x4cfdc)[0x7f046021bfdc]
[node044:25003] [ 5] /users/smp24dhl/.conda/envs/cosmos/bin/../lib/libgomp.so.1(+0x18f09)[0x7f04601a8f09]
[node044:25003] [ 6] /lib64/libpthread.so.0(+0x7ea5)[0x7f049b0fdea5]
[node044:25003] [ 7] /lib64/libc.so.6(clone+0x6d)[0x7f049a71db0d]
[node044:25003] *** End of error message ***
--------------------------------------------------------------------------
Primary job  terminated normally, but 1 process returned
a non-zero exit code. Per user-direction, the job has been aborted.
--------------------------------------------------------------------------
--------------------------------------------------------------------------
mpirun noticed that process rank 0 with PID 25003 on node node044 exited on signal 11 (Segmentation fault).
--------------------------------------------------------------------------
