[0 : output] Output to be read-from/written-into folder 'chains', with prefix 'large'
[0 : output] Found existing info files with the requested output prefix: 'chains/large'
[0 : output] Let's try to resume/load.
[0 : output] Found an old sample. Resuming.
[0 : prior] *WARNING* External prior 'SZ' loaded. Mind that it might not be normalized!

libgomp: Invalid value for environment variable OMP_NUM_THREADS: 

libgomp: Invalid value for environment variable OMP_NUM_THREADS: 

libgomp: Invalid value for environment variable OMP_NUM_THREADS: 

libgomp: Invalid value for environment variable OMP_NUM_THREADS: 
[0 : camb] `camb` module loaded successfully from /users/smp24dhl/cosmo/code/CAMB_beta/camb
[0 : planck_2018_highl_plik.ttteee] `clik` module loaded successfully from /users/smp24dhl/cosmo/code/planck/clik/lib/python3.9/site-packages/clik
----
clik version clik_16.0b1-2-g63c889f3aa9c MAKEFILE
  smica
----
clik version clik_16.0b1-2-g63c889f3aa9c MAKEFILE
  smica
----
clik version clik_16.0b1-2-g63c889f3aa9c MAKEFILE
  smica
----
clik version clik_16.0b1-2-g63c889f3aa9c MAKEFILE
  smica
Checking likelihood '/users/smp24dhl/cosmo/data/planck_2018/baseline/plc_3.0/hi_l/plik/plik_rd12_HM_v22b_TTTEEE.clik' on test data. got -1172.47 expected -1172.47 (diff -4.34057e-07)
----
Loading ACT DR6 lensing likelihood v1.2...
Checking likelihood '/users/smp24dhl/cosmo/data/planck_2018/baseline/plc_3.0/hi_l/plik/plik_rd12_HM_v22b_TTTEEE.clik' on test data. got -1172.47 expected -1172.47 (diff -4.34057e-07)
----
Loading ACT DR6 lensing likelihood v1.2...
Checking likelihood '/users/smp24dhl/cosmo/data/planck_2018/baseline/plc_3.0/hi_l/plik/plik_rd12_HM_v22b_TTTEEE.clik' on test data. got -1172.47 expected -1172.47 (diff -4.34056e-07)
----
Loading ACT DR6 lensing likelihood v1.2...
Checking likelihood '/users/smp24dhl/cosmo/data/planck_2018/baseline/plc_3.0/hi_l/plik/plik_rd12_HM_v22b_TTTEEE.clik' on test data. got -1172.47 expected -1172.47 (diff -4.34057e-07)
----
Loading ACT DR6 lensing likelihood v1.2...
/users/smp24dhl/cosmo/code/act_dr6_lenslike/act_dr6_lenslike/act_dr6_lenslike.py:416: UserWarning: Hartlap correction to cinv: 0.949874686716792
  warnings.warn(f"Hartlap correction to cinv: {hartlap_correction}")
/users/smp24dhl/cosmo/code/act_dr6_lenslike/act_dr6_lenslike/act_dr6_lenslike.py:416: UserWarning: Hartlap correction to cinv: 0.949874686716792
  warnings.warn(f"Hartlap correction to cinv: {hartlap_correction}")
/users/smp24dhl/cosmo/code/act_dr6_lenslike/act_dr6_lenslike/act_dr6_lenslike.py:416: UserWarning: Hartlap correction to cinv: 0.949874686716792
  warnings.warn(f"Hartlap correction to cinv: {hartlap_correction}")
/users/smp24dhl/cosmo/code/act_dr6_lenslike/act_dr6_lenslike/act_dr6_lenslike.py:416: UserWarning: Hartlap correction to cinv: 0.949874686716792
  warnings.warn(f"Hartlap correction to cinv: {hartlap_correction}")
[2 : bao.desi_2024_bao_all] Initialized.
[1 : bao.desi_2024_bao_all] Initialized.
[3 : bao.desi_2024_bao_all] Initialized.
[0 : bao.desi_2024_bao_all] Initialized.
[0 : mcmc] Resuming from previous sample!
[0 : samplecollection] Loaded 1193 sample points from 'chains/large.1.txt'
[2 : samplecollection] Loaded 1117 sample points from 'chains/large.3.txt'
[3 : samplecollection] Loaded 1153 sample points from 'chains/large.4.txt'
[1 : samplecollection] Loaded 1165 sample points from 'chains/large.2.txt'
[0 : mcmc] Initial point: logA:3.04256, ns:0.9693552, theta_MC_100:1.041223, ombh2:0.0225797, omch2:0.119031, w:-0.8141186, wa:-0.5284015, beta_DE:1.025887, tau:0.05484917, A_planck:1.000147, calib_100T:0.9995337, calib_217T:0.9973466, A_cib_217:55.50975, xi_sz_cib:0.3667614, A_sz:9.306127, ksz_norm:2.247467, gal545_A_100:7.540737, gal545_A_143:10.53981, gal545_A_143_217:16.11088, gal545_A_217:79.65454, ps_A_100_100:228.952, ps_A_143_143:34.87709, ps_A_143_217:42.18354, ps_A_217_217:109.0428, galf_TE_A_100:0.07694543, galf_TE_A_100_143:0.141984, galf_TE_A_100_217:0.3915984, galf_TE_A_143:0.2499154, galf_TE_A_143_217:0.7229023, galf_TE_A_217:2.130305
[1 : mcmc] Initial point: logA:3.06394, ns:0.9707423, theta_MC_100:1.040605, ombh2:0.02246876, omch2:0.1182818, w:-0.8399749, wa:-0.716301, beta_DE:1.037224, tau:0.06383616, A_planck:1.004067, calib_100T:0.9993796, calib_217T:0.9977496, A_cib_217:43.40668, xi_sz_cib:0.7219239, A_sz:4.947813, ksz_norm:4.601363, gal545_A_100:8.295675, gal545_A_143:8.214598, gal545_A_143_217:16.18148, gal545_A_217:92.0186, ps_A_100_100:268.5881, ps_A_143_143:54.17929, ps_A_143_217:47.02131, ps_A_217_217:120.5426, galf_TE_A_100:0.09676899, galf_TE_A_100_143:0.1607793, galf_TE_A_100_217:0.3651569, galf_TE_A_143:0.2658914, galf_TE_A_143_217:0.6828792, galf_TE_A_217:1.422397
[2 : mcmc] Initial point: logA:3.043526, ns:0.9744051, theta_MC_100:1.041408, ombh2:0.02272822, omch2:0.117721, w:-0.7950511, wa:-0.9595615, beta_DE:1.034997, tau:0.05212456, A_planck:1.004919, calib_100T:0.9999445, calib_217T:0.9973499, A_cib_217:35.7684, xi_sz_cib:0.8967889, A_sz:7.402717, ksz_norm:0.6631474, gal545_A_100:7.257929, gal545_A_143:11.06865, gal545_A_143_217:21.19989, gal545_A_217:101.9296, ps_A_100_100:262.8971, ps_A_143_143:48.95463, ps_A_143_217:56.01181, ps_A_217_217:132.5338, galf_TE_A_100:0.1157152, galf_TE_A_100_143:0.1168913, galf_TE_A_100_217:0.441236, galf_TE_A_143:0.169005, galf_TE_A_143_217:0.6622554, galf_TE_A_217:1.892302
[3 : mcmc] Initial point: logA:3.049045, ns:0.9621825, theta_MC_100:1.04002, ombh2:0.02219509, omch2:0.1212878, w:-0.7851323, wa:-0.8648672, beta_DE:1.015043, tau:0.05352011, A_planck:1.002408, calib_100T:0.9989349, calib_217T:0.9975449, A_cib_217:42.5097, xi_sz_cib:0.9868909, A_sz:7.220724, ksz_norm:2.085302, gal545_A_100:8.405164, gal545_A_143:16.23111, gal545_A_143_217:20.4565, gal545_A_217:94.80324, ps_A_100_100:219.6111, ps_A_143_143:45.84078, ps_A_143_217:57.36232, ps_A_217_217:123.6633, galf_TE_A_100:0.09800952, galf_TE_A_100_143:0.1206356, galf_TE_A_100_217:0.5091407, galf_TE_A_143:0.2930377, galf_TE_A_143_217:0.7081643, galf_TE_A_217:1.85132
[0 : mcmc] *WARNING* Parameter blocking manually/previously fixed: speeds will not be measured.
[0 : mcmc] Dragging with number of interpolating steps:
[0 : mcmc] *  1 : (['theta_MC_100', 'ombh2', 'omch2', 'w', 'wa', 'beta_DE', 'tau'], ['logA', 'ns'])
[0 : mcmc] * 12 : (['A_planck'], ['calib_100T', 'calib_217T', 'A_cib_217', 'xi_sz_cib', 'A_sz', 'ksz_norm', 'gal545_A_100', 'gal545_A_143', 'gal545_A_143_217', 'gal545_A_217', 'ps_A_100_100', 'ps_A_143_143', 'ps_A_143_217', 'ps_A_217_217', 'galf_TE_A_100', 'galf_TE_A_100_143', 'galf_TE_A_100_217', 'galf_TE_A_143', 'galf_TE_A_143_217', 'galf_TE_A_217'])
[0 : mcmc] Covariance matrix from previous sample.
[0 : mcmc] Sampling!
[2 : mcmc] Progress @ 2025-01-30 11:49:34 : 1 steps taken, and 1117 accepted.
[3 : mcmc] Progress @ 2025-01-30 11:50:15 : 1 steps taken, and 1153 accepted.
[0 : mcmc] Progress @ 2025-01-30 11:50:19 : 1 steps taken, and 1193 accepted.
[1 : mcmc] Progress @ 2025-01-30 11:50:23 : 1 steps taken, and 1165 accepted.
[2 : mcmc] Progress @ 2025-01-30 11:50:34 : 3 steps taken, and 1117 accepted.
[3 : mcmc] Progress @ 2025-01-30 11:51:23 : 4 steps taken, and 1153 accepted.
[0 : mcmc] Progress @ 2025-01-30 11:51:27 : 5 steps taken, and 1193 accepted.
[1 : mcmc] Progress @ 2025-01-30 11:51:35 : 4 steps taken, and 1165 accepted.
[2 : mcmc] Progress @ 2025-01-30 11:51:52 : 6 steps taken, and 1118 accepted.
[0 : mcmc] Progress @ 2025-01-30 11:52:39 : 8 steps taken, and 1193 accepted.
[3 : mcmc] Progress @ 2025-01-30 11:52:41 : 8 steps taken, and 1156 accepted.
[1 : mcmc] Progress @ 2025-01-30 11:52:46 : 7 steps taken, and 1166 accepted.
[2 : mcmc] Progress @ 2025-01-30 11:52:58 : 11 steps taken, and 1120 accepted.
[3 : mcmc] Progress @ 2025-01-30 11:53:42 : 14 steps taken, and 1157 accepted.
[1 : mcmc] Progress @ 2025-01-30 11:53:53 : 10 steps taken, and 1167 accepted.
[0 : mcmc] Progress @ 2025-01-30 11:54:02 : 11 steps taken, and 1196 accepted.
[2 : mcmc] Progress @ 2025-01-30 11:54:19 : 14 steps taken, and 1123 accepted.
[3 : mcmc] Progress @ 2025-01-30 11:55:01 : 17 steps taken, and 1158 accepted.
[1 : mcmc] Progress @ 2025-01-30 11:55:02 : 13 steps taken, and 1169 accepted.
[0 : mcmc] Progress @ 2025-01-30 11:55:24 : 15 steps taken, and 1198 accepted.
[2 : mcmc] Progress @ 2025-01-30 11:55:29 : 17 steps taken, and 1124 accepted.
[1 : mcmc] Progress @ 2025-01-30 11:56:13 : 16 steps taken, and 1170 accepted.
[3 : mcmc] Progress @ 2025-01-30 11:56:20 : 22 steps taken, and 1160 accepted.
[0 : mcmc] Progress @ 2025-01-30 11:56:25 : 18 steps taken, and 1199 accepted.
[2 : mcmc] Progress @ 2025-01-30 11:56:46 : 20 steps taken, and 1126 accepted.
[1 : mcmc] Progress @ 2025-01-30 11:57:21 : 19 steps taken, and 1172 accepted.
[3 : mcmc] Progress @ 2025-01-30 11:57:38 : 25 steps taken, and 1162 accepted.
[0 : mcmc] Progress @ 2025-01-30 11:57:45 : 21 steps taken, and 1199 accepted.
[2 : mcmc] Progress @ 2025-01-30 11:57:56 : 23 steps taken, and 1127 accepted.
[3 : mcmc] Progress @ 2025-01-30 11:58:45 : 29 steps taken, and 1165 accepted.
[1 : mcmc] Progress @ 2025-01-30 11:58:47 : 23 steps taken, and 1174 accepted.
[0 : mcmc] Progress @ 2025-01-30 11:58:59 : 24 steps taken, and 1199 accepted.
[2 : mcmc] Progress @ 2025-01-30 11:59:07 : 26 steps taken, and 1128 accepted.
[1 : mcmc] Progress @ 2025-01-30 11:59:57 : 26 steps taken, and 1177 accepted.
[3 : mcmc] Progress @ 2025-01-30 11:59:58 : 33 steps taken, and 1168 accepted.
[0 : mcmc] Progress @ 2025-01-30 12:00:16 : 30 steps taken, and 1200 accepted.
[2 : mcmc] Progress @ 2025-01-30 12:00:19 : 29 steps taken, and 1129 accepted.
[1 : mcmc] Progress @ 2025-01-30 12:01:11 : 30 steps taken, and 1179 accepted.
[3 : mcmc] Progress @ 2025-01-30 12:01:22 : 36 steps taken, and 1169 accepted.
[0 : mcmc] Progress @ 2025-01-30 12:01:27 : 35 steps taken, and 1201 accepted.
[2 : mcmc] Progress @ 2025-01-30 12:01:36 : 32 steps taken, and 1129 accepted.
[1 : mcmc] Progress @ 2025-01-30 12:02:22 : 33 steps taken, and 1180 accepted.
[3 : mcmc] Progress @ 2025-01-30 12:02:37 : 39 steps taken, and 1170 accepted.
[0 : mcmc] Progress @ 2025-01-30 12:02:42 : 40 steps taken, and 1201 accepted.
[2 : mcmc] Progress @ 2025-01-30 12:02:54 : 35 steps taken, and 1130 accepted.
[1 : mcmc] Progress @ 2025-01-30 12:03:24 : 36 steps taken, and 1182 accepted.
[0 : mcmc] Progress @ 2025-01-30 12:03:56 : 45 steps taken, and 1201 accepted.
[3 : mcmc] Progress @ 2025-01-30 12:03:56 : 43 steps taken, and 1171 accepted.
[2 : mcmc] Progress @ 2025-01-30 12:04:00 : 38 steps taken, and 1131 accepted.
[1 : mcmc] Progress @ 2025-01-30 12:04:31 : 39 steps taken, and 1183 accepted.
[0 : mcmc] Progress @ 2025-01-30 12:05:09 : 49 steps taken, and 1202 accepted.
[3 : mcmc] Progress @ 2025-01-30 12:05:14 : 47 steps taken, and 1173 accepted.
[2 : mcmc] Progress @ 2025-01-30 12:05:20 : 41 steps taken, and 1132 accepted.
[1 : mcmc] Progress @ 2025-01-30 12:05:45 : 42 steps taken, and 1183 accepted.
[0 : mcmc] Progress @ 2025-01-30 12:06:09 : 52 steps taken, and 1203 accepted.
[3 : mcmc] Progress @ 2025-01-30 12:06:28 : 53 steps taken, and 1175 accepted.
[2 : mcmc] Progress @ 2025-01-30 12:06:30 : 44 steps taken, and 1133 accepted.
[1 : mcmc] Progress @ 2025-01-30 12:07:00 : 45 steps taken, and 1184 accepted.
[0 : mcmc] Progress @ 2025-01-30 12:07:20 : 55 steps taken, and 1204 accepted.
[2 : mcmc] Progress @ 2025-01-30 12:07:44 : 47 steps taken, and 1134 accepted.
[3 : mcmc] Progress @ 2025-01-30 12:07:46 : 56 steps taken, and 1176 accepted.
[1 : mcmc] Progress @ 2025-01-30 12:08:19 : 49 steps taken, and 1186 accepted.
[0 : mcmc] Progress @ 2025-01-30 12:08:44 : 59 steps taken, and 1205 accepted.
[2 : mcmc] Progress @ 2025-01-30 12:09:05 : 51 steps taken, and 1135 accepted.
[3 : mcmc] Progress @ 2025-01-30 12:09:10 : 62 steps taken, and 1178 accepted.
[1 : mcmc] Progress @ 2025-01-30 12:09:26 : 53 steps taken, and 1188 accepted.
[0 : mcmc] Progress @ 2025-01-30 12:10:04 : 62 steps taken, and 1205 accepted.
[2 : mcmc] Progress @ 2025-01-30 12:10:19 : 54 steps taken, and 1136 accepted.
[3 : mcmc] Progress @ 2025-01-30 12:10:21 : 65 steps taken, and 1178 accepted.
[1 : mcmc] Progress @ 2025-01-30 12:10:38 : 56 steps taken, and 1189 accepted.
[0 : mcmc] Progress @ 2025-01-30 12:11:25 : 66 steps taken, and 1206 accepted.
[3 : mcmc] Progress @ 2025-01-30 12:11:30 : 68 steps taken, and 1178 accepted.
[2 : mcmc] Progress @ 2025-01-30 12:11:33 : 57 steps taken, and 1136 accepted.
[1 : mcmc] Progress @ 2025-01-30 12:11:42 : 59 steps taken, and 1189 accepted.
[0 : mcmc] Progress @ 2025-01-30 12:12:26 : 69 steps taken, and 1207 accepted.
[3 : mcmc] Progress @ 2025-01-30 12:12:45 : 71 steps taken, and 1179 accepted.
[2 : mcmc] Progress @ 2025-01-30 12:12:45 : 60 steps taken, and 1138 accepted.
[1 : mcmc] Progress @ 2025-01-30 12:12:54 : 63 steps taken, and 1192 accepted.
[0 : mcmc] Progress @ 2025-01-30 12:13:31 : 72 steps taken, and 1209 accepted.
[3 : mcmc] Progress @ 2025-01-30 12:13:45 : 74 steps taken, and 1179 accepted.
[2 : mcmc] Progress @ 2025-01-30 12:13:59 : 63 steps taken, and 1138 accepted.
[1 : mcmc] Progress @ 2025-01-30 12:14:00 : 67 steps taken, and 1193 accepted.
[0 : mcmc] Progress @ 2025-01-30 12:14:37 : 75 steps taken, and 1210 accepted.
[1 : mcmc] Progress @ 2025-01-30 12:15:07 : 70 steps taken, and 1194 accepted.
[2 : mcmc] Progress @ 2025-01-30 12:15:11 : 69 steps taken, and 1140 accepted.
[3 : mcmc] Progress @ 2025-01-30 12:15:11 : 78 steps taken, and 1180 accepted.
[0 : mcmc] Progress @ 2025-01-30 12:15:42 : 78 steps taken, and 1211 accepted.
