[0 : output] Output to be read-from/written-into folder 'chains', with prefix 'act-full'
[0 : output] Found existing info files with the requested output prefix: 'chains/act-full'
[0 : output] Let's try to resume/load.
[0 : output] Found an old sample. Resuming.
[0 : prior] *WARNING* External prior 'SZ' loaded. Mind that it might not be normalized!

libgomp: Invalid value for environment variable OMP_NUM_THREADS: 

libgomp: Invalid value for environment variable OMP_NUM_THREADS: 

libgomp: 
libgomp: Invalid value for environment variable OMP_NUM_THREADS: 
Invalid value for environment variable OMP_NUM_THREADS: 
[0 : camb] `camb` module loaded successfully from /users/smp24dhl/cosmo/code/CAMB_beta/camb
[0 : planck_2018_highl_plik.ttteee] `clik` module loaded successfully from /users/smp24dhl/cosmo/code/planck/clik/lib/python3.9/site-packages/clik
----
clik version clik_16.0b1-2-g63c889f3aa9c MAKEFILE
  smica
----
clik version clik_16.0b1-2-g63c889f3aa9c MAKEFILE
  smica
----
clik version clik_16.0b1-2-g63c889f3aa9c MAKEFILE
  smica
----
clik version clik_16.0b1-2-g63c889f3aa9c MAKEFILE
  smica
Checking likelihood '/users/smp24dhl/cosmo/data/planck_2018/baseline/plc_3.0/hi_l/plik/plik_rd12_HM_v22b_TTTEEE.clik' on test data. got -1172.47 expected -1172.47 (diff -4.34057e-07)
----
Loading ACT DR6 lensing likelihood v1.2...
Checking likelihood '/users/smp24dhl/cosmo/data/planck_2018/baseline/plc_3.0/hi_l/plik/plik_rd12_HM_v22b_TTTEEE.clik' on test data. got -1172.47 expected -1172.47 (diff -4.34057e-07)
----
Loading ACT DR6 lensing likelihood v1.2...
Checking likelihood '/users/smp24dhl/cosmo/data/planck_2018/baseline/plc_3.0/hi_l/plik/plik_rd12_HM_v22b_TTTEEE.clik' on test data. got -1172.47 expected -1172.47 (diff -4.34057e-07)
----
Checking likelihood '/users/smp24dhl/cosmo/data/planck_2018/baseline/plc_3.0/hi_l/plik/plik_rd12_HM_v22b_TTTEEE.clik' on test data. got -1172.47 expected -1172.47 (diff -4.34056e-07)
----
Loading ACT DR6 lensing likelihood v1.2...
Loading ACT DR6 lensing likelihood v1.2...
/users/smp24dhl/cosmo/code/act_dr6_lenslike/act_dr6_lenslike/act_dr6_lenslike.py:416: UserWarning: Hartlap correction to cinv: 0.949874686716792
  warnings.warn(f"Hartlap correction to cinv: {hartlap_correction}")
/users/smp24dhl/cosmo/code/act_dr6_lenslike/act_dr6_lenslike/act_dr6_lenslike.py:416: UserWarning: Hartlap correction to cinv: 0.949874686716792
  warnings.warn(f"Hartlap correction to cinv: {hartlap_correction}")
/users/smp24dhl/cosmo/code/act_dr6_lenslike/act_dr6_lenslike/act_dr6_lenslike.py:416: UserWarning: Hartlap correction to cinv: 0.949874686716792
  warnings.warn(f"Hartlap correction to cinv: {hartlap_correction}")
/users/smp24dhl/cosmo/code/act_dr6_lenslike/act_dr6_lenslike/act_dr6_lenslike.py:416: UserWarning: Hartlap correction to cinv: 0.949874686716792
  warnings.warn(f"Hartlap correction to cinv: {hartlap_correction}")
[0 : bao.desi_2024_bao_all] Initialized.
[2 : bao.desi_2024_bao_all] Initialized.
[1 : bao.desi_2024_bao_all] Initialized.
[3 : bao.desi_2024_bao_all] Initialized.
[0 : mcmc] Resuming from previous sample!
[1 : samplecollection] Loaded 3662 sample points from 'chains/act-full.2.txt'
[2 : samplecollection] Loaded 3629 sample points from 'chains/act-full.3.txt'
[3 : samplecollection] Loaded 3768 sample points from 'chains/act-full.4.txt'
[0 : samplecollection] Loaded 3520 sample points from 'chains/act-full.1.txt'
[0 : mcmc] Initial point: logA:3.040313, ns:0.9679779, theta_MC_100:1.041024, ombh2:0.02237696, omch2:0.1187723, w:-0.8793865, wa:-0.2240837, beta_DE:-0.5533249, tau:0.05481411, A_planck:0.9980948, calib_100T:1.000082, calib_217T:0.9979288, A_cib_217:37.13221, xi_sz_cib:0.8785899, A_sz:7.210072, ksz_norm:0.5230432, gal545_A_100:10.27956, gal545_A_143:9.658542, gal545_A_143_217:17.07308, gal545_A_217:94.43932, ps_A_100_100:251.5341, ps_A_143_143:50.71472, ps_A_143_217:62.75849, ps_A_217_217:134.1326, galf_TE_A_100:0.02719125, galf_TE_A_100_143:0.1144793, galf_TE_A_100_217:0.4871494, galf_TE_A_143:0.1933751, galf_TE_A_143_217:0.686718, galf_TE_A_217:2.309538
[2 : mcmc] Initial point: logA:3.055145, ns:0.9682857, theta_MC_100:1.041073, ombh2:0.02218907, omch2:0.1185271, w:-0.8274546, wa:-0.6304264, beta_DE:0.9602331, tau:0.06081128, A_planck:1.000338, calib_100T:1.000322, calib_217T:0.9980654, A_cib_217:49.66467, xi_sz_cib:0.2910093, A_sz:4.860476, ksz_norm:1.245941, gal545_A_100:8.606241, gal545_A_143:10.49211, gal545_A_143_217:17.74674, gal545_A_217:90.45465, ps_A_100_100:254.1417, ps_A_143_143:48.07395, ps_A_143_217:41.09866, ps_A_217_217:112.5629, galf_TE_A_100:0.1292424, galf_TE_A_100_143:0.1436057, galf_TE_A_100_217:0.6301822, galf_TE_A_143:0.195317, galf_TE_A_143_217:0.4857235, galf_TE_A_217:1.753588
[1 : mcmc] Initial point: logA:3.05695, ns:0.9638147, theta_MC_100:1.040347, ombh2:0.02239591, omch2:0.1215062, w:-0.8013553, wa:-0.7152633, beta_DE:-0.3243703, tau:0.06201309, A_planck:0.9975388, calib_100T:1.000044, calib_217T:0.9985893, A_cib_217:51.96669, xi_sz_cib:0.1109302, A_sz:7.365419, ksz_norm:4.834502, gal545_A_100:10.56935, gal545_A_143:7.095178, gal545_A_143_217:13.85419, gal545_A_217:88.16228, ps_A_100_100:233.2019, ps_A_143_143:28.27854, ps_A_143_217:27.44112, ps_A_217_217:97.27434, galf_TE_A_100:0.1175673, galf_TE_A_100_143:0.1478289, galf_TE_A_100_217:0.5349707, galf_TE_A_143:0.2662585, galf_TE_A_143_217:0.7096695, galf_TE_A_217:2.316136
[3 : mcmc] Initial point: logA:3.036703, ns:0.9622666, theta_MC_100:1.040542, ombh2:0.02225976, omch2:0.1202977, w:-0.8117876, wa:-0.8253891, beta_DE:0.6931711, tau:0.04901823, A_planck:1.001907, calib_100T:0.9999949, calib_217T:0.9985817, A_cib_217:53.65683, xi_sz_cib:0.2691096, A_sz:6.204849, ksz_norm:0.4964459, gal545_A_100:9.132228, gal545_A_143:7.165836, gal545_A_143_217:15.92148, gal545_A_217:88.9741, ps_A_100_100:247.8241, ps_A_143_143:55.91132, ps_A_143_217:48.49954, ps_A_217_217:114.7924, galf_TE_A_100:0.08697112, galf_TE_A_100_143:0.1276316, galf_TE_A_100_217:0.430253, galf_TE_A_143:0.2499793, galf_TE_A_143_217:0.7657056, galf_TE_A_217:2.300251
[0 : mcmc] *WARNING* Parameter blocking manually/previously fixed: speeds will not be measured.
[0 : mcmc] Dragging with number of interpolating steps:
[0 : mcmc] *  1 : (['theta_MC_100', 'ombh2', 'omch2', 'w', 'wa', 'beta_DE', 'tau'], ['logA', 'ns'])
[0 : mcmc] * 12 : (['A_planck'], ['calib_100T', 'calib_217T', 'A_cib_217', 'xi_sz_cib', 'A_sz', 'ksz_norm', 'gal545_A_100', 'gal545_A_143', 'gal545_A_143_217', 'gal545_A_217', 'ps_A_100_100', 'ps_A_143_143', 'ps_A_143_217', 'ps_A_217_217', 'galf_TE_A_100', 'galf_TE_A_100_143', 'galf_TE_A_100_217', 'galf_TE_A_143', 'galf_TE_A_143_217', 'galf_TE_A_217'])
[0 : mcmc] Covariance matrix from previous sample.
[0 : mcmc] Sampling!
[2 : mcmc] Progress @ 2025-02-05 21:06:53 : 1 steps taken, and 3629 accepted.
[1 : mcmc] Progress @ 2025-02-05 21:07:33 : 1 steps taken, and 3662 accepted.
[0 : mcmc] Progress @ 2025-02-05 21:07:36 : 1 steps taken, and 3520 accepted.
[3 : mcmc] Progress @ 2025-02-05 21:07:43 : 1 steps taken, and 3768 accepted.
[2 : mcmc] Progress @ 2025-02-05 21:08:05 : 3 steps taken, and 3629 accepted.
[1 : mcmc] Progress @ 2025-02-05 21:08:42 : 4 steps taken, and 3662 accepted.
[3 : mcmc] Progress @ 2025-02-05 21:08:46 : 4 steps taken, and 3768 accepted.
[0 : mcmc] Progress @ 2025-02-05 21:08:48 : 5 steps taken, and 3521 accepted.
[2 : mcmc] Progress @ 2025-02-05 21:09:13 : 6 steps taken, and 3630 accepted.
[0 : mcmc] Progress @ 2025-02-05 21:09:53 : 9 steps taken, and 3522 accepted.
[3 : mcmc] Progress @ 2025-02-05 21:09:56 : 7 steps taken, and 3769 accepted.
[1 : mcmc] Progress @ 2025-02-05 21:10:04 : 7 steps taken, and 3662 accepted.
[2 : mcmc] Progress @ 2025-02-05 21:10:37 : 9 steps taken, and 3632 accepted.
[0 : mcmc] Progress @ 2025-02-05 21:11:04 : 12 steps taken, and 3522 accepted.
[3 : mcmc] Progress @ 2025-02-05 21:11:15 : 10 steps taken, and 3770 accepted.
[1 : mcmc] Progress @ 2025-02-05 21:11:26 : 10 steps taken, and 3663 accepted.
[2 : mcmc] Progress @ 2025-02-05 21:11:58 : 13 steps taken, and 3633 accepted.
[0 : mcmc] Progress @ 2025-02-05 21:12:26 : 15 steps taken, and 3524 accepted.
[1 : mcmc] Progress @ 2025-02-05 21:12:35 : 13 steps taken, and 3664 accepted.
[3 : mcmc] Progress @ 2025-02-05 21:12:37 : 13 steps taken, and 3772 accepted.
[2 : mcmc] Progress @ 2025-02-05 21:13:13 : 16 steps taken, and 3636 accepted.
[0 : mcmc] Progress @ 2025-02-05 21:13:37 : 18 steps taken, and 3525 accepted.
[3 : mcmc] Progress @ 2025-02-05 21:13:46 : 16 steps taken, and 3773 accepted.
[1 : mcmc] Progress @ 2025-02-05 21:13:55 : 16 steps taken, and 3666 accepted.
[2 : mcmc] Progress @ 2025-02-05 21:14:21 : 21 steps taken, and 3638 accepted.
[3 : mcmc] Progress @ 2025-02-05 21:14:49 : 20 steps taken, and 3774 accepted.
[0 : mcmc] Progress @ 2025-02-05 21:14:52 : 22 steps taken, and 3526 accepted.
[1 : mcmc] Progress @ 2025-02-05 21:15:01 : 21 steps taken, and 3668 accepted.
[2 : mcmc] Progress @ 2025-02-05 21:15:35 : 24 steps taken, and 3639 accepted.
[3 : mcmc] Progress @ 2025-02-05 21:16:11 : 23 steps taken, and 3776 accepted.
[0 : mcmc] Progress @ 2025-02-05 21:16:13 : 26 steps taken, and 3526 accepted.
[1 : mcmc] Progress @ 2025-02-05 21:16:24 : 27 steps taken, and 3669 accepted.
[2 : mcmc] Progress @ 2025-02-05 21:16:37 : 31 steps taken, and 3641 accepted.
[0 : mcmc] Progress @ 2025-02-05 21:17:23 : 29 steps taken, and 3527 accepted.
[3 : mcmc] Progress @ 2025-02-05 21:17:24 : 26 steps taken, and 3778 accepted.
[1 : mcmc] Progress @ 2025-02-05 21:17:33 : 30 steps taken, and 3671 accepted.
[2 : mcmc] Progress @ 2025-02-05 21:17:51 : 36 steps taken, and 3641 accepted.
[3 : mcmc] Progress @ 2025-02-05 21:18:32 : 29 steps taken, and 3779 accepted.
[0 : mcmc] Progress @ 2025-02-05 21:18:38 : 32 steps taken, and 3527 accepted.
[1 : mcmc] Progress @ 2025-02-05 21:18:51 : 33 steps taken, and 3673 accepted.
[2 : mcmc] Progress @ 2025-02-05 21:18:55 : 42 steps taken, and 3642 accepted.
[3 : mcmc] Progress @ 2025-02-05 21:19:54 : 32 steps taken, and 3780 accepted.
[1 : mcmc] Progress @ 2025-02-05 21:20:00 : 37 steps taken, and 3675 accepted.
[0 : mcmc] Progress @ 2025-02-05 21:20:01 : 37 steps taken, and 3528 accepted.
[2 : mcmc] Progress @ 2025-02-05 21:20:05 : 45 steps taken, and 3642 accepted.
[3 : mcmc] Progress @ 2025-02-05 21:21:06 : 35 steps taken, and 3780 accepted.
[0 : mcmc] Progress @ 2025-02-05 21:21:11 : 40 steps taken, and 3528 accepted.
[1 : mcmc] Progress @ 2025-02-05 21:21:13 : 40 steps taken, and 3677 accepted.
[2 : mcmc] Progress @ 2025-02-05 21:21:21 : 48 steps taken, and 3643 accepted.
[3 : mcmc] Progress @ 2025-02-05 21:22:22 : 38 steps taken, and 3780 accepted.
[1 : mcmc] Progress @ 2025-02-05 21:22:24 : 45 steps taken, and 3678 accepted.
[0 : mcmc] Progress @ 2025-02-05 21:22:33 : 43 steps taken, and 3529 accepted.
[2 : mcmc] Progress @ 2025-02-05 21:22:35 : 51 steps taken, and 3645 accepted.
[3 : mcmc] Progress @ 2025-02-05 21:23:38 : 41 steps taken, and 3781 accepted.
[0 : mcmc] Progress @ 2025-02-05 21:23:45 : 47 steps taken, and 3530 accepted.
[2 : mcmc] Progress @ 2025-02-05 21:23:47 : 54 steps taken, and 3647 accepted.
[1 : mcmc] Progress @ 2025-02-05 21:23:48 : 48 steps taken, and 3680 accepted.
[3 : mcmc] Progress @ 2025-02-05 21:24:50 : 44 steps taken, and 3782 accepted.
[1 : mcmc] Progress @ 2025-02-05 21:24:54 : 54 steps taken, and 3682 accepted.
[0 : mcmc] Progress @ 2025-02-05 21:24:56 : 50 steps taken, and 3531 accepted.
[2 : mcmc] Progress @ 2025-02-05 21:25:09 : 57 steps taken, and 3648 accepted.
[3 : mcmc] Progress @ 2025-02-05 21:26:02 : 48 steps taken, and 3784 accepted.
[1 : mcmc] Progress @ 2025-02-05 21:26:10 : 57 steps taken, and 3683 accepted.
[0 : mcmc] Progress @ 2025-02-05 21:26:19 : 53 steps taken, and 3532 accepted.
[2 : mcmc] Progress @ 2025-02-05 21:26:35 : 61 steps taken, and 3650 accepted.
[3 : mcmc] Progress @ 2025-02-05 21:27:21 : 51 steps taken, and 3786 accepted.
[1 : mcmc] Progress @ 2025-02-05 21:27:35 : 63 steps taken, and 3685 accepted.
[0 : mcmc] Progress @ 2025-02-05 21:27:38 : 57 steps taken, and 3534 accepted.
[2 : mcmc] Progress @ 2025-02-05 21:27:58 : 64 steps taken, and 3650 accepted.
[3 : mcmc] Progress @ 2025-02-05 21:28:41 : 54 steps taken, and 3786 accepted.
[1 : mcmc] Progress @ 2025-02-05 21:28:55 : 66 steps taken, and 3686 accepted.
[0 : mcmc] Progress @ 2025-02-05 21:29:01 : 60 steps taken, and 3534 accepted.
[2 : mcmc] Progress @ 2025-02-05 21:29:21 : 67 steps taken, and 3651 accepted.
[3 : mcmc] Progress @ 2025-02-05 21:29:57 : 57 steps taken, and 3787 accepted.
[1 : mcmc] Progress @ 2025-02-05 21:30:09 : 71 steps taken, and 3687 accepted.
[0 : mcmc] Progress @ 2025-02-05 21:30:11 : 63 steps taken, and 3536 accepted.
[2 : mcmc] Progress @ 2025-02-05 21:30:41 : 71 steps taken, and 3652 accepted.
[3 : mcmc] Progress @ 2025-02-05 21:31:09 : 60 steps taken, and 3789 accepted.
[1 : mcmc] Progress @ 2025-02-05 21:31:21 : 75 steps taken, and 3689 accepted.
[0 : mcmc] Progress @ 2025-02-05 21:31:30 : 66 steps taken, and 3537 accepted.
[2 : mcmc] Progress @ 2025-02-05 21:31:50 : 74 steps taken, and 3653 accepted.
[3 : mcmc] Progress @ 2025-02-05 21:32:19 : 63 steps taken, and 3791 accepted.
[1 : mcmc] Progress @ 2025-02-05 21:32:28 : 78 steps taken, and 3691 accepted.
[0 : mcmc] Progress @ 2025-02-05 21:32:39 : 69 steps taken, and 3538 accepted.
[2 : mcmc] Progress @ 2025-02-05 21:33:04 : 77 steps taken, and 3655 accepted.
[3 : mcmc] Progress @ 2025-02-05 21:33:25 : 66 steps taken, and 3793 accepted.
[1 : mcmc] Progress @ 2025-02-05 21:33:44 : 84 steps taken, and 3694 accepted.
[0 : mcmc] Progress @ 2025-02-05 21:33:54 : 72 steps taken, and 3540 accepted.
[2 : mcmc] Progress @ 2025-02-05 21:34:17 : 80 steps taken, and 3656 accepted.
[3 : mcmc] Progress @ 2025-02-05 21:34:44 : 69 steps taken, and 3795 accepted.
[1 : mcmc] Progress @ 2025-02-05 21:34:55 : 89 steps taken, and 3694 accepted.
[0 : mcmc] Progress @ 2025-02-05 21:35:06 : 75 steps taken, and 3541 accepted.
[2 : mcmc] Progress @ 2025-02-05 21:35:28 : 88 steps taken, and 3658 accepted.
[1 : mcmc] Progress @ 2025-02-05 21:36:05 : 93 steps taken, and 3695 accepted.
[3 : mcmc] Progress @ 2025-02-05 21:36:05 : 73 steps taken, and 3798 accepted.
[0 : mcmc] Progress @ 2025-02-05 21:36:14 : 79 steps taken, and 3541 accepted.
[2 : mcmc] Progress @ 2025-02-05 21:36:54 : 92 steps taken, and 3660 accepted.
[1 : mcmc] Progress @ 2025-02-05 21:37:15 : 97 steps taken, and 3697 accepted.
[3 : mcmc] Progress @ 2025-02-05 21:37:18 : 76 steps taken, and 3799 accepted.
[0 : mcmc] Progress @ 2025-02-05 21:37:39 : 82 steps taken, and 3543 accepted.
[1 : mcmc] Progress @ 2025-02-05 21:38:16 : 103 steps taken, and 3698 accepted.
[2 : mcmc] Progress @ 2025-02-05 21:38:20 : 96 steps taken, and 3661 accepted.
[3 : mcmc] Progress @ 2025-02-05 21:38:33 : 80 steps taken, and 3802 accepted.
[0 : mcmc] Progress @ 2025-02-05 21:38:40 : 85 steps taken, and 3544 accepted.
[1 : mcmc] Progress @ 2025-02-05 21:39:18 : 111 steps taken, and 3700 accepted.
[2 : mcmc] Progress @ 2025-02-05 21:39:34 : 99 steps taken, and 3664 accepted.
[3 : mcmc] Progress @ 2025-02-05 21:39:42 : 84 steps taken, and 3803 accepted.
[0 : mcmc] Progress @ 2025-02-05 21:40:01 : 88 steps taken, and 3546 accepted.
[1 : mcmc] Progress @ 2025-02-05 21:40:34 : 116 steps taken, and 3701 accepted.
[2 : mcmc] Progress @ 2025-02-05 21:40:44 : 103 steps taken, and 3665 accepted.
[3 : mcmc] Progress @ 2025-02-05 21:40:49 : 88 steps taken, and 3804 accepted.
[0 : mcmc] Progress @ 2025-02-05 21:41:22 : 91 steps taken, and 3547 accepted.
[1 : mcmc] Progress @ 2025-02-05 21:41:53 : 120 steps taken, and 3702 accepted.
[2 : mcmc] Progress @ 2025-02-05 21:41:54 : 106 steps taken, and 3665 accepted.
[3 : mcmc] Progress @ 2025-02-05 21:42:06 : 91 steps taken, and 3806 accepted.
[0 : mcmc] Progress @ 2025-02-05 21:42:46 : 95 steps taken, and 3548 accepted.
[1 : mcmc] Progress @ 2025-02-05 21:42:53 : 124 steps taken, and 3704 accepted.
[3 : mcmc] Progress @ 2025-02-05 21:43:13 : 95 steps taken, and 3807 accepted.
[2 : mcmc] Progress @ 2025-02-05 21:43:14 : 109 steps taken, and 3667 accepted.
[1 : mcmc] Progress @ 2025-02-05 21:44:06 : 128 steps taken, and 3704 accepted.
[0 : mcmc] Progress @ 2025-02-05 21:44:06 : 98 steps taken, and 3549 accepted.
[2 : mcmc] Progress @ 2025-02-05 21:44:18 : 112 steps taken, and 3669 accepted.
[3 : mcmc] Progress @ 2025-02-05 21:44:32 : 99 steps taken, and 3808 accepted.
[1 : mcmc] Progress @ 2025-02-05 21:45:10 : 131 steps taken, and 3706 accepted.
[0 : mcmc] Progress @ 2025-02-05 21:45:23 : 101 steps taken, and 3550 accepted.
[3 : mcmc] Progress @ 2025-02-05 21:45:34 : 103 steps taken, and 3809 accepted.
[2 : mcmc] Progress @ 2025-02-05 21:45:39 : 115 steps taken, and 3671 accepted.
[1 : mcmc] Progress @ 2025-02-05 21:46:18 : 135 steps taken, and 3706 accepted.
[0 : mcmc] Progress @ 2025-02-05 21:46:43 : 104 steps taken, and 3551 accepted.
[3 : mcmc] Progress @ 2025-02-05 21:46:52 : 108 steps taken, and 3810 accepted.
[2 : mcmc] Progress @ 2025-02-05 21:47:03 : 119 steps taken, and 3673 accepted.
[1 : mcmc] Progress @ 2025-02-05 21:47:37 : 138 steps taken, and 3706 accepted.
[0 : mcmc] Progress @ 2025-02-05 21:47:51 : 108 steps taken, and 3553 accepted.
[3 : mcmc] Progress @ 2025-02-05 21:47:54 : 112 steps taken, and 3812 accepted.
[2 : mcmc] Progress @ 2025-02-05 21:48:22 : 122 steps taken, and 3673 accepted.
[1 : mcmc] Progress @ 2025-02-05 21:48:58 : 145 steps taken, and 3707 accepted.
[0 : mcmc] Progress @ 2025-02-05 21:49:17 : 113 steps taken, and 3556 accepted.
[3 : mcmc] Progress @ 2025-02-05 21:49:18 : 118 steps taken, and 3813 accepted.
[2 : mcmc] Progress @ 2025-02-05 21:49:41 : 126 steps taken, and 3676 accepted.
[1 : mcmc] Progress @ 2025-02-05 21:50:01 : 148 steps taken, and 3707 accepted.
[3 : mcmc] Progress @ 2025-02-05 21:50:19 : 122 steps taken, and 3813 accepted.
[0 : mcmc] Progress @ 2025-02-05 21:50:35 : 116 steps taken, and 3559 accepted.
[2 : mcmc] Progress @ 2025-02-05 21:51:06 : 129 steps taken, and 3678 accepted.
[1 : mcmc] Progress @ 2025-02-05 21:51:18 : 152 steps taken, and 3707 accepted.
[3 : mcmc] Progress @ 2025-02-05 21:51:23 : 127 steps taken, and 3813 accepted.
[0 : mcmc] Progress @ 2025-02-05 21:51:49 : 120 steps taken, and 3561 accepted.
[2 : mcmc] Progress @ 2025-02-05 21:52:17 : 132 steps taken, and 3679 accepted.
[1 : mcmc] Progress @ 2025-02-05 21:52:26 : 157 steps taken, and 3707 accepted.
[3 : mcmc] Progress @ 2025-02-05 21:52:40 : 133 steps taken, and 3814 accepted.
[0 : mcmc] Progress @ 2025-02-05 21:52:56 : 123 steps taken, and 3562 accepted.
[2 : mcmc] Progress @ 2025-02-05 21:53:22 : 135 steps taken, and 3680 accepted.
[1 : mcmc] Progress @ 2025-02-05 21:53:33 : 160 steps taken, and 3708 accepted.
[3 : mcmc] Progress @ 2025-02-05 21:53:49 : 136 steps taken, and 3816 accepted.
[0 : mcmc] Progress @ 2025-02-05 21:54:04 : 126 steps taken, and 3564 accepted.
[2 : mcmc] Progress @ 2025-02-05 21:54:25 : 138 steps taken, and 3682 accepted.
[1 : mcmc] Progress @ 2025-02-05 21:54:37 : 164 steps taken, and 3708 accepted.
[3 : mcmc] Progress @ 2025-02-05 21:55:01 : 139 steps taken, and 3818 accepted.
[0 : mcmc] Progress @ 2025-02-05 21:55:14 : 130 steps taken, and 3566 accepted.
[2 : mcmc] Progress @ 2025-02-05 21:55:44 : 145 steps taken, and 3684 accepted.
[1 : mcmc] Progress @ 2025-02-05 21:55:46 : 170 steps taken, and 3708 accepted.
[0 : mcmc] Progress @ 2025-02-05 21:56:24 : 134 steps taken, and 3566 accepted.
[3 : mcmc] Progress @ 2025-02-05 21:56:24 : 142 steps taken, and 3820 accepted.
[1 : mcmc] Progress @ 2025-02-05 21:56:48 : 173 steps taken, and 3709 accepted.
[2 : mcmc] Progress @ 2025-02-05 21:56:57 : 148 steps taken, and 3684 accepted.
[3 : mcmc] Progress @ 2025-02-05 21:57:32 : 145 steps taken, and 3822 accepted.
[0 : mcmc] Progress @ 2025-02-05 21:57:36 : 137 steps taken, and 3568 accepted.
[2 : mcmc] Progress @ 2025-02-05 21:58:06 : 151 steps taken, and 3685 accepted.
[1 : mcmc] Progress @ 2025-02-05 21:58:11 : 177 steps taken, and 3711 accepted.
[3 : mcmc] Progress @ 2025-02-05 21:58:34 : 148 steps taken, and 3825 accepted.
[0 : mcmc] Progress @ 2025-02-05 21:58:51 : 141 steps taken, and 3568 accepted.
[2 : mcmc] Progress @ 2025-02-05 21:59:06 : 154 steps taken, and 3687 accepted.
[1 : mcmc] Progress @ 2025-02-05 21:59:23 : 181 steps taken, and 3712 accepted.
[3 : mcmc] Progress @ 2025-02-05 21:59:43 : 151 steps taken, and 3828 accepted.
[0 : mcmc] Progress @ 2025-02-05 22:00:08 : 144 steps taken, and 3569 accepted.
[2 : mcmc] Progress @ 2025-02-05 22:00:27 : 157 steps taken, and 3688 accepted.
[1 : mcmc] Progress @ 2025-02-05 22:00:29 : 186 steps taken, and 3712 accepted.
[3 : mcmc] Progress @ 2025-02-05 22:01:06 : 154 steps taken, and 3828 accepted.
[0 : mcmc] Progress @ 2025-02-05 22:01:20 : 148 steps taken, and 3569 accepted.
[2 : mcmc] Progress @ 2025-02-05 22:01:36 : 160 steps taken, and 3689 accepted.
[1 : mcmc] Progress @ 2025-02-05 22:01:45 : 191 steps taken, and 3712 accepted.
[3 : mcmc] Progress @ 2025-02-05 22:02:09 : 157 steps taken, and 3828 accepted.
[0 : mcmc] Progress @ 2025-02-05 22:02:46 : 151 steps taken, and 3570 accepted.
[2 : mcmc] Progress @ 2025-02-05 22:02:51 : 163 steps taken, and 3690 accepted.
[1 : mcmc] Progress @ 2025-02-05 22:02:59 : 195 steps taken, and 3712 accepted.
[3 : mcmc] Progress @ 2025-02-05 22:03:31 : 160 steps taken, and 3830 accepted.
[0 : mcmc] Progress @ 2025-02-05 22:03:46 : 154 steps taken, and 3570 accepted.
[2 : mcmc] Progress @ 2025-02-05 22:04:01 : 167 steps taken, and 3692 accepted.
[1 : mcmc] Progress @ 2025-02-05 22:04:01 : 199 steps taken, and 3713 accepted.
[3 : mcmc] Progress @ 2025-02-05 22:04:40 : 163 steps taken, and 3830 accepted.
[0 : mcmc] Progress @ 2025-02-05 22:04:57 : 158 steps taken, and 3571 accepted.
[1 : mcmc] Progress @ 2025-02-05 22:05:09 : 202 steps taken, and 3714 accepted.
[2 : mcmc] Progress @ 2025-02-05 22:05:26 : 171 steps taken, and 3693 accepted.
[3 : mcmc] Progress @ 2025-02-05 22:06:00 : 166 steps taken, and 3831 accepted.
[0 : mcmc] Progress @ 2025-02-05 22:06:20 : 163 steps taken, and 3574 accepted.
[1 : mcmc] Progress @ 2025-02-05 22:06:24 : 206 steps taken, and 3715 accepted.
[2 : mcmc] Progress @ 2025-02-05 22:06:37 : 174 steps taken, and 3694 accepted.
[3 : mcmc] Progress @ 2025-02-05 22:07:12 : 169 steps taken, and 3832 accepted.
[0 : mcmc] Progress @ 2025-02-05 22:07:22 : 166 steps taken, and 3574 accepted.
[1 : mcmc] Progress @ 2025-02-05 22:07:40 : 214 steps taken, and 3716 accepted.
[2 : mcmc] Progress @ 2025-02-05 22:07:58 : 179 steps taken, and 3694 accepted.
[3 : mcmc] Progress @ 2025-02-05 22:08:30 : 172 steps taken, and 3833 accepted.
[0 : mcmc] Progress @ 2025-02-05 22:08:42 : 169 steps taken, and 3576 accepted.
[1 : mcmc] Progress @ 2025-02-05 22:08:50 : 218 steps taken, and 3716 accepted.
[2 : mcmc] Progress @ 2025-02-05 22:09:22 : 182 steps taken, and 3695 accepted.
[3 : mcmc] Progress @ 2025-02-05 22:09:38 : 175 steps taken, and 3833 accepted.
[0 : mcmc] Progress @ 2025-02-05 22:10:02 : 173 steps taken, and 3577 accepted.
[1 : mcmc] Progress @ 2025-02-05 22:10:07 : 222 steps taken, and 3717 accepted.
[2 : mcmc] Progress @ 2025-02-05 22:10:45 : 185 steps taken, and 3695 accepted.
[3 : mcmc] Progress @ 2025-02-05 22:11:00 : 178 steps taken, and 3834 accepted.
[0 : mcmc] Progress @ 2025-02-05 22:11:04 : 177 steps taken, and 3577 accepted.
[1 : mcmc] Progress @ 2025-02-05 22:11:17 : 226 steps taken, and 3718 accepted.
[2 : mcmc] Progress @ 2025-02-05 22:11:45 : 188 steps taken, and 3695 accepted.
[3 : mcmc] Progress @ 2025-02-05 22:12:06 : 181 steps taken, and 3837 accepted.
[0 : mcmc] Progress @ 2025-02-05 22:12:28 : 181 steps taken, and 3578 accepted.
[1 : mcmc] Progress @ 2025-02-05 22:12:41 : 231 steps taken, and 3719 accepted.
[2 : mcmc] Progress @ 2025-02-05 22:13:07 : 191 steps taken, and 3696 accepted.
[3 : mcmc] Progress @ 2025-02-05 22:13:08 : 185 steps taken, and 3838 accepted.
[node047:20651:0:20711] Caught signal 11 (Segmentation fault: address not mapped to object at address 0xfffffffc05495548)
BFD: DWARF error: can't find .debug_ranges section.
BFD: DWARF error: can't find .debug_ranges section.
==== backtrace (tid:  20711) ====
 0 0x0000000000021563 ucs_debug_print_backtrace()  /dev/shm/UCX/1.8.0/GCCcore-9.3.0/ucx-1.8.0/src/ucs/debug/debug.c:653
 1 0x0000000000039f63 __massivenu_MOD_thermalnubackground_rho()  ???:0
 2 0x000000000003da49 __results_MOD_grho_no_de()  ???:0
 3 0x00000000000a5f01 dtauda_()  ???:0
 4 0x000000000004cfdc __results_MOD_thermo_init._omp_fn.0()  results.f90:0
 5 0x0000000000018f09 gomp_thread_start()  team.c:0
 6 0x0000000000007ea5 start_thread()  pthread_create.c:0
 7 0x00000000000feb0d __clone()  ???:0
=================================
[node047:20651] *** Process received signal ***
[node047:20651] Signal: Segmentation fault (11)
[node047:20651] Signal code:  (-6)
[node047:20651] Failing at address: 0x8cfb8000050ab
[node047:20651] [ 0] /lib64/libpthread.so.0(+0xf630)[0x7fa4b78d9630]
[node047:20651] [ 1] /users/smp24dhl/cosmo/code/CAMB_beta/camb/camblib.so(__massivenu_MOD_thermalnubackground_rho+0x63)[0x7fa47cddff63]
[node047:20651] [ 2] /users/smp24dhl/cosmo/code/CAMB_beta/camb/camblib.so(__results_MOD_grho_no_de+0xc9)[0x7fa47cde3a49]
[node047:20651] [ 3] /users/smp24dhl/cosmo/code/CAMB_beta/camb/camblib.so(dtauda_+0x61)[0x7fa47ce4bf01]
[node047:20651] [ 4] /users/smp24dhl/cosmo/code/CAMB_beta/camb/camblib.so(+0x4cfdc)[0x7fa47cdf2fdc]
[node047:20651] [ 5] /users/smp24dhl/.conda/envs/cosmos/bin/../lib/libgomp.so.1(+0x18f09)[0x7fa47cd7ff09]
[node047:20651] [ 6] /lib64/libpthread.so.0(+0x7ea5)[0x7fa4b78d1ea5]
[node047:20651] [ 7] /lib64/libc.so.6(clone+0x6d)[0x7fa4b6ef1b0d]
[node047:20651] *** End of error message ***
--------------------------------------------------------------------------
Primary job  terminated normally, but 1 process returned
a non-zero exit code. Per user-direction, the job has been aborted.
--------------------------------------------------------------------------
--------------------------------------------------------------------------
mpirun noticed that process rank 3 with PID 20651 on node node047 exited on signal 11 (Segmentation fault).
--------------------------------------------------------------------------
