[0 : output] Output to be read-from/written-into folder 'chains', with prefix 'noHalo'
[0 : output] Found existing info files with the requested output prefix: 'chains/noHalo'
[0 : output] Let's try to resume/load.
[0 : output] Found an old sample. Resuming.
[0 : prior] *WARNING* External prior 'SZ' loaded. Mind that it might not be normalized!
[0 : camb] `camb` module loaded successfully from /users/smp24dhl/cosmo/code/CAMB_beta/camb
[0 : planck_2018_highl_plik.ttteee] `clik` module loaded successfully from /users/smp24dhl/cosmo/code/planck/clik/lib/python3.9/site-packages/clik
----
clik version clik_16.0b1-2-g63c889f3aa9c MAKEFILE
  smica
----
clik version clik_16.0b1-2-g63c889f3aa9c MAKEFILE
  smica
----
clik version clik_16.0b1-2-g63c889f3aa9c MAKEFILE
  smica
----
clik version clik_16.0b1-2-g63c889f3aa9c MAKEFILE
  smica
Checking likelihood '/users/smp24dhl/cosmo/data/planck_2018/baseline/plc_3.0/hi_l/plik/plik_rd12_HM_v22b_TTTEEE.clik' on test data. got -1172.47 expected -1172.47 (diff -4.34055e-07)
----
Checking likelihood '/users/smp24dhl/cosmo/data/planck_2018/baseline/plc_3.0/hi_l/plik/plik_rd12_HM_v22b_TTTEEE.clik' on test data. got -1172.47 expected -1172.47 (diff -4.34055e-07)
----
Checking likelihood '/users/smp24dhl/cosmo/data/planck_2018/baseline/plc_3.0/hi_l/plik/plik_rd12_HM_v22b_TTTEEE.clik' on test data. got -1172.47 expected -1172.47 (diff -4.34055e-07)
----
Checking likelihood '/users/smp24dhl/cosmo/data/planck_2018/baseline/plc_3.0/hi_l/plik/plik_rd12_HM_v22b_TTTEEE.clik' on test data. got -1172.47 expected -1172.47 (diff -4.34055e-07)
----
Checking lensing likelihood '/users/smp24dhl/cosmo/data/planck_2018/baseline/plc_3.0/lensing/smicadx12_Dec5_ftl_mv2_ndclpp_p_teb_consext8.clik_lensing' on test data. got -4.42102
Checking lensing likelihood '/users/smp24dhl/cosmo/data/planck_2018/baseline/plc_3.0/lensing/smicadx12_Dec5_ftl_mv2_ndclpp_p_teb_consext8.clik_lensing' on test data. got -4.42102
[0 : planck_2018_lensing.clik] `clik` module loaded successfully from /users/smp24dhl/cosmo/code/planck/clik/lib/python3.9/site-packages/clik
Checking lensing likelihood '/users/smp24dhl/cosmo/data/planck_2018/baseline/plc_3.0/lensing/smicadx12_Dec5_ftl_mv2_ndclpp_p_teb_consext8.clik_lensing' on test data. got -4.42102
Checking lensing likelihood '/users/smp24dhl/cosmo/data/planck_2018/baseline/plc_3.0/lensing/smicadx12_Dec5_ftl_mv2_ndclpp_p_teb_consext8.clik_lensing' on test data. got -4.42102
[0 : mcmc] Resuming from previous sample!
[1 : samplecollection] Loaded 3347 sample points from 'chains/noHalo.2.txt'
[3 : samplecollection] Loaded 3293 sample points from 'chains/noHalo.4.txt'
[0 : samplecollection] Loaded 4119 sample points from 'chains/noHalo.1.txt'
[2 : samplecollection] Loaded 4227 sample points from 'chains/noHalo.3.txt'
[0 : mcmc] Initial point: logA:3.035902, ns:0.9673922, theta_MC_100:1.041188, ombh2:0.0222582, omch2:0.1195269, w:-0.555896, wa:-0.7778966, beta_DE:-0.7519658, tau:0.04834119, A_planck:1.002166, calib_100T:1.00009, calib_217T:0.9967803, A_cib_217:47.98417, xi_sz_cib:0.6960418, A_sz:5.160699, ksz_norm:1.035689, gal545_A_100:8.678493, gal545_A_143:6.628218, gal545_A_143_217:11.97524, gal545_A_217:81.50704, ps_A_100_100:255.678, ps_A_143_143:51.9699, ps_A_143_217:55.32849, ps_A_217_217:122.56, galf_TE_A_100:0.1000412, galf_TE_A_100_143:0.1118092, galf_TE_A_100_217:0.4674362, galf_TE_A_143:0.3428581, galf_TE_A_143_217:0.5848436, galf_TE_A_217:2.025104
[3 : mcmc] Initial point: logA:3.029038, ns:0.9659129, theta_MC_100:1.041012, ombh2:0.02252371, omch2:0.120728, w:-0.4845406, wa:-2.171822, beta_DE:-0.680653, tau:0.04667447, A_planck:0.9990523, calib_100T:0.9999256, calib_217T:0.9980635, A_cib_217:42.25429, xi_sz_cib:0.5259308, A_sz:8.973339, ksz_norm:2.163828, gal545_A_100:10.51176, gal545_A_143:8.725005, gal545_A_143_217:15.7525, gal545_A_217:87.77469, ps_A_100_100:233.5042, ps_A_143_143:31.14567, ps_A_143_217:49.58097, ps_A_217_217:130.7621, galf_TE_A_100:0.1294692, galf_TE_A_100_143:0.1805535, galf_TE_A_100_217:0.3731295, galf_TE_A_143:0.3416004, galf_TE_A_143_217:0.7228637, galf_TE_A_217:1.695407
[1 : mcmc] Initial point: logA:3.040747, ns:0.9723141, theta_MC_100:1.040906, ombh2:0.02246998, omch2:0.117914, w:-0.8588602, wa:-2.542732, beta_DE:1.145961, tau:0.05479347, A_planck:1.000859, calib_100T:0.999334, calib_217T:0.9977787, A_cib_217:47.6705, xi_sz_cib:0.5593356, A_sz:4.796203, ksz_norm:1.723218, gal545_A_100:6.761293, gal545_A_143:11.88911, gal545_A_143_217:20.38532, gal545_A_217:94.43658, ps_A_100_100:285.4962, ps_A_143_143:42.82957, ps_A_143_217:38.27543, ps_A_217_217:112.2216, galf_TE_A_100:0.1428114, galf_TE_A_100_143:0.07982849, galf_TE_A_100_217:0.4337702, galf_TE_A_143:0.1337654, galf_TE_A_143_217:0.6564558, galf_TE_A_217:1.809442
[2 : mcmc] Initial point: logA:3.029217, ns:0.9646397, theta_MC_100:1.040557, ombh2:0.02266783, omch2:0.1187659, w:-1.117833, wa:-2.095036, beta_DE:-2.066629, tau:0.04843189, A_planck:0.9991804, calib_100T:0.9998619, calib_217T:0.9979505, A_cib_217:46.65063, xi_sz_cib:0.4130929, A_sz:7.456505, ksz_norm:0.6356833, gal545_A_100:8.940787, gal545_A_143:9.227767, gal545_A_143_217:17.58039, gal545_A_217:87.04965, ps_A_100_100:256.9427, ps_A_143_143:39.98357, ps_A_143_217:43.7139, ps_A_217_217:124.2023, galf_TE_A_100:0.2037529, galf_TE_A_100_143:0.1417282, galf_TE_A_100_217:0.5615365, galf_TE_A_143:0.1947086, galf_TE_A_143_217:0.5551393, galf_TE_A_217:2.015543
[0 : mcmc] *WARNING* Parameter blocking manually/previously fixed: speeds will not be measured.
[0 : mcmc] Dragging with number of interpolating steps:
[0 : mcmc] * 1 : (['theta_MC_100', 'ombh2', 'omch2', 'w', 'wa', 'beta_DE', 'tau'], ['logA', 'ns'])
[0 : mcmc] * 9 : (['A_planck'], ['calib_100T', 'calib_217T', 'A_cib_217', 'xi_sz_cib', 'A_sz', 'ksz_norm', 'gal545_A_100', 'gal545_A_143', 'gal545_A_143_217', 'gal545_A_217', 'ps_A_100_100', 'ps_A_143_143', 'ps_A_143_217', 'ps_A_217_217', 'galf_TE_A_100', 'galf_TE_A_100_143', 'galf_TE_A_100_217', 'galf_TE_A_143', 'galf_TE_A_143_217', 'galf_TE_A_217'])
[0 : mcmc] Covariance matrix from previous sample.
[0 : mcmc] Sampling!
[3 : mcmc] Progress @ 2024-12-12 23:44:18 : 1 steps taken, and 3293 accepted.
[2 : mcmc] Progress @ 2024-12-12 23:44:23 : 1 steps taken, and 4227 accepted.
[0 : mcmc] Progress @ 2024-12-12 23:44:23 : 1 steps taken, and 4119 accepted.
[1 : mcmc] Progress @ 2024-12-12 23:44:25 : 1 steps taken, and 3347 accepted.
[3 : mcmc] Progress @ 2024-12-12 23:45:19 : 27 steps taken, and 3300 accepted.
[node106:10915:0:10993] Caught signal 11 (Segmentation fault: address not mapped to object at address 0xfffffffc05af9828)
BFD: DWARF error: can't find .debug_ranges section.
BFD: DWARF error: can't find .debug_ranges section.
==== backtrace (tid:  10993) ====
 0 0x0000000000021563 ucs_debug_print_backtrace()  /dev/shm/UCX/1.8.0/GCCcore-9.3.0/ucx-1.8.0/src/ucs/debug/debug.c:653
 1 0x0000000000039f63 __massivenu_MOD_thermalnubackground_rho()  ???:0
 2 0x000000000003da49 __results_MOD_grho_no_de()  ???:0
 3 0x00000000000a5ef1 dtauda_()  ???:0
 4 0x000000000004cfcc __results_MOD_thermo_init._omp_fn.0()  results.f90:0
 5 0x0000000000018f09 gomp_thread_start()  team.c:0
 6 0x0000000000007ea5 start_thread()  pthread_create.c:0
 7 0x00000000000feb0d __clone()  ???:0
=================================
[node106:10915] *** Process received signal ***
[node106:10915] Signal: Segmentation fault (11)
[node106:10915] Signal code:  (-6)
[node106:10915] Failing at address: 0x8cfb800002aa3
[node106:10915] [ 0] /lib64/libpthread.so.0(+0xf630)[0x7fdd16cdb630]
[node106:10915] [ 1] /users/smp24dhl/cosmo/code/CAMB_beta/camb/camblib.so(__massivenu_MOD_thermalnubackground_rho+0x63)[0x7fdcba22ff63]
[node106:10915] [ 2] /users/smp24dhl/cosmo/code/CAMB_beta/camb/camblib.so(__results_MOD_grho_no_de+0xc9)[0x7fdcba233a49]
[node106:10915] [ 3] /users/smp24dhl/cosmo/code/CAMB_beta/camb/camblib.so(dtauda_+0x61)[0x7fdcba29bef1]
[node106:10915] [ 4] /users/smp24dhl/cosmo/code/CAMB_beta/camb/camblib.so(+0x4cfcc)[0x7fdcba242fcc]
[node106:10915] [ 5] /users/smp24dhl/.conda/envs/cosmos/bin/../lib/libgomp.so.1(+0x18f09)[0x7fdcba1cff09]
[node106:10915] [ 6] /lib64/libpthread.so.0(+0x7ea5)[0x7fdd16cd3ea5]
[node106:10915] [ 7] /lib64/libc.so.6(clone+0x6d)[0x7fdd162f3b0d]
[node106:10915] *** End of error message ***
--------------------------------------------------------------------------
Primary job  terminated normally, but 1 process returned
a non-zero exit code. Per user-direction, the job has been aborted.
--------------------------------------------------------------------------
--------------------------------------------------------------------------
mpirun noticed that process rank 3 with PID 10915 on node node106 exited on signal 11 (Segmentation fault).
--------------------------------------------------------------------------
