[0 : output] Output to be read-from/written-into folder 'chains', with prefix 'act-full'
[0 : output] Found existing info files with the requested output prefix: 'chains/act-full'
[0 : output] Let's try to resume/load.
[0 : output] Found an old sample. Resuming.
[0 : prior] *WARNING* External prior 'SZ' loaded. Mind that it might not be normalized!

libgomp: Invalid value for environment variable OMP_NUM_THREADS: 

libgomp: 
libgomp: Invalid value for environment variable OMP_NUM_THREADS: 

libgomp: Invalid value for environment variable OMP_NUM_THREADS: 
Invalid value for environment variable OMP_NUM_THREADS: 
[0 : camb] `camb` module loaded successfully from /users/smp24dhl/cosmo/code/CAMB_beta/camb
[0 : planck_2018_highl_plik.ttteee] `clik` module loaded successfully from /users/smp24dhl/cosmo/code/planck/clik/lib/python3.9/site-packages/clik
----
clik version clik_16.0b1-2-g63c889f3aa9c MAKEFILE
  smica
----
clik version clik_16.0b1-2-g63c889f3aa9c MAKEFILE
  smica
----
clik version clik_16.0b1-2-g63c889f3aa9c MAKEFILE
  smica
----
clik version clik_16.0b1-2-g63c889f3aa9c MAKEFILE
  smica
Checking likelihood '/users/smp24dhl/cosmo/data/planck_2018/baseline/plc_3.0/hi_l/plik/plik_rd12_HM_v22b_TTTEEE.clik' on test data. got -1172.47 expected -1172.47 (diff -4.34057e-07)
----
Loading ACT DR6 lensing likelihood v1.2...
Checking likelihood '/users/smp24dhl/cosmo/data/planck_2018/baseline/plc_3.0/hi_l/plik/plik_rd12_HM_v22b_TTTEEE.clik' on test data. got -1172.47 expected -1172.47 (diff -4.34056e-07)
----
Loading ACT DR6 lensing likelihood v1.2...
Checking likelihood '/users/smp24dhl/cosmo/data/planck_2018/baseline/plc_3.0/hi_l/plik/plik_rd12_HM_v22b_TTTEEE.clik' on test data. got -1172.47 expected -1172.47 (diff -4.34057e-07)
----
Loading ACT DR6 lensing likelihood v1.2...
Checking likelihood '/users/smp24dhl/cosmo/data/planck_2018/baseline/plc_3.0/hi_l/plik/plik_rd12_HM_v22b_TTTEEE.clik' on test data. got -1172.47 expected -1172.47 (diff -4.34057e-07)
----
Loading ACT DR6 lensing likelihood v1.2...
/users/smp24dhl/cosmo/code/act_dr6_lenslike/act_dr6_lenslike/act_dr6_lenslike.py:416: UserWarning: Hartlap correction to cinv: 0.949874686716792
  warnings.warn(f"Hartlap correction to cinv: {hartlap_correction}")
[2 : bao.desi_2024_bao_all] Initialized.
/users/smp24dhl/cosmo/code/act_dr6_lenslike/act_dr6_lenslike/act_dr6_lenslike.py:416: UserWarning: Hartlap correction to cinv: 0.949874686716792
  warnings.warn(f"Hartlap correction to cinv: {hartlap_correction}")
[1 : bao.desi_2024_bao_all] Initialized.
/users/smp24dhl/cosmo/code/act_dr6_lenslike/act_dr6_lenslike/act_dr6_lenslike.py:416: UserWarning: Hartlap correction to cinv: 0.949874686716792
  warnings.warn(f"Hartlap correction to cinv: {hartlap_correction}")
[0 : bao.desi_2024_bao_all] Initialized.
/users/smp24dhl/cosmo/code/act_dr6_lenslike/act_dr6_lenslike/act_dr6_lenslike.py:416: UserWarning: Hartlap correction to cinv: 0.949874686716792
  warnings.warn(f"Hartlap correction to cinv: {hartlap_correction}")
[3 : bao.desi_2024_bao_all] Initialized.
[0 : mcmc] Resuming from previous sample!
[0 : samplecollection] Loaded 3294 sample points from 'chains/act-full.1.txt'
[2 : samplecollection] Loaded 3401 sample points from 'chains/act-full.3.txt'
[1 : samplecollection] Loaded 3434 sample points from 'chains/act-full.2.txt'
[3 : samplecollection] Loaded 3535 sample points from 'chains/act-full.4.txt'
[0 : mcmc] Initial point: logA:3.052268, ns:0.9650437, theta_MC_100:1.041097, ombh2:0.02250483, omch2:0.1213733, w:-0.8296766, wa:-1.122501, beta_DE:2.629227, tau:0.05858838, A_planck:0.9980824, calib_100T:1.000116, calib_217T:0.9969787, A_cib_217:39.64797, xi_sz_cib:0.9415554, A_sz:6.566622, ksz_norm:0.295713, gal545_A_100:8.890496, gal545_A_143:12.32933, gal545_A_143_217:25.16432, gal545_A_217:109.6571, ps_A_100_100:253.7182, ps_A_143_143:65.17142, ps_A_143_217:62.58667, ps_A_217_217:121.7247, galf_TE_A_100:0.1546864, galf_TE_A_100_143:0.08919101, galf_TE_A_100_217:0.3166432, galf_TE_A_143:0.07456868, galf_TE_A_143_217:0.7562636, galf_TE_A_217:2.597125
[3 : mcmc] Initial point: logA:3.061135, ns:0.9641848, theta_MC_100:1.040633, ombh2:0.02248104, omch2:0.1205646, w:-0.7613793, wa:-0.8410479, beta_DE:0.07323873, tau:0.06450037, A_planck:0.9978532, calib_100T:1.000417, calib_217T:0.9983139, A_cib_217:45.09394, xi_sz_cib:0.8463452, A_sz:0.1335604, ksz_norm:5.055953, gal545_A_100:7.858655, gal545_A_143:12.71005, gal545_A_143_217:19.4992, gal545_A_217:96.99817, ps_A_100_100:352.2498, ps_A_143_143:48.9355, ps_A_143_217:28.47465, ps_A_217_217:110.329, galf_TE_A_100:0.09821812, galf_TE_A_100_143:0.1773651, galf_TE_A_100_217:0.4583732, galf_TE_A_143:0.2920712, galf_TE_A_143_217:0.6130856, galf_TE_A_217:1.778059
[2 : mcmc] Initial point: logA:3.054407, ns:0.9675918, theta_MC_100:1.041315, ombh2:0.02247468, omch2:0.1176497, w:-0.8371972, wa:-0.4867791, beta_DE:-0.07175582, tau:0.05812622, A_planck:1.003597, calib_100T:0.9992127, calib_217T:0.9988797, A_cib_217:44.7037, xi_sz_cib:0.6778757, A_sz:4.243973, ksz_norm:1.770918, gal545_A_100:9.518636, gal545_A_143:7.010122, gal545_A_143_217:18.81264, gal545_A_217:96.04302, ps_A_100_100:228.8333, ps_A_143_143:58.46463, ps_A_143_217:46.19329, ps_A_217_217:121.9184, galf_TE_A_100:0.1220029, galf_TE_A_100_143:0.1631983, galf_TE_A_100_217:0.3754034, galf_TE_A_143:0.2990155, galf_TE_A_143_217:0.6912639, galf_TE_A_217:2.088776
[1 : mcmc] Initial point: logA:3.05062, ns:0.9690259, theta_MC_100:1.040768, ombh2:0.02247067, omch2:0.1184691, w:-0.7722951, wa:-0.6808583, beta_DE:0.5477863, tau:0.06179127, A_planck:1.000531, calib_100T:0.9985077, calib_217T:0.9991336, A_cib_217:52.00077, xi_sz_cib:0.3752696, A_sz:8.730906, ksz_norm:1.812544, gal545_A_100:11.13294, gal545_A_143:13.49251, gal545_A_143_217:23.6596, gal545_A_217:99.24327, ps_A_100_100:245.9318, ps_A_143_143:43.74735, ps_A_143_217:45.24448, ps_A_217_217:111.3413, galf_TE_A_100:0.09181636, galf_TE_A_100_143:0.100609, galf_TE_A_100_217:0.4159844, galf_TE_A_143:0.1896552, galf_TE_A_143_217:0.6201087, galf_TE_A_217:1.963038
[0 : mcmc] *WARNING* Parameter blocking manually/previously fixed: speeds will not be measured.
[0 : mcmc] Dragging with number of interpolating steps:
[0 : mcmc] *  1 : (['theta_MC_100', 'ombh2', 'omch2', 'w', 'wa', 'beta_DE', 'tau'], ['logA', 'ns'])
[0 : mcmc] * 12 : (['A_planck'], ['calib_100T', 'calib_217T', 'A_cib_217', 'xi_sz_cib', 'A_sz', 'ksz_norm', 'gal545_A_100', 'gal545_A_143', 'gal545_A_143_217', 'gal545_A_217', 'ps_A_100_100', 'ps_A_143_143', 'ps_A_143_217', 'ps_A_217_217', 'galf_TE_A_100', 'galf_TE_A_100_143', 'galf_TE_A_100_217', 'galf_TE_A_143', 'galf_TE_A_143_217', 'galf_TE_A_217'])
[0 : mcmc] Covariance matrix from previous sample.
[0 : mcmc] Sampling!
[0 : mcmc] Progress @ 2025-02-05 14:57:00 : 1 steps taken, and 3294 accepted.
[3 : mcmc] Progress @ 2025-02-05 14:57:03 : 1 steps taken, and 3535 accepted.
[2 : mcmc] Progress @ 2025-02-05 14:57:03 : 1 steps taken, and 3401 accepted.
[1 : mcmc] Progress @ 2025-02-05 14:57:05 : 1 steps taken, and 3434 accepted.
[3 : mcmc] Progress @ 2025-02-05 14:58:06 : 5 steps taken, and 3537 accepted.
[0 : mcmc] Progress @ 2025-02-05 14:58:11 : 6 steps taken, and 3294 accepted.
[1 : mcmc] Progress @ 2025-02-05 14:58:21 : 4 steps taken, and 3437 accepted.
[2 : mcmc] Progress @ 2025-02-05 14:58:26 : 3 steps taken, and 3401 accepted.
[3 : mcmc] Progress @ 2025-02-05 14:59:11 : 8 steps taken, and 3539 accepted.
[0 : mcmc] Progress @ 2025-02-05 14:59:35 : 12 steps taken, and 3296 accepted.
[1 : mcmc] Progress @ 2025-02-05 14:59:43 : 9 steps taken, and 3437 accepted.
[2 : mcmc] Progress @ 2025-02-05 14:59:47 : 7 steps taken, and 3401 accepted.
[3 : mcmc] Progress @ 2025-02-05 15:00:29 : 11 steps taken, and 3541 accepted.
[0 : mcmc] Progress @ 2025-02-05 15:00:48 : 15 steps taken, and 3299 accepted.
[2 : mcmc] Progress @ 2025-02-05 15:00:56 : 11 steps taken, and 3402 accepted.
[1 : mcmc] Progress @ 2025-02-05 15:01:03 : 12 steps taken, and 3439 accepted.
[3 : mcmc] Progress @ 2025-02-05 15:01:34 : 14 steps taken, and 3543 accepted.
[0 : mcmc] Progress @ 2025-02-05 15:02:03 : 18 steps taken, and 3299 accepted.
[2 : mcmc] Progress @ 2025-02-05 15:02:14 : 16 steps taken, and 3404 accepted.
[1 : mcmc] Progress @ 2025-02-05 15:02:17 : 15 steps taken, and 3440 accepted.
[3 : mcmc] Progress @ 2025-02-05 15:02:49 : 17 steps taken, and 3545 accepted.
[0 : mcmc] Progress @ 2025-02-05 15:03:14 : 21 steps taken, and 3299 accepted.
[1 : mcmc] Progress @ 2025-02-05 15:03:29 : 18 steps taken, and 3440 accepted.
[2 : mcmc] Progress @ 2025-02-05 15:03:39 : 21 steps taken, and 3407 accepted.
[3 : mcmc] Progress @ 2025-02-05 15:03:58 : 25 steps taken, and 3549 accepted.
[0 : mcmc] Progress @ 2025-02-05 15:04:34 : 24 steps taken, and 3301 accepted.
[1 : mcmc] Progress @ 2025-02-05 15:04:42 : 22 steps taken, and 3441 accepted.
[2 : mcmc] Progress @ 2025-02-05 15:04:48 : 29 steps taken, and 3408 accepted.
[3 : mcmc] Progress @ 2025-02-05 15:05:17 : 28 steps taken, and 3549 accepted.
[0 : mcmc] Progress @ 2025-02-05 15:05:43 : 27 steps taken, and 3302 accepted.
[2 : mcmc] Progress @ 2025-02-05 15:05:54 : 33 steps taken, and 3409 accepted.
[1 : mcmc] Progress @ 2025-02-05 15:06:05 : 25 steps taken, and 3441 accepted.
[3 : mcmc] Progress @ 2025-02-05 15:06:32 : 31 steps taken, and 3550 accepted.
[0 : mcmc] Progress @ 2025-02-05 15:06:54 : 30 steps taken, and 3302 accepted.
[2 : mcmc] Progress @ 2025-02-05 15:07:00 : 37 steps taken, and 3409 accepted.
[1 : mcmc] Progress @ 2025-02-05 15:07:25 : 28 steps taken, and 3442 accepted.
[3 : mcmc] Progress @ 2025-02-05 15:07:49 : 35 steps taken, and 3552 accepted.
[2 : mcmc] Progress @ 2025-02-05 15:08:05 : 40 steps taken, and 3411 accepted.
[0 : mcmc] Progress @ 2025-02-05 15:08:11 : 35 steps taken, and 3303 accepted.
[1 : mcmc] Progress @ 2025-02-05 15:08:35 : 31 steps taken, and 3442 accepted.
[3 : mcmc] Progress @ 2025-02-05 15:08:53 : 38 steps taken, and 3552 accepted.
[2 : mcmc] Progress @ 2025-02-05 15:09:19 : 45 steps taken, and 3412 accepted.
[0 : mcmc] Progress @ 2025-02-05 15:09:28 : 38 steps taken, and 3304 accepted.
[1 : mcmc] Progress @ 2025-02-05 15:09:58 : 34 steps taken, and 3442 accepted.
[3 : mcmc] Progress @ 2025-02-05 15:10:00 : 42 steps taken, and 3553 accepted.
[0 : mcmc] Progress @ 2025-02-05 15:10:34 : 41 steps taken, and 3305 accepted.
[2 : mcmc] Progress @ 2025-02-05 15:10:43 : 48 steps taken, and 3413 accepted.
[1 : mcmc] Progress @ 2025-02-05 15:11:10 : 38 steps taken, and 3444 accepted.
[3 : mcmc] Progress @ 2025-02-05 15:11:11 : 46 steps taken, and 3554 accepted.
[2 : mcmc] Progress @ 2025-02-05 15:11:55 : 51 steps taken, and 3414 accepted.
[0 : mcmc] Progress @ 2025-02-05 15:11:58 : 44 steps taken, and 3306 accepted.
[3 : mcmc] Progress @ 2025-02-05 15:12:20 : 51 steps taken, and 3556 accepted.
[1 : mcmc] Progress @ 2025-02-05 15:12:25 : 42 steps taken, and 3444 accepted.
[0 : mcmc] Progress @ 2025-02-05 15:13:08 : 47 steps taken, and 3306 accepted.
[2 : mcmc] Progress @ 2025-02-05 15:13:10 : 54 steps taken, and 3415 accepted.
[3 : mcmc] Progress @ 2025-02-05 15:13:40 : 56 steps taken, and 3558 accepted.
[1 : mcmc] Progress @ 2025-02-05 15:13:45 : 45 steps taken, and 3445 accepted.
[0 : mcmc] Progress @ 2025-02-05 15:14:33 : 50 steps taken, and 3308 accepted.
[2 : mcmc] Progress @ 2025-02-05 15:14:35 : 57 steps taken, and 3416 accepted.
[node004:33107:0:33173] Caught signal 11 (Segmentation fault: address not mapped to object at address 0xfffffffc04ae2bb8)
BFD: DWARF error: can't find .debug_ranges section.
BFD: DWARF error: can't find .debug_ranges section.
==== backtrace (tid:  33173) ====
 0 0x0000000000021563 ucs_debug_print_backtrace()  /dev/shm/UCX/1.8.0/GCCcore-9.3.0/ucx-1.8.0/src/ucs/debug/debug.c:653
 1 0x0000000000039f63 __massivenu_MOD_thermalnubackground_rho()  ???:0
 2 0x000000000003da49 __results_MOD_grho_no_de()  ???:0
 3 0x00000000000a5f01 dtauda_()  ???:0
 4 0x000000000004cfdc __results_MOD_thermo_init._omp_fn.0()  results.f90:0
 5 0x0000000000018f09 gomp_thread_start()  team.c:0
 6 0x0000000000007ea5 start_thread()  pthread_create.c:0
 7 0x00000000000feb0d __clone()  ???:0
=================================
[node004:33107] *** Process received signal ***
[node004:33107] Signal: Segmentation fault (11)
[node004:33107] Signal code:  (-6)
[node004:33107] Failing at address: 0x8cfb800008153
[node004:33107] [ 0] /lib64/libpthread.so.0(+0xf630)[0x7f4b3f757630]
[node004:33107] [ 1] /users/smp24dhl/cosmo/code/CAMB_beta/camb/camblib.so(__massivenu_MOD_thermalnubackground_rho+0x63)[0x7f4b04848f63]
[node004:33107] [ 2] /users/smp24dhl/cosmo/code/CAMB_beta/camb/camblib.so(__results_MOD_grho_no_de+0xc9)[0x7f4b0484ca49]
[node004:33107] [ 3] /users/smp24dhl/cosmo/code/CAMB_beta/camb/camblib.so(dtauda_+0x61)[0x7f4b048b4f01]
[node004:33107] [ 4] /users/smp24dhl/cosmo/code/CAMB_beta/camb/camblib.so(+0x4cfdc)[0x7f4b0485bfdc]
[node004:33107] [ 5] /users/smp24dhl/.conda/envs/cosmos/bin/../lib/libgomp.so.1(+0x18f09)[0x7f4b047e8f09]
[node004:33107] [ 6] /lib64/libpthread.so.0(+0x7ea5)[0x7f4b3f74fea5]
[node004:33107] [ 7] /lib64/libc.so.6(clone+0x6d)[0x7f4b3ed6fb0d]
[node004:33107] *** End of error message ***
--------------------------------------------------------------------------
Primary job  terminated normally, but 1 process returned
a non-zero exit code. Per user-direction, the job has been aborted.
--------------------------------------------------------------------------
--------------------------------------------------------------------------
mpirun noticed that process rank 1 with PID 33107 on node node004 exited on signal 11 (Segmentation fault).
--------------------------------------------------------------------------
