[0 : output] Output to be read-from/written-into folder 'chains', with prefix 'PlanckLensingDESI'
[0 : output] Found existing info files with the requested output prefix: 'chains/PlanckLensingDESI'
[0 : output] Let's try to resume/load.
[0 : output] Found an old sample. Resuming.
[0 : prior] *WARNING* External prior 'SZ' loaded. Mind that it might not be normalized!
[0 : camb] `camb` module loaded successfully from /users/smp24dhl/cosmo/code/CAMB_beta/camb
[0 : planck_2018_highl_plik.ttteee] `clik` module loaded successfully from /users/smp24dhl/cosmo/code/planck/clik/lib/python3.9/site-packages/clik
----
clik version clik_16.0b1-2-g63c889f3aa9c MAKEFILE
  smica
----
clik version clik_16.0b1-2-g63c889f3aa9c MAKEFILE
  smica
----
clik version clik_16.0b1-2-g63c889f3aa9c MAKEFILE
  smica
----
clik version clik_16.0b1-2-g63c889f3aa9c MAKEFILE
  smica
Checking likelihood '/users/smp24dhl/cosmo/data/planck_2018/baseline/plc_3.0/hi_l/plik/plik_rd12_HM_v22b_TTTEEE.clik' on test data. got -1172.47 expected -1172.47 (diff -4.34054e-07)
----
Checking likelihood '/users/smp24dhl/cosmo/data/planck_2018/baseline/plc_3.0/hi_l/plik/plik_rd12_HM_v22b_TTTEEE.clik' on test data. got -1172.47 expected -1172.47 (diff -4.34054e-07)
----
Checking likelihood '/users/smp24dhl/cosmo/data/planck_2018/baseline/plc_3.0/hi_l/plik/plik_rd12_HM_v22b_TTTEEE.clik' on test data. got -1172.47 expected -1172.47 (diff -4.34054e-07)
----
Checking likelihood '/users/smp24dhl/cosmo/data/planck_2018/baseline/plc_3.0/hi_l/plik/plik_rd12_HM_v22b_TTTEEE.clik' on test data. got -1172.47 expected -1172.47 (diff -4.34054e-07)
----
Loading ACT DR6 lensing likelihood v1.2...
Loading ACT DR6 lensing likelihood v1.2...
Loading ACT DR6 lensing likelihood v1.2...
Loading ACT DR6 lensing likelihood v1.2...
/users/smp24dhl/cosmo/code/act_dr6_lenslike/act_dr6_lenslike/act_dr6_lenslike.py:416: UserWarning: Hartlap correction to cinv: 0.949874686716792
  warnings.warn(f"Hartlap correction to cinv: {hartlap_correction}")
/users/smp24dhl/cosmo/code/act_dr6_lenslike/act_dr6_lenslike/act_dr6_lenslike.py:416: UserWarning: Hartlap correction to cinv: 0.949874686716792
  warnings.warn(f"Hartlap correction to cinv: {hartlap_correction}")
/users/smp24dhl/cosmo/code/act_dr6_lenslike/act_dr6_lenslike/act_dr6_lenslike.py:416: UserWarning: Hartlap correction to cinv: 0.949874686716792
  warnings.warn(f"Hartlap correction to cinv: {hartlap_correction}")
/users/smp24dhl/cosmo/code/act_dr6_lenslike/act_dr6_lenslike/act_dr6_lenslike.py:416: UserWarning: Hartlap correction to cinv: 0.949874686716792
  warnings.warn(f"Hartlap correction to cinv: {hartlap_correction}")
[0 : bao.desi_2024_bao_all] Initialized.
[3 : bao.desi_2024_bao_all] Initialized.
[1 : bao.desi_2024_bao_all] Initialized.
[2 : bao.desi_2024_bao_all] Initialized.
[0 : mcmc] Resuming from previous sample!
[0 : samplecollection] Loaded 268 sample points from 'chains/PlanckLensingDESI.1.txt'
[1 : samplecollection] Loaded 245 sample points from 'chains/PlanckLensingDESI.2.txt'
[3 : samplecollection] Loaded 273 sample points from 'chains/PlanckLensingDESI.4.txt'
[2 : samplecollection] Loaded 263 sample points from 'chains/PlanckLensingDESI.3.txt'
[3 : mcmc] Initial point: logA:3.039366, ns:0.9627453, theta_MC_100:1.041101, ombh2:0.02253421, omch2:0.1208097, w:-0.5970098, wa:-1.217302, beta_DE:0.6854023, tau:0.05152027, A_planck:0.9990002, calib_100T:0.9991787, calib_217T:0.9980871, A_cib_217:47.37064, xi_sz_cib:0.4117282, A_sz:6.184956, ksz_norm:5.351749, gal545_A_100:9.213985, gal545_A_143:10.34185, gal545_A_143_217:15.19052, gal545_A_217:87.31061, ps_A_100_100:222.4607, ps_A_143_143:35.43461, ps_A_143_217:37.06108, ps_A_217_217:106.9117, galf_TE_A_100:0.1348392, galf_TE_A_100_143:0.1226003, galf_TE_A_100_217:0.4079615, galf_TE_A_143:0.1665131, galf_TE_A_143_217:0.6012728, galf_TE_A_217:2.43544
[0 : mcmc] Initial point: logA:3.039486, ns:0.9656181, theta_MC_100:1.040846, ombh2:0.02235516, omch2:0.1207673, w:-0.931977, wa:-0.4075059, beta_DE:-0.7899361, tau:0.05336434, A_planck:0.9986285, calib_100T:0.9988782, calib_217T:0.9989049, A_cib_217:51.69214, xi_sz_cib:0.7324148, A_sz:1.748412, ksz_norm:6.245969, gal545_A_100:11.23018, gal545_A_143:9.279907, gal545_A_143_217:11.23078, gal545_A_217:84.95223, ps_A_100_100:241.8998, ps_A_143_143:49.79513, ps_A_143_217:39.28184, ps_A_217_217:103.3098, galf_TE_A_100:0.1006225, galf_TE_A_100_143:0.1240377, galf_TE_A_100_217:0.4728609, galf_TE_A_143:0.178924, galf_TE_A_143_217:0.7149643, galf_TE_A_217:2.084983
[1 : mcmc] Initial point: logA:3.048003, ns:0.9667639, theta_MC_100:1.041533, ombh2:0.02227305, omch2:0.1202998, w:-0.02600472, wa:-2.65897, beta_DE:0.350885, tau:0.05814564, A_planck:0.9985323, calib_100T:1.000367, calib_217T:0.9982508, A_cib_217:56.79353, xi_sz_cib:0.466692, A_sz:6.415915, ksz_norm:0.4786871, gal545_A_100:10.10909, gal545_A_143:9.36598, gal545_A_143_217:18.85278, gal545_A_217:83.67245, ps_A_100_100:259.4779, ps_A_143_143:53.29041, ps_A_143_217:43.82682, ps_A_217_217:106.3292, galf_TE_A_100:0.1050665, galf_TE_A_100_143:0.1730337, galf_TE_A_100_217:0.4241214, galf_TE_A_143:0.2415115, galf_TE_A_143_217:0.7234814, galf_TE_A_217:1.852747
[2 : mcmc] Initial point: logA:3.0533, ns:0.9672184, theta_MC_100:1.040802, ombh2:0.02236658, omch2:0.1183368, w:-0.6319071, wa:-1.627431, beta_DE:3.260159, tau:0.06045431, A_planck:1.001594, calib_100T:0.9992543, calib_217T:0.9975993, A_cib_217:53.0454, xi_sz_cib:0.154825, A_sz:6.052906, ksz_norm:4.771599, gal545_A_100:7.411849, gal545_A_143:10.68043, gal545_A_143_217:14.72471, gal545_A_217:83.32395, ps_A_100_100:273.5186, ps_A_143_143:36.88146, ps_A_143_217:35.08416, ps_A_217_217:111.3788, galf_TE_A_100:0.1376461, galf_TE_A_100_143:0.1402559, galf_TE_A_100_217:0.474389, galf_TE_A_143:0.2954326, galf_TE_A_143_217:0.6179096, galf_TE_A_217:1.888398
[0 : mcmc] *WARNING* Parameter blocking manually/previously fixed: speeds will not be measured.
[0 : mcmc] Dragging with number of interpolating steps:
[0 : mcmc] *  1 : (['theta_MC_100', 'ombh2', 'omch2', 'w', 'wa', 'beta_DE', 'tau'], ['logA', 'ns'])
[0 : mcmc] * 12 : (['A_planck'], ['calib_100T', 'calib_217T', 'A_cib_217', 'xi_sz_cib', 'A_sz', 'ksz_norm', 'gal545_A_100', 'gal545_A_143', 'gal545_A_143_217', 'gal545_A_217', 'ps_A_100_100', 'ps_A_143_143', 'ps_A_143_217', 'ps_A_217_217', 'galf_TE_A_100', 'galf_TE_A_100_143', 'galf_TE_A_100_217', 'galf_TE_A_143', 'galf_TE_A_143_217', 'galf_TE_A_217'])
[0 : mcmc] Covariance matrix from previous sample.
[0 : mcmc] Sampling!
[2 : mcmc] Progress @ 2025-02-19 17:13:57 : 1 steps taken, and 263 accepted.
[0 : mcmc] Progress @ 2025-02-19 17:14:07 : 1 steps taken, and 268 accepted.
[1 : mcmc] Progress @ 2025-02-19 17:14:07 : 1 steps taken, and 245 accepted.
[3 : mcmc] Progress @ 2025-02-19 17:14:07 : 1 steps taken, and 273 accepted.
[0 : mcmc] Progress @ 2025-02-19 17:15:08 : 8 steps taken, and 271 accepted.
[2 : mcmc] Progress @ 2025-02-19 17:15:09 : 7 steps taken, and 264 accepted.
[1 : mcmc] Progress @ 2025-02-19 17:15:09 : 9 steps taken, and 246 accepted.
[3 : mcmc] Progress @ 2025-02-19 17:15:20 : 7 steps taken, and 273 accepted.
[1 : mcmc] Progress @ 2025-02-19 17:16:09 : 17 steps taken, and 248 accepted.
[2 : mcmc] Progress @ 2025-02-19 17:16:10 : 14 steps taken, and 264 accepted.
[0 : mcmc] Progress @ 2025-02-19 17:16:13 : 15 steps taken, and 273 accepted.
[3 : mcmc] Progress @ 2025-02-19 17:16:21 : 14 steps taken, and 274 accepted.
[1 : mcmc] Progress @ 2025-02-19 17:17:11 : 25 steps taken, and 251 accepted.
[0 : mcmc] Progress @ 2025-02-19 17:17:17 : 25 steps taken, and 273 accepted.
[2 : mcmc] Progress @ 2025-02-19 17:17:18 : 19 steps taken, and 265 accepted.
[3 : mcmc] Progress @ 2025-02-19 17:17:22 : 21 steps taken, and 275 accepted.
[1 : mcmc] Progress @ 2025-02-19 17:18:11 : 32 steps taken, and 255 accepted.
[2 : mcmc] Progress @ 2025-02-19 17:18:19 : 25 steps taken, and 267 accepted.
[3 : mcmc] Progress @ 2025-02-19 17:18:25 : 30 steps taken, and 276 accepted.
[0 : mcmc] Progress @ 2025-02-19 17:18:28 : 35 steps taken, and 275 accepted.
[1 : mcmc] Progress @ 2025-02-19 17:19:22 : 39 steps taken, and 255 accepted.
[3 : mcmc] Progress @ 2025-02-19 17:19:26 : 41 steps taken, and 278 accepted.
[2 : mcmc] Progress @ 2025-02-19 17:19:31 : 31 steps taken, and 268 accepted.
[0 : mcmc] Progress @ 2025-02-19 17:19:35 : 44 steps taken, and 275 accepted.
[1 : mcmc] Progress @ 2025-02-19 17:20:34 : 46 steps taken, and 256 accepted.
[3 : mcmc] Progress @ 2025-02-19 17:20:37 : 49 steps taken, and 281 accepted.
[0 : mcmc] Progress @ 2025-02-19 17:20:40 : 54 steps taken, and 277 accepted.
[2 : mcmc] Progress @ 2025-02-19 17:20:43 : 37 steps taken, and 269 accepted.
[1 : mcmc] Progress @ 2025-02-19 17:21:35 : 53 steps taken, and 258 accepted.
[3 : mcmc] Progress @ 2025-02-19 17:21:38 : 56 steps taken, and 284 accepted.
[0 : mcmc] Progress @ 2025-02-19 17:21:41 : 61 steps taken, and 279 accepted.
[2 : mcmc] Progress @ 2025-02-19 17:21:44 : 43 steps taken, and 270 accepted.
[3 : mcmc] Progress @ 2025-02-19 17:22:39 : 68 steps taken, and 285 accepted.
[1 : mcmc] Progress @ 2025-02-19 17:22:43 : 58 steps taken, and 260 accepted.
[2 : mcmc] Progress @ 2025-02-19 17:22:45 : 51 steps taken, and 271 accepted.
[0 : mcmc] Progress @ 2025-02-19 17:22:49 : 67 steps taken, and 280 accepted.
[3 : mcmc] Progress @ 2025-02-19 17:23:40 : 77 steps taken, and 286 accepted.
[2 : mcmc] Progress @ 2025-02-19 17:23:46 : 57 steps taken, and 272 accepted.
[1 : mcmc] Progress @ 2025-02-19 17:23:47 : 65 steps taken, and 260 accepted.
[0 : mcmc] Progress @ 2025-02-19 17:23:50 : 75 steps taken, and 281 accepted.
[3 : mcmc] Progress @ 2025-02-19 17:24:47 : 83 steps taken, and 286 accepted.
[0 : mcmc] Progress @ 2025-02-19 17:24:50 : 82 steps taken, and 282 accepted.
[2 : mcmc] Progress @ 2025-02-19 17:24:54 : 63 steps taken, and 274 accepted.
[1 : mcmc] Progress @ 2025-02-19 17:24:59 : 72 steps taken, and 261 accepted.
[3 : mcmc] Progress @ 2025-02-19 17:25:49 : 89 steps taken, and 289 accepted.
[2 : mcmc] Progress @ 2025-02-19 17:25:54 : 69 steps taken, and 276 accepted.
[0 : mcmc] Progress @ 2025-02-19 17:26:02 : 88 steps taken, and 285 accepted.
[1 : mcmc] Progress @ 2025-02-19 17:26:10 : 79 steps taken, and 262 accepted.
[3 : mcmc] Progress @ 2025-02-19 17:26:50 : 97 steps taken, and 289 accepted.
[2 : mcmc] Progress @ 2025-02-19 17:27:03 : 75 steps taken, and 277 accepted.
[0 : mcmc] Progress @ 2025-02-19 17:27:08 : 98 steps taken, and 287 accepted.
[1 : mcmc] Progress @ 2025-02-19 17:27:22 : 85 steps taken, and 264 accepted.
[3 : mcmc] Progress @ 2025-02-19 17:28:02 : 103 steps taken, and 290 accepted.
[2 : mcmc] Progress @ 2025-02-19 17:28:03 : 88 steps taken, and 278 accepted.
[0 : mcmc] Progress @ 2025-02-19 17:28:16 : 103 steps taken, and 289 accepted.
[1 : mcmc] Progress @ 2025-02-19 17:28:22 : 91 steps taken, and 266 accepted.
[3 : mcmc] Progress @ 2025-02-19 17:29:04 : 110 steps taken, and 290 accepted.
[2 : mcmc] Progress @ 2025-02-19 17:29:08 : 96 steps taken, and 280 accepted.
[0 : mcmc] Progress @ 2025-02-19 17:29:29 : 113 steps taken, and 293 accepted.
[1 : mcmc] Progress @ 2025-02-19 17:29:36 : 98 steps taken, and 269 accepted.
[node056:20599:0:20599] Caught signal 11 (Segmentation fault: address not mapped to object at address 0xfffffffc057452f8)
BFD: DWARF error: can't find .debug_ranges section.
BFD: DWARF error: can't find .debug_ranges section.
BFD: DWARF error: can't find .debug_ranges section.
BFD: DWARF error: can't find .debug_ranges section.
BFD: DWARF error: can't find .debug_ranges section.
BFD: DWARF error: can't find .debug_ranges section.
BFD: DWARF error: can't find .debug_ranges section.
BFD: DWARF error: can't find .debug_ranges section.
BFD: DWARF error: can't find .debug_ranges section.
BFD: DWARF error: can't find .debug_ranges section.
BFD: DWARF error: can't find .debug_ranges section.
BFD: DWARF error: can't find .debug_ranges section.
BFD: DWARF error: can't find .debug_ranges section.
BFD: DWARF error: can't find .debug_ranges section.
BFD: DWARF error: can't find .debug_ranges section.
BFD: DWARF error: can't find .debug_ranges section.
BFD: DWARF error: can't find .debug_ranges section.
BFD: DWARF error: can't find .debug_ranges section.
BFD: DWARF error: can't find .debug_ranges section.
BFD: DWARF error: can't find .debug_ranges section.
BFD: DWARF error: can't find .debug_ranges section.
BFD: DWARF error: can't find .debug_ranges section.
BFD: DWARF error: can't find .debug_ranges section.
BFD: DWARF error: can't find .debug_ranges section.
BFD: DWARF error: can't find .debug_ranges section.
BFD: DWARF error: can't find .debug_ranges section.
BFD: DWARF error: can't find .debug_ranges section.
BFD: DWARF error: can't find .debug_ranges section.
BFD: DWARF error: can't find .debug_ranges section.
BFD: DWARF error: can't find .debug_ranges section.
BFD: DWARF error: can't find .debug_ranges section.
BFD: DWARF error: can't find .debug_ranges section.
BFD: DWARF error: can't find .debug_ranges section.
BFD: DWARF error: can't find .debug_ranges section.
BFD: DWARF error: can't find .debug_ranges section.
BFD: DWARF error: can't find .debug_ranges section.
BFD: DWARF error: can't find .debug_ranges section.
BFD: DWARF error: can't find .debug_ranges section.
BFD: DWARF error: can't find .debug_ranges section.
BFD: DWARF error: can't find .debug_ranges section.
BFD: DWARF error: can't find .debug_ranges section.
BFD: DWARF error: can't find .debug_ranges section.
BFD: DWARF error: can't find .debug_ranges section.
BFD: DWARF error: can't find .debug_ranges section.
BFD: DWARF error: can't find .debug_ranges section.
BFD: DWARF error: can't find .debug_ranges section.
BFD: DWARF error: can't find .debug_ranges section.
BFD: DWARF error: can't find .debug_ranges section.
BFD: DWARF error: can't find .debug_ranges section.
BFD: DWARF error: can't find .debug_ranges section.
BFD: DWARF error: can't find .debug_ranges section.
BFD: DWARF error: can't find .debug_ranges section.
BFD: DWARF error: can't find .debug_ranges section.
BFD: DWARF error: can't find .debug_ranges section.
BFD: DWARF error: can't find .debug_ranges section.
BFD: DWARF error: can't find .debug_ranges section.
BFD: DWARF error: can't find .debug_ranges section.
BFD: DWARF error: can't find .debug_ranges section.
BFD: DWARF error: can't find .debug_ranges section.
BFD: DWARF error: can't find .debug_ranges section.
BFD: DWARF error: can't find .debug_ranges section.
BFD: DWARF error: can't find .debug_ranges section.
BFD: DWARF error: can't find .debug_ranges section.
BFD: DWARF error: can't find .debug_ranges section.
BFD: DWARF error: can't find .debug_ranges section.
BFD: DWARF error: can't find .debug_ranges section.
BFD: DWARF error: can't find .debug_ranges section.
BFD: DWARF error: can't find .debug_ranges section.
BFD: DWARF error: can't find .debug_ranges section.
BFD: DWARF error: can't find .debug_ranges section.
BFD: DWARF error: can't find .debug_ranges section.
BFD: DWARF error: can't find .debug_ranges section.
BFD: DWARF error: can't find .debug_ranges section.
BFD: DWARF error: can't find .debug_ranges section.
BFD: DWARF error: can't find .debug_ranges section.
BFD: DWARF error: can't find .debug_ranges section.
BFD: DWARF error: can't find .debug_ranges section.
BFD: DWARF error: can't find .debug_ranges section.
BFD: DWARF error: can't find .debug_ranges section.
BFD: DWARF error: can't find .debug_ranges section.
BFD: DWARF error: can't find .debug_ranges section.
BFD: DWARF error: can't find .debug_ranges section.
BFD: DWARF error: can't find .debug_ranges section.
BFD: DWARF error: can't find .debug_ranges section.
BFD: DWARF error: can't find .debug_ranges section.
BFD: DWARF error: can't find .debug_ranges section.
BFD: DWARF error: can't find .debug_ranges section.
BFD: DWARF error: can't find .debug_ranges section.
BFD: DWARF error: can't find .debug_ranges section.
BFD: DWARF error: can't find .debug_ranges section.
==== backtrace (tid:  20599) ====
 0 0x0000000000021563 ucs_debug_print_backtrace()  /dev/shm/UCX/1.8.0/GCCcore-9.3.0/ucx-1.8.0/src/ucs/debug/debug.c:653
 1 0x0000000000039f63 __massivenu_MOD_thermalnubackground_rho()  ???:0
 2 0x000000000003da49 __results_MOD_grho_no_de()  ???:0
 3 0x00000000000a5f01 dtauda_()  ???:0
 4 0x000000000004cfdc __results_MOD_thermo_init._omp_fn.0()  results.f90:0
 5 0x0000000000014295 GOMP_parallel_sections()  ???:0
 6 0x000000000004f7c2 __results_MOD_thermo_init()  ???:0
 7 0x00000000000f3923 __cambmain_MOD_initvars()  ???:0
 8 0x00000000000f9bff __cambmain_MOD_cmbmain()  ???:0
 9 0x0000000000105846 __camb_MOD_camb_getresults()  ???:0
10 0x00000000001104df __handles_MOD_cambdata_gettransfers()  ???:0
11 0x0000000000006a4a ffi_call_unix64()  :0
12 0x0000000000005fea ffi_call_int()  ffi64.c:0
13 0x00000000000091e0 _ctypes_callproc.cold()  :0
14 0x00000000000126ee PyCFuncPtr_call()  :0
15 0x00000000004f061c _PyObject_MakeTpCall()  ???:0
16 0x00000000004ec4f7 _PyEval_EvalFrameDefault()  ???:0
17 0x00000000004e694a _PyEval_EvalCode()  :0
18 0x000000000050500d method_vectorcall()  :0
19 0x00000000004e8a8b _PyEval_EvalFrameDefault()  ???:0
20 0x00000000004e694a _PyEval_EvalCode()  :0
21 0x00000000004f7d95 _PyFunction_Vectorcall()  ???:0
22 0x00000000004e8a8b _PyEval_EvalFrameDefault()  ???:0
23 0x00000000004e694a _PyEval_EvalCode()  :0
24 0x000000000050500d method_vectorcall()  :0
25 0x0000000000505744 PyObject_Call()  ???:0
26 0x00000000004eac68 _PyEval_EvalFrameDefault()  ???:0
27 0x00000000004e694a _PyEval_EvalCode()  :0
28 0x000000000050500d method_vectorcall()  :0
29 0x00000000004e8a8b _PyEval_EvalFrameDefault()  ???:0
30 0x00000000004e694a _PyEval_EvalCode()  :0
31 0x000000000050500d method_vectorcall()  :0
32 0x00000000004e8a8b _PyEval_EvalFrameDefault()  ???:0
33 0x00000000004e694a _PyEval_EvalCode()  :0
34 0x00000000004f7d95 _PyFunction_Vectorcall()  ???:0
35 0x00000000004e7edc _PyEval_EvalFrameDefault()  ???:0
36 0x00000000004f8073 function_code_fastcall()  :0
37 0x0000000000504f01 method_vectorcall()  :0
38 0x00000000004ec5b4 _PyEval_EvalFrameDefault()  ???:0
39 0x00000000004f8073 function_code_fastcall()  :0
40 0x00000000004e7edc _PyEval_EvalFrameDefault()  ???:0
41 0x00000000004e694a _PyEval_EvalCode()  :0
42 0x00000000004f7d95 _PyFunction_Vectorcall()  ???:0
43 0x0000000000505744 PyObject_Call()  ???:0
44 0x00000000004eac68 _PyEval_EvalFrameDefault()  ???:0
45 0x00000000004f8073 function_code_fastcall()  :0
46 0x00000000004e7c22 _PyEval_EvalFrameDefault()  ???:0
47 0x00000000004e694a _PyEval_EvalCode()  :0
48 0x00000000004e65d7 _PyEval_EvalCodeWithName()  ???:0
49 0x00000000004e6589 PyEval_EvalCodeEx()  ???:0
50 0x0000000000593f2b PyEval_EvalCode()  ???:0
51 0x00000000005c1697 run_eval_code_obj()  :0
52 0x00000000005bd6b0 run_mod()  :0
53 0x00000000004565eb pyrun_file.cold()  :0
54 0x00000000005b7392 PyRun_SimpleFileExFlags()  ???:0
55 0x00000000005b490e Py_RunMain()  ???:0
56 0x0000000000587fd9 Py_BytesMain()  ???:0
57 0x0000000000022555 __libc_start_main()  ???:0
=================================
[node056:20599] *** Process received signal ***
[node056:20599] Signal: Segmentation fault (11)
[node056:20599] Signal code:  (-6)
[node056:20599] Failing at address: 0x8cfb800005077
[node056:20599] [ 0] /lib64/libpthread.so.0(+0xf630)[0x7faf53044630]
[node056:20599] [ 1] /users/smp24dhl/cosmo/code/CAMB_beta/camb/camblib.so(__massivenu_MOD_thermalnubackground_rho+0x63)[0x7faf3193ef63]
[node056:20599] [ 2] /users/smp24dhl/cosmo/code/CAMB_beta/camb/camblib.so(__results_MOD_grho_no_de+0xc9)[0x7faf31942a49]
[node056:20599] [ 3] /users/smp24dhl/cosmo/code/CAMB_beta/camb/camblib.so(dtauda_+0x61)[0x7faf319aaf01]
[node056:20599] [ 4] /users/smp24dhl/cosmo/code/CAMB_beta/camb/camblib.so(+0x4cfdc)[0x7faf31951fdc]
[node056:20599] [ 5] /users/smp24dhl/.conda/envs/cosmos/bin/../lib/libgomp.so.1(GOMP_parallel_sections+0x80)[0x7faf318da295]
[node056:20599] [ 6] /users/smp24dhl/cosmo/code/CAMB_beta/camb/camblib.so(__results_MOD_thermo_init+0x12d2)[0x7faf319547c2]
[node056:20599] [ 7] /users/smp24dhl/cosmo/code/CAMB_beta/camb/camblib.so(__cambmain_MOD_initvars+0x193)[0x7faf319f8923]
[node056:20599] [ 8] /users/smp24dhl/cosmo/code/CAMB_beta/camb/camblib.so(__cambmain_MOD_cmbmain+0xbf)[0x7faf319febff]
[node056:20599] [ 9] /users/smp24dhl/cosmo/code/CAMB_beta/camb/camblib.so(__camb_MOD_camb_getresults+0x2986)[0x7faf31a0a846]
[node056:20599] [10] /users/smp24dhl/cosmo/code/CAMB_beta/camb/camblib.so(__handles_MOD_cambdata_gettransfers+0x1f)[0x7faf31a154df]
[node056:20599] [11] /users/smp24dhl/.conda/envs/cosmos/lib/python3.9/lib-dynload/../../libffi.so.8(+0x6a4a)[0x7faf532ffa4a]
[node056:20599] [12] /users/smp24dhl/.conda/envs/cosmos/lib/python3.9/lib-dynload/../../libffi.so.8(+0x5fea)[0x7faf532fefea]
[node056:20599] [13] /users/smp24dhl/.conda/envs/cosmos/lib/python3.9/lib-dynload/_ctypes.cpython-39-x86_64-linux-gnu.so(+0x91e0)[0x7faf48ffe1e0]
[node056:20599] [14] /users/smp24dhl/.conda/envs/cosmos/lib/python3.9/lib-dynload/_ctypes.cpython-39-x86_64-linux-gnu.so(+0x126ee)[0x7faf490076ee]
[node056:20599] [15] /users/smp24dhl/.conda/envs/cosmos/bin/python(_PyObject_MakeTpCall+0x2ec)[0x4f061c]
[node056:20599] [16] /users/smp24dhl/.conda/envs/cosmos/bin/python(_PyEval_EvalFrameDefault+0x4ca7)[0x4ec4f7]
[node056:20599] [17] /users/smp24dhl/.conda/envs/cosmos/bin/python[0x4e694a]
[node056:20599] [18] /users/smp24dhl/.conda/envs/cosmos/bin/python[0x50500d]
[node056:20599] [19] /users/smp24dhl/.conda/envs/cosmos/bin/python(_PyEval_EvalFrameDefault+0x123b)[0x4e8a8b]
[node056:20599] [20] /users/smp24dhl/.conda/envs/cosmos/bin/python[0x4e694a]
[node056:20599] [21] /users/smp24dhl/.conda/envs/cosmos/bin/python(_PyFunction_Vectorcall+0xd5)[0x4f7d95]
[node056:20599] [22] /users/smp24dhl/.conda/envs/cosmos/bin/python(_PyEval_EvalFrameDefault+0x123b)[0x4e8a8b]
[node056:20599] [23] /users/smp24dhl/.conda/envs/cosmos/bin/python[0x4e694a]
[node056:20599] [24] /users/smp24dhl/.conda/envs/cosmos/bin/python[0x50500d]
[node056:20599] [25] /users/smp24dhl/.conda/envs/cosmos/bin/python(PyObject_Call+0xb4)[0x505744]
[node056:20599] [26] /users/smp24dhl/.conda/envs/cosmos/bin/python(_PyEval_EvalFrameDefault+0x3418)[0x4eac68]
[node056:20599] [27] /users/smp24dhl/.conda/envs/cosmos/bin/python[0x4e694a]
[node056:20599] [28] /users/smp24dhl/.conda/envs/cosmos/bin/python[0x50500d]
[node056:20599] [29] /users/smp24dhl/.conda/envs/cosmos/bin/python(_PyEval_EvalFrameDefault+0x123b)[0x4e8a8b]
[node056:20599] *** End of error message ***
--------------------------------------------------------------------------
Primary job  terminated normally, but 1 process returned
a non-zero exit code. Per user-direction, the job has been aborted.
--------------------------------------------------------------------------
--------------------------------------------------------------------------
mpirun noticed that process rank 0 with PID 20599 on node node056 exited on signal 11 (Segmentation fault).
--------------------------------------------------------------------------
