R-1 = 0.4627880496974182
H_0 = 67.60\pm 0.65
w_{0,\mathrm{DE}} = -0.847\pm 0.072
w_{a,\mathrm{DE}} = -0.96^{+0.77}_{-0.38}
\beta_{\mathrm{DE}} = 2.9^{+1.6}_{-2.6}
triangle plot saved at ./chains/outputs/PlanckLensingSDSSPantheon_triangle.png
parameters saved at ./chains/outputs/PlanckLensingSDSSPantheon_parameters.txt
chain not converged
[0 : output] Output to be read-from/written-into folder 'chains', with prefix 'PlanckLensingSDSSPantheon'
[0 : output] Found existing info files with the requested output prefix: 'chains/PlanckLensingSDSSPantheon'
[0 : output] Let's try to resume/load.
[0 : output] Found an old sample. Resuming.
[0 : prior] *WARNING* External prior 'SZ' loaded. Mind that it might not be normalized!
[0 : camb] `camb` module loaded successfully from /users/smp24dhl/cosmo/code/CAMB_beta/camb
[0 : planck_2018_highl_plik.ttteee] `clik` module loaded successfully from /users/smp24dhl/cosmo/code/planck/clik/lib/python3.9/site-packages/clik
----
clik version clik_16.0b1-2-g63c889f3aa9c MAKEFILE
  smica
----
clik version clik_16.0b1-2-g63c889f3aa9c MAKEFILE
  smica
----
clik version clik_16.0b1-2-g63c889f3aa9c MAKEFILE
  smica
----
clik version clik_16.0b1-2-g63c889f3aa9c MAKEFILE
  smica
Checking likelihood '/users/smp24dhl/cosmo/data/planck_2018/baseline/plc_3.0/hi_l/plik/plik_rd12_HM_v22b_TTTEEE.clik' on test data. got -1172.47 expected -1172.47 (diff -4.34054e-07)
----
Checking likelihood '/users/smp24dhl/cosmo/data/planck_2018/baseline/plc_3.0/hi_l/plik/plik_rd12_HM_v22b_TTTEEE.clik' on test data. got -1172.47 expected -1172.47 (diff -4.34054e-07)
----
Checking likelihood '/users/smp24dhl/cosmo/data/planck_2018/baseline/plc_3.0/hi_l/plik/plik_rd12_HM_v22b_TTTEEE.clik' on test data. got -1172.47 expected -1172.47 (diff -4.34054e-07)
----
Checking likelihood '/users/smp24dhl/cosmo/data/planck_2018/baseline/plc_3.0/hi_l/plik/plik_rd12_HM_v22b_TTTEEE.clik' on test data. got -1172.47 expected -1172.47 (diff -4.34054e-07)
----
Loading ACT DR6 lensing likelihood v1.2...
Loading ACT DR6 lensing likelihood v1.2...
Loading ACT DR6 lensing likelihood v1.2...
Loading ACT DR6 lensing likelihood v1.2...
/users/smp24dhl/cosmo/code/act_dr6_lenslike/act_dr6_lenslike/act_dr6_lenslike.py:416: UserWarning: Hartlap correction to cinv: 0.949874686716792
  warnings.warn(f"Hartlap correction to cinv: {hartlap_correction}")
/users/smp24dhl/cosmo/code/act_dr6_lenslike/act_dr6_lenslike/act_dr6_lenslike.py:416: UserWarning: Hartlap correction to cinv: 0.949874686716792
  warnings.warn(f"Hartlap correction to cinv: {hartlap_correction}")
/users/smp24dhl/cosmo/code/act_dr6_lenslike/act_dr6_lenslike/act_dr6_lenslike.py:416: UserWarning: Hartlap correction to cinv: 0.949874686716792
  warnings.warn(f"Hartlap correction to cinv: {hartlap_correction}")
/users/smp24dhl/cosmo/code/act_dr6_lenslike/act_dr6_lenslike/act_dr6_lenslike.py:416: UserWarning: Hartlap correction to cinv: 0.949874686716792
  warnings.warn(f"Hartlap correction to cinv: {hartlap_correction}")
[3 : bao.sdss_dr16_baoplus_lrg] Initialized.
[0 : bao.sdss_dr16_baoplus_lrg] Initialized.
[1 : bao.sdss_dr16_baoplus_lrg] Initialized.
[2 : bao.sdss_dr16_baoplus_lrg] Initialized.
[3 : bao.sdss_dr16_baoplus_qso] Initialized.
[0 : bao.sdss_dr16_baoplus_qso] Initialized.
[1 : bao.sdss_dr16_baoplus_qso] Initialized.
[2 : bao.sdss_dr16_baoplus_qso] Initialized.
[0 : mcmc] Resuming from previous sample!
[1 : samplecollection] Loaded 1872 sample points from 'chains/PlanckLensingSDSSPantheon.2.txt'
[0 : samplecollection] Loaded 1881 sample points from 'chains/PlanckLensingSDSSPantheon.1.txt'
[2 : samplecollection] Loaded 1814 sample points from 'chains/PlanckLensingSDSSPantheon.3.txt'
[3 : samplecollection] Loaded 1928 sample points from 'chains/PlanckLensingSDSSPantheon.4.txt'
[2 : mcmc] Initial point: logA:3.059761, ns:0.9653711, theta_MC_100:1.041456, ombh2:0.02244275, omch2:0.1200916, w:-0.843435, wa:-1.420486, beta_DE:5.976119, tau:0.0617677, A_planck:0.9992546, calib_100T:0.998316, calib_217T:0.9982643, A_cib_217:39.28479, xi_sz_cib:0.05867459, A_sz:5.720668, ksz_norm:3.828591, gal545_A_100:8.228387, gal545_A_143:11.81632, gal545_A_143_217:20.00035, gal545_A_217:101.3157, ps_A_100_100:199.8273, ps_A_143_143:30.78819, ps_A_143_217:26.31536, ps_A_217_217:119.5849, galf_TE_A_100:0.1214273, galf_TE_A_100_143:0.1632114, galf_TE_A_100_217:0.6533043, galf_TE_A_143:0.1806514, galf_TE_A_143_217:0.580845, galf_TE_A_217:1.860928
[0 : mcmc] Initial point: logA:3.062996, ns:0.9721396, theta_MC_100:1.041138, ombh2:0.02258648, omch2:0.118873, w:-0.8157957, wa:-2.034464, beta_DE:9.508772, tau:0.06348526, A_planck:1.001237, calib_100T:0.9991092, calib_217T:0.9991636, A_cib_217:40.63054, xi_sz_cib:0.5153757, A_sz:3.683216, ksz_norm:3.581555, gal545_A_100:5.743749, gal545_A_143:6.669626, gal545_A_143_217:17.40957, gal545_A_217:95.34005, ps_A_100_100:267.9105, ps_A_143_143:45.83699, ps_A_143_217:38.18566, ps_A_217_217:123.9098, galf_TE_A_100:0.1638539, galf_TE_A_100_143:0.1343248, galf_TE_A_100_217:0.571411, galf_TE_A_143:0.2346781, galf_TE_A_143_217:0.7616014, galf_TE_A_217:2.209215
[3 : mcmc] Initial point: logA:3.072155, ns:0.9723378, theta_MC_100:1.041096, ombh2:0.02258072, omch2:0.1178302, w:-0.901289, wa:-1.093416, beta_DE:8.293148, tau:0.06604422, A_planck:1.005792, calib_100T:1.000572, calib_217T:0.9978648, A_cib_217:32.46682, xi_sz_cib:0.4952409, A_sz:8.286363, ksz_norm:1.20097, gal545_A_100:9.81613, gal545_A_143:9.69902, gal545_A_143_217:23.6053, gal545_A_217:111.2492, ps_A_100_100:269.4561, ps_A_143_143:49.87893, ps_A_143_217:47.35226, ps_A_217_217:136.794, galf_TE_A_100:0.09595059, galf_TE_A_100_143:0.1484719, galf_TE_A_100_217:0.526713, galf_TE_A_143:0.2570758, galf_TE_A_143_217:0.6792416, galf_TE_A_217:1.71186
[1 : mcmc] Initial point: logA:3.05317, ns:0.9712288, theta_MC_100:1.041149, ombh2:0.02242757, omch2:0.1195072, w:-0.8557994, wa:-0.6934062, beta_DE:2.772487, tau:0.05852587, A_planck:1.000985, calib_100T:0.9987021, calib_217T:0.9983218, A_cib_217:40.53396, xi_sz_cib:0.07635431, A_sz:7.429329, ksz_norm:1.30465, gal545_A_100:6.668935, gal545_A_143:8.163652, gal545_A_143_217:15.63117, gal545_A_217:92.44503, ps_A_100_100:224.9519, ps_A_143_143:29.00832, ps_A_143_217:37.57006, ps_A_217_217:128.1402, galf_TE_A_100:0.1463166, galf_TE_A_100_143:0.1831818, galf_TE_A_100_217:0.5195453, galf_TE_A_143:0.223794, galf_TE_A_143_217:0.6237782, galf_TE_A_217:2.320047
[0 : mcmc] *WARNING* Parameter blocking manually/previously fixed: speeds will not be measured.
[0 : mcmc] Dragging with number of interpolating steps:
[0 : mcmc] *  1 : (['theta_MC_100', 'ombh2', 'omch2', 'w', 'wa', 'beta_DE', 'tau'], ['logA', 'ns'])
[0 : mcmc] * 12 : (['A_planck'], ['calib_100T', 'calib_217T', 'A_cib_217', 'xi_sz_cib', 'A_sz', 'ksz_norm', 'gal545_A_100', 'gal545_A_143', 'gal545_A_143_217', 'gal545_A_217', 'ps_A_100_100', 'ps_A_143_143', 'ps_A_143_217', 'ps_A_217_217', 'galf_TE_A_100', 'galf_TE_A_100_143', 'galf_TE_A_100_217', 'galf_TE_A_143', 'galf_TE_A_143_217', 'galf_TE_A_217'])
[0 : mcmc] Covariance matrix from previous sample.
[0 : mcmc] Sampling!
[2 : mcmc] Progress @ 2025-02-23 21:53:05 : 1 steps taken, and 1814 accepted.
[3 : mcmc] Progress @ 2025-02-23 21:53:15 : 1 steps taken, and 1928 accepted.
[1 : mcmc] Progress @ 2025-02-23 21:53:15 : 1 steps taken, and 1872 accepted.
[0 : mcmc] Progress @ 2025-02-23 21:53:15 : 1 steps taken, and 1881 accepted.
[2 : mcmc] Progress @ 2025-02-23 21:54:14 : 7 steps taken, and 1815 accepted.
[0 : mcmc] Progress @ 2025-02-23 21:54:15 : 6 steps taken, and 1884 accepted.
[1 : mcmc] Progress @ 2025-02-23 21:54:25 : 7 steps taken, and 1873 accepted.
[3 : mcmc] Progress @ 2025-02-23 21:54:28 : 7 steps taken, and 1930 accepted.
[0 : mcmc] Progress @ 2025-02-23 21:55:16 : 12 steps taken, and 1887 accepted.
[2 : mcmc] Progress @ 2025-02-23 21:55:28 : 15 steps taken, and 1817 accepted.
[3 : mcmc] Progress @ 2025-02-23 21:55:36 : 14 steps taken, and 1933 accepted.
[1 : mcmc] Progress @ 2025-02-23 21:55:39 : 15 steps taken, and 1875 accepted.
[0 : mcmc] Progress @ 2025-02-23 21:56:16 : 17 steps taken, and 1888 accepted.
[2 : mcmc] Progress @ 2025-02-23 21:56:38 : 21 steps taken, and 1820 accepted.
[1 : mcmc] Progress @ 2025-02-23 21:56:42 : 21 steps taken, and 1877 accepted.
[3 : mcmc] Progress @ 2025-02-23 21:56:46 : 19 steps taken, and 1934 accepted.
[0 : mcmc] Progress @ 2025-02-23 21:57:20 : 25 steps taken, and 1892 accepted.
[2 : mcmc] Progress @ 2025-02-23 21:57:41 : 27 steps taken, and 1821 accepted.
[3 : mcmc] Progress @ 2025-02-23 21:57:47 : 27 steps taken, and 1937 accepted.
[1 : mcmc] Progress @ 2025-02-23 21:57:53 : 26 steps taken, and 1879 accepted.
[0 : mcmc] Progress @ 2025-02-23 21:58:20 : 32 steps taken, and 1895 accepted.
[3 : mcmc] Progress @ 2025-02-23 21:58:47 : 33 steps taken, and 1939 accepted.
[2 : mcmc] Progress @ 2025-02-23 21:58:56 : 34 steps taken, and 1822 accepted.
[1 : mcmc] Progress @ 2025-02-23 21:59:01 : 34 steps taken, and 1883 accepted.
[0 : mcmc] Progress @ 2025-02-23 21:59:29 : 40 steps taken, and 1896 accepted.
[3 : mcmc] Progress @ 2025-02-23 21:59:55 : 41 steps taken, and 1940 accepted.
[2 : mcmc] Progress @ 2025-02-23 21:59:58 : 40 steps taken, and 1824 accepted.
[1 : mcmc] Progress @ 2025-02-23 22:00:14 : 41 steps taken, and 1886 accepted.
[0 : mcmc] Progress @ 2025-02-23 22:00:41 : 46 steps taken, and 1898 accepted.
