[0 : output] Output to be read-from/written-into folder 'chains', with prefix 'noHalo'
[0 : output] Found existing info files with the requested output prefix: 'chains/noHalo'
[0 : output] Let's try to resume/load.
[0 : output] Found an old sample. Resuming.
[0 : prior] *WARNING* External prior 'SZ' loaded. Mind that it might not be normalized!
[0 : camb] `camb` module loaded successfully from /users/smp24dhl/cosmo/code/CAMB_beta/camb
[0 : planck_2018_highl_plik.ttteee] `clik` module loaded successfully from /users/smp24dhl/cosmo/code/planck/clik/lib/python3.9/site-packages/clik
----
clik version clik_16.0b1-2-g63c889f3aa9c MAKEFILE
  smica
----
clik version clik_16.0b1-2-g63c889f3aa9c MAKEFILE
  smica
----
clik version clik_16.0b1-2-g63c889f3aa9c MAKEFILE
  smica
----
clik version clik_16.0b1-2-g63c889f3aa9c MAKEFILE
  smica
Checking likelihood '/users/smp24dhl/cosmo/data/planck_2018/baseline/plc_3.0/hi_l/plik/plik_rd12_HM_v22b_TTTEEE.clik' on test data. got -1172.47 expected -1172.47 (diff -4.34055e-07)
----
Checking likelihood '/users/smp24dhl/cosmo/data/planck_2018/baseline/plc_3.0/hi_l/plik/plik_rd12_HM_v22b_TTTEEE.clik' on test data. got -1172.47 expected -1172.47 (diff -4.34055e-07)
----
Checking likelihood '/users/smp24dhl/cosmo/data/planck_2018/baseline/plc_3.0/hi_l/plik/plik_rd12_HM_v22b_TTTEEE.clik' on test data. got -1172.47 expected -1172.47 (diff -4.34055e-07)
----
Checking likelihood '/users/smp24dhl/cosmo/data/planck_2018/baseline/plc_3.0/hi_l/plik/plik_rd12_HM_v22b_TTTEEE.clik' on test data. got -1172.47 expected -1172.47 (diff -4.34055e-07)
----
[0 : planck_2018_lensing.clik] `clik` module loaded successfully from /users/smp24dhl/cosmo/code/planck/clik/lib/python3.9/site-packages/clik
Checking lensing likelihood '/users/smp24dhl/cosmo/data/planck_2018/baseline/plc_3.0/lensing/smicadx12_Dec5_ftl_mv2_ndclpp_p_teb_consext8.clik_lensing' on test data. got -4.42102
Checking lensing likelihood '/users/smp24dhl/cosmo/data/planck_2018/baseline/plc_3.0/lensing/smicadx12_Dec5_ftl_mv2_ndclpp_p_teb_consext8.clik_lensing' on test data. got -4.42102
Checking lensing likelihood '/users/smp24dhl/cosmo/data/planck_2018/baseline/plc_3.0/lensing/smicadx12_Dec5_ftl_mv2_ndclpp_p_teb_consext8.clik_lensing' on test data. got -4.42102
Checking lensing likelihood '/users/smp24dhl/cosmo/data/planck_2018/baseline/plc_3.0/lensing/smicadx12_Dec5_ftl_mv2_ndclpp_p_teb_consext8.clik_lensing' on test data. got -4.42102
[0 : mcmc] Resuming from previous sample!
[1 : samplecollection] Loaded 2661 sample points from 'chains/noHalo.2.txt'
[3 : samplecollection] Loaded 2629 sample points from 'chains/noHalo.4.txt'
[0 : samplecollection] Loaded 3571 sample points from 'chains/noHalo.1.txt'
[2 : samplecollection] Loaded 3666 sample points from 'chains/noHalo.3.txt'
[0 : mcmc] Initial point: logA:3.028779, ns:0.9670576, theta_MC_100:1.04134, ombh2:0.02230866, omch2:0.1197627, w:0.2509653, wa:-2.464809, beta_DE:-2.048285, tau:0.04623306, A_planck:1.000685, calib_100T:0.9997133, calib_217T:0.9981327, A_cib_217:50.21823, xi_sz_cib:0.7728252, A_sz:2.185189, ksz_norm:4.006935, gal545_A_100:6.422349, gal545_A_143:7.306692, gal545_A_143_217:14.05847, gal545_A_217:87.20618, ps_A_100_100:272.7953, ps_A_143_143:60.13468, ps_A_143_217:43.80017, ps_A_217_217:109.6043, galf_TE_A_100:0.15445, galf_TE_A_100_143:0.1848753, galf_TE_A_100_217:0.4471269, galf_TE_A_143:0.3259826, galf_TE_A_143_217:0.790906, galf_TE_A_217:2.107688
[3 : mcmc] Initial point: logA:3.035138, ns:0.9625502, theta_MC_100:1.041155, ombh2:0.02234972, omch2:0.1200501, w:-1.199819, wa:-0.8750904, beta_DE:2.935761, tau:0.04748568, A_planck:1.002444, calib_100T:0.9985145, calib_217T:0.9980015, A_cib_217:46.15794, xi_sz_cib:0.9318433, A_sz:5.297146, ksz_norm:3.459973, gal545_A_100:7.905893, gal545_A_143:9.881343, gal545_A_143_217:17.39842, gal545_A_217:90.46277, ps_A_100_100:260.1448, ps_A_143_143:56.90554, ps_A_143_217:56.35187, ps_A_217_217:120.9261, galf_TE_A_100:0.05884725, galf_TE_A_100_143:0.146058, galf_TE_A_100_217:0.5236702, galf_TE_A_143:0.2756773, galf_TE_A_143_217:0.7117678, galf_TE_A_217:2.388015
[2 : mcmc] Initial point: logA:3.037849, ns:0.9633214, theta_MC_100:1.041175, ombh2:0.02248122, omch2:0.118993, w:-1.135604, wa:-1.228828, beta_DE:2.11139, tau:0.05236421, A_planck:1.000606, calib_100T:1.000306, calib_217T:0.9985061, A_cib_217:51.73536, xi_sz_cib:0.3937761, A_sz:3.931241, ksz_norm:6.450107, gal545_A_100:8.763561, gal545_A_143:9.276607, gal545_A_143_217:14.13927, gal545_A_217:84.70202, ps_A_100_100:270.6076, ps_A_143_143:49.00003, ps_A_143_217:38.55374, ps_A_217_217:109.9574, galf_TE_A_100:0.03342348, galf_TE_A_100_143:0.1186718, galf_TE_A_100_217:0.574305, galf_TE_A_143:0.2356191, galf_TE_A_143_217:0.6850748, galf_TE_A_217:2.159511
[1 : mcmc] Initial point: logA:3.034039, ns:0.9685043, theta_MC_100:1.040873, ombh2:0.02248504, omch2:0.1188155, w:-2.118139, wa:1.422263, beta_DE:2.000406, tau:0.05291657, A_planck:0.9984859, calib_100T:1.000476, calib_217T:0.9981419, A_cib_217:47.2692, xi_sz_cib:0.6682924, A_sz:7.899769, ksz_norm:2.971139, gal545_A_100:13.09904, gal545_A_143:10.68043, gal545_A_143_217:18.01104, gal545_A_217:89.59085, ps_A_100_100:227.1059, ps_A_143_143:40.70047, ps_A_143_217:47.60096, ps_A_217_217:117.5819, galf_TE_A_100:0.1441151, galf_TE_A_100_143:0.1014681, galf_TE_A_100_217:0.6166553, galf_TE_A_143:0.1216049, galf_TE_A_143_217:0.5467447, galf_TE_A_217:2.593158
[0 : mcmc] *WARNING* Parameter blocking manually/previously fixed: speeds will not be measured.
[0 : mcmc] Dragging with number of interpolating steps:
[0 : mcmc] * 1 : (['theta_MC_100', 'ombh2', 'omch2', 'w', 'wa', 'beta_DE', 'tau'], ['logA', 'ns'])
[0 : mcmc] * 9 : (['A_planck'], ['calib_100T', 'calib_217T', 'A_cib_217', 'xi_sz_cib', 'A_sz', 'ksz_norm', 'gal545_A_100', 'gal545_A_143', 'gal545_A_143_217', 'gal545_A_217', 'ps_A_100_100', 'ps_A_143_143', 'ps_A_143_217', 'ps_A_217_217', 'galf_TE_A_100', 'galf_TE_A_100_143', 'galf_TE_A_100_217', 'galf_TE_A_143', 'galf_TE_A_143_217', 'galf_TE_A_217'])
[0 : mcmc] Covariance matrix from previous sample.
[0 : mcmc] Sampling!
[3 : mcmc] Progress @ 2024-12-12 17:30:34 : 1 steps taken, and 2629 accepted.
[1 : mcmc] Progress @ 2024-12-12 17:30:34 : 1 steps taken, and 2661 accepted.
[0 : mcmc] Progress @ 2024-12-12 17:30:35 : 1 steps taken, and 3571 accepted.
[2 : mcmc] Progress @ 2024-12-12 17:30:35 : 1 steps taken, and 3666 accepted.
[1 : mcmc] Progress @ 2024-12-12 17:31:34 : 60 steps taken, and 2674 accepted.
[3 : mcmc] Progress @ 2024-12-12 17:31:35 : 43 steps taken, and 2646 accepted.
[0 : mcmc] Progress @ 2024-12-12 17:31:36 : 20 steps taken, and 3576 accepted.
[2 : mcmc] Progress @ 2024-12-12 17:31:37 : 56 steps taken, and 3687 accepted.
[3 : mcmc] Progress @ 2024-12-12 17:32:35 : 85 steps taken, and 2658 accepted.
[1 : mcmc] Progress @ 2024-12-12 17:32:37 : 118 steps taken, and 2690 accepted.
[0 : mcmc] Progress @ 2024-12-12 17:32:37 : 50 steps taken, and 3583 accepted.
[2 : mcmc] Progress @ 2024-12-12 17:32:38 : 102 steps taken, and 3701 accepted.
[3 : mcmc] Progress @ 2024-12-12 17:33:37 : 134 steps taken, and 2669 accepted.
[0 : mcmc] Progress @ 2024-12-12 17:33:39 : 106 steps taken, and 3594 accepted.
[1 : mcmc] Progress @ 2024-12-12 17:33:39 : 168 steps taken, and 2702 accepted.
[2 : mcmc] Progress @ 2024-12-12 17:33:41 : 158 steps taken, and 3715 accepted.
[0 : mcmc] Learn + convergence test @ 3600 samples accepted.
[0 : mcmc] Ready to check convergence and learn a new proposal covmat (waiting for the rest...)
[0 : mcmc] Progress @ 2024-12-12 17:34:39 : 138 steps taken, and 3610 accepted.
[3 : mcmc] Progress @ 2024-12-12 17:34:40 : 184 steps taken, and 2687 accepted.
[1 : mcmc] Progress @ 2024-12-12 17:34:40 : 213 steps taken, and 2715 accepted.
[2 : mcmc] Progress @ 2024-12-12 17:34:41 : 217 steps taken, and 3727 accepted.
[3 : mcmc] Progress @ 2024-12-12 17:35:40 : 219 steps taken, and 2707 accepted.
[0 : mcmc] Progress @ 2024-12-12 17:35:41 : 171 steps taken, and 3621 accepted.
[1 : mcmc] Progress @ 2024-12-12 17:35:41 : 255 steps taken, and 2727 accepted.
[2 : mcmc] Progress @ 2024-12-12 17:35:44 : 276 steps taken, and 3737 accepted.
[3 : mcmc] Progress @ 2024-12-12 17:36:40 : 270 steps taken, and 2715 accepted.
[1 : mcmc] Progress @ 2024-12-12 17:36:42 : 291 steps taken, and 2739 accepted.
[0 : mcmc] Progress @ 2024-12-12 17:36:42 : 208 steps taken, and 3634 accepted.
[2 : mcmc] Progress @ 2024-12-12 17:36:46 : 308 steps taken, and 3747 accepted.
[3 : mcmc] Progress @ 2024-12-12 17:37:41 : 306 steps taken, and 2725 accepted.
[1 : mcmc] Progress @ 2024-12-12 17:37:42 : 316 steps taken, and 2748 accepted.
[2 : mcmc] Progress @ 2024-12-12 17:37:47 : 357 steps taken, and 3764 accepted.
[0 : mcmc] Progress @ 2024-12-12 17:37:55 : 282 steps taken, and 3653 accepted.
[node115:34224:0:34344] Caught signal 11 (Segmentation fault: address not mapped to object at address 0xfffffffc05bc3298)
BFD: DWARF error: can't find .debug_ranges section.
BFD: DWARF error: can't find .debug_ranges section.
==== backtrace (tid:  34344) ====
 0 0x0000000000021563 ucs_debug_print_backtrace()  /dev/shm/UCX/1.8.0/GCCcore-9.3.0/ucx-1.8.0/src/ucs/debug/debug.c:653
 1 0x0000000000039f63 __massivenu_MOD_thermalnubackground_rho()  ???:0
 2 0x000000000003da49 __results_MOD_grho_no_de()  ???:0
 3 0x00000000000a5ef1 dtauda_()  ???:0
 4 0x000000000004cfcc __results_MOD_thermo_init._omp_fn.0()  results.f90:0
 5 0x0000000000018f09 gomp_thread_start()  team.c:0
 6 0x0000000000007ea5 start_thread()  pthread_create.c:0
 7 0x00000000000feb0d __clone()  ???:0
=================================
[node115:34224] *** Process received signal ***
[node115:34224] Signal: Segmentation fault (11)
[node115:34224] Signal code:  (-6)
[node115:34224] Failing at address: 0x8cfb8000085b0
[node115:34224] [ 0] /lib64/libpthread.so.0(+0xf630)[0x7f0a40279630]
[node115:34224] [ 1] /users/smp24dhl/cosmo/code/CAMB_beta/camb/camblib.so(__massivenu_MOD_thermalnubackground_rho+0x63)[0x7f09e3348f63]
[node115:34224] [ 2] /users/smp24dhl/cosmo/code/CAMB_beta/camb/camblib.so(__results_MOD_grho_no_de+0xc9)[0x7f09e334ca49]
[node115:34224] [ 3] /users/smp24dhl/cosmo/code/CAMB_beta/camb/camblib.so(dtauda_+0x61)[0x7f09e33b4ef1]
[node115:34224] [ 4] /users/smp24dhl/cosmo/code/CAMB_beta/camb/camblib.so(+0x4cfcc)[0x7f09e335bfcc]
[node115:34224] [ 5] /users/smp24dhl/.conda/envs/cosmos/bin/../lib/libgomp.so.1(+0x18f09)[0x7f09e32e8f09]
[node115:34224] [ 6] /lib64/libpthread.so.0(+0x7ea5)[0x7f0a40271ea5]
[node115:34224] [ 7] /lib64/libc.so.6(clone+0x6d)[0x7f0a3f891b0d]
[node115:34224] *** End of error message ***
--------------------------------------------------------------------------
Primary job  terminated normally, but 1 process returned
a non-zero exit code. Per user-direction, the job has been aborted.
--------------------------------------------------------------------------
--------------------------------------------------------------------------
mpirun noticed that process rank 0 with PID 34224 on node node115 exited on signal 11 (Segmentation fault).
--------------------------------------------------------------------------
