[0 : output] Output to be read-from/written-into folder 'chains', with prefix 'act-full'
[0 : output] Found existing info files with the requested output prefix: 'chains/act-full'
[0 : output] Let's try to resume/load.
[0 : output] Found an old sample. Resuming.
[0 : camb] `camb` module loaded successfully from /users/smp24dhl/cosmo/code/CAMB_beta/camb
Loading ACT DR6 lensing likelihood v1.2...
Loading ACT DR6 lensing likelihood v1.2...
Loading ACT DR6 lensing likelihood v1.2...
Loading ACT DR6 lensing likelihood v1.2...
/users/smp24dhl/cosmo/code/act_dr6_lenslike/act_dr6_lenslike/act_dr6_lenslike.py:416: UserWarning: Hartlap correction to cinv: 0.949874686716792
  warnings.warn(f"Hartlap correction to cinv: {hartlap_correction}")
[0 : bao.desi_2024_bao_all] Initialized.
/users/smp24dhl/cosmo/code/act_dr6_lenslike/act_dr6_lenslike/act_dr6_lenslike.py:416: UserWarning: Hartlap correction to cinv: 0.949874686716792
  warnings.warn(f"Hartlap correction to cinv: {hartlap_correction}")
[2 : bao.desi_2024_bao_all] Initialized.
[0 : mcmc] Resuming from previous sample!
/users/smp24dhl/cosmo/code/act_dr6_lenslike/act_dr6_lenslike/act_dr6_lenslike.py:416: UserWarning: Hartlap correction to cinv: 0.949874686716792
  warnings.warn(f"Hartlap correction to cinv: {hartlap_correction}")
[3 : bao.desi_2024_bao_all] Initialized.
/users/smp24dhl/cosmo/code/act_dr6_lenslike/act_dr6_lenslike/act_dr6_lenslike.py:416: UserWarning: Hartlap correction to cinv: 0.949874686716792
  warnings.warn(f"Hartlap correction to cinv: {hartlap_correction}")
[1 : bao.desi_2024_bao_all] Initialized.
[1 : samplecollection] Loaded 2394 sample points from 'chains/act-full.2.txt'
[3 : samplecollection] Loaded 2436 sample points from 'chains/act-full.4.txt'
[2 : samplecollection] Loaded 3277 sample points from 'chains/act-full.3.txt'
[0 : samplecollection] Loaded 3125 sample points from 'chains/act-full.1.txt'
[2 : mcmc] Initial point: logA:3.151848, ns:1.041964, theta_MC_100:1.019427, ombh2:0.02089435, omch2:0.09105693, w:-0.9921431, wa:0.8420751, beta_DE:2.549374, tau:0.07658244
[0 : mcmc] Initial point: logA:3.036791, ns:1.006993, theta_MC_100:1.041227, ombh2:0.0202845, omch2:0.1176661, w:-0.7606921, wa:-1.087838, beta_DE:1.427752, tau:0.05508502
[1 : mcmc] Initial point: logA:3.062563, ns:0.9822942, theta_MC_100:1.025306, ombh2:0.01947674, omch2:0.1027344, w:-0.7984373, wa:-0.5941013, beta_DE:1.177636, tau:0.05276187
[3 : mcmc] Initial point: logA:3.044537, ns:1.002959, theta_MC_100:1.03534, ombh2:0.02062772, omch2:0.1135243, w:-0.8230878, wa:-0.8105995, beta_DE:1.022699, tau:0.05818792
[0 : mcmc] *WARNING* Parameter blocking manually/previously fixed: speeds will not be measured.
[0 : mcmc] *WARNING* Dragging disabled: speed ratios < 2.
[0 : mcmc] Covariance matrix from previous sample.
[0 : mcmc] Sampling!
[2 : mcmc] Progress @ 2024-12-28 23:20:17 : 1 steps taken, and 3277 accepted.
[0 : mcmc] Progress @ 2024-12-28 23:20:17 : 1 steps taken, and 3125 accepted.
[1 : mcmc] Progress @ 2024-12-28 23:20:19 : 1 steps taken, and 2394 accepted.
[3 : mcmc] Progress @ 2024-12-28 23:20:21 : 1 steps taken, and 2436 accepted.
[0 : mcmc] Progress @ 2024-12-28 23:21:17 : 34 steps taken, and 3143 accepted.
[2 : mcmc] Progress @ 2024-12-28 23:21:18 : 41 steps taken, and 3280 accepted.
[1 : mcmc] Progress @ 2024-12-28 23:21:20 : 14 steps taken, and 2394 accepted.
[3 : mcmc] Progress @ 2024-12-28 23:21:23 : 14 steps taken, and 2438 accepted.
[0 : mcmc] Progress @ 2024-12-28 23:22:18 : 64 steps taken, and 3152 accepted.
[2 : mcmc] Progress @ 2024-12-28 23:22:19 : 84 steps taken, and 3284 accepted.
[1 : mcmc] Progress @ 2024-12-28 23:22:25 : 30 steps taken, and 2398 accepted.
[3 : mcmc] Progress @ 2024-12-28 23:22:28 : 27 steps taken, and 2440 accepted.
[0 : mcmc] Progress @ 2024-12-28 23:23:20 : 99 steps taken, and 3158 accepted.
[2 : mcmc] Progress @ 2024-12-28 23:23:21 : 123 steps taken, and 3290 accepted.
[1 : mcmc] Progress @ 2024-12-28 23:23:29 : 42 steps taken, and 2398 accepted.
[3 : mcmc] Progress @ 2024-12-28 23:23:32 : 40 steps taken, and 2441 accepted.
[2 : mcmc] Progress @ 2024-12-28 23:24:21 : 164 steps taken, and 3295 accepted.
[0 : mcmc] Progress @ 2024-12-28 23:24:22 : 134 steps taken, and 3167 accepted.
[1 : mcmc] Progress @ 2024-12-28 23:24:30 : 58 steps taken, and 2402 accepted.
[3 : mcmc] Progress @ 2024-12-28 23:24:33 : 52 steps taken, and 2444 accepted.
[2 : mcmc] Progress @ 2024-12-28 23:25:22 : 206 steps taken, and 3304 accepted.
[0 : mcmc] Progress @ 2024-12-28 23:25:23 : 167 steps taken, and 3173 accepted.
[1 : mcmc] Progress @ 2024-12-28 23:25:31 : 75 steps taken, and 2403 accepted.
[3 : mcmc] Progress @ 2024-12-28 23:25:34 : 71 steps taken, and 2445 accepted.
 Warning: Integrate_Romberg failed to converge; 
 integral, error, tol:   13228.824732295359       -1.0699367503086421E-007   1.0000000000000001E-007
[2 : mcmc] Progress @ 2024-12-28 23:26:23 : 250 steps taken, and 3308 accepted.
[0 : mcmc] Progress @ 2024-12-28 23:26:24 : 196 steps taken, and 3178 accepted.
[1 : mcmc] Progress @ 2024-12-28 23:26:33 : 84 steps taken, and 2404 accepted.
[3 : mcmc] Progress @ 2024-12-28 23:26:35 : 91 steps taken, and 2449 accepted.
[2 : mcmc] Progress @ 2024-12-28 23:27:24 : 282 steps taken, and 3315 accepted.
[0 : mcmc] Progress @ 2024-12-28 23:27:26 : 231 steps taken, and 3183 accepted.
[1 : mcmc] Progress @ 2024-12-28 23:27:35 : 98 steps taken, and 2406 accepted.
[3 : mcmc] Progress @ 2024-12-28 23:27:38 : 106 steps taken, and 2450 accepted.
[2 : mcmc] Progress @ 2024-12-28 23:28:26 : 314 steps taken, and 3321 accepted.
[0 : mcmc] Progress @ 2024-12-28 23:28:27 : 265 steps taken, and 3187 accepted.
[1 : mcmc] Progress @ 2024-12-28 23:28:37 : 112 steps taken, and 2408 accepted.
[3 : mcmc] Progress @ 2024-12-28 23:28:40 : 119 steps taken, and 2452 accepted.
[2 : mcmc] Progress @ 2024-12-28 23:29:27 : 355 steps taken, and 3329 accepted.
[0 : mcmc] Progress @ 2024-12-28 23:29:28 : 303 steps taken, and 3201 accepted.
[1 : mcmc] Progress @ 2024-12-28 23:29:39 : 133 steps taken, and 2413 accepted.
 Warning: Integrate_Romberg failed to converge; 
 integral, error, tol:   13170.773807355588       -1.5443441858664642E-007   1.0000000000000001E-007
[3 : mcmc] Progress @ 2024-12-28 23:29:42 : 136 steps taken, and 2456 accepted.
 Warning: Integrate_Romberg failed to converge; 
 integral, error, tol:   14293.763081263178       -1.0410681783312725E-007   1.0000000000000001E-007
[0 : mcmc] Progress @ 2024-12-28 23:30:29 : 335 steps taken, and 3207 accepted.
[1 : mcmc] Progress @ 2024-12-28 23:30:42 : 150 steps taken, and 2414 accepted.
[2 : mcmc] Progress @ 2024-12-28 23:30:45 : 366 steps taken, and 3330 accepted.
[3 : mcmc] Progress @ 2024-12-28 23:30:46 : 151 steps taken, and 2458 accepted.
[0 : mcmc] Progress @ 2024-12-28 23:31:31 : 376 steps taken, and 3218 accepted.
[1 : mcmc] Progress @ 2024-12-28 23:31:45 : 169 steps taken, and 2416 accepted.
[2 : mcmc] Progress @ 2024-12-28 23:31:47 : 406 steps taken, and 3337 accepted.
[3 : mcmc] Progress @ 2024-12-28 23:31:48 : 169 steps taken, and 2463 accepted.
[node090:20687:0:20792] Caught signal 11 (Segmentation fault: address not mapped to object at address 0xfffffffc0438c4b8)
BFD: DWARF error: can't find .debug_ranges section.
BFD: DWARF error: can't find .debug_ranges section.
==== backtrace (tid:  20792) ====
 0 0x0000000000021563 ucs_debug_print_backtrace()  /dev/shm/UCX/1.8.0/GCCcore-9.3.0/ucx-1.8.0/src/ucs/debug/debug.c:653
 1 0x0000000000039f63 __massivenu_MOD_thermalnubackground_rho()  ???:0
 2 0x000000000003da49 __results_MOD_grho_no_de()  ???:0
 3 0x00000000000a5f01 dtauda_()  ???:0
 4 0x000000000004cfdc __results_MOD_thermo_init._omp_fn.0()  results.f90:0
 5 0x0000000000018f09 gomp_thread_start()  team.c:0
 6 0x0000000000007ea5 start_thread()  pthread_create.c:0
 7 0x00000000000feb0d __clone()  ???:0
=================================
[node090:20687] *** Process received signal ***
[node090:20687] Signal: Segmentation fault (11)
[node090:20687] Signal code:  (-6)
[node090:20687] Failing at address: 0x8cfb8000050cf
[node090:20687] [ 0] /lib64/libpthread.so.0(+0xf630)[0x7fadc43b9630]
[node090:20687] [ 1] /users/smp24dhl/cosmo/code/CAMB_beta/camb/camblib.so(__massivenu_MOD_thermalnubackground_rho+0x63)[0x7fad67507f63]
[node090:20687] [ 2] /users/smp24dhl/cosmo/code/CAMB_beta/camb/camblib.so(__results_MOD_grho_no_de+0xc9)[0x7fad6750ba49]
[node090:20687] [ 3] /users/smp24dhl/cosmo/code/CAMB_beta/camb/camblib.so(dtauda_+0x61)[0x7fad67573f01]
[node090:20687] [ 4] /users/smp24dhl/cosmo/code/CAMB_beta/camb/camblib.so(+0x4cfdc)[0x7fad6751afdc]
[node090:20687] [ 5] /users/smp24dhl/.conda/envs/cosmos/bin/../lib/libgomp.so.1(+0x18f09)[0x7fad674a7f09]
[node090:20687] [ 6] /lib64/libpthread.so.0(+0x7ea5)[0x7fadc43b1ea5]
[node090:20687] [ 7] /lib64/libc.so.6(clone+0x6d)[0x7fadc39d1b0d]
[node090:20687] *** End of error message ***
--------------------------------------------------------------------------
Primary job  terminated normally, but 1 process returned
a non-zero exit code. Per user-direction, the job has been aborted.
--------------------------------------------------------------------------
--------------------------------------------------------------------------
mpirun noticed that process rank 0 with PID 20687 on node node090 exited on signal 11 (Segmentation fault).
--------------------------------------------------------------------------
