[0 : output] Output to be read-from/written-into folder 'chains', with prefix 'act-full'
[0 : output] Found existing info files with the requested output prefix: 'chains/act-full'
[0 : output] Let's try to resume/load.
[0 : output] Found an old sample. Resuming.
[0 : camb] `camb` module loaded successfully from /users/smp24dhl/cosmo/code/CAMB_beta/camb
Loading ACT DR6 lensing likelihood v1.2...
Loading ACT DR6 lensing likelihood v1.2...
Loading ACT DR6 lensing likelihood v1.2...
Loading ACT DR6 lensing likelihood v1.2...
/users/smp24dhl/cosmo/code/act_dr6_lenslike/act_dr6_lenslike/act_dr6_lenslike.py:416: UserWarning: Hartlap correction to cinv: 0.949874686716792
  warnings.warn(f"Hartlap correction to cinv: {hartlap_correction}")
/users/smp24dhl/cosmo/code/act_dr6_lenslike/act_dr6_lenslike/act_dr6_lenslike.py:416: UserWarning: Hartlap correction to cinv: 0.949874686716792
  warnings.warn(f"Hartlap correction to cinv: {hartlap_correction}")
[3 : bao.desi_2024_bao_all] Initialized.
[1 : bao.desi_2024_bao_all] Initialized.
/users/smp24dhl/cosmo/code/act_dr6_lenslike/act_dr6_lenslike/act_dr6_lenslike.py:416: UserWarning: Hartlap correction to cinv: 0.949874686716792
  warnings.warn(f"Hartlap correction to cinv: {hartlap_correction}")
[2 : bao.desi_2024_bao_all] Initialized.
/users/smp24dhl/cosmo/code/act_dr6_lenslike/act_dr6_lenslike/act_dr6_lenslike.py:416: UserWarning: Hartlap correction to cinv: 0.949874686716792
  warnings.warn(f"Hartlap correction to cinv: {hartlap_correction}")
[0 : bao.desi_2024_bao_all] Initialized.
[0 : mcmc] Resuming from previous sample!
[3 : samplecollection] Loaded 1878 sample points from 'chains/act-full.4.txt'
[1 : samplecollection] Loaded 1905 sample points from 'chains/act-full.2.txt'
[2 : samplecollection] Loaded 2794 sample points from 'chains/act-full.3.txt'
[0 : samplecollection] Loaded 2642 sample points from 'chains/act-full.1.txt'
[3 : mcmc] Initial point: logA:3.05902, ns:0.9709914, theta_MC_100:1.048431, ombh2:0.02495032, omch2:0.1254421, w:-0.8932163, wa:-0.2538024, beta_DE:-0.5550059, tau:0.05448358
[1 : mcmc] Initial point: logA:3.086229, ns:0.9973677, theta_MC_100:1.046819, ombh2:0.03024966, omch2:0.1258529, w:-0.9047387, wa:-0.1116468, beta_DE:-0.3761779, tau:0.07035437
[2 : mcmc] Initial point: logA:3.070151, ns:1.014873, theta_MC_100:1.029608, ombh2:0.02193879, omch2:0.1038553, w:-1.048624, wa:0.6607888, beta_DE:2.927904, tau:0.06170054
[0 : mcmc] Initial point: logA:3.100699, ns:0.9988853, theta_MC_100:1.048933, ombh2:0.03597611, omch2:0.1356969, w:-0.8003786, wa:-0.8085613, beta_DE:1.99241, tau:0.06736784
[0 : mcmc] *WARNING* Parameter blocking manually/previously fixed: speeds will not be measured.
[0 : mcmc] *WARNING* Dragging disabled: speed ratios < 2.
[0 : mcmc] Covariance matrix from previous sample.
[0 : mcmc] Sampling!
[3 : mcmc] Progress @ 2024-12-28 19:08:24 : 1 steps taken, and 1878 accepted.
[1 : mcmc] Progress @ 2024-12-28 19:08:27 : 1 steps taken, and 1905 accepted.
[0 : mcmc] Progress @ 2024-12-28 19:08:27 : 1 steps taken, and 2642 accepted.
[2 : mcmc] Progress @ 2024-12-28 19:08:27 : 1 steps taken, and 2794 accepted.
[3 : mcmc] Progress @ 2024-12-28 19:09:25 : 41 steps taken, and 1887 accepted.
[1 : mcmc] Progress @ 2024-12-28 19:09:27 : 47 steps taken, and 1916 accepted.
[2 : mcmc] Progress @ 2024-12-28 19:09:27 : 44 steps taken, and 2803 accepted.
[0 : mcmc] Progress @ 2024-12-28 19:09:27 : 34 steps taken, and 2649 accepted.
[node011:28221:0:28331] Caught signal 11 (Segmentation fault: address not mapped to object at address 0xfffffffc03b06398)
BFD: DWARF error: can't find .debug_ranges section.
BFD: DWARF error: can't find .debug_ranges section.
==== backtrace (tid:  28331) ====
 0 0x0000000000021563 ucs_debug_print_backtrace()  /dev/shm/UCX/1.8.0/GCCcore-9.3.0/ucx-1.8.0/src/ucs/debug/debug.c:653
 1 0x0000000000039f63 __massivenu_MOD_thermalnubackground_rho()  ???:0
 2 0x000000000003da49 __results_MOD_grho_no_de()  ???:0
 3 0x00000000000a5f01 dtauda_()  ???:0
 4 0x000000000004cfdc __results_MOD_thermo_init._omp_fn.0()  results.f90:0
 5 0x0000000000018f09 gomp_thread_start()  team.c:0
 6 0x0000000000007ea5 start_thread()  pthread_create.c:0
 7 0x00000000000feb0d __clone()  ???:0
=================================
[node011:28221] *** Process received signal ***
[node011:28221] Signal: Segmentation fault (11)
[node011:28221] Signal code:  (-6)
[node011:28221] Failing at address: 0x8cfb800006e3d
[node011:28221] [ 0] /lib64/libpthread.so.0(+0xf630)[0x7f2db6090630]
[node011:28221] [ 1] /users/smp24dhl/cosmo/code/CAMB_beta/camb/camblib.so(__massivenu_MOD_thermalnubackground_rho+0x63)[0x7f2d5961ff63]
[node011:28221] [ 2] /users/smp24dhl/cosmo/code/CAMB_beta/camb/camblib.so(__results_MOD_grho_no_de+0xc9)[0x7f2d59623a49]
[node011:28221] [ 3] /users/smp24dhl/cosmo/code/CAMB_beta/camb/camblib.so(dtauda_+0x61)[0x7f2d5968bf01]
[node011:28221] [ 4] /users/smp24dhl/cosmo/code/CAMB_beta/camb/camblib.so(+0x4cfdc)[0x7f2d59632fdc]
[node011:28221] [ 5] /users/smp24dhl/.conda/envs/cosmos/bin/../lib/libgomp.so.1(+0x18f09)[0x7f2d595bff09]
[node011:28221] [ 6] /lib64/libpthread.so.0(+0x7ea5)[0x7f2db6088ea5]
[node011:28221] [ 7] /lib64/libc.so.6(clone+0x6d)[0x7f2db56a8b0d]
[node011:28221] *** End of error message ***
--------------------------------------------------------------------------
Primary job  terminated normally, but 1 process returned
a non-zero exit code. Per user-direction, the job has been aborted.
--------------------------------------------------------------------------
--------------------------------------------------------------------------
mpirun noticed that process rank 3 with PID 28221 on node node011 exited on signal 11 (Segmentation fault).
--------------------------------------------------------------------------
