[0 : output] Output to be read-from/written-into folder 'chains', with prefix 'PlanckLensingSDSSPantheon'
[0 : prior] *WARNING* External prior 'SZ' loaded. Mind that it might not be normalized!

libgomp: Invalid value for environment variable OMP_NUM_THREADS: 

libgomp: 
libgomp: Invalid value for environment variable OMP_NUM_THREADS: 

libgomp: Invalid value for environment variable OMP_NUM_THREADS: 
Invalid value for environment variable OMP_NUM_THREADS: 
[0 : camb] `camb` module loaded successfully from /users/smp24dhl/cosmo/code/CAMB_beta/camb
[0 : planck_2018_highl_plik.ttteee] `clik` module loaded successfully from /users/smp24dhl/cosmo/code/planck/clik/lib/python3.9/site-packages/clik
----
clik version clik_16.0b1-2-g63c889f3aa9c MAKEFILE
  smica
----
clik version clik_16.0b1-2-g63c889f3aa9c MAKEFILE
  smica
----
clik version clik_16.0b1-2-g63c889f3aa9c MAKEFILE
  smica
----
clik version clik_16.0b1-2-g63c889f3aa9c MAKEFILE
  smica
Checking likelihood '/users/smp24dhl/cosmo/data/planck_2018/baseline/plc_3.0/hi_l/plik/plik_rd12_HM_v22b_TTTEEE.clik' on test data. got -1172.47 expected -1172.47 (diff -4.34057e-07)
----
Loading ACT DR6 lensing likelihood v1.2...
Checking likelihood '/users/smp24dhl/cosmo/data/planck_2018/baseline/plc_3.0/hi_l/plik/plik_rd12_HM_v22b_TTTEEE.clik' on test data. got -1172.47 expected -1172.47 (diff -4.34057e-07)
----
Loading ACT DR6 lensing likelihood v1.2...
Checking likelihood '/users/smp24dhl/cosmo/data/planck_2018/baseline/plc_3.0/hi_l/plik/plik_rd12_HM_v22b_TTTEEE.clik' on test data. got -1172.47 expected -1172.47 (diff -4.34056e-07)
----
Loading ACT DR6 lensing likelihood v1.2...
Checking likelihood '/users/smp24dhl/cosmo/data/planck_2018/baseline/plc_3.0/hi_l/plik/plik_rd12_HM_v22b_TTTEEE.clik' on test data. got -1172.47 expected -1172.47 (diff -4.34057e-07)
----
Loading ACT DR6 lensing likelihood v1.2...
/users/smp24dhl/cosmo/code/act_dr6_lenslike/act_dr6_lenslike/act_dr6_lenslike.py:416: UserWarning: Hartlap correction to cinv: 0.949874686716792
  warnings.warn(f"Hartlap correction to cinv: {hartlap_correction}")
/users/smp24dhl/cosmo/code/act_dr6_lenslike/act_dr6_lenslike/act_dr6_lenslike.py:416: UserWarning: Hartlap correction to cinv: 0.949874686716792
  warnings.warn(f"Hartlap correction to cinv: {hartlap_correction}")
/users/smp24dhl/cosmo/code/act_dr6_lenslike/act_dr6_lenslike/act_dr6_lenslike.py:416: UserWarning: Hartlap correction to cinv: 0.949874686716792
  warnings.warn(f"Hartlap correction to cinv: {hartlap_correction}")
/users/smp24dhl/cosmo/code/act_dr6_lenslike/act_dr6_lenslike/act_dr6_lenslike.py:416: UserWarning: Hartlap correction to cinv: 0.949874686716792
  warnings.warn(f"Hartlap correction to cinv: {hartlap_correction}")
[0 : bao.sdss_dr16_baoplus_lrg] Initialized.
[2 : bao.sdss_dr16_baoplus_lrg] Initialized.
[3 : bao.sdss_dr16_baoplus_lrg] Initialized.
[1 : bao.sdss_dr16_baoplus_lrg] Initialized.
[1 : bao.sdss_dr16_baoplus_qso] Initialized.
[3 : bao.sdss_dr16_baoplus_qso] Initialized.
[0 : bao.sdss_dr16_baoplus_qso] Initialized.
[2 : bao.sdss_dr16_baoplus_qso] Initialized.
[0 : mcmc] Getting initial point... (this may take a few seconds)
[1 : mcmc] Getting initial point... (this may take a few seconds)
[3 : mcmc] Getting initial point... (this may take a few seconds)
[2 : mcmc] Getting initial point... (this may take a few seconds)
[3 : mcmc] Initial point: logA:3.049226, ns:0.9656029, theta_MC_100:1.041566, ombh2:0.02243521, omch2:0.120187, w:-1.008825, wa:-0.008023717, beta_DE:1.00043, tau:0.05534658, A_planck:1.000364, calib_100T:1.000157, calib_217T:0.9975027, A_cib_217:59.93704, xi_sz_cib:0.1606829, A_sz:2.50356, ksz_norm:0.6180741, gal545_A_100:8.106731, gal545_A_143:8.034724, gal545_A_143_217:19.06608, gal545_A_217:61.01484, ps_A_100_100:288.943, ps_A_143_143:64.36288, ps_A_143_217:51.98451, ps_A_217_217:123.0003, galf_TE_A_100:0.1570096, galf_TE_A_100_143:0.07208162, galf_TE_A_100_217:0.3739833, galf_TE_A_143:0.1688111, galf_TE_A_143_217:0.7225259, galf_TE_A_217:2.17122
[0 : mcmc] Initial point: logA:3.049783, ns:0.9691618, theta_MC_100:1.041293, ombh2:0.02234744, omch2:0.1197868, w:-1.002402, wa:-0.02983409, beta_DE:0.9986001, tau:0.055738, A_planck:0.9977672, calib_100T:1.000187, calib_217T:0.9985606, A_cib_217:55.52841, xi_sz_cib:0.04315782, A_sz:7.713647, ksz_norm:0.4278188, gal545_A_100:9.174774, gal545_A_143:9.313413, gal545_A_143_217:21.22962, gal545_A_217:74.35957, ps_A_100_100:220.0324, ps_A_143_143:31.83504, ps_A_143_217:30.56128, ps_A_217_217:133.7998, galf_TE_A_100:0.1961141, galf_TE_A_100_143:0.06452034, galf_TE_A_100_217:0.4831315, galf_TE_A_143:0.1613016, galf_TE_A_143_217:0.8630232, galf_TE_A_217:1.879161
[1 : mcmc] Initial point: logA:3.048718, ns:0.9636114, theta_MC_100:1.040479, ombh2:0.02235934, omch2:0.1216307, w:-1.019131, wa:0.048328, beta_DE:1.001021, tau:0.05460676, A_planck:0.9988192, calib_100T:1.000252, calib_217T:0.9975569, A_cib_217:61.5715, xi_sz_cib:0.1143723, A_sz:7.849755, ksz_norm:1.24845, gal545_A_100:5.028182, gal545_A_143:8.35506, gal545_A_143_217:27.03735, gal545_A_217:71.11486, ps_A_100_100:262.9015, ps_A_143_143:54.64267, ps_A_143_217:42.46083, ps_A_217_217:104.5876, galf_TE_A_100:0.1518307, galf_TE_A_100_143:0.2237107, galf_TE_A_100_217:0.5252488, galf_TE_A_143:0.1737323, galf_TE_A_143_217:0.7599087, galf_TE_A_217:1.833385
[2 : mcmc] Initial point: logA:3.049428, ns:0.9605262, theta_MC_100:1.040952, ombh2:0.0225103, omch2:0.1217994, w:-0.9950506, wa:0.02446763, beta_DE:0.9990399, tau:0.05507542, A_planck:1.002346, calib_100T:0.999287, calib_217T:0.9992004, A_cib_217:63.74918, xi_sz_cib:0.03573617, A_sz:9.58269, ksz_norm:3.462524, gal545_A_100:9.115686, gal545_A_143:9.796863, gal545_A_143_217:17.10275, gal545_A_217:96.19472, ps_A_100_100:230.5255, ps_A_143_143:27.1517, ps_A_143_217:37.15504, ps_A_217_217:127.5007, galf_TE_A_100:0.2545889, galf_TE_A_100_143:0.1812933, galf_TE_A_100_217:0.4636276, galf_TE_A_143:0.1773038, galf_TE_A_143_217:0.8302206, galf_TE_A_217:1.923014
[0 : model] Measuring speeds... (this may take a few seconds)
[0 : model] Setting measured speeds (per sec): {planck_2018_lowl.TT: 1460.0, planck_2018_lowl.EE: 7450.0, planck_2018_highl_plik.TTTEEE: 3.36, act_dr6_lenslike.ACTDR6LensLike: 1.89, bao.sdss_dr16_baoplus_lrg: 1470.0, bao.sdss_dr16_baoplus_elg: 2920.0, bao.sdss_dr16_baoplus_qso: 4930.0, bao.sdss_dr16_baoplus_lyauto: 8570.0, bao.sdss_dr16_baoplus_lyxqso: 9440.0, sn.pantheonplus: 38.2, camb.transfers: 0.096, camb: 0.1}
[0 : mcmc] Dragging with number of interpolating steps:
[0 : mcmc] *  1 : [['theta_MC_100', 'ombh2', 'omch2', 'w', 'wa', 'beta_DE', 'tau'], ['logA', 'ns']]
[0 : mcmc] * 12 : [['A_planck'], ['calib_100T', 'calib_217T', 'A_cib_217', 'xi_sz_cib', 'A_sz', 'ksz_norm', 'gal545_A_100', 'gal545_A_143', 'gal545_A_143_217', 'gal545_A_217', 'ps_A_100_100', 'ps_A_143_143', 'ps_A_143_217', 'ps_A_217_217', 'galf_TE_A_100', 'galf_TE_A_100_143', 'galf_TE_A_100_217', 'galf_TE_A_143', 'galf_TE_A_143_217', 'galf_TE_A_217']]
[0 : mcmc] Covariance matrix loaded for params ['logA', 'ns', 'theta_MC_100', 'ombh2', 'omch2', 'w', 'wa', 'beta_DE', 'tau', 'A_planck', 'calib_100T', 'calib_217T', 'A_cib_217', 'xi_sz_cib', 'A_sz', 'ksz_norm', 'gal545_A_100', 'gal545_A_143', 'gal545_A_143_217', 'gal545_A_217', 'ps_A_100_100', 'ps_A_143_143', 'ps_A_143_217', 'ps_A_217_217', 'galf_TE_A_100', 'galf_TE_A_100_143', 'galf_TE_A_100_217', 'galf_TE_A_143', 'galf_TE_A_143_217', 'galf_TE_A_217']
[0 : mcmc] All parameters' covariance loaded from given covmat.
[0 : mcmc] *WARNING* The initial points are widely dispersed compared to the proposal covariance, it may take a long time to burn in (max dist to start mean: [3.1843161653059204, 7.510465775552652, 13.635117531264987, 9.352010286086697])
[0 : mcmc] Sampling!
[0 : mcmc] Progress @ 2025-02-13 17:37:52 : 1 steps taken, and 0 accepted.
[2 : mcmc] Progress @ 2025-02-13 17:38:27 : 1 steps taken, and 0 accepted.
[3 : mcmc] Progress @ 2025-02-13 17:38:39 : 1 steps taken, and 0 accepted.
[1 : mcmc] Progress @ 2025-02-13 17:38:41 : 1 steps taken, and 0 accepted.
[0 : mcmc] Progress @ 2025-02-13 17:39:06 : 3 steps taken, and 0 accepted.
[2 : mcmc] Progress @ 2025-02-13 17:39:38 : 4 steps taken, and 0 accepted.
[3 : mcmc] Progress @ 2025-02-13 17:39:53 : 5 steps taken, and 1 accepted.
[1 : mcmc] Progress @ 2025-02-13 17:39:53 : 8 steps taken, and 0 accepted.
[0 : mcmc] Progress @ 2025-02-13 17:40:17 : 6 steps taken, and 0 accepted.
[2 : mcmc] Progress @ 2025-02-13 17:40:44 : 9 steps taken, and 1 accepted.
[3 : mcmc] Progress @ 2025-02-13 17:41:05 : 8 steps taken, and 2 accepted.
[1 : mcmc] Progress @ 2025-02-13 17:41:13 : 11 steps taken, and 0 accepted.
[0 : mcmc] Progress @ 2025-02-13 17:41:25 : 9 steps taken, and 0 accepted.
[2 : mcmc] Progress @ 2025-02-13 17:42:06 : 13 steps taken, and 1 accepted.
[3 : mcmc] Progress @ 2025-02-13 17:42:18 : 11 steps taken, and 2 accepted.
[1 : mcmc] Progress @ 2025-02-13 17:42:33 : 14 steps taken, and 0 accepted.
[0 : mcmc] Progress @ 2025-02-13 17:42:46 : 12 steps taken, and 0 accepted.
[2 : mcmc] Progress @ 2025-02-13 17:43:24 : 18 steps taken, and 1 accepted.
[1 : mcmc] Progress @ 2025-02-13 17:43:38 : 17 steps taken, and 1 accepted.
[3 : mcmc] Progress @ 2025-02-13 17:43:42 : 14 steps taken, and 3 accepted.
[0 : mcmc] Progress @ 2025-02-13 17:43:59 : 16 steps taken, and 1 accepted.
[2 : mcmc] Progress @ 2025-02-13 17:44:29 : 21 steps taken, and 2 accepted.
[1 : mcmc] Progress @ 2025-02-13 17:44:51 : 20 steps taken, and 2 accepted.
[3 : mcmc] Progress @ 2025-02-13 17:44:52 : 17 steps taken, and 3 accepted.
[0 : mcmc] Progress @ 2025-02-13 17:45:12 : 19 steps taken, and 1 accepted.
[2 : mcmc] Progress @ 2025-02-13 17:45:45 : 28 steps taken, and 2 accepted.
[3 : mcmc] Progress @ 2025-02-13 17:45:54 : 21 steps taken, and 5 accepted.
[1 : mcmc] Progress @ 2025-02-13 17:46:10 : 25 steps taken, and 3 accepted.
[0 : mcmc] Progress @ 2025-02-13 17:46:36 : 22 steps taken, and 2 accepted.
[2 : mcmc] Progress @ 2025-02-13 17:46:49 : 34 steps taken, and 3 accepted.
[3 : mcmc] Progress @ 2025-02-13 17:47:00 : 27 steps taken, and 5 accepted.
[1 : mcmc] Progress @ 2025-02-13 17:47:30 : 28 steps taken, and 3 accepted.
[0 : mcmc] Progress @ 2025-02-13 17:48:02 : 26 steps taken, and 3 accepted.
[2 : mcmc] Progress @ 2025-02-13 17:48:05 : 39 steps taken, and 3 accepted.
[3 : mcmc] Progress @ 2025-02-13 17:48:12 : 33 steps taken, and 5 accepted.
[1 : mcmc] Progress @ 2025-02-13 17:48:56 : 33 steps taken, and 4 accepted.
[2 : mcmc] Progress @ 2025-02-13 17:49:11 : 42 steps taken, and 3 accepted.
[0 : mcmc] Progress @ 2025-02-13 17:49:22 : 29 steps taken, and 3 accepted.
[3 : mcmc] Progress @ 2025-02-13 17:49:27 : 36 steps taken, and 6 accepted.
[2 : mcmc] Progress @ 2025-02-13 17:50:16 : 46 steps taken, and 3 accepted.
[1 : mcmc] Progress @ 2025-02-13 17:50:20 : 37 steps taken, and 5 accepted.
[3 : mcmc] Progress @ 2025-02-13 17:50:34 : 40 steps taken, and 7 accepted.
[0 : mcmc] Progress @ 2025-02-13 17:50:48 : 32 steps taken, and 3 accepted.
[2 : mcmc] Progress @ 2025-02-13 17:51:23 : 49 steps taken, and 6 accepted.
[1 : mcmc] Progress @ 2025-02-13 17:51:28 : 40 steps taken, and 5 accepted.
[3 : mcmc] Progress @ 2025-02-13 17:51:49 : 46 steps taken, and 9 accepted.
[0 : mcmc] Progress @ 2025-02-13 17:51:51 : 35 steps taken, and 5 accepted.
[2 : mcmc] Progress @ 2025-02-13 17:52:36 : 53 steps taken, and 6 accepted.
[1 : mcmc] Progress @ 2025-02-13 17:52:37 : 43 steps taken, and 5 accepted.
[3 : mcmc] Progress @ 2025-02-13 17:53:02 : 49 steps taken, and 9 accepted.
[0 : mcmc] Progress @ 2025-02-13 17:53:08 : 39 steps taken, and 6 accepted.
[2 : mcmc] Progress @ 2025-02-13 17:53:58 : 59 steps taken, and 6 accepted.
[1 : mcmc] Progress @ 2025-02-13 17:53:59 : 46 steps taken, and 6 accepted.
[0 : mcmc] Progress @ 2025-02-13 17:54:20 : 42 steps taken, and 6 accepted.
[3 : mcmc] Progress @ 2025-02-13 17:54:25 : 54 steps taken, and 10 accepted.
[2 : mcmc] Progress @ 2025-02-13 17:55:01 : 62 steps taken, and 8 accepted.
[1 : mcmc] Progress @ 2025-02-13 17:55:16 : 49 steps taken, and 7 accepted.
[3 : mcmc] Progress @ 2025-02-13 17:55:28 : 57 steps taken, and 11 accepted.
[0 : mcmc] Progress @ 2025-02-13 17:55:41 : 45 steps taken, and 7 accepted.
[2 : mcmc] Progress @ 2025-02-13 17:56:02 : 66 steps taken, and 8 accepted.
[1 : mcmc] Progress @ 2025-02-13 17:56:41 : 53 steps taken, and 8 accepted.
[3 : mcmc] Progress @ 2025-02-13 17:56:42 : 62 steps taken, and 11 accepted.
[0 : mcmc] Progress @ 2025-02-13 17:56:49 : 48 steps taken, and 8 accepted.
[2 : mcmc] Progress @ 2025-02-13 17:57:24 : 70 steps taken, and 9 accepted.
[3 : mcmc] Progress @ 2025-02-13 17:57:45 : 65 steps taken, and 13 accepted.
[1 : mcmc] Progress @ 2025-02-13 17:57:56 : 56 steps taken, and 8 accepted.
[0 : mcmc] Progress @ 2025-02-13 17:58:00 : 51 steps taken, and 8 accepted.
[2 : mcmc] Progress @ 2025-02-13 17:58:47 : 78 steps taken, and 11 accepted.
[3 : mcmc] Progress @ 2025-02-13 17:58:48 : 70 steps taken, and 13 accepted.
[1 : mcmc] Progress @ 2025-02-13 17:59:03 : 60 steps taken, and 8 accepted.
[0 : mcmc] Progress @ 2025-02-13 17:59:27 : 54 steps taken, and 8 accepted.
[2 : mcmc] Progress @ 2025-02-13 17:59:54 : 86 steps taken, and 11 accepted.
[3 : mcmc] Progress @ 2025-02-13 18:00:03 : 73 steps taken, and 13 accepted.
[1 : mcmc] Progress @ 2025-02-13 18:00:05 : 65 steps taken, and 8 accepted.
[0 : mcmc] Progress @ 2025-02-13 18:00:38 : 57 steps taken, and 8 accepted.
[3 : mcmc] Progress @ 2025-02-13 18:01:03 : 77 steps taken, and 14 accepted.
[2 : mcmc] Progress @ 2025-02-13 18:01:09 : 93 steps taken, and 11 accepted.
[1 : mcmc] Progress @ 2025-02-13 18:01:21 : 70 steps taken, and 9 accepted.
[0 : mcmc] Progress @ 2025-02-13 18:01:46 : 60 steps taken, and 9 accepted.
[2 : mcmc] Progress @ 2025-02-13 18:02:12 : 97 steps taken, and 11 accepted.
[3 : mcmc] Progress @ 2025-02-13 18:02:18 : 84 steps taken, and 14 accepted.
[1 : mcmc] Progress @ 2025-02-13 18:02:37 : 77 steps taken, and 10 accepted.
[0 : mcmc] Progress @ 2025-02-13 18:03:09 : 63 steps taken, and 9 accepted.
[2 : mcmc] Progress @ 2025-02-13 18:03:15 : 103 steps taken, and 11 accepted.
[3 : mcmc] Progress @ 2025-02-13 18:03:22 : 87 steps taken, and 14 accepted.
[1 : mcmc] Progress @ 2025-02-13 18:03:47 : 80 steps taken, and 10 accepted.
[0 : mcmc] Progress @ 2025-02-13 18:04:16 : 66 steps taken, and 9 accepted.
[2 : mcmc] Progress @ 2025-02-13 18:04:18 : 107 steps taken, and 13 accepted.
[3 : mcmc] Progress @ 2025-02-13 18:04:46 : 95 steps taken, and 15 accepted.
[1 : mcmc] Progress @ 2025-02-13 18:05:05 : 85 steps taken, and 10 accepted.
[2 : mcmc] Progress @ 2025-02-13 18:05:28 : 111 steps taken, and 13 accepted.
[0 : mcmc] Progress @ 2025-02-13 18:05:28 : 71 steps taken, and 10 accepted.
[3 : mcmc] Progress @ 2025-02-13 18:05:48 : 98 steps taken, and 15 accepted.
[1 : mcmc] Progress @ 2025-02-13 18:06:14 : 90 steps taken, and 10 accepted.
[0 : mcmc] Progress @ 2025-02-13 18:06:37 : 74 steps taken, and 10 accepted.
[2 : mcmc] Progress @ 2025-02-13 18:06:42 : 114 steps taken, and 13 accepted.
[3 : mcmc] Progress @ 2025-02-13 18:06:54 : 103 steps taken, and 16 accepted.
[1 : mcmc] Progress @ 2025-02-13 18:07:19 : 95 steps taken, and 10 accepted.
[2 : mcmc] Progress @ 2025-02-13 18:07:51 : 117 steps taken, and 13 accepted.
[0 : mcmc] Progress @ 2025-02-13 18:07:57 : 78 steps taken, and 10 accepted.
[3 : mcmc] Progress @ 2025-02-13 18:08:09 : 106 steps taken, and 16 accepted.
[1 : mcmc] Progress @ 2025-02-13 18:08:33 : 100 steps taken, and 10 accepted.
[2 : mcmc] Progress @ 2025-02-13 18:09:14 : 121 steps taken, and 15 accepted.
[0 : mcmc] Progress @ 2025-02-13 18:09:21 : 81 steps taken, and 10 accepted.
[3 : mcmc] Progress @ 2025-02-13 18:09:24 : 110 steps taken, and 17 accepted.
[1 : mcmc] Progress @ 2025-02-13 18:09:53 : 106 steps taken, and 10 accepted.
[0 : mcmc] Progress @ 2025-02-13 18:10:31 : 84 steps taken, and 10 accepted.
[2 : mcmc] Progress @ 2025-02-13 18:10:35 : 125 steps taken, and 15 accepted.
[3 : mcmc] Progress @ 2025-02-13 18:10:38 : 116 steps taken, and 17 accepted.
[1 : mcmc] Progress @ 2025-02-13 18:11:13 : 111 steps taken, and 11 accepted.
[0 : mcmc] Progress @ 2025-02-13 18:11:41 : 87 steps taken, and 10 accepted.
[3 : mcmc] Progress @ 2025-02-13 18:11:48 : 121 steps taken, and 18 accepted.
[2 : mcmc] Progress @ 2025-02-13 18:11:52 : 129 steps taken, and 15 accepted.
[1 : mcmc] Progress @ 2025-02-13 18:12:18 : 117 steps taken, and 11 accepted.
[0 : mcmc] Progress @ 2025-02-13 18:12:48 : 90 steps taken, and 10 accepted.
[3 : mcmc] Progress @ 2025-02-13 18:12:57 : 125 steps taken, and 19 accepted.
[2 : mcmc] Progress @ 2025-02-13 18:13:15 : 134 steps taken, and 16 accepted.
[1 : mcmc] Progress @ 2025-02-13 18:13:35 : 120 steps taken, and 11 accepted.
[0 : mcmc] Progress @ 2025-02-13 18:13:59 : 94 steps taken, and 11 accepted.
[3 : mcmc] Progress @ 2025-02-13 18:14:01 : 131 steps taken, and 19 accepted.
[2 : mcmc] Progress @ 2025-02-13 18:14:36 : 137 steps taken, and 16 accepted.
[1 : mcmc] Progress @ 2025-02-13 18:14:45 : 123 steps taken, and 11 accepted.
[3 : mcmc] Progress @ 2025-02-13 18:15:02 : 134 steps taken, and 19 accepted.
[0 : mcmc] Progress @ 2025-02-13 18:15:06 : 98 steps taken, and 11 accepted.
[2 : mcmc] Progress @ 2025-02-13 18:15:46 : 142 steps taken, and 17 accepted.
[1 : mcmc] Progress @ 2025-02-13 18:15:46 : 128 steps taken, and 13 accepted.
[0 : mcmc] Progress @ 2025-02-13 18:16:12 : 102 steps taken, and 11 accepted.
[3 : mcmc] Progress @ 2025-02-13 18:16:20 : 138 steps taken, and 19 accepted.
[1 : mcmc] Progress @ 2025-02-13 18:17:02 : 132 steps taken, and 13 accepted.
[2 : mcmc] Progress @ 2025-02-13 18:17:03 : 148 steps taken, and 17 accepted.
[3 : mcmc] Progress @ 2025-02-13 18:17:26 : 143 steps taken, and 19 accepted.
[0 : mcmc] Progress @ 2025-02-13 18:17:28 : 105 steps taken, and 11 accepted.
[2 : mcmc] Progress @ 2025-02-13 18:18:07 : 151 steps taken, and 18 accepted.
[1 : mcmc] Progress @ 2025-02-13 18:18:17 : 136 steps taken, and 14 accepted.
[0 : mcmc] Progress @ 2025-02-13 18:18:32 : 108 steps taken, and 11 accepted.
[3 : mcmc] Progress @ 2025-02-13 18:18:49 : 147 steps taken, and 20 accepted.
[2 : mcmc] Progress @ 2025-02-13 18:19:16 : 154 steps taken, and 20 accepted.
[1 : mcmc] Progress @ 2025-02-13 18:19:25 : 142 steps taken, and 16 accepted.
[0 : mcmc] Progress @ 2025-02-13 18:19:49 : 111 steps taken, and 11 accepted.
[3 : mcmc] Progress @ 2025-02-13 18:20:06 : 151 steps taken, and 20 accepted.
[2 : mcmc] Progress @ 2025-02-13 18:20:33 : 158 steps taken, and 20 accepted.
[1 : mcmc] Progress @ 2025-02-13 18:20:35 : 145 steps taken, and 17 accepted.
[3 : mcmc] Progress @ 2025-02-13 18:21:06 : 155 steps taken, and 21 accepted.
[0 : mcmc] Progress @ 2025-02-13 18:21:12 : 116 steps taken, and 13 accepted.
[2 : mcmc] Progress @ 2025-02-13 18:21:40 : 161 steps taken, and 21 accepted.
[1 : mcmc] Progress @ 2025-02-13 18:21:44 : 148 steps taken, and 17 accepted.
[3 : mcmc] Progress @ 2025-02-13 18:22:21 : 163 steps taken, and 21 accepted.
[0 : mcmc] Progress @ 2025-02-13 18:22:25 : 121 steps taken, and 13 accepted.
[2 : mcmc] Progress @ 2025-02-13 18:22:48 : 166 steps taken, and 21 accepted.
[1 : mcmc] Progress @ 2025-02-13 18:22:55 : 151 steps taken, and 17 accepted.
[3 : mcmc] Progress @ 2025-02-13 18:23:28 : 169 steps taken, and 21 accepted.
[0 : mcmc] Progress @ 2025-02-13 18:23:30 : 125 steps taken, and 13 accepted.
[2 : mcmc] Progress @ 2025-02-13 18:23:57 : 169 steps taken, and 22 accepted.
[1 : mcmc] Progress @ 2025-02-13 18:24:07 : 155 steps taken, and 17 accepted.
[0 : mcmc] Progress @ 2025-02-13 18:24:42 : 129 steps taken, and 14 accepted.
[3 : mcmc] Progress @ 2025-02-13 18:24:45 : 172 steps taken, and 21 accepted.
[2 : mcmc] Progress @ 2025-02-13 18:25:19 : 172 steps taken, and 22 accepted.
[1 : mcmc] Progress @ 2025-02-13 18:25:22 : 158 steps taken, and 17 accepted.
[3 : mcmc] Progress @ 2025-02-13 18:25:56 : 176 steps taken, and 22 accepted.
[0 : mcmc] Progress @ 2025-02-13 18:25:57 : 132 steps taken, and 14 accepted.
[1 : mcmc] Progress @ 2025-02-13 18:26:34 : 161 steps taken, and 17 accepted.
[2 : mcmc] Progress @ 2025-02-13 18:26:42 : 178 steps taken, and 23 accepted.
[3 : mcmc] Progress @ 2025-02-13 18:27:09 : 179 steps taken, and 23 accepted.
[0 : mcmc] Progress @ 2025-02-13 18:27:19 : 136 steps taken, and 14 accepted.
[1 : mcmc] Progress @ 2025-02-13 18:27:51 : 165 steps taken, and 17 accepted.
[2 : mcmc] Progress @ 2025-02-13 18:27:52 : 184 steps taken, and 23 accepted.
[3 : mcmc] Progress @ 2025-02-13 18:28:27 : 182 steps taken, and 24 accepted.
[0 : mcmc] Progress @ 2025-02-13 18:28:38 : 139 steps taken, and 15 accepted.
[1 : mcmc] Progress @ 2025-02-13 18:29:03 : 168 steps taken, and 18 accepted.
[2 : mcmc] Progress @ 2025-02-13 18:29:07 : 187 steps taken, and 23 accepted.
[3 : mcmc] Progress @ 2025-02-13 18:29:27 : 186 steps taken, and 25 accepted.
[0 : mcmc] Progress @ 2025-02-13 18:29:46 : 142 steps taken, and 15 accepted.
[2 : mcmc] Progress @ 2025-02-13 18:30:12 : 190 steps taken, and 23 accepted.
[1 : mcmc] Progress @ 2025-02-13 18:30:15 : 171 steps taken, and 18 accepted.
[3 : mcmc] Progress @ 2025-02-13 18:30:35 : 191 steps taken, and 26 accepted.
[0 : mcmc] Progress @ 2025-02-13 18:31:09 : 146 steps taken, and 16 accepted.
[2 : mcmc] Progress @ 2025-02-13 18:31:21 : 195 steps taken, and 24 accepted.
[1 : mcmc] Progress @ 2025-02-13 18:31:25 : 174 steps taken, and 19 accepted.
[3 : mcmc] Progress @ 2025-02-13 18:31:45 : 195 steps taken, and 26 accepted.
[2 : mcmc] Progress @ 2025-02-13 18:32:26 : 198 steps taken, and 24 accepted.
[0 : mcmc] Progress @ 2025-02-13 18:32:31 : 150 steps taken, and 17 accepted.
[1 : mcmc] Progress @ 2025-02-13 18:32:39 : 179 steps taken, and 21 accepted.
[3 : mcmc] Progress @ 2025-02-13 18:33:02 : 198 steps taken, and 26 accepted.
[2 : mcmc] Progress @ 2025-02-13 18:33:35 : 201 steps taken, and 25 accepted.
[1 : mcmc] Progress @ 2025-02-13 18:33:53 : 182 steps taken, and 21 accepted.
[0 : mcmc] Progress @ 2025-02-13 18:33:54 : 157 steps taken, and 17 accepted.
[3 : mcmc] Progress @ 2025-02-13 18:34:12 : 201 steps taken, and 26 accepted.
[2 : mcmc] Progress @ 2025-02-13 18:34:46 : 204 steps taken, and 26 accepted.
[0 : mcmc] Progress @ 2025-02-13 18:35:12 : 160 steps taken, and 17 accepted.
[1 : mcmc] Progress @ 2025-02-13 18:35:16 : 185 steps taken, and 21 accepted.
[3 : mcmc] Progress @ 2025-02-13 18:35:28 : 204 steps taken, and 26 accepted.
[2 : mcmc] Progress @ 2025-02-13 18:36:06 : 207 steps taken, and 27 accepted.
[0 : mcmc] Progress @ 2025-02-13 18:36:19 : 165 steps taken, and 18 accepted.
[1 : mcmc] Progress @ 2025-02-13 18:36:29 : 188 steps taken, and 21 accepted.
[3 : mcmc] Progress @ 2025-02-13 18:36:54 : 209 steps taken, and 28 accepted.
[2 : mcmc] Progress @ 2025-02-13 18:37:15 : 210 steps taken, and 27 accepted.
[0 : mcmc] Progress @ 2025-02-13 18:37:25 : 169 steps taken, and 18 accepted.
[1 : mcmc] Progress @ 2025-02-13 18:37:54 : 191 steps taken, and 21 accepted.
[3 : mcmc] Progress @ 2025-02-13 18:38:11 : 212 steps taken, and 28 accepted.
[2 : mcmc] Progress @ 2025-02-13 18:38:23 : 213 steps taken, and 27 accepted.
[0 : mcmc] Progress @ 2025-02-13 18:38:43 : 172 steps taken, and 18 accepted.
[1 : mcmc] Progress @ 2025-02-13 18:39:17 : 194 steps taken, and 21 accepted.
[3 : mcmc] Progress @ 2025-02-13 18:39:20 : 216 steps taken, and 29 accepted.
[2 : mcmc] Progress @ 2025-02-13 18:39:43 : 217 steps taken, and 27 accepted.
[0 : mcmc] Progress @ 2025-02-13 18:39:51 : 176 steps taken, and 18 accepted.
[1 : mcmc] Progress @ 2025-02-13 18:40:21 : 197 steps taken, and 22 accepted.
[3 : mcmc] Progress @ 2025-02-13 18:40:42 : 221 steps taken, and 30 accepted.
[0 : mcmc] Progress @ 2025-02-13 18:40:58 : 180 steps taken, and 19 accepted.
[2 : mcmc] Progress @ 2025-02-13 18:41:02 : 220 steps taken, and 27 accepted.
[1 : mcmc] Progress @ 2025-02-13 18:41:41 : 202 steps taken, and 22 accepted.
[3 : mcmc] Progress @ 2025-02-13 18:41:56 : 225 steps taken, and 31 accepted.
[0 : mcmc] Progress @ 2025-02-13 18:42:04 : 183 steps taken, and 19 accepted.
[2 : mcmc] Progress @ 2025-02-13 18:42:15 : 224 steps taken, and 27 accepted.
[1 : mcmc] Progress @ 2025-02-13 18:42:43 : 205 steps taken, and 23 accepted.
[3 : mcmc] Progress @ 2025-02-13 18:43:09 : 229 steps taken, and 31 accepted.
[0 : mcmc] Progress @ 2025-02-13 18:43:23 : 187 steps taken, and 20 accepted.
 Warning: Integrate_Romberg failed to converge; 
 integral, error, tol:   16705.387269844203        2.7622864973153582E-007   1.0000000000000001E-007
 Warning: Integrate_Romberg failed to converge; 
 integral, error, tol:   12439.365029370965       -2.1494045943093454E-007   1.0000000000000001E-007
[2 : mcmc] Progress @ 2025-02-13 18:43:45 : 229 steps taken, and 29 accepted.
[1 : mcmc] Progress @ 2025-02-13 18:43:52 : 208 steps taken, and 23 accepted.
[3 : mcmc] Progress @ 2025-02-13 18:44:12 : 238 steps taken, and 32 accepted.
[0 : mcmc] Progress @ 2025-02-13 18:44:39 : 193 steps taken, and 21 accepted.
[1 : mcmc] Progress @ 2025-02-13 18:45:00 : 211 steps taken, and 23 accepted.
[2 : mcmc] Progress @ 2025-02-13 18:45:11 : 233 steps taken, and 29 accepted.
[3 : mcmc] Progress @ 2025-02-13 18:45:32 : 244 steps taken, and 33 accepted.
[0 : mcmc] Progress @ 2025-02-13 18:45:52 : 196 steps taken, and 21 accepted.
[1 : mcmc] Progress @ 2025-02-13 18:46:19 : 214 steps taken, and 23 accepted.
[2 : mcmc] Progress @ 2025-02-13 18:46:23 : 236 steps taken, and 29 accepted.
[3 : mcmc] Progress @ 2025-02-13 18:46:43 : 247 steps taken, and 33 accepted.
[0 : mcmc] Progress @ 2025-02-13 18:47:15 : 202 steps taken, and 23 accepted.
[1 : mcmc] Progress @ 2025-02-13 18:47:30 : 217 steps taken, and 23 accepted.
[2 : mcmc] Progress @ 2025-02-13 18:47:50 : 239 steps taken, and 30 accepted.
[3 : mcmc] Progress @ 2025-02-13 18:48:04 : 250 steps taken, and 34 accepted.
[0 : mcmc] Progress @ 2025-02-13 18:48:26 : 205 steps taken, and 25 accepted.
[1 : mcmc] Progress @ 2025-02-13 18:48:41 : 220 steps taken, and 23 accepted.
[2 : mcmc] Progress @ 2025-02-13 18:48:55 : 243 steps taken, and 30 accepted.
[3 : mcmc] Progress @ 2025-02-13 18:49:18 : 253 steps taken, and 34 accepted.
[0 : mcmc] Progress @ 2025-02-13 18:49:39 : 208 steps taken, and 26 accepted.
[1 : mcmc] Progress @ 2025-02-13 18:49:49 : 224 steps taken, and 24 accepted.
[2 : mcmc] Progress @ 2025-02-13 18:50:15 : 246 steps taken, and 30 accepted.
[3 : mcmc] Progress @ 2025-02-13 18:50:40 : 256 steps taken, and 34 accepted.
[0 : mcmc] Progress @ 2025-02-13 18:50:50 : 211 steps taken, and 26 accepted.
[1 : mcmc] Progress @ 2025-02-13 18:51:04 : 229 steps taken, and 25 accepted.
[2 : mcmc] Progress @ 2025-02-13 18:51:20 : 250 steps taken, and 30 accepted.
[3 : mcmc] Progress @ 2025-02-13 18:51:54 : 260 steps taken, and 34 accepted.
[0 : mcmc] Progress @ 2025-02-13 18:52:15 : 214 steps taken, and 27 accepted.
[1 : mcmc] Progress @ 2025-02-13 18:52:32 : 232 steps taken, and 25 accepted.
[2 : mcmc] Progress @ 2025-02-13 18:52:39 : 253 steps taken, and 30 accepted.
[3 : mcmc] Progress @ 2025-02-13 18:52:55 : 263 steps taken, and 35 accepted.
[0 : mcmc] Progress @ 2025-02-13 18:53:28 : 217 steps taken, and 27 accepted.
[1 : mcmc] Progress @ 2025-02-13 18:53:32 : 235 steps taken, and 27 accepted.
[2 : mcmc] Progress @ 2025-02-13 18:53:56 : 255 steps taken, and 30 accepted.
[3 : mcmc] Progress @ 2025-02-13 18:54:08 : 267 steps taken, and 36 accepted.
[1 : mcmc] Progress @ 2025-02-13 18:54:33 : 238 steps taken, and 29 accepted.
[0 : mcmc] Progress @ 2025-02-13 18:54:47 : 221 steps taken, and 27 accepted.
[2 : mcmc] Progress @ 2025-02-13 18:55:00 : 260 steps taken, and 31 accepted.
[3 : mcmc] Progress @ 2025-02-13 18:55:32 : 270 steps taken, and 36 accepted.
[1 : mcmc] Progress @ 2025-02-13 18:55:59 : 242 steps taken, and 29 accepted.
[0 : mcmc] Progress @ 2025-02-13 18:56:00 : 224 steps taken, and 27 accepted.
[2 : mcmc] Progress @ 2025-02-13 18:56:11 : 263 steps taken, and 31 accepted.
[3 : mcmc] Progress @ 2025-02-13 18:57:00 : 273 steps taken, and 36 accepted.
[1 : mcmc] Progress @ 2025-02-13 18:57:14 : 245 steps taken, and 30 accepted.
[0 : mcmc] Progress @ 2025-02-13 18:57:25 : 229 steps taken, and 28 accepted.
[2 : mcmc] Progress @ 2025-02-13 18:57:34 : 267 steps taken, and 32 accepted.
[3 : mcmc] Progress @ 2025-02-13 18:58:18 : 276 steps taken, and 36 accepted.
[1 : mcmc] Progress @ 2025-02-13 18:58:37 : 248 steps taken, and 30 accepted.
[0 : mcmc] Progress @ 2025-02-13 18:58:44 : 232 steps taken, and 28 accepted.
[2 : mcmc] Progress @ 2025-02-13 18:58:46 : 270 steps taken, and 32 accepted.
[3 : mcmc] Progress @ 2025-02-13 18:59:37 : 280 steps taken, and 36 accepted.
[1 : mcmc] Progress @ 2025-02-13 18:59:47 : 251 steps taken, and 30 accepted.
[0 : mcmc] Progress @ 2025-02-13 18:59:53 : 236 steps taken, and 28 accepted.
[2 : mcmc] Progress @ 2025-02-13 19:00:10 : 273 steps taken, and 32 accepted.
[3 : mcmc] Progress @ 2025-02-13 19:00:53 : 283 steps taken, and 38 accepted.
[1 : mcmc] Progress @ 2025-02-13 19:01:12 : 255 steps taken, and 30 accepted.
[0 : mcmc] Progress @ 2025-02-13 19:01:13 : 239 steps taken, and 29 accepted.
[2 : mcmc] Progress @ 2025-02-13 19:01:34 : 276 steps taken, and 32 accepted.
[3 : mcmc] Progress @ 2025-02-13 19:02:04 : 286 steps taken, and 38 accepted.
[0 : mcmc] Progress @ 2025-02-13 19:02:14 : 243 steps taken, and 29 accepted.
[1 : mcmc] Progress @ 2025-02-13 19:02:30 : 259 steps taken, and 31 accepted.
[2 : mcmc] Progress @ 2025-02-13 19:02:38 : 278 steps taken, and 32 accepted.
[0 : mcmc] Progress @ 2025-02-13 19:03:16 : 246 steps taken, and 30 accepted.
[3 : mcmc] Progress @ 2025-02-13 19:03:24 : 290 steps taken, and 39 accepted.
[1 : mcmc] Progress @ 2025-02-13 19:03:34 : 262 steps taken, and 31 accepted.
[2 : mcmc] Progress @ 2025-02-13 19:03:51 : 281 steps taken, and 32 accepted.
[0 : mcmc] Progress @ 2025-02-13 19:04:28 : 249 steps taken, and 31 accepted.
[3 : mcmc] Progress @ 2025-02-13 19:04:39 : 293 steps taken, and 40 accepted.
[1 : mcmc] Progress @ 2025-02-13 19:05:00 : 265 steps taken, and 31 accepted.
[2 : mcmc] Progress @ 2025-02-13 19:05:02 : 284 steps taken, and 32 accepted.
[0 : mcmc] Progress @ 2025-02-13 19:05:46 : 255 steps taken, and 31 accepted.
[3 : mcmc] Progress @ 2025-02-13 19:06:05 : 296 steps taken, and 40 accepted.
[1 : mcmc] Progress @ 2025-02-13 19:06:06 : 268 steps taken, and 31 accepted.
[2 : mcmc] Progress @ 2025-02-13 19:06:14 : 287 steps taken, and 32 accepted.
[0 : mcmc] Progress @ 2025-02-13 19:07:02 : 259 steps taken, and 31 accepted.
[3 : mcmc] Progress @ 2025-02-13 19:07:11 : 299 steps taken, and 41 accepted.
[1 : mcmc] Progress @ 2025-02-13 19:07:22 : 272 steps taken, and 32 accepted.
[2 : mcmc] Progress @ 2025-02-13 19:07:40 : 290 steps taken, and 32 accepted.
[0 : mcmc] Progress @ 2025-02-13 19:08:02 : 263 steps taken, and 31 accepted.
[3 : mcmc] Progress @ 2025-02-13 19:08:36 : 302 steps taken, and 41 accepted.
[1 : mcmc] Progress @ 2025-02-13 19:08:37 : 275 steps taken, and 32 accepted.
[2 : mcmc] Progress @ 2025-02-13 19:08:43 : 293 steps taken, and 32 accepted.
[0 : mcmc] Progress @ 2025-02-13 19:09:18 : 268 steps taken, and 31 accepted.
[3 : mcmc] Progress @ 2025-02-13 19:09:52 : 305 steps taken, and 42 accepted.
[1 : mcmc] Progress @ 2025-02-13 19:10:04 : 278 steps taken, and 32 accepted.
[2 : mcmc] Progress @ 2025-02-13 19:10:05 : 296 steps taken, and 32 accepted.
[0 : mcmc] Progress @ 2025-02-13 19:10:41 : 274 steps taken, and 32 accepted.
[3 : mcmc] Progress @ 2025-02-13 19:10:52 : 307 steps taken, and 42 accepted.
[1 : mcmc] Progress @ 2025-02-13 19:11:18 : 281 steps taken, and 33 accepted.
[2 : mcmc] Progress @ 2025-02-13 19:11:23 : 299 steps taken, and 33 accepted.
[3 : mcmc] Progress @ 2025-02-13 19:11:54 : 310 steps taken, and 43 accepted.
[0 : mcmc] Progress @ 2025-02-13 19:12:05 : 278 steps taken, and 33 accepted.
[2 : mcmc] Progress @ 2025-02-13 19:12:30 : 303 steps taken, and 34 accepted.
[1 : mcmc] Progress @ 2025-02-13 19:12:42 : 285 steps taken, and 33 accepted.
[0 : mcmc] Progress @ 2025-02-13 19:13:15 : 281 steps taken, and 33 accepted.
[3 : mcmc] Progress @ 2025-02-13 19:13:20 : 313 steps taken, and 44 accepted.
[2 : mcmc] Progress @ 2025-02-13 19:13:53 : 306 steps taken, and 35 accepted.
[1 : mcmc] Progress @ 2025-02-13 19:13:57 : 288 steps taken, and 33 accepted.
[3 : mcmc] Progress @ 2025-02-13 19:14:37 : 316 steps taken, and 44 accepted.
[0 : mcmc] Progress @ 2025-02-13 19:14:39 : 285 steps taken, and 33 accepted.
[2 : mcmc] Progress @ 2025-02-13 19:15:06 : 310 steps taken, and 36 accepted.
[1 : mcmc] Progress @ 2025-02-13 19:15:22 : 292 steps taken, and 33 accepted.
[0 : mcmc] Progress @ 2025-02-13 19:15:47 : 289 steps taken, and 34 accepted.
[3 : mcmc] Progress @ 2025-02-13 19:15:49 : 322 steps taken, and 46 accepted.
[2 : mcmc] Progress @ 2025-02-13 19:16:09 : 314 steps taken, and 37 accepted.
[1 : mcmc] Progress @ 2025-02-13 19:16:35 : 295 steps taken, and 33 accepted.
[0 : mcmc] Progress @ 2025-02-13 19:17:07 : 292 steps taken, and 35 accepted.
[3 : mcmc] Progress @ 2025-02-13 19:17:15 : 326 steps taken, and 47 accepted.
[2 : mcmc] Progress @ 2025-02-13 19:17:26 : 319 steps taken, and 38 accepted.
[1 : mcmc] Progress @ 2025-02-13 19:17:45 : 298 steps taken, and 33 accepted.
[0 : mcmc] Progress @ 2025-02-13 19:18:13 : 295 steps taken, and 35 accepted.
[3 : mcmc] Progress @ 2025-02-13 19:18:29 : 330 steps taken, and 47 accepted.
[2 : mcmc] Progress @ 2025-02-13 19:18:47 : 323 steps taken, and 38 accepted.
[1 : mcmc] Progress @ 2025-02-13 19:19:01 : 301 steps taken, and 33 accepted.
[0 : mcmc] Progress @ 2025-02-13 19:19:32 : 298 steps taken, and 35 accepted.
[3 : mcmc] Progress @ 2025-02-13 19:19:45 : 333 steps taken, and 47 accepted.
[2 : mcmc] Progress @ 2025-02-13 19:20:05 : 326 steps taken, and 38 accepted.
[1 : mcmc] Progress @ 2025-02-13 19:20:27 : 304 steps taken, and 33 accepted.
[0 : mcmc] Progress @ 2025-02-13 19:20:45 : 303 steps taken, and 36 accepted.
[3 : mcmc] Progress @ 2025-02-13 19:20:59 : 337 steps taken, and 47 accepted.
[2 : mcmc] Progress @ 2025-02-13 19:21:14 : 331 steps taken, and 38 accepted.
[1 : mcmc] Progress @ 2025-02-13 19:21:44 : 308 steps taken, and 33 accepted.
[0 : mcmc] Progress @ 2025-02-13 19:21:47 : 310 steps taken, and 37 accepted.
[3 : mcmc] Progress @ 2025-02-13 19:22:25 : 340 steps taken, and 47 accepted.
[2 : mcmc] Progress @ 2025-02-13 19:22:37 : 336 steps taken, and 38 accepted.
[0 : mcmc] Progress @ 2025-02-13 19:22:56 : 314 steps taken, and 39 accepted.
[1 : mcmc] Progress @ 2025-02-13 19:22:59 : 311 steps taken, and 33 accepted.
[3 : mcmc] Progress @ 2025-02-13 19:23:38 : 343 steps taken, and 47 accepted.
[2 : mcmc] Progress @ 2025-02-13 19:23:48 : 339 steps taken, and 38 accepted.
[0 : mcmc] Progress @ 2025-02-13 19:24:23 : 317 steps taken, and 39 accepted.
[1 : mcmc] Progress @ 2025-02-13 19:24:25 : 314 steps taken, and 33 accepted.
[3 : mcmc] Progress @ 2025-02-13 19:25:03 : 346 steps taken, and 48 accepted.
[2 : mcmc] Progress @ 2025-02-13 19:25:06 : 343 steps taken, and 38 accepted.
[0 : mcmc] Progress @ 2025-02-13 19:25:37 : 321 steps taken, and 40 accepted.
[1 : mcmc] Progress @ 2025-02-13 19:25:41 : 318 steps taken, and 33 accepted.
[3 : mcmc] Progress @ 2025-02-13 19:26:11 : 350 steps taken, and 49 accepted.
[2 : mcmc] Progress @ 2025-02-13 19:26:17 : 346 steps taken, and 38 accepted.
[0 : mcmc] Progress @ 2025-02-13 19:26:45 : 324 steps taken, and 40 accepted.
[1 : mcmc] Progress @ 2025-02-13 19:26:57 : 321 steps taken, and 33 accepted.
[2 : mcmc] Progress @ 2025-02-13 19:27:24 : 351 steps taken, and 38 accepted.
[3 : mcmc] Progress @ 2025-02-13 19:27:25 : 353 steps taken, and 50 accepted.
[0 : mcmc] Progress @ 2025-02-13 19:28:07 : 327 steps taken, and 40 accepted.
[1 : mcmc] Progress @ 2025-02-13 19:28:11 : 324 steps taken, and 34 accepted.
[2 : mcmc] Progress @ 2025-02-13 19:28:47 : 354 steps taken, and 38 accepted.
[3 : mcmc] Progress @ 2025-02-13 19:28:50 : 356 steps taken, and 50 accepted.
[1 : mcmc] Progress @ 2025-02-13 19:29:24 : 327 steps taken, and 34 accepted.
[0 : mcmc] Progress @ 2025-02-13 19:29:29 : 330 steps taken, and 41 accepted.
[2 : mcmc] Progress @ 2025-02-13 19:29:51 : 356 steps taken, and 38 accepted.
[3 : mcmc] Progress @ 2025-02-13 19:29:52 : 359 steps taken, and 50 accepted.
[1 : mcmc] Progress @ 2025-02-13 19:30:34 : 330 steps taken, and 34 accepted.
[0 : mcmc] Progress @ 2025-02-13 19:30:58 : 335 steps taken, and 41 accepted.
[3 : mcmc] Progress @ 2025-02-13 19:31:04 : 362 steps taken, and 50 accepted.
[2 : mcmc] Progress @ 2025-02-13 19:31:08 : 359 steps taken, and 38 accepted.
[1 : mcmc] Progress @ 2025-02-13 19:32:00 : 334 steps taken, and 34 accepted.
[0 : mcmc] Progress @ 2025-02-13 19:32:08 : 338 steps taken, and 42 accepted.
[2 : mcmc] Progress @ 2025-02-13 19:32:10 : 362 steps taken, and 39 accepted.
[3 : mcmc] Progress @ 2025-02-13 19:32:12 : 365 steps taken, and 51 accepted.
[1 : mcmc] Progress @ 2025-02-13 19:33:11 : 337 steps taken, and 34 accepted.
[0 : mcmc] Progress @ 2025-02-13 19:33:14 : 341 steps taken, and 43 accepted.
[3 : mcmc] Progress @ 2025-02-13 19:33:27 : 368 steps taken, and 51 accepted.
[2 : mcmc] Progress @ 2025-02-13 19:33:34 : 368 steps taken, and 39 accepted.
[1 : mcmc] Progress @ 2025-02-13 19:34:22 : 340 steps taken, and 35 accepted.
[0 : mcmc] Progress @ 2025-02-13 19:34:22 : 344 steps taken, and 43 accepted.
[2 : mcmc] Progress @ 2025-02-13 19:34:40 : 371 steps taken, and 40 accepted.
[3 : mcmc] Progress @ 2025-02-13 19:34:50 : 372 steps taken, and 51 accepted.
[0 : mcmc] Progress @ 2025-02-13 19:35:44 : 347 steps taken, and 44 accepted.
[1 : mcmc] Progress @ 2025-02-13 19:35:48 : 343 steps taken, and 35 accepted.
[2 : mcmc] Progress @ 2025-02-13 19:35:49 : 374 steps taken, and 40 accepted.
[3 : mcmc] Progress @ 2025-02-13 19:36:18 : 375 steps taken, and 52 accepted.
[node019:12649:0:12768] Caught signal 11 (Segmentation fault: address not mapped to object at address 0xfffffffc0498d2c8)
BFD: DWARF error: can't find .debug_ranges section.
BFD: DWARF error: can't find .debug_ranges section.
==== backtrace (tid:  12768) ====
 0 0x0000000000021563 ucs_debug_print_backtrace()  /dev/shm/UCX/1.8.0/GCCcore-9.3.0/ucx-1.8.0/src/ucs/debug/debug.c:653
 1 0x0000000000039f63 __massivenu_MOD_thermalnubackground_rho()  ???:0
 2 0x000000000003da49 __results_MOD_grho_no_de()  ???:0
 3 0x00000000000a5f01 dtauda_()  ???:0
 4 0x000000000004cfdc __results_MOD_thermo_init._omp_fn.0()  results.f90:0
 5 0x0000000000018f09 gomp_thread_start()  team.c:0
 6 0x0000000000007ea5 start_thread()  pthread_create.c:0
 7 0x00000000000feb0d __clone()  ???:0
=================================
[node019:12649] *** Process received signal ***
[node019:12649] Signal: Segmentation fault (11)
[node019:12649] Signal code:  (-6)
[node019:12649] Failing at address: 0x8cfb800003169
[node019:12649] [ 0] /lib64/libpthread.so.0(+0xf630)[0x7f5d7b96b630]
[node019:12649] [ 1] /users/smp24dhl/cosmo/code/CAMB_beta/camb/camblib.so(__massivenu_MOD_thermalnubackground_rho+0x63)[0x7f5d40f31f63]
[node019:12649] [ 2] /users/smp24dhl/cosmo/code/CAMB_beta/camb/camblib.so(__results_MOD_grho_no_de+0xc9)[0x7f5d40f35a49]
[node019:12649] [ 3] /users/smp24dhl/cosmo/code/CAMB_beta/camb/camblib.so(dtauda_+0x61)[0x7f5d40f9df01]
[node019:12649] [ 4] /users/smp24dhl/cosmo/code/CAMB_beta/camb/camblib.so(+0x4cfdc)[0x7f5d40f44fdc]
[node019:12649] [ 5] /users/smp24dhl/.conda/envs/cosmos/bin/../lib/libgomp.so.1(+0x18f09)[0x7f5d40ed1f09]
[node019:12649] [ 6] /lib64/libpthread.so.0(+0x7ea5)[0x7f5d7b963ea5]
[node019:12649] [ 7] /lib64/libc.so.6(clone+0x6d)[0x7f5d7af83b0d]
[node019:12649] *** End of error message ***
--------------------------------------------------------------------------
Primary job  terminated normally, but 1 process returned
a non-zero exit code. Per user-direction, the job has been aborted.
--------------------------------------------------------------------------
--------------------------------------------------------------------------
mpirun noticed that process rank 2 with PID 12649 on node node019 exited on signal 11 (Segmentation fault).
--------------------------------------------------------------------------
