[0 : output] Output to be read-from/written-into folder 'chains', with prefix 'act-full'
[0 : output] Found existing info files with the requested output prefix: 'chains/act-full'
[0 : output] Let's try to resume/load.
[0 : output] Found an old sample. Resuming.
[0 : prior] *WARNING* External prior 'SZ' loaded. Mind that it might not be normalized!

libgomp: Invalid value for environment variable OMP_NUM_THREADS: 

libgomp: Invalid value for environment variable OMP_NUM_THREADS: 

libgomp: Invalid value for environment variable OMP_NUM_THREADS: 

libgomp: Invalid value for environment variable OMP_NUM_THREADS: 
[0 : camb] `camb` module loaded successfully from /users/smp24dhl/cosmo/code/CAMB_beta/camb
[0 : planck_2018_highl_plik.ttteee] `clik` module loaded successfully from /users/smp24dhl/cosmo/code/planck/clik/lib/python3.9/site-packages/clik
----
clik version clik_16.0b1-2-g63c889f3aa9c MAKEFILE
  smica
----
clik version clik_16.0b1-2-g63c889f3aa9c MAKEFILE
  smica
----
clik version clik_16.0b1-2-g63c889f3aa9c MAKEFILE
  smica
----
clik version clik_16.0b1-2-g63c889f3aa9c MAKEFILE
  smica
Checking likelihood '/users/smp24dhl/cosmo/data/planck_2018/baseline/plc_3.0/hi_l/plik/plik_rd12_HM_v22b_TTTEEE.clik' on test data. got -1172.47 expected -1172.47 (diff -4.34056e-07)
----
Loading ACT DR6 lensing likelihood v1.2...
Checking likelihood '/users/smp24dhl/cosmo/data/planck_2018/baseline/plc_3.0/hi_l/plik/plik_rd12_HM_v22b_TTTEEE.clik' on test data. got -1172.47 expected -1172.47 (diff -4.34057e-07)
----
Loading ACT DR6 lensing likelihood v1.2...
Checking likelihood '/users/smp24dhl/cosmo/data/planck_2018/baseline/plc_3.0/hi_l/plik/plik_rd12_HM_v22b_TTTEEE.clik' on test data. got -1172.47 expected -1172.47 (diff -4.34057e-07)
----
Loading ACT DR6 lensing likelihood v1.2...
Checking likelihood '/users/smp24dhl/cosmo/data/planck_2018/baseline/plc_3.0/hi_l/plik/plik_rd12_HM_v22b_TTTEEE.clik' on test data. got -1172.47 expected -1172.47 (diff -4.34057e-07)
----
Loading ACT DR6 lensing likelihood v1.2...
/users/smp24dhl/cosmo/code/act_dr6_lenslike/act_dr6_lenslike/act_dr6_lenslike.py:416: UserWarning: Hartlap correction to cinv: 0.949874686716792
  warnings.warn(f"Hartlap correction to cinv: {hartlap_correction}")
[0 : bao.desi_2024_bao_all] Initialized.
/users/smp24dhl/cosmo/code/act_dr6_lenslike/act_dr6_lenslike/act_dr6_lenslike.py:416: UserWarning: Hartlap correction to cinv: 0.949874686716792
  warnings.warn(f"Hartlap correction to cinv: {hartlap_correction}")
[1 : bao.desi_2024_bao_all] Initialized.
/users/smp24dhl/cosmo/code/act_dr6_lenslike/act_dr6_lenslike/act_dr6_lenslike.py:416: UserWarning: Hartlap correction to cinv: 0.949874686716792
  warnings.warn(f"Hartlap correction to cinv: {hartlap_correction}")
/users/smp24dhl/cosmo/code/act_dr6_lenslike/act_dr6_lenslike/act_dr6_lenslike.py:416: UserWarning: Hartlap correction to cinv: 0.949874686716792
  warnings.warn(f"Hartlap correction to cinv: {hartlap_correction}")
[2 : bao.desi_2024_bao_all] Initialized.
[3 : bao.desi_2024_bao_all] Initialized.
[0 : mcmc] Resuming from previous sample!
[2 : samplecollection] Loaded 5349 sample points from 'chains/act-full.3.txt'
[0 : samplecollection] Loaded 5243 sample points from 'chains/act-full.1.txt'
[1 : samplecollection] Loaded 5277 sample points from 'chains/act-full.2.txt'
[3 : samplecollection] Loaded 5467 sample points from 'chains/act-full.4.txt'
[2 : mcmc] Initial point: logA:3.024118, ns:0.9663148, theta_MC_100:1.040429, ombh2:0.02232785, omch2:0.1206884, w:-0.8418412, wa:-0.6706749, beta_DE:0.7728541, tau:0.04847051, A_planck:0.9969836, calib_100T:0.9992951, calib_217T:0.9985219, A_cib_217:46.81246, xi_sz_cib:0.5128607, A_sz:5.350753, ksz_norm:3.473907, gal545_A_100:11.52549, gal545_A_143:12.88168, gal545_A_143_217:18.88542, gal545_A_217:93.5949, ps_A_100_100:240.0556, ps_A_143_143:38.82487, ps_A_143_217:42.83389, ps_A_217_217:114.4913, galf_TE_A_100:0.1268055, galf_TE_A_100_143:0.120081, galf_TE_A_100_217:0.5600751, galf_TE_A_143:0.1243383, galf_TE_A_143_217:0.6337401, galf_TE_A_217:2.237154
[1 : mcmc] Initial point: logA:3.035862, ns:0.9643323, theta_MC_100:1.040565, ombh2:0.02240028, omch2:0.1199559, w:-0.7817791, wa:-0.8060239, beta_DE:0.3703285, tau:0.05211983, A_planck:0.9986641, calib_100T:1.001177, calib_217T:0.9979895, A_cib_217:41.04205, xi_sz_cib:0.1789822, A_sz:5.936403, ksz_norm:0.1623632, gal545_A_100:9.488883, gal545_A_143:9.503944, gal545_A_143_217:20.31733, gal545_A_217:102.7582, ps_A_100_100:297.463, ps_A_143_143:56.1391, ps_A_143_217:46.40552, ps_A_217_217:122.71, galf_TE_A_100:0.09032609, galf_TE_A_100_143:0.1567264, galf_TE_A_100_217:0.5674275, galf_TE_A_143:0.2302191, galf_TE_A_143_217:0.6702318, galf_TE_A_217:2.236975
[0 : mcmc] Initial point: logA:3.057038, ns:0.9679594, theta_MC_100:1.041015, ombh2:0.02247463, omch2:0.1203063, w:-0.8885185, wa:-0.3629171, beta_DE:-1.143801, tau:0.06336681, A_planck:0.9965878, calib_100T:0.9999267, calib_217T:0.9983142, A_cib_217:39.23763, xi_sz_cib:0.6398491, A_sz:7.445795, ksz_norm:0.5531549, gal545_A_100:11.60386, gal545_A_143:9.343127, gal545_A_143_217:21.00367, gal545_A_217:100.7251, ps_A_100_100:228.3384, ps_A_143_143:48.02458, ps_A_143_217:50.89505, ps_A_217_217:124.2146, galf_TE_A_100:0.1025485, galf_TE_A_100_143:0.1417925, galf_TE_A_100_217:0.4602089, galf_TE_A_143:0.2075943, galf_TE_A_143_217:0.6332209, galf_TE_A_217:2.587193
[3 : mcmc] Initial point: logA:3.045017, ns:0.9626244, theta_MC_100:1.041058, ombh2:0.02236831, omch2:0.1206699, w:-0.7862011, wa:-1.248037, beta_DE:1.916589, tau:0.05455566, A_planck:1.000739, calib_100T:1.00002, calib_217T:0.9979353, A_cib_217:49.20618, xi_sz_cib:0.1857906, A_sz:7.232998, ksz_norm:2.465559, gal545_A_100:9.119297, gal545_A_143:11.40462, gal545_A_143_217:21.69503, gal545_A_217:97.88662, ps_A_100_100:261.4474, ps_A_143_143:44.44839, ps_A_143_217:34.86969, ps_A_217_217:107.9034, galf_TE_A_100:0.1126443, galf_TE_A_100_143:0.1319704, galf_TE_A_100_217:0.501407, galf_TE_A_143:0.2065879, galf_TE_A_143_217:0.704813, galf_TE_A_217:1.96742
[0 : mcmc] *WARNING* Parameter blocking manually/previously fixed: speeds will not be measured.
[0 : mcmc] Dragging with number of interpolating steps:
[0 : mcmc] *  1 : (['theta_MC_100', 'ombh2', 'omch2', 'w', 'wa', 'beta_DE', 'tau'], ['logA', 'ns'])
[0 : mcmc] * 12 : (['A_planck'], ['calib_100T', 'calib_217T', 'A_cib_217', 'xi_sz_cib', 'A_sz', 'ksz_norm', 'gal545_A_100', 'gal545_A_143', 'gal545_A_143_217', 'gal545_A_217', 'ps_A_100_100', 'ps_A_143_143', 'ps_A_143_217', 'ps_A_217_217', 'galf_TE_A_100', 'galf_TE_A_100_143', 'galf_TE_A_100_217', 'galf_TE_A_143', 'galf_TE_A_143_217', 'galf_TE_A_217'])
[0 : mcmc] Covariance matrix from previous sample.
[0 : mcmc] Sampling!
[1 : mcmc] Progress @ 2025-02-17 12:15:35 : 1 steps taken, and 5277 accepted.
[0 : mcmc] Progress @ 2025-02-17 12:16:27 : 1 steps taken, and 5243 accepted.
[3 : mcmc] Progress @ 2025-02-17 12:16:27 : 1 steps taken, and 5467 accepted.
[2 : mcmc] Progress @ 2025-02-17 12:16:29 : 1 steps taken, and 5349 accepted.
[1 : mcmc] Progress @ 2025-02-17 12:16:51 : 5 steps taken, and 5277 accepted.
[2 : mcmc] Progress @ 2025-02-17 12:17:46 : 4 steps taken, and 5349 accepted.
[0 : mcmc] Progress @ 2025-02-17 12:17:49 : 4 steps taken, and 5243 accepted.
[3 : mcmc] Progress @ 2025-02-17 12:17:54 : 4 steps taken, and 5468 accepted.
[1 : mcmc] Progress @ 2025-02-17 12:18:14 : 8 steps taken, and 5279 accepted.
[node032:57700:0:57764] Caught signal 11 (Segmentation fault: address not mapped to object at address 0xfffffffc05073ae8)
BFD: DWARF error: can't find .debug_ranges section.
BFD: DWARF error: can't find .debug_ranges section.
==== backtrace (tid:  57764) ====
 0 0x0000000000021563 ucs_debug_print_backtrace()  /dev/shm/UCX/1.8.0/GCCcore-9.3.0/ucx-1.8.0/src/ucs/debug/debug.c:653
 1 0x0000000000039f63 __massivenu_MOD_thermalnubackground_rho()  ???:0
 2 0x000000000003da49 __results_MOD_grho_no_de()  ???:0
 3 0x00000000000a5f01 dtauda_()  ???:0
 4 0x000000000004cfdc __results_MOD_thermo_init._omp_fn.0()  results.f90:0
 5 0x0000000000018f09 gomp_thread_start()  team.c:0
 6 0x0000000000007ea5 start_thread()  pthread_create.c:0
 7 0x00000000000feb0d __clone()  ???:0
=================================
[node032:57700] *** Process received signal ***
[node032:57700] Signal: Segmentation fault (11)
[node032:57700] Signal code:  (-6)
[node032:57700] Failing at address: 0x8cfb80000e164
[node032:57700] [ 0] /lib64/libpthread.so.0(+0xf630)[0x7fc622c09630]
[node032:57700] [ 1] /users/smp24dhl/cosmo/code/CAMB_beta/camb/camblib.so(__massivenu_MOD_thermalnubackground_rho+0x63)[0x7fc5e7cbef63]
[node032:57700] [ 2] /users/smp24dhl/cosmo/code/CAMB_beta/camb/camblib.so(__results_MOD_grho_no_de+0xc9)[0x7fc5e7cc2a49]
[node032:57700] [ 3] /users/smp24dhl/cosmo/code/CAMB_beta/camb/camblib.so(dtauda_+0x61)[0x7fc5e7d2af01]
[node032:57700] [ 4] /users/smp24dhl/cosmo/code/CAMB_beta/camb/camblib.so(+0x4cfdc)[0x7fc5e7cd1fdc]
[node032:57700] [ 5] /users/smp24dhl/.conda/envs/cosmos/bin/../lib/libgomp.so.1(+0x18f09)[0x7fc5e7c5ef09]
[node032:57700] [ 6] /lib64/libpthread.so.0(+0x7ea5)[0x7fc622c01ea5]
[node032:57700] [ 7] /lib64/libc.so.6(clone+0x6d)[0x7fc622221b0d]
[node032:57700] *** End of error message ***
--------------------------------------------------------------------------
Primary job  terminated normally, but 1 process returned
a non-zero exit code. Per user-direction, the job has been aborted.
--------------------------------------------------------------------------
--------------------------------------------------------------------------
mpirun noticed that process rank 1 with PID 57700 on node node032 exited on signal 11 (Segmentation fault).
--------------------------------------------------------------------------
