[0 : output] Output to be read-from/written-into folder 'chains', with prefix 'act-full'
[0 : output] Found existing info files with the requested output prefix: 'chains/act-full'
[0 : output] Let's try to resume/load.
[0 : output] Found an old sample. Resuming.
[0 : prior] *WARNING* External prior 'SZ' loaded. Mind that it might not be normalized!

libgomp: 
libgomp: Invalid value for environment variable OMP_NUM_THREADS: 

libgomp: Invalid value for environment variable OMP_NUM_THREADS: 

libgomp: Invalid value for environment variable OMP_NUM_THREADS: 
Invalid value for environment variable OMP_NUM_THREADS: 
[0 : camb] `camb` module loaded successfully from /users/smp24dhl/cosmo/code/CAMB_beta/camb
[0 : planck_2018_highl_plik.ttteee] `clik` module loaded successfully from /users/smp24dhl/cosmo/code/planck/clik/lib/python3.9/site-packages/clik
----
clik version clik_16.0b1-2-g63c889f3aa9c MAKEFILE
  smica
----
clik version clik_16.0b1-2-g63c889f3aa9c MAKEFILE
  smica
----
clik version clik_16.0b1-2-g63c889f3aa9c MAKEFILE
  smica
----
clik version clik_16.0b1-2-g63c889f3aa9c MAKEFILE
  smica
Checking likelihood '/users/smp24dhl/cosmo/data/planck_2018/baseline/plc_3.0/hi_l/plik/plik_rd12_HM_v22b_TTTEEE.clik' on test data. got -1172.47 expected -1172.47 (diff -4.34057e-07)
----
Checking likelihood '/users/smp24dhl/cosmo/data/planck_2018/baseline/plc_3.0/hi_l/plik/plik_rd12_HM_v22b_TTTEEE.clik' on test data. got -1172.47 expected -1172.47 (diff -4.34057e-07)
----
Loading ACT DR6 lensing likelihood v1.2...
Loading ACT DR6 lensing likelihood v1.2...
Checking likelihood '/users/smp24dhl/cosmo/data/planck_2018/baseline/plc_3.0/hi_l/plik/plik_rd12_HM_v22b_TTTEEE.clik' on test data. got -1172.47 expected -1172.47 (diff -4.34057e-07)
----
Loading ACT DR6 lensing likelihood v1.2...
Checking likelihood '/users/smp24dhl/cosmo/data/planck_2018/baseline/plc_3.0/hi_l/plik/plik_rd12_HM_v22b_TTTEEE.clik' on test data. got -1172.47 expected -1172.47 (diff -4.34057e-07)
----
Loading ACT DR6 lensing likelihood v1.2...
/users/smp24dhl/cosmo/code/act_dr6_lenslike/act_dr6_lenslike/act_dr6_lenslike.py:416: UserWarning: Hartlap correction to cinv: 0.949874686716792
  warnings.warn(f"Hartlap correction to cinv: {hartlap_correction}")
/users/smp24dhl/cosmo/code/act_dr6_lenslike/act_dr6_lenslike/act_dr6_lenslike.py:416: UserWarning: Hartlap correction to cinv: 0.949874686716792
  warnings.warn(f"Hartlap correction to cinv: {hartlap_correction}")
/users/smp24dhl/cosmo/code/act_dr6_lenslike/act_dr6_lenslike/act_dr6_lenslike.py:416: UserWarning: Hartlap correction to cinv: 0.949874686716792
  warnings.warn(f"Hartlap correction to cinv: {hartlap_correction}")
/users/smp24dhl/cosmo/code/act_dr6_lenslike/act_dr6_lenslike/act_dr6_lenslike.py:416: UserWarning: Hartlap correction to cinv: 0.949874686716792
  warnings.warn(f"Hartlap correction to cinv: {hartlap_correction}")
[0 : bao.desi_2024_bao_all] Initialized.
[1 : bao.desi_2024_bao_all] Initialized.
[2 : bao.desi_2024_bao_all] Initialized.
[3 : bao.desi_2024_bao_all] Initialized.
[0 : mcmc] Resuming from previous sample!
[3 : samplecollection] Loaded 1716 sample points from 'chains/act-full.4.txt'
[0 : samplecollection] Loaded 1550 sample points from 'chains/act-full.1.txt'
[2 : samplecollection] Loaded 1604 sample points from 'chains/act-full.3.txt'
[1 : samplecollection] Loaded 1644 sample points from 'chains/act-full.2.txt'
[2 : mcmc] Initial point: logA:3.038241, ns:0.9642031, theta_MC_100:1.040734, ombh2:0.02242329, omch2:0.1203606, w:-0.8296779, wa:-0.1917924, beta_DE:-2.818463, tau:0.05119719, A_planck:0.9988175, calib_100T:1.000132, calib_217T:0.997665, A_cib_217:43.77656, xi_sz_cib:0.596936, A_sz:8.309937, ksz_norm:1.029348, gal545_A_100:9.246708, gal545_A_143:10.17484, gal545_A_143_217:15.29514, gal545_A_217:87.21861, ps_A_100_100:236.3932, ps_A_143_143:45.90086, ps_A_143_217:57.33329, ps_A_217_217:128.9857, galf_TE_A_100:0.1342643, galf_TE_A_100_143:0.1449259, galf_TE_A_100_217:0.3810994, galf_TE_A_143:0.2447931, galf_TE_A_143_217:0.6611465, galf_TE_A_217:1.615867
[1 : mcmc] Initial point: logA:3.053229, ns:0.9709709, theta_MC_100:1.041214, ombh2:0.02256962, omch2:0.1179783, w:-0.8856528, wa:-0.3135696, beta_DE:0.8502821, tau:0.05909459, A_planck:1.002228, calib_100T:0.9989806, calib_217T:0.9986969, A_cib_217:45.16797, xi_sz_cib:0.7645543, A_sz:6.850917, ksz_norm:2.548479, gal545_A_100:9.221867, gal545_A_143:13.29232, gal545_A_143_217:23.00418, gal545_A_217:102.1415, ps_A_100_100:238.9327, ps_A_143_143:41.99329, ps_A_143_217:45.62088, ps_A_217_217:114.1352, galf_TE_A_100:0.187927, galf_TE_A_100_143:0.1715548, galf_TE_A_100_217:0.5994964, galf_TE_A_143:0.2149964, galf_TE_A_143_217:0.8296476, galf_TE_A_217:2.427328
[0 : mcmc] Initial point: logA:3.056302, ns:0.9671315, theta_MC_100:1.04147, ombh2:0.02255137, omch2:0.1196595, w:-0.9196958, wa:-0.1858755, beta_DE:-1.727792, tau:0.06133898, A_planck:0.999007, calib_100T:0.9993801, calib_217T:0.9971646, A_cib_217:43.15129, xi_sz_cib:0.5142144, A_sz:4.269718, ksz_norm:0.5931694, gal545_A_100:8.947498, gal545_A_143:8.742338, gal545_A_143_217:13.47251, gal545_A_217:87.04134, ps_A_100_100:252.1067, ps_A_143_143:54.13658, ps_A_143_217:48.79053, ps_A_217_217:127.9773, galf_TE_A_100:0.09816929, galf_TE_A_100_143:0.1256029, galf_TE_A_100_217:0.5466699, galf_TE_A_143:0.3100113, galf_TE_A_143_217:0.7027707, galf_TE_A_217:1.972447
[3 : mcmc] Initial point: logA:3.060553, ns:0.973847, theta_MC_100:1.041416, ombh2:0.02234016, omch2:0.1176616, w:-0.8693512, wa:-0.1657547, beta_DE:-2.179877, tau:0.06232635, A_planck:1.002249, calib_100T:1.000363, calib_217T:0.9992377, A_cib_217:48.92766, xi_sz_cib:0.8954983, A_sz:5.705866, ksz_norm:0.5356742, gal545_A_100:10.81019, gal545_A_143:9.204526, gal545_A_143_217:16.73683, gal545_A_217:90.40299, ps_A_100_100:251.875, ps_A_143_143:49.59605, ps_A_143_217:61.4068, ps_A_217_217:124.442, galf_TE_A_100:0.121162, galf_TE_A_100_143:0.1105643, galf_TE_A_100_217:0.5646437, galf_TE_A_143:0.215466, galf_TE_A_143_217:0.7108023, galf_TE_A_217:1.990535
[0 : mcmc] *WARNING* Parameter blocking manually/previously fixed: speeds will not be measured.
[0 : mcmc] Dragging with number of interpolating steps:
[0 : mcmc] *  1 : (['theta_MC_100', 'ombh2', 'omch2', 'w', 'wa', 'beta_DE', 'tau'], ['logA', 'ns'])
[0 : mcmc] * 12 : (['A_planck'], ['calib_100T', 'calib_217T', 'A_cib_217', 'xi_sz_cib', 'A_sz', 'ksz_norm', 'gal545_A_100', 'gal545_A_143', 'gal545_A_143_217', 'gal545_A_217', 'ps_A_100_100', 'ps_A_143_143', 'ps_A_143_217', 'ps_A_217_217', 'galf_TE_A_100', 'galf_TE_A_100_143', 'galf_TE_A_100_217', 'galf_TE_A_143', 'galf_TE_A_143_217', 'galf_TE_A_217'])
[0 : mcmc] Covariance matrix from previous sample.
[0 : mcmc] Sampling!
[2 : mcmc] Progress @ 2025-01-22 12:30:42 : 1 steps taken, and 1604 accepted.
[3 : mcmc] Progress @ 2025-01-22 12:31:30 : 1 steps taken, and 1716 accepted.
[1 : mcmc] Progress @ 2025-01-22 12:31:31 : 1 steps taken, and 1644 accepted.
[0 : mcmc] Progress @ 2025-01-22 12:31:33 : 1 steps taken, and 1550 accepted.
[2 : mcmc] Progress @ 2025-01-22 12:31:53 : 3 steps taken, and 1604 accepted.
[0 : mcmc] Progress @ 2025-01-22 12:32:39 : 5 steps taken, and 1550 accepted.
[1 : mcmc] Progress @ 2025-01-22 12:32:44 : 4 steps taken, and 1644 accepted.
[3 : mcmc] Progress @ 2025-01-22 12:32:50 : 6 steps taken, and 1716 accepted.
[2 : mcmc] Progress @ 2025-01-22 12:33:03 : 8 steps taken, and 1606 accepted.
[0 : mcmc] Progress @ 2025-01-22 12:33:55 : 8 steps taken, and 1551 accepted.
[3 : mcmc] Progress @ 2025-01-22 12:34:03 : 11 steps taken, and 1718 accepted.
[1 : mcmc] Progress @ 2025-01-22 12:34:03 : 7 steps taken, and 1646 accepted.
[2 : mcmc] Progress @ 2025-01-22 12:34:24 : 12 steps taken, and 1606 accepted.
[0 : mcmc] Progress @ 2025-01-22 12:34:58 : 12 steps taken, and 1552 accepted.
[3 : mcmc] Progress @ 2025-01-22 12:35:11 : 16 steps taken, and 1719 accepted.
[1 : mcmc] Progress @ 2025-01-22 12:35:21 : 11 steps taken, and 1647 accepted.
[2 : mcmc] Progress @ 2025-01-22 12:35:38 : 15 steps taken, and 1606 accepted.
[0 : mcmc] Progress @ 2025-01-22 12:36:19 : 16 steps taken, and 1553 accepted.
[3 : mcmc] Progress @ 2025-01-22 12:36:20 : 19 steps taken, and 1721 accepted.
[1 : mcmc] Progress @ 2025-01-22 12:36:31 : 14 steps taken, and 1649 accepted.
[2 : mcmc] Progress @ 2025-01-22 12:36:39 : 19 steps taken, and 1606 accepted.
[3 : mcmc] Progress @ 2025-01-22 12:37:36 : 23 steps taken, and 1723 accepted.
[0 : mcmc] Progress @ 2025-01-22 12:37:45 : 20 steps taken, and 1554 accepted.
[2 : mcmc] Progress @ 2025-01-22 12:37:50 : 24 steps taken, and 1608 accepted.
[1 : mcmc] Progress @ 2025-01-22 12:37:52 : 17 steps taken, and 1650 accepted.
[0 : mcmc] Progress @ 2025-01-22 12:38:47 : 25 steps taken, and 1555 accepted.
[3 : mcmc] Progress @ 2025-01-22 12:38:48 : 26 steps taken, and 1725 accepted.
[1 : mcmc] Progress @ 2025-01-22 12:39:07 : 21 steps taken, and 1652 accepted.
[2 : mcmc] Progress @ 2025-01-22 12:39:07 : 28 steps taken, and 1609 accepted.
[0 : mcmc] Progress @ 2025-01-22 12:39:58 : 28 steps taken, and 1557 accepted.
[3 : mcmc] Progress @ 2025-01-22 12:40:04 : 29 steps taken, and 1725 accepted.
[1 : mcmc] Progress @ 2025-01-22 12:40:26 : 24 steps taken, and 1652 accepted.
[2 : mcmc] Progress @ 2025-01-22 12:40:30 : 33 steps taken, and 1610 accepted.
[0 : mcmc] Progress @ 2025-01-22 12:41:21 : 32 steps taken, and 1557 accepted.
[3 : mcmc] Progress @ 2025-01-22 12:41:24 : 32 steps taken, and 1727 accepted.
[1 : mcmc] Progress @ 2025-01-22 12:41:44 : 27 steps taken, and 1654 accepted.
[2 : mcmc] Progress @ 2025-01-22 12:41:46 : 37 steps taken, and 1610 accepted.
[0 : mcmc] Progress @ 2025-01-22 12:42:31 : 35 steps taken, and 1558 accepted.
[3 : mcmc] Progress @ 2025-01-22 12:42:36 : 36 steps taken, and 1727 accepted.
[1 : mcmc] Progress @ 2025-01-22 12:42:53 : 30 steps taken, and 1657 accepted.
[2 : mcmc] Progress @ 2025-01-22 12:42:57 : 41 steps taken, and 1612 accepted.
[3 : mcmc] Progress @ 2025-01-22 12:43:48 : 39 steps taken, and 1728 accepted.
[0 : mcmc] Progress @ 2025-01-22 12:43:56 : 40 steps taken, and 1560 accepted.
[2 : mcmc] Progress @ 2025-01-22 12:44:17 : 46 steps taken, and 1612 accepted.
[1 : mcmc] Progress @ 2025-01-22 12:44:18 : 34 steps taken, and 1658 accepted.
[0 : mcmc] Progress @ 2025-01-22 12:44:56 : 45 steps taken, and 1560 accepted.
[3 : mcmc] Progress @ 2025-01-22 12:45:02 : 44 steps taken, and 1729 accepted.
[2 : mcmc] Progress @ 2025-01-22 12:45:17 : 49 steps taken, and 1615 accepted.
[1 : mcmc] Progress @ 2025-01-22 12:45:28 : 37 steps taken, and 1659 accepted.
[3 : mcmc] Progress @ 2025-01-22 12:46:05 : 51 steps taken, and 1730 accepted.
[0 : mcmc] Progress @ 2025-01-22 12:46:10 : 50 steps taken, and 1561 accepted.
[1 : mcmc] Progress @ 2025-01-22 12:46:33 : 42 steps taken, and 1660 accepted.
[2 : mcmc] Progress @ 2025-01-22 12:46:38 : 54 steps taken, and 1617 accepted.
[0 : mcmc] Progress @ 2025-01-22 12:47:24 : 56 steps taken, and 1561 accepted.
[3 : mcmc] Progress @ 2025-01-22 12:47:25 : 56 steps taken, and 1731 accepted.
[1 : mcmc] Progress @ 2025-01-22 12:47:42 : 45 steps taken, and 1661 accepted.
[2 : mcmc] Progress @ 2025-01-22 12:47:47 : 57 steps taken, and 1617 accepted.
[3 : mcmc] Progress @ 2025-01-22 12:48:39 : 59 steps taken, and 1732 accepted.
[0 : mcmc] Progress @ 2025-01-22 12:48:45 : 59 steps taken, and 1561 accepted.
[2 : mcmc] Progress @ 2025-01-22 12:49:01 : 60 steps taken, and 1618 accepted.
[1 : mcmc] Progress @ 2025-01-22 12:49:03 : 49 steps taken, and 1661 accepted.
[3 : mcmc] Progress @ 2025-01-22 12:49:46 : 62 steps taken, and 1732 accepted.
[0 : mcmc] Progress @ 2025-01-22 12:49:59 : 62 steps taken, and 1563 accepted.
[1 : mcmc] Progress @ 2025-01-22 12:50:24 : 52 steps taken, and 1664 accepted.
[2 : mcmc] Progress @ 2025-01-22 12:50:26 : 63 steps taken, and 1619 accepted.
[3 : mcmc] Progress @ 2025-01-22 12:50:57 : 65 steps taken, and 1733 accepted.
[0 : mcmc] Progress @ 2025-01-22 12:51:06 : 67 steps taken, and 1566 accepted.
[1 : mcmc] Progress @ 2025-01-22 12:51:33 : 56 steps taken, and 1667 accepted.
[2 : mcmc] Progress @ 2025-01-22 12:51:41 : 66 steps taken, and 1620 accepted.
[3 : mcmc] Progress @ 2025-01-22 12:52:19 : 69 steps taken, and 1733 accepted.
[0 : mcmc] Progress @ 2025-01-22 12:52:21 : 70 steps taken, and 1567 accepted.
[1 : mcmc] Progress @ 2025-01-22 12:52:46 : 59 steps taken, and 1667 accepted.
[2 : mcmc] Progress @ 2025-01-22 12:52:53 : 69 steps taken, and 1621 accepted.
[3 : mcmc] Progress @ 2025-01-22 12:53:29 : 72 steps taken, and 1734 accepted.
[0 : mcmc] Progress @ 2025-01-22 12:53:32 : 74 steps taken, and 1567 accepted.
[1 : mcmc] Progress @ 2025-01-22 12:54:08 : 62 steps taken, and 1670 accepted.
[2 : mcmc] Progress @ 2025-01-22 12:54:12 : 72 steps taken, and 1622 accepted.
[3 : mcmc] Progress @ 2025-01-22 12:54:37 : 76 steps taken, and 1736 accepted.
[0 : mcmc] Progress @ 2025-01-22 12:54:55 : 81 steps taken, and 1569 accepted.
[2 : mcmc] Progress @ 2025-01-22 12:55:24 : 77 steps taken, and 1624 accepted.
[1 : mcmc] Progress @ 2025-01-22 12:55:27 : 65 steps taken, and 1671 accepted.
[3 : mcmc] Progress @ 2025-01-22 12:55:47 : 79 steps taken, and 1736 accepted.
[0 : mcmc] Progress @ 2025-01-22 12:56:14 : 87 steps taken, and 1570 accepted.
[1 : mcmc] Progress @ 2025-01-22 12:56:46 : 70 steps taken, and 1672 accepted.
[2 : mcmc] Progress @ 2025-01-22 12:56:47 : 81 steps taken, and 1626 accepted.
[3 : mcmc] Progress @ 2025-01-22 12:57:07 : 82 steps taken, and 1736 accepted.
[0 : mcmc] Progress @ 2025-01-22 12:57:25 : 90 steps taken, and 1571 accepted.
[2 : mcmc] Progress @ 2025-01-22 12:58:00 : 84 steps taken, and 1628 accepted.
[1 : mcmc] Progress @ 2025-01-22 12:58:02 : 73 steps taken, and 1673 accepted.
[3 : mcmc] Progress @ 2025-01-22 12:58:25 : 86 steps taken, and 1737 accepted.
[0 : mcmc] Progress @ 2025-01-22 12:58:51 : 97 steps taken, and 1572 accepted.
[2 : mcmc] Progress @ 2025-01-22 12:59:07 : 87 steps taken, and 1631 accepted.
[1 : mcmc] Progress @ 2025-01-22 12:59:12 : 76 steps taken, and 1674 accepted.
[3 : mcmc] Progress @ 2025-01-22 12:59:29 : 89 steps taken, and 1738 accepted.
[0 : mcmc] Progress @ 2025-01-22 13:00:08 : 103 steps taken, and 1573 accepted.
[2 : mcmc] Progress @ 2025-01-22 13:00:31 : 93 steps taken, and 1633 accepted.
[1 : mcmc] Progress @ 2025-01-22 13:00:37 : 79 steps taken, and 1676 accepted.
[3 : mcmc] Progress @ 2025-01-22 13:00:41 : 92 steps taken, and 1738 accepted.
[0 : mcmc] Progress @ 2025-01-22 13:01:23 : 106 steps taken, and 1574 accepted.
[2 : mcmc] Progress @ 2025-01-22 13:01:31 : 100 steps taken, and 1634 accepted.
[1 : mcmc] Progress @ 2025-01-22 13:01:39 : 83 steps taken, and 1678 accepted.
[3 : mcmc] Progress @ 2025-01-22 13:02:00 : 95 steps taken, and 1739 accepted.
[0 : mcmc] Progress @ 2025-01-22 13:02:30 : 112 steps taken, and 1574 accepted.
[2 : mcmc] Progress @ 2025-01-22 13:02:51 : 105 steps taken, and 1634 accepted.
[1 : mcmc] Progress @ 2025-01-22 13:03:03 : 86 steps taken, and 1678 accepted.
[3 : mcmc] Progress @ 2025-01-22 13:03:07 : 98 steps taken, and 1739 accepted.
[0 : mcmc] Progress @ 2025-01-22 13:03:46 : 118 steps taken, and 1574 accepted.
[2 : mcmc] Progress @ 2025-01-22 13:04:00 : 109 steps taken, and 1635 accepted.
[1 : mcmc] Progress @ 2025-01-22 13:04:15 : 91 steps taken, and 1679 accepted.
[3 : mcmc] Progress @ 2025-01-22 13:04:23 : 102 steps taken, and 1739 accepted.
[0 : mcmc] Progress @ 2025-01-22 13:04:52 : 125 steps taken, and 1576 accepted.
[2 : mcmc] Progress @ 2025-01-22 13:05:13 : 113 steps taken, and 1638 accepted.
[1 : mcmc] Progress @ 2025-01-22 13:05:33 : 94 steps taken, and 1680 accepted.
[3 : mcmc] Progress @ 2025-01-22 13:05:43 : 109 steps taken, and 1740 accepted.
[0 : mcmc] Progress @ 2025-01-22 13:05:54 : 128 steps taken, and 1579 accepted.
[2 : mcmc] Progress @ 2025-01-22 13:06:20 : 124 steps taken, and 1639 accepted.
[1 : mcmc] Progress @ 2025-01-22 13:06:45 : 97 steps taken, and 1681 accepted.
[3 : mcmc] Progress @ 2025-01-22 13:06:58 : 114 steps taken, and 1741 accepted.
[0 : mcmc] Progress @ 2025-01-22 13:06:59 : 134 steps taken, and 1580 accepted.
[2 : mcmc] Progress @ 2025-01-22 13:07:26 : 129 steps taken, and 1641 accepted.
[3 : mcmc] Progress @ 2025-01-22 13:07:59 : 117 steps taken, and 1742 accepted.
[1 : mcmc] Progress @ 2025-01-22 13:08:01 : 100 steps taken, and 1683 accepted.
[node141:43347:0:44568] Caught signal 11 (Segmentation fault: address not mapped to object at address 0xfffffffc04856878)
BFD: DWARF error: can't find .debug_ranges section.
BFD: DWARF error: can't find .debug_ranges section.
==== backtrace (tid:  44568) ====
 0 0x0000000000021563 ucs_debug_print_backtrace()  /dev/shm/UCX/1.8.0/GCCcore-9.3.0/ucx-1.8.0/src/ucs/debug/debug.c:653
 1 0x0000000000039f63 __massivenu_MOD_thermalnubackground_rho()  ???:0
 2 0x000000000003da49 __results_MOD_grho_no_de()  ???:0
 3 0x00000000000a5f01 dtauda_()  ???:0
 4 0x000000000004cfdc __results_MOD_thermo_init._omp_fn.0()  results.f90:0
 5 0x0000000000018f09 gomp_thread_start()  team.c:0
 6 0x0000000000007ea5 start_thread()  pthread_create.c:0
 7 0x00000000000feb0d __clone()  ???:0
=================================
[node141:43347] *** Process received signal ***
[node141:43347] Signal: Segmentation fault (11)
[node141:43347] Signal code:  (-6)
[node141:43347] Failing at address: 0x8cfb80000a953
[node141:43347] [ 0] /lib64/libpthread.so.0(+0xf630)[0x7f3175680630]
[node141:43347] [ 1] /users/smp24dhl/cosmo/code/CAMB_beta/camb/camblib.so(__massivenu_MOD_thermalnubackground_rho+0x63)[0x7f313a75ef63]
[node141:43347] [ 2] /users/smp24dhl/cosmo/code/CAMB_beta/camb/camblib.so(__results_MOD_grho_no_de+0xc9)[0x7f313a762a49]
[node141:43347] [ 3] /users/smp24dhl/cosmo/code/CAMB_beta/camb/camblib.so(dtauda_+0x61)[0x7f313a7caf01]
[node141:43347] [ 4] /users/smp24dhl/cosmo/code/CAMB_beta/camb/camblib.so(+0x4cfdc)[0x7f313a771fdc]
[node141:43347] [ 5] /users/smp24dhl/.conda/envs/cosmos/bin/../lib/libgomp.so.1(+0x18f09)[0x7f313a6fef09]
[node141:43347] [ 6] /lib64/libpthread.so.0(+0x7ea5)[0x7f3175678ea5]
[node141:43347] [ 7] /lib64/libc.so.6(clone+0x6d)[0x7f3174c98b0d]
[node141:43347] *** End of error message ***
--------------------------------------------------------------------------
Primary job  terminated normally, but 1 process returned
a non-zero exit code. Per user-direction, the job has been aborted.
--------------------------------------------------------------------------
--------------------------------------------------------------------------
mpirun noticed that process rank 1 with PID 43347 on node node141 exited on signal 11 (Segmentation fault).
--------------------------------------------------------------------------
