[0 : output] Output to be read-from/written-into folder 'chains', with prefix 'PlanckLensingSDSSPantheon'
[0 : output] Found existing info files with the requested output prefix: 'chains/PlanckLensingSDSSPantheon'
[0 : output] Let's try to resume/load.
[0 : output] Found an old sample. Resuming.
[0 : prior] *WARNING* External prior 'SZ' loaded. Mind that it might not be normalized!

libgomp: 
libgomp: Invalid value for environment variable OMP_NUM_THREADS: 

libgomp: Invalid value for environment variable OMP_NUM_THREADS: 

libgomp: Invalid value for environment variable OMP_NUM_THREADS: 
Invalid value for environment variable OMP_NUM_THREADS: 
[0 : camb] `camb` module loaded successfully from /users/smp24dhl/cosmo/code/CAMB_beta/camb
[0 : planck_2018_highl_plik.ttteee] `clik` module loaded successfully from /users/smp24dhl/cosmo/code/planck/clik/lib/python3.9/site-packages/clik
----
clik version clik_16.0b1-2-g63c889f3aa9c MAKEFILE
  smica
----
clik version clik_16.0b1-2-g63c889f3aa9c MAKEFILE
  smica
----
clik version clik_16.0b1-2-g63c889f3aa9c MAKEFILE
  smica
----
clik version clik_16.0b1-2-g63c889f3aa9c MAKEFILE
  smica
Checking likelihood '/users/smp24dhl/cosmo/data/planck_2018/baseline/plc_3.0/hi_l/plik/plik_rd12_HM_v22b_TTTEEE.clik' on test data. got -1172.47 expected -1172.47 (diff -4.34057e-07)
----
Loading ACT DR6 lensing likelihood v1.2...
Checking likelihood '/users/smp24dhl/cosmo/data/planck_2018/baseline/plc_3.0/hi_l/plik/plik_rd12_HM_v22b_TTTEEE.clik' on test data. got -1172.47 expected -1172.47 (diff -4.34057e-07)
----
Checking likelihood '/users/smp24dhl/cosmo/data/planck_2018/baseline/plc_3.0/hi_l/plik/plik_rd12_HM_v22b_TTTEEE.clik' on test data. got -1172.47 expected -1172.47 (diff -4.34057e-07)
----
Loading ACT DR6 lensing likelihood v1.2...
Loading ACT DR6 lensing likelihood v1.2...
Checking likelihood '/users/smp24dhl/cosmo/data/planck_2018/baseline/plc_3.0/hi_l/plik/plik_rd12_HM_v22b_TTTEEE.clik' on test data. got -1172.47 expected -1172.47 (diff -4.34057e-07)
----
Loading ACT DR6 lensing likelihood v1.2...
/users/smp24dhl/cosmo/code/act_dr6_lenslike/act_dr6_lenslike/act_dr6_lenslike.py:416: UserWarning: Hartlap correction to cinv: 0.949874686716792
  warnings.warn(f"Hartlap correction to cinv: {hartlap_correction}")
[1 : bao.sdss_dr16_baoplus_lrg] Initialized.
/users/smp24dhl/cosmo/code/act_dr6_lenslike/act_dr6_lenslike/act_dr6_lenslike.py:416: UserWarning: Hartlap correction to cinv: 0.949874686716792
  warnings.warn(f"Hartlap correction to cinv: {hartlap_correction}")
[0 : bao.sdss_dr16_baoplus_lrg] Initialized.
/users/smp24dhl/cosmo/code/act_dr6_lenslike/act_dr6_lenslike/act_dr6_lenslike.py:416: UserWarning: Hartlap correction to cinv: 0.949874686716792
  warnings.warn(f"Hartlap correction to cinv: {hartlap_correction}")
[3 : bao.sdss_dr16_baoplus_lrg] Initialized.
/users/smp24dhl/cosmo/code/act_dr6_lenslike/act_dr6_lenslike/act_dr6_lenslike.py:416: UserWarning: Hartlap correction to cinv: 0.949874686716792
  warnings.warn(f"Hartlap correction to cinv: {hartlap_correction}")
[2 : bao.sdss_dr16_baoplus_lrg] Initialized.
[3 : bao.sdss_dr16_baoplus_qso] Initialized.
[1 : bao.sdss_dr16_baoplus_qso] Initialized.
[0 : bao.sdss_dr16_baoplus_qso] Initialized.
[2 : bao.sdss_dr16_baoplus_qso] Initialized.
[0 : mcmc] Resuming from previous sample!
[1 : samplecollection] Loaded 35 sample points from 'chains/PlanckLensingSDSSPantheon.2.txt'
[3 : samplecollection] Loaded 52 sample points from 'chains/PlanckLensingSDSSPantheon.4.txt'
[0 : samplecollection] Loaded 44 sample points from 'chains/PlanckLensingSDSSPantheon.1.txt'
[2 : samplecollection] Loaded 40 sample points from 'chains/PlanckLensingSDSSPantheon.3.txt'
[1 : mcmc] Initial point: logA:3.042361, ns:0.9618432, theta_MC_100:1.04061, ombh2:0.02231476, omch2:0.1209677, w:-0.8862625, wa:-0.5957867, beta_DE:0.9879745, tau:0.05337554, A_planck:1.001731, calib_100T:0.9999219, calib_217T:0.9979693, A_cib_217:63.07366, xi_sz_cib:0.6651072, A_sz:8.865191, ksz_norm:3.01496, gal545_A_100:7.354022, gal545_A_143:12.57248, gal545_A_143_217:22.04034, gal545_A_217:87.56262, ps_A_100_100:274.1579, ps_A_143_143:54.785, ps_A_143_217:55.57371, ps_A_217_217:100.5209, galf_TE_A_100:0.1010686, galf_TE_A_100_143:0.1160926, galf_TE_A_100_217:0.5462703, galf_TE_A_143:0.1831331, galf_TE_A_143_217:0.8122358, galf_TE_A_217:2.24353
[0 : mcmc] Initial point: logA:3.050912, ns:0.969431, theta_MC_100:1.041368, ombh2:0.02232349, omch2:0.1193992, w:-0.7963754, wa:-0.8646639, beta_DE:1.203058, tau:0.05391597, A_planck:1.004046, calib_100T:0.9999684, calib_217T:0.9975558, A_cib_217:52.02539, xi_sz_cib:0.854496, A_sz:7.209172, ksz_norm:2.45445, gal545_A_100:7.131958, gal545_A_143:12.04682, gal545_A_143_217:18.65123, gal545_A_217:86.47944, ps_A_100_100:231.3175, ps_A_143_143:44.86161, ps_A_143_217:53.50078, ps_A_217_217:114.3793, galf_TE_A_100:0.1251529, galf_TE_A_100_143:0.1070654, galf_TE_A_100_217:0.4016118, galf_TE_A_143:0.1695079, galf_TE_A_143_217:0.6243591, galf_TE_A_217:1.998331
[3 : mcmc] Initial point: logA:3.054947, ns:0.9689343, theta_MC_100:1.041509, ombh2:0.02267412, omch2:0.1197783, w:-0.8269555, wa:-0.694372, beta_DE:2.042257, tau:0.06067409, A_planck:0.9987651, calib_100T:0.9990228, calib_217T:0.9976704, A_cib_217:31.31657, xi_sz_cib:0.422097, A_sz:2.852354, ksz_norm:2.73045, gal545_A_100:6.604571, gal545_A_143:11.31546, gal545_A_143_217:14.46878, gal545_A_217:95.56582, ps_A_100_100:277.8656, ps_A_143_143:35.31233, ps_A_143_217:39.2529, ps_A_217_217:134.5719, galf_TE_A_100:0.1759585, galf_TE_A_100_143:0.1135644, galf_TE_A_100_217:0.5357966, galf_TE_A_143:0.1268858, galf_TE_A_143_217:0.6327264, galf_TE_A_217:2.293873
[2 : mcmc] Initial point: logA:3.031711, ns:0.9613257, theta_MC_100:1.041194, ombh2:0.02236812, omch2:0.1197117, w:-0.9329146, wa:-0.3360801, beta_DE:0.4556834, tau:0.04898242, A_planck:0.9998567, calib_100T:1.000221, calib_217T:0.996996, A_cib_217:53.49446, xi_sz_cib:0.1309171, A_sz:5.427179, ksz_norm:8.329998, gal545_A_100:11.08822, gal545_A_143:8.546041, gal545_A_143_217:13.01899, gal545_A_217:81.73758, ps_A_100_100:254.9242, ps_A_143_143:32.46705, ps_A_143_217:21.46819, ps_A_217_217:99.85978, galf_TE_A_100:0.1274843, galf_TE_A_100_143:0.1249423, galf_TE_A_100_217:0.5313124, galf_TE_A_143:0.1604179, galf_TE_A_143_217:0.5252333, galf_TE_A_217:2.063254
[0 : mcmc] *WARNING* Parameter blocking manually/previously fixed: speeds will not be measured.
[0 : mcmc] Dragging with number of interpolating steps:
[0 : mcmc] *  1 : (['theta_MC_100', 'ombh2', 'omch2', 'w', 'wa', 'beta_DE', 'tau'], ['logA', 'ns'])
[0 : mcmc] * 12 : (['A_planck'], ['calib_100T', 'calib_217T', 'A_cib_217', 'xi_sz_cib', 'A_sz', 'ksz_norm', 'gal545_A_100', 'gal545_A_143', 'gal545_A_143_217', 'gal545_A_217', 'ps_A_100_100', 'ps_A_143_143', 'ps_A_143_217', 'ps_A_217_217', 'galf_TE_A_100', 'galf_TE_A_100_143', 'galf_TE_A_100_217', 'galf_TE_A_143', 'galf_TE_A_143_217', 'galf_TE_A_217'])
[0 : mcmc] Covariance matrix from previous sample.
[0 : mcmc] Sampling!
[1 : mcmc] Progress @ 2025-02-15 18:43:16 : 1 steps taken, and 35 accepted.
[0 : mcmc] Progress @ 2025-02-15 18:43:18 : 1 steps taken, and 44 accepted.
[2 : mcmc] Progress @ 2025-02-15 18:43:27 : 1 steps taken, and 40 accepted.
[3 : mcmc] Progress @ 2025-02-15 18:43:29 : 1 steps taken, and 52 accepted.
[1 : mcmc] Progress @ 2025-02-15 18:44:39 : 5 steps taken, and 35 accepted.
[0 : mcmc] Progress @ 2025-02-15 18:44:43 : 5 steps taken, and 44 accepted.
[3 : mcmc] Progress @ 2025-02-15 18:44:53 : 5 steps taken, and 52 accepted.
[2 : mcmc] Progress @ 2025-02-15 18:44:54 : 6 steps taken, and 40 accepted.
[1 : mcmc] Progress @ 2025-02-15 18:45:52 : 8 steps taken, and 35 accepted.
[0 : mcmc] Progress @ 2025-02-15 18:45:54 : 9 steps taken, and 44 accepted.
[2 : mcmc] Progress @ 2025-02-15 18:45:58 : 10 steps taken, and 40 accepted.
[3 : mcmc] Progress @ 2025-02-15 18:46:04 : 8 steps taken, and 52 accepted.
[2 : mcmc] Progress @ 2025-02-15 18:47:03 : 15 steps taken, and 41 accepted.
[0 : mcmc] Progress @ 2025-02-15 18:47:14 : 12 steps taken, and 44 accepted.
[1 : mcmc] Progress @ 2025-02-15 18:47:16 : 11 steps taken, and 35 accepted.
[3 : mcmc] Progress @ 2025-02-15 18:47:20 : 11 steps taken, and 52 accepted.
[2 : mcmc] Progress @ 2025-02-15 18:48:09 : 18 steps taken, and 42 accepted.
[1 : mcmc] Progress @ 2025-02-15 18:48:31 : 14 steps taken, and 35 accepted.
[0 : mcmc] Progress @ 2025-02-15 18:48:33 : 15 steps taken, and 44 accepted.
[3 : mcmc] Progress @ 2025-02-15 18:48:34 : 14 steps taken, and 52 accepted.
[2 : mcmc] Progress @ 2025-02-15 18:49:28 : 25 steps taken, and 43 accepted.
[0 : mcmc] Progress @ 2025-02-15 18:49:34 : 18 steps taken, and 45 accepted.
[1 : mcmc] Progress @ 2025-02-15 18:49:46 : 17 steps taken, and 35 accepted.
[3 : mcmc] Progress @ 2025-02-15 18:49:49 : 17 steps taken, and 52 accepted.
[2 : mcmc] Progress @ 2025-02-15 18:50:48 : 30 steps taken, and 43 accepted.
[0 : mcmc] Progress @ 2025-02-15 18:50:53 : 21 steps taken, and 45 accepted.
[1 : mcmc] Progress @ 2025-02-15 18:50:59 : 20 steps taken, and 35 accepted.
[3 : mcmc] Progress @ 2025-02-15 18:51:13 : 20 steps taken, and 52 accepted.
[2 : mcmc] Progress @ 2025-02-15 18:52:06 : 33 steps taken, and 43 accepted.
[0 : mcmc] Progress @ 2025-02-15 18:52:18 : 26 steps taken, and 45 accepted.
[1 : mcmc] Progress @ 2025-02-15 18:52:24 : 24 steps taken, and 36 accepted.
[3 : mcmc] Progress @ 2025-02-15 18:52:35 : 24 steps taken, and 53 accepted.
[1 : mcmc] Progress @ 2025-02-15 18:53:27 : 27 steps taken, and 37 accepted.
[2 : mcmc] Progress @ 2025-02-15 18:53:29 : 37 steps taken, and 44 accepted.
[0 : mcmc] Progress @ 2025-02-15 18:53:34 : 29 steps taken, and 45 accepted.
[3 : mcmc] Progress @ 2025-02-15 18:53:37 : 28 steps taken, and 54 accepted.
[2 : mcmc] Progress @ 2025-02-15 18:54:44 : 40 steps taken, and 44 accepted.
[1 : mcmc] Progress @ 2025-02-15 18:54:44 : 30 steps taken, and 37 accepted.
[0 : mcmc] Progress @ 2025-02-15 18:54:57 : 32 steps taken, and 45 accepted.
[3 : mcmc] Progress @ 2025-02-15 18:55:02 : 31 steps taken, and 54 accepted.
[2 : mcmc] Progress @ 2025-02-15 18:55:52 : 44 steps taken, and 44 accepted.
[0 : mcmc] Progress @ 2025-02-15 18:56:02 : 35 steps taken, and 47 accepted.
[3 : mcmc] Progress @ 2025-02-15 18:56:07 : 36 steps taken, and 55 accepted.
[1 : mcmc] Progress @ 2025-02-15 18:56:10 : 34 steps taken, and 38 accepted.
[2 : mcmc] Progress @ 2025-02-15 18:57:04 : 48 steps taken, and 44 accepted.
[3 : mcmc] Progress @ 2025-02-15 18:57:21 : 39 steps taken, and 56 accepted.
[0 : mcmc] Progress @ 2025-02-15 18:57:23 : 38 steps taken, and 47 accepted.
[1 : mcmc] Progress @ 2025-02-15 18:57:27 : 39 steps taken, and 39 accepted.
[2 : mcmc] Progress @ 2025-02-15 18:58:18 : 51 steps taken, and 45 accepted.
[3 : mcmc] Progress @ 2025-02-15 18:58:36 : 42 steps taken, and 56 accepted.
[1 : mcmc] Progress @ 2025-02-15 18:58:38 : 43 steps taken, and 39 accepted.
[0 : mcmc] Progress @ 2025-02-15 18:58:48 : 41 steps taken, and 47 accepted.
[2 : mcmc] Progress @ 2025-02-15 18:59:41 : 54 steps taken, and 46 accepted.
[1 : mcmc] Progress @ 2025-02-15 18:59:44 : 47 steps taken, and 40 accepted.
[3 : mcmc] Progress @ 2025-02-15 18:59:57 : 45 steps taken, and 56 accepted.
[0 : mcmc] Progress @ 2025-02-15 19:00:02 : 44 steps taken, and 48 accepted.
[1 : mcmc] Progress @ 2025-02-15 19:00:50 : 52 steps taken, and 40 accepted.
[2 : mcmc] Progress @ 2025-02-15 19:00:53 : 57 steps taken, and 46 accepted.
[3 : mcmc] Progress @ 2025-02-15 19:01:09 : 49 steps taken, and 56 accepted.
[0 : mcmc] Progress @ 2025-02-15 19:01:24 : 49 steps taken, and 48 accepted.
[1 : mcmc] Progress @ 2025-02-15 19:01:55 : 55 steps taken, and 42 accepted.
[2 : mcmc] Progress @ 2025-02-15 19:02:07 : 60 steps taken, and 47 accepted.
[3 : mcmc] Progress @ 2025-02-15 19:02:24 : 52 steps taken, and 56 accepted.
[0 : mcmc] Progress @ 2025-02-15 19:02:45 : 54 steps taken, and 48 accepted.
[1 : mcmc] Progress @ 2025-02-15 19:03:00 : 59 steps taken, and 43 accepted.
[2 : mcmc] Progress @ 2025-02-15 19:03:33 : 63 steps taken, and 48 accepted.
[3 : mcmc] Progress @ 2025-02-15 19:03:46 : 55 steps taken, and 58 accepted.
[0 : mcmc] Progress @ 2025-02-15 19:04:06 : 57 steps taken, and 48 accepted.
[1 : mcmc] Progress @ 2025-02-15 19:04:16 : 62 steps taken, and 43 accepted.
[2 : mcmc] Progress @ 2025-02-15 19:04:48 : 66 steps taken, and 48 accepted.
[3 : mcmc] Progress @ 2025-02-15 19:04:52 : 58 steps taken, and 58 accepted.
[0 : mcmc] Progress @ 2025-02-15 19:05:26 : 62 steps taken, and 48 accepted.
[1 : mcmc] Progress @ 2025-02-15 19:05:40 : 67 steps taken, and 43 accepted.
[2 : mcmc] Progress @ 2025-02-15 19:06:02 : 69 steps taken, and 48 accepted.
[3 : mcmc] Progress @ 2025-02-15 19:06:10 : 62 steps taken, and 58 accepted.
[0 : mcmc] Progress @ 2025-02-15 19:06:35 : 68 steps taken, and 48 accepted.
[1 : mcmc] Progress @ 2025-02-15 19:06:45 : 72 steps taken, and 43 accepted.
[3 : mcmc] Progress @ 2025-02-15 19:07:19 : 65 steps taken, and 59 accepted.
[2 : mcmc] Progress @ 2025-02-15 19:07:25 : 72 steps taken, and 48 accepted.
[0 : mcmc] Progress @ 2025-02-15 19:07:54 : 71 steps taken, and 48 accepted.
[1 : mcmc] Progress @ 2025-02-15 19:08:02 : 76 steps taken, and 44 accepted.
[3 : mcmc] Progress @ 2025-02-15 19:08:22 : 68 steps taken, and 60 accepted.
[2 : mcmc] Progress @ 2025-02-15 19:08:52 : 77 steps taken, and 48 accepted.
[0 : mcmc] Progress @ 2025-02-15 19:09:12 : 75 steps taken, and 49 accepted.
[1 : mcmc] Progress @ 2025-02-15 19:09:18 : 79 steps taken, and 44 accepted.
[3 : mcmc] Progress @ 2025-02-15 19:09:39 : 71 steps taken, and 60 accepted.
[2 : mcmc] Progress @ 2025-02-15 19:09:55 : 81 steps taken, and 48 accepted.
[0 : mcmc] Progress @ 2025-02-15 19:10:34 : 78 steps taken, and 49 accepted.
[1 : mcmc] Progress @ 2025-02-15 19:10:34 : 83 steps taken, and 44 accepted.
[3 : mcmc] Progress @ 2025-02-15 19:10:48 : 74 steps taken, and 60 accepted.
[2 : mcmc] Progress @ 2025-02-15 19:11:10 : 84 steps taken, and 48 accepted.
[1 : mcmc] Progress @ 2025-02-15 19:11:51 : 87 steps taken, and 44 accepted.
[0 : mcmc] Progress @ 2025-02-15 19:11:58 : 81 steps taken, and 49 accepted.
[3 : mcmc] Progress @ 2025-02-15 19:12:07 : 77 steps taken, and 60 accepted.
[2 : mcmc] Progress @ 2025-02-15 19:12:35 : 89 steps taken, and 49 accepted.
[1 : mcmc] Progress @ 2025-02-15 19:13:00 : 95 steps taken, and 45 accepted.
[3 : mcmc] Progress @ 2025-02-15 19:13:16 : 80 steps taken, and 61 accepted.
[0 : mcmc] Progress @ 2025-02-15 19:13:20 : 84 steps taken, and 49 accepted.
[2 : mcmc] Progress @ 2025-02-15 19:14:00 : 93 steps taken, and 49 accepted.
[1 : mcmc] Progress @ 2025-02-15 19:14:14 : 98 steps taken, and 45 accepted.
[3 : mcmc] Progress @ 2025-02-15 19:14:36 : 83 steps taken, and 63 accepted.
[0 : mcmc] Progress @ 2025-02-15 19:14:43 : 87 steps taken, and 49 accepted.
[2 : mcmc] Progress @ 2025-02-15 19:15:14 : 96 steps taken, and 49 accepted.
[1 : mcmc] Progress @ 2025-02-15 19:15:30 : 102 steps taken, and 45 accepted.
[3 : mcmc] Progress @ 2025-02-15 19:15:44 : 86 steps taken, and 64 accepted.
[0 : mcmc] Progress @ 2025-02-15 19:15:46 : 90 steps taken, and 50 accepted.
[2 : mcmc] Progress @ 2025-02-15 19:16:29 : 99 steps taken, and 49 accepted.
[1 : mcmc] Progress @ 2025-02-15 19:16:39 : 105 steps taken, and 45 accepted.
[3 : mcmc] Progress @ 2025-02-15 19:16:53 : 90 steps taken, and 64 accepted.
[0 : mcmc] Progress @ 2025-02-15 19:16:55 : 93 steps taken, and 51 accepted.
[2 : mcmc] Progress @ 2025-02-15 19:17:44 : 102 steps taken, and 49 accepted.
[1 : mcmc] Progress @ 2025-02-15 19:17:57 : 108 steps taken, and 45 accepted.
[3 : mcmc] Progress @ 2025-02-15 19:18:03 : 93 steps taken, and 64 accepted.
[0 : mcmc] Progress @ 2025-02-15 19:18:14 : 98 steps taken, and 51 accepted.
[1 : mcmc] Progress @ 2025-02-15 19:19:02 : 112 steps taken, and 45 accepted.
[2 : mcmc] Progress @ 2025-02-15 19:19:06 : 105 steps taken, and 49 accepted.
[3 : mcmc] Progress @ 2025-02-15 19:19:23 : 96 steps taken, and 64 accepted.
[0 : mcmc] Progress @ 2025-02-15 19:19:35 : 101 steps taken, and 51 accepted.
[1 : mcmc] Progress @ 2025-02-15 19:20:19 : 115 steps taken, and 45 accepted.
[2 : mcmc] Progress @ 2025-02-15 19:20:21 : 108 steps taken, and 49 accepted.
[3 : mcmc] Progress @ 2025-02-15 19:20:29 : 100 steps taken, and 65 accepted.
[0 : mcmc] Progress @ 2025-02-15 19:20:43 : 104 steps taken, and 52 accepted.
[1 : mcmc] Progress @ 2025-02-15 19:21:33 : 120 steps taken, and 45 accepted.
[3 : mcmc] Progress @ 2025-02-15 19:21:39 : 105 steps taken, and 65 accepted.
[2 : mcmc] Progress @ 2025-02-15 19:21:44 : 112 steps taken, and 50 accepted.
[0 : mcmc] Progress @ 2025-02-15 19:21:56 : 108 steps taken, and 53 accepted.
[2 : mcmc] Progress @ 2025-02-15 19:22:45 : 116 steps taken, and 50 accepted.
[1 : mcmc] Progress @ 2025-02-15 19:22:49 : 123 steps taken, and 45 accepted.
[3 : mcmc] Progress @ 2025-02-15 19:22:59 : 109 steps taken, and 65 accepted.
[0 : mcmc] Progress @ 2025-02-15 19:23:20 : 112 steps taken, and 53 accepted.
[1 : mcmc] Progress @ 2025-02-15 19:24:04 : 128 steps taken, and 46 accepted.
[3 : mcmc] Progress @ 2025-02-15 19:24:09 : 112 steps taken, and 67 accepted.
[2 : mcmc] Progress @ 2025-02-15 19:24:10 : 122 steps taken, and 52 accepted.
[0 : mcmc] Progress @ 2025-02-15 19:24:34 : 116 steps taken, and 55 accepted.
[3 : mcmc] Progress @ 2025-02-15 19:25:21 : 115 steps taken, and 67 accepted.
[1 : mcmc] Progress @ 2025-02-15 19:25:26 : 132 steps taken, and 46 accepted.
[2 : mcmc] Progress @ 2025-02-15 19:25:30 : 126 steps taken, and 53 accepted.
[0 : mcmc] Progress @ 2025-02-15 19:25:57 : 120 steps taken, and 56 accepted.
[2 : mcmc] Progress @ 2025-02-15 19:26:31 : 129 steps taken, and 55 accepted.
[3 : mcmc] Progress @ 2025-02-15 19:26:43 : 118 steps taken, and 68 accepted.
[1 : mcmc] Progress @ 2025-02-15 19:26:47 : 135 steps taken, and 46 accepted.
[0 : mcmc] Progress @ 2025-02-15 19:27:12 : 124 steps taken, and 58 accepted.
[2 : mcmc] Progress @ 2025-02-15 19:27:52 : 133 steps taken, and 55 accepted.
[1 : mcmc] Progress @ 2025-02-15 19:27:58 : 139 steps taken, and 47 accepted.
[3 : mcmc] Progress @ 2025-02-15 19:28:00 : 123 steps taken, and 68 accepted.
[0 : mcmc] Progress @ 2025-02-15 19:28:23 : 127 steps taken, and 59 accepted.
[1 : mcmc] Progress @ 2025-02-15 19:29:04 : 143 steps taken, and 48 accepted.
[2 : mcmc] Progress @ 2025-02-15 19:29:14 : 136 steps taken, and 55 accepted.
[3 : mcmc] Progress @ 2025-02-15 19:29:26 : 127 steps taken, and 68 accepted.
[0 : mcmc] Progress @ 2025-02-15 19:29:44 : 130 steps taken, and 59 accepted.
[1 : mcmc] Progress @ 2025-02-15 19:30:12 : 146 steps taken, and 50 accepted.
[2 : mcmc] Progress @ 2025-02-15 19:30:24 : 140 steps taken, and 55 accepted.
[3 : mcmc] Progress @ 2025-02-15 19:30:31 : 131 steps taken, and 68 accepted.
[0 : mcmc] Progress @ 2025-02-15 19:30:56 : 133 steps taken, and 60 accepted.
[1 : mcmc] Progress @ 2025-02-15 19:31:31 : 150 steps taken, and 50 accepted.
[2 : mcmc] Progress @ 2025-02-15 19:31:37 : 144 steps taken, and 55 accepted.
[3 : mcmc] Progress @ 2025-02-15 19:31:49 : 134 steps taken, and 68 accepted.
[0 : mcmc] Progress @ 2025-02-15 19:32:11 : 138 steps taken, and 60 accepted.
[1 : mcmc] Progress @ 2025-02-15 19:32:41 : 153 steps taken, and 51 accepted.
[2 : mcmc] Progress @ 2025-02-15 19:32:49 : 147 steps taken, and 55 accepted.
[3 : mcmc] Progress @ 2025-02-15 19:33:09 : 137 steps taken, and 68 accepted.
[0 : mcmc] Progress @ 2025-02-15 19:33:34 : 143 steps taken, and 60 accepted.
[1 : mcmc] Progress @ 2025-02-15 19:33:53 : 158 steps taken, and 51 accepted.
[2 : mcmc] Progress @ 2025-02-15 19:34:11 : 150 steps taken, and 56 accepted.
[3 : mcmc] Progress @ 2025-02-15 19:34:17 : 141 steps taken, and 69 accepted.
[0 : mcmc] Progress @ 2025-02-15 19:34:45 : 147 steps taken, and 60 accepted.
[1 : mcmc] Progress @ 2025-02-15 19:35:00 : 162 steps taken, and 51 accepted.
[2 : mcmc] Progress @ 2025-02-15 19:35:26 : 154 steps taken, and 56 accepted.
[3 : mcmc] Progress @ 2025-02-15 19:35:28 : 144 steps taken, and 70 accepted.
[0 : mcmc] Progress @ 2025-02-15 19:35:56 : 150 steps taken, and 61 accepted.
[1 : mcmc] Progress @ 2025-02-15 19:36:12 : 166 steps taken, and 51 accepted.
[2 : mcmc] Progress @ 2025-02-15 19:36:39 : 157 steps taken, and 57 accepted.
[3 : mcmc] Progress @ 2025-02-15 19:36:39 : 148 steps taken, and 70 accepted.
[0 : mcmc] Progress @ 2025-02-15 19:37:10 : 153 steps taken, and 61 accepted.
[1 : mcmc] Progress @ 2025-02-15 19:37:30 : 172 steps taken, and 51 accepted.
[2 : mcmc] Progress @ 2025-02-15 19:38:01 : 160 steps taken, and 57 accepted.
[3 : mcmc] Progress @ 2025-02-15 19:38:03 : 151 steps taken, and 70 accepted.
[0 : mcmc] Progress @ 2025-02-15 19:38:23 : 156 steps taken, and 61 accepted.
[1 : mcmc] Progress @ 2025-02-15 19:38:35 : 177 steps taken, and 52 accepted.
[2 : mcmc] Progress @ 2025-02-15 19:39:12 : 163 steps taken, and 57 accepted.
[3 : mcmc] Progress @ 2025-02-15 19:39:15 : 154 steps taken, and 70 accepted.
[1 : mcmc] Progress @ 2025-02-15 19:39:39 : 181 steps taken, and 52 accepted.
[0 : mcmc] Progress @ 2025-02-15 19:39:45 : 159 steps taken, and 63 accepted.
[2 : mcmc] Progress @ 2025-02-15 19:40:19 : 166 steps taken, and 57 accepted.
[3 : mcmc] Progress @ 2025-02-15 19:40:24 : 157 steps taken, and 70 accepted.
[1 : mcmc] Progress @ 2025-02-15 19:40:52 : 189 steps taken, and 53 accepted.
[0 : mcmc] Progress @ 2025-02-15 19:40:59 : 165 steps taken, and 63 accepted.
[2 : mcmc] Progress @ 2025-02-15 19:41:31 : 169 steps taken, and 57 accepted.
[3 : mcmc] Progress @ 2025-02-15 19:41:32 : 160 steps taken, and 71 accepted.
[1 : mcmc] Progress @ 2025-02-15 19:42:03 : 192 steps taken, and 53 accepted.
[0 : mcmc] Progress @ 2025-02-15 19:42:21 : 168 steps taken, and 63 accepted.
[2 : mcmc] Progress @ 2025-02-15 19:42:53 : 174 steps taken, and 57 accepted.
[3 : mcmc] Progress @ 2025-02-15 19:42:55 : 163 steps taken, and 71 accepted.
[1 : mcmc] Progress @ 2025-02-15 19:43:26 : 195 steps taken, and 53 accepted.
[0 : mcmc] Progress @ 2025-02-15 19:43:45 : 171 steps taken, and 65 accepted.
[2 : mcmc] Progress @ 2025-02-15 19:43:53 : 177 steps taken, and 58 accepted.
[3 : mcmc] Progress @ 2025-02-15 19:44:15 : 166 steps taken, and 71 accepted.
[1 : mcmc] Progress @ 2025-02-15 19:44:36 : 198 steps taken, and 53 accepted.
[0 : mcmc] Progress @ 2025-02-15 19:44:50 : 176 steps taken, and 67 accepted.
[2 : mcmc] Progress @ 2025-02-15 19:45:08 : 184 steps taken, and 58 accepted.
[3 : mcmc] Progress @ 2025-02-15 19:45:37 : 170 steps taken, and 71 accepted.
[1 : mcmc] Progress @ 2025-02-15 19:45:45 : 201 steps taken, and 53 accepted.
[0 : mcmc] Progress @ 2025-02-15 19:46:11 : 180 steps taken, and 67 accepted.
[2 : mcmc] Progress @ 2025-02-15 19:46:30 : 189 steps taken, and 59 accepted.
[3 : mcmc] Progress @ 2025-02-15 19:46:56 : 174 steps taken, and 72 accepted.
[1 : mcmc] Progress @ 2025-02-15 19:46:57 : 204 steps taken, and 53 accepted.
[0 : mcmc] Progress @ 2025-02-15 19:47:32 : 183 steps taken, and 67 accepted.
[2 : mcmc] Progress @ 2025-02-15 19:47:51 : 192 steps taken, and 59 accepted.
[3 : mcmc] Progress @ 2025-02-15 19:48:09 : 177 steps taken, and 72 accepted.
[1 : mcmc] Progress @ 2025-02-15 19:48:14 : 209 steps taken, and 53 accepted.
[0 : mcmc] Progress @ 2025-02-15 19:48:44 : 186 steps taken, and 68 accepted.
[2 : mcmc] Progress @ 2025-02-15 19:49:13 : 198 steps taken, and 60 accepted.
[1 : mcmc] Progress @ 2025-02-15 19:49:17 : 212 steps taken, and 54 accepted.
[3 : mcmc] Progress @ 2025-02-15 19:49:32 : 180 steps taken, and 72 accepted.
[0 : mcmc] Progress @ 2025-02-15 19:49:59 : 189 steps taken, and 69 accepted.
[1 : mcmc] Progress @ 2025-02-15 19:50:26 : 215 steps taken, and 54 accepted.
[2 : mcmc] Progress @ 2025-02-15 19:50:27 : 205 steps taken, and 60 accepted.
[3 : mcmc] Progress @ 2025-02-15 19:50:56 : 183 steps taken, and 72 accepted.
[0 : mcmc] Progress @ 2025-02-15 19:51:11 : 192 steps taken, and 70 accepted.
[1 : mcmc] Progress @ 2025-02-15 19:51:32 : 219 steps taken, and 54 accepted.
[2 : mcmc] Progress @ 2025-02-15 19:51:35 : 213 steps taken, and 60 accepted.
[3 : mcmc] Progress @ 2025-02-15 19:52:15 : 186 steps taken, and 73 accepted.
[0 : mcmc] Progress @ 2025-02-15 19:52:34 : 195 steps taken, and 70 accepted.
[1 : mcmc] Progress @ 2025-02-15 19:52:39 : 223 steps taken, and 54 accepted.
[2 : mcmc] Progress @ 2025-02-15 19:52:53 : 217 steps taken, and 60 accepted.
[3 : mcmc] Progress @ 2025-02-15 19:53:21 : 189 steps taken, and 73 accepted.
[0 : mcmc] Progress @ 2025-02-15 19:53:48 : 199 steps taken, and 71 accepted.
[1 : mcmc] Progress @ 2025-02-15 19:53:57 : 226 steps taken, and 55 accepted.
[2 : mcmc] Progress @ 2025-02-15 19:54:03 : 227 steps taken, and 60 accepted.
[3 : mcmc] Progress @ 2025-02-15 19:54:46 : 192 steps taken, and 74 accepted.
[1 : mcmc] Progress @ 2025-02-15 19:55:06 : 232 steps taken, and 56 accepted.
[0 : mcmc] Progress @ 2025-02-15 19:55:10 : 202 steps taken, and 71 accepted.
[2 : mcmc] Progress @ 2025-02-15 19:55:11 : 233 steps taken, and 60 accepted.
[3 : mcmc] Progress @ 2025-02-15 19:55:49 : 195 steps taken, and 75 accepted.
[1 : mcmc] Progress @ 2025-02-15 19:56:10 : 236 steps taken, and 57 accepted.
[2 : mcmc] Progress @ 2025-02-15 19:56:17 : 238 steps taken, and 61 accepted.
[0 : mcmc] Progress @ 2025-02-15 19:56:25 : 205 steps taken, and 71 accepted.
[3 : mcmc] Progress @ 2025-02-15 19:57:15 : 199 steps taken, and 75 accepted.
[1 : mcmc] Progress @ 2025-02-15 19:57:27 : 239 steps taken, and 58 accepted.
[2 : mcmc] Progress @ 2025-02-15 19:57:35 : 241 steps taken, and 61 accepted.
[0 : mcmc] Progress @ 2025-02-15 19:57:38 : 208 steps taken, and 71 accepted.
[0 : mcmc] Progress @ 2025-02-15 19:58:39 : 211 steps taken, and 72 accepted.
[3 : mcmc] Progress @ 2025-02-15 19:58:39 : 202 steps taken, and 77 accepted.
[1 : mcmc] Progress @ 2025-02-15 19:58:41 : 246 steps taken, and 59 accepted.
[2 : mcmc] Progress @ 2025-02-15 19:58:48 : 244 steps taken, and 61 accepted.
[1 : mcmc] Progress @ 2025-02-15 19:59:53 : 251 steps taken, and 60 accepted.
[3 : mcmc] Progress @ 2025-02-15 19:59:54 : 205 steps taken, and 77 accepted.
[0 : mcmc] Progress @ 2025-02-15 20:00:00 : 214 steps taken, and 72 accepted.
[2 : mcmc] Progress @ 2025-02-15 20:00:08 : 247 steps taken, and 61 accepted.
[1 : mcmc] Progress @ 2025-02-15 20:00:56 : 258 steps taken, and 60 accepted.
[3 : mcmc] Progress @ 2025-02-15 20:01:08 : 208 steps taken, and 77 accepted.
[2 : mcmc] Progress @ 2025-02-15 20:01:15 : 250 steps taken, and 61 accepted.
[0 : mcmc] Progress @ 2025-02-15 20:01:23 : 218 steps taken, and 72 accepted.
[1 : mcmc] Progress @ 2025-02-15 20:01:58 : 262 steps taken, and 61 accepted.
[3 : mcmc] Progress @ 2025-02-15 20:02:11 : 211 steps taken, and 77 accepted.
[2 : mcmc] Progress @ 2025-02-15 20:02:24 : 253 steps taken, and 61 accepted.
[0 : mcmc] Progress @ 2025-02-15 20:02:37 : 221 steps taken, and 73 accepted.
[1 : mcmc] Progress @ 2025-02-15 20:03:25 : 266 steps taken, and 61 accepted.
[2 : mcmc] Progress @ 2025-02-15 20:03:31 : 256 steps taken, and 61 accepted.
[3 : mcmc] Progress @ 2025-02-15 20:03:36 : 214 steps taken, and 77 accepted.
[0 : mcmc] Progress @ 2025-02-15 20:04:02 : 224 steps taken, and 73 accepted.
[3 : mcmc] Progress @ 2025-02-15 20:04:46 : 217 steps taken, and 78 accepted.
[1 : mcmc] Progress @ 2025-02-15 20:04:48 : 269 steps taken, and 61 accepted.
[2 : mcmc] Progress @ 2025-02-15 20:04:49 : 259 steps taken, and 61 accepted.
[0 : mcmc] Progress @ 2025-02-15 20:05:18 : 227 steps taken, and 73 accepted.
[2 : mcmc] Progress @ 2025-02-15 20:06:01 : 264 steps taken, and 62 accepted.
[3 : mcmc] Progress @ 2025-02-15 20:06:09 : 220 steps taken, and 78 accepted.
[1 : mcmc] Progress @ 2025-02-15 20:06:11 : 272 steps taken, and 61 accepted.
[node044:25387:0:25456] Caught signal 11 (Segmentation fault: address not mapped to object at address 0xfffffffc05dd46b8)
BFD: DWARF error: can't find .debug_ranges section.
BFD: DWARF error: can't find .debug_ranges section.
==== backtrace (tid:  25456) ====
 0 0x0000000000021563 ucs_debug_print_backtrace()  /dev/shm/UCX/1.8.0/GCCcore-9.3.0/ucx-1.8.0/src/ucs/debug/debug.c:653
 1 0x0000000000039f63 __massivenu_MOD_thermalnubackground_rho()  ???:0
 2 0x000000000003da49 __results_MOD_grho_no_de()  ???:0
 3 0x00000000000a5f01 dtauda_()  ???:0
 4 0x000000000004cfdc __results_MOD_thermo_init._omp_fn.0()  results.f90:0
 5 0x0000000000018f09 gomp_thread_start()  team.c:0
 6 0x0000000000007ea5 start_thread()  pthread_create.c:0
 7 0x00000000000feb0d __clone()  ???:0
=================================
[node044:25387] *** Process received signal ***
[node044:25387] Signal: Segmentation fault (11)
[node044:25387] Signal code:  (-6)
[node044:25387] Failing at address: 0x8cfb80000632b
[node044:25387] [ 0] /lib64/libpthread.so.0(+0xf630)[0x7fdb76950630]
[node044:25387] [ 1] /users/smp24dhl/cosmo/code/CAMB_beta/camb/camblib.so(__massivenu_MOD_thermalnubackground_rho+0x63)[0x7fdb3ba43f63]
[node044:25387] [ 2] /users/smp24dhl/cosmo/code/CAMB_beta/camb/camblib.so(__results_MOD_grho_no_de+0xc9)[0x7fdb3ba47a49]
[node044:25387] [ 3] /users/smp24dhl/cosmo/code/CAMB_beta/camb/camblib.so(dtauda_+0x61)[0x7fdb3baaff01]
[node044:25387] [ 4] /users/smp24dhl/cosmo/code/CAMB_beta/camb/camblib.so(+0x4cfdc)[0x7fdb3ba56fdc]
[node044:25387] [ 5] /users/smp24dhl/.conda/envs/cosmos/bin/../lib/libgomp.so.1(+0x18f09)[0x7fdb3b9e3f09]
[node044:25387] [ 6] /lib64/libpthread.so.0(+0x7ea5)[0x7fdb76948ea5]
[node044:25387] [ 7] /lib64/libc.so.6(clone+0x6d)[0x7fdb75f68b0d]
[node044:25387] *** End of error message ***
--------------------------------------------------------------------------
Primary job  terminated normally, but 1 process returned
a non-zero exit code. Per user-direction, the job has been aborted.
--------------------------------------------------------------------------
--------------------------------------------------------------------------
mpirun noticed that process rank 1 with PID 25387 on node node044 exited on signal 11 (Segmentation fault).
--------------------------------------------------------------------------
