[0 : output] Output to be read-from/written-into folder 'chains', with prefix 'full'
[0 : output] Found existing info files with the requested output prefix: 'chains/full'
[0 : output] Let's try to resume/load.
[0 : output] Found an old sample. Resuming.
[0 : prior] *WARNING* External prior 'SZ' loaded. Mind that it might not be normalized!
[0 : camb] `camb` module loaded successfully from /users/smp24dhl/cosmo/code/CAMB_beta/camb
[0 : planck_2018_highl_plik.ttteee] `clik` module loaded successfully from /users/smp24dhl/cosmo/code/planck/clik/lib/python3.9/site-packages/clik
----
clik version clik_16.0b1-2-g63c889f3aa9c MAKEFILE
  smica
----
clik version clik_16.0b1-2-g63c889f3aa9c MAKEFILE
  smica
----
clik version clik_16.0b1-2-g63c889f3aa9c MAKEFILE
  smica
----
clik version clik_16.0b1-2-g63c889f3aa9c MAKEFILE
  smica
Checking likelihood '/users/smp24dhl/cosmo/data/planck_2018/baseline/plc_3.0/hi_l/plik/plik_rd12_HM_v22b_TTTEEE.clik' on test data. got -1172.47 expected -1172.47 (diff -4.34055e-07)
----
Checking likelihood '/users/smp24dhl/cosmo/data/planck_2018/baseline/plc_3.0/hi_l/plik/plik_rd12_HM_v22b_TTTEEE.clik' on test data. got -1172.47 expected -1172.47 (diff -4.34055e-07)
----
Checking likelihood '/users/smp24dhl/cosmo/data/planck_2018/baseline/plc_3.0/hi_l/plik/plik_rd12_HM_v22b_TTTEEE.clik' on test data. got -1172.47 expected -1172.47 (diff -4.34055e-07)
----
Checking likelihood '/users/smp24dhl/cosmo/data/planck_2018/baseline/plc_3.0/hi_l/plik/plik_rd12_HM_v22b_TTTEEE.clik' on test data. got -1172.47 expected -1172.47 (diff -4.34055e-07)
----
Checking lensing likelihood '/users/smp24dhl/cosmo/data/planck_2018/baseline/plc_3.0/lensing/smicadx12_Dec5_ftl_mv2_ndclpp_p_teb_consext8.clik_lensing' on test data. got -4.42102
Checking lensing likelihood '/users/smp24dhl/cosmo/data/planck_2018/baseline/plc_3.0/lensing/smicadx12_Dec5_ftl_mv2_ndclpp_p_teb_consext8.clik_lensing' on test data. got -4.42102
[0 : planck_2018_lensing.clik] `clik` module loaded successfully from /users/smp24dhl/cosmo/code/planck/clik/lib/python3.9/site-packages/clik
Checking lensing likelihood '/users/smp24dhl/cosmo/data/planck_2018/baseline/plc_3.0/lensing/smicadx12_Dec5_ftl_mv2_ndclpp_p_teb_consext8.clik_lensing' on test data. got -4.42102
Checking lensing likelihood '/users/smp24dhl/cosmo/data/planck_2018/baseline/plc_3.0/lensing/smicadx12_Dec5_ftl_mv2_ndclpp_p_teb_consext8.clik_lensing' on test data. got -4.42102
[0 : mcmc] Resuming from previous sample!
[1 : samplecollection] Loaded 1873 sample points from 'chains/full.2.txt'
[3 : samplecollection] Loaded 1798 sample points from 'chains/full.4.txt'
[0 : samplecollection] Loaded 2854 sample points from 'chains/full.1.txt'
[2 : samplecollection] Loaded 2818 sample points from 'chains/full.3.txt'
[1 : mcmc] Initial point: logA:3.050771, ns:0.9696173, theta_MC_100:1.041231, ombh2:0.0226393, omch2:0.1192187, w:-1.259988, wa:-2.023295, beta_DE:-2.070898, tau:0.05861132, A_planck:0.9988784, calib_100T:0.9995781, calib_217T:0.997907, A_cib_217:45.25038, xi_sz_cib:0.698806, A_sz:4.054525, ksz_norm:2.924064, gal545_A_100:11.83141, gal545_A_143:10.31592, gal545_A_143_217:18.27619, gal545_A_217:92.86148, ps_A_100_100:249.7071, ps_A_143_143:39.6564, ps_A_143_217:36.69675, ps_A_217_217:112.7405, galf_TE_A_100:0.02189162, galf_TE_A_100_143:0.08323506, galf_TE_A_100_217:0.4256233, galf_TE_A_143:0.2030517, galf_TE_A_143_217:0.7044227, galf_TE_A_217:2.531024
[3 : mcmc] Initial point: logA:3.032903, ns:0.9633608, theta_MC_100:1.041234, ombh2:0.02253234, omch2:0.1205939, w:-0.8344708, wa:-2.458551, beta_DE:0.5823525, tau:0.04370805, A_planck:1.003494, calib_100T:0.9994809, calib_217T:0.9975949, A_cib_217:37.61026, xi_sz_cib:0.7490701, A_sz:5.205632, ksz_norm:2.659632, gal545_A_100:6.230823, gal545_A_143:10.18963, gal545_A_143_217:18.14708, gal545_A_217:98.25546, ps_A_100_100:263.8928, ps_A_143_143:52.24138, ps_A_143_217:51.72548, ps_A_217_217:134.2194, galf_TE_A_100:0.1133017, galf_TE_A_100_143:0.1821002, galf_TE_A_100_217:0.4466408, galf_TE_A_143:0.2674623, galf_TE_A_143_217:0.6294632, galf_TE_A_217:1.801012
[0 : mcmc] Initial point: logA:3.051844, ns:0.9621806, theta_MC_100:1.04073, ombh2:0.02245958, omch2:0.1211306, w:0.1832218, wa:-2.197481, beta_DE:-0.29426, tau:0.05904233, A_planck:0.9979643, calib_100T:0.9998471, calib_217T:0.9981292, A_cib_217:38.73894, xi_sz_cib:0.4942803, A_sz:8.026921, ksz_norm:0.2121466, gal545_A_100:7.16434, gal545_A_143:8.798893, gal545_A_143_217:26.13328, gal545_A_217:111.2108, ps_A_100_100:259.9439, ps_A_143_143:53.90053, ps_A_143_217:47.74546, ps_A_217_217:120.8805, galf_TE_A_100:0.08846551, galf_TE_A_100_143:0.07814631, galf_TE_A_100_217:0.5985299, galf_TE_A_143:0.1970852, galf_TE_A_143_217:0.6571737, galf_TE_A_217:2.279228
[2 : mcmc] Initial point: logA:3.037339, ns:0.9640903, theta_MC_100:1.04108, ombh2:0.02246345, omch2:0.1197473, w:-1.111152, wa:-2.787986, beta_DE:-2.436534, tau:0.05244619, A_planck:0.9991617, calib_100T:0.9983831, calib_217T:0.9984453, A_cib_217:46.57501, xi_sz_cib:0.974341, A_sz:5.915171, ksz_norm:1.793801, gal545_A_100:8.983225, gal545_A_143:13.79285, gal545_A_143_217:21.14384, gal545_A_217:101.2037, ps_A_100_100:225.8703, ps_A_143_143:52.259, ps_A_143_217:58.50158, ps_A_217_217:113.7105, galf_TE_A_100:0.08066632, galf_TE_A_100_143:0.142937, galf_TE_A_100_217:0.4783022, galf_TE_A_143:0.2424045, galf_TE_A_143_217:0.7010774, galf_TE_A_217:2.171756
[0 : mcmc] *WARNING* Parameter blocking manually/previously fixed: speeds will not be measured.
[0 : mcmc] Dragging with number of interpolating steps:
[0 : mcmc] *  1 : (['theta_MC_100', 'ombh2', 'omch2', 'w', 'wa', 'beta_DE', 'tau'], ['logA', 'ns'])
[0 : mcmc] * 14 : (['A_planck'], ['calib_100T', 'calib_217T', 'A_cib_217', 'xi_sz_cib', 'A_sz', 'ksz_norm', 'gal545_A_100', 'gal545_A_143', 'gal545_A_143_217', 'gal545_A_217', 'ps_A_100_100', 'ps_A_143_143', 'ps_A_143_217', 'ps_A_217_217', 'galf_TE_A_100', 'galf_TE_A_100_143', 'galf_TE_A_100_217', 'galf_TE_A_143', 'galf_TE_A_143_217', 'galf_TE_A_217'])
[0 : mcmc] Covariance matrix from previous sample.
[0 : mcmc] Sampling!
[2 : mcmc] Progress @ 2024-12-21 18:35:35 : 1 steps taken, and 2818 accepted.
[1 : mcmc] Progress @ 2024-12-21 18:35:38 : 1 steps taken, and 1873 accepted.
[3 : mcmc] Progress @ 2024-12-21 18:35:39 : 1 steps taken, and 1798 accepted.
[0 : mcmc] Progress @ 2024-12-21 18:35:41 : 1 steps taken, and 2854 accepted.
[3 : mcmc] Learn + convergence test @ 1800 samples accepted.
[3 : mcmc] Ready to check convergence and learn a new proposal covmat (waiting for the rest...)
[1 : mcmc] Progress @ 2024-12-21 18:36:40 : 42 steps taken, and 1879 accepted.
[3 : mcmc] Progress @ 2024-12-21 18:36:41 : 33 steps taken, and 1809 accepted.
[2 : mcmc] Progress @ 2024-12-21 18:36:41 : 25 steps taken, and 2823 accepted.
[0 : mcmc] Progress @ 2024-12-21 18:36:47 : 12 steps taken, and 2857 accepted.
[1 : mcmc] Progress @ 2024-12-21 18:37:41 : 102 steps taken, and 1891 accepted.
[3 : mcmc] Progress @ 2024-12-21 18:37:41 : 67 steps taken, and 1816 accepted.
[2 : mcmc] Progress @ 2024-12-21 18:37:46 : 42 steps taken, and 2827 accepted.
[0 : mcmc] Progress @ 2024-12-21 18:37:50 : 22 steps taken, and 2862 accepted.
[3 : mcmc] Progress @ 2024-12-21 18:38:45 : 96 steps taken, and 1826 accepted.
[1 : mcmc] Progress @ 2024-12-21 18:38:45 : 143 steps taken, and 1904 accepted.
[2 : mcmc] Progress @ 2024-12-21 18:38:47 : 53 steps taken, and 2830 accepted.
[0 : mcmc] Progress @ 2024-12-21 18:38:54 : 44 steps taken, and 2869 accepted.
[1 : mcmc] Progress @ 2024-12-21 18:39:46 : 180 steps taken, and 1915 accepted.
[3 : mcmc] Progress @ 2024-12-21 18:39:47 : 145 steps taken, and 1836 accepted.
[2 : mcmc] Progress @ 2024-12-21 18:39:48 : 70 steps taken, and 2835 accepted.
[0 : mcmc] Progress @ 2024-12-21 18:39:57 : 57 steps taken, and 2875 accepted.
[1 : mcmc] Progress @ 2024-12-21 18:40:47 : 213 steps taken, and 1929 accepted.
[3 : mcmc] Progress @ 2024-12-21 18:40:47 : 182 steps taken, and 1849 accepted.
[2 : mcmc] Progress @ 2024-12-21 18:40:52 : 89 steps taken, and 2840 accepted.
[0 : mcmc] Learn + convergence test @ 2880 samples accepted.
[0 : mcmc] Ready to check convergence and learn a new proposal covmat (waiting for the rest...)
[0 : mcmc] Progress @ 2024-12-21 18:41:02 : 73 steps taken, and 2881 accepted.
[1 : mcmc] Progress @ 2024-12-21 18:41:48 : 243 steps taken, and 1943 accepted.
[3 : mcmc] Progress @ 2024-12-21 18:41:53 : 214 steps taken, and 1861 accepted.
[2 : mcmc] Progress @ 2024-12-21 18:41:55 : 125 steps taken, and 2845 accepted.
[0 : mcmc] Progress @ 2024-12-21 18:42:05 : 88 steps taken, and 2885 accepted.
[1 : mcmc] Progress @ 2024-12-21 18:42:51 : 288 steps taken, and 1959 accepted.
[3 : mcmc] Progress @ 2024-12-21 18:42:54 : 243 steps taken, and 1873 accepted.
[2 : mcmc] Progress @ 2024-12-21 18:42:58 : 142 steps taken, and 2849 accepted.
[0 : mcmc] Progress @ 2024-12-21 18:43:10 : 100 steps taken, and 2891 accepted.
[1 : mcmc] Progress @ 2024-12-21 18:43:51 : 338 steps taken, and 1975 accepted.
[3 : mcmc] Progress @ 2024-12-21 18:43:55 : 272 steps taken, and 1890 accepted.
[2 : mcmc] Progress @ 2024-12-21 18:44:01 : 159 steps taken, and 2855 accepted.
[0 : mcmc] Progress @ 2024-12-21 18:44:15 : 114 steps taken, and 2897 accepted.
 Warning: Integrate_Romberg failed to converge; 
 integral, error, tol:   13313.225410374431       -1.2299049512165539E-007   1.0000000000000001E-007
[1 : mcmc] Progress @ 2024-12-21 18:44:51 : 392 steps taken, and 1989 accepted.
[2 : mcmc] Progress @ 2024-12-21 18:45:03 : 172 steps taken, and 2859 accepted.
[3 : mcmc] Progress @ 2024-12-21 18:45:04 : 299 steps taken, and 1896 accepted.
[0 : mcmc] Progress @ 2024-12-21 18:45:21 : 126 steps taken, and 2899 accepted.
[1 : mcmc] Progress @ 2024-12-21 18:45:52 : 441 steps taken, and 2006 accepted.
[3 : mcmc] Progress @ 2024-12-21 18:46:04 : 335 steps taken, and 1906 accepted.
[2 : mcmc] Progress @ 2024-12-21 18:46:07 : 189 steps taken, and 2862 accepted.
[0 : mcmc] Progress @ 2024-12-21 18:46:25 : 142 steps taken, and 2904 accepted.
[1 : mcmc] Progress @ 2024-12-21 18:46:55 : 473 steps taken, and 2017 accepted.
[3 : mcmc] Progress @ 2024-12-21 18:47:04 : 358 steps taken, and 1912 accepted.
[2 : mcmc] Progress @ 2024-12-21 18:47:08 : 214 steps taken, and 2864 accepted.
[0 : mcmc] Progress @ 2024-12-21 18:47:25 : 157 steps taken, and 2909 accepted.
[1 : mcmc] Progress @ 2024-12-21 18:47:59 : 512 steps taken, and 2028 accepted.
[3 : mcmc] Progress @ 2024-12-21 18:48:07 : 386 steps taken, and 1923 accepted.
[2 : mcmc] Progress @ 2024-12-21 18:48:10 : 233 steps taken, and 2869 accepted.
[0 : mcmc] Progress @ 2024-12-21 18:48:29 : 172 steps taken, and 2918 accepted.
[1 : mcmc] Progress @ 2024-12-21 18:48:59 : 550 steps taken, and 2042 accepted.
[3 : mcmc] Progress @ 2024-12-21 18:49:08 : 411 steps taken, and 1932 accepted.
[2 : mcmc] Progress @ 2024-12-21 18:49:11 : 254 steps taken, and 2875 accepted.
[0 : mcmc] Progress @ 2024-12-21 18:49:35 : 187 steps taken, and 2925 accepted.
[1 : mcmc] Progress @ 2024-12-21 18:50:00 : 585 steps taken, and 2053 accepted.
[3 : mcmc] Progress @ 2024-12-21 18:50:09 : 429 steps taken, and 1937 accepted.
[2 : mcmc] Progress @ 2024-12-21 18:50:14 : 279 steps taken, and 2876 accepted.
[0 : mcmc] Progress @ 2024-12-21 18:50:39 : 198 steps taken, and 2932 accepted.
[2 : mcmc] Learn + convergence test @ 2880 samples accepted.
[2 : mcmc] Ready to check convergence and learn a new proposal covmat (waiting for the rest...)
[1 : mcmc] Progress @ 2024-12-21 18:51:02 : 620 steps taken, and 2059 accepted.
[3 : mcmc] Progress @ 2024-12-21 18:51:11 : 456 steps taken, and 1945 accepted.
[2 : mcmc] Progress @ 2024-12-21 18:51:17 : 300 steps taken, and 2880 accepted.
[0 : mcmc] Progress @ 2024-12-21 18:51:40 : 209 steps taken, and 2935 accepted.
[1 : mcmc] Progress @ 2024-12-21 18:52:05 : 671 steps taken, and 2072 accepted.
[3 : mcmc] Progress @ 2024-12-21 18:52:13 : 490 steps taken, and 1957 accepted.
[2 : mcmc] Progress @ 2024-12-21 18:52:20 : 322 steps taken, and 2887 accepted.
[0 : mcmc] Progress @ 2024-12-21 18:52:44 : 227 steps taken, and 2942 accepted.
[node102:27332:0:27417] Caught signal 11 (Segmentation fault: address not mapped to object at address 0xfffffffc04418528)
BFD: DWARF error: can't find .debug_ranges section.
BFD: DWARF error: can't find .debug_ranges section.
==== backtrace (tid:  27417) ====
 0 0x0000000000021563 ucs_debug_print_backtrace()  /dev/shm/UCX/1.8.0/GCCcore-9.3.0/ucx-1.8.0/src/ucs/debug/debug.c:653
 1 0x0000000000039f63 __massivenu_MOD_thermalnubackground_rho()  ???:0
 2 0x000000000003da49 __results_MOD_grho_no_de()  ???:0
 3 0x00000000000a5f01 dtauda_()  ???:0
 4 0x000000000004cfdc __results_MOD_thermo_init._omp_fn.0()  results.f90:0
 5 0x0000000000018f09 gomp_thread_start()  team.c:0
 6 0x0000000000007ea5 start_thread()  pthread_create.c:0
 7 0x00000000000feb0d __clone()  ???:0
=================================
[node102:27332] *** Process received signal ***
[node102:27332] Signal: Segmentation fault (11)
[node102:27332] Signal code:  (-6)
[node102:27332] Failing at address: 0x8cfb800006ac4
[node102:27332] [ 0] /lib64/libpthread.so.0(+0xf630)[0x7f946b04e630]
[node102:27332] [ 1] /users/smp24dhl/cosmo/code/CAMB_beta/camb/camblib.so(__massivenu_MOD_thermalnubackground_rho+0x63)[0x7f940e599f63]
[node102:27332] [ 2] /users/smp24dhl/cosmo/code/CAMB_beta/camb/camblib.so(__results_MOD_grho_no_de+0xc9)[0x7f940e59da49]
[node102:27332] [ 3] /users/smp24dhl/cosmo/code/CAMB_beta/camb/camblib.so(dtauda_+0x61)[0x7f940e605f01]
[node102:27332] [ 4] /users/smp24dhl/cosmo/code/CAMB_beta/camb/camblib.so(+0x4cfdc)[0x7f940e5acfdc]
[node102:27332] [ 5] /users/smp24dhl/.conda/envs/cosmos/bin/../lib/libgomp.so.1(+0x18f09)[0x7f940e539f09]
[node102:27332] [ 6] /lib64/libpthread.so.0(+0x7ea5)[0x7f946b046ea5]
[node102:27332] [ 7] /lib64/libc.so.6(clone+0x6d)[0x7f946a666b0d]
[node102:27332] *** End of error message ***
--------------------------------------------------------------------------
Primary job  terminated normally, but 1 process returned
a non-zero exit code. Per user-direction, the job has been aborted.
--------------------------------------------------------------------------
--------------------------------------------------------------------------
mpirun noticed that process rank 3 with PID 27332 on node node102 exited on signal 11 (Segmentation fault).
--------------------------------------------------------------------------
