[0 : output] Output to be read-from/written-into folder 'chains', with prefix 'act-full'
[0 : output] Found existing info files with the requested output prefix: 'chains/act-full'
[0 : output] Let's try to resume/load.
[0 : output] Found an old sample. Resuming.
[0 : prior] *WARNING* External prior 'SZ' loaded. Mind that it might not be normalized!

libgomp: Invalid value for environment variable OMP_NUM_THREADS: 

libgomp: Invalid value for environment variable OMP_NUM_THREADS: 

libgomp: 
libgomp: Invalid value for environment variable OMP_NUM_THREADS: 
Invalid value for environment variable OMP_NUM_THREADS: 
[0 : camb] `camb` module loaded successfully from /users/smp24dhl/cosmo/code/CAMB_beta/camb
[0 : planck_2018_highl_plik.ttteee] `clik` module loaded successfully from /users/smp24dhl/cosmo/code/planck/clik/lib/python3.9/site-packages/clik
----
clik version clik_16.0b1-2-g63c889f3aa9c MAKEFILE
  smica
----
clik version clik_16.0b1-2-g63c889f3aa9c MAKEFILE
  smica
----
----
clik version clik_16.0b1-2-g63c889f3aa9c MAKEFILE
  smica
clik version clik_16.0b1-2-g63c889f3aa9c MAKEFILE
  smica
Checking likelihood '/users/smp24dhl/cosmo/data/planck_2018/baseline/plc_3.0/hi_l/plik/plik_rd12_HM_v22b_TTTEEE.clik' on test data. got -1172.47 expected -1172.47 (diff -4.34054e-07)
----
Checking likelihood '/users/smp24dhl/cosmo/data/planck_2018/baseline/plc_3.0/hi_l/plik/plik_rd12_HM_v22b_TTTEEE.clik' on test data. got -1172.47 expected -1172.47 (diff -4.34054e-07)
----
Loading ACT DR6 lensing likelihood v1.2...
Loading ACT DR6 lensing likelihood v1.2...
Checking likelihood '/users/smp24dhl/cosmo/data/planck_2018/baseline/plc_3.0/hi_l/plik/plik_rd12_HM_v22b_TTTEEE.clik' on test data. got -1172.47 expected -1172.47 (diff -4.34054e-07)
----
Checking likelihood '/users/smp24dhl/cosmo/data/planck_2018/baseline/plc_3.0/hi_l/plik/plik_rd12_HM_v22b_TTTEEE.clik' on test data. got -1172.47 expected -1172.47 (diff -4.34054e-07)
----
Loading ACT DR6 lensing likelihood v1.2...
Loading ACT DR6 lensing likelihood v1.2...
/users/smp24dhl/cosmo/code/act_dr6_lenslike/act_dr6_lenslike/act_dr6_lenslike.py:416: UserWarning: Hartlap correction to cinv: 0.949874686716792
  warnings.warn(f"Hartlap correction to cinv: {hartlap_correction}")
/users/smp24dhl/cosmo/code/act_dr6_lenslike/act_dr6_lenslike/act_dr6_lenslike.py:416: UserWarning: Hartlap correction to cinv: 0.949874686716792
  warnings.warn(f"Hartlap correction to cinv: {hartlap_correction}")
/users/smp24dhl/cosmo/code/act_dr6_lenslike/act_dr6_lenslike/act_dr6_lenslike.py:416: UserWarning: Hartlap correction to cinv: 0.949874686716792
  warnings.warn(f"Hartlap correction to cinv: {hartlap_correction}")
/users/smp24dhl/cosmo/code/act_dr6_lenslike/act_dr6_lenslike/act_dr6_lenslike.py:416: UserWarning: Hartlap correction to cinv: 0.949874686716792
  warnings.warn(f"Hartlap correction to cinv: {hartlap_correction}")
[1 : bao.desi_2024_bao_all] Initialized.
[3 : bao.desi_2024_bao_all] Initialized.
[2 : bao.desi_2024_bao_all] Initialized.
[0 : bao.desi_2024_bao_all] Initialized.
[0 : mcmc] Resuming from previous sample!
[3 : samplecollection] Loaded 3110 sample points from 'chains/act-full.4.txt'
[2 : samplecollection] Loaded 3022 sample points from 'chains/act-full.3.txt'
[0 : samplecollection] Loaded 2888 sample points from 'chains/act-full.1.txt'
[1 : samplecollection] Loaded 3062 sample points from 'chains/act-full.2.txt'
[1 : mcmc] Initial point: logA:3.042692, ns:0.9682426, theta_MC_100:1.041125, ombh2:0.02226553, omch2:0.1189605, w:-0.9033914, wa:-0.2020299, beta_DE:-1.521095, tau:0.05527011, A_planck:1.002219, calib_100T:1.000131, calib_217T:0.9974238, A_cib_217:46.92861, xi_sz_cib:0.5934258, A_sz:5.700106, ksz_norm:6.802842, gal545_A_100:7.853665, gal545_A_143:12.12973, gal545_A_143_217:21.74316, gal545_A_217:95.46325, ps_A_100_100:275.0957, ps_A_143_143:42.99553, ps_A_143_217:35.68378, ps_A_217_217:109.6237, galf_TE_A_100:0.1282855, galf_TE_A_100_143:0.1166134, galf_TE_A_100_217:0.5284794, galf_TE_A_143:0.1460873, galf_TE_A_143_217:0.4279548, galf_TE_A_217:1.731549
[3 : mcmc] Initial point: logA:3.038414, ns:0.9631975, theta_MC_100:1.040876, ombh2:0.02229192, omch2:0.1203766, w:-0.7480497, wa:-1.431297, beta_DE:2.86677, tau:0.0497729, A_planck:1.000142, calib_100T:1.000687, calib_217T:0.9991146, A_cib_217:36.77129, xi_sz_cib:0.743289, A_sz:2.985237, ksz_norm:7.931475, gal545_A_100:12.41874, gal545_A_143:11.4224, gal545_A_143_217:21.11496, gal545_A_217:103.7899, ps_A_100_100:278.3729, ps_A_143_143:40.532, ps_A_143_217:30.59318, ps_A_217_217:119.9026, galf_TE_A_100:0.1721588, galf_TE_A_100_143:0.1288641, galf_TE_A_100_217:0.4686401, galf_TE_A_143:0.2686188, galf_TE_A_143_217:0.5845626, galf_TE_A_217:2.072271
[0 : mcmc] Initial point: logA:3.073816, ns:0.9639201, theta_MC_100:1.041692, ombh2:0.02253495, omch2:0.1203941, w:-0.7658395, wa:-1.200186, beta_DE:2.476643, tau:0.07231385, A_planck:0.997127, calib_100T:0.9987234, calib_217T:0.9986116, A_cib_217:57.52717, xi_sz_cib:0.3604387, A_sz:1.325479, ksz_norm:5.851447, gal545_A_100:6.687192, gal545_A_143:13.34408, gal545_A_143_217:16.34187, gal545_A_217:87.00501, ps_A_100_100:320.6208, ps_A_143_143:41.74612, ps_A_143_217:25.22564, ps_A_217_217:93.31311, galf_TE_A_100:0.127645, galf_TE_A_100_143:0.1398606, galf_TE_A_100_217:0.5746039, galf_TE_A_143:0.2730692, galf_TE_A_143_217:0.660694, galf_TE_A_217:2.027312
[2 : mcmc] Initial point: logA:3.061898, ns:0.9703975, theta_MC_100:1.041262, ombh2:0.02252145, omch2:0.1190961, w:-0.8815278, wa:-0.4183814, beta_DE:0.1966372, tau:0.0638757, A_planck:1.000715, calib_100T:0.9997787, calib_217T:0.9989492, A_cib_217:46.10249, xi_sz_cib:0.6078035, A_sz:6.894761, ksz_norm:2.770938, gal545_A_100:7.197215, gal545_A_143:10.93721, gal545_A_143_217:18.90148, gal545_A_217:92.08468, ps_A_100_100:238.7067, ps_A_143_143:43.84671, ps_A_143_217:43.86597, ps_A_217_217:112.4819, galf_TE_A_100:0.08903367, galf_TE_A_100_143:0.104382, galf_TE_A_100_217:0.5379341, galf_TE_A_143:0.09651317, galf_TE_A_143_217:0.6467347, galf_TE_A_217:2.578071
[0 : mcmc] *WARNING* Parameter blocking manually/previously fixed: speeds will not be measured.
[0 : mcmc] Dragging with number of interpolating steps:
[0 : mcmc] *  1 : (['theta_MC_100', 'ombh2', 'omch2', 'w', 'wa', 'beta_DE', 'tau'], ['logA', 'ns'])
[0 : mcmc] * 12 : (['A_planck'], ['calib_100T', 'calib_217T', 'A_cib_217', 'xi_sz_cib', 'A_sz', 'ksz_norm', 'gal545_A_100', 'gal545_A_143', 'gal545_A_143_217', 'gal545_A_217', 'ps_A_100_100', 'ps_A_143_143', 'ps_A_143_217', 'ps_A_217_217', 'galf_TE_A_100', 'galf_TE_A_100_143', 'galf_TE_A_100_217', 'galf_TE_A_143', 'galf_TE_A_143_217', 'galf_TE_A_217'])
[0 : mcmc] Covariance matrix from previous sample.
[0 : mcmc] Sampling!
[1 : mcmc] Progress @ 2025-02-03 15:18:32 : 1 steps taken, and 3062 accepted.
[3 : mcmc] Progress @ 2025-02-03 15:18:32 : 1 steps taken, and 3110 accepted.
[2 : mcmc] Progress @ 2025-02-03 15:18:33 : 1 steps taken, and 3022 accepted.
[0 : mcmc] Progress @ 2025-02-03 15:18:34 : 1 steps taken, and 2888 accepted.
[3 : mcmc] Progress @ 2025-02-03 15:19:37 : 10 steps taken, and 3113 accepted.
[0 : mcmc] Progress @ 2025-02-03 15:19:41 : 5 steps taken, and 2891 accepted.
[2 : mcmc] Progress @ 2025-02-03 15:19:42 : 6 steps taken, and 3022 accepted.
[1 : mcmc] Progress @ 2025-02-03 15:19:48 : 6 steps taken, and 3064 accepted.
[2 : mcmc] Progress @ 2025-02-03 15:20:48 : 10 steps taken, and 3023 accepted.
[0 : mcmc] Progress @ 2025-02-03 15:20:49 : 9 steps taken, and 2892 accepted.
[3 : mcmc] Progress @ 2025-02-03 15:20:52 : 19 steps taken, and 3115 accepted.
[1 : mcmc] Progress @ 2025-02-03 15:21:04 : 11 steps taken, and 3065 accepted.
[2 : mcmc] Progress @ 2025-02-03 15:21:51 : 14 steps taken, and 3024 accepted.
[0 : mcmc] Progress @ 2025-02-03 15:21:52 : 13 steps taken, and 2893 accepted.
[3 : mcmc] Progress @ 2025-02-03 15:21:53 : 23 steps taken, and 3115 accepted.
[1 : mcmc] Progress @ 2025-02-03 15:22:21 : 16 steps taken, and 3068 accepted.
[3 : mcmc] Progress @ 2025-02-03 15:22:55 : 27 steps taken, and 3117 accepted.
[0 : mcmc] Progress @ 2025-02-03 15:22:58 : 17 steps taken, and 2894 accepted.
[2 : mcmc] Progress @ 2025-02-03 15:23:00 : 19 steps taken, and 3024 accepted.
[1 : mcmc] Progress @ 2025-02-03 15:23:21 : 19 steps taken, and 3070 accepted.
[3 : mcmc] Progress @ 2025-02-03 15:24:00 : 32 steps taken, and 3119 accepted.
[2 : mcmc] Progress @ 2025-02-03 15:24:05 : 25 steps taken, and 3025 accepted.
[0 : mcmc] Progress @ 2025-02-03 15:24:12 : 22 steps taken, and 2895 accepted.
[1 : mcmc] Progress @ 2025-02-03 15:24:33 : 25 steps taken, and 3071 accepted.
[0 : mcmc] Progress @ 2025-02-03 15:25:13 : 29 steps taken, and 2895 accepted.
[3 : mcmc] Progress @ 2025-02-03 15:25:15 : 38 steps taken, and 3122 accepted.
[2 : mcmc] Progress @ 2025-02-03 15:25:18 : 29 steps taken, and 3027 accepted.
[1 : mcmc] Progress @ 2025-02-03 15:25:36 : 31 steps taken, and 3072 accepted.
[3 : mcmc] Progress @ 2025-02-03 15:26:22 : 42 steps taken, and 3122 accepted.
[2 : mcmc] Progress @ 2025-02-03 15:26:28 : 34 steps taken, and 3030 accepted.
[0 : mcmc] Progress @ 2025-02-03 15:26:28 : 33 steps taken, and 2899 accepted.
[1 : mcmc] Progress @ 2025-02-03 15:26:41 : 37 steps taken, and 3074 accepted.
[2 : mcmc] Progress @ 2025-02-03 15:27:30 : 38 steps taken, and 3032 accepted.
[3 : mcmc] Progress @ 2025-02-03 15:27:30 : 47 steps taken, and 3125 accepted.
[0 : mcmc] Progress @ 2025-02-03 15:27:43 : 39 steps taken, and 2900 accepted.
[1 : mcmc] Progress @ 2025-02-03 15:27:56 : 44 steps taken, and 3076 accepted.
[3 : mcmc] Progress @ 2025-02-03 15:28:34 : 51 steps taken, and 3125 accepted.
[2 : mcmc] Progress @ 2025-02-03 15:28:42 : 44 steps taken, and 3035 accepted.
[0 : mcmc] Progress @ 2025-02-03 15:28:48 : 43 steps taken, and 2903 accepted.
[1 : mcmc] Progress @ 2025-02-03 15:29:07 : 49 steps taken, and 3079 accepted.
[node147:34302:0:34302] Caught signal 11 (Segmentation fault: address not mapped to object at address 0xfffffffc0452af78)
BFD: DWARF error: can't find .debug_ranges section.
BFD: DWARF error: can't find .debug_ranges section.
BFD: DWARF error: can't find .debug_ranges section.
BFD: DWARF error: can't find .debug_ranges section.
BFD: DWARF error: can't find .debug_ranges section.
BFD: DWARF error: can't find .debug_ranges section.
BFD: DWARF error: can't find .debug_ranges section.
BFD: DWARF error: can't find .debug_ranges section.
BFD: DWARF error: can't find .debug_ranges section.
BFD: DWARF error: can't find .debug_ranges section.
BFD: DWARF error: can't find .debug_ranges section.
BFD: DWARF error: can't find .debug_ranges section.
BFD: DWARF error: can't find .debug_ranges section.
BFD: DWARF error: can't find .debug_ranges section.
BFD: DWARF error: can't find .debug_ranges section.
BFD: DWARF error: can't find .debug_ranges section.
BFD: DWARF error: can't find .debug_ranges section.
BFD: DWARF error: can't find .debug_ranges section.
BFD: DWARF error: can't find .debug_ranges section.
BFD: DWARF error: can't find .debug_ranges section.
BFD: DWARF error: can't find .debug_ranges section.
BFD: DWARF error: can't find .debug_ranges section.
BFD: DWARF error: can't find .debug_ranges section.
BFD: DWARF error: can't find .debug_ranges section.
BFD: DWARF error: can't find .debug_ranges section.
BFD: DWARF error: can't find .debug_ranges section.
BFD: DWARF error: can't find .debug_ranges section.
BFD: DWARF error: can't find .debug_ranges section.
BFD: DWARF error: can't find .debug_ranges section.
BFD: DWARF error: can't find .debug_ranges section.
BFD: DWARF error: can't find .debug_ranges section.
BFD: DWARF error: can't find .debug_ranges section.
BFD: DWARF error: can't find .debug_ranges section.
BFD: DWARF error: can't find .debug_ranges section.
BFD: DWARF error: can't find .debug_ranges section.
BFD: DWARF error: can't find .debug_ranges section.
BFD: DWARF error: can't find .debug_ranges section.
BFD: DWARF error: can't find .debug_ranges section.
BFD: DWARF error: can't find .debug_ranges section.
BFD: DWARF error: can't find .debug_ranges section.
BFD: DWARF error: can't find .debug_ranges section.
BFD: DWARF error: can't find .debug_ranges section.
BFD: DWARF error: can't find .debug_ranges section.
BFD: DWARF error: can't find .debug_ranges section.
BFD: DWARF error: can't find .debug_ranges section.
BFD: DWARF error: can't find .debug_ranges section.
BFD: DWARF error: can't find .debug_ranges section.
BFD: DWARF error: can't find .debug_ranges section.
BFD: DWARF error: can't find .debug_ranges section.
BFD: DWARF error: can't find .debug_ranges section.
BFD: DWARF error: can't find .debug_ranges section.
BFD: DWARF error: can't find .debug_ranges section.
BFD: DWARF error: can't find .debug_ranges section.
BFD: DWARF error: can't find .debug_ranges section.
BFD: DWARF error: can't find .debug_ranges section.
BFD: DWARF error: can't find .debug_ranges section.
BFD: DWARF error: can't find .debug_ranges section.
BFD: DWARF error: can't find .debug_ranges section.
BFD: DWARF error: can't find .debug_ranges section.
BFD: DWARF error: can't find .debug_ranges section.
BFD: DWARF error: can't find .debug_ranges section.
BFD: DWARF error: can't find .debug_ranges section.
BFD: DWARF error: can't find .debug_ranges section.
BFD: DWARF error: can't find .debug_ranges section.
BFD: DWARF error: can't find .debug_ranges section.
BFD: DWARF error: can't find .debug_ranges section.
BFD: DWARF error: can't find .debug_ranges section.
BFD: DWARF error: can't find .debug_ranges section.
BFD: DWARF error: can't find .debug_ranges section.
BFD: DWARF error: can't find .debug_ranges section.
BFD: DWARF error: can't find .debug_ranges section.
BFD: DWARF error: can't find .debug_ranges section.
BFD: DWARF error: can't find .debug_ranges section.
BFD: DWARF error: can't find .debug_ranges section.
BFD: DWARF error: can't find .debug_ranges section.
BFD: DWARF error: can't find .debug_ranges section.
BFD: DWARF error: can't find .debug_ranges section.
BFD: DWARF error: can't find .debug_ranges section.
BFD: DWARF error: can't find .debug_ranges section.
BFD: DWARF error: can't find .debug_ranges section.
BFD: DWARF error: can't find .debug_ranges section.
BFD: DWARF error: can't find .debug_ranges section.
BFD: DWARF error: can't find .debug_ranges section.
BFD: DWARF error: can't find .debug_ranges section.
BFD: DWARF error: can't find .debug_ranges section.
BFD: DWARF error: can't find .debug_ranges section.
BFD: DWARF error: can't find .debug_ranges section.
BFD: DWARF error: can't find .debug_ranges section.
BFD: DWARF error: can't find .debug_ranges section.
BFD: DWARF error: can't find .debug_ranges section.
==== backtrace (tid:  34302) ====
 0 0x0000000000021563 ucs_debug_print_backtrace()  /dev/shm/UCX/1.8.0/GCCcore-9.3.0/ucx-1.8.0/src/ucs/debug/debug.c:653
 1 0x0000000000039f63 __massivenu_MOD_thermalnubackground_rho()  ???:0
 2 0x000000000003da49 __results_MOD_grho_no_de()  ???:0
 3 0x00000000000a5f01 dtauda_()  ???:0
 4 0x000000000004cfdc __results_MOD_thermo_init._omp_fn.0()  results.f90:0
 5 0x0000000000014295 GOMP_parallel_sections()  ???:0
 6 0x000000000004f7c2 __results_MOD_thermo_init()  ???:0
 7 0x00000000000f3923 __cambmain_MOD_initvars()  ???:0
 8 0x00000000000f9bff __cambmain_MOD_cmbmain()  ???:0
 9 0x0000000000105846 __camb_MOD_camb_getresults()  ???:0
10 0x00000000001104df __handles_MOD_cambdata_gettransfers()  ???:0
11 0x0000000000006a4a ffi_call_unix64()  :0
12 0x0000000000005fea ffi_call_int()  ffi64.c:0
13 0x00000000000091e0 _ctypes_callproc.cold()  :0
14 0x00000000000126ee PyCFuncPtr_call()  :0
15 0x00000000004f061c _PyObject_MakeTpCall()  ???:0
16 0x00000000004ec4f7 _PyEval_EvalFrameDefault()  ???:0
17 0x00000000004e694a _PyEval_EvalCode()  :0
18 0x000000000050500d method_vectorcall()  :0
19 0x00000000004e8a8b _PyEval_EvalFrameDefault()  ???:0
20 0x00000000004e694a _PyEval_EvalCode()  :0
21 0x00000000004f7d95 _PyFunction_Vectorcall()  ???:0
22 0x00000000004e8a8b _PyEval_EvalFrameDefault()  ???:0
23 0x00000000004e694a _PyEval_EvalCode()  :0
24 0x000000000050500d method_vectorcall()  :0
25 0x0000000000505744 PyObject_Call()  ???:0
26 0x00000000004eac68 _PyEval_EvalFrameDefault()  ???:0
27 0x00000000004e694a _PyEval_EvalCode()  :0
28 0x000000000050500d method_vectorcall()  :0
29 0x00000000004e8a8b _PyEval_EvalFrameDefault()  ???:0
30 0x00000000004e694a _PyEval_EvalCode()  :0
31 0x000000000050500d method_vectorcall()  :0
32 0x00000000004e8a8b _PyEval_EvalFrameDefault()  ???:0
33 0x00000000004e694a _PyEval_EvalCode()  :0
34 0x00000000004f7d95 _PyFunction_Vectorcall()  ???:0
35 0x00000000004e7edc _PyEval_EvalFrameDefault()  ???:0
36 0x00000000004f8073 function_code_fastcall()  :0
37 0x0000000000504f01 method_vectorcall()  :0
38 0x00000000004ec5b4 _PyEval_EvalFrameDefault()  ???:0
39 0x00000000004f8073 function_code_fastcall()  :0
40 0x00000000004e7edc _PyEval_EvalFrameDefault()  ???:0
41 0x00000000004e694a _PyEval_EvalCode()  :0
42 0x00000000004f7d95 _PyFunction_Vectorcall()  ???:0
43 0x0000000000505744 PyObject_Call()  ???:0
44 0x00000000004eac68 _PyEval_EvalFrameDefault()  ???:0
45 0x00000000004f8073 function_code_fastcall()  :0
46 0x00000000004e7c22 _PyEval_EvalFrameDefault()  ???:0
47 0x00000000004e694a _PyEval_EvalCode()  :0
48 0x00000000004e65d7 _PyEval_EvalCodeWithName()  ???:0
49 0x00000000004e6589 PyEval_EvalCodeEx()  ???:0
50 0x0000000000593f2b PyEval_EvalCode()  ???:0
51 0x00000000005c1697 run_eval_code_obj()  :0
52 0x00000000005bd6b0 run_mod()  :0
53 0x00000000004565eb pyrun_file.cold()  :0
54 0x00000000005b7392 PyRun_SimpleFileExFlags()  ???:0
55 0x00000000005b490e Py_RunMain()  ???:0
56 0x0000000000587fd9 Py_BytesMain()  ???:0
57 0x0000000000022555 __libc_start_main()  ???:0
=================================
[node147:34302] *** Process received signal ***
[node147:34302] Signal: Segmentation fault (11)
[node147:34302] Signal code:  (-6)
[node147:34302] Failing at address: 0x8cfb8000085fe
[node147:34302] [ 0] /lib64/libpthread.so.0(+0xf630)[0x7f23c1f53630]
[node147:34302] [ 1] /users/smp24dhl/cosmo/code/CAMB_beta/camb/camblib.so(__massivenu_MOD_thermalnubackground_rho+0x63)[0x7f2398472f63]
[node147:34302] [ 2] /users/smp24dhl/cosmo/code/CAMB_beta/camb/camblib.so(__results_MOD_grho_no_de+0xc9)[0x7f2398476a49]
[node147:34302] [ 3] /users/smp24dhl/cosmo/code/CAMB_beta/camb/camblib.so(dtauda_+0x61)[0x7f23984def01]
[node147:34302] [ 4] /users/smp24dhl/cosmo/code/CAMB_beta/camb/camblib.so(+0x4cfdc)[0x7f2398485fdc]
[node147:34302] [ 5] /users/smp24dhl/.conda/envs/cosmos/bin/../lib/libgomp.so.1(GOMP_parallel_sections+0x80)[0x7f239840e295]
[node147:34302] [ 6] /users/smp24dhl/cosmo/code/CAMB_beta/camb/camblib.so(__results_MOD_thermo_init+0x12d2)[0x7f23984887c2]
[node147:34302] [ 7] /users/smp24dhl/cosmo/code/CAMB_beta/camb/camblib.so(__cambmain_MOD_initvars+0x193)[0x7f239852c923]
[node147:34302] [ 8] /users/smp24dhl/cosmo/code/CAMB_beta/camb/camblib.so(__cambmain_MOD_cmbmain+0xbf)[0x7f2398532bff]
[node147:34302] [ 9] /users/smp24dhl/cosmo/code/CAMB_beta/camb/camblib.so(__camb_MOD_camb_getresults+0x2986)[0x7f239853e846]
[node147:34302] [10] /users/smp24dhl/cosmo/code/CAMB_beta/camb/camblib.so(__handles_MOD_cambdata_gettransfers+0x1f)[0x7f23985494df]
[node147:34302] [11] /users/smp24dhl/.conda/envs/cosmos/lib/python3.9/lib-dynload/../../libffi.so.8(+0x6a4a)[0x7f23c220ea4a]
[node147:34302] [12] /users/smp24dhl/.conda/envs/cosmos/lib/python3.9/lib-dynload/../../libffi.so.8(+0x5fea)[0x7f23c220dfea]
[node147:34302] [13] /users/smp24dhl/.conda/envs/cosmos/lib/python3.9/lib-dynload/_ctypes.cpython-39-x86_64-linux-gnu.so(+0x91e0)[0x7f23af70c1e0]
[node147:34302] [14] /users/smp24dhl/.conda/envs/cosmos/lib/python3.9/lib-dynload/_ctypes.cpython-39-x86_64-linux-gnu.so(+0x126ee)[0x7f23af7156ee]
[node147:34302] [15] /users/smp24dhl/.conda/envs/cosmos/bin/python(_PyObject_MakeTpCall+0x2ec)[0x4f061c]
[node147:34302] [16] /users/smp24dhl/.conda/envs/cosmos/bin/python(_PyEval_EvalFrameDefault+0x4ca7)[0x4ec4f7]
[node147:34302] [17] /users/smp24dhl/.conda/envs/cosmos/bin/python[0x4e694a]
[node147:34302] [18] /users/smp24dhl/.conda/envs/cosmos/bin/python[0x50500d]
[node147:34302] [19] /users/smp24dhl/.conda/envs/cosmos/bin/python(_PyEval_EvalFrameDefault+0x123b)[0x4e8a8b]
[node147:34302] [20] /users/smp24dhl/.conda/envs/cosmos/bin/python[0x4e694a]
[node147:34302] [21] /users/smp24dhl/.conda/envs/cosmos/bin/python(_PyFunction_Vectorcall+0xd5)[0x4f7d95]
[node147:34302] [22] /users/smp24dhl/.conda/envs/cosmos/bin/python(_PyEval_EvalFrameDefault+0x123b)[0x4e8a8b]
[node147:34302] [23] /users/smp24dhl/.conda/envs/cosmos/bin/python[0x4e694a]
[node147:34302] [24] /users/smp24dhl/.conda/envs/cosmos/bin/python[0x50500d]
[node147:34302] [25] /users/smp24dhl/.conda/envs/cosmos/bin/python(PyObject_Call+0xb4)[0x505744]
[node147:34302] [26] /users/smp24dhl/.conda/envs/cosmos/bin/python(_PyEval_EvalFrameDefault+0x3418)[0x4eac68]
[node147:34302] [27] /users/smp24dhl/.conda/envs/cosmos/bin/python[0x4e694a]
[node147:34302] [28] /users/smp24dhl/.conda/envs/cosmos/bin/python[0x50500d]
[node147:34302] [29] /users/smp24dhl/.conda/envs/cosmos/bin/python(_PyEval_EvalFrameDefault+0x123b)[0x4e8a8b]
[node147:34302] *** End of error message ***
--------------------------------------------------------------------------
Primary job  terminated normally, but 1 process returned
a non-zero exit code. Per user-direction, the job has been aborted.
--------------------------------------------------------------------------
--------------------------------------------------------------------------
mpirun noticed that process rank 2 with PID 34302 on node node147 exited on signal 11 (Segmentation fault).
--------------------------------------------------------------------------
