[0 : output] Output to be read-from/written-into folder 'chains', with prefix 'noHalo'
[0 : output] Found existing info files with the requested output prefix: 'chains/noHalo'
[0 : output] Let's try to resume/load.
[0 : output] Found an old sample. Resuming.
[0 : prior] *WARNING* External prior 'SZ' loaded. Mind that it might not be normalized!
[0 : camb] `camb` module loaded successfully from /users/smp24dhl/cosmo/code/CAMB_beta/camb
[0 : planck_2018_highl_plik.ttteee] `clik` module loaded successfully from /users/smp24dhl/cosmo/code/planck/clik/lib/python3.9/site-packages/clik
----
clik version clik_16.0b1-2-g63c889f3aa9c MAKEFILE
  smica
----
clik version clik_16.0b1-2-g63c889f3aa9c MAKEFILE
  smica
----
clik version clik_16.0b1-2-g63c889f3aa9c MAKEFILE
  smica
----
clik version clik_16.0b1-2-g63c889f3aa9c MAKEFILE
  smica
Checking likelihood '/users/smp24dhl/cosmo/data/planck_2018/baseline/plc_3.0/hi_l/plik/plik_rd12_HM_v22b_TTTEEE.clik' on test data. got -1172.47 expected -1172.47 (diff -4.34055e-07)
----
Checking likelihood '/users/smp24dhl/cosmo/data/planck_2018/baseline/plc_3.0/hi_l/plik/plik_rd12_HM_v22b_TTTEEE.clik' on test data. got -1172.47 expected -1172.47 (diff -4.34055e-07)
----
Checking likelihood '/users/smp24dhl/cosmo/data/planck_2018/baseline/plc_3.0/hi_l/plik/plik_rd12_HM_v22b_TTTEEE.clik' on test data. got -1172.47 expected -1172.47 (diff -4.34055e-07)
----
Checking likelihood '/users/smp24dhl/cosmo/data/planck_2018/baseline/plc_3.0/hi_l/plik/plik_rd12_HM_v22b_TTTEEE.clik' on test data. got -1172.47 expected -1172.47 (diff -4.34055e-07)
----
Checking lensing likelihood '/users/smp24dhl/cosmo/data/planck_2018/baseline/plc_3.0/lensing/smicadx12_Dec5_ftl_mv2_ndclpp_p_teb_consext8.clik_lensing' on test data. got -4.42102
Checking lensing likelihood '/users/smp24dhl/cosmo/data/planck_2018/baseline/plc_3.0/lensing/smicadx12_Dec5_ftl_mv2_ndclpp_p_teb_consext8.clik_lensing' on test data. got -4.42102
Checking lensing likelihood '/users/smp24dhl/cosmo/data/planck_2018/baseline/plc_3.0/lensing/smicadx12_Dec5_ftl_mv2_ndclpp_p_teb_consext8.clik_lensing' on test data. got -4.42102
[0 : planck_2018_lensing.clik] `clik` module loaded successfully from /users/smp24dhl/cosmo/code/planck/clik/lib/python3.9/site-packages/clik
Checking lensing likelihood '/users/smp24dhl/cosmo/data/planck_2018/baseline/plc_3.0/lensing/smicadx12_Dec5_ftl_mv2_ndclpp_p_teb_consext8.clik_lensing' on test data. got -4.42102
[0 : mcmc] Resuming from previous sample!
[3 : samplecollection] Loaded 3556 sample points from 'chains/noHalo.4.txt'
[1 : samplecollection] Loaded 3589 sample points from 'chains/noHalo.2.txt'
[0 : samplecollection] Loaded 4251 sample points from 'chains/noHalo.1.txt'
[2 : samplecollection] Loaded 4345 sample points from 'chains/noHalo.3.txt'
[1 : mcmc] Initial point: logA:3.047215, ns:0.9647669, theta_MC_100:1.041447, ombh2:0.02238349, omch2:0.1194509, w:-1.479956, wa:-1.887647, beta_DE:1.043146, tau:0.05504043, A_planck:1.001477, calib_100T:1.000188, calib_217T:0.998186, A_cib_217:43.15485, xi_sz_cib:0.2644336, A_sz:2.220193, ksz_norm:5.497353, gal545_A_100:9.545584, gal545_A_143:6.855921, gal545_A_143_217:13.77422, gal545_A_217:93.34368, ps_A_100_100:274.3625, ps_A_143_143:56.1306, ps_A_143_217:34.85786, ps_A_217_217:110.9452, galf_TE_A_100:0.110935, galf_TE_A_100_143:0.1253454, galf_TE_A_100_217:0.4159886, galf_TE_A_143:0.2196725, galf_TE_A_143_217:0.6419671, galf_TE_A_217:2.155947
[3 : mcmc] Initial point: logA:3.05289, ns:0.9637952, theta_MC_100:1.040788, ombh2:0.02230752, omch2:0.120235, w:-0.9592571, wa:-0.8376534, beta_DE:0.05904494, tau:0.05710057, A_planck:1.001915, calib_100T:0.9992122, calib_217T:0.9981935, A_cib_217:52.40117, xi_sz_cib:0.9200488, A_sz:1.750862, ksz_norm:9.397185, gal545_A_100:7.549362, gal545_A_143:10.00307, gal545_A_143_217:12.04177, gal545_A_217:81.47786, ps_A_100_100:271.6476, ps_A_143_143:37.25893, ps_A_143_217:29.36011, ps_A_217_217:97.86836, galf_TE_A_100:0.1267854, galf_TE_A_100_143:0.1262774, galf_TE_A_100_217:0.4558478, galf_TE_A_143:0.1631471, galf_TE_A_143_217:0.5925388, galf_TE_A_217:2.488777
[2 : mcmc] Initial point: logA:3.03566, ns:0.975065, theta_MC_100:1.041214, ombh2:0.02241157, omch2:0.1182172, w:0.05830627, wa:-2.689433, beta_DE:-0.8539747, tau:0.05040602, A_planck:1.002359, calib_100T:1.000217, calib_217T:0.9981261, A_cib_217:50.61548, xi_sz_cib:0.5035358, A_sz:6.692756, ksz_norm:0.3791087, gal545_A_100:10.09568, gal545_A_143:8.472696, gal545_A_143_217:12.96736, gal545_A_217:82.73698, ps_A_100_100:249.1642, ps_A_143_143:45.41592, ps_A_143_217:49.45067, ps_A_217_217:116.0715, galf_TE_A_100:0.1055035, galf_TE_A_100_143:0.1681985, galf_TE_A_100_217:0.3928351, galf_TE_A_143:0.2822501, galf_TE_A_143_217:0.7335546, galf_TE_A_217:2.107125
[0 : mcmc] Initial point: logA:3.041961, ns:0.9703934, theta_MC_100:1.041461, ombh2:0.02277962, omch2:0.1178087, w:-0.8467933, wa:-1.255274, beta_DE:-2.373746, tau:0.05328243, A_planck:1.000748, calib_100T:1.000274, calib_217T:0.9978436, A_cib_217:46.103, xi_sz_cib:0.2597829, A_sz:3.80065, ksz_norm:3.680722, gal545_A_100:10.57245, gal545_A_143:10.4012, gal545_A_143_217:15.72491, gal545_A_217:90.53212, ps_A_100_100:261.8293, ps_A_143_143:39.02956, ps_A_143_217:29.17538, ps_A_217_217:109.0397, galf_TE_A_100:0.1371438, galf_TE_A_100_143:0.1543204, galf_TE_A_100_217:0.5468736, galf_TE_A_143:0.23582, galf_TE_A_143_217:0.6190591, galf_TE_A_217:1.947498
[0 : mcmc] *WARNING* Parameter blocking manually/previously fixed: speeds will not be measured.
[0 : mcmc] Dragging with number of interpolating steps:
[0 : mcmc] * 1 : (['theta_MC_100', 'ombh2', 'omch2', 'w', 'wa', 'beta_DE', 'tau'], ['logA', 'ns'])
[0 : mcmc] * 9 : (['A_planck'], ['calib_100T', 'calib_217T', 'A_cib_217', 'xi_sz_cib', 'A_sz', 'ksz_norm', 'gal545_A_100', 'gal545_A_143', 'gal545_A_143_217', 'gal545_A_217', 'ps_A_100_100', 'ps_A_143_143', 'ps_A_143_217', 'ps_A_217_217', 'galf_TE_A_100', 'galf_TE_A_100_143', 'galf_TE_A_100_217', 'galf_TE_A_143', 'galf_TE_A_143_217', 'galf_TE_A_217'])
[0 : mcmc] Covariance matrix from previous sample.
[0 : mcmc] Sampling!
[3 : mcmc] Progress @ 2024-12-13 00:41:07 : 1 steps taken, and 3556 accepted.
[1 : mcmc] Progress @ 2024-12-13 00:41:08 : 1 steps taken, and 3589 accepted.
[0 : mcmc] Progress @ 2024-12-13 00:41:09 : 1 steps taken, and 4251 accepted.
[2 : mcmc] Progress @ 2024-12-13 00:41:12 : 1 steps taken, and 4345 accepted.
[node139:48573:0:48670] Caught signal 11 (Segmentation fault: address not mapped to object at address 0xfffffffc04a5ded8)
BFD: DWARF error: can't find .debug_ranges section.
BFD: DWARF error: can't find .debug_ranges section.
==== backtrace (tid:  48670) ====
 0 0x0000000000021563 ucs_debug_print_backtrace()  /dev/shm/UCX/1.8.0/GCCcore-9.3.0/ucx-1.8.0/src/ucs/debug/debug.c:653
 1 0x0000000000039f63 __massivenu_MOD_thermalnubackground_rho()  ???:0
 2 0x000000000003da49 __results_MOD_grho_no_de()  ???:0
 3 0x00000000000a5ef1 dtauda_()  ???:0
 4 0x000000000004cfcc __results_MOD_thermo_init._omp_fn.0()  results.f90:0
 5 0x0000000000018f09 gomp_thread_start()  team.c:0
 6 0x0000000000007ea5 start_thread()  pthread_create.c:0
 7 0x00000000000feb0d __clone()  ???:0
=================================
[node139:48573] *** Process received signal ***
[node139:48573] Signal: Segmentation fault (11)
[node139:48573] Signal code:  (-6)
[node139:48573] Failing at address: 0x8cfb80000bdbd
[node139:48573] [ 0] /lib64/libpthread.so.0(+0xf630)[0x7f3032415630]
[node139:48573] [ 1] /users/smp24dhl/cosmo/code/CAMB_beta/camb/camblib.so(__massivenu_MOD_thermalnubackground_rho+0x63)[0x7f2fd54e8f63]
[node139:48573] [ 2] /users/smp24dhl/cosmo/code/CAMB_beta/camb/camblib.so(__results_MOD_grho_no_de+0xc9)[0x7f2fd54eca49]
[node139:48573] [ 3] /users/smp24dhl/cosmo/code/CAMB_beta/camb/camblib.so(dtauda_+0x61)[0x7f2fd5554ef1]
[node139:48573] [ 4] /users/smp24dhl/cosmo/code/CAMB_beta/camb/camblib.so(+0x4cfcc)[0x7f2fd54fbfcc]
[node139:48573] [ 5] /users/smp24dhl/.conda/envs/cosmos/bin/../lib/libgomp.so.1(+0x18f09)[0x7f2fd5488f09]
[node139:48573] [ 6] /lib64/libpthread.so.0(+0x7ea5)[0x7f303240dea5]
[node139:48573] [ 7] /lib64/libc.so.6(clone+0x6d)[0x7f3031a2db0d]
[node139:48573] *** End of error message ***
--------------------------------------------------------------------------
Primary job  terminated normally, but 1 process returned
a non-zero exit code. Per user-direction, the job has been aborted.
--------------------------------------------------------------------------
--------------------------------------------------------------------------
mpirun noticed that process rank 0 with PID 48573 on node node139 exited on signal 11 (Segmentation fault).
--------------------------------------------------------------------------
