[0 : output] Output to be read-from/written-into folder 'chains', with prefix 'act-full'
[0 : output] Found existing info files with the requested output prefix: 'chains/act-full'
[0 : output] Let's try to resume/load.
[0 : output] Found an old sample. Resuming.
[0 : camb] `camb` module loaded successfully from /users/smp24dhl/cosmo/code/CAMB_beta/camb
Loading ACT DR6 lensing likelihood v1.2...
Loading ACT DR6 lensing likelihood v1.2...
Loading ACT DR6 lensing likelihood v1.2...
Loading ACT DR6 lensing likelihood v1.2...
/users/smp24dhl/cosmo/code/act_dr6_lenslike/act_dr6_lenslike/act_dr6_lenslike.py:416: UserWarning: Hartlap correction to cinv: 0.949874686716792
  warnings.warn(f"Hartlap correction to cinv: {hartlap_correction}")
/users/smp24dhl/cosmo/code/act_dr6_lenslike/act_dr6_lenslike/act_dr6_lenslike.py:416: UserWarning: Hartlap correction to cinv: 0.949874686716792
  warnings.warn(f"Hartlap correction to cinv: {hartlap_correction}")
[3 : bao.desi_2024_bao_all] Initialized.
[1 : bao.desi_2024_bao_all] Initialized.
/users/smp24dhl/cosmo/code/act_dr6_lenslike/act_dr6_lenslike/act_dr6_lenslike.py:416: UserWarning: Hartlap correction to cinv: 0.949874686716792
  warnings.warn(f"Hartlap correction to cinv: {hartlap_correction}")
[0 : bao.desi_2024_bao_all] Initialized.
/users/smp24dhl/cosmo/code/act_dr6_lenslike/act_dr6_lenslike/act_dr6_lenslike.py:416: UserWarning: Hartlap correction to cinv: 0.949874686716792
  warnings.warn(f"Hartlap correction to cinv: {hartlap_correction}")
[2 : bao.desi_2024_bao_all] Initialized.
[0 : mcmc] Resuming from previous sample!
[3 : samplecollection] Loaded 1308 sample points from 'chains/act-full.4.txt'
[1 : samplecollection] Loaded 1375 sample points from 'chains/act-full.2.txt'
[2 : samplecollection] Loaded 2241 sample points from 'chains/act-full.3.txt'
[0 : samplecollection] Loaded 2080 sample points from 'chains/act-full.1.txt'
[1 : mcmc] Initial point: logA:3.04421, ns:0.9999754, theta_MC_100:1.024755, ombh2:0.02098895, omch2:0.1039554, w:-0.7504406, wa:-0.8049314, beta_DE:1.061994, tau:0.04358192
[2 : mcmc] Initial point: logA:3.087385, ns:0.9780198, theta_MC_100:1.024056, ombh2:0.02212007, omch2:0.104141, w:-0.8679784, wa:-0.1535175, beta_DE:0.4161574, tau:0.05866402
[0 : mcmc] Initial point: logA:3.053594, ns:1.010257, theta_MC_100:1.038163, ombh2:0.0224931, omch2:0.1114827, w:-0.8904442, wa:-0.07912757, beta_DE:1.753047, tau:0.05845168
[3 : mcmc] Initial point: logA:3.027875, ns:1.004261, theta_MC_100:1.047662, ombh2:0.02319055, omch2:0.1214249, w:-0.8911734, wa:-0.118277, beta_DE:0.2182734, tau:0.03527538
[0 : mcmc] *WARNING* Parameter blocking manually/previously fixed: speeds will not be measured.
[0 : mcmc] *WARNING* Dragging disabled: speed ratios < 2.
[0 : mcmc] Covariance matrix from previous sample.
[0 : mcmc] Sampling!
[2 : mcmc] Progress @ 2024-12-21 18:21:32 : 1 steps taken, and 2241 accepted.
[0 : mcmc] Progress @ 2024-12-21 18:21:32 : 1 steps taken, and 2080 accepted.
[1 : mcmc] Progress @ 2024-12-21 18:21:33 : 1 steps taken, and 1375 accepted.
[3 : mcmc] Progress @ 2024-12-21 18:21:35 : 1 steps taken, and 1308 accepted.
[2 : mcmc] Progress @ 2024-12-21 18:22:34 : 31 steps taken, and 2245 accepted.
[0 : mcmc] Progress @ 2024-12-21 18:22:34 : 31 steps taken, and 2090 accepted.
[1 : mcmc] Progress @ 2024-12-21 18:22:36 : 21 steps taken, and 1380 accepted.
[3 : mcmc] Progress @ 2024-12-21 18:22:38 : 22 steps taken, and 1316 accepted.
[0 : mcmc] Progress @ 2024-12-21 18:23:35 : 59 steps taken, and 2095 accepted.
[2 : mcmc] Progress @ 2024-12-21 18:23:35 : 61 steps taken, and 2251 accepted.
[1 : mcmc] Progress @ 2024-12-21 18:23:37 : 41 steps taken, and 1391 accepted.
[node141:28684:0:30521] Caught signal 11 (Segmentation fault: address not mapped to object at address 0xfffffffc04251ed8)
BFD: DWARF error: can't find .debug_ranges section.
BFD: DWARF error: can't find .debug_ranges section.
==== backtrace (tid:  30521) ====
 0 0x0000000000021563 ucs_debug_print_backtrace()  /dev/shm/UCX/1.8.0/GCCcore-9.3.0/ucx-1.8.0/src/ucs/debug/debug.c:653
 1 0x0000000000039f63 __massivenu_MOD_thermalnubackground_rho()  ???:0
 2 0x000000000003da49 __results_MOD_grho_no_de()  ???:0
 3 0x00000000000a5f01 dtauda_()  ???:0
 4 0x000000000004cfdc __results_MOD_thermo_init._omp_fn.0()  results.f90:0
 5 0x0000000000018f09 gomp_thread_start()  team.c:0
 6 0x0000000000007ea5 start_thread()  pthread_create.c:0
 7 0x00000000000feb0d __clone()  ???:0
=================================
[node141:28684] *** Process received signal ***
[node141:28684] Signal: Segmentation fault (11)
[node141:28684] Signal code:  (-6)
[node141:28684] Failing at address: 0x8cfb80000700c
[node141:28684] [ 0] /lib64/libpthread.so.0(+0xf630)[0x7ff6fb780630]
[node141:28684] [ 1] /users/smp24dhl/cosmo/code/CAMB_beta/camb/camblib.so(__massivenu_MOD_thermalnubackground_rho+0x63)[0x7ff69ecf5f63]
[node141:28684] [ 2] /users/smp24dhl/cosmo/code/CAMB_beta/camb/camblib.so(__results_MOD_grho_no_de+0xc9)[0x7ff69ecf9a49]
[node141:28684] [ 3] /users/smp24dhl/cosmo/code/CAMB_beta/camb/camblib.so(dtauda_+0x61)[0x7ff69ed61f01]
[node141:28684] [ 4] /users/smp24dhl/cosmo/code/CAMB_beta/camb/camblib.so(+0x4cfdc)[0x7ff69ed08fdc]
[node141:28684] [ 5] /users/smp24dhl/.conda/envs/cosmos/bin/../lib/libgomp.so.1(+0x18f09)[0x7ff69ec95f09]
[node141:28684] [ 6] /lib64/libpthread.so.0(+0x7ea5)[0x7ff6fb778ea5]
[node141:28684] [ 7] /lib64/libc.so.6(clone+0x6d)[0x7ff6fad98b0d]
[node141:28684] *** End of error message ***
--------------------------------------------------------------------------
Primary job  terminated normally, but 1 process returned
a non-zero exit code. Per user-direction, the job has been aborted.
--------------------------------------------------------------------------
--------------------------------------------------------------------------
mpirun noticed that process rank 3 with PID 28684 on node node141 exited on signal 11 (Segmentation fault).
--------------------------------------------------------------------------
