[0 : output] Output to be read-from/written-into folder 'chains', with prefix 'noHalo'
[0 : output] Found existing info files with the requested output prefix: 'chains/noHalo'
[0 : output] Let's try to resume/load.
[0 : output] Found an old sample. Resuming.
[0 : prior] *WARNING* External prior 'SZ' loaded. Mind that it might not be normalized!
[0 : camb] `camb` module loaded successfully from /users/smp24dhl/cosmo/code/CAMB_beta/camb
[0 : planck_2018_highl_plik.ttteee] `clik` module loaded successfully from /users/smp24dhl/cosmo/code/planck/clik/lib/python3.9/site-packages/clik
----
clik version clik_16.0b1-2-g63c889f3aa9c MAKEFILE
  smica
----
clik version clik_16.0b1-2-g63c889f3aa9c MAKEFILE
  smica
----
clik version clik_16.0b1-2-g63c889f3aa9c MAKEFILE
  smica
----
clik version clik_16.0b1-2-g63c889f3aa9c MAKEFILE
  smica
Checking likelihood '/users/smp24dhl/cosmo/data/planck_2018/baseline/plc_3.0/hi_l/plik/plik_rd12_HM_v22b_TTTEEE.clik' on test data. got -1172.47 expected -1172.47 (diff -4.34055e-07)
----
Checking likelihood '/users/smp24dhl/cosmo/data/planck_2018/baseline/plc_3.0/hi_l/plik/plik_rd12_HM_v22b_TTTEEE.clik' on test data. got -1172.47 expected -1172.47 (diff -4.34055e-07)
----
Checking likelihood '/users/smp24dhl/cosmo/data/planck_2018/baseline/plc_3.0/hi_l/plik/plik_rd12_HM_v22b_TTTEEE.clik' on test data. got -1172.47 expected -1172.47 (diff -4.34055e-07)
----
Checking likelihood '/users/smp24dhl/cosmo/data/planck_2018/baseline/plc_3.0/hi_l/plik/plik_rd12_HM_v22b_TTTEEE.clik' on test data. got -1172.47 expected -1172.47 (diff -4.34055e-07)
----
Checking lensing likelihood '/users/smp24dhl/cosmo/data/planck_2018/baseline/plc_3.0/lensing/smicadx12_Dec5_ftl_mv2_ndclpp_p_teb_consext8.clik_lensing' on test data. got -4.42102
Checking lensing likelihood '/users/smp24dhl/cosmo/data/planck_2018/baseline/plc_3.0/lensing/smicadx12_Dec5_ftl_mv2_ndclpp_p_teb_consext8.clik_lensing' on test data. got -4.42102
[0 : planck_2018_lensing.clik] `clik` module loaded successfully from /users/smp24dhl/cosmo/code/planck/clik/lib/python3.9/site-packages/clik
Checking lensing likelihood '/users/smp24dhl/cosmo/data/planck_2018/baseline/plc_3.0/lensing/smicadx12_Dec5_ftl_mv2_ndclpp_p_teb_consext8.clik_lensing' on test data. got -4.42102
Checking lensing likelihood '/users/smp24dhl/cosmo/data/planck_2018/baseline/plc_3.0/lensing/smicadx12_Dec5_ftl_mv2_ndclpp_p_teb_consext8.clik_lensing' on test data. got -4.42102
[0 : mcmc] Resuming from previous sample!
[3 : samplecollection] Loaded 3300 sample points from 'chains/noHalo.4.txt'
[1 : samplecollection] Loaded 3347 sample points from 'chains/noHalo.2.txt'
[2 : samplecollection] Loaded 4227 sample points from 'chains/noHalo.3.txt'
[0 : samplecollection] Loaded 4119 sample points from 'chains/noHalo.1.txt'
[0 : mcmc] Initial point: logA:3.035902, ns:0.9673922, theta_MC_100:1.041188, ombh2:0.0222582, omch2:0.1195269, w:-0.555896, wa:-0.7778966, beta_DE:-0.7519658, tau:0.04834119, A_planck:1.002166, calib_100T:1.00009, calib_217T:0.9967803, A_cib_217:47.98417, xi_sz_cib:0.6960418, A_sz:5.160699, ksz_norm:1.035689, gal545_A_100:8.678493, gal545_A_143:6.628218, gal545_A_143_217:11.97524, gal545_A_217:81.50704, ps_A_100_100:255.678, ps_A_143_143:51.9699, ps_A_143_217:55.32849, ps_A_217_217:122.56, galf_TE_A_100:0.1000412, galf_TE_A_100_143:0.1118092, galf_TE_A_100_217:0.4674362, galf_TE_A_143:0.3428581, galf_TE_A_143_217:0.5848436, galf_TE_A_217:2.025104
[2 : mcmc] Initial point: logA:3.029217, ns:0.9646397, theta_MC_100:1.040557, ombh2:0.02266783, omch2:0.1187659, w:-1.117833, wa:-2.095036, beta_DE:-2.066629, tau:0.04843189, A_planck:0.9991804, calib_100T:0.9998619, calib_217T:0.9979505, A_cib_217:46.65063, xi_sz_cib:0.4130929, A_sz:7.456505, ksz_norm:0.6356833, gal545_A_100:8.940787, gal545_A_143:9.227767, gal545_A_143_217:17.58039, gal545_A_217:87.04965, ps_A_100_100:256.9427, ps_A_143_143:39.98357, ps_A_143_217:43.7139, ps_A_217_217:124.2023, galf_TE_A_100:0.2037529, galf_TE_A_100_143:0.1417282, galf_TE_A_100_217:0.5615365, galf_TE_A_143:0.1947086, galf_TE_A_143_217:0.5551393, galf_TE_A_217:2.015543
[3 : mcmc] Initial point: logA:3.049038, ns:0.9690854, theta_MC_100:1.041236, ombh2:0.02261423, omch2:0.1186766, w:0.713054, wa:-2.9282, beta_DE:-2.779271, tau:0.05904188, A_planck:0.9981551, calib_100T:0.9992359, calib_217T:0.9985864, A_cib_217:49.03652, xi_sz_cib:0.7350353, A_sz:7.311271, ksz_norm:0.8981005, gal545_A_100:14.8449, gal545_A_143:8.361539, gal545_A_143_217:17.06418, gal545_A_217:87.54811, ps_A_100_100:207.2582, ps_A_143_143:44.14444, ps_A_143_217:52.80879, ps_A_217_217:116.5062, galf_TE_A_100:0.1274648, galf_TE_A_100_143:0.1801751, galf_TE_A_100_217:0.3787594, galf_TE_A_143:0.2904932, galf_TE_A_143_217:0.7750669, galf_TE_A_217:1.803983
[1 : mcmc] Initial point: logA:3.040747, ns:0.9723141, theta_MC_100:1.040906, ombh2:0.02246998, omch2:0.117914, w:-0.8588602, wa:-2.542732, beta_DE:1.145961, tau:0.05479347, A_planck:1.000859, calib_100T:0.999334, calib_217T:0.9977787, A_cib_217:47.6705, xi_sz_cib:0.5593356, A_sz:4.796203, ksz_norm:1.723218, gal545_A_100:6.761293, gal545_A_143:11.88911, gal545_A_143_217:20.38532, gal545_A_217:94.43658, ps_A_100_100:285.4962, ps_A_143_143:42.82957, ps_A_143_217:38.27543, ps_A_217_217:112.2216, galf_TE_A_100:0.1428114, galf_TE_A_100_143:0.07982849, galf_TE_A_100_217:0.4337702, galf_TE_A_143:0.1337654, galf_TE_A_143_217:0.6564558, galf_TE_A_217:1.809442
[0 : mcmc] *WARNING* Parameter blocking manually/previously fixed: speeds will not be measured.
[0 : mcmc] Dragging with number of interpolating steps:
[0 : mcmc] * 1 : (['theta_MC_100', 'ombh2', 'omch2', 'w', 'wa', 'beta_DE', 'tau'], ['logA', 'ns'])
[0 : mcmc] * 9 : (['A_planck'], ['calib_100T', 'calib_217T', 'A_cib_217', 'xi_sz_cib', 'A_sz', 'ksz_norm', 'gal545_A_100', 'gal545_A_143', 'gal545_A_143_217', 'gal545_A_217', 'ps_A_100_100', 'ps_A_143_143', 'ps_A_143_217', 'ps_A_217_217', 'galf_TE_A_100', 'galf_TE_A_100_143', 'galf_TE_A_100_217', 'galf_TE_A_143', 'galf_TE_A_143_217', 'galf_TE_A_217'])
[0 : mcmc] Covariance matrix from previous sample.
[0 : mcmc] Sampling!
[2 : mcmc] Progress @ 2024-12-12 23:46:20 : 1 steps taken, and 4227 accepted.
[0 : mcmc] Progress @ 2024-12-12 23:46:20 : 1 steps taken, and 4119 accepted.
[3 : mcmc] Progress @ 2024-12-12 23:46:26 : 1 steps taken, and 3300 accepted.
[1 : mcmc] Progress @ 2024-12-12 23:46:27 : 1 steps taken, and 3347 accepted.
[0 : mcmc] Progress @ 2024-12-12 23:47:21 : 38 steps taken, and 4132 accepted.
[2 : mcmc] Progress @ 2024-12-12 23:47:22 : 48 steps taken, and 4236 accepted.
[3 : mcmc] Progress @ 2024-12-12 23:47:27 : 27 steps taken, and 3307 accepted.
[1 : mcmc] Progress @ 2024-12-12 23:47:29 : 26 steps taken, and 3354 accepted.
[2 : mcmc] Progress @ 2024-12-12 23:48:24 : 110 steps taken, and 4247 accepted.
[3 : mcmc] Progress @ 2024-12-12 23:48:30 : 54 steps taken, and 3314 accepted.
[1 : mcmc] Progress @ 2024-12-12 23:48:30 : 49 steps taken, and 3364 accepted.
[0 : mcmc] Progress @ 2024-12-12 23:48:35 : 76 steps taken, and 4145 accepted.
[2 : mcmc] Progress @ 2024-12-12 23:49:26 : 150 steps taken, and 4258 accepted.
[node106:11358:0:11448] Caught signal 11 (Segmentation fault: address not mapped to object at address 0xfffffffc05462398)
BFD: DWARF error: can't find .debug_ranges section.
BFD: DWARF error: can't find .debug_ranges section.
==== backtrace (tid:  11448) ====
 0 0x0000000000021563 ucs_debug_print_backtrace()  /dev/shm/UCX/1.8.0/GCCcore-9.3.0/ucx-1.8.0/src/ucs/debug/debug.c:653
 1 0x0000000000039f63 __massivenu_MOD_thermalnubackground_rho()  ???:0
 2 0x000000000003da49 __results_MOD_grho_no_de()  ???:0
 3 0x00000000000a5ef1 dtauda_()  ???:0
 4 0x000000000004cfcc __results_MOD_thermo_init._omp_fn.0()  results.f90:0
 5 0x0000000000018f09 gomp_thread_start()  team.c:0
 6 0x0000000000007ea5 start_thread()  pthread_create.c:0
 7 0x00000000000feb0d __clone()  ???:0
=================================
[node106:11358] *** Process received signal ***
[node106:11358] Signal: Segmentation fault (11)
[node106:11358] Signal code:  (-6)
[node106:11358] Failing at address: 0x8cfb800002c5e
[node106:11358] [ 0] /lib64/libpthread.so.0(+0xf630)[0x7fc73b96c630]
[node106:11358] [ 1] /users/smp24dhl/cosmo/code/CAMB_beta/camb/camblib.so(__massivenu_MOD_thermalnubackground_rho+0x63)[0x7fc6deea5f63]
[node106:11358] [ 2] /users/smp24dhl/cosmo/code/CAMB_beta/camb/camblib.so(__results_MOD_grho_no_de+0xc9)[0x7fc6deea9a49]
[node106:11358] [ 3] /users/smp24dhl/cosmo/code/CAMB_beta/camb/camblib.so(dtauda_+0x61)[0x7fc6def11ef1]
[node106:11358] [ 4] /users/smp24dhl/cosmo/code/CAMB_beta/camb/camblib.so(+0x4cfcc)[0x7fc6deeb8fcc]
[node106:11358] [ 5] /users/smp24dhl/.conda/envs/cosmos/bin/../lib/libgomp.so.1(+0x18f09)[0x7fc6dee45f09]
[node106:11358] [ 6] /lib64/libpthread.so.0(+0x7ea5)[0x7fc73b964ea5]
[node106:11358] [ 7] /lib64/libc.so.6(clone+0x6d)[0x7fc73af84b0d]
[node106:11358] *** End of error message ***
--------------------------------------------------------------------------
Primary job  terminated normally, but 1 process returned
a non-zero exit code. Per user-direction, the job has been aborted.
--------------------------------------------------------------------------
--------------------------------------------------------------------------
mpirun noticed that process rank 2 with PID 11358 on node node106 exited on signal 11 (Segmentation fault).
--------------------------------------------------------------------------
