[0 : output] Output to be read-from/written-into folder 'chains', with prefix 'noHalo'
[0 : output] Found existing info files with the requested output prefix: 'chains/noHalo'
[0 : output] Let's try to resume/load.
[0 : output] Found an old sample. Resuming.
[0 : prior] *WARNING* External prior 'SZ' loaded. Mind that it might not be normalized!
[0 : camb] `camb` module loaded successfully from /users/smp24dhl/cosmo/code/CAMB_beta/camb
[0 : planck_2018_highl_plik.ttteee] `clik` module loaded successfully from /users/smp24dhl/cosmo/code/planck/clik/lib/python3.9/site-packages/clik
----
clik version clik_16.0b1-2-g63c889f3aa9c MAKEFILE
  smica
----
clik version clik_16.0b1-2-g63c889f3aa9c MAKEFILE
  smica
----
clik version clik_16.0b1-2-g63c889f3aa9c MAKEFILE
  smica
----
clik version clik_16.0b1-2-g63c889f3aa9c MAKEFILE
  smica
Checking likelihood '/users/smp24dhl/cosmo/data/planck_2018/baseline/plc_3.0/hi_l/plik/plik_rd12_HM_v22b_TTTEEE.clik' on test data. got -1172.47 expected -1172.47 (diff -4.34055e-07)
----
Checking likelihood '/users/smp24dhl/cosmo/data/planck_2018/baseline/plc_3.0/hi_l/plik/plik_rd12_HM_v22b_TTTEEE.clik' on test data. got -1172.47 expected -1172.47 (diff -4.34055e-07)
----
Checking likelihood '/users/smp24dhl/cosmo/data/planck_2018/baseline/plc_3.0/hi_l/plik/plik_rd12_HM_v22b_TTTEEE.clik' on test data. got -1172.47 expected -1172.47 (diff -4.34055e-07)
----
Checking likelihood '/users/smp24dhl/cosmo/data/planck_2018/baseline/plc_3.0/hi_l/plik/plik_rd12_HM_v22b_TTTEEE.clik' on test data. got -1172.47 expected -1172.47 (diff -4.34055e-07)
----
Checking lensing likelihood '/users/smp24dhl/cosmo/data/planck_2018/baseline/plc_3.0/lensing/smicadx12_Dec5_ftl_mv2_ndclpp_p_teb_consext8.clik_lensing' on test data. got -4.42102
Checking lensing likelihood '/users/smp24dhl/cosmo/data/planck_2018/baseline/plc_3.0/lensing/smicadx12_Dec5_ftl_mv2_ndclpp_p_teb_consext8.clik_lensing' on test data. got -4.42102
Checking lensing likelihood '/users/smp24dhl/cosmo/data/planck_2018/baseline/plc_3.0/lensing/smicadx12_Dec5_ftl_mv2_ndclpp_p_teb_consext8.clik_lensing' on test data. got -4.42102
[0 : planck_2018_lensing.clik] `clik` module loaded successfully from /users/smp24dhl/cosmo/code/planck/clik/lib/python3.9/site-packages/clik
Checking lensing likelihood '/users/smp24dhl/cosmo/data/planck_2018/baseline/plc_3.0/lensing/smicadx12_Dec5_ftl_mv2_ndclpp_p_teb_consext8.clik_lensing' on test data. got -4.42102
[0 : mcmc] Resuming from previous sample!
[3 : samplecollection] Loaded 3903 sample points from 'chains/noHalo.4.txt'
[1 : samplecollection] Loaded 3940 sample points from 'chains/noHalo.2.txt'
[0 : samplecollection] Loaded 4490 sample points from 'chains/noHalo.1.txt'
[2 : samplecollection] Loaded 4594 sample points from 'chains/noHalo.3.txt'
[3 : mcmc] Initial point: logA:3.04401, ns:0.9681673, theta_MC_100:1.041062, ombh2:0.02232736, omch2:0.118553, w:-0.8897304, wa:-0.3782342, beta_DE:-0.3778422, tau:0.0542966, A_planck:1.001593, calib_100T:0.9993494, calib_217T:0.9989617, A_cib_217:56.44471, xi_sz_cib:0.6827556, A_sz:5.810948, ksz_norm:0.7524302, gal545_A_100:10.94689, gal545_A_143:10.33204, gal545_A_143_217:18.83949, gal545_A_217:87.47727, ps_A_100_100:243.7626, ps_A_143_143:56.73859, ps_A_143_217:49.09015, ps_A_217_217:104.2469, galf_TE_A_100:0.1622496, galf_TE_A_100_143:0.1662224, galf_TE_A_100_217:0.4346582, galf_TE_A_143:0.2822423, galf_TE_A_143_217:0.663813, galf_TE_A_217:1.646744
[2 : mcmc] Initial point: logA:3.036786, ns:0.9620986, theta_MC_100:1.040513, ombh2:0.02234147, omch2:0.1191764, w:-0.5563956, wa:-2.860079, beta_DE:-1.06118, tau:0.05120492, A_planck:1.00088, calib_100T:0.9989386, calib_217T:0.9998336, A_cib_217:52.52992, xi_sz_cib:0.2892407, A_sz:6.756026, ksz_norm:2.505731, gal545_A_100:6.673829, gal545_A_143:10.83853, gal545_A_143_217:22.67371, gal545_A_217:98.67126, ps_A_100_100:248.8949, ps_A_143_143:41.97, ps_A_143_217:31.47948, ps_A_217_217:102.4584, galf_TE_A_100:0.1435449, galf_TE_A_100_143:0.1624859, galf_TE_A_100_217:0.4547693, galf_TE_A_143:0.232592, galf_TE_A_143_217:0.6650049, galf_TE_A_217:2.264395
[1 : mcmc] Initial point: logA:3.024867, ns:0.9711331, theta_MC_100:1.04123, ombh2:0.02231195, omch2:0.1196577, w:-1.494386, wa:-1.454483, beta_DE:-0.6911945, tau:0.04595682, A_planck:1.000877, calib_100T:0.9995736, calib_217T:0.9980187, A_cib_217:46.25221, xi_sz_cib:0.4271491, A_sz:2.77447, ksz_norm:3.730105, gal545_A_100:9.956361, gal545_A_143:11.69799, gal545_A_143_217:20.05543, gal545_A_217:99.1622, ps_A_100_100:287.1632, ps_A_143_143:51.30639, ps_A_143_217:35.26756, ps_A_217_217:109.1822, galf_TE_A_100:0.1145245, galf_TE_A_100_143:0.1797804, galf_TE_A_100_217:0.4640385, galf_TE_A_143:0.3022465, galf_TE_A_143_217:0.6973499, galf_TE_A_217:2.085371
[0 : mcmc] Initial point: logA:3.048385, ns:0.973178, theta_MC_100:1.04068, ombh2:0.02245144, omch2:0.1180218, w:-1.971478, wa:1.61306, beta_DE:1.271632, tau:0.05719924, A_planck:1.002682, calib_100T:0.9997983, calib_217T:0.9970551, A_cib_217:44.96445, xi_sz_cib:0.2715208, A_sz:5.456923, ksz_norm:2.287296, gal545_A_100:8.017022, gal545_A_143:10.88057, gal545_A_143_217:14.73589, gal545_A_217:83.85279, ps_A_100_100:241.4977, ps_A_143_143:38.37423, ps_A_143_217:35.87855, ps_A_217_217:121.7345, galf_TE_A_100:0.1066981, galf_TE_A_100_143:0.05849992, galf_TE_A_100_217:0.6418314, galf_TE_A_143:0.1319669, galf_TE_A_143_217:0.6855206, galf_TE_A_217:2.485205
[0 : mcmc] *WARNING* Parameter blocking manually/previously fixed: speeds will not be measured.
[0 : mcmc] Dragging with number of interpolating steps:
[0 : mcmc] * 1 : (['theta_MC_100', 'ombh2', 'omch2', 'w', 'wa', 'beta_DE', 'tau'], ['logA', 'ns'])
[0 : mcmc] * 9 : (['A_planck'], ['calib_100T', 'calib_217T', 'A_cib_217', 'xi_sz_cib', 'A_sz', 'ksz_norm', 'gal545_A_100', 'gal545_A_143', 'gal545_A_143_217', 'gal545_A_217', 'ps_A_100_100', 'ps_A_143_143', 'ps_A_143_217', 'ps_A_217_217', 'galf_TE_A_100', 'galf_TE_A_100_143', 'galf_TE_A_100_217', 'galf_TE_A_143', 'galf_TE_A_143_217', 'galf_TE_A_217'])
[0 : mcmc] Covariance matrix from previous sample.
[0 : mcmc] Sampling!
[0 : mcmc] Progress @ 2024-12-13 11:32:59 : 1 steps taken, and 4490 accepted.
[2 : mcmc] Progress @ 2024-12-13 11:33:02 : 1 steps taken, and 4594 accepted.
[1 : mcmc] Progress @ 2024-12-13 11:33:04 : 1 steps taken, and 3940 accepted.
[3 : mcmc] Progress @ 2024-12-13 11:33:05 : 1 steps taken, and 3903 accepted.
[0 : mcmc] Progress @ 2024-12-13 11:34:00 : 71 steps taken, and 4507 accepted.
[2 : mcmc] Progress @ 2024-12-13 11:34:03 : 46 steps taken, and 4606 accepted.
[3 : mcmc] Progress @ 2024-12-13 11:34:06 : 50 steps taken, and 3916 accepted.
[1 : mcmc] Progress @ 2024-12-13 11:34:09 : 37 steps taken, and 3950 accepted.
[1 : mcmc] Learn + convergence test @ 3960 samples accepted.
[1 : mcmc] Ready to check convergence and learn a new proposal covmat (waiting for the rest...)
[0 : mcmc] Progress @ 2024-12-13 11:35:01 : 118 steps taken, and 4527 accepted.
[2 : mcmc] Progress @ 2024-12-13 11:35:06 : 82 steps taken, and 4616 accepted.
[3 : mcmc] Progress @ 2024-12-13 11:35:06 : 92 steps taken, and 3928 accepted.
[1 : mcmc] Progress @ 2024-12-13 11:35:09 : 89 steps taken, and 3964 accepted.
[node048:32505:0:32584] Caught signal 11 (Segmentation fault: address not mapped to object at address 0xfffffffc04815f48)
BFD: DWARF error: can't find .debug_ranges section.
BFD: DWARF error: can't find .debug_ranges section.
==== backtrace (tid:  32584) ====
 0 0x0000000000021563 ucs_debug_print_backtrace()  /dev/shm/UCX/1.8.0/GCCcore-9.3.0/ucx-1.8.0/src/ucs/debug/debug.c:653
 1 0x0000000000039f63 __massivenu_MOD_thermalnubackground_rho()  ???:0
 2 0x000000000003da49 __results_MOD_grho_no_de()  ???:0
 3 0x00000000000a5ef1 dtauda_()  ???:0
 4 0x000000000004cfcc __results_MOD_thermo_init._omp_fn.0()  results.f90:0
 5 0x0000000000018f09 gomp_thread_start()  team.c:0
 6 0x0000000000007ea5 start_thread()  pthread_create.c:0
 7 0x00000000000feb0d __clone()  ???:0
=================================
[node048:32505] *** Process received signal ***
[node048:32505] Signal: Segmentation fault (11)
[node048:32505] Signal code:  (-6)
[node048:32505] Failing at address: 0x8cfb800007ef9
[node048:32505] [ 0] /lib64/libpthread.so.0(+0xf630)[0x7f5ae1cd2630]
[node048:32505] [ 1] /users/smp24dhl/cosmo/code/CAMB_beta/camb/camblib.so(__massivenu_MOD_thermalnubackground_rho+0x63)[0x7f5a84e03f63]
[node048:32505] [ 2] /users/smp24dhl/cosmo/code/CAMB_beta/camb/camblib.so(__results_MOD_grho_no_de+0xc9)[0x7f5a84e07a49]
[node048:32505] [ 3] /users/smp24dhl/cosmo/code/CAMB_beta/camb/camblib.so(dtauda_+0x61)[0x7f5a84e6fef1]
[node048:32505] [ 4] /users/smp24dhl/cosmo/code/CAMB_beta/camb/camblib.so(+0x4cfcc)[0x7f5a84e16fcc]
[node048:32505] [ 5] /users/smp24dhl/.conda/envs/cosmos/bin/../lib/libgomp.so.1(+0x18f09)[0x7f5a84da3f09]
[node048:32505] [ 6] /lib64/libpthread.so.0(+0x7ea5)[0x7f5ae1ccaea5]
[node048:32505] [ 7] /lib64/libc.so.6(clone+0x6d)[0x7f5ae12eab0d]
[node048:32505] *** End of error message ***
--------------------------------------------------------------------------
Primary job  terminated normally, but 1 process returned
a non-zero exit code. Per user-direction, the job has been aborted.
--------------------------------------------------------------------------
--------------------------------------------------------------------------
mpirun noticed that process rank 1 with PID 32505 on node node048 exited on signal 11 (Segmentation fault).
--------------------------------------------------------------------------
