[0 : output] Output to be read-from/written-into folder 'chains', with prefix 'nolinear'
[0 : output] Found existing info files with the requested output prefix: 'chains/nolinear'
[0 : output] Let's try to resume/load.
[0 : output] Found an old sample. Resuming.
[0 : prior] *WARNING* External prior 'SZ' loaded. Mind that it might not be normalized!
[0 : camb] `camb` module loaded successfully from /users/smp24dhl/cosmo/code/CAMB_beta/camb
[0 : planck_2018_highl_plik.ttteee] `clik` module loaded successfully from /users/smp24dhl/cosmo/code/planck/clik/lib/python3.9/site-packages/clik
----
clik version clik_16.0b1-2-g63c889f3aa9c MAKEFILE
  smica
----
clik version clik_16.0b1-2-g63c889f3aa9c MAKEFILE
  smica
----
clik version clik_16.0b1-2-g63c889f3aa9c MAKEFILE
  smica
----
clik version clik_16.0b1-2-g63c889f3aa9c MAKEFILE
  smica
Checking likelihood '/users/smp24dhl/cosmo/data/planck_2018/baseline/plc_3.0/hi_l/plik/plik_rd12_HM_v22b_TTTEEE.clik' on test data. got -1172.47 expected -1172.47 (diff -4.34055e-07)
----
Checking likelihood '/users/smp24dhl/cosmo/data/planck_2018/baseline/plc_3.0/hi_l/plik/plik_rd12_HM_v22b_TTTEEE.clik' on test data. got -1172.47 expected -1172.47 (diff -4.34055e-07)
----
Checking likelihood '/users/smp24dhl/cosmo/data/planck_2018/baseline/plc_3.0/hi_l/plik/plik_rd12_HM_v22b_TTTEEE.clik' on test data. got -1172.47 expected -1172.47 (diff -4.34055e-07)
----
Checking likelihood '/users/smp24dhl/cosmo/data/planck_2018/baseline/plc_3.0/hi_l/plik/plik_rd12_HM_v22b_TTTEEE.clik' on test data. got -1172.47 expected -1172.47 (diff -4.34055e-07)
----
[0 : planck_2018_lensing.clik] `clik` module loaded successfully from /users/smp24dhl/cosmo/code/planck/clik/lib/python3.9/site-packages/clik
Checking lensing likelihood '/users/smp24dhl/cosmo/data/planck_2018/baseline/plc_3.0/lensing/smicadx12_Dec5_ftl_mv2_ndclpp_p_teb_consext8.clik_lensing' on test data. got -4.42102
Checking lensing likelihood '/users/smp24dhl/cosmo/data/planck_2018/baseline/plc_3.0/lensing/smicadx12_Dec5_ftl_mv2_ndclpp_p_teb_consext8.clik_lensing' on test data. got -4.42102
Checking lensing likelihood '/users/smp24dhl/cosmo/data/planck_2018/baseline/plc_3.0/lensing/smicadx12_Dec5_ftl_mv2_ndclpp_p_teb_consext8.clik_lensing' on test data. got -4.42102
Checking lensing likelihood '/users/smp24dhl/cosmo/data/planck_2018/baseline/plc_3.0/lensing/smicadx12_Dec5_ftl_mv2_ndclpp_p_teb_consext8.clik_lensing' on test data. got -4.42102
[0 : mcmc] Resuming from previous sample!
[0 : samplecollection] Loaded 832 sample points from 'chains/nolinear.1.txt'
[2 : samplecollection] Loaded 818 sample points from 'chains/nolinear.3.txt'
[1 : samplecollection] Loaded 779 sample points from 'chains/nolinear.2.txt'
[3 : samplecollection] Loaded 754 sample points from 'chains/nolinear.4.txt'
[2 : mcmc] Initial point: logA:3.03775, ns:0.9635966, theta_MC_100:1.040839, ombh2:0.02217101, omch2:0.1216505, w:-1.976476, wa:1.341252, beta_DE:0.7178176, tau:0.05023714, A_planck:1.000073, calib_100T:0.9992616, calib_217T:0.9982954, A_cib_217:46.1921, xi_sz_cib:0.3102607, A_sz:4.731465, ksz_norm:5.712896, gal545_A_100:5.090052, gal545_A_143:9.233676, gal545_A_143_217:12.30453, gal545_A_217:85.88884, ps_A_100_100:270.7867, ps_A_143_143:39.4244, ps_A_143_217:37.76083, ps_A_217_217:114.4145, galf_TE_A_100:0.1320854, galf_TE_A_100_143:0.08380179, galf_TE_A_100_217:0.4440613, galf_TE_A_143:0.2077685, galf_TE_A_143_217:0.7061944, galf_TE_A_217:2.351692
[3 : mcmc] Initial point: logA:3.037521, ns:0.9695048, theta_MC_100:1.041289, ombh2:0.02269161, omch2:0.1186915, w:-1.700047, wa:0.7565827, beta_DE:1.297309, tau:0.05159458, A_planck:1.00045, calib_100T:0.9997016, calib_217T:0.9984877, A_cib_217:45.80382, xi_sz_cib:0.7678965, A_sz:3.449482, ksz_norm:4.238881, gal545_A_100:11.88634, gal545_A_143:11.62791, gal545_A_143_217:19.277, gal545_A_217:98.21959, ps_A_100_100:269.538, ps_A_143_143:43.54973, ps_A_143_217:38.34293, ps_A_217_217:108.3021, galf_TE_A_100:0.159376, galf_TE_A_100_143:0.1354183, galf_TE_A_100_217:0.4997681, galf_TE_A_143:0.185757, galf_TE_A_143_217:0.6087593, galf_TE_A_217:2.271272
[1 : mcmc] Initial point: logA:3.068126, ns:0.9675367, theta_MC_100:1.041211, ombh2:0.02257117, omch2:0.11893, w:-1.495286, wa:0.6088824, beta_DE:0.4649414, tau:0.06825384, A_planck:0.9997094, calib_100T:1.000492, calib_217T:0.9976881, A_cib_217:47.14152, xi_sz_cib:0.333222, A_sz:6.055402, ksz_norm:2.722697, gal545_A_100:10.05883, gal545_A_143:8.034079, gal545_A_143_217:16.80551, gal545_A_217:92.38367, ps_A_100_100:236.6362, ps_A_143_143:45.14856, ps_A_143_217:39.96333, ps_A_217_217:111.7339, galf_TE_A_100:0.09948259, galf_TE_A_100_143:0.129391, galf_TE_A_100_217:0.5128462, galf_TE_A_143:0.2231177, galf_TE_A_143_217:0.65826, galf_TE_A_217:2.24995
[0 : mcmc] Initial point: logA:3.045174, ns:0.9630229, theta_MC_100:1.041045, ombh2:0.02235895, omch2:0.1199314, w:-0.9062249, wa:-1.033044, beta_DE:1.223929, tau:0.05215195, A_planck:1.002899, calib_100T:1.000206, calib_217T:0.9985426, A_cib_217:45.13703, xi_sz_cib:0.1579374, A_sz:2.463357, ksz_norm:5.994794, gal545_A_100:8.416351, gal545_A_143:10.45436, gal545_A_143_217:18.78754, gal545_A_217:98.79487, ps_A_100_100:306.447, ps_A_143_143:43.97378, ps_A_143_217:27.53603, ps_A_217_217:113.2079, galf_TE_A_100:0.1494796, galf_TE_A_100_143:0.1480798, galf_TE_A_100_217:0.5755194, galf_TE_A_143:0.1614456, galf_TE_A_143_217:0.6254849, galf_TE_A_217:2.175084
[0 : mcmc] *WARNING* Parameter blocking manually/previously fixed: speeds will not be measured.
[0 : mcmc] Dragging with number of interpolating steps:
[0 : mcmc] * 1 : (['theta_MC_100', 'ombh2', 'omch2', 'w', 'wa', 'beta_DE', 'tau'], ['logA', 'ns'])
[0 : mcmc] * 7 : (['A_planck'], ['calib_100T', 'calib_217T', 'A_cib_217', 'xi_sz_cib', 'A_sz', 'ksz_norm', 'gal545_A_100', 'gal545_A_143', 'gal545_A_143_217', 'gal545_A_217', 'ps_A_100_100', 'ps_A_143_143', 'ps_A_143_217', 'ps_A_217_217', 'galf_TE_A_100', 'galf_TE_A_100_143', 'galf_TE_A_100_217', 'galf_TE_A_143', 'galf_TE_A_143_217', 'galf_TE_A_217'])
[0 : mcmc] Covariance matrix from previous sample.
[0 : mcmc] Sampling!
[3 : mcmc] Progress @ 2024-12-09 12:47:53 : 1 steps taken, and 754 accepted.
[0 : mcmc] Progress @ 2024-12-09 12:47:57 : 1 steps taken, and 832 accepted.
[2 : mcmc] Progress @ 2024-12-09 12:47:57 : 1 steps taken, and 818 accepted.
[1 : mcmc] Progress @ 2024-12-09 12:47:57 : 1 steps taken, and 779 accepted.
 Warning: Integrate_Romberg failed to converge; 
 integral, error, tol:   13723.978554863868       -1.2171307295361089E-007   1.0000000000000001E-007
[3 : mcmc] Progress @ 2024-12-09 12:48:53 : 52 steps taken, and 769 accepted.
[0 : mcmc] Progress @ 2024-12-09 12:48:57 : 30 steps taken, and 843 accepted.
[1 : mcmc] Progress @ 2024-12-09 12:48:57 : 31 steps taken, and 791 accepted.
[2 : mcmc] Progress @ 2024-12-09 12:49:00 : 41 steps taken, and 835 accepted.
[3 : mcmc] Progress @ 2024-12-09 12:49:53 : 98 steps taken, and 778 accepted.
[1 : mcmc] Progress @ 2024-12-09 12:49:58 : 65 steps taken, and 800 accepted.
[0 : mcmc] Progress @ 2024-12-09 12:49:59 : 89 steps taken, and 860 accepted.
[2 : mcmc] Progress @ 2024-12-09 12:50:00 : 85 steps taken, and 848 accepted.
[3 : mcmc] Progress @ 2024-12-09 12:50:55 : 143 steps taken, and 787 accepted.
[0 : mcmc] Progress @ 2024-12-09 12:51:00 : 125 steps taken, and 875 accepted.
[1 : mcmc] Progress @ 2024-12-09 12:51:01 : 98 steps taken, and 816 accepted.
[2 : mcmc] Progress @ 2024-12-09 12:51:02 : 128 steps taken, and 862 accepted.
[node036:3469 :0:3586] Caught signal 11 (Segmentation fault: address not mapped to object at address 0xfffffffc058d68d8)
BFD: DWARF error: can't find .debug_ranges section.
BFD: DWARF error: can't find .debug_ranges section.
==== backtrace (tid:   3586) ====
 0 0x0000000000021563 ucs_debug_print_backtrace()  /dev/shm/UCX/1.8.0/GCCcore-9.3.0/ucx-1.8.0/src/ucs/debug/debug.c:653
 1 0x0000000000039f63 __massivenu_MOD_thermalnubackground_rho()  ???:0
 2 0x000000000003da49 __results_MOD_grho_no_de()  ???:0
 3 0x00000000000a5ef1 dtauda_()  ???:0
 4 0x000000000004cfcc __results_MOD_thermo_init._omp_fn.0()  results.f90:0
 5 0x0000000000018f09 gomp_thread_start()  team.c:0
 6 0x0000000000007ea5 start_thread()  pthread_create.c:0
 7 0x00000000000feb0d __clone()  ???:0
=================================
[node036:03469] *** Process received signal ***
[node036:03469] Signal: Segmentation fault (11)
[node036:03469] Signal code:  (-6)
[node036:03469] Failing at address: 0x8cfb800000d8d
[node036:03469] [ 0] /lib64/libpthread.so.0(+0xf630)[0x7fdb54ff5630]
[node036:03469] [ 1] /users/smp24dhl/cosmo/code/CAMB_beta/camb/camblib.so(__massivenu_MOD_thermalnubackground_rho+0x63)[0x7fdaf8137f63]
[node036:03469] [ 2] /users/smp24dhl/cosmo/code/CAMB_beta/camb/camblib.so(__results_MOD_grho_no_de+0xc9)[0x7fdaf813ba49]
[node036:03469] [ 3] /users/smp24dhl/cosmo/code/CAMB_beta/camb/camblib.so(dtauda_+0x61)[0x7fdaf81a3ef1]
[node036:03469] [ 4] /users/smp24dhl/cosmo/code/CAMB_beta/camb/camblib.so(+0x4cfcc)[0x7fdaf814afcc]
[node036:03469] [ 5] /users/smp24dhl/.conda/envs/cosmos/bin/../lib/libgomp.so.1(+0x18f09)[0x7fdaf80d7f09]
[node036:03469] [ 6] /lib64/libpthread.so.0(+0x7ea5)[0x7fdb54fedea5]
[node036:03469] [ 7] /lib64/libc.so.6(clone+0x6d)[0x7fdb5460db0d]
[node036:03469] *** End of error message ***
--------------------------------------------------------------------------
Primary job  terminated normally, but 1 process returned
a non-zero exit code. Per user-direction, the job has been aborted.
--------------------------------------------------------------------------
--------------------------------------------------------------------------
mpirun noticed that process rank 1 with PID 3469 on node node036 exited on signal 11 (Segmentation fault).
--------------------------------------------------------------------------
