[0 : output] Output to be read-from/written-into folder 'chains', with prefix 'PlanckLensingSDSS'
[0 : prior] *WARNING* External prior 'SZ' loaded. Mind that it might not be normalized!

libgomp: Invalid value for environment variable OMP_NUM_THREADS: 

libgomp: 
libgomp: Invalid value for environment variable OMP_NUM_THREADS: 
Invalid value for environment variable OMP_NUM_THREADS: 

libgomp: Invalid value for environment variable OMP_NUM_THREADS: 
[0 : camb] `camb` module loaded successfully from /users/smp24dhl/cosmo/code/CAMB_beta/camb
[0 : planck_2018_highl_plik.ttteee] `clik` module loaded successfully from /users/smp24dhl/cosmo/code/planck/clik/lib/python3.9/site-packages/clik
----
clik version clik_16.0b1-2-g63c889f3aa9c MAKEFILE
  smica
----
clik version clik_16.0b1-2-g63c889f3aa9c MAKEFILE
  smica
----
clik version clik_16.0b1-2-g63c889f3aa9c MAKEFILE
  smica
----
clik version clik_16.0b1-2-g63c889f3aa9c MAKEFILE
  smica
Checking likelihood '/users/smp24dhl/cosmo/data/planck_2018/baseline/plc_3.0/hi_l/plik/plik_rd12_HM_v22b_TTTEEE.clik' on test data. got -1172.47 expected -1172.47 (diff -4.34057e-07)
----
Loading ACT DR6 lensing likelihood v1.2...
Checking likelihood '/users/smp24dhl/cosmo/data/planck_2018/baseline/plc_3.0/hi_l/plik/plik_rd12_HM_v22b_TTTEEE.clik' on test data. got -1172.47 expected -1172.47 (diff -4.34057e-07)
----
Loading ACT DR6 lensing likelihood v1.2...
Checking likelihood '/users/smp24dhl/cosmo/data/planck_2018/baseline/plc_3.0/hi_l/plik/plik_rd12_HM_v22b_TTTEEE.clik' on test data. got -1172.47 expected -1172.47 (diff -4.34057e-07)
----
Loading ACT DR6 lensing likelihood v1.2...
Checking likelihood '/users/smp24dhl/cosmo/data/planck_2018/baseline/plc_3.0/hi_l/plik/plik_rd12_HM_v22b_TTTEEE.clik' on test data. got -1172.47 expected -1172.47 (diff -4.34057e-07)
----
Loading ACT DR6 lensing likelihood v1.2...
/users/smp24dhl/cosmo/code/act_dr6_lenslike/act_dr6_lenslike/act_dr6_lenslike.py:416: UserWarning: Hartlap correction to cinv: 0.949874686716792
  warnings.warn(f"Hartlap correction to cinv: {hartlap_correction}")
[1 : bao.sdss_dr16_baoplus_lrg] Initialized.
/users/smp24dhl/cosmo/code/act_dr6_lenslike/act_dr6_lenslike/act_dr6_lenslike.py:416: UserWarning: Hartlap correction to cinv: 0.949874686716792
  warnings.warn(f"Hartlap correction to cinv: {hartlap_correction}")
/users/smp24dhl/cosmo/code/act_dr6_lenslike/act_dr6_lenslike/act_dr6_lenslike.py:416: UserWarning: Hartlap correction to cinv: 0.949874686716792
  warnings.warn(f"Hartlap correction to cinv: {hartlap_correction}")
[0 : bao.sdss_dr16_baoplus_lrg] Initialized.
[2 : bao.sdss_dr16_baoplus_lrg] Initialized.
/users/smp24dhl/cosmo/code/act_dr6_lenslike/act_dr6_lenslike/act_dr6_lenslike.py:416: UserWarning: Hartlap correction to cinv: 0.949874686716792
  warnings.warn(f"Hartlap correction to cinv: {hartlap_correction}")
[3 : bao.sdss_dr16_baoplus_lrg] Initialized.
[2 : bao.sdss_dr16_baoplus_qso] Initialized.
[0 : bao.sdss_dr16_baoplus_qso] Initialized.
[1 : bao.sdss_dr16_baoplus_qso] Initialized.
[3 : bao.sdss_dr16_baoplus_qso] Initialized.
[0 : mcmc] Getting initial point... (this may take a few seconds)
[3 : mcmc] Getting initial point... (this may take a few seconds)
[1 : mcmc] Getting initial point... (this may take a few seconds)
[2 : mcmc] Getting initial point... (this may take a few seconds)
[1 : mcmc] Initial point: logA:3.051513, ns:0.9706403, theta_MC_100:1.040541, ombh2:0.02230407, omch2:0.1190312, w:-0.9469332, wa:-0.005463367, beta_DE:1.001193, tau:0.05566728, A_planck:1.000575, calib_100T:1.000822, calib_217T:0.9983585, A_cib_217:67.03047, xi_sz_cib:0.1053351, A_sz:4.158503, ksz_norm:0.2959819, gal545_A_100:7.434045, gal545_A_143:7.207576, gal545_A_143_217:16.83278, gal545_A_217:74.10876, ps_A_100_100:222.9881, ps_A_143_143:33.82814, ps_A_143_217:43.46901, ps_A_217_217:101.7207, galf_TE_A_100:0.3717303, galf_TE_A_100_143:0.1271207, galf_TE_A_100_217:0.5704726, galf_TE_A_143:0.02672438, galf_TE_A_143_217:0.6644545, galf_TE_A_217:1.945105
[0 : mcmc] Initial point: logA:3.050583, ns:0.9637833, theta_MC_100:1.040753, ombh2:0.02240555, omch2:0.1199002, w:-0.9973402, wa:-0.00213152, beta_DE:0.9992647, tau:0.05521005, A_planck:1.000335, calib_100T:0.999644, calib_217T:0.9986755, A_cib_217:65.06363, xi_sz_cib:0.09805995, A_sz:8.866571, ksz_norm:5.254102, gal545_A_100:4.865468, gal545_A_143:10.58935, gal545_A_143_217:21.09118, gal545_A_217:76.98149, ps_A_100_100:273.0735, ps_A_143_143:35.73209, ps_A_143_217:33.76779, ps_A_217_217:122.9415, galf_TE_A_100:0.1966781, galf_TE_A_100_143:-0.0274713, galf_TE_A_100_217:0.3983608, galf_TE_A_143:0.1907206, galf_TE_A_143_217:0.6292319, galf_TE_A_217:1.963472
[3 : mcmc] Initial point: logA:3.051527, ns:0.9645823, theta_MC_100:1.041116, ombh2:0.02239085, omch2:0.1186504, w:-0.9879559, wa:-0.05111436, beta_DE:1.000801, tau:0.05568051, A_planck:0.9985887, calib_100T:1.000717, calib_217T:0.9972716, A_cib_217:55.42698, xi_sz_cib:0.09586595, A_sz:6.442, ksz_norm:2.478848, gal545_A_100:6.93076, gal545_A_143:9.43759, gal545_A_143_217:23.19857, gal545_A_217:97.70309, ps_A_100_100:309.4226, ps_A_143_143:30.38318, ps_A_143_217:49.13525, ps_A_217_217:90.18282, galf_TE_A_100:0.1653411, galf_TE_A_100_143:0.09662533, galf_TE_A_100_217:0.4165926, galf_TE_A_143:0.1283325, galf_TE_A_143_217:0.6123933, galf_TE_A_217:1.780661
[2 : mcmc] Initial point: logA:3.051265, ns:0.9629356, theta_MC_100:1.041428, ombh2:0.02239937, omch2:0.1196639, w:-0.9536407, wa:-0.02249246, beta_DE:0.9994424, tau:0.05384616, A_planck:1.000448, calib_100T:1.000227, calib_217T:0.9961307, A_cib_217:62.98464, xi_sz_cib:0.1416331, A_sz:8.23377, ksz_norm:3.325932, gal545_A_100:6.160399, gal545_A_143:8.166275, gal545_A_143_217:19.28361, gal545_A_217:101.9121, ps_A_100_100:268.6096, ps_A_143_143:33.52891, ps_A_143_217:31.1772, ps_A_217_217:114.143, galf_TE_A_100:0.1500817, galf_TE_A_100_143:0.1432609, galf_TE_A_100_217:0.3820412, galf_TE_A_143:0.06794424, galf_TE_A_143_217:0.7103616, galf_TE_A_217:2.020828
[0 : model] Measuring speeds... (this may take a few seconds)
[0 : model] Setting measured speeds (per sec): {planck_2018_lowl.TT: 1330.0, planck_2018_lowl.EE: 6780.0, planck_2018_highl_plik.TTTEEE: 3.32, act_dr6_lenslike.ACTDR6LensLike: 1.78, bao.sdss_dr16_baoplus_lrg: 1370.0, bao.sdss_dr16_baoplus_elg: 2880.0, bao.sdss_dr16_baoplus_qso: 4970.0, bao.sdss_dr16_baoplus_lyauto: 8360.0, bao.sdss_dr16_baoplus_lyxqso: 9290.0, camb.transfers: 0.0927, camb: 0.0986}
[0 : mcmc] Dragging with number of interpolating steps:
[0 : mcmc] *  1 : [['theta_MC_100', 'ombh2', 'omch2', 'w', 'wa', 'beta_DE', 'tau'], ['logA', 'ns']]
[0 : mcmc] * 12 : [['A_planck'], ['calib_100T', 'calib_217T', 'A_cib_217', 'xi_sz_cib', 'A_sz', 'ksz_norm', 'gal545_A_100', 'gal545_A_143', 'gal545_A_143_217', 'gal545_A_217', 'ps_A_100_100', 'ps_A_143_143', 'ps_A_143_217', 'ps_A_217_217', 'galf_TE_A_100', 'galf_TE_A_100_143', 'galf_TE_A_100_217', 'galf_TE_A_143', 'galf_TE_A_143_217', 'galf_TE_A_217']]
[0 : mcmc] Covariance matrix loaded for params ['logA', 'ns', 'theta_MC_100', 'ombh2', 'omch2', 'w', 'wa', 'beta_DE', 'tau', 'A_planck', 'calib_100T', 'calib_217T', 'A_cib_217', 'xi_sz_cib', 'A_sz', 'ksz_norm', 'gal545_A_100', 'gal545_A_143', 'gal545_A_143_217', 'gal545_A_217', 'ps_A_100_100', 'ps_A_143_143', 'ps_A_143_217', 'ps_A_217_217', 'galf_TE_A_100', 'galf_TE_A_100_143', 'galf_TE_A_100_217', 'galf_TE_A_143', 'galf_TE_A_143_217', 'galf_TE_A_217']
[0 : mcmc] All parameters' covariance loaded from given covmat.
[0 : mcmc] Sampling!
[1 : mcmc] Progress @ 2025-02-13 17:38:25 : 1 steps taken, and 0 accepted.
[2 : mcmc] Progress @ 2025-02-13 17:38:27 : 1 steps taken, and 0 accepted.
[0 : mcmc] Progress @ 2025-02-13 17:38:27 : 1 steps taken, and 0 accepted.
[3 : mcmc] Progress @ 2025-02-13 17:38:29 : 1 steps taken, and 0 accepted.
[1 : mcmc] Progress @ 2025-02-13 17:39:40 : 4 steps taken, and 0 accepted.
[3 : mcmc] Progress @ 2025-02-13 17:39:44 : 4 steps taken, and 0 accepted.
[0 : mcmc] Progress @ 2025-02-13 17:39:46 : 4 steps taken, and 0 accepted.
[2 : mcmc] Progress @ 2025-02-13 17:39:49 : 4 steps taken, and 0 accepted.
[0 : mcmc] Progress @ 2025-02-13 17:40:47 : 8 steps taken, and 3 accepted.
[2 : mcmc] Progress @ 2025-02-13 17:41:00 : 7 steps taken, and 0 accepted.
[1 : mcmc] Progress @ 2025-02-13 17:41:06 : 7 steps taken, and 1 accepted.
[3 : mcmc] Progress @ 2025-02-13 17:41:09 : 7 steps taken, and 0 accepted.
[0 : mcmc] Progress @ 2025-02-13 17:42:08 : 12 steps taken, and 3 accepted.
[1 : mcmc] Progress @ 2025-02-13 17:42:17 : 10 steps taken, and 2 accepted.
[3 : mcmc] Progress @ 2025-02-13 17:42:25 : 10 steps taken, and 1 accepted.
[2 : mcmc] Progress @ 2025-02-13 17:42:26 : 12 steps taken, and 1 accepted.
[0 : mcmc] Progress @ 2025-02-13 17:43:10 : 16 steps taken, and 5 accepted.
[1 : mcmc] Progress @ 2025-02-13 17:43:19 : 15 steps taken, and 4 accepted.
[2 : mcmc] Progress @ 2025-02-13 17:43:35 : 16 steps taken, and 1 accepted.
[3 : mcmc] Progress @ 2025-02-13 17:43:48 : 13 steps taken, and 1 accepted.
[0 : mcmc] Progress @ 2025-02-13 17:44:14 : 19 steps taken, and 5 accepted.
[1 : mcmc] Progress @ 2025-02-13 17:44:37 : 21 steps taken, and 5 accepted.
[2 : mcmc] Progress @ 2025-02-13 17:44:38 : 19 steps taken, and 2 accepted.
[3 : mcmc] Progress @ 2025-02-13 17:45:04 : 17 steps taken, and 2 accepted.
[0 : mcmc] Progress @ 2025-02-13 17:45:20 : 22 steps taken, and 5 accepted.
[node018:11541:0:11608] Caught signal 11 (Segmentation fault: address not mapped to object at address 0xfffffffc0575de88)
BFD: DWARF error: can't find .debug_ranges section.
BFD: DWARF error: can't find .debug_ranges section.
==== backtrace (tid:  11608) ====
 0 0x0000000000021563 ucs_debug_print_backtrace()  /dev/shm/UCX/1.8.0/GCCcore-9.3.0/ucx-1.8.0/src/ucs/debug/debug.c:653
 1 0x0000000000039f63 __massivenu_MOD_thermalnubackground_rho()  ???:0
 2 0x000000000003da49 __results_MOD_grho_no_de()  ???:0
 3 0x00000000000a5f01 dtauda_()  ???:0
 4 0x000000000004cfdc __results_MOD_thermo_init._omp_fn.0()  results.f90:0
 5 0x0000000000018f09 gomp_thread_start()  team.c:0
 6 0x0000000000007ea5 start_thread()  pthread_create.c:0
 7 0x00000000000feb0d __clone()  ???:0
=================================
[node018:11541] *** Process received signal ***
[node018:11541] Signal: Segmentation fault (11)
[node018:11541] Signal code:  (-6)
[node018:11541] Failing at address: 0x8cfb800002d15
[node018:11541] [ 0] /lib64/libpthread.so.0(+0xf630)[0x7f13bf784630]
[node018:11541] [ 1] /users/smp24dhl/cosmo/code/CAMB_beta/camb/camblib.so(__massivenu_MOD_thermalnubackground_rho+0x63)[0x7f13848fcf63]
[node018:11541] [ 2] /users/smp24dhl/cosmo/code/CAMB_beta/camb/camblib.so(__results_MOD_grho_no_de+0xc9)[0x7f1384900a49]
[node018:11541] [ 3] /users/smp24dhl/cosmo/code/CAMB_beta/camb/camblib.so(dtauda_+0x61)[0x7f1384968f01]
[node018:11541] [ 4] /users/smp24dhl/cosmo/code/CAMB_beta/camb/camblib.so(+0x4cfdc)[0x7f138490ffdc]
[node018:11541] [ 5] /users/smp24dhl/.conda/envs/cosmos/bin/../lib/libgomp.so.1(+0x18f09)[0x7f138489cf09]
[node018:11541] [ 6] /lib64/libpthread.so.0(+0x7ea5)[0x7f13bf77cea5]
[node018:11541] [ 7] /lib64/libc.so.6(clone+0x6d)[0x7f13bed9cb0d]
[node018:11541] *** End of error message ***
[2 : mcmc] Progress @ 2025-02-13 17:45:49 : 23 steps taken, and 2 accepted.
--------------------------------------------------------------------------
Primary job  terminated normally, but 1 process returned
a non-zero exit code. Per user-direction, the job has been aborted.
--------------------------------------------------------------------------
--------------------------------------------------------------------------
mpirun noticed that process rank 0 with PID 11541 on node node018 exited on signal 11 (Segmentation fault).
--------------------------------------------------------------------------
