[0 : output] Output to be read-from/written-into folder 'chains', with prefix 'PlanckLensingPantheon'
[0 : output] Found existing info files with the requested output prefix: 'chains/PlanckLensingPantheon'
[0 : output] Let's try to resume/load.
[0 : output] Found an old sample. Resuming.
[0 : prior] *WARNING* External prior 'SZ' loaded. Mind that it might not be normalized!

libgomp: Invalid value for environment variable OMP_NUM_THREADS: 

libgomp: 
libgomp: Invalid value for environment variable OMP_NUM_THREADS: 
Invalid value for environment variable OMP_NUM_THREADS: 

libgomp: Invalid value for environment variable OMP_NUM_THREADS: 
[0 : camb] `camb` module loaded successfully from /users/smp24dhl/cosmo/code/CAMB_beta/camb
[0 : planck_2018_highl_plik.ttteee] `clik` module loaded successfully from /users/smp24dhl/cosmo/code/planck/clik/lib/python3.9/site-packages/clik
----
clik version clik_16.0b1-2-g63c889f3aa9c MAKEFILE
  smica
----
clik version clik_16.0b1-2-g63c889f3aa9c MAKEFILE
  smica
----
clik version clik_16.0b1-2-g63c889f3aa9c MAKEFILE
  smica
----
clik version clik_16.0b1-2-g63c889f3aa9c MAKEFILE
  smica
Checking likelihood '/users/smp24dhl/cosmo/data/planck_2018/baseline/plc_3.0/hi_l/plik/plik_rd12_HM_v22b_TTTEEE.clik' on test data. got -1172.47 expected -1172.47 (diff -4.34057e-07)
----
Loading ACT DR6 lensing likelihood v1.2...
Checking likelihood '/users/smp24dhl/cosmo/data/planck_2018/baseline/plc_3.0/hi_l/plik/plik_rd12_HM_v22b_TTTEEE.clik' on test data. got -1172.47 expected -1172.47 (diff -4.34057e-07)
Checking likelihood '/users/smp24dhl/cosmo/data/planck_2018/baseline/plc_3.0/hi_l/plik/plik_rd12_HM_v22b_TTTEEE.clik' on test data. got -1172.47 expected -1172.47 (diff -4.34057e-07)
----
Loading ACT DR6 lensing likelihood v1.2...
----
Loading ACT DR6 lensing likelihood v1.2...
Checking likelihood '/users/smp24dhl/cosmo/data/planck_2018/baseline/plc_3.0/hi_l/plik/plik_rd12_HM_v22b_TTTEEE.clik' on test data. got -1172.47 expected -1172.47 (diff -4.34057e-07)
----
Loading ACT DR6 lensing likelihood v1.2...
/users/smp24dhl/cosmo/code/act_dr6_lenslike/act_dr6_lenslike/act_dr6_lenslike.py:416: UserWarning: Hartlap correction to cinv: 0.949874686716792
  warnings.warn(f"Hartlap correction to cinv: {hartlap_correction}")
/users/smp24dhl/cosmo/code/act_dr6_lenslike/act_dr6_lenslike/act_dr6_lenslike.py:416: UserWarning: Hartlap correction to cinv: 0.949874686716792
  warnings.warn(f"Hartlap correction to cinv: {hartlap_correction}")
/users/smp24dhl/cosmo/code/act_dr6_lenslike/act_dr6_lenslike/act_dr6_lenslike.py:416: UserWarning: Hartlap correction to cinv: 0.949874686716792
  warnings.warn(f"Hartlap correction to cinv: {hartlap_correction}")
/users/smp24dhl/cosmo/code/act_dr6_lenslike/act_dr6_lenslike/act_dr6_lenslike.py:416: UserWarning: Hartlap correction to cinv: 0.949874686716792
  warnings.warn(f"Hartlap correction to cinv: {hartlap_correction}")
[0 : mcmc] Resuming from previous sample!
[3 : samplecollection] Loaded 190 sample points from 'chains/PlanckLensingPantheon.4.txt'
[0 : samplecollection] Loaded 225 sample points from 'chains/PlanckLensingPantheon.1.txt'
[2 : samplecollection] Loaded 216 sample points from 'chains/PlanckLensingPantheon.3.txt'
[1 : samplecollection] Loaded 185 sample points from 'chains/PlanckLensingPantheon.2.txt'
[1 : mcmc] Initial point: logA:3.034393, ns:0.9636213, theta_MC_100:1.040745, ombh2:0.02221249, omch2:0.1205571, w:-0.8330764, wa:-0.5551602, beta_DE:2.116264, tau:0.04925316, A_planck:1.000772, calib_100T:0.9988884, calib_217T:0.9978918, A_cib_217:55.458, xi_sz_cib:0.01183522, A_sz:6.478837, ksz_norm:1.001598, gal545_A_100:7.648151, gal545_A_143:12.43306, gal545_A_143_217:20.15997, gal545_A_217:92.2978, ps_A_100_100:269.7127, ps_A_143_143:43.50052, ps_A_143_217:34.13115, ps_A_217_217:106.8277, galf_TE_A_100:0.1557575, galf_TE_A_100_143:0.1420983, galf_TE_A_100_217:0.4135806, galf_TE_A_143:0.2696956, galf_TE_A_143_217:0.7571043, galf_TE_A_217:2.721432
[3 : mcmc] Initial point: logA:3.042373, ns:0.9629142, theta_MC_100:1.040964, ombh2:0.02237115, omch2:0.1189, w:-0.8017989, wa:-1.124299, beta_DE:2.158415, tau:0.05733103, A_planck:0.9972176, calib_100T:0.9998409, calib_217T:0.9989437, A_cib_217:43.80304, xi_sz_cib:0.5495029, A_sz:5.700261, ksz_norm:5.071108, gal545_A_100:7.09841, gal545_A_143:10.66789, gal545_A_143_217:21.00571, gal545_A_217:100.7218, ps_A_100_100:296.6127, ps_A_143_143:44.00273, ps_A_143_217:41.06541, ps_A_217_217:115.2734, galf_TE_A_100:0.06784248, galf_TE_A_100_143:0.1409424, galf_TE_A_100_217:0.4333999, galf_TE_A_143:0.3194148, galf_TE_A_143_217:0.7595424, galf_TE_A_217:1.885992
[2 : mcmc] Initial point: logA:3.038595, ns:0.9633811, theta_MC_100:1.040791, ombh2:0.02234285, omch2:0.1206504, w:-0.8829805, wa:-0.4612404, beta_DE:-0.2612137, tau:0.05196614, A_planck:1.000172, calib_100T:0.9999644, calib_217T:0.9979353, A_cib_217:53.77874, xi_sz_cib:0.08664048, A_sz:7.285881, ksz_norm:1.067714, gal545_A_100:11.09904, gal545_A_143:8.787725, gal545_A_143_217:14.47023, gal545_A_217:84.91705, ps_A_100_100:238.2775, ps_A_143_143:44.36483, ps_A_143_217:38.10875, ps_A_217_217:109.8468, galf_TE_A_100:0.09567021, galf_TE_A_100_143:0.1348868, galf_TE_A_100_217:0.4610505, galf_TE_A_143:0.2925996, galf_TE_A_143_217:0.6792747, galf_TE_A_217:2.225084
[0 : mcmc] Initial point: logA:3.042098, ns:0.9657694, theta_MC_100:1.041411, ombh2:0.02238202, omch2:0.1193228, w:-0.7397505, wa:-1.258283, beta_DE:2.103673, tau:0.05275016, A_planck:1.001217, calib_100T:1.000336, calib_217T:0.9977328, A_cib_217:51.64654, xi_sz_cib:0.375694, A_sz:5.655279, ksz_norm:0.862895, gal545_A_100:11.20038, gal545_A_143:12.46184, gal545_A_143_217:17.74929, gal545_A_217:90.61029, ps_A_100_100:290.552, ps_A_143_143:53.06104, ps_A_143_217:50.2427, ps_A_217_217:115.5845, galf_TE_A_100:0.1059161, galf_TE_A_100_143:0.09552115, galf_TE_A_100_217:0.6519076, galf_TE_A_143:0.1732308, galf_TE_A_143_217:0.5585565, galf_TE_A_217:1.599211
[0 : mcmc] *WARNING* Parameter blocking manually/previously fixed: speeds will not be measured.
[0 : mcmc] Dragging with number of interpolating steps:
[0 : mcmc] *  1 : (['theta_MC_100', 'ombh2', 'omch2', 'w', 'wa', 'beta_DE', 'tau'], ['logA', 'ns'])
[0 : mcmc] * 12 : (['A_planck'], ['calib_100T', 'calib_217T', 'A_cib_217', 'xi_sz_cib', 'A_sz', 'ksz_norm', 'gal545_A_100', 'gal545_A_143', 'gal545_A_143_217', 'gal545_A_217', 'ps_A_100_100', 'ps_A_143_143', 'ps_A_143_217', 'ps_A_217_217', 'galf_TE_A_100', 'galf_TE_A_100_143', 'galf_TE_A_100_217', 'galf_TE_A_143', 'galf_TE_A_143_217', 'galf_TE_A_217'])
[0 : mcmc] Covariance matrix from previous sample.
[0 : mcmc] Sampling!
[3 : mcmc] Progress @ 2025-02-18 14:54:50 : 1 steps taken, and 190 accepted.
[1 : mcmc] Progress @ 2025-02-18 14:54:56 : 1 steps taken, and 185 accepted.
[0 : mcmc] Progress @ 2025-02-18 14:54:58 : 1 steps taken, and 225 accepted.
[2 : mcmc] Progress @ 2025-02-18 14:54:59 : 1 steps taken, and 216 accepted.
[1 : mcmc] Progress @ 2025-02-18 14:56:09 : 7 steps taken, and 185 accepted.
[2 : mcmc] Progress @ 2025-02-18 14:56:13 : 6 steps taken, and 216 accepted.
[3 : mcmc] Progress @ 2025-02-18 14:56:15 : 4 steps taken, and 190 accepted.
[0 : mcmc] Progress @ 2025-02-18 14:56:19 : 6 steps taken, and 225 accepted.
[1 : mcmc] Progress @ 2025-02-18 14:57:14 : 11 steps taken, and 185 accepted.
[2 : mcmc] Progress @ 2025-02-18 14:57:21 : 11 steps taken, and 217 accepted.
[3 : mcmc] Progress @ 2025-02-18 14:57:29 : 8 steps taken, and 191 accepted.
[0 : mcmc] Progress @ 2025-02-18 14:57:37 : 10 steps taken, and 225 accepted.
[1 : mcmc] Progress @ 2025-02-18 14:58:20 : 15 steps taken, and 185 accepted.
[2 : mcmc] Progress @ 2025-02-18 14:58:36 : 16 steps taken, and 218 accepted.
[3 : mcmc] Progress @ 2025-02-18 14:58:53 : 12 steps taken, and 191 accepted.
[0 : mcmc] Progress @ 2025-02-18 14:58:57 : 14 steps taken, and 225 accepted.
[1 : mcmc] Progress @ 2025-02-18 14:59:35 : 18 steps taken, and 186 accepted.
[2 : mcmc] Progress @ 2025-02-18 14:59:47 : 19 steps taken, and 218 accepted.
[3 : mcmc] Progress @ 2025-02-18 15:00:05 : 15 steps taken, and 191 accepted.
[0 : mcmc] Progress @ 2025-02-18 15:00:08 : 17 steps taken, and 226 accepted.
[2 : mcmc] Progress @ 2025-02-18 15:00:57 : 23 steps taken, and 218 accepted.
[1 : mcmc] Progress @ 2025-02-18 15:00:59 : 21 steps taken, and 187 accepted.
[3 : mcmc] Progress @ 2025-02-18 15:01:15 : 18 steps taken, and 192 accepted.
[0 : mcmc] Progress @ 2025-02-18 15:01:19 : 20 steps taken, and 226 accepted.
[node070:21197:0:21325] Caught signal 11 (Segmentation fault: address not mapped to object at address 0xfffffffc04f28178)
BFD: DWARF error: can't find .debug_ranges section.
BFD: DWARF error: can't find .debug_ranges section.
==== backtrace (tid:  21325) ====
 0 0x0000000000021563 ucs_debug_print_backtrace()  /dev/shm/UCX/1.8.0/GCCcore-9.3.0/ucx-1.8.0/src/ucs/debug/debug.c:653
 1 0x0000000000039f63 __massivenu_MOD_thermalnubackground_rho()  ???:0
 2 0x000000000003da49 __results_MOD_grho_no_de()  ???:0
 3 0x00000000000a5f01 dtauda_()  ???:0
 4 0x000000000004cfdc __results_MOD_thermo_init._omp_fn.0()  results.f90:0
 5 0x0000000000018f09 gomp_thread_start()  team.c:0
 6 0x0000000000007ea5 start_thread()  pthread_create.c:0
 7 0x00000000000feb0d __clone()  ???:0
=================================
[node070:21197] *** Process received signal ***
[node070:21197] Signal: Segmentation fault (11)
[node070:21197] Signal code:  (-6)
[node070:21197] Failing at address: 0x8cfb8000052cd
[node070:21197] [ 0] /lib64/libpthread.so.0(+0xf630)[0x7f95baf4a630]
[node070:21197] [ 1] /users/smp24dhl/cosmo/code/CAMB_beta/camb/camblib.so(__massivenu_MOD_thermalnubackground_rho+0x63)[0x7f9580460f63]
[node070:21197] [ 2] /users/smp24dhl/cosmo/code/CAMB_beta/camb/camblib.so(__results_MOD_grho_no_de+0xc9)[0x7f9580464a49]
[node070:21197] [ 3] /users/smp24dhl/cosmo/code/CAMB_beta/camb/camblib.so(dtauda_+0x61)[0x7f95804ccf01]
[node070:21197] [ 4] /users/smp24dhl/cosmo/code/CAMB_beta/camb/camblib.so(+0x4cfdc)[0x7f9580473fdc]
[node070:21197] [ 5] /users/smp24dhl/.conda/envs/cosmos/bin/../lib/libgomp.so.1(+0x18f09)[0x7f9580400f09]
[node070:21197] [ 6] /lib64/libpthread.so.0(+0x7ea5)[0x7f95baf42ea5]
[node070:21197] [ 7] /lib64/libc.so.6(clone+0x6d)[0x7f95ba562b0d]
[node070:21197] *** End of error message ***
--------------------------------------------------------------------------
Primary job  terminated normally, but 1 process returned
a non-zero exit code. Per user-direction, the job has been aborted.
--------------------------------------------------------------------------
--------------------------------------------------------------------------
mpirun noticed that process rank 2 with PID 21197 on node node070 exited on signal 11 (Segmentation fault).
--------------------------------------------------------------------------
