[0 : output] Output to be read-from/written-into folder 'chains', with prefix 'noHalo'
[0 : output] Found existing info files with the requested output prefix: 'chains/noHalo'
[0 : output] Let's try to resume/load.
[0 : output] Found an old sample. Resuming.
[0 : prior] *WARNING* External prior 'SZ' loaded. Mind that it might not be normalized!
[0 : camb] `camb` module loaded successfully from /users/smp24dhl/cosmo/code/CAMB_beta/camb
[0 : planck_2018_highl_plik.ttteee] `clik` module loaded successfully from /users/smp24dhl/cosmo/code/planck/clik/lib/python3.9/site-packages/clik
----
clik version clik_16.0b1-2-g63c889f3aa9c MAKEFILE
  smica
----
clik version clik_16.0b1-2-g63c889f3aa9c MAKEFILE
  smica
----
clik version clik_16.0b1-2-g63c889f3aa9c MAKEFILE
  smica
----
clik version clik_16.0b1-2-g63c889f3aa9c MAKEFILE
  smica
Checking likelihood '/users/smp24dhl/cosmo/data/planck_2018/baseline/plc_3.0/hi_l/plik/plik_rd12_HM_v22b_TTTEEE.clik' on test data. got -1172.47 expected -1172.47 (diff -4.34055e-07)
----
Checking likelihood '/users/smp24dhl/cosmo/data/planck_2018/baseline/plc_3.0/hi_l/plik/plik_rd12_HM_v22b_TTTEEE.clik' on test data. got -1172.47 expected -1172.47 (diff -4.34055e-07)
----
Checking likelihood '/users/smp24dhl/cosmo/data/planck_2018/baseline/plc_3.0/hi_l/plik/plik_rd12_HM_v22b_TTTEEE.clik' on test data. got -1172.47 expected -1172.47 (diff -4.34055e-07)
----
Checking likelihood '/users/smp24dhl/cosmo/data/planck_2018/baseline/plc_3.0/hi_l/plik/plik_rd12_HM_v22b_TTTEEE.clik' on test data. got -1172.47 expected -1172.47 (diff -4.34055e-07)
----
[0 : planck_2018_lensing.clik] `clik` module loaded successfully from /users/smp24dhl/cosmo/code/planck/clik/lib/python3.9/site-packages/clik
Checking lensing likelihood '/users/smp24dhl/cosmo/data/planck_2018/baseline/plc_3.0/lensing/smicadx12_Dec5_ftl_mv2_ndclpp_p_teb_consext8.clik_lensing' on test data. got -4.42102
Checking lensing likelihood '/users/smp24dhl/cosmo/data/planck_2018/baseline/plc_3.0/lensing/smicadx12_Dec5_ftl_mv2_ndclpp_p_teb_consext8.clik_lensing' on test data. got -4.42102
[0 : mcmc] Resuming from previous sample!
Checking lensing likelihood '/users/smp24dhl/cosmo/data/planck_2018/baseline/plc_3.0/lensing/smicadx12_Dec5_ftl_mv2_ndclpp_p_teb_consext8.clik_lensing' on test data. got -4.42102
Checking lensing likelihood '/users/smp24dhl/cosmo/data/planck_2018/baseline/plc_3.0/lensing/smicadx12_Dec5_ftl_mv2_ndclpp_p_teb_consext8.clik_lensing' on test data. got -4.42102
[1 : samplecollection] Loaded 1191 sample points from 'chains/noHalo.2.txt'
[3 : samplecollection] Loaded 1254 sample points from 'chains/noHalo.4.txt'
[0 : samplecollection] Loaded 1238 sample points from 'chains/noHalo.1.txt'
[2 : samplecollection] Loaded 1243 sample points from 'chains/noHalo.3.txt'
[1 : mcmc] Initial point: logA:3.038495, ns:0.9664078, theta_MC_100:1.040995, ombh2:0.02249523, omch2:0.1191233, w:-0.9166883, wa:-2.370203, beta_DE:2.908657, tau:0.05410892, A_planck:0.9991231, calib_100T:1.000469, calib_217T:0.9972824, A_cib_217:36.27514, xi_sz_cib:0.8968384, A_sz:3.780054, ksz_norm:5.250956, gal545_A_100:10.87619, gal545_A_143:11.5285, gal545_A_143_217:19.16331, gal545_A_217:97.10698, ps_A_100_100:280.9217, ps_A_143_143:50.48561, ps_A_143_217:46.58159, ps_A_217_217:129.723, galf_TE_A_100:0.1499708, galf_TE_A_100_143:0.1929506, galf_TE_A_100_217:0.4248253, galf_TE_A_143:0.309402, galf_TE_A_143_217:0.677662, galf_TE_A_217:2.109156
[3 : mcmc] Initial point: logA:3.04112, ns:0.9609113, theta_MC_100:1.041007, ombh2:0.02249875, omch2:0.1203708, w:-0.7033821, wa:-2.63127, beta_DE:2.800614, tau:0.04721911, A_planck:1.005409, calib_100T:0.9994176, calib_217T:0.9987952, A_cib_217:32.60977, xi_sz_cib:0.1475983, A_sz:3.522372, ksz_norm:2.910464, gal545_A_100:10.63753, gal545_A_143:13.54358, gal545_A_143_217:22.89082, gal545_A_217:111.1242, ps_A_100_100:280.3695, ps_A_143_143:55.79082, ps_A_143_217:41.29789, ps_A_217_217:141.3946, galf_TE_A_100:0.1071468, galf_TE_A_100_143:0.192876, galf_TE_A_100_217:0.4095988, galf_TE_A_143:0.2407239, galf_TE_A_143_217:0.635075, galf_TE_A_217:1.519982
[0 : mcmc] Initial point: logA:3.032512, ns:0.9662915, theta_MC_100:1.040943, ombh2:0.02238619, omch2:0.1194766, w:-1.361393, wa:-2.050508, beta_DE:0.4003242, tau:0.05305744, A_planck:0.9968229, calib_100T:0.9994147, calib_217T:0.9980435, A_cib_217:50.61246, xi_sz_cib:0.1707074, A_sz:5.295231, ksz_norm:1.433157, gal545_A_100:10.19833, gal545_A_143:9.785841, gal545_A_143_217:14.04551, gal545_A_217:85.2313, ps_A_100_100:264.2276, ps_A_143_143:47.1489, ps_A_143_217:39.64954, ps_A_217_217:110.3243, galf_TE_A_100:0.126917, galf_TE_A_100_143:0.1420197, galf_TE_A_100_217:0.5443702, galf_TE_A_143:0.1462031, galf_TE_A_143_217:0.6306771, galf_TE_A_217:2.042597
[2 : mcmc] Initial point: logA:3.030612, ns:0.9714478, theta_MC_100:1.04123, ombh2:0.02237194, omch2:0.1179597, w:-1.739279, wa:-0.2109102, beta_DE:2.910873, tau:0.05068954, A_planck:0.9999201, calib_100T:0.9990846, calib_217T:0.9975983, A_cib_217:51.88138, xi_sz_cib:0.4219099, A_sz:5.743164, ksz_norm:0.6668533, gal545_A_100:8.262096, gal545_A_143:9.96711, gal545_A_143_217:15.33484, gal545_A_217:83.23901, ps_A_100_100:227.043, ps_A_143_143:50.55729, ps_A_143_217:49.72282, ps_A_217_217:119.9626, galf_TE_A_100:0.173316, galf_TE_A_100_143:0.1042355, galf_TE_A_100_217:0.5455618, galf_TE_A_143:0.2060368, galf_TE_A_143_217:0.6979207, galf_TE_A_217:2.177529
[0 : mcmc] *WARNING* Parameter blocking manually/previously fixed: speeds will not be measured.
[0 : mcmc] Dragging with number of interpolating steps:
[0 : mcmc] * 1 : (['theta_MC_100', 'ombh2', 'omch2', 'w', 'wa', 'beta_DE', 'tau'], ['logA', 'ns'])
[0 : mcmc] * 9 : (['A_planck'], ['calib_100T', 'calib_217T', 'A_cib_217', 'xi_sz_cib', 'A_sz', 'ksz_norm', 'gal545_A_100', 'gal545_A_143', 'gal545_A_143_217', 'gal545_A_217', 'ps_A_100_100', 'ps_A_143_143', 'ps_A_143_217', 'ps_A_217_217', 'galf_TE_A_100', 'galf_TE_A_100_143', 'galf_TE_A_100_217', 'galf_TE_A_143', 'galf_TE_A_143_217', 'galf_TE_A_217'])
[0 : mcmc] Covariance matrix from previous sample.
[0 : mcmc] Sampling!
[3 : mcmc] Progress @ 2024-12-11 23:57:23 : 1 steps taken, and 1254 accepted.
[1 : mcmc] Progress @ 2024-12-11 23:57:23 : 1 steps taken, and 1191 accepted.
[2 : mcmc] Progress @ 2024-12-11 23:57:25 : 1 steps taken, and 1243 accepted.
[0 : mcmc] Progress @ 2024-12-11 23:57:26 : 1 steps taken, and 1238 accepted.
[1 : mcmc] Progress @ 2024-12-11 23:58:25 : 16 steps taken, and 1192 accepted.
[2 : mcmc] Progress @ 2024-12-11 23:58:25 : 78 steps taken, and 1257 accepted.
[0 : mcmc] Progress @ 2024-12-11 23:58:27 : 60 steps taken, and 1256 accepted.
[3 : mcmc] Progress @ 2024-12-11 23:58:29 : 13 steps taken, and 1259 accepted.
[2 : mcmc] Progress @ 2024-12-11 23:59:26 : 138 steps taken, and 1275 accepted.
[0 : mcmc] Progress @ 2024-12-11 23:59:28 : 90 steps taken, and 1265 accepted.
[1 : mcmc] Progress @ 2024-12-11 23:59:28 : 33 steps taken, and 1198 accepted.
[3 : mcmc] Progress @ 2024-12-11 23:59:33 : 30 steps taken, and 1263 accepted.
[2 : mcmc] Progress @ 2024-12-12 00:00:26 : 208 steps taken, and 1297 accepted.
[0 : mcmc] Progress @ 2024-12-12 00:00:28 : 146 steps taken, and 1283 accepted.
[1 : mcmc] Progress @ 2024-12-12 00:00:30 : 42 steps taken, and 1202 accepted.
[3 : mcmc] Progress @ 2024-12-12 00:00:38 : 53 steps taken, and 1265 accepted.
[node074:64845:0:1140] Caught signal 11 (Segmentation fault: address not mapped to object at address 0xfffffffc059c59a8)
BFD: DWARF error: can't find .debug_ranges section.
BFD: DWARF error: can't find .debug_ranges section.
==== backtrace (tid:   1140) ====
 0 0x0000000000021563 ucs_debug_print_backtrace()  /dev/shm/UCX/1.8.0/GCCcore-9.3.0/ucx-1.8.0/src/ucs/debug/debug.c:653
 1 0x0000000000039f63 __massivenu_MOD_thermalnubackground_rho()  ???:0
 2 0x000000000003da49 __results_MOD_grho_no_de()  ???:0
 3 0x00000000000a5ef1 dtauda_()  ???:0
 4 0x000000000004cfcc __results_MOD_thermo_init._omp_fn.0()  results.f90:0
 5 0x0000000000018f09 gomp_thread_start()  team.c:0
 6 0x0000000000007ea5 start_thread()  pthread_create.c:0
 7 0x00000000000feb0d __clone()  ???:0
=================================
[node074:64845] *** Process received signal ***
[node074:64845] Signal: Segmentation fault (11)
[node074:64845] Signal code:  (-6)
[node074:64845] Failing at address: 0x8cfb80000fd4d
[node074:64845] [ 0] /lib64/libpthread.so.0(+0xf630)[0x7f0ce6989630]
[node074:64845] [ 1] /users/smp24dhl/cosmo/code/CAMB_beta/camb/camblib.so(__massivenu_MOD_thermalnubackground_rho+0x63)[0x7f0c89a51f63]
[node074:64845] [ 2] /users/smp24dhl/cosmo/code/CAMB_beta/camb/camblib.so(__results_MOD_grho_no_de+0xc9)[0x7f0c89a55a49]
[node074:64845] [ 3] /users/smp24dhl/cosmo/code/CAMB_beta/camb/camblib.so(dtauda_+0x61)[0x7f0c89abdef1]
[node074:64845] [ 4] /users/smp24dhl/cosmo/code/CAMB_beta/camb/camblib.so(+0x4cfcc)[0x7f0c89a64fcc]
[node074:64845] [ 5] /users/smp24dhl/.conda/envs/cosmos/bin/../lib/libgomp.so.1(+0x18f09)[0x7f0c899f1f09]
[node074:64845] [ 6] /lib64/libpthread.so.0(+0x7ea5)[0x7f0ce6981ea5]
[node074:64845] [ 7] /lib64/libc.so.6(clone+0x6d)[0x7f0ce5fa1b0d]
[node074:64845] *** End of error message ***
--------------------------------------------------------------------------
Primary job  terminated normally, but 1 process returned
a non-zero exit code. Per user-direction, the job has been aborted.
--------------------------------------------------------------------------
--------------------------------------------------------------------------
mpirun noticed that process rank 0 with PID 64845 on node node074 exited on signal 11 (Segmentation fault).
--------------------------------------------------------------------------
