[0 : output] Output to be read-from/written-into folder 'chains', with prefix 'noHalo'
[0 : output] Found existing info files with the requested output prefix: 'chains/noHalo'
[0 : output] Let's try to resume/load.
[0 : output] Found an old sample. Resuming.
[0 : prior] *WARNING* External prior 'SZ' loaded. Mind that it might not be normalized!
[0 : camb] `camb` module loaded successfully from /users/smp24dhl/cosmo/code/CAMB_beta/camb
[0 : planck_2018_highl_plik.ttteee] `clik` module loaded successfully from /users/smp24dhl/cosmo/code/planck/clik/lib/python3.9/site-packages/clik
----
clik version clik_16.0b1-2-g63c889f3aa9c MAKEFILE
  smica
----
clik version clik_16.0b1-2-g63c889f3aa9c MAKEFILE
  smica
Checking likelihood '/users/smp24dhl/cosmo/data/planck_2018/baseline/plc_3.0/hi_l/plik/plik_rd12_HM_v22b_TTTEEE.clik' on test data. got -1172.47 expected -1172.47 (diff -4.34055e-07)
----
----
clik version clik_16.0b1-2-g63c889f3aa9c MAKEFILE
  smica
----
clik version clik_16.0b1-2-g63c889f3aa9c MAKEFILE
  smica
Checking likelihood '/users/smp24dhl/cosmo/data/planck_2018/baseline/plc_3.0/hi_l/plik/plik_rd12_HM_v22b_TTTEEE.clik' on test data. got -1172.47 expected -1172.47 (diff -4.34055e-07)
----
Checking likelihood '/users/smp24dhl/cosmo/data/planck_2018/baseline/plc_3.0/hi_l/plik/plik_rd12_HM_v22b_TTTEEE.clik' on test data. got -1172.47 expected -1172.47 (diff -4.34055e-07)
----
Checking likelihood '/users/smp24dhl/cosmo/data/planck_2018/baseline/plc_3.0/hi_l/plik/plik_rd12_HM_v22b_TTTEEE.clik' on test data. got -1172.47 expected -1172.47 (diff -4.34055e-07)
----
Checking lensing likelihood '/users/smp24dhl/cosmo/data/planck_2018/baseline/plc_3.0/lensing/smicadx12_Dec5_ftl_mv2_ndclpp_p_teb_consext8.clik_lensing' on test data. got -4.42102
Checking lensing likelihood '/users/smp24dhl/cosmo/data/planck_2018/baseline/plc_3.0/lensing/smicadx12_Dec5_ftl_mv2_ndclpp_p_teb_consext8.clik_lensing' on test data. got -4.42102
Checking lensing likelihood '/users/smp24dhl/cosmo/data/planck_2018/baseline/plc_3.0/lensing/smicadx12_Dec5_ftl_mv2_ndclpp_p_teb_consext8.clik_lensing' on test data. got -4.42102
[0 : planck_2018_lensing.clik] `clik` module loaded successfully from /users/smp24dhl/cosmo/code/planck/clik/lib/python3.9/site-packages/clik
Checking lensing likelihood '/users/smp24dhl/cosmo/data/planck_2018/baseline/plc_3.0/lensing/smicadx12_Dec5_ftl_mv2_ndclpp_p_teb_consext8.clik_lensing' on test data. got -4.42102
[0 : mcmc] Resuming from previous sample!
[3 : samplecollection] Loaded 4142 sample points from 'chains/noHalo.4.txt'
[1 : samplecollection] Loaded 4183 sample points from 'chains/noHalo.2.txt'
[2 : samplecollection] Loaded 4877 sample points from 'chains/noHalo.3.txt'
[0 : samplecollection] Loaded 4856 sample points from 'chains/noHalo.1.txt'
[1 : mcmc] Initial point: logA:3.049038, ns:0.9711611, theta_MC_100:1.041137, ombh2:0.02286091, omch2:0.117708, w:-1.679642, wa:-0.0464888, beta_DE:1.136576, tau:0.06440175, A_planck:0.9958673, calib_100T:0.9991155, calib_217T:0.9970647, A_cib_217:39.48419, xi_sz_cib:0.927577, A_sz:5.472335, ksz_norm:7.885952, gal545_A_100:9.337051, gal545_A_143:8.051007, gal545_A_143_217:14.76608, gal545_A_217:88.36144, ps_A_100_100:225.5839, ps_A_143_143:38.36387, ps_A_143_217:40.16098, ps_A_217_217:118.0984, galf_TE_A_100:0.07963342, galf_TE_A_100_143:0.1373967, galf_TE_A_100_217:0.5229274, galf_TE_A_143:0.2331123, galf_TE_A_143_217:0.6611518, galf_TE_A_217:2.029967
[3 : mcmc] Initial point: logA:3.031276, ns:0.9759342, theta_MC_100:1.040766, ombh2:0.02250855, omch2:0.1185349, w:-0.2385356, wa:-2.708417, beta_DE:0.3946589, tau:0.05259265, A_planck:0.9985525, calib_100T:1.000982, calib_217T:0.9978229, A_cib_217:45.37576, xi_sz_cib:0.7655918, A_sz:5.50692, ksz_norm:0.8420427, gal545_A_100:11.71924, gal545_A_143:11.62292, gal545_A_143_217:19.62117, gal545_A_217:96.79082, ps_A_100_100:264.2516, ps_A_143_143:50.01201, ps_A_143_217:46.92469, ps_A_217_217:112.9926, galf_TE_A_100:0.09638852, galf_TE_A_100_143:0.08545857, galf_TE_A_100_217:0.5272401, galf_TE_A_143:0.1698404, galf_TE_A_143_217:0.6966161, galf_TE_A_217:2.411236
[0 : mcmc] Initial point: logA:3.034761, ns:0.9686803, theta_MC_100:1.040534, ombh2:0.02241675, omch2:0.1197858, w:-1.368216, wa:-0.1999041, beta_DE:2.199824, tau:0.04829091, A_planck:1.001688, calib_100T:1.00082, calib_217T:0.9978854, A_cib_217:42.10997, xi_sz_cib:0.6020371, A_sz:4.281499, ksz_norm:4.897481, gal545_A_100:10.83007, gal545_A_143:11.37222, gal545_A_143_217:19.41583, gal545_A_217:96.89579, ps_A_100_100:248.2348, ps_A_143_143:38.58921, ps_A_143_217:32.78489, ps_A_217_217:108.7561, galf_TE_A_100:0.08321012, galf_TE_A_100_143:0.1204153, galf_TE_A_100_217:0.4325742, galf_TE_A_143:0.1783799, galf_TE_A_143_217:0.5061615, galf_TE_A_217:1.861843
[2 : mcmc] Initial point: logA:3.036723, ns:0.9626105, theta_MC_100:1.041259, ombh2:0.02231287, omch2:0.1206034, w:-0.9468756, wa:-2.34055, beta_DE:-0.9756388, tau:0.05486351, A_planck:0.9950975, calib_100T:1.000622, calib_217T:0.9979754, A_cib_217:59.07967, xi_sz_cib:0.2523117, A_sz:6.246461, ksz_norm:2.343135, gal545_A_100:9.088409, gal545_A_143:11.29245, gal545_A_143_217:17.07164, gal545_A_217:83.8126, ps_A_100_100:287.7172, ps_A_143_143:44.05029, ps_A_143_217:39.32806, ps_A_217_217:98.6416, galf_TE_A_100:0.1151406, galf_TE_A_100_143:0.110341, galf_TE_A_100_217:0.6025898, galf_TE_A_143:0.1134403, galf_TE_A_143_217:0.7153882, galf_TE_A_217:1.995476
[0 : mcmc] *WARNING* Parameter blocking manually/previously fixed: speeds will not be measured.
[0 : mcmc] Dragging with number of interpolating steps:
[0 : mcmc] * 1 : (['theta_MC_100', 'ombh2', 'omch2', 'w', 'wa', 'beta_DE', 'tau'], ['logA', 'ns'])
[0 : mcmc] * 9 : (['A_planck'], ['calib_100T', 'calib_217T', 'A_cib_217', 'xi_sz_cib', 'A_sz', 'ksz_norm', 'gal545_A_100', 'gal545_A_143', 'gal545_A_143_217', 'gal545_A_217', 'ps_A_100_100', 'ps_A_143_143', 'ps_A_143_217', 'ps_A_217_217', 'galf_TE_A_100', 'galf_TE_A_100_143', 'galf_TE_A_100_217', 'galf_TE_A_143', 'galf_TE_A_143_217', 'galf_TE_A_217'])
[0 : mcmc] Covariance matrix from previous sample.
[0 : mcmc] Sampling!
[3 : mcmc] Progress @ 2024-12-13 15:48:45 : 1 steps taken, and 4142 accepted.
[2 : mcmc] Progress @ 2024-12-13 15:48:45 : 1 steps taken, and 4877 accepted.
[1 : mcmc] Progress @ 2024-12-13 15:48:49 : 1 steps taken, and 4183 accepted.
[0 : mcmc] Progress @ 2024-12-13 15:48:51 : 1 steps taken, and 4856 accepted.
[2 : mcmc] Progress @ 2024-12-13 15:49:46 : 29 steps taken, and 4882 accepted.
[1 : mcmc] Progress @ 2024-12-13 15:49:49 : 33 steps taken, and 4190 accepted.
[0 : mcmc] Progress @ 2024-12-13 15:49:52 : 38 steps taken, and 4869 accepted.
[3 : mcmc] Progress @ 2024-12-13 15:49:53 : 30 steps taken, and 4144 accepted.
[node039:44976:0:45070] Caught signal 11 (Segmentation fault: address not mapped to object at address 0xfffffffc05d29038)
BFD: DWARF error: can't find .debug_ranges section.
BFD: DWARF error: can't find .debug_ranges section.
==== backtrace (tid:  45070) ====
 0 0x0000000000021563 ucs_debug_print_backtrace()  /dev/shm/UCX/1.8.0/GCCcore-9.3.0/ucx-1.8.0/src/ucs/debug/debug.c:653
 1 0x0000000000039f63 __massivenu_MOD_thermalnubackground_rho()  ???:0
 2 0x000000000003da49 __results_MOD_grho_no_de()  ???:0
 3 0x00000000000a5ef1 dtauda_()  ???:0
 4 0x000000000004cfcc __results_MOD_thermo_init._omp_fn.0()  results.f90:0
 5 0x0000000000018f09 gomp_thread_start()  team.c:0
 6 0x0000000000007ea5 start_thread()  pthread_create.c:0
 7 0x00000000000feb0d __clone()  ???:0
=================================
[node039:44976] *** Process received signal ***
[node039:44976] Signal: Segmentation fault (11)
[node039:44976] Signal code:  (-6)
[node039:44976] Failing at address: 0x8cfb80000afb0
[node039:44976] [ 0] /lib64/libpthread.so.0(+0xf630)[0x7fba6df5c630]
[node039:44976] [ 1] /users/smp24dhl/cosmo/code/CAMB_beta/camb/camblib.so(__massivenu_MOD_thermalnubackground_rho+0x63)[0x7fba114acf63]
[node039:44976] [ 2] /users/smp24dhl/cosmo/code/CAMB_beta/camb/camblib.so(__results_MOD_grho_no_de+0xc9)[0x7fba114b0a49]
[node039:44976] [ 3] /users/smp24dhl/cosmo/code/CAMB_beta/camb/camblib.so(dtauda_+0x61)[0x7fba11518ef1]
[node039:44976] [ 4] /users/smp24dhl/cosmo/code/CAMB_beta/camb/camblib.so(+0x4cfcc)[0x7fba114bffcc]
[node039:44976] [ 5] /users/smp24dhl/.conda/envs/cosmos/bin/../lib/libgomp.so.1(+0x18f09)[0x7fba1144cf09]
[node039:44976] [ 6] /lib64/libpthread.so.0(+0x7ea5)[0x7fba6df54ea5]
[node039:44976] [ 7] /lib64/libc.so.6(clone+0x6d)[0x7fba6d574b0d]
[node039:44976] *** End of error message ***
--------------------------------------------------------------------------
Primary job  terminated normally, but 1 process returned
a non-zero exit code. Per user-direction, the job has been aborted.
--------------------------------------------------------------------------
--------------------------------------------------------------------------
mpirun noticed that process rank 2 with PID 44976 on node node039 exited on signal 11 (Segmentation fault).
--------------------------------------------------------------------------
