[0 : output] Output to be read-from/written-into folder 'chains', with prefix 'noHalo'
[0 : output] Found existing info files with the requested output prefix: 'chains/noHalo'
[0 : output] Let's try to resume/load.
[0 : output] Found an old sample. Resuming.
[0 : prior] *WARNING* External prior 'SZ' loaded. Mind that it might not be normalized!
[0 : camb] `camb` module loaded successfully from /users/smp24dhl/cosmo/code/CAMB_beta/camb
[0 : planck_2018_highl_plik.ttteee] `clik` module loaded successfully from /users/smp24dhl/cosmo/code/planck/clik/lib/python3.9/site-packages/clik
----
clik version clik_16.0b1-2-g63c889f3aa9c MAKEFILE
  smica
----
clik version clik_16.0b1-2-g63c889f3aa9c MAKEFILE
  smica
Checking likelihood '/users/smp24dhl/cosmo/data/planck_2018/baseline/plc_3.0/hi_l/plik/plik_rd12_HM_v22b_TTTEEE.clik' on test data. got -1172.47 expected -1172.47 (diff -4.34055e-07)
----
Checking likelihood '/users/smp24dhl/cosmo/data/planck_2018/baseline/plc_3.0/hi_l/plik/plik_rd12_HM_v22b_TTTEEE.clik' on test data. got -1172.47 expected -1172.47 (diff -4.34055e-07)
----
----
clik version clik_16.0b1-2-g63c889f3aa9c MAKEFILE
  smica
----
clik version clik_16.0b1-2-g63c889f3aa9c MAKEFILE
  smica
Checking likelihood '/users/smp24dhl/cosmo/data/planck_2018/baseline/plc_3.0/hi_l/plik/plik_rd12_HM_v22b_TTTEEE.clik' on test data. got -1172.47 expected -1172.47 (diff -4.34055e-07)
----
Checking likelihood '/users/smp24dhl/cosmo/data/planck_2018/baseline/plc_3.0/hi_l/plik/plik_rd12_HM_v22b_TTTEEE.clik' on test data. got -1172.47 expected -1172.47 (diff -4.34055e-07)
----
Checking lensing likelihood '/users/smp24dhl/cosmo/data/planck_2018/baseline/plc_3.0/lensing/smicadx12_Dec5_ftl_mv2_ndclpp_p_teb_consext8.clik_lensing' on test data. got -4.42102
Checking lensing likelihood '/users/smp24dhl/cosmo/data/planck_2018/baseline/plc_3.0/lensing/smicadx12_Dec5_ftl_mv2_ndclpp_p_teb_consext8.clik_lensing' on test data. got -4.42102
Checking lensing likelihood '/users/smp24dhl/cosmo/data/planck_2018/baseline/plc_3.0/lensing/smicadx12_Dec5_ftl_mv2_ndclpp_p_teb_consext8.clik_lensing' on test data. got -4.42102
[0 : planck_2018_lensing.clik] `clik` module loaded successfully from /users/smp24dhl/cosmo/code/planck/clik/lib/python3.9/site-packages/clik
Checking lensing likelihood '/users/smp24dhl/cosmo/data/planck_2018/baseline/plc_3.0/lensing/smicadx12_Dec5_ftl_mv2_ndclpp_p_teb_consext8.clik_lensing' on test data. got -4.42102
[0 : mcmc] Resuming from previous sample!
[3 : samplecollection] Loaded 3203 sample points from 'chains/noHalo.4.txt'
[1 : samplecollection] Loaded 3249 sample points from 'chains/noHalo.2.txt'
[0 : samplecollection] Loaded 4081 sample points from 'chains/noHalo.1.txt'
[2 : samplecollection] Loaded 4190 sample points from 'chains/noHalo.3.txt'
[1 : mcmc] Initial point: logA:3.028328, ns:0.9597224, theta_MC_100:1.041088, ombh2:0.02223434, omch2:0.1201795, w:-1.357968, wa:-1.536846, beta_DE:1.971516, tau:0.04862949, A_planck:0.9977242, calib_100T:1.001013, calib_217T:0.9986017, A_cib_217:39.50342, xi_sz_cib:0.08593757, A_sz:5.233272, ksz_norm:7.827309, gal545_A_100:8.612723, gal545_A_143:11.49458, gal545_A_143_217:20.51124, gal545_A_217:104.6603, ps_A_100_100:268.0597, ps_A_143_143:42.81933, ps_A_143_217:33.37988, ps_A_217_217:116.0077, galf_TE_A_100:0.1301673, galf_TE_A_100_143:0.1275756, galf_TE_A_100_217:0.4316848, galf_TE_A_143:0.2670548, galf_TE_A_143_217:0.7157891, galf_TE_A_217:2.190052
[3 : mcmc] Initial point: logA:3.028642, ns:0.966015, theta_MC_100:1.040587, ombh2:0.02234706, omch2:0.1185812, w:-2.025189, wa:0.7980879, beta_DE:1.593624, tau:0.0499218, A_planck:0.998971, calib_100T:0.9990588, calib_217T:0.9981186, A_cib_217:47.64076, xi_sz_cib:0.4610598, A_sz:1.950412, ksz_norm:4.794691, gal545_A_100:5.557146, gal545_A_143:9.942618, gal545_A_143_217:13.39734, gal545_A_217:88.22726, ps_A_100_100:287.601, ps_A_143_143:53.34695, ps_A_143_217:41.77248, ps_A_217_217:114.0734, galf_TE_A_100:0.08974589, galf_TE_A_100_143:0.1007031, galf_TE_A_100_217:0.4211983, galf_TE_A_143:0.213803, galf_TE_A_143_217:0.622143, galf_TE_A_217:1.873513
[0 : mcmc] Initial point: logA:3.046505, ns:0.971768, theta_MC_100:1.041338, ombh2:0.02232975, omch2:0.1194599, w:-0.9480201, wa:-0.6094089, beta_DE:-0.759856, tau:0.05772043, A_planck:0.99841, calib_100T:1.000119, calib_217T:0.9978897, A_cib_217:30.5549, xi_sz_cib:0.3908258, A_sz:8.637018, ksz_norm:0.7278969, gal545_A_100:9.632772, gal545_A_143:10.2627, gal545_A_143_217:23.78397, gal545_A_217:109.1404, ps_A_100_100:252.5225, ps_A_143_143:42.7692, ps_A_143_217:44.34294, ps_A_217_217:136.0957, galf_TE_A_100:0.1301813, galf_TE_A_100_143:0.1771809, galf_TE_A_100_217:0.5706585, galf_TE_A_143:0.2444607, galf_TE_A_143_217:0.6607438, galf_TE_A_217:1.951402
[2 : mcmc] Initial point: logA:3.026824, ns:0.9676043, theta_MC_100:1.040561, ombh2:0.02230766, omch2:0.119456, w:0.2893971, wa:-2.051325, beta_DE:-2.911966, tau:0.04810608, A_planck:0.9999005, calib_100T:0.998263, calib_217T:0.9977305, A_cib_217:37.25439, xi_sz_cib:0.8553573, A_sz:6.182179, ksz_norm:3.508601, gal545_A_100:6.59532, gal545_A_143:14.54974, gal545_A_143_217:24.12288, gal545_A_217:105.9183, ps_A_100_100:269.6422, ps_A_143_143:41.81968, ps_A_143_217:49.91308, ps_A_217_217:126.1048, galf_TE_A_100:0.1112821, galf_TE_A_100_143:0.157362, galf_TE_A_100_217:0.5204665, galf_TE_A_143:0.2242624, galf_TE_A_143_217:0.666749, galf_TE_A_217:1.879359
[0 : mcmc] *WARNING* Parameter blocking manually/previously fixed: speeds will not be measured.
[0 : mcmc] Dragging with number of interpolating steps:
[0 : mcmc] * 1 : (['theta_MC_100', 'ombh2', 'omch2', 'w', 'wa', 'beta_DE', 'tau'], ['logA', 'ns'])
[0 : mcmc] * 9 : (['A_planck'], ['calib_100T', 'calib_217T', 'A_cib_217', 'xi_sz_cib', 'A_sz', 'ksz_norm', 'gal545_A_100', 'gal545_A_143', 'gal545_A_143_217', 'gal545_A_217', 'ps_A_100_100', 'ps_A_143_143', 'ps_A_143_217', 'ps_A_217_217', 'galf_TE_A_100', 'galf_TE_A_100_143', 'galf_TE_A_100_217', 'galf_TE_A_143', 'galf_TE_A_143_217', 'galf_TE_A_217'])
[0 : mcmc] Covariance matrix from previous sample.
[0 : mcmc] Sampling!
[1 : mcmc] Progress @ 2024-12-12 18:58:20 : 1 steps taken, and 3249 accepted.
[3 : mcmc] Progress @ 2024-12-12 18:58:20 : 1 steps taken, and 3203 accepted.
[2 : mcmc] Progress @ 2024-12-12 18:58:24 : 1 steps taken, and 4190 accepted.
[0 : mcmc] Progress @ 2024-12-12 18:58:25 : 1 steps taken, and 4081 accepted.
[node039:10793:0:10870] Caught signal 11 (Segmentation fault: address not mapped to object at address 0xfffffffc0495a748)
BFD: DWARF error: can't find .debug_ranges section.
BFD: DWARF error: can't find .debug_ranges section.
==== backtrace (tid:  10870) ====
 0 0x0000000000021563 ucs_debug_print_backtrace()  /dev/shm/UCX/1.8.0/GCCcore-9.3.0/ucx-1.8.0/src/ucs/debug/debug.c:653
 1 0x0000000000039f63 __massivenu_MOD_thermalnubackground_rho()  ???:0
 2 0x000000000003da49 __results_MOD_grho_no_de()  ???:0
 3 0x00000000000a5ef1 dtauda_()  ???:0
 4 0x000000000004cfcc __results_MOD_thermo_init._omp_fn.0()  results.f90:0
 5 0x0000000000018f09 gomp_thread_start()  team.c:0
 6 0x0000000000007ea5 start_thread()  pthread_create.c:0
 7 0x00000000000feb0d __clone()  ???:0
=================================
[node039:10793] *** Process received signal ***
[node039:10793] Signal: Segmentation fault (11)
[node039:10793] Signal code:  (-6)
[node039:10793] Failing at address: 0x8cfb800002a29
[node039:10793] [ 0] /lib64/libpthread.so.0(+0xf630)[0x7f7262087630]
[node039:10793] [ 1] /users/smp24dhl/cosmo/code/CAMB_beta/camb/camblib.so(__massivenu_MOD_thermalnubackground_rho+0x63)[0x7f72055e0f63]
[node039:10793] [ 2] /users/smp24dhl/cosmo/code/CAMB_beta/camb/camblib.so(__results_MOD_grho_no_de+0xc9)[0x7f72055e4a49]
[node039:10793] [ 3] /users/smp24dhl/cosmo/code/CAMB_beta/camb/camblib.so(dtauda_+0x61)[0x7f720564cef1]
[node039:10793] [ 4] /users/smp24dhl/cosmo/code/CAMB_beta/camb/camblib.so(+0x4cfcc)[0x7f72055f3fcc]
[node039:10793] [ 5] /users/smp24dhl/.conda/envs/cosmos/bin/../lib/libgomp.so.1(+0x18f09)[0x7f7205580f09]
[node039:10793] [ 6] /lib64/libpthread.so.0(+0x7ea5)[0x7f726207fea5]
[node039:10793] [ 7] /lib64/libc.so.6(clone+0x6d)[0x7f726169fb0d]
[node039:10793] *** End of error message ***
--------------------------------------------------------------------------
Primary job  terminated normally, but 1 process returned
a non-zero exit code. Per user-direction, the job has been aborted.
--------------------------------------------------------------------------
--------------------------------------------------------------------------
mpirun noticed that process rank 3 with PID 10793 on node node039 exited on signal 11 (Segmentation fault).
--------------------------------------------------------------------------
