[0 : output] Output to be read-from/written-into folder 'chains', with prefix 'act-full'
[0 : output] Found existing info files with the requested output prefix: 'chains/act-full'
[0 : output] Let's try to resume/load.
[0 : output] Found an old sample. Resuming.
[0 : prior] *WARNING* External prior 'SZ' loaded. Mind that it might not be normalized!

libgomp: 
libgomp: Invalid value for environment variable OMP_NUM_THREADS: 

libgomp: Invalid value for environment variable OMP_NUM_THREADS: 

libgomp: Invalid value for environment variable OMP_NUM_THREADS: 
Invalid value for environment variable OMP_NUM_THREADS: 
[0 : camb] `camb` module loaded successfully from /users/smp24dhl/cosmo/code/CAMB_beta/camb
[0 : planck_2018_highl_plik.ttteee] `clik` module loaded successfully from /users/smp24dhl/cosmo/code/planck/clik/lib/python3.9/site-packages/clik
----
clik version clik_16.0b1-2-g63c889f3aa9c MAKEFILE
  smica
----
clik version clik_16.0b1-2-g63c889f3aa9c MAKEFILE
  smica
----
clik version clik_16.0b1-2-g63c889f3aa9c MAKEFILE
  smica
----
clik version clik_16.0b1-2-g63c889f3aa9c MAKEFILE
  smica
Checking likelihood '/users/smp24dhl/cosmo/data/planck_2018/baseline/plc_3.0/hi_l/plik/plik_rd12_HM_v22b_TTTEEE.clik' on test data. got -1172.47 expected -1172.47 (diff -4.34057e-07)
----
Loading ACT DR6 lensing likelihood v1.2...
Checking likelihood '/users/smp24dhl/cosmo/data/planck_2018/baseline/plc_3.0/hi_l/plik/plik_rd12_HM_v22b_TTTEEE.clik' on test data. got -1172.47 expected -1172.47 (diff -4.34057e-07)
----
Checking likelihood '/users/smp24dhl/cosmo/data/planck_2018/baseline/plc_3.0/hi_l/plik/plik_rd12_HM_v22b_TTTEEE.clik' on test data. got -1172.47 expected -1172.47 (diff -4.34056e-07)
----
Loading ACT DR6 lensing likelihood v1.2...
Loading ACT DR6 lensing likelihood v1.2...
Checking likelihood '/users/smp24dhl/cosmo/data/planck_2018/baseline/plc_3.0/hi_l/plik/plik_rd12_HM_v22b_TTTEEE.clik' on test data. got -1172.47 expected -1172.47 (diff -4.34056e-07)
----
Loading ACT DR6 lensing likelihood v1.2...
/users/smp24dhl/cosmo/code/act_dr6_lenslike/act_dr6_lenslike/act_dr6_lenslike.py:416: UserWarning: Hartlap correction to cinv: 0.949874686716792
  warnings.warn(f"Hartlap correction to cinv: {hartlap_correction}")
/users/smp24dhl/cosmo/code/act_dr6_lenslike/act_dr6_lenslike/act_dr6_lenslike.py:416: UserWarning: Hartlap correction to cinv: 0.949874686716792
  warnings.warn(f"Hartlap correction to cinv: {hartlap_correction}")
/users/smp24dhl/cosmo/code/act_dr6_lenslike/act_dr6_lenslike/act_dr6_lenslike.py:416: UserWarning: Hartlap correction to cinv: 0.949874686716792
  warnings.warn(f"Hartlap correction to cinv: {hartlap_correction}")
/users/smp24dhl/cosmo/code/act_dr6_lenslike/act_dr6_lenslike/act_dr6_lenslike.py:416: UserWarning: Hartlap correction to cinv: 0.949874686716792
  warnings.warn(f"Hartlap correction to cinv: {hartlap_correction}")
[1 : bao.desi_2024_bao_all] Initialized.
[2 : bao.desi_2024_bao_all] Initialized.
[3 : bao.desi_2024_bao_all] Initialized.
[0 : bao.desi_2024_bao_all] Initialized.
[0 : mcmc] Resuming from previous sample!
[0 : samplecollection] Loaded 2275 sample points from 'chains/act-full.1.txt'
[2 : samplecollection] Loaded 2412 sample points from 'chains/act-full.3.txt'
[3 : samplecollection] Loaded 2532 sample points from 'chains/act-full.4.txt'
[1 : samplecollection] Loaded 2463 sample points from 'chains/act-full.2.txt'
[1 : mcmc] Initial point: logA:3.043824, ns:0.972548, theta_MC_100:1.041341, ombh2:0.02251733, omch2:0.1185502, w:-0.8788904, wa:-0.5575354, beta_DE:1.741964, tau:0.05444059, A_planck:1.001101, calib_100T:0.99965, calib_217T:0.999244, A_cib_217:43.72393, xi_sz_cib:0.8786897, A_sz:3.542265, ksz_norm:3.408633, gal545_A_100:9.886545, gal545_A_143:10.49585, gal545_A_143_217:19.84094, gal545_A_217:98.39522, ps_A_100_100:243.039, ps_A_143_143:46.26879, ps_A_143_217:38.60305, ps_A_217_217:115.425, galf_TE_A_100:0.1546204, galf_TE_A_100_143:0.1720907, galf_TE_A_100_217:0.4106276, galf_TE_A_143:0.2718292, galf_TE_A_143_217:0.594882, galf_TE_A_217:2.228209
[0 : mcmc] Initial point: logA:3.057884, ns:0.9628136, theta_MC_100:1.040941, ombh2:0.02272483, omch2:0.1195338, w:-0.8993233, wa:-0.5421376, beta_DE:1.281289, tau:0.05945064, A_planck:1.00216, calib_100T:1.000321, calib_217T:0.9971523, A_cib_217:46.12548, xi_sz_cib:0.7039422, A_sz:4.917152, ksz_norm:8.678281, gal545_A_100:5.625185, gal545_A_143:8.509376, gal545_A_143_217:15.1418, gal545_A_217:84.25513, ps_A_100_100:261.9364, ps_A_143_143:37.68518, ps_A_143_217:34.57913, ps_A_217_217:111.6736, galf_TE_A_100:0.1294032, galf_TE_A_100_143:0.168565, galf_TE_A_100_217:0.4302823, galf_TE_A_143:0.2401304, galf_TE_A_143_217:0.5452146, galf_TE_A_217:2.105532
[3 : mcmc] Initial point: logA:3.031346, ns:0.9712769, theta_MC_100:1.041008, ombh2:0.02222638, omch2:0.1198429, w:-0.809728, wa:-0.8976894, beta_DE:1.291788, tau:0.04780095, A_planck:1.002528, calib_100T:0.9990597, calib_217T:0.998735, A_cib_217:45.32732, xi_sz_cib:0.01960864, A_sz:7.931251, ksz_norm:2.927628, gal545_A_100:10.72, gal545_A_143:10.88683, gal545_A_143_217:18.36787, gal545_A_217:97.93814, ps_A_100_100:215.7406, ps_A_143_143:35.3593, ps_A_143_217:38.71429, ps_A_217_217:120.5752, galf_TE_A_100:0.1244578, galf_TE_A_100_143:0.1444739, galf_TE_A_100_217:0.5007043, galf_TE_A_143:0.2018694, galf_TE_A_143_217:0.5903654, galf_TE_A_217:2.046609
[2 : mcmc] Initial point: logA:3.066407, ns:0.971293, theta_MC_100:1.04123, ombh2:0.02246807, omch2:0.1184882, w:-0.8438787, wa:-0.5671275, beta_DE:0.05336656, tau:0.06859596, A_planck:0.9986983, calib_100T:1.000909, calib_217T:0.9979278, A_cib_217:45.68482, xi_sz_cib:0.5727418, A_sz:6.893609, ksz_norm:0.2909157, gal545_A_100:11.21662, gal545_A_143:11.36711, gal545_A_143_217:19.65258, gal545_A_217:93.74791, ps_A_100_100:259.1205, ps_A_143_143:45.59838, ps_A_143_217:45.11896, ps_A_217_217:117.0877, galf_TE_A_100:0.07431337, galf_TE_A_100_143:0.1148748, galf_TE_A_100_217:0.5514843, galf_TE_A_143:0.06602743, galf_TE_A_143_217:0.5680601, galf_TE_A_217:2.243663
[0 : mcmc] *WARNING* Parameter blocking manually/previously fixed: speeds will not be measured.
[0 : mcmc] Dragging with number of interpolating steps:
[0 : mcmc] *  1 : (['theta_MC_100', 'ombh2', 'omch2', 'w', 'wa', 'beta_DE', 'tau'], ['logA', 'ns'])
[0 : mcmc] * 12 : (['A_planck'], ['calib_100T', 'calib_217T', 'A_cib_217', 'xi_sz_cib', 'A_sz', 'ksz_norm', 'gal545_A_100', 'gal545_A_143', 'gal545_A_143_217', 'gal545_A_217', 'ps_A_100_100', 'ps_A_143_143', 'ps_A_143_217', 'ps_A_217_217', 'galf_TE_A_100', 'galf_TE_A_100_143', 'galf_TE_A_100_217', 'galf_TE_A_143', 'galf_TE_A_143_217', 'galf_TE_A_217'])
[0 : mcmc] Covariance matrix from previous sample.
[0 : mcmc] Sampling!
[2 : mcmc] Progress @ 2025-01-28 13:56:53 : 1 steps taken, and 2412 accepted.
[1 : mcmc] Progress @ 2025-01-28 13:57:32 : 1 steps taken, and 2463 accepted.
[3 : mcmc] Progress @ 2025-01-28 13:57:38 : 1 steps taken, and 2532 accepted.
[0 : mcmc] Progress @ 2025-01-28 13:57:40 : 1 steps taken, and 2275 accepted.
[2 : mcmc] Progress @ 2025-01-28 13:58:00 : 3 steps taken, and 2412 accepted.
[1 : mcmc] Progress @ 2025-01-28 13:58:55 : 4 steps taken, and 2463 accepted.
[0 : mcmc] Progress @ 2025-01-28 13:58:57 : 4 steps taken, and 2276 accepted.
[3 : mcmc] Progress @ 2025-01-28 13:59:03 : 4 steps taken, and 2533 accepted.
[2 : mcmc] Progress @ 2025-01-28 13:59:21 : 8 steps taken, and 2413 accepted.
[0 : mcmc] Progress @ 2025-01-28 14:00:05 : 9 steps taken, and 2277 accepted.
[3 : mcmc] Progress @ 2025-01-28 14:00:13 : 7 steps taken, and 2533 accepted.
[1 : mcmc] Progress @ 2025-01-28 14:00:16 : 7 steps taken, and 2463 accepted.
[2 : mcmc] Progress @ 2025-01-28 14:00:45 : 11 steps taken, and 2415 accepted.
[3 : mcmc] Progress @ 2025-01-28 14:01:21 : 10 steps taken, and 2535 accepted.
[1 : mcmc] Progress @ 2025-01-28 14:01:26 : 10 steps taken, and 2464 accepted.
[0 : mcmc] Progress @ 2025-01-28 14:01:29 : 12 steps taken, and 2278 accepted.
[2 : mcmc] Progress @ 2025-01-28 14:01:53 : 15 steps taken, and 2416 accepted.
[1 : mcmc] Progress @ 2025-01-28 14:02:41 : 14 steps taken, and 2465 accepted.
[3 : mcmc] Progress @ 2025-01-28 14:02:44 : 13 steps taken, and 2536 accepted.
[0 : mcmc] Progress @ 2025-01-28 14:02:44 : 15 steps taken, and 2278 accepted.
[2 : mcmc] Progress @ 2025-01-28 14:03:11 : 18 steps taken, and 2416 accepted.
[1 : mcmc] Progress @ 2025-01-28 14:03:50 : 17 steps taken, and 2466 accepted.
[0 : mcmc] Progress @ 2025-01-28 14:03:56 : 18 steps taken, and 2278 accepted.
[3 : mcmc] Progress @ 2025-01-28 14:03:56 : 16 steps taken, and 2537 accepted.
[2 : mcmc] Progress @ 2025-01-28 14:04:23 : 21 steps taken, and 2417 accepted.
[1 : mcmc] Progress @ 2025-01-28 14:04:59 : 20 steps taken, and 2467 accepted.
[0 : mcmc] Progress @ 2025-01-28 14:05:04 : 21 steps taken, and 2280 accepted.
[3 : mcmc] Progress @ 2025-01-28 14:05:12 : 19 steps taken, and 2539 accepted.
[2 : mcmc] Progress @ 2025-01-28 14:05:47 : 24 steps taken, and 2418 accepted.
[0 : mcmc] Progress @ 2025-01-28 14:06:13 : 25 steps taken, and 2281 accepted.
[1 : mcmc] Progress @ 2025-01-28 14:06:21 : 23 steps taken, and 2469 accepted.
[3 : mcmc] Progress @ 2025-01-28 14:06:34 : 22 steps taken, and 2541 accepted.
[2 : mcmc] Progress @ 2025-01-28 14:07:02 : 27 steps taken, and 2419 accepted.
[0 : mcmc] Progress @ 2025-01-28 14:07:32 : 29 steps taken, and 2283 accepted.
[1 : mcmc] Progress @ 2025-01-28 14:07:44 : 26 steps taken, and 2469 accepted.
[3 : mcmc] Progress @ 2025-01-28 14:07:45 : 25 steps taken, and 2542 accepted.
[2 : mcmc] Progress @ 2025-01-28 14:08:25 : 30 steps taken, and 2422 accepted.
[1 : mcmc] Progress @ 2025-01-28 14:08:46 : 29 steps taken, and 2469 accepted.
[3 : mcmc] Progress @ 2025-01-28 14:08:55 : 28 steps taken, and 2543 accepted.
[0 : mcmc] Progress @ 2025-01-28 14:08:55 : 32 steps taken, and 2284 accepted.
[2 : mcmc] Progress @ 2025-01-28 14:09:38 : 33 steps taken, and 2424 accepted.
[3 : mcmc] Progress @ 2025-01-28 14:10:03 : 31 steps taken, and 2544 accepted.
[1 : mcmc] Progress @ 2025-01-28 14:10:10 : 32 steps taken, and 2470 accepted.
[0 : mcmc] Progress @ 2025-01-28 14:10:14 : 35 steps taken, and 2285 accepted.
[2 : mcmc] Progress @ 2025-01-28 14:10:56 : 36 steps taken, and 2426 accepted.
[3 : mcmc] Progress @ 2025-01-28 14:11:26 : 34 steps taken, and 2545 accepted.
[0 : mcmc] Progress @ 2025-01-28 14:11:28 : 38 steps taken, and 2286 accepted.
[1 : mcmc] Progress @ 2025-01-28 14:11:32 : 35 steps taken, and 2472 accepted.
[2 : mcmc] Progress @ 2025-01-28 14:12:04 : 40 steps taken, and 2427 accepted.
[1 : mcmc] Progress @ 2025-01-28 14:12:36 : 38 steps taken, and 2472 accepted.
[3 : mcmc] Progress @ 2025-01-28 14:12:38 : 39 steps taken, and 2545 accepted.
[0 : mcmc] Progress @ 2025-01-28 14:12:55 : 41 steps taken, and 2289 accepted.
[2 : mcmc] Progress @ 2025-01-28 14:13:23 : 43 steps taken, and 2429 accepted.
[3 : mcmc] Progress @ 2025-01-28 14:13:59 : 42 steps taken, and 2546 accepted.
[1 : mcmc] Progress @ 2025-01-28 14:13:59 : 41 steps taken, and 2474 accepted.
[0 : mcmc] Progress @ 2025-01-28 14:14:06 : 44 steps taken, and 2291 accepted.
[2 : mcmc] Progress @ 2025-01-28 14:14:31 : 50 steps taken, and 2430 accepted.
[3 : mcmc] Progress @ 2025-01-28 14:15:05 : 45 steps taken, and 2548 accepted.
[1 : mcmc] Progress @ 2025-01-28 14:15:21 : 44 steps taken, and 2475 accepted.
[0 : mcmc] Progress @ 2025-01-28 14:15:22 : 47 steps taken, and 2292 accepted.
[2 : mcmc] Progress @ 2025-01-28 14:15:37 : 53 steps taken, and 2431 accepted.
[3 : mcmc] Progress @ 2025-01-28 14:16:13 : 49 steps taken, and 2548 accepted.
[1 : mcmc] Progress @ 2025-01-28 14:16:33 : 47 steps taken, and 2475 accepted.
[0 : mcmc] Progress @ 2025-01-28 14:16:34 : 51 steps taken, and 2294 accepted.
[2 : mcmc] Progress @ 2025-01-28 14:17:00 : 63 steps taken, and 2432 accepted.
[3 : mcmc] Progress @ 2025-01-28 14:17:37 : 52 steps taken, and 2550 accepted.
[0 : mcmc] Progress @ 2025-01-28 14:17:43 : 55 steps taken, and 2295 accepted.
[1 : mcmc] Progress @ 2025-01-28 14:17:44 : 50 steps taken, and 2476 accepted.
[2 : mcmc] Progress @ 2025-01-28 14:18:11 : 66 steps taken, and 2432 accepted.
[1 : mcmc] Progress @ 2025-01-28 14:18:56 : 53 steps taken, and 2476 accepted.
[3 : mcmc] Progress @ 2025-01-28 14:18:58 : 55 steps taken, and 2552 accepted.
[0 : mcmc] Progress @ 2025-01-28 14:19:04 : 58 steps taken, and 2295 accepted.
[2 : mcmc] Progress @ 2025-01-28 14:19:34 : 69 steps taken, and 2432 accepted.
[1 : mcmc] Progress @ 2025-01-28 14:20:03 : 56 steps taken, and 2476 accepted.
[0 : mcmc] Progress @ 2025-01-28 14:20:22 : 62 steps taken, and 2296 accepted.
[3 : mcmc] Progress @ 2025-01-28 14:20:23 : 58 steps taken, and 2552 accepted.
[2 : mcmc] Progress @ 2025-01-28 14:20:41 : 72 steps taken, and 2434 accepted.
[3 : mcmc] Progress @ 2025-01-28 14:21:25 : 61 steps taken, and 2553 accepted.
[1 : mcmc] Progress @ 2025-01-28 14:21:27 : 59 steps taken, and 2477 accepted.
[0 : mcmc] Progress @ 2025-01-28 14:21:27 : 66 steps taken, and 2297 accepted.
[2 : mcmc] Progress @ 2025-01-28 14:21:55 : 75 steps taken, and 2434 accepted.
[3 : mcmc] Progress @ 2025-01-28 14:22:36 : 64 steps taken, and 2555 accepted.
[1 : mcmc] Progress @ 2025-01-28 14:22:39 : 62 steps taken, and 2479 accepted.
[0 : mcmc] Progress @ 2025-01-28 14:22:41 : 69 steps taken, and 2299 accepted.
[2 : mcmc] Progress @ 2025-01-28 14:23:02 : 78 steps taken, and 2435 accepted.
[3 : mcmc] Progress @ 2025-01-28 14:23:43 : 67 steps taken, and 2556 accepted.
[0 : mcmc] Progress @ 2025-01-28 14:23:51 : 72 steps taken, and 2300 accepted.
[1 : mcmc] Progress @ 2025-01-28 14:24:05 : 65 steps taken, and 2481 accepted.
[2 : mcmc] Progress @ 2025-01-28 14:24:24 : 83 steps taken, and 2436 accepted.
[3 : mcmc] Progress @ 2025-01-28 14:25:06 : 70 steps taken, and 2559 accepted.
[0 : mcmc] Progress @ 2025-01-28 14:25:15 : 76 steps taken, and 2301 accepted.
[1 : mcmc] Progress @ 2025-01-28 14:25:31 : 68 steps taken, and 2482 accepted.
[2 : mcmc] Progress @ 2025-01-28 14:25:33 : 86 steps taken, and 2437 accepted.
[3 : mcmc] Progress @ 2025-01-28 14:26:31 : 73 steps taken, and 2559 accepted.
[1 : mcmc] Progress @ 2025-01-28 14:26:33 : 71 steps taken, and 2483 accepted.
[0 : mcmc] Progress @ 2025-01-28 14:26:38 : 79 steps taken, and 2303 accepted.
[2 : mcmc] Progress @ 2025-01-28 14:26:45 : 89 steps taken, and 2438 accepted.
[3 : mcmc] Progress @ 2025-01-28 14:27:42 : 76 steps taken, and 2561 accepted.
[1 : mcmc] Progress @ 2025-01-28 14:27:44 : 74 steps taken, and 2484 accepted.
[0 : mcmc] Progress @ 2025-01-28 14:27:45 : 82 steps taken, and 2305 accepted.
[2 : mcmc] Progress @ 2025-01-28 14:28:01 : 92 steps taken, and 2438 accepted.
[0 : mcmc] Progress @ 2025-01-28 14:28:52 : 85 steps taken, and 2307 accepted.
[1 : mcmc] Progress @ 2025-01-28 14:29:04 : 77 steps taken, and 2485 accepted.
[3 : mcmc] Progress @ 2025-01-28 14:29:05 : 79 steps taken, and 2562 accepted.
[2 : mcmc] Progress @ 2025-01-28 14:29:25 : 96 steps taken, and 2440 accepted.
[0 : mcmc] Progress @ 2025-01-28 14:30:07 : 88 steps taken, and 2307 accepted.
[1 : mcmc] Progress @ 2025-01-28 14:30:18 : 80 steps taken, and 2485 accepted.
[3 : mcmc] Progress @ 2025-01-28 14:30:19 : 82 steps taken, and 2564 accepted.
[2 : mcmc] Progress @ 2025-01-28 14:30:36 : 100 steps taken, and 2441 accepted.
[0 : mcmc] Progress @ 2025-01-28 14:31:18 : 91 steps taken, and 2309 accepted.
[3 : mcmc] Progress @ 2025-01-28 14:31:21 : 85 steps taken, and 2566 accepted.
[1 : mcmc] Progress @ 2025-01-28 14:31:30 : 83 steps taken, and 2486 accepted.
[2 : mcmc] Progress @ 2025-01-28 14:31:49 : 104 steps taken, and 2443 accepted.
[0 : mcmc] Progress @ 2025-01-28 14:32:36 : 94 steps taken, and 2310 accepted.
[3 : mcmc] Progress @ 2025-01-28 14:32:45 : 89 steps taken, and 2567 accepted.
[1 : mcmc] Progress @ 2025-01-28 14:32:46 : 86 steps taken, and 2487 accepted.
[2 : mcmc] Progress @ 2025-01-28 14:33:03 : 107 steps taken, and 2444 accepted.
[0 : mcmc] Progress @ 2025-01-28 14:33:37 : 97 steps taken, and 2313 accepted.
[1 : mcmc] Progress @ 2025-01-28 14:33:55 : 89 steps taken, and 2488 accepted.
[3 : mcmc] Progress @ 2025-01-28 14:34:07 : 92 steps taken, and 2568 accepted.
[2 : mcmc] Progress @ 2025-01-28 14:34:24 : 110 steps taken, and 2446 accepted.
[0 : mcmc] Progress @ 2025-01-28 14:34:41 : 102 steps taken, and 2314 accepted.
[1 : mcmc] Progress @ 2025-01-28 14:35:14 : 93 steps taken, and 2488 accepted.
[3 : mcmc] Progress @ 2025-01-28 14:35:16 : 95 steps taken, and 2570 accepted.
[2 : mcmc] Progress @ 2025-01-28 14:35:33 : 114 steps taken, and 2447 accepted.
[0 : mcmc] Progress @ 2025-01-28 14:35:59 : 106 steps taken, and 2315 accepted.
[3 : mcmc] Progress @ 2025-01-28 14:36:28 : 98 steps taken, and 2572 accepted.
[1 : mcmc] Progress @ 2025-01-28 14:36:33 : 96 steps taken, and 2489 accepted.
[2 : mcmc] Progress @ 2025-01-28 14:36:43 : 118 steps taken, and 2449 accepted.
[0 : mcmc] Progress @ 2025-01-28 14:37:16 : 112 steps taken, and 2317 accepted.
[3 : mcmc] Progress @ 2025-01-28 14:37:39 : 101 steps taken, and 2572 accepted.
[1 : mcmc] Progress @ 2025-01-28 14:37:43 : 99 steps taken, and 2490 accepted.
[2 : mcmc] Progress @ 2025-01-28 14:38:06 : 121 steps taken, and 2452 accepted.
[0 : mcmc] Progress @ 2025-01-28 14:38:34 : 118 steps taken, and 2319 accepted.
[1 : mcmc] Progress @ 2025-01-28 14:38:55 : 102 steps taken, and 2492 accepted.
[3 : mcmc] Progress @ 2025-01-28 14:39:03 : 104 steps taken, and 2573 accepted.
[2 : mcmc] Progress @ 2025-01-28 14:39:14 : 125 steps taken, and 2453 accepted.
[0 : mcmc] Progress @ 2025-01-28 14:39:53 : 122 steps taken, and 2320 accepted.
[3 : mcmc] Progress @ 2025-01-28 14:40:03 : 107 steps taken, and 2573 accepted.
[1 : mcmc] Progress @ 2025-01-28 14:40:19 : 105 steps taken, and 2493 accepted.
[2 : mcmc] Progress @ 2025-01-28 14:40:36 : 129 steps taken, and 2453 accepted.
[0 : mcmc] Progress @ 2025-01-28 14:41:03 : 125 steps taken, and 2322 accepted.
[3 : mcmc] Progress @ 2025-01-28 14:41:11 : 110 steps taken, and 2575 accepted.
[1 : mcmc] Progress @ 2025-01-28 14:41:30 : 108 steps taken, and 2495 accepted.
[2 : mcmc] Progress @ 2025-01-28 14:41:45 : 132 steps taken, and 2455 accepted.
[0 : mcmc] Progress @ 2025-01-28 14:42:15 : 128 steps taken, and 2322 accepted.
[3 : mcmc] Progress @ 2025-01-28 14:42:23 : 113 steps taken, and 2577 accepted.
[1 : mcmc] Progress @ 2025-01-28 14:42:53 : 111 steps taken, and 2495 accepted.
[2 : mcmc] Progress @ 2025-01-28 14:42:55 : 135 steps taken, and 2457 accepted.
[0 : mcmc] Progress @ 2025-01-28 14:43:24 : 132 steps taken, and 2322 accepted.
[3 : mcmc] Progress @ 2025-01-28 14:43:29 : 116 steps taken, and 2579 accepted.
[2 : mcmc] Progress @ 2025-01-28 14:44:00 : 138 steps taken, and 2458 accepted.
[1 : mcmc] Progress @ 2025-01-28 14:44:02 : 114 steps taken, and 2496 accepted.
[0 : mcmc] Progress @ 2025-01-28 14:44:38 : 136 steps taken, and 2323 accepted.
[3 : mcmc] Progress @ 2025-01-28 14:44:44 : 120 steps taken, and 2581 accepted.
[1 : mcmc] Progress @ 2025-01-28 14:45:14 : 117 steps taken, and 2496 accepted.
[2 : mcmc] Progress @ 2025-01-28 14:45:16 : 141 steps taken, and 2460 accepted.
[0 : mcmc] Progress @ 2025-01-28 14:45:51 : 140 steps taken, and 2325 accepted.
[3 : mcmc] Progress @ 2025-01-28 14:46:00 : 123 steps taken, and 2582 accepted.
[1 : mcmc] Progress @ 2025-01-28 14:46:22 : 120 steps taken, and 2497 accepted.
[2 : mcmc] Progress @ 2025-01-28 14:46:24 : 144 steps taken, and 2461 accepted.
[0 : mcmc] Progress @ 2025-01-28 14:47:09 : 144 steps taken, and 2327 accepted.
[3 : mcmc] Progress @ 2025-01-28 14:47:19 : 126 steps taken, and 2583 accepted.
[1 : mcmc] Progress @ 2025-01-28 14:47:22 : 123 steps taken, and 2498 accepted.
[2 : mcmc] Progress @ 2025-01-28 14:47:36 : 147 steps taken, and 2462 accepted.
[0 : mcmc] Progress @ 2025-01-28 14:48:15 : 149 steps taken, and 2327 accepted.
[3 : mcmc] Progress @ 2025-01-28 14:48:29 : 130 steps taken, and 2585 accepted.
[1 : mcmc] Progress @ 2025-01-28 14:48:43 : 126 steps taken, and 2500 accepted.
[2 : mcmc] Progress @ 2025-01-28 14:48:49 : 150 steps taken, and 2464 accepted.
[0 : mcmc] Progress @ 2025-01-28 14:49:35 : 152 steps taken, and 2329 accepted.
[3 : mcmc] Progress @ 2025-01-28 14:49:43 : 133 steps taken, and 2586 accepted.
[1 : mcmc] Progress @ 2025-01-28 14:49:56 : 129 steps taken, and 2501 accepted.
[2 : mcmc] Progress @ 2025-01-28 14:50:15 : 153 steps taken, and 2464 accepted.
[0 : mcmc] Progress @ 2025-01-28 14:50:57 : 155 steps taken, and 2331 accepted.
[3 : mcmc] Progress @ 2025-01-28 14:51:02 : 136 steps taken, and 2588 accepted.
[1 : mcmc] Progress @ 2025-01-28 14:51:22 : 132 steps taken, and 2502 accepted.
[2 : mcmc] Progress @ 2025-01-28 14:51:40 : 156 steps taken, and 2466 accepted.
[0 : mcmc] Progress @ 2025-01-28 14:52:11 : 159 steps taken, and 2332 accepted.
[3 : mcmc] Progress @ 2025-01-28 14:52:13 : 140 steps taken, and 2588 accepted.
[1 : mcmc] Progress @ 2025-01-28 14:52:32 : 135 steps taken, and 2504 accepted.
[2 : mcmc] Progress @ 2025-01-28 14:52:51 : 159 steps taken, and 2466 accepted.
[0 : mcmc] Progress @ 2025-01-28 14:53:14 : 163 steps taken, and 2332 accepted.
[3 : mcmc] Progress @ 2025-01-28 14:53:34 : 143 steps taken, and 2590 accepted.
[1 : mcmc] Progress @ 2025-01-28 14:53:51 : 138 steps taken, and 2504 accepted.
[2 : mcmc] Progress @ 2025-01-28 14:54:04 : 162 steps taken, and 2469 accepted.
[0 : mcmc] Progress @ 2025-01-28 14:54:23 : 166 steps taken, and 2335 accepted.
[3 : mcmc] Progress @ 2025-01-28 14:54:53 : 146 steps taken, and 2592 accepted.
[1 : mcmc] Progress @ 2025-01-28 14:55:02 : 141 steps taken, and 2504 accepted.
[2 : mcmc] Progress @ 2025-01-28 14:55:26 : 167 steps taken, and 2471 accepted.
[0 : mcmc] Progress @ 2025-01-28 14:55:41 : 171 steps taken, and 2337 accepted.
[3 : mcmc] Progress @ 2025-01-28 14:55:55 : 149 steps taken, and 2593 accepted.
[1 : mcmc] Progress @ 2025-01-28 14:56:14 : 148 steps taken, and 2507 accepted.
[2 : mcmc] Progress @ 2025-01-28 14:56:44 : 171 steps taken, and 2472 accepted.
[0 : mcmc] Progress @ 2025-01-28 14:56:54 : 174 steps taken, and 2340 accepted.
[3 : mcmc] Progress @ 2025-01-28 14:57:18 : 152 steps taken, and 2593 accepted.
[1 : mcmc] Progress @ 2025-01-28 14:57:28 : 159 steps taken, and 2507 accepted.
[2 : mcmc] Progress @ 2025-01-28 14:57:57 : 174 steps taken, and 2473 accepted.
[0 : mcmc] Progress @ 2025-01-28 14:58:05 : 179 steps taken, and 2341 accepted.
[3 : mcmc] Progress @ 2025-01-28 14:58:42 : 156 steps taken, and 2593 accepted.
[1 : mcmc] Progress @ 2025-01-28 14:58:44 : 163 steps taken, and 2507 accepted.
[2 : mcmc] Progress @ 2025-01-28 14:59:21 : 178 steps taken, and 2474 accepted.
[0 : mcmc] Progress @ 2025-01-28 14:59:29 : 182 steps taken, and 2343 accepted.
[1 : mcmc] Progress @ 2025-01-28 15:00:05 : 169 steps taken, and 2509 accepted.
[3 : mcmc] Progress @ 2025-01-28 15:00:05 : 159 steps taken, and 2594 accepted.
[2 : mcmc] Progress @ 2025-01-28 15:00:34 : 181 steps taken, and 2477 accepted.
[0 : mcmc] Progress @ 2025-01-28 15:00:34 : 185 steps taken, and 2345 accepted.
[3 : mcmc] Progress @ 2025-01-28 15:01:15 : 162 steps taken, and 2594 accepted.
[1 : mcmc] Progress @ 2025-01-28 15:01:16 : 172 steps taken, and 2510 accepted.
[2 : mcmc] Progress @ 2025-01-28 15:01:56 : 184 steps taken, and 2478 accepted.
[0 : mcmc] Progress @ 2025-01-28 15:01:58 : 188 steps taken, and 2346 accepted.
[3 : mcmc] Progress @ 2025-01-28 15:02:35 : 165 steps taken, and 2596 accepted.
[1 : mcmc] Progress @ 2025-01-28 15:02:42 : 175 steps taken, and 2512 accepted.
[0 : mcmc] Progress @ 2025-01-28 15:03:08 : 191 steps taken, and 2348 accepted.
[2 : mcmc] Progress @ 2025-01-28 15:03:09 : 188 steps taken, and 2478 accepted.
[1 : mcmc] Progress @ 2025-01-28 15:03:42 : 178 steps taken, and 2513 accepted.
[3 : mcmc] Progress @ 2025-01-28 15:03:53 : 174 steps taken, and 2600 accepted.
[0 : mcmc] Progress @ 2025-01-28 15:04:18 : 194 steps taken, and 2351 accepted.
[2 : mcmc] Progress @ 2025-01-28 15:04:19 : 192 steps taken, and 2478 accepted.
[1 : mcmc] Progress @ 2025-01-28 15:04:57 : 181 steps taken, and 2515 accepted.
[3 : mcmc] Progress @ 2025-01-28 15:05:03 : 177 steps taken, and 2601 accepted.
[2 : mcmc] Progress @ 2025-01-28 15:05:34 : 195 steps taken, and 2480 accepted.
[0 : mcmc] Progress @ 2025-01-28 15:05:39 : 197 steps taken, and 2353 accepted.
[1 : mcmc] Progress @ 2025-01-28 15:06:10 : 184 steps taken, and 2515 accepted.
[3 : mcmc] Progress @ 2025-01-28 15:06:26 : 182 steps taken, and 2603 accepted.
[2 : mcmc] Progress @ 2025-01-28 15:06:50 : 198 steps taken, and 2482 accepted.
[0 : mcmc] Progress @ 2025-01-28 15:06:58 : 200 steps taken, and 2354 accepted.
[1 : mcmc] Progress @ 2025-01-28 15:07:32 : 187 steps taken, and 2516 accepted.
[3 : mcmc] Progress @ 2025-01-28 15:07:48 : 185 steps taken, and 2605 accepted.
[2 : mcmc] Progress @ 2025-01-28 15:07:52 : 201 steps taken, and 2483 accepted.
[0 : mcmc] Progress @ 2025-01-28 15:08:21 : 204 steps taken, and 2357 accepted.
[1 : mcmc] Progress @ 2025-01-28 15:08:36 : 190 steps taken, and 2519 accepted.
[3 : mcmc] Progress @ 2025-01-28 15:08:57 : 188 steps taken, and 2607 accepted.
[1 : mcmc] Learn + convergence test @ 2520 samples accepted.
[1 : mcmc] Ready to check convergence and learn a new proposal covmat (waiting for the rest...)
[2 : mcmc] Progress @ 2025-01-28 15:09:18 : 204 steps taken, and 2485 accepted.
[0 : mcmc] Progress @ 2025-01-28 15:09:43 : 207 steps taken, and 2359 accepted.
[1 : mcmc] Progress @ 2025-01-28 15:09:46 : 193 steps taken, and 2521 accepted.
[3 : mcmc] Progress @ 2025-01-28 15:10:21 : 193 steps taken, and 2608 accepted.
[2 : mcmc] Progress @ 2025-01-28 15:10:37 : 207 steps taken, and 2486 accepted.
[0 : mcmc] Progress @ 2025-01-28 15:10:55 : 211 steps taken, and 2361 accepted.
[1 : mcmc] Progress @ 2025-01-28 15:11:08 : 196 steps taken, and 2523 accepted.
[3 : mcmc] Progress @ 2025-01-28 15:11:36 : 196 steps taken, and 2610 accepted.
[2 : mcmc] Progress @ 2025-01-28 15:11:58 : 210 steps taken, and 2487 accepted.
[0 : mcmc] Progress @ 2025-01-28 15:12:11 : 214 steps taken, and 2362 accepted.
[1 : mcmc] Progress @ 2025-01-28 15:12:32 : 199 steps taken, and 2525 accepted.
[3 : mcmc] Progress @ 2025-01-28 15:12:55 : 199 steps taken, and 2611 accepted.
[2 : mcmc] Progress @ 2025-01-28 15:13:07 : 213 steps taken, and 2489 accepted.
[0 : mcmc] Progress @ 2025-01-28 15:13:31 : 217 steps taken, and 2362 accepted.
[1 : mcmc] Progress @ 2025-01-28 15:13:45 : 202 steps taken, and 2527 accepted.
[3 : mcmc] Progress @ 2025-01-28 15:14:11 : 205 steps taken, and 2613 accepted.
[2 : mcmc] Progress @ 2025-01-28 15:14:22 : 216 steps taken, and 2491 accepted.
[0 : mcmc] Progress @ 2025-01-28 15:14:44 : 220 steps taken, and 2363 accepted.
[1 : mcmc] Progress @ 2025-01-28 15:15:07 : 205 steps taken, and 2528 accepted.
[3 : mcmc] Progress @ 2025-01-28 15:15:19 : 209 steps taken, and 2614 accepted.
[2 : mcmc] Progress @ 2025-01-28 15:15:44 : 220 steps taken, and 2494 accepted.
[0 : mcmc] Progress @ 2025-01-28 15:15:56 : 224 steps taken, and 2365 accepted.
[1 : mcmc] Progress @ 2025-01-28 15:16:18 : 208 steps taken, and 2528 accepted.
[3 : mcmc] Progress @ 2025-01-28 15:16:30 : 212 steps taken, and 2615 accepted.
[2 : mcmc] Progress @ 2025-01-28 15:17:05 : 223 steps taken, and 2496 accepted.
[0 : mcmc] Progress @ 2025-01-28 15:17:06 : 227 steps taken, and 2368 accepted.
[1 : mcmc] Progress @ 2025-01-28 15:17:28 : 211 steps taken, and 2529 accepted.
[3 : mcmc] Progress @ 2025-01-28 15:17:39 : 216 steps taken, and 2617 accepted.
[0 : mcmc] Progress @ 2025-01-28 15:18:11 : 238 steps taken, and 2368 accepted.
[2 : mcmc] Progress @ 2025-01-28 15:18:26 : 227 steps taken, and 2498 accepted.
[1 : mcmc] Progress @ 2025-01-28 15:18:50 : 214 steps taken, and 2530 accepted.
[3 : mcmc] Progress @ 2025-01-28 15:19:01 : 219 steps taken, and 2620 accepted.
[0 : mcmc] Progress @ 2025-01-28 15:19:22 : 242 steps taken, and 2371 accepted.
[2 : mcmc] Progress @ 2025-01-28 15:19:32 : 230 steps taken, and 2499 accepted.
[1 : mcmc] Progress @ 2025-01-28 15:19:58 : 217 steps taken, and 2531 accepted.
[3 : mcmc] Progress @ 2025-01-28 15:20:20 : 223 steps taken, and 2622 accepted.
[2 : mcmc] Progress @ 2025-01-28 15:20:33 : 233 steps taken, and 2501 accepted.
[0 : mcmc] Progress @ 2025-01-28 15:20:48 : 245 steps taken, and 2372 accepted.
[1 : mcmc] Progress @ 2025-01-28 15:21:11 : 220 steps taken, and 2533 accepted.
[3 : mcmc] Progress @ 2025-01-28 15:21:30 : 227 steps taken, and 2624 accepted.
[2 : mcmc] Progress @ 2025-01-28 15:21:52 : 238 steps taken, and 2501 accepted.
[0 : mcmc] Progress @ 2025-01-28 15:22:00 : 248 steps taken, and 2372 accepted.
[1 : mcmc] Progress @ 2025-01-28 15:22:24 : 223 steps taken, and 2534 accepted.
[3 : mcmc] Progress @ 2025-01-28 15:22:36 : 230 steps taken, and 2625 accepted.
[0 : mcmc] Progress @ 2025-01-28 15:23:14 : 251 steps taken, and 2373 accepted.
[2 : mcmc] Progress @ 2025-01-28 15:23:16 : 243 steps taken, and 2505 accepted.
[3 : mcmc] Progress @ 2025-01-28 15:23:42 : 236 steps taken, and 2627 accepted.
[1 : mcmc] Progress @ 2025-01-28 15:23:48 : 226 steps taken, and 2536 accepted.
[2 : mcmc] Progress @ 2025-01-28 15:24:31 : 248 steps taken, and 2506 accepted.
[0 : mcmc] Progress @ 2025-01-28 15:24:38 : 254 steps taken, and 2375 accepted.
[3 : mcmc] Progress @ 2025-01-28 15:24:49 : 240 steps taken, and 2627 accepted.
[1 : mcmc] Progress @ 2025-01-28 15:24:59 : 229 steps taken, and 2539 accepted.
[2 : mcmc] Progress @ 2025-01-28 15:25:35 : 251 steps taken, and 2509 accepted.
[0 : mcmc] Progress @ 2025-01-28 15:25:49 : 257 steps taken, and 2376 accepted.
[3 : mcmc] Progress @ 2025-01-28 15:26:07 : 244 steps taken, and 2629 accepted.
[1 : mcmc] Progress @ 2025-01-28 15:26:13 : 232 steps taken, and 2542 accepted.
[2 : mcmc] Progress @ 2025-01-28 15:26:43 : 255 steps taken, and 2510 accepted.
[0 : mcmc] Progress @ 2025-01-28 15:27:04 : 260 steps taken, and 2378 accepted.
[3 : mcmc] Progress @ 2025-01-28 15:27:12 : 247 steps taken, and 2631 accepted.
[1 : mcmc] Progress @ 2025-01-28 15:27:19 : 235 steps taken, and 2545 accepted.
[2 : mcmc] Progress @ 2025-01-28 15:27:54 : 258 steps taken, and 2511 accepted.
[0 : mcmc] Progress @ 2025-01-28 15:28:12 : 263 steps taken, and 2381 accepted.
[3 : mcmc] Progress @ 2025-01-28 15:28:29 : 251 steps taken, and 2631 accepted.
[1 : mcmc] Progress @ 2025-01-28 15:28:42 : 238 steps taken, and 2546 accepted.
[2 : mcmc] Progress @ 2025-01-28 15:29:04 : 261 steps taken, and 2511 accepted.
[0 : mcmc] Progress @ 2025-01-28 15:29:28 : 268 steps taken, and 2382 accepted.
[3 : mcmc] Progress @ 2025-01-28 15:29:45 : 254 steps taken, and 2632 accepted.
[1 : mcmc] Progress @ 2025-01-28 15:30:05 : 241 steps taken, and 2547 accepted.
[2 : mcmc] Progress @ 2025-01-28 15:30:13 : 264 steps taken, and 2512 accepted.
[3 : mcmc] Progress @ 2025-01-28 15:30:48 : 257 steps taken, and 2633 accepted.
[0 : mcmc] Progress @ 2025-01-28 15:30:50 : 275 steps taken, and 2385 accepted.
[1 : mcmc] Progress @ 2025-01-28 15:31:22 : 244 steps taken, and 2549 accepted.
[2 : mcmc] Progress @ 2025-01-28 15:31:31 : 267 steps taken, and 2512 accepted.
[3 : mcmc] Progress @ 2025-01-28 15:31:52 : 263 steps taken, and 2635 accepted.
[0 : mcmc] Progress @ 2025-01-28 15:32:04 : 278 steps taken, and 2386 accepted.
[2 : mcmc] Progress @ 2025-01-28 15:32:42 : 270 steps taken, and 2512 accepted.
[1 : mcmc] Progress @ 2025-01-28 15:32:47 : 247 steps taken, and 2551 accepted.
[0 : mcmc] Progress @ 2025-01-28 15:33:10 : 283 steps taken, and 2386 accepted.
[3 : mcmc] Progress @ 2025-01-28 15:33:12 : 266 steps taken, and 2636 accepted.
[1 : mcmc] Progress @ 2025-01-28 15:33:49 : 250 steps taken, and 2554 accepted.
[2 : mcmc] Progress @ 2025-01-28 15:33:54 : 273 steps taken, and 2513 accepted.
[0 : mcmc] Progress @ 2025-01-28 15:34:23 : 286 steps taken, and 2386 accepted.
[3 : mcmc] Progress @ 2025-01-28 15:34:28 : 269 steps taken, and 2638 accepted.
[1 : mcmc] Progress @ 2025-01-28 15:35:06 : 253 steps taken, and 2554 accepted.
[2 : mcmc] Progress @ 2025-01-28 15:35:08 : 277 steps taken, and 2514 accepted.
[0 : mcmc] Progress @ 2025-01-28 15:35:45 : 290 steps taken, and 2387 accepted.
[3 : mcmc] Progress @ 2025-01-28 15:35:50 : 274 steps taken, and 2639 accepted.
[1 : mcmc] Progress @ 2025-01-28 15:36:27 : 258 steps taken, and 2556 accepted.
[2 : mcmc] Progress @ 2025-01-28 15:36:30 : 280 steps taken, and 2515 accepted.
[3 : mcmc] Progress @ 2025-01-28 15:37:00 : 277 steps taken, and 2640 accepted.
[0 : mcmc] Progress @ 2025-01-28 15:37:03 : 293 steps taken, and 2388 accepted.
[1 : mcmc] Progress @ 2025-01-28 15:37:39 : 261 steps taken, and 2556 accepted.
[2 : mcmc] Progress @ 2025-01-28 15:37:56 : 284 steps taken, and 2516 accepted.
[3 : mcmc] Progress @ 2025-01-28 15:38:10 : 281 steps taken, and 2641 accepted.
[0 : mcmc] Progress @ 2025-01-28 15:38:16 : 296 steps taken, and 2388 accepted.
[1 : mcmc] Progress @ 2025-01-28 15:39:05 : 264 steps taken, and 2556 accepted.
[2 : mcmc] Progress @ 2025-01-28 15:39:17 : 287 steps taken, and 2516 accepted.
[3 : mcmc] Progress @ 2025-01-28 15:39:22 : 284 steps taken, and 2643 accepted.
[0 : mcmc] Progress @ 2025-01-28 15:39:31 : 299 steps taken, and 2389 accepted.
[2 : mcmc] Progress @ 2025-01-28 15:40:24 : 291 steps taken, and 2518 accepted.
[1 : mcmc] Progress @ 2025-01-28 15:40:26 : 269 steps taken, and 2557 accepted.
[0 : mcmc] Progress @ 2025-01-28 15:40:35 : 303 steps taken, and 2389 accepted.
[3 : mcmc] Progress @ 2025-01-28 15:40:40 : 288 steps taken, and 2645 accepted.
[1 : mcmc] Progress @ 2025-01-28 15:41:33 : 272 steps taken, and 2559 accepted.
[2 : mcmc] Progress @ 2025-01-28 15:41:41 : 294 steps taken, and 2518 accepted.
[3 : mcmc] Progress @ 2025-01-28 15:41:50 : 293 steps taken, and 2648 accepted.
[0 : mcmc] Progress @ 2025-01-28 15:41:59 : 306 steps taken, and 2391 accepted.
[1 : mcmc] Progress @ 2025-01-28 15:42:45 : 275 steps taken, and 2559 accepted.
[3 : mcmc] Progress @ 2025-01-28 15:42:53 : 296 steps taken, and 2649 accepted.
[2 : mcmc] Progress @ 2025-01-28 15:42:55 : 300 steps taken, and 2519 accepted.
[0 : mcmc] Progress @ 2025-01-28 15:43:13 : 309 steps taken, and 2392 accepted.
[2 : mcmc] Learn + convergence test @ 2520 samples accepted.
[2 : mcmc] Ready to check convergence and learn a new proposal covmat (waiting for the rest...)
[3 : mcmc] Progress @ 2025-01-28 15:44:01 : 302 steps taken, and 2650 accepted.
[1 : mcmc] Progress @ 2025-01-28 15:44:13 : 278 steps taken, and 2559 accepted.
[2 : mcmc] Progress @ 2025-01-28 15:44:19 : 306 steps taken, and 2521 accepted.
[0 : mcmc] Progress @ 2025-01-28 15:44:29 : 312 steps taken, and 2394 accepted.
[3 : mcmc] Progress @ 2025-01-28 15:45:23 : 306 steps taken, and 2653 accepted.
[1 : mcmc] Progress @ 2025-01-28 15:45:34 : 281 steps taken, and 2562 accepted.
[0 : mcmc] Progress @ 2025-01-28 15:45:41 : 315 steps taken, and 2395 accepted.
[2 : mcmc] Progress @ 2025-01-28 15:45:43 : 309 steps taken, and 2523 accepted.
[3 : mcmc] Progress @ 2025-01-28 15:46:37 : 309 steps taken, and 2653 accepted.
[1 : mcmc] Progress @ 2025-01-28 15:46:51 : 284 steps taken, and 2564 accepted.
[0 : mcmc] Progress @ 2025-01-28 15:46:54 : 318 steps taken, and 2396 accepted.
[2 : mcmc] Progress @ 2025-01-28 15:47:12 : 313 steps taken, and 2525 accepted.
[1 : mcmc] Progress @ 2025-01-28 15:47:56 : 287 steps taken, and 2564 accepted.
[3 : mcmc] Progress @ 2025-01-28 15:48:00 : 312 steps taken, and 2655 accepted.
[0 : mcmc] Progress @ 2025-01-28 15:48:05 : 321 steps taken, and 2397 accepted.
[2 : mcmc] Progress @ 2025-01-28 15:48:26 : 316 steps taken, and 2527 accepted.
[1 : mcmc] Progress @ 2025-01-28 15:49:02 : 290 steps taken, and 2564 accepted.
[3 : mcmc] Progress @ 2025-01-28 15:49:12 : 315 steps taken, and 2655 accepted.
[0 : mcmc] Progress @ 2025-01-28 15:49:29 : 324 steps taken, and 2399 accepted.
[2 : mcmc] Progress @ 2025-01-28 15:49:50 : 319 steps taken, and 2529 accepted.
[1 : mcmc] Progress @ 2025-01-28 15:50:22 : 293 steps taken, and 2566 accepted.
[3 : mcmc] Progress @ 2025-01-28 15:50:32 : 318 steps taken, and 2656 accepted.
[0 : mcmc] Progress @ 2025-01-28 15:50:44 : 327 steps taken, and 2401 accepted.
[2 : mcmc] Progress @ 2025-01-28 15:51:02 : 324 steps taken, and 2530 accepted.
[1 : mcmc] Progress @ 2025-01-28 15:51:33 : 296 steps taken, and 2566 accepted.
[0 : mcmc] Progress @ 2025-01-28 15:51:44 : 330 steps taken, and 2401 accepted.
[3 : mcmc] Progress @ 2025-01-28 15:51:49 : 321 steps taken, and 2656 accepted.
[2 : mcmc] Progress @ 2025-01-28 15:52:17 : 328 steps taken, and 2531 accepted.
[1 : mcmc] Progress @ 2025-01-28 15:52:45 : 299 steps taken, and 2567 accepted.
[0 : mcmc] Progress @ 2025-01-28 15:52:56 : 333 steps taken, and 2403 accepted.
[3 : mcmc] Progress @ 2025-01-28 15:53:02 : 324 steps taken, and 2657 accepted.
[2 : mcmc] Progress @ 2025-01-28 15:53:29 : 331 steps taken, and 2534 accepted.
[1 : mcmc] Progress @ 2025-01-28 15:54:09 : 302 steps taken, and 2567 accepted.
[0 : mcmc] Progress @ 2025-01-28 15:54:20 : 336 steps taken, and 2405 accepted.
[3 : mcmc] Progress @ 2025-01-28 15:54:25 : 327 steps taken, and 2657 accepted.
[2 : mcmc] Progress @ 2025-01-28 15:54:54 : 334 steps taken, and 2536 accepted.
[1 : mcmc] Progress @ 2025-01-28 15:55:09 : 305 steps taken, and 2567 accepted.
[0 : mcmc] Progress @ 2025-01-28 15:55:33 : 339 steps taken, and 2406 accepted.
[3 : mcmc] Progress @ 2025-01-28 15:55:39 : 330 steps taken, and 2659 accepted.
[2 : mcmc] Progress @ 2025-01-28 15:56:05 : 337 steps taken, and 2536 accepted.
[1 : mcmc] Progress @ 2025-01-28 15:56:33 : 308 steps taken, and 2569 accepted.
[0 : mcmc] Progress @ 2025-01-28 15:56:44 : 342 steps taken, and 2406 accepted.
[3 : mcmc] Progress @ 2025-01-28 15:56:54 : 333 steps taken, and 2661 accepted.
[2 : mcmc] Progress @ 2025-01-28 15:57:18 : 341 steps taken, and 2537 accepted.
[1 : mcmc] Progress @ 2025-01-28 15:57:52 : 312 steps taken, and 2572 accepted.
[0 : mcmc] Progress @ 2025-01-28 15:57:56 : 345 steps taken, and 2407 accepted.
[3 : mcmc] Progress @ 2025-01-28 15:58:11 : 337 steps taken, and 2663 accepted.
[2 : mcmc] Progress @ 2025-01-28 15:58:42 : 344 steps taken, and 2537 accepted.
[1 : mcmc] Progress @ 2025-01-28 15:59:00 : 317 steps taken, and 2574 accepted.
[0 : mcmc] Progress @ 2025-01-28 15:59:20 : 348 steps taken, and 2407 accepted.
[3 : mcmc] Progress @ 2025-01-28 15:59:21 : 340 steps taken, and 2665 accepted.
[2 : mcmc] Progress @ 2025-01-28 15:59:52 : 347 steps taken, and 2539 accepted.
[1 : mcmc] Progress @ 2025-01-28 16:00:07 : 321 steps taken, and 2577 accepted.
[3 : mcmc] Progress @ 2025-01-28 16:00:41 : 343 steps taken, and 2667 accepted.
[0 : mcmc] Progress @ 2025-01-28 16:00:41 : 352 steps taken, and 2410 accepted.
[2 : mcmc] Progress @ 2025-01-28 16:01:04 : 351 steps taken, and 2540 accepted.
[1 : mcmc] Progress @ 2025-01-28 16:01:13 : 324 steps taken, and 2577 accepted.
[0 : mcmc] Progress @ 2025-01-28 16:01:53 : 355 steps taken, and 2411 accepted.
[3 : mcmc] Progress @ 2025-01-28 16:02:01 : 346 steps taken, and 2668 accepted.
[1 : mcmc] Progress @ 2025-01-28 16:02:25 : 328 steps taken, and 2578 accepted.
[2 : mcmc] Progress @ 2025-01-28 16:02:29 : 354 steps taken, and 2540 accepted.
[0 : mcmc] Progress @ 2025-01-28 16:03:03 : 358 steps taken, and 2413 accepted.
[3 : mcmc] Progress @ 2025-01-28 16:03:25 : 350 steps taken, and 2668 accepted.
[1 : mcmc] Progress @ 2025-01-28 16:03:37 : 331 steps taken, and 2580 accepted.
[2 : mcmc] Progress @ 2025-01-28 16:03:43 : 357 steps taken, and 2541 accepted.
[0 : mcmc] Progress @ 2025-01-28 16:04:25 : 361 steps taken, and 2414 accepted.
[3 : mcmc] Progress @ 2025-01-28 16:04:46 : 353 steps taken, and 2669 accepted.
[2 : mcmc] Progress @ 2025-01-28 16:04:55 : 360 steps taken, and 2543 accepted.
[1 : mcmc] Progress @ 2025-01-28 16:04:55 : 334 steps taken, and 2582 accepted.
[0 : mcmc] Progress @ 2025-01-28 16:05:36 : 364 steps taken, and 2415 accepted.
[2 : mcmc] Progress @ 2025-01-28 16:05:56 : 363 steps taken, and 2545 accepted.
[3 : mcmc] Progress @ 2025-01-28 16:06:06 : 356 steps taken, and 2669 accepted.
[1 : mcmc] Progress @ 2025-01-28 16:06:15 : 337 steps taken, and 2585 accepted.
[0 : mcmc] Progress @ 2025-01-28 16:06:55 : 367 steps taken, and 2418 accepted.
[2 : mcmc] Progress @ 2025-01-28 16:07:17 : 367 steps taken, and 2545 accepted.
[3 : mcmc] Progress @ 2025-01-28 16:07:17 : 359 steps taken, and 2670 accepted.
[1 : mcmc] Progress @ 2025-01-28 16:07:42 : 341 steps taken, and 2587 accepted.
[0 : mcmc] Progress @ 2025-01-28 16:08:21 : 371 steps taken, and 2420 accepted.
[3 : mcmc] Progress @ 2025-01-28 16:08:25 : 363 steps taken, and 2672 accepted.
[2 : mcmc] Progress @ 2025-01-28 16:08:30 : 370 steps taken, and 2547 accepted.
[1 : mcmc] Progress @ 2025-01-28 16:08:55 : 344 steps taken, and 2589 accepted.
[3 : mcmc] Progress @ 2025-01-28 16:09:31 : 366 steps taken, and 2673 accepted.
[0 : mcmc] Progress @ 2025-01-28 16:09:32 : 374 steps taken, and 2421 accepted.
[2 : mcmc] Progress @ 2025-01-28 16:09:45 : 373 steps taken, and 2548 accepted.
[1 : mcmc] Progress @ 2025-01-28 16:10:18 : 347 steps taken, and 2590 accepted.
[3 : mcmc] Progress @ 2025-01-28 16:10:51 : 369 steps taken, and 2673 accepted.
[0 : mcmc] Progress @ 2025-01-28 16:10:55 : 377 steps taken, and 2421 accepted.
[2 : mcmc] Progress @ 2025-01-28 16:11:07 : 376 steps taken, and 2548 accepted.
[1 : mcmc] Progress @ 2025-01-28 16:11:31 : 350 steps taken, and 2591 accepted.
[0 : mcmc] Progress @ 2025-01-28 16:12:07 : 380 steps taken, and 2423 accepted.
[3 : mcmc] Progress @ 2025-01-28 16:12:10 : 373 steps taken, and 2674 accepted.
[2 : mcmc] Progress @ 2025-01-28 16:12:30 : 379 steps taken, and 2550 accepted.
[1 : mcmc] Progress @ 2025-01-28 16:12:55 : 353 steps taken, and 2591 accepted.
[3 : mcmc] Progress @ 2025-01-28 16:13:15 : 376 steps taken, and 2675 accepted.
[0 : mcmc] Progress @ 2025-01-28 16:13:31 : 383 steps taken, and 2424 accepted.
[2 : mcmc] Progress @ 2025-01-28 16:13:32 : 382 steps taken, and 2551 accepted.
[1 : mcmc] Progress @ 2025-01-28 16:13:59 : 356 steps taken, and 2592 accepted.
[3 : mcmc] Progress @ 2025-01-28 16:14:35 : 379 steps taken, and 2677 accepted.
[0 : mcmc] Progress @ 2025-01-28 16:14:52 : 387 steps taken, and 2425 accepted.
[2 : mcmc] Progress @ 2025-01-28 16:14:53 : 386 steps taken, and 2553 accepted.
[1 : mcmc] Progress @ 2025-01-28 16:15:21 : 359 steps taken, and 2594 accepted.
[3 : mcmc] Progress @ 2025-01-28 16:15:56 : 382 steps taken, and 2678 accepted.
[0 : mcmc] Progress @ 2025-01-28 16:15:59 : 390 steps taken, and 2427 accepted.
[2 : mcmc] Progress @ 2025-01-28 16:16:12 : 392 steps taken, and 2556 accepted.
[1 : mcmc] Progress @ 2025-01-28 16:16:21 : 362 steps taken, and 2596 accepted.
[3 : mcmc] Progress @ 2025-01-28 16:17:05 : 385 steps taken, and 2681 accepted.
[0 : mcmc] Progress @ 2025-01-28 16:17:23 : 394 steps taken, and 2428 accepted.
[2 : mcmc] Progress @ 2025-01-28 16:17:30 : 398 steps taken, and 2558 accepted.
[1 : mcmc] Progress @ 2025-01-28 16:17:42 : 365 steps taken, and 2597 accepted.
[3 : mcmc] Progress @ 2025-01-28 16:18:17 : 388 steps taken, and 2683 accepted.
[0 : mcmc] Progress @ 2025-01-28 16:18:40 : 398 steps taken, and 2430 accepted.
[2 : mcmc] Progress @ 2025-01-28 16:18:42 : 401 steps taken, and 2560 accepted.
[1 : mcmc] Progress @ 2025-01-28 16:19:04 : 368 steps taken, and 2600 accepted.
[3 : mcmc] Progress @ 2025-01-28 16:19:42 : 391 steps taken, and 2683 accepted.
[2 : mcmc] Progress @ 2025-01-28 16:19:52 : 404 steps taken, and 2561 accepted.
[0 : mcmc] Progress @ 2025-01-28 16:19:59 : 402 steps taken, and 2431 accepted.
[1 : mcmc] Progress @ 2025-01-28 16:20:13 : 371 steps taken, and 2602 accepted.
[3 : mcmc] Progress @ 2025-01-28 16:20:53 : 394 steps taken, and 2686 accepted.
[2 : mcmc] Progress @ 2025-01-28 16:21:03 : 407 steps taken, and 2562 accepted.
[0 : mcmc] Progress @ 2025-01-28 16:21:05 : 405 steps taken, and 2431 accepted.
[1 : mcmc] Progress @ 2025-01-28 16:21:34 : 374 steps taken, and 2602 accepted.
[3 : mcmc] Progress @ 2025-01-28 16:22:04 : 397 steps taken, and 2687 accepted.
[2 : mcmc] Progress @ 2025-01-28 16:22:16 : 410 steps taken, and 2565 accepted.
[0 : mcmc] Progress @ 2025-01-28 16:22:22 : 408 steps taken, and 2431 accepted.
[1 : mcmc] Progress @ 2025-01-28 16:22:46 : 377 steps taken, and 2604 accepted.
[3 : mcmc] Progress @ 2025-01-28 16:23:08 : 400 steps taken, and 2687 accepted.
[0 : mcmc] Progress @ 2025-01-28 16:23:35 : 411 steps taken, and 2433 accepted.
[2 : mcmc] Progress @ 2025-01-28 16:23:39 : 413 steps taken, and 2566 accepted.
[1 : mcmc] Progress @ 2025-01-28 16:24:10 : 380 steps taken, and 2605 accepted.
[3 : mcmc] Progress @ 2025-01-28 16:24:28 : 403 steps taken, and 2688 accepted.
[0 : mcmc] Progress @ 2025-01-28 16:24:46 : 414 steps taken, and 2434 accepted.
[2 : mcmc] Progress @ 2025-01-28 16:25:01 : 417 steps taken, and 2567 accepted.
[1 : mcmc] Progress @ 2025-01-28 16:25:24 : 383 steps taken, and 2605 accepted.
[3 : mcmc] Progress @ 2025-01-28 16:25:39 : 406 steps taken, and 2690 accepted.
[0 : mcmc] Progress @ 2025-01-28 16:26:06 : 417 steps taken, and 2436 accepted.
[2 : mcmc] Progress @ 2025-01-28 16:26:20 : 420 steps taken, and 2568 accepted.
[1 : mcmc] Progress @ 2025-01-28 16:26:36 : 386 steps taken, and 2606 accepted.
[3 : mcmc] Progress @ 2025-01-28 16:26:57 : 409 steps taken, and 2691 accepted.
[0 : mcmc] Progress @ 2025-01-28 16:27:14 : 420 steps taken, and 2436 accepted.
[2 : mcmc] Progress @ 2025-01-28 16:27:22 : 425 steps taken, and 2569 accepted.
[1 : mcmc] Progress @ 2025-01-28 16:27:53 : 389 steps taken, and 2606 accepted.
[3 : mcmc] Progress @ 2025-01-28 16:28:02 : 412 steps taken, and 2692 accepted.
[0 : mcmc] Progress @ 2025-01-28 16:28:23 : 423 steps taken, and 2437 accepted.
[2 : mcmc] Progress @ 2025-01-28 16:28:43 : 428 steps taken, and 2570 accepted.
[1 : mcmc] Progress @ 2025-01-28 16:29:05 : 392 steps taken, and 2608 accepted.
[3 : mcmc] Progress @ 2025-01-28 16:29:24 : 415 steps taken, and 2694 accepted.
[0 : mcmc] Progress @ 2025-01-28 16:29:35 : 428 steps taken, and 2438 accepted.
[2 : mcmc] Progress @ 2025-01-28 16:29:53 : 431 steps taken, and 2572 accepted.
[1 : mcmc] Progress @ 2025-01-28 16:30:26 : 395 steps taken, and 2611 accepted.
[3 : mcmc] Progress @ 2025-01-28 16:30:39 : 418 steps taken, and 2696 accepted.
[0 : mcmc] Progress @ 2025-01-28 16:30:53 : 431 steps taken, and 2439 accepted.
[2 : mcmc] Progress @ 2025-01-28 16:31:07 : 434 steps taken, and 2573 accepted.
[1 : mcmc] Progress @ 2025-01-28 16:31:35 : 398 steps taken, and 2613 accepted.
[3 : mcmc] Progress @ 2025-01-28 16:31:54 : 421 steps taken, and 2696 accepted.
[0 : mcmc] Progress @ 2025-01-28 16:32:12 : 434 steps taken, and 2441 accepted.
[2 : mcmc] Progress @ 2025-01-28 16:32:22 : 437 steps taken, and 2575 accepted.
[1 : mcmc] Progress @ 2025-01-28 16:32:59 : 402 steps taken, and 2614 accepted.
[3 : mcmc] Progress @ 2025-01-28 16:33:05 : 424 steps taken, and 2696 accepted.
[0 : mcmc] Progress @ 2025-01-28 16:33:14 : 440 steps taken, and 2443 accepted.
[2 : mcmc] Progress @ 2025-01-28 16:33:31 : 440 steps taken, and 2575 accepted.
[1 : mcmc] Progress @ 2025-01-28 16:34:09 : 405 steps taken, and 2615 accepted.
[3 : mcmc] Progress @ 2025-01-28 16:34:13 : 427 steps taken, and 2698 accepted.
[0 : mcmc] Progress @ 2025-01-28 16:34:26 : 448 steps taken, and 2444 accepted.
[2 : mcmc] Progress @ 2025-01-28 16:34:44 : 443 steps taken, and 2577 accepted.
[1 : mcmc] Progress @ 2025-01-28 16:35:27 : 408 steps taken, and 2616 accepted.
[3 : mcmc] Progress @ 2025-01-28 16:35:40 : 430 steps taken, and 2699 accepted.
[0 : mcmc] Progress @ 2025-01-28 16:35:47 : 451 steps taken, and 2446 accepted.
[2 : mcmc] Progress @ 2025-01-28 16:36:07 : 446 steps taken, and 2578 accepted.
[1 : mcmc] Progress @ 2025-01-28 16:36:35 : 411 steps taken, and 2618 accepted.
[0 : mcmc] Progress @ 2025-01-28 16:37:00 : 454 steps taken, and 2447 accepted.
[3 : mcmc] Progress @ 2025-01-28 16:37:03 : 433 steps taken, and 2701 accepted.
[2 : mcmc] Progress @ 2025-01-28 16:37:11 : 449 steps taken, and 2579 accepted.
[1 : mcmc] Progress @ 2025-01-28 16:37:49 : 414 steps taken, and 2619 accepted.
[0 : mcmc] Progress @ 2025-01-28 16:38:10 : 457 steps taken, and 2449 accepted.
[2 : mcmc] Progress @ 2025-01-28 16:38:23 : 453 steps taken, and 2581 accepted.
[3 : mcmc] Progress @ 2025-01-28 16:38:25 : 436 steps taken, and 2703 accepted.
[1 : mcmc] Progress @ 2025-01-28 16:39:13 : 417 steps taken, and 2621 accepted.
[0 : mcmc] Progress @ 2025-01-28 16:39:28 : 460 steps taken, and 2449 accepted.
[2 : mcmc] Progress @ 2025-01-28 16:39:36 : 456 steps taken, and 2582 accepted.
[3 : mcmc] Progress @ 2025-01-28 16:39:38 : 439 steps taken, and 2705 accepted.
[1 : mcmc] Progress @ 2025-01-28 16:40:34 : 421 steps taken, and 2624 accepted.
[3 : mcmc] Progress @ 2025-01-28 16:40:48 : 442 steps taken, and 2706 accepted.
[0 : mcmc] Progress @ 2025-01-28 16:40:51 : 465 steps taken, and 2451 accepted.
[2 : mcmc] Progress @ 2025-01-28 16:40:53 : 459 steps taken, and 2584 accepted.
[1 : mcmc] Progress @ 2025-01-28 16:41:55 : 424 steps taken, and 2626 accepted.
[3 : mcmc] Progress @ 2025-01-28 16:42:00 : 445 steps taken, and 2706 accepted.
[0 : mcmc] Progress @ 2025-01-28 16:42:12 : 468 steps taken, and 2452 accepted.
[2 : mcmc] Progress @ 2025-01-28 16:42:16 : 462 steps taken, and 2585 accepted.
[1 : mcmc] Progress @ 2025-01-28 16:42:58 : 427 steps taken, and 2626 accepted.
[3 : mcmc] Progress @ 2025-01-28 16:43:10 : 448 steps taken, and 2706 accepted.
[0 : mcmc] Progress @ 2025-01-28 16:43:34 : 473 steps taken, and 2455 accepted.
[2 : mcmc] Progress @ 2025-01-28 16:43:41 : 466 steps taken, and 2586 accepted.
[1 : mcmc] Progress @ 2025-01-28 16:44:19 : 430 steps taken, and 2627 accepted.
[3 : mcmc] Progress @ 2025-01-28 16:44:33 : 451 steps taken, and 2709 accepted.
[0 : mcmc] Progress @ 2025-01-28 16:44:52 : 477 steps taken, and 2456 accepted.
[2 : mcmc] Progress @ 2025-01-28 16:44:53 : 470 steps taken, and 2587 accepted.
[1 : mcmc] Progress @ 2025-01-28 16:45:42 : 433 steps taken, and 2627 accepted.
[3 : mcmc] Progress @ 2025-01-28 16:45:55 : 454 steps taken, and 2709 accepted.
[2 : mcmc] Progress @ 2025-01-28 16:46:04 : 474 steps taken, and 2588 accepted.
[0 : mcmc] Progress @ 2025-01-28 16:46:08 : 481 steps taken, and 2459 accepted.
[1 : mcmc] Progress @ 2025-01-28 16:46:58 : 436 steps taken, and 2628 accepted.
[3 : mcmc] Progress @ 2025-01-28 16:46:58 : 457 steps taken, and 2709 accepted.
[2 : mcmc] Progress @ 2025-01-28 16:47:27 : 477 steps taken, and 2588 accepted.
[0 : mcmc] Progress @ 2025-01-28 16:47:28 : 485 steps taken, and 2461 accepted.
[3 : mcmc] Progress @ 2025-01-28 16:48:19 : 460 steps taken, and 2710 accepted.
[1 : mcmc] Progress @ 2025-01-28 16:48:23 : 440 steps taken, and 2631 accepted.
[0 : mcmc] Progress @ 2025-01-28 16:48:43 : 488 steps taken, and 2462 accepted.
[2 : mcmc] Progress @ 2025-01-28 16:48:46 : 481 steps taken, and 2590 accepted.
[1 : mcmc] Progress @ 2025-01-28 16:49:27 : 443 steps taken, and 2631 accepted.
[3 : mcmc] Progress @ 2025-01-28 16:49:29 : 463 steps taken, and 2710 accepted.
[0 : mcmc] Progress @ 2025-01-28 16:49:52 : 491 steps taken, and 2463 accepted.
[2 : mcmc] Progress @ 2025-01-28 16:49:58 : 484 steps taken, and 2592 accepted.
[1 : mcmc] Progress @ 2025-01-28 16:50:37 : 447 steps taken, and 2631 accepted.
[3 : mcmc] Progress @ 2025-01-28 16:50:41 : 466 steps taken, and 2711 accepted.
[node009:38318:0:41762] Caught signal 11 (Segmentation fault: address not mapped to object at address 0xfffffffc049442a8)
BFD: DWARF error: can't find .debug_ranges section.
BFD: DWARF error: can't find .debug_ranges section.
==== backtrace (tid:  41762) ====
 0 0x0000000000021563 ucs_debug_print_backtrace()  /dev/shm/UCX/1.8.0/GCCcore-9.3.0/ucx-1.8.0/src/ucs/debug/debug.c:653
 1 0x0000000000039f63 __massivenu_MOD_thermalnubackground_rho()  ???:0
 2 0x000000000003da49 __results_MOD_grho_no_de()  ???:0
 3 0x00000000000a5f01 dtauda_()  ???:0
 4 0x000000000004cfdc __results_MOD_thermo_init._omp_fn.0()  results.f90:0
 5 0x0000000000018f09 gomp_thread_start()  team.c:0
 6 0x0000000000007ea5 start_thread()  pthread_create.c:0
 7 0x00000000000feb0d __clone()  ???:0
=================================
[node009:38318] *** Process received signal ***
[node009:38318] Signal: Segmentation fault (11)
[node009:38318] Signal code:  (-6)
[node009:38318] Failing at address: 0x8cfb8000095ae
[node009:38318] [ 0] /lib64/libpthread.so.0(+0xf630)[0x7f733b11e630]
[node009:38318] [ 1] /users/smp24dhl/cosmo/code/CAMB_beta/camb/camblib.so(__massivenu_MOD_thermalnubackground_rho+0x63)[0x7f730063cf63]
[node009:38318] [ 2] /users/smp24dhl/cosmo/code/CAMB_beta/camb/camblib.so(__results_MOD_grho_no_de+0xc9)[0x7f7300640a49]
[node009:38318] [ 3] /users/smp24dhl/cosmo/code/CAMB_beta/camb/camblib.so(dtauda_+0x61)[0x7f73006a8f01]
[node009:38318] [ 4] /users/smp24dhl/cosmo/code/CAMB_beta/camb/camblib.so(+0x4cfdc)[0x7f730064ffdc]
[node009:38318] [ 5] /users/smp24dhl/.conda/envs/cosmos/bin/../lib/libgomp.so.1(+0x18f09)[0x7f73005dcf09]
[node009:38318] [ 6] /lib64/libpthread.so.0(+0x7ea5)[0x7f733b116ea5]
[node009:38318] [ 7] /lib64/libc.so.6(clone+0x6d)[0x7f733a736b0d]
[node009:38318] *** End of error message ***
--------------------------------------------------------------------------
Primary job  terminated normally, but 1 process returned
a non-zero exit code. Per user-direction, the job has been aborted.
--------------------------------------------------------------------------
--------------------------------------------------------------------------
mpirun noticed that process rank 2 with PID 38318 on node node009 exited on signal 11 (Segmentation fault).
--------------------------------------------------------------------------
