[0 : output] Output to be read-from/written-into folder 'chains', with prefix 'act-full'
[0 : output] Found existing info files with the requested output prefix: 'chains/act-full'
[0 : output] Let's try to resume/load.
[0 : output] Found an old sample. Resuming.
[0 : prior] *WARNING* External prior 'SZ' loaded. Mind that it might not be normalized!

libgomp: 
libgomp: Invalid value for environment variable OMP_NUM_THREADS: 

libgomp: Invalid value for environment variable OMP_NUM_THREADS: 

libgomp: Invalid value for environment variable OMP_NUM_THREADS: 
Invalid value for environment variable OMP_NUM_THREADS: 
[0 : camb] `camb` module loaded successfully from /users/smp24dhl/cosmo/code/CAMB_beta/camb
[0 : planck_2018_highl_plik.ttteee] `clik` module loaded successfully from /users/smp24dhl/cosmo/code/planck/clik/lib/python3.9/site-packages/clik
----
clik version clik_16.0b1-2-g63c889f3aa9c MAKEFILE
  smica
----
clik version clik_16.0b1-2-g63c889f3aa9c MAKEFILE
  smica
----
clik version clik_16.0b1-2-g63c889f3aa9c MAKEFILE
  smica
----
clik version clik_16.0b1-2-g63c889f3aa9c MAKEFILE
  smica
Checking likelihood '/users/smp24dhl/cosmo/data/planck_2018/baseline/plc_3.0/hi_l/plik/plik_rd12_HM_v22b_TTTEEE.clik' on test data. got -1172.47 expected -1172.47 (diff -4.34057e-07)
----
Loading ACT DR6 lensing likelihood v1.2...
Checking likelihood '/users/smp24dhl/cosmo/data/planck_2018/baseline/plc_3.0/hi_l/plik/plik_rd12_HM_v22b_TTTEEE.clik' on test data. got -1172.47 expected -1172.47 (diff -4.34057e-07)
----
Checking likelihood '/users/smp24dhl/cosmo/data/planck_2018/baseline/plc_3.0/hi_l/plik/plik_rd12_HM_v22b_TTTEEE.clik' on test data. got -1172.47 expected -1172.47 (diff -4.34056e-07)
----
Loading ACT DR6 lensing likelihood v1.2...
Loading ACT DR6 lensing likelihood v1.2...
Checking likelihood '/users/smp24dhl/cosmo/data/planck_2018/baseline/plc_3.0/hi_l/plik/plik_rd12_HM_v22b_TTTEEE.clik' on test data. got -1172.47 expected -1172.47 (diff -4.34057e-07)
----
Loading ACT DR6 lensing likelihood v1.2...
/users/smp24dhl/cosmo/code/act_dr6_lenslike/act_dr6_lenslike/act_dr6_lenslike.py:416: UserWarning: Hartlap correction to cinv: 0.949874686716792
  warnings.warn(f"Hartlap correction to cinv: {hartlap_correction}")
/users/smp24dhl/cosmo/code/act_dr6_lenslike/act_dr6_lenslike/act_dr6_lenslike.py:416: UserWarning: Hartlap correction to cinv: 0.949874686716792
  warnings.warn(f"Hartlap correction to cinv: {hartlap_correction}")
/users/smp24dhl/cosmo/code/act_dr6_lenslike/act_dr6_lenslike/act_dr6_lenslike.py:416: UserWarning: Hartlap correction to cinv: 0.949874686716792
  warnings.warn(f"Hartlap correction to cinv: {hartlap_correction}")
/users/smp24dhl/cosmo/code/act_dr6_lenslike/act_dr6_lenslike/act_dr6_lenslike.py:416: UserWarning: Hartlap correction to cinv: 0.949874686716792
  warnings.warn(f"Hartlap correction to cinv: {hartlap_correction}")
[0 : bao.desi_2024_bao_all] Initialized.
[3 : bao.desi_2024_bao_all] Initialized.
[2 : bao.desi_2024_bao_all] Initialized.
[1 : bao.desi_2024_bao_all] Initialized.
[0 : mcmc] Resuming from previous sample!
[0 : samplecollection] Loaded 2695 sample points from 'chains/act-full.1.txt'
[1 : samplecollection] Loaded 2877 sample points from 'chains/act-full.2.txt'
[3 : samplecollection] Loaded 2908 sample points from 'chains/act-full.4.txt'
[2 : samplecollection] Loaded 2834 sample points from 'chains/act-full.3.txt'
[2 : mcmc] Initial point: logA:3.017773, ns:0.9676193, theta_MC_100:1.040819, ombh2:0.02253184, omch2:0.1191923, w:-0.6623421, wa:-1.932661, beta_DE:2.871997, tau:0.04207786, A_planck:1.000271, calib_100T:0.9993039, calib_217T:0.9997024, A_cib_217:62.30689, xi_sz_cib:0.6128905, A_sz:6.577319, ksz_norm:3.063871, gal545_A_100:10.55857, gal545_A_143:10.95356, gal545_A_143_217:17.06476, gal545_A_217:86.07496, ps_A_100_100:254.1896, ps_A_143_143:49.44265, ps_A_143_217:48.09665, ps_A_217_217:94.82896, galf_TE_A_100:0.1830525, galf_TE_A_100_143:0.1585039, galf_TE_A_100_217:0.563567, galf_TE_A_143:0.1922034, galf_TE_A_143_217:0.5353896, galf_TE_A_217:2.287576
[3 : mcmc] Initial point: logA:3.031145, ns:0.9647283, theta_MC_100:1.041336, ombh2:0.02242806, omch2:0.1198123, w:-0.824353, wa:-0.494429, beta_DE:-0.325555, tau:0.04593942, A_planck:1.002266, calib_100T:0.9994754, calib_217T:0.9986922, A_cib_217:34.41921, xi_sz_cib:0.8421076, A_sz:4.977752, ksz_norm:3.318898, gal545_A_100:13.16374, gal545_A_143:12.00386, gal545_A_143_217:22.49906, gal545_A_217:106.058, ps_A_100_100:238.5591, ps_A_143_143:52.82025, ps_A_143_217:49.52595, ps_A_217_217:129.424, galf_TE_A_100:0.09740421, galf_TE_A_100_143:0.1312825, galf_TE_A_100_217:0.585743, galf_TE_A_143:0.1904199, galf_TE_A_143_217:0.6890321, galf_TE_A_217:2.310777
[1 : mcmc] Initial point: logA:3.032131, ns:0.9585033, theta_MC_100:1.040982, ombh2:0.02220963, omch2:0.1207745, w:-0.9557338, wa:-0.3900353, beta_DE:1.663553, tau:0.0436707, A_planck:1.003801, calib_100T:1.000477, calib_217T:0.9978284, A_cib_217:54.09054, xi_sz_cib:0.4719807, A_sz:2.956256, ksz_norm:6.739369, gal545_A_100:11.07992, gal545_A_143:11.90891, gal545_A_143_217:17.52349, gal545_A_217:86.29681, ps_A_100_100:308.6598, ps_A_143_143:50.99288, ps_A_143_217:38.02302, ps_A_217_217:103.3889, galf_TE_A_100:0.1287487, galf_TE_A_100_143:0.1280692, galf_TE_A_100_217:0.6445304, galf_TE_A_143:0.2069879, galf_TE_A_143_217:0.7028279, galf_TE_A_217:2.120503
[0 : mcmc] Initial point: logA:3.024622, ns:0.9598533, theta_MC_100:1.040674, ombh2:0.02224157, omch2:0.1203435, w:-0.74569, wa:-1.116335, beta_DE:0.4888831, tau:0.04275586, A_planck:1.001339, calib_100T:0.9995807, calib_217T:0.9986433, A_cib_217:56.90499, xi_sz_cib:0.6345096, A_sz:5.16506, ksz_norm:4.026476, gal545_A_100:7.699259, gal545_A_143:10.85996, gal545_A_143_217:16.76173, gal545_A_217:84.11343, ps_A_100_100:269.9885, ps_A_143_143:49.87743, ps_A_143_217:47.21377, ps_A_217_217:108.538, galf_TE_A_100:0.1587224, galf_TE_A_100_143:0.1169996, galf_TE_A_100_217:0.4707325, galf_TE_A_143:0.2600227, galf_TE_A_143_217:0.6086321, galf_TE_A_217:1.974704
[0 : mcmc] *WARNING* Parameter blocking manually/previously fixed: speeds will not be measured.
[0 : mcmc] Dragging with number of interpolating steps:
[0 : mcmc] *  1 : (['theta_MC_100', 'ombh2', 'omch2', 'w', 'wa', 'beta_DE', 'tau'], ['logA', 'ns'])
[0 : mcmc] * 12 : (['A_planck'], ['calib_100T', 'calib_217T', 'A_cib_217', 'xi_sz_cib', 'A_sz', 'ksz_norm', 'gal545_A_100', 'gal545_A_143', 'gal545_A_143_217', 'gal545_A_217', 'ps_A_100_100', 'ps_A_143_143', 'ps_A_143_217', 'ps_A_217_217', 'galf_TE_A_100', 'galf_TE_A_100_143', 'galf_TE_A_100_217', 'galf_TE_A_143', 'galf_TE_A_143_217', 'galf_TE_A_217'])
[0 : mcmc] Covariance matrix from previous sample.
[0 : mcmc] Sampling!
[3 : mcmc] Progress @ 2025-01-29 14:45:48 : 1 steps taken, and 2908 accepted.
[2 : mcmc] Progress @ 2025-01-29 14:45:50 : 1 steps taken, and 2834 accepted.
[1 : mcmc] Progress @ 2025-01-29 14:45:58 : 1 steps taken, and 2877 accepted.
[0 : mcmc] Progress @ 2025-01-29 14:45:58 : 1 steps taken, and 2695 accepted.
[3 : mcmc] Progress @ 2025-01-29 14:46:59 : 5 steps taken, and 2908 accepted.
[2 : mcmc] Progress @ 2025-01-29 14:47:12 : 5 steps taken, and 2836 accepted.
[1 : mcmc] Progress @ 2025-01-29 14:47:20 : 4 steps taken, and 2878 accepted.
[0 : mcmc] Progress @ 2025-01-29 14:47:25 : 5 steps taken, and 2695 accepted.
[3 : mcmc] Progress @ 2025-01-29 14:48:16 : 8 steps taken, and 2909 accepted.
[1 : mcmc] Progress @ 2025-01-29 14:48:30 : 7 steps taken, and 2880 accepted.
[1 : mcmc] Learn + convergence test @ 2880 samples accepted.
[1 : mcmc] Ready to check convergence and learn a new proposal covmat (waiting for the rest...)
[2 : mcmc] Progress @ 2025-01-29 14:48:36 : 8 steps taken, and 2836 accepted.
[0 : mcmc] Progress @ 2025-01-29 14:48:44 : 8 steps taken, and 2697 accepted.
[3 : mcmc] Progress @ 2025-01-29 14:49:24 : 12 steps taken, and 2910 accepted.
[2 : mcmc] Progress @ 2025-01-29 14:49:39 : 11 steps taken, and 2836 accepted.
[1 : mcmc] Progress @ 2025-01-29 14:49:40 : 10 steps taken, and 2882 accepted.
[0 : mcmc] Progress @ 2025-01-29 14:49:59 : 11 steps taken, and 2698 accepted.
[3 : mcmc] Progress @ 2025-01-29 14:50:32 : 15 steps taken, and 2912 accepted.
[1 : mcmc] Progress @ 2025-01-29 14:50:58 : 13 steps taken, and 2884 accepted.
[2 : mcmc] Progress @ 2025-01-29 14:51:03 : 14 steps taken, and 2838 accepted.
[0 : mcmc] Progress @ 2025-01-29 14:51:04 : 14 steps taken, and 2698 accepted.
[3 : mcmc] Progress @ 2025-01-29 14:51:53 : 21 steps taken, and 2914 accepted.
[2 : mcmc] Progress @ 2025-01-29 14:52:11 : 17 steps taken, and 2838 accepted.
[0 : mcmc] Progress @ 2025-01-29 14:52:12 : 18 steps taken, and 2699 accepted.
[1 : mcmc] Progress @ 2025-01-29 14:52:14 : 16 steps taken, and 2885 accepted.
[3 : mcmc] Progress @ 2025-01-29 14:53:14 : 24 steps taken, and 2916 accepted.
[1 : mcmc] Progress @ 2025-01-29 14:53:15 : 19 steps taken, and 2887 accepted.
[2 : mcmc] Progress @ 2025-01-29 14:53:22 : 21 steps taken, and 2839 accepted.
[0 : mcmc] Progress @ 2025-01-29 14:53:32 : 22 steps taken, and 2700 accepted.
[3 : mcmc] Progress @ 2025-01-29 14:54:24 : 28 steps taken, and 2916 accepted.
[2 : mcmc] Progress @ 2025-01-29 14:54:34 : 25 steps taken, and 2841 accepted.
[1 : mcmc] Progress @ 2025-01-29 14:54:39 : 22 steps taken, and 2887 accepted.
[0 : mcmc] Progress @ 2025-01-29 14:54:40 : 25 steps taken, and 2702 accepted.
[3 : mcmc] Progress @ 2025-01-29 14:55:44 : 32 steps taken, and 2918 accepted.
[0 : mcmc] Progress @ 2025-01-29 14:55:47 : 28 steps taken, and 2704 accepted.
[1 : mcmc] Progress @ 2025-01-29 14:55:50 : 25 steps taken, and 2889 accepted.
[2 : mcmc] Progress @ 2025-01-29 14:55:57 : 28 steps taken, and 2843 accepted.
[3 : mcmc] Progress @ 2025-01-29 14:56:55 : 35 steps taken, and 2920 accepted.
[1 : mcmc] Progress @ 2025-01-29 14:57:05 : 28 steps taken, and 2889 accepted.
[0 : mcmc] Progress @ 2025-01-29 14:57:07 : 31 steps taken, and 2706 accepted.
[2 : mcmc] Progress @ 2025-01-29 14:57:18 : 31 steps taken, and 2845 accepted.
[1 : mcmc] Progress @ 2025-01-29 14:58:17 : 32 steps taken, and 2891 accepted.
[0 : mcmc] Progress @ 2025-01-29 14:58:17 : 34 steps taken, and 2707 accepted.
[3 : mcmc] Progress @ 2025-01-29 14:58:17 : 38 steps taken, and 2922 accepted.
[2 : mcmc] Progress @ 2025-01-29 14:58:20 : 34 steps taken, and 2846 accepted.
[3 : mcmc] Progress @ 2025-01-29 14:59:20 : 41 steps taken, and 2925 accepted.
[1 : mcmc] Progress @ 2025-01-29 14:59:20 : 36 steps taken, and 2893 accepted.
[0 : mcmc] Progress @ 2025-01-29 14:59:22 : 37 steps taken, and 2708 accepted.
[2 : mcmc] Progress @ 2025-01-29 14:59:43 : 37 steps taken, and 2846 accepted.
[3 : mcmc] Progress @ 2025-01-29 15:00:26 : 44 steps taken, and 2926 accepted.
[1 : mcmc] Progress @ 2025-01-29 15:00:27 : 41 steps taken, and 2893 accepted.
[0 : mcmc] Progress @ 2025-01-29 15:00:28 : 40 steps taken, and 2708 accepted.
[2 : mcmc] Progress @ 2025-01-29 15:00:54 : 40 steps taken, and 2847 accepted.
[1 : mcmc] Progress @ 2025-01-29 15:01:34 : 44 steps taken, and 2895 accepted.
[3 : mcmc] Progress @ 2025-01-29 15:01:41 : 47 steps taken, and 2928 accepted.
[0 : mcmc] Progress @ 2025-01-29 15:01:50 : 43 steps taken, and 2709 accepted.
[2 : mcmc] Progress @ 2025-01-29 15:02:09 : 44 steps taken, and 2847 accepted.
[1 : mcmc] Progress @ 2025-01-29 15:02:37 : 47 steps taken, and 2895 accepted.
[0 : mcmc] Progress @ 2025-01-29 15:02:57 : 46 steps taken, and 2710 accepted.
[3 : mcmc] Progress @ 2025-01-29 15:03:01 : 51 steps taken, and 2928 accepted.
[2 : mcmc] Progress @ 2025-01-29 15:03:20 : 47 steps taken, and 2849 accepted.
[1 : mcmc] Progress @ 2025-01-29 15:04:00 : 50 steps taken, and 2897 accepted.
[3 : mcmc] Progress @ 2025-01-29 15:04:14 : 55 steps taken, and 2930 accepted.
[0 : mcmc] Progress @ 2025-01-29 15:04:17 : 50 steps taken, and 2712 accepted.
[2 : mcmc] Progress @ 2025-01-29 15:04:31 : 50 steps taken, and 2849 accepted.
[1 : mcmc] Progress @ 2025-01-29 15:05:10 : 53 steps taken, and 2898 accepted.
[3 : mcmc] Progress @ 2025-01-29 15:05:35 : 58 steps taken, and 2931 accepted.
[2 : mcmc] Progress @ 2025-01-29 15:05:40 : 53 steps taken, and 2850 accepted.
[0 : mcmc] Progress @ 2025-01-29 15:05:40 : 53 steps taken, and 2714 accepted.
[1 : mcmc] Progress @ 2025-01-29 15:06:16 : 56 steps taken, and 2899 accepted.
[0 : mcmc] Progress @ 2025-01-29 15:06:57 : 57 steps taken, and 2714 accepted.
[3 : mcmc] Progress @ 2025-01-29 15:06:57 : 61 steps taken, and 2932 accepted.
[2 : mcmc] Progress @ 2025-01-29 15:07:02 : 56 steps taken, and 2852 accepted.
[1 : mcmc] Progress @ 2025-01-29 15:07:24 : 61 steps taken, and 2900 accepted.
[0 : mcmc] Progress @ 2025-01-29 15:08:02 : 60 steps taken, and 2714 accepted.
[3 : mcmc] Progress @ 2025-01-29 15:08:11 : 64 steps taken, and 2933 accepted.
[2 : mcmc] Progress @ 2025-01-29 15:08:28 : 61 steps taken, and 2854 accepted.
[1 : mcmc] Progress @ 2025-01-29 15:08:35 : 66 steps taken, and 2902 accepted.
[0 : mcmc] Progress @ 2025-01-29 15:09:09 : 63 steps taken, and 2715 accepted.
[3 : mcmc] Progress @ 2025-01-29 15:09:35 : 68 steps taken, and 2935 accepted.
[2 : mcmc] Progress @ 2025-01-29 15:09:43 : 64 steps taken, and 2854 accepted.
[1 : mcmc] Progress @ 2025-01-29 15:09:54 : 71 steps taken, and 2905 accepted.
[0 : mcmc] Progress @ 2025-01-29 15:10:31 : 68 steps taken, and 2715 accepted.
[3 : mcmc] Progress @ 2025-01-29 15:10:36 : 72 steps taken, and 2936 accepted.
[2 : mcmc] Progress @ 2025-01-29 15:10:53 : 67 steps taken, and 2855 accepted.
[1 : mcmc] Progress @ 2025-01-29 15:10:58 : 75 steps taken, and 2907 accepted.
[0 : mcmc] Progress @ 2025-01-29 15:11:46 : 71 steps taken, and 2716 accepted.
[3 : mcmc] Progress @ 2025-01-29 15:11:55 : 75 steps taken, and 2937 accepted.
[2 : mcmc] Progress @ 2025-01-29 15:12:15 : 71 steps taken, and 2856 accepted.
[1 : mcmc] Progress @ 2025-01-29 15:12:16 : 79 steps taken, and 2908 accepted.
[0 : mcmc] Progress @ 2025-01-29 15:12:52 : 74 steps taken, and 2716 accepted.
[3 : mcmc] Progress @ 2025-01-29 15:13:07 : 78 steps taken, and 2937 accepted.
[1 : mcmc] Progress @ 2025-01-29 15:13:26 : 82 steps taken, and 2909 accepted.
[2 : mcmc] Progress @ 2025-01-29 15:13:30 : 74 steps taken, and 2858 accepted.
[0 : mcmc] Progress @ 2025-01-29 15:14:08 : 77 steps taken, and 2717 accepted.
[3 : mcmc] Progress @ 2025-01-29 15:14:09 : 83 steps taken, and 2939 accepted.
[2 : mcmc] Progress @ 2025-01-29 15:14:33 : 77 steps taken, and 2859 accepted.
[1 : mcmc] Progress @ 2025-01-29 15:14:49 : 85 steps taken, and 2912 accepted.
[0 : mcmc] Progress @ 2025-01-29 15:15:24 : 80 steps taken, and 2719 accepted.
[3 : mcmc] Progress @ 2025-01-29 15:15:32 : 87 steps taken, and 2941 accepted.
[2 : mcmc] Progress @ 2025-01-29 15:15:40 : 80 steps taken, and 2861 accepted.
[1 : mcmc] Progress @ 2025-01-29 15:15:50 : 88 steps taken, and 2914 accepted.
[0 : mcmc] Progress @ 2025-01-29 15:16:39 : 84 steps taken, and 2722 accepted.
[3 : mcmc] Progress @ 2025-01-29 15:16:43 : 90 steps taken, and 2943 accepted.
[2 : mcmc] Progress @ 2025-01-29 15:16:44 : 83 steps taken, and 2861 accepted.
[1 : mcmc] Progress @ 2025-01-29 15:17:04 : 91 steps taken, and 2915 accepted.
[3 : mcmc] Progress @ 2025-01-29 15:17:53 : 93 steps taken, and 2944 accepted.
[0 : mcmc] Progress @ 2025-01-29 15:17:55 : 87 steps taken, and 2723 accepted.
[2 : mcmc] Progress @ 2025-01-29 15:18:10 : 87 steps taken, and 2863 accepted.
[1 : mcmc] Progress @ 2025-01-29 15:18:28 : 94 steps taken, and 2916 accepted.
[3 : mcmc] Progress @ 2025-01-29 15:19:07 : 96 steps taken, and 2944 accepted.
[2 : mcmc] Progress @ 2025-01-29 15:19:13 : 91 steps taken, and 2864 accepted.
[0 : mcmc] Progress @ 2025-01-29 15:19:17 : 90 steps taken, and 2724 accepted.
[1 : mcmc] Progress @ 2025-01-29 15:19:48 : 97 steps taken, and 2917 accepted.
[3 : mcmc] Progress @ 2025-01-29 15:20:16 : 99 steps taken, and 2946 accepted.
[0 : mcmc] Progress @ 2025-01-29 15:20:29 : 93 steps taken, and 2726 accepted.
[2 : mcmc] Progress @ 2025-01-29 15:20:34 : 94 steps taken, and 2865 accepted.
[1 : mcmc] Progress @ 2025-01-29 15:21:00 : 100 steps taken, and 2918 accepted.
[3 : mcmc] Progress @ 2025-01-29 15:21:35 : 104 steps taken, and 2948 accepted.
[2 : mcmc] Progress @ 2025-01-29 15:21:45 : 97 steps taken, and 2865 accepted.
[0 : mcmc] Progress @ 2025-01-29 15:21:48 : 96 steps taken, and 2728 accepted.
[1 : mcmc] Progress @ 2025-01-29 15:22:21 : 103 steps taken, and 2918 accepted.
[2 : mcmc] Progress @ 2025-01-29 15:22:56 : 100 steps taken, and 2866 accepted.
[0 : mcmc] Progress @ 2025-01-29 15:22:58 : 99 steps taken, and 2730 accepted.
[3 : mcmc] Progress @ 2025-01-29 15:22:59 : 108 steps taken, and 2950 accepted.
[1 : mcmc] Progress @ 2025-01-29 15:23:34 : 106 steps taken, and 2919 accepted.
[2 : mcmc] Progress @ 2025-01-29 15:24:06 : 103 steps taken, and 2868 accepted.
[3 : mcmc] Progress @ 2025-01-29 15:24:09 : 111 steps taken, and 2951 accepted.
[0 : mcmc] Progress @ 2025-01-29 15:24:19 : 104 steps taken, and 2733 accepted.
[1 : mcmc] Progress @ 2025-01-29 15:24:46 : 110 steps taken, and 2920 accepted.
[2 : mcmc] Progress @ 2025-01-29 15:25:15 : 107 steps taken, and 2869 accepted.
[3 : mcmc] Progress @ 2025-01-29 15:25:23 : 114 steps taken, and 2954 accepted.
[0 : mcmc] Progress @ 2025-01-29 15:25:34 : 109 steps taken, and 2735 accepted.
[1 : mcmc] Progress @ 2025-01-29 15:25:54 : 113 steps taken, and 2920 accepted.
[2 : mcmc] Progress @ 2025-01-29 15:26:25 : 110 steps taken, and 2871 accepted.
[0 : mcmc] Progress @ 2025-01-29 15:26:34 : 112 steps taken, and 2736 accepted.
[3 : mcmc] Progress @ 2025-01-29 15:26:43 : 118 steps taken, and 2956 accepted.
[1 : mcmc] Progress @ 2025-01-29 15:27:14 : 116 steps taken, and 2920 accepted.
[2 : mcmc] Progress @ 2025-01-29 15:27:43 : 113 steps taken, and 2872 accepted.
[0 : mcmc] Progress @ 2025-01-29 15:27:50 : 115 steps taken, and 2737 accepted.
[3 : mcmc] Progress @ 2025-01-29 15:27:50 : 121 steps taken, and 2958 accepted.
[node005:12947:0:13016] Caught signal 11 (Segmentation fault: address not mapped to object at address 0xfffffffc04984b48)
BFD: DWARF error: can't find .debug_ranges section.
BFD: DWARF error: can't find .debug_ranges section.
==== backtrace (tid:  13016) ====
 0 0x0000000000021563 ucs_debug_print_backtrace()  /dev/shm/UCX/1.8.0/GCCcore-9.3.0/ucx-1.8.0/src/ucs/debug/debug.c:653
 1 0x0000000000039f63 __massivenu_MOD_thermalnubackground_rho()  ???:0
 2 0x000000000003da49 __results_MOD_grho_no_de()  ???:0
 3 0x00000000000a5f01 dtauda_()  ???:0
 4 0x000000000004cfdc __results_MOD_thermo_init._omp_fn.0()  results.f90:0
 5 0x0000000000018f09 gomp_thread_start()  team.c:0
 6 0x0000000000007ea5 start_thread()  pthread_create.c:0
 7 0x00000000000feb0d __clone()  ???:0
=================================
[node005:12947] *** Process received signal ***
[node005:12947] Signal: Segmentation fault (11)
[node005:12947] Signal code:  (-6)
[node005:12947] Failing at address: 0x8cfb800003293
[node005:12947] [ 0] /lib64/libpthread.so.0(+0xf630)[0x7fac63b9e630]
[node005:12947] [ 1] /users/smp24dhl/cosmo/code/CAMB_beta/camb/camblib.so(__massivenu_MOD_thermalnubackground_rho+0x63)[0x7fac2908af63]
[node005:12947] [ 2] /users/smp24dhl/cosmo/code/CAMB_beta/camb/camblib.so(__results_MOD_grho_no_de+0xc9)[0x7fac2908ea49]
[node005:12947] [ 3] /users/smp24dhl/cosmo/code/CAMB_beta/camb/camblib.so(dtauda_+0x61)[0x7fac290f6f01]
[node005:12947] [ 4] /users/smp24dhl/cosmo/code/CAMB_beta/camb/camblib.so(+0x4cfdc)[0x7fac2909dfdc]
[node005:12947] [ 5] /users/smp24dhl/.conda/envs/cosmos/bin/../lib/libgomp.so.1(+0x18f09)[0x7fac2902af09]
[node005:12947] [ 6] /lib64/libpthread.so.0(+0x7ea5)[0x7fac63b96ea5]
[node005:12947] [ 7] /lib64/libc.so.6(clone+0x6d)[0x7fac631b6b0d]
[node005:12947] *** End of error message ***
--------------------------------------------------------------------------
Primary job  terminated normally, but 1 process returned
a non-zero exit code. Per user-direction, the job has been aborted.
--------------------------------------------------------------------------
--------------------------------------------------------------------------
mpirun noticed that process rank 2 with PID 12947 on node node005 exited on signal 11 (Segmentation fault).
--------------------------------------------------------------------------
