[0 : output] Output to be read-from/written-into folder 'chains', with prefix 'act-full'
[0 : output] Found existing info files with the requested output prefix: 'chains/act-full'
[0 : output] Let's try to resume/load.
[0 : output] Found an old sample. Resuming.
[0 : prior] *WARNING* External prior 'SZ' loaded. Mind that it might not be normalized!

libgomp: 
libgomp: Invalid value for environment variable OMP_NUM_THREADS: 

libgomp: Invalid value for environment variable OMP_NUM_THREADS: 

libgomp: Invalid value for environment variable OMP_NUM_THREADS: 
Invalid value for environment variable OMP_NUM_THREADS: 
[0 : camb] `camb` module loaded successfully from /users/smp24dhl/cosmo/code/CAMB_beta/camb
[0 : planck_2018_highl_plik.ttteee] `clik` module loaded successfully from /users/smp24dhl/cosmo/code/planck/clik/lib/python3.9/site-packages/clik
----
clik version clik_16.0b1-2-g63c889f3aa9c MAKEFILE
  smica
----
clik version clik_16.0b1-2-g63c889f3aa9c MAKEFILE
  smica
----
clik version clik_16.0b1-2-g63c889f3aa9c MAKEFILE
  smica
----
clik version clik_16.0b1-2-g63c889f3aa9c MAKEFILE
  smica
Checking likelihood '/users/smp24dhl/cosmo/data/planck_2018/baseline/plc_3.0/hi_l/plik/plik_rd12_HM_v22b_TTTEEE.clik' on test data. got -1172.47 expected -1172.47 (diff -4.34056e-07)
----
Loading ACT DR6 lensing likelihood v1.2...
Checking likelihood '/users/smp24dhl/cosmo/data/planck_2018/baseline/plc_3.0/hi_l/plik/plik_rd12_HM_v22b_TTTEEE.clik' on test data. got -1172.47 expected -1172.47 (diff -4.34057e-07)
Checking likelihood '/users/smp24dhl/cosmo/data/planck_2018/baseline/plc_3.0/hi_l/plik/plik_rd12_HM_v22b_TTTEEE.clik' on test data. got -1172.47 expected -1172.47 (diff -4.34056e-07)
----
Loading ACT DR6 lensing likelihood v1.2...
----
Loading ACT DR6 lensing likelihood v1.2...
Checking likelihood '/users/smp24dhl/cosmo/data/planck_2018/baseline/plc_3.0/hi_l/plik/plik_rd12_HM_v22b_TTTEEE.clik' on test data. got -1172.47 expected -1172.47 (diff -4.34057e-07)
----
Loading ACT DR6 lensing likelihood v1.2...
/users/smp24dhl/cosmo/code/act_dr6_lenslike/act_dr6_lenslike/act_dr6_lenslike.py:416: UserWarning: Hartlap correction to cinv: 0.949874686716792
  warnings.warn(f"Hartlap correction to cinv: {hartlap_correction}")
/users/smp24dhl/cosmo/code/act_dr6_lenslike/act_dr6_lenslike/act_dr6_lenslike.py:416: UserWarning: Hartlap correction to cinv: 0.949874686716792
  warnings.warn(f"Hartlap correction to cinv: {hartlap_correction}")
/users/smp24dhl/cosmo/code/act_dr6_lenslike/act_dr6_lenslike/act_dr6_lenslike.py:416: UserWarning: Hartlap correction to cinv: 0.949874686716792
  warnings.warn(f"Hartlap correction to cinv: {hartlap_correction}")
/users/smp24dhl/cosmo/code/act_dr6_lenslike/act_dr6_lenslike/act_dr6_lenslike.py:416: UserWarning: Hartlap correction to cinv: 0.949874686716792
  warnings.warn(f"Hartlap correction to cinv: {hartlap_correction}")
[0 : bao.desi_2024_bao_all] Initialized.
[2 : bao.desi_2024_bao_all] Initialized.
[1 : bao.desi_2024_bao_all] Initialized.
[3 : bao.desi_2024_bao_all] Initialized.
[0 : mcmc] Resuming from previous sample!
[0 : samplecollection] Loaded 2737 sample points from 'chains/act-full.1.txt'
[2 : samplecollection] Loaded 2872 sample points from 'chains/act-full.3.txt'
[3 : samplecollection] Loaded 2958 sample points from 'chains/act-full.4.txt'
[1 : samplecollection] Loaded 2920 sample points from 'chains/act-full.2.txt'
[2 : mcmc] Initial point: logA:3.030261, ns:0.9701152, theta_MC_100:1.040677, ombh2:0.02236732, omch2:0.1201474, w:-0.8905899, wa:-0.2823807, beta_DE:-0.03303544, tau:0.04792684, A_planck:1.000841, calib_100T:0.9999305, calib_217T:0.998685, A_cib_217:42.50957, xi_sz_cib:0.438046, A_sz:9.543197, ksz_norm:0.6087761, gal545_A_100:12.20994, gal545_A_143:10.66352, gal545_A_143_217:24.05042, gal545_A_217:105.6647, ps_A_100_100:216.0858, ps_A_143_143:37.57061, ps_A_143_217:43.82144, ps_A_217_217:119.9877, galf_TE_A_100:0.1675581, galf_TE_A_100_143:0.1002295, galf_TE_A_100_217:0.4251866, galf_TE_A_143:0.2437051, galf_TE_A_143_217:0.7035933, galf_TE_A_217:1.886675
[1 : mcmc] Initial point: logA:3.037335, ns:0.9636524, theta_MC_100:1.040996, ombh2:0.02230262, omch2:0.1193423, w:-0.8866358, wa:-0.5767581, beta_DE:1.168824, tau:0.05066156, A_planck:1.002128, calib_100T:0.9993565, calib_217T:0.9977452, A_cib_217:45.59722, xi_sz_cib:0.4517677, A_sz:4.915555, ksz_norm:6.860744, gal545_A_100:8.312358, gal545_A_143:13.37101, gal545_A_143_217:22.88452, gal545_A_217:103.2884, ps_A_100_100:279.806, ps_A_143_143:43.08787, ps_A_143_217:35.1726, ps_A_217_217:107.2169, galf_TE_A_100:0.1283112, galf_TE_A_100_143:0.1561398, galf_TE_A_100_217:0.420467, galf_TE_A_143:0.3049725, galf_TE_A_143_217:0.6786371, galf_TE_A_217:2.099435
[0 : mcmc] Initial point: logA:3.051701, ns:0.9641274, theta_MC_100:1.041187, ombh2:0.02250883, omch2:0.1195685, w:-0.808484, wa:-0.9363644, beta_DE:1.22957, tau:0.06004049, A_planck:0.9989094, calib_100T:0.999925, calib_217T:0.9979311, A_cib_217:50.69356, xi_sz_cib:0.198507, A_sz:4.779966, ksz_norm:1.02841, gal545_A_100:8.033608, gal545_A_143:10.02289, gal545_A_143_217:22.21733, gal545_A_217:96.87622, ps_A_100_100:305.3808, ps_A_143_143:54.8009, ps_A_143_217:36.60423, ps_A_217_217:109.8002, galf_TE_A_100:0.1052086, galf_TE_A_100_143:0.1002075, galf_TE_A_100_217:0.3515313, galf_TE_A_143:0.1742759, galf_TE_A_143_217:0.6362888, galf_TE_A_217:2.034047
[3 : mcmc] Initial point: logA:3.018147, ns:0.9660949, theta_MC_100:1.040504, ombh2:0.02242025, omch2:0.12105, w:-0.8578305, wa:-0.4705086, beta_DE:-0.7877301, tau:0.04522114, A_planck:0.9951416, calib_100T:0.9984593, calib_217T:0.998239, A_cib_217:42.01385, xi_sz_cib:0.5978306, A_sz:7.538758, ksz_norm:1.006202, gal545_A_100:10.93969, gal545_A_143:10.31056, gal545_A_143_217:18.95269, gal545_A_217:96.53056, ps_A_100_100:201.9832, ps_A_143_143:47.71246, ps_A_143_217:50.63594, ps_A_217_217:119.7645, galf_TE_A_100:0.114153, galf_TE_A_100_143:0.1256801, galf_TE_A_100_217:0.3439011, galf_TE_A_143:0.2184513, galf_TE_A_143_217:0.5890468, galf_TE_A_217:1.485504
[0 : mcmc] *WARNING* Parameter blocking manually/previously fixed: speeds will not be measured.
[0 : mcmc] Dragging with number of interpolating steps:
[0 : mcmc] *  1 : (['theta_MC_100', 'ombh2', 'omch2', 'w', 'wa', 'beta_DE', 'tau'], ['logA', 'ns'])
[0 : mcmc] * 12 : (['A_planck'], ['calib_100T', 'calib_217T', 'A_cib_217', 'xi_sz_cib', 'A_sz', 'ksz_norm', 'gal545_A_100', 'gal545_A_143', 'gal545_A_143_217', 'gal545_A_217', 'ps_A_100_100', 'ps_A_143_143', 'ps_A_143_217', 'ps_A_217_217', 'galf_TE_A_100', 'galf_TE_A_100_143', 'galf_TE_A_100_217', 'galf_TE_A_143', 'galf_TE_A_143_217', 'galf_TE_A_217'])
[0 : mcmc] Covariance matrix from previous sample.
[0 : mcmc] Sampling!
[2 : mcmc] Progress @ 2025-01-30 11:50:33 : 1 steps taken, and 2872 accepted.
[0 : mcmc] Progress @ 2025-01-30 11:50:34 : 1 steps taken, and 2737 accepted.
[1 : mcmc] Progress @ 2025-01-30 11:50:35 : 1 steps taken, and 2920 accepted.
[3 : mcmc] Progress @ 2025-01-30 11:50:35 : 1 steps taken, and 2958 accepted.
[node048:29437:0:29515] Caught signal 11 (Segmentation fault: address not mapped to object at address 0xfffffffc05473a68)
BFD: DWARF error: can't find .debug_ranges section.
BFD: DWARF error: can't find .debug_ranges section.
==== backtrace (tid:  29515) ====
 0 0x0000000000021563 ucs_debug_print_backtrace()  /dev/shm/UCX/1.8.0/GCCcore-9.3.0/ucx-1.8.0/src/ucs/debug/debug.c:653
 1 0x0000000000039f63 __massivenu_MOD_thermalnubackground_rho()  ???:0
 2 0x000000000003da49 __results_MOD_grho_no_de()  ???:0
 3 0x00000000000a5f01 dtauda_()  ???:0
 4 0x000000000004cfdc __results_MOD_thermo_init._omp_fn.0()  results.f90:0
 5 0x0000000000018f09 gomp_thread_start()  team.c:0
 6 0x0000000000007ea5 start_thread()  pthread_create.c:0
 7 0x00000000000feb0d __clone()  ???:0
=================================
[node048:29437] *** Process received signal ***
[node048:29437] Signal: Segmentation fault (11)
[node048:29437] Signal code:  (-6)
[node048:29437] Failing at address: 0x8cfb8000072fd
[node048:29437] [ 0] /lib64/libpthread.so.0(+0xf630)[0x7f1553c5b630]
[node048:29437] [ 1] /users/smp24dhl/cosmo/code/CAMB_beta/camb/camblib.so(__massivenu_MOD_thermalnubackground_rho+0x63)[0x7f151917bf63]
[node048:29437] [ 2] /users/smp24dhl/cosmo/code/CAMB_beta/camb/camblib.so(__results_MOD_grho_no_de+0xc9)[0x7f151917fa49]
[node048:29437] [ 3] /users/smp24dhl/cosmo/code/CAMB_beta/camb/camblib.so(dtauda_+0x61)[0x7f15191e7f01]
[node048:29437] [ 4] /users/smp24dhl/cosmo/code/CAMB_beta/camb/camblib.so(+0x4cfdc)[0x7f151918efdc]
[node048:29437] [ 5] /users/smp24dhl/.conda/envs/cosmos/bin/../lib/libgomp.so.1(+0x18f09)[0x7f151911bf09]
[node048:29437] [ 6] /lib64/libpthread.so.0(+0x7ea5)[0x7f1553c53ea5]
[node048:29437] [ 7] /lib64/libc.so.6(clone+0x6d)[0x7f1553273b0d]
[node048:29437] *** End of error message ***
--------------------------------------------------------------------------
Primary job  terminated normally, but 1 process returned
a non-zero exit code. Per user-direction, the job has been aborted.
--------------------------------------------------------------------------
--------------------------------------------------------------------------
mpirun noticed that process rank 2 with PID 29437 on node node048 exited on signal 11 (Segmentation fault).
--------------------------------------------------------------------------
