[0 : output] Output to be read-from/written-into folder 'chains', with prefix 'PlanckLensingDESI'
[0 : prior] *WARNING* External prior 'SZ' loaded. Mind that it might not be normalized!

libgomp: Invalid value for environment variable OMP_NUM_THREADS: 

libgomp: 
libgomp: Invalid value for environment variable OMP_NUM_THREADS: 

libgomp: Invalid value for environment variable OMP_NUM_THREADS: 
Invalid value for environment variable OMP_NUM_THREADS: 
[0 : camb] `camb` module loaded successfully from /users/smp24dhl/cosmo/code/CAMB_beta/camb
[0 : planck_2018_highl_plik.ttteee] `clik` module loaded successfully from /users/smp24dhl/cosmo/code/planck/clik/lib/python3.9/site-packages/clik
----
clik version clik_16.0b1-2-g63c889f3aa9c MAKEFILE
  smica
----
clik version clik_16.0b1-2-g63c889f3aa9c MAKEFILE
  smica
----
clik version clik_16.0b1-2-g63c889f3aa9c MAKEFILE
  smica
----
clik version clik_16.0b1-2-g63c889f3aa9c MAKEFILE
  smica
Checking likelihood '/users/smp24dhl/cosmo/data/planck_2018/baseline/plc_3.0/hi_l/plik/plik_rd12_HM_v22b_TTTEEE.clik' on test data. got -1172.47 expected -1172.47 (diff -4.34056e-07)
----
Checking likelihood '/users/smp24dhl/cosmo/data/planck_2018/baseline/plc_3.0/hi_l/plik/plik_rd12_HM_v22b_TTTEEE.clik' on test data. got -1172.47 expected -1172.47 (diff -4.34056e-07)
----
Loading ACT DR6 lensing likelihood v1.2...
Loading ACT DR6 lensing likelihood v1.2...
Checking likelihood '/users/smp24dhl/cosmo/data/planck_2018/baseline/plc_3.0/hi_l/plik/plik_rd12_HM_v22b_TTTEEE.clik' on test data. got -1172.47 expected -1172.47 (diff -4.34057e-07)
----
Loading ACT DR6 lensing likelihood v1.2...
Checking likelihood '/users/smp24dhl/cosmo/data/planck_2018/baseline/plc_3.0/hi_l/plik/plik_rd12_HM_v22b_TTTEEE.clik' on test data. got -1172.47 expected -1172.47 (diff -4.34057e-07)
----
Loading ACT DR6 lensing likelihood v1.2...
/users/smp24dhl/cosmo/code/act_dr6_lenslike/act_dr6_lenslike/act_dr6_lenslike.py:416: UserWarning: Hartlap correction to cinv: 0.949874686716792
  warnings.warn(f"Hartlap correction to cinv: {hartlap_correction}")
/users/smp24dhl/cosmo/code/act_dr6_lenslike/act_dr6_lenslike/act_dr6_lenslike.py:416: UserWarning: Hartlap correction to cinv: 0.949874686716792
  warnings.warn(f"Hartlap correction to cinv: {hartlap_correction}")
/users/smp24dhl/cosmo/code/act_dr6_lenslike/act_dr6_lenslike/act_dr6_lenslike.py:416: UserWarning: Hartlap correction to cinv: 0.949874686716792
  warnings.warn(f"Hartlap correction to cinv: {hartlap_correction}")
[0 : bao.desi_2024_bao_all] Initialized.
[3 : bao.desi_2024_bao_all] Initialized.
[2 : bao.desi_2024_bao_all] Initialized.
/users/smp24dhl/cosmo/code/act_dr6_lenslike/act_dr6_lenslike/act_dr6_lenslike.py:416: UserWarning: Hartlap correction to cinv: 0.949874686716792
  warnings.warn(f"Hartlap correction to cinv: {hartlap_correction}")
[1 : bao.desi_2024_bao_all] Initialized.
[0 : mcmc] Getting initial point... (this may take a few seconds)
[2 : mcmc] Getting initial point... (this may take a few seconds)
[3 : mcmc] Getting initial point... (this may take a few seconds)
[1 : mcmc] Getting initial point... (this may take a few seconds)
[3 : mcmc] Initial point: logA:3.049509, ns:0.9601254, theta_MC_100:1.041276, ombh2:0.02234098, omch2:0.1227246, w:-1.022297, wa:-0.06888336, beta_DE:1.001545, tau:0.05384769, A_planck:1.000397, calib_100T:0.9985442, calib_217T:0.9966714, A_cib_217:71.65386, xi_sz_cib:0.1476999, A_sz:4.386018, ksz_norm:0.8009247, gal545_A_100:5.889966, gal545_A_143:12.67121, gal545_A_143_217:18.02196, gal545_A_217:80.93884, ps_A_100_100:272.2123, ps_A_143_143:60.38029, ps_A_143_217:21.05137, ps_A_217_217:110.617, galf_TE_A_100:0.2445325, galf_TE_A_100_143:0.1044299, galf_TE_A_100_217:0.4782855, galf_TE_A_143:0.1752566, galf_TE_A_143_217:0.8845331, galf_TE_A_217:2.267574
[1 : mcmc] Initial point: logA:3.050648, ns:0.9621797, theta_MC_100:1.041493, ombh2:0.02243691, omch2:0.1193363, w:-0.9965094, wa:-0.05772297, beta_DE:1.000864, tau:0.05528427, A_planck:1.000142, calib_100T:0.9996842, calib_217T:0.9981591, A_cib_217:66.75928, xi_sz_cib:0.1536634, A_sz:4.959142, ksz_norm:3.047836, gal545_A_100:8.32067, gal545_A_143:7.800049, gal545_A_143_217:21.5851, gal545_A_217:88.39465, ps_A_100_100:264.6821, ps_A_143_143:62.76586, ps_A_143_217:28.9824, ps_A_217_217:103.1435, galf_TE_A_100:0.2820546, galf_TE_A_100_143:0.307497, galf_TE_A_100_217:0.608207, galf_TE_A_143:0.4152757, galf_TE_A_143_217:0.729972, galf_TE_A_217:2.091957
[0 : mcmc] Initial point: logA:3.048281, ns:0.9675021, theta_MC_100:1.040607, ombh2:0.02247469, omch2:0.1182015, w:-0.9977796, wa:0.1153786, beta_DE:1.000594, tau:0.0547429, A_planck:1.000635, calib_100T:0.9981434, calib_217T:0.9989301, A_cib_217:66.68362, xi_sz_cib:0.1853641, A_sz:7.552226, ksz_norm:4.712575, gal545_A_100:6.467798, gal545_A_143:14.45711, gal545_A_143_217:23.60439, gal545_A_217:76.30949, ps_A_100_100:273.6443, ps_A_143_143:36.47697, ps_A_143_217:27.55476, ps_A_217_217:89.25791, galf_TE_A_100:0.176769, galf_TE_A_100_143:0.27642, galf_TE_A_100_217:0.4790593, galf_TE_A_143:0.2689181, galf_TE_A_143_217:0.5301031, galf_TE_A_217:1.809686
[2 : mcmc] Initial point: logA:3.049347, ns:0.9616298, theta_MC_100:1.041268, ombh2:0.02259139, omch2:0.1200254, w:-0.9982834, wa:-0.04080235, beta_DE:1.000065, tau:0.05388801, A_planck:0.9971045, calib_100T:0.9996018, calib_217T:0.997278, A_cib_217:48.50314, xi_sz_cib:0.187951, A_sz:8.368121, ksz_norm:1.231839, gal545_A_100:5.123692, gal545_A_143:9.369444, gal545_A_143_217:23.64153, gal545_A_217:79.43872, ps_A_100_100:257.6258, ps_A_143_143:44.9445, ps_A_143_217:27.37118, ps_A_217_217:109.1806, galf_TE_A_100:0.2543925, galf_TE_A_100_143:0.06701876, galf_TE_A_100_217:0.4466189, galf_TE_A_143:0.3718335, galf_TE_A_143_217:0.8134571, galf_TE_A_217:1.954154
[0 : model] Measuring speeds... (this may take a few seconds)
[0 : model] Setting measured speeds (per sec): {planck_2018_lowl.TT: 1450.0, planck_2018_lowl.EE: 7560.0, planck_2018_highl_plik.TTTEEE: 3.38, act_dr6_lenslike.ACTDR6LensLike: 1.91, bao.desi_2024_bao_all: 1030.0, camb.transfers: 0.0967, camb: 0.111}
[0 : mcmc] Dragging with number of interpolating steps:
[0 : mcmc] *  1 : [['theta_MC_100', 'ombh2', 'omch2', 'w', 'wa', 'beta_DE', 'tau'], ['logA', 'ns']]
[0 : mcmc] * 12 : [['A_planck'], ['calib_100T', 'calib_217T', 'A_cib_217', 'xi_sz_cib', 'A_sz', 'ksz_norm', 'gal545_A_100', 'gal545_A_143', 'gal545_A_143_217', 'gal545_A_217', 'ps_A_100_100', 'ps_A_143_143', 'ps_A_143_217', 'ps_A_217_217', 'galf_TE_A_100', 'galf_TE_A_100_143', 'galf_TE_A_100_217', 'galf_TE_A_143', 'galf_TE_A_143_217', 'galf_TE_A_217']]
[0 : mcmc] Covariance matrix loaded for params ['logA', 'ns', 'theta_MC_100', 'ombh2', 'omch2', 'w', 'wa', 'beta_DE', 'tau', 'A_planck', 'calib_100T', 'calib_217T', 'A_cib_217', 'xi_sz_cib', 'A_sz', 'ksz_norm', 'gal545_A_100', 'gal545_A_143', 'gal545_A_143_217', 'gal545_A_217', 'ps_A_100_100', 'ps_A_143_143', 'ps_A_143_217', 'ps_A_217_217', 'galf_TE_A_100', 'galf_TE_A_100_143', 'galf_TE_A_100_217', 'galf_TE_A_143', 'galf_TE_A_143_217', 'galf_TE_A_217']
[0 : mcmc] All parameters' covariance loaded from given covmat.
[0 : mcmc] Sampling!
[0 : mcmc] Progress @ 2025-02-13 17:37:51 : 1 steps taken, and 0 accepted.
[1 : mcmc] Progress @ 2025-02-13 17:38:00 : 1 steps taken, and 0 accepted.
[3 : mcmc] Progress @ 2025-02-13 17:38:03 : 1 steps taken, and 0 accepted.
[2 : mcmc] Progress @ 2025-02-13 17:38:06 : 1 steps taken, and 0 accepted.
[0 : mcmc] Progress @ 2025-02-13 17:39:14 : 4 steps taken, and 0 accepted.
[2 : mcmc] Progress @ 2025-02-13 17:39:15 : 4 steps taken, and 0 accepted.
[1 : mcmc] Progress @ 2025-02-13 17:39:19 : 4 steps taken, and 0 accepted.
[3 : mcmc] Progress @ 2025-02-13 17:39:24 : 6 steps taken, and 0 accepted.
[0 : mcmc] Progress @ 2025-02-13 17:40:21 : 7 steps taken, and 1 accepted.
[1 : mcmc] Progress @ 2025-02-13 17:40:27 : 8 steps taken, and 0 accepted.
[2 : mcmc] Progress @ 2025-02-13 17:40:34 : 8 steps taken, and 2 accepted.
[3 : mcmc] Progress @ 2025-02-13 17:40:38 : 10 steps taken, and 0 accepted.
[0 : mcmc] Progress @ 2025-02-13 17:41:41 : 11 steps taken, and 3 accepted.
[3 : mcmc] Progress @ 2025-02-13 17:41:41 : 13 steps taken, and 2 accepted.
[1 : mcmc] Progress @ 2025-02-13 17:41:43 : 13 steps taken, and 1 accepted.
[2 : mcmc] Progress @ 2025-02-13 17:41:51 : 11 steps taken, and 4 accepted.
[3 : mcmc] Progress @ 2025-02-13 17:42:50 : 16 steps taken, and 2 accepted.
[0 : mcmc] Progress @ 2025-02-13 17:42:52 : 14 steps taken, and 4 accepted.
[1 : mcmc] Progress @ 2025-02-13 17:43:05 : 17 steps taken, and 3 accepted.
[2 : mcmc] Progress @ 2025-02-13 17:43:13 : 14 steps taken, and 4 accepted.
[3 : mcmc] Progress @ 2025-02-13 17:43:52 : 20 steps taken, and 2 accepted.
[1 : mcmc] Progress @ 2025-02-13 17:44:08 : 20 steps taken, and 4 accepted.
[0 : mcmc] Progress @ 2025-02-13 17:44:14 : 17 steps taken, and 4 accepted.
[2 : mcmc] Progress @ 2025-02-13 17:44:41 : 18 steps taken, and 5 accepted.
[3 : mcmc] Progress @ 2025-02-13 17:45:12 : 23 steps taken, and 2 accepted.
[1 : mcmc] Progress @ 2025-02-13 17:45:12 : 25 steps taken, and 5 accepted.
[0 : mcmc] Progress @ 2025-02-13 17:45:22 : 20 steps taken, and 5 accepted.
[2 : mcmc] Progress @ 2025-02-13 17:45:59 : 21 steps taken, and 6 accepted.
[3 : mcmc] Progress @ 2025-02-13 17:46:23 : 28 steps taken, and 2 accepted.
[1 : mcmc] Progress @ 2025-02-13 17:46:24 : 31 steps taken, and 7 accepted.
[0 : mcmc] Progress @ 2025-02-13 17:46:38 : 23 steps taken, and 5 accepted.
[2 : mcmc] Progress @ 2025-02-13 17:47:08 : 25 steps taken, and 6 accepted.
[1 : mcmc] Progress @ 2025-02-13 17:47:37 : 35 steps taken, and 8 accepted.
[3 : mcmc] Progress @ 2025-02-13 17:47:37 : 31 steps taken, and 3 accepted.
[0 : mcmc] Progress @ 2025-02-13 17:47:56 : 28 steps taken, and 5 accepted.
[2 : mcmc] Progress @ 2025-02-13 17:48:20 : 28 steps taken, and 7 accepted.
[3 : mcmc] Progress @ 2025-02-13 17:48:44 : 37 steps taken, and 3 accepted.
[1 : mcmc] Progress @ 2025-02-13 17:48:53 : 38 steps taken, and 8 accepted.
[0 : mcmc] Progress @ 2025-02-13 17:49:10 : 32 steps taken, and 7 accepted.
[2 : mcmc] Progress @ 2025-02-13 17:49:21 : 31 steps taken, and 9 accepted.
[3 : mcmc] Progress @ 2025-02-13 17:49:59 : 42 steps taken, and 4 accepted.
[1 : mcmc] Progress @ 2025-02-13 17:50:14 : 41 steps taken, and 8 accepted.
[0 : mcmc] Progress @ 2025-02-13 17:50:20 : 36 steps taken, and 7 accepted.
[2 : mcmc] Progress @ 2025-02-13 17:50:38 : 37 steps taken, and 10 accepted.
 WARNING: mismatch in integrated times (CAMB: CalcScalarSources)
 WARNING: mismatch in integrated times (CAMB: CalcScalarSources)
 WARNING: mismatch in integrated times (CAMB: CalcScalarSources)
 WARNING: mismatch in integrated times (CAMB: CalcScalarSources)
 WARNING: mismatch in integrated times (CAMB: CalcScalarSources)
 WARNING: mismatch in integrated times (CAMB: CalcScalarSources)
 WARNING: mismatch in integrated times (CAMB: CalcScalarSources)
 WARNING: mismatch in integrated times (CAMB: CalcScalarSources)
 WARNING: mismatch in integrated times (CAMB: CalcScalarSources)
 WARNING: mismatch in integrated times (CAMB: CalcScalarSources)
 WARNING: mismatch in integrated times (CAMB: CalcScalarSources)
 WARNING: mismatch in integrated times (CAMB: CalcScalarSources)
 WARNING: mismatch in integrated times (CAMB: CalcScalarSources)
 WARNING: mismatch in integrated times (CAMB: CalcScalarSources)
 WARNING: mismatch in integrated times (CAMB: CalcScalarSources)
 WARNING: mismatch in integrated times (CAMB: CalcScalarSources)
 WARNING: mismatch in integrated times (CAMB: CalcScalarSources)
 WARNING: mismatch in integrated times (CAMB: CalcScalarSources)
 WARNING: mismatch in integrated times (CAMB: CalcScalarSources)
 WARNING: mismatch in integrated times (CAMB: CalcScalarSources)
 WARNING: mismatch in integrated times (CAMB: CalcScalarSources)
 WARNING: mismatch in integrated times (CAMB: CalcScalarSources)
 WARNING: mismatch in integrated times (CAMB: CalcScalarSources)
 WARNING: mismatch in integrated times (CAMB: CalcScalarSources)
 WARNING: mismatch in integrated times (CAMB: CalcScalarSources)
 WARNING: mismatch in integrated times (CAMB: CalcScalarSources)
 WARNING: mismatch in integrated times (CAMB: CalcScalarSources)
 WARNING: mismatch in integrated times (CAMB: CalcScalarSources)
 WARNING: mismatch in integrated times (CAMB: CalcScalarSources)
 WARNING: mismatch in integrated times (CAMB: CalcScalarSources)
 WARNING: mismatch in integrated times (CAMB: CalcScalarSources)
 WARNING: mismatch in integrated times (CAMB: CalcScalarSources)
 WARNING: mismatch in integrated times (CAMB: CalcScalarSources)
 WARNING: mismatch in integrated times (CAMB: CalcScalarSources)
 WARNING: mismatch in integrated times (CAMB: CalcScalarSources)
 WARNING: mismatch in integrated times (CAMB: CalcScalarSources)
 WARNING: mismatch in integrated times (CAMB: CalcScalarSources)
 WARNING: mismatch in integrated times (CAMB: CalcScalarSources)
 WARNING: mismatch in integrated times (CAMB: CalcScalarSources)
 WARNING: mismatch in integrated times (CAMB: CalcScalarSources)
 WARNING: mismatch in integrated times (CAMB: CalcScalarSources)
 WARNING: mismatch in integrated times (CAMB: CalcScalarSources)
 WARNING: mismatch in integrated times (CAMB: CalcScalarSources)
 WARNING: mismatch in integrated times (CAMB: CalcScalarSources)
 WARNING: mismatch in integrated times (CAMB: CalcScalarSources)
 WARNING: mismatch in integrated times (CAMB: CalcScalarSources)
 WARNING: mismatch in integrated times (CAMB: CalcScalarSources)
 WARNING: mismatch in integrated times (CAMB: CalcScalarSources)
 WARNING: mismatch in integrated times (CAMB: CalcScalarSources)
 WARNING: mismatch in integrated times (CAMB: CalcScalarSources)
 WARNING: mismatch in integrated times (CAMB: CalcScalarSources)
 WARNING: mismatch in integrated times (CAMB: CalcScalarSources)
 WARNING: mismatch in integrated times (CAMB: CalcScalarSources)
 WARNING: mismatch in integrated times (CAMB: CalcScalarSources)
 WARNING: mismatch in integrated times (CAMB: CalcScalarSources)
 WARNING: mismatch in integrated times (CAMB: CalcScalarSources)
 WARNING: mismatch in integrated times (CAMB: CalcScalarSources)
 WARNING: mismatch in integrated times (CAMB: CalcScalarSources)
 WARNING: mismatch in integrated times (CAMB: CalcScalarSources)
 WARNING: mismatch in integrated times (CAMB: CalcScalarSources)
 WARNING: mismatch in integrated times (CAMB: CalcScalarSources)
 WARNING: mismatch in integrated times (CAMB: CalcScalarSources)
 WARNING: mismatch in integrated times (CAMB: CalcScalarSources)
 WARNING: mismatch in integrated times (CAMB: CalcScalarSources)
[3 : mcmc] Progress @ 2025-02-13 17:51:04 : 45 steps taken, and 6 accepted.
 WARNING: mismatch in integrated times (CAMB: CalcScalarSources)
 WARNING: mismatch in integrated times (CAMB: CalcScalarSources)
 WARNING: mismatch in integrated times (CAMB: CalcScalarSources)
 WARNING: mismatch in integrated times (CAMB: CalcScalarSources)
 WARNING: mismatch in integrated times (CAMB: CalcScalarSources)
 WARNING: mismatch in integrated times (CAMB: CalcScalarSources)
 WARNING: mismatch in integrated times (CAMB: CalcScalarSources)
 WARNING: mismatch in integrated times (CAMB: CalcScalarSources)
 WARNING: mismatch in integrated times (CAMB: CalcScalarSources)
 WARNING: mismatch in integrated times (CAMB: CalcScalarSources)
 WARNING: mismatch in integrated times (CAMB: CalcScalarSources)
 WARNING: mismatch in integrated times (CAMB: CalcScalarSources)
 WARNING: mismatch in integrated times (CAMB: CalcScalarSources)
 WARNING: mismatch in integrated times (CAMB: CalcScalarSources)
 WARNING: mismatch in integrated times (CAMB: CalcScalarSources)
 WARNING: mismatch in integrated times (CAMB: CalcScalarSources)
 WARNING: mismatch in integrated times (CAMB: CalcScalarSources)
 WARNING: mismatch in integrated times (CAMB: CalcScalarSources)
 WARNING: mismatch in integrated times (CAMB: CalcScalarSources)
 WARNING: mismatch in integrated times (CAMB: CalcScalarSources)
 WARNING: mismatch in integrated times (CAMB: CalcScalarSources)
 WARNING: mismatch in integrated times (CAMB: CalcScalarSources)
 WARNING: mismatch in integrated times (CAMB: CalcScalarSources)
 WARNING: mismatch in integrated times (CAMB: CalcScalarSources)
 WARNING: mismatch in integrated times (CAMB: CalcScalarSources)
 WARNING: mismatch in integrated times (CAMB: CalcScalarSources)
 WARNING: mismatch in integrated times (CAMB: CalcScalarSources)
 WARNING: mismatch in integrated times (CAMB: CalcScalarSources)
 WARNING: mismatch in integrated times (CAMB: CalcScalarSources)
 WARNING: mismatch in integrated times (CAMB: CalcScalarSources)
 WARNING: mismatch in integrated times (CAMB: CalcScalarSources)
 WARNING: mismatch in integrated times (CAMB: CalcScalarSources)
 WARNING: mismatch in integrated times (CAMB: CalcScalarSources)
 WARNING: mismatch in integrated times (CAMB: CalcScalarSources)
 WARNING: mismatch in integrated times (CAMB: CalcScalarSources)
 WARNING: mismatch in integrated times (CAMB: CalcScalarSources)
 WARNING: mismatch in integrated times (CAMB: CalcScalarSources)
 WARNING: mismatch in integrated times (CAMB: CalcScalarSources)
 WARNING: mismatch in integrated times (CAMB: CalcScalarSources)
 WARNING: mismatch in integrated times (CAMB: CalcScalarSources)
 WARNING: mismatch in integrated times (CAMB: CalcScalarSources)
 WARNING: mismatch in integrated times (CAMB: CalcScalarSources)
 WARNING: mismatch in integrated times (CAMB: CalcScalarSources)
 WARNING: mismatch in integrated times (CAMB: CalcScalarSources)
 WARNING: mismatch in integrated times (CAMB: CalcScalarSources)
 WARNING: mismatch in integrated times (CAMB: CalcScalarSources)
 WARNING: mismatch in integrated times (CAMB: CalcScalarSources)
 WARNING: mismatch in integrated times (CAMB: CalcScalarSources)
 WARNING: mismatch in integrated times (CAMB: CalcScalarSources)
 WARNING: mismatch in integrated times (CAMB: CalcScalarSources)
 WARNING: mismatch in integrated times (CAMB: CalcScalarSources)
 WARNING: mismatch in integrated times (CAMB: CalcScalarSources)
 WARNING: mismatch in integrated times (CAMB: CalcScalarSources)
 WARNING: mismatch in integrated times (CAMB: CalcScalarSources)
 WARNING: mismatch in integrated times (CAMB: CalcScalarSources)
 WARNING: mismatch in integrated times (CAMB: CalcScalarSources)
 WARNING: mismatch in integrated times (CAMB: CalcScalarSources)
 WARNING: mismatch in integrated times (CAMB: CalcScalarSources)
 WARNING: mismatch in integrated times (CAMB: CalcScalarSources)
 WARNING: mismatch in integrated times (CAMB: CalcScalarSources)
 WARNING: mismatch in integrated times (CAMB: CalcScalarSources)
 WARNING: mismatch in integrated times (CAMB: CalcScalarSources)
 WARNING: mismatch in integrated times (CAMB: CalcScalarSources)
 WARNING: mismatch in integrated times (CAMB: CalcScalarSources)
 WARNING: mismatch in integrated times (CAMB: CalcScalarSources)
 WARNING: mismatch in integrated times (CAMB: CalcScalarSources)
 WARNING: mismatch in integrated times (CAMB: CalcScalarSources)
 WARNING: mismatch in integrated times (CAMB: CalcScalarSources)
 WARNING: mismatch in integrated times (CAMB: CalcScalarSources)
 WARNING: mismatch in integrated times (CAMB: CalcScalarSources)
 WARNING: mismatch in integrated times (CAMB: CalcScalarSources)
 WARNING: mismatch in integrated times (CAMB: CalcScalarSources)
 WARNING: mismatch in integrated times (CAMB: CalcScalarSources)
 WARNING: mismatch in integrated times (CAMB: CalcScalarSources)
 WARNING: mismatch in integrated times (CAMB: CalcScalarSources)
 WARNING: mismatch in integrated times (CAMB: CalcScalarSources)
 WARNING: mismatch in integrated times (CAMB: CalcScalarSources)
 WARNING: mismatch in integrated times (CAMB: CalcScalarSources)
 WARNING: mismatch in integrated times (CAMB: CalcScalarSources)
 WARNING: mismatch in integrated times (CAMB: CalcScalarSources)
 WARNING: mismatch in integrated times (CAMB: CalcScalarSources)
 WARNING: mismatch in integrated times (CAMB: CalcScalarSources)
 WARNING: mismatch in integrated times (CAMB: CalcScalarSources)
 WARNING: mismatch in integrated times (CAMB: CalcScalarSources)
 WARNING: mismatch in integrated times (CAMB: CalcScalarSources)
 WARNING: mismatch in integrated times (CAMB: CalcScalarSources)
 WARNING: mismatch in integrated times (CAMB: CalcScalarSources)
 WARNING: mismatch in integrated times (CAMB: CalcScalarSources)
 WARNING: mismatch in integrated times (CAMB: CalcScalarSources)
 WARNING: mismatch in integrated times (CAMB: CalcScalarSources)
 WARNING: mismatch in integrated times (CAMB: CalcScalarSources)
 WARNING: mismatch in integrated times (CAMB: CalcScalarSources)
 WARNING: mismatch in integrated times (CAMB: CalcScalarSources)
 WARNING: mismatch in integrated times (CAMB: CalcScalarSources)
 WARNING: mismatch in integrated times (CAMB: CalcScalarSources)
 WARNING: mismatch in integrated times (CAMB: CalcScalarSources)
 WARNING: mismatch in integrated times (CAMB: CalcScalarSources)
 WARNING: mismatch in integrated times (CAMB: CalcScalarSources)
 WARNING: mismatch in integrated times (CAMB: CalcScalarSources)
 WARNING: mismatch in integrated times (CAMB: CalcScalarSources)
 WARNING: mismatch in integrated times (CAMB: CalcScalarSources)
 WARNING: mismatch in integrated times (CAMB: CalcScalarSources)
 WARNING: mismatch in integrated times (CAMB: CalcScalarSources)
 WARNING: mismatch in integrated times (CAMB: CalcScalarSources)
 WARNING: mismatch in integrated times (CAMB: CalcScalarSources)
 WARNING: mismatch in integrated times (CAMB: CalcScalarSources)
 WARNING: mismatch in integrated times (CAMB: CalcScalarSources)
 WARNING: mismatch in integrated times (CAMB: CalcScalarSources)
 WARNING: mismatch in integrated times (CAMB: CalcScalarSources)
 WARNING: mismatch in integrated times (CAMB: CalcScalarSources)
 WARNING: mismatch in integrated times (CAMB: CalcScalarSources)
 WARNING: mismatch in integrated times (CAMB: CalcScalarSources)
 WARNING: mismatch in integrated times (CAMB: CalcScalarSources)
 WARNING: mismatch in integrated times (CAMB: CalcScalarSources)
 WARNING: mismatch in integrated times (CAMB: CalcScalarSources)
 WARNING: mismatch in integrated times (CAMB: CalcScalarSources)
 WARNING: mismatch in integrated times (CAMB: CalcScalarSources)
 WARNING: mismatch in integrated times (CAMB: CalcScalarSources)
 WARNING: mismatch in integrated times (CAMB: CalcScalarSources)
 WARNING: mismatch in integrated times (CAMB: CalcScalarSources)
 WARNING: mismatch in integrated times (CAMB: CalcScalarSources)
 WARNING: mismatch in integrated times (CAMB: CalcScalarSources)
 WARNING: mismatch in integrated times (CAMB: CalcScalarSources)
 WARNING: mismatch in integrated times (CAMB: CalcScalarSources)
 WARNING: mismatch in integrated times (CAMB: CalcScalarSources)
 WARNING: mismatch in integrated times (CAMB: CalcScalarSources)
 WARNING: mismatch in integrated times (CAMB: CalcScalarSources)
 WARNING: mismatch in integrated times (CAMB: CalcScalarSources)
 WARNING: mismatch in integrated times (CAMB: CalcScalarSources)
 WARNING: mismatch in integrated times (CAMB: CalcScalarSources)
 WARNING: mismatch in integrated times (CAMB: CalcScalarSources)
 WARNING: mismatch in integrated times (CAMB: CalcScalarSources)
 WARNING: mismatch in integrated times (CAMB: CalcScalarSources)
 WARNING: mismatch in integrated times (CAMB: CalcScalarSources)
 WARNING: mismatch in integrated times (CAMB: CalcScalarSources)
 WARNING: mismatch in integrated times (CAMB: CalcScalarSources)
 WARNING: mismatch in integrated times (CAMB: CalcScalarSources)
 WARNING: mismatch in integrated times (CAMB: CalcScalarSources)
 WARNING: mismatch in integrated times (CAMB: CalcScalarSources)
 WARNING: mismatch in integrated times (CAMB: CalcScalarSources)
 WARNING: mismatch in integrated times (CAMB: CalcScalarSources)
 WARNING: mismatch in integrated times (CAMB: CalcScalarSources)
 WARNING: mismatch in integrated times (CAMB: CalcScalarSources)
 WARNING: mismatch in integrated times (CAMB: CalcScalarSources)
 WARNING: mismatch in integrated times (CAMB: CalcScalarSources)
 WARNING: mismatch in integrated times (CAMB: CalcScalarSources)
 WARNING: mismatch in integrated times (CAMB: CalcScalarSources)
 WARNING: mismatch in integrated times (CAMB: CalcScalarSources)
 WARNING: mismatch in integrated times (CAMB: CalcScalarSources)
 WARNING: mismatch in integrated times (CAMB: CalcScalarSources)
 WARNING: mismatch in integrated times (CAMB: CalcScalarSources)
 WARNING: mismatch in integrated times (CAMB: CalcScalarSources)
 WARNING: mismatch in integrated times (CAMB: CalcScalarSources)
 WARNING: mismatch in integrated times (CAMB: CalcScalarSources)
 WARNING: mismatch in integrated times (CAMB: CalcScalarSources)
 WARNING: mismatch in integrated times (CAMB: CalcScalarSources)
 WARNING: mismatch in integrated times (CAMB: CalcScalarSources)
 WARNING: mismatch in integrated times (CAMB: CalcScalarSources)
 WARNING: mismatch in integrated times (CAMB: CalcScalarSources)
 WARNING: mismatch in integrated times (CAMB: CalcScalarSources)
 WARNING: mismatch in integrated times (CAMB: CalcScalarSources)
 WARNING: mismatch in integrated times (CAMB: CalcScalarSources)
 WARNING: mismatch in integrated times (CAMB: CalcScalarSources)
 WARNING: mismatch in integrated times (CAMB: CalcScalarSources)
 WARNING: mismatch in integrated times (CAMB: CalcScalarSources)
 WARNING: mismatch in integrated times (CAMB: CalcScalarSources)
 WARNING: mismatch in integrated times (CAMB: CalcScalarSources)
 WARNING: mismatch in integrated times (CAMB: CalcScalarSources)
 WARNING: mismatch in integrated times (CAMB: CalcScalarSources)
 WARNING: mismatch in integrated times (CAMB: CalcScalarSources)
 WARNING: mismatch in integrated times (CAMB: CalcScalarSources)
 WARNING: mismatch in integrated times (CAMB: CalcScalarSources)
 WARNING: mismatch in integrated times (CAMB: CalcScalarSources)
 WARNING: mismatch in integrated times (CAMB: CalcScalarSources)
 WARNING: mismatch in integrated times (CAMB: CalcScalarSources)
 WARNING: mismatch in integrated times (CAMB: CalcScalarSources)
 WARNING: mismatch in integrated times (CAMB: CalcScalarSources)
 WARNING: mismatch in integrated times (CAMB: CalcScalarSources)
 WARNING: mismatch in integrated times (CAMB: CalcScalarSources)
 WARNING: mismatch in integrated times (CAMB: CalcScalarSources)
 WARNING: mismatch in integrated times (CAMB: CalcScalarSources)
 WARNING: mismatch in integrated times (CAMB: CalcScalarSources)
 WARNING: mismatch in integrated times (CAMB: CalcScalarSources)
 WARNING: mismatch in integrated times (CAMB: CalcScalarSources)
 WARNING: mismatch in integrated times (CAMB: CalcScalarSources)
 WARNING: mismatch in integrated times (CAMB: CalcScalarSources)
 WARNING: mismatch in integrated times (CAMB: CalcScalarSources)
 WARNING: mismatch in integrated times (CAMB: CalcScalarSources)
 WARNING: mismatch in integrated times (CAMB: CalcScalarSources)
 WARNING: mismatch in integrated times (CAMB: CalcScalarSources)
 WARNING: mismatch in integrated times (CAMB: CalcScalarSources)
 WARNING: mismatch in integrated times (CAMB: CalcScalarSources)
 WARNING: mismatch in integrated times (CAMB: CalcScalarSources)
 WARNING: mismatch in integrated times (CAMB: CalcScalarSources)
 WARNING: mismatch in integrated times (CAMB: CalcScalarSources)
 WARNING: mismatch in integrated times (CAMB: CalcScalarSources)
 WARNING: mismatch in integrated times (CAMB: CalcScalarSources)
 WARNING: mismatch in integrated times (CAMB: CalcScalarSources)
 WARNING: mismatch in integrated times (CAMB: CalcScalarSources)
 WARNING: mismatch in integrated times (CAMB: CalcScalarSources)
 WARNING: mismatch in integrated times (CAMB: CalcScalarSources)
 WARNING: mismatch in integrated times (CAMB: CalcScalarSources)
 WARNING: mismatch in integrated times (CAMB: CalcScalarSources)
 WARNING: mismatch in integrated times (CAMB: CalcScalarSources)
 WARNING: mismatch in integrated times (CAMB: CalcScalarSources)
[1 : mcmc] Progress @ 2025-02-13 17:51:26 : 44 steps taken, and 9 accepted.
[0 : mcmc] Progress @ 2025-02-13 17:51:29 : 39 steps taken, and 8 accepted.
[2 : mcmc] Progress @ 2025-02-13 17:52:04 : 42 steps taken, and 10 accepted.
[3 : mcmc] Progress @ 2025-02-13 17:52:27 : 49 steps taken, and 7 accepted.
[1 : mcmc] Progress @ 2025-02-13 17:52:28 : 49 steps taken, and 9 accepted.
[0 : mcmc] Progress @ 2025-02-13 17:52:40 : 42 steps taken, and 8 accepted.
[2 : mcmc] Progress @ 2025-02-13 17:53:25 : 45 steps taken, and 10 accepted.
[1 : mcmc] Progress @ 2025-02-13 17:53:31 : 52 steps taken, and 10 accepted.
[3 : mcmc] Progress @ 2025-02-13 17:53:31 : 53 steps taken, and 7 accepted.
[0 : mcmc] Progress @ 2025-02-13 17:54:04 : 46 steps taken, and 8 accepted.
[3 : mcmc] Progress @ 2025-02-13 17:54:35 : 56 steps taken, and 8 accepted.
[1 : mcmc] Progress @ 2025-02-13 17:54:39 : 58 steps taken, and 12 accepted.
[2 : mcmc] Progress @ 2025-02-13 17:54:43 : 48 steps taken, and 10 accepted.
[0 : mcmc] Progress @ 2025-02-13 17:55:22 : 50 steps taken, and 9 accepted.
[3 : mcmc] Progress @ 2025-02-13 17:55:38 : 62 steps taken, and 9 accepted.
[2 : mcmc] Progress @ 2025-02-13 17:55:58 : 53 steps taken, and 10 accepted.
[1 : mcmc] Progress @ 2025-02-13 17:56:01 : 61 steps taken, and 12 accepted.
[0 : mcmc] Progress @ 2025-02-13 17:56:43 : 54 steps taken, and 11 accepted.
[3 : mcmc] Progress @ 2025-02-13 17:56:54 : 66 steps taken, and 10 accepted.
[1 : mcmc] Progress @ 2025-02-13 17:57:06 : 64 steps taken, and 12 accepted.
[2 : mcmc] Progress @ 2025-02-13 17:57:13 : 57 steps taken, and 10 accepted.
[3 : mcmc] Progress @ 2025-02-13 17:58:00 : 71 steps taken, and 11 accepted.
[0 : mcmc] Progress @ 2025-02-13 17:58:00 : 57 steps taken, and 11 accepted.
[1 : mcmc] Progress @ 2025-02-13 17:58:21 : 69 steps taken, and 12 accepted.
[2 : mcmc] Progress @ 2025-02-13 17:58:32 : 61 steps taken, and 10 accepted.
[3 : mcmc] Progress @ 2025-02-13 17:59:07 : 76 steps taken, and 12 accepted.
[0 : mcmc] Progress @ 2025-02-13 17:59:08 : 60 steps taken, and 12 accepted.
[1 : mcmc] Progress @ 2025-02-13 17:59:28 : 72 steps taken, and 12 accepted.
[2 : mcmc] Progress @ 2025-02-13 17:59:41 : 66 steps taken, and 10 accepted.
[3 : mcmc] Progress @ 2025-02-13 18:00:13 : 80 steps taken, and 12 accepted.
[0 : mcmc] Progress @ 2025-02-13 18:00:21 : 64 steps taken, and 13 accepted.
[1 : mcmc] Progress @ 2025-02-13 18:00:43 : 75 steps taken, and 12 accepted.
[2 : mcmc] Progress @ 2025-02-13 18:00:57 : 69 steps taken, and 10 accepted.
[3 : mcmc] Progress @ 2025-02-13 18:01:18 : 89 steps taken, and 12 accepted.
[0 : mcmc] Progress @ 2025-02-13 18:01:37 : 67 steps taken, and 13 accepted.
[1 : mcmc] Progress @ 2025-02-13 18:01:50 : 79 steps taken, and 12 accepted.
[2 : mcmc] Progress @ 2025-02-13 18:02:07 : 72 steps taken, and 10 accepted.
[3 : mcmc] Progress @ 2025-02-13 18:02:31 : 94 steps taken, and 13 accepted.
[0 : mcmc] Progress @ 2025-02-13 18:02:51 : 70 steps taken, and 13 accepted.
[1 : mcmc] Progress @ 2025-02-13 18:02:53 : 83 steps taken, and 12 accepted.
[2 : mcmc] Progress @ 2025-02-13 18:03:25 : 75 steps taken, and 11 accepted.
[3 : mcmc] Progress @ 2025-02-13 18:03:37 : 98 steps taken, and 16 accepted.
[1 : mcmc] Progress @ 2025-02-13 18:04:00 : 86 steps taken, and 12 accepted.
[0 : mcmc] Progress @ 2025-02-13 18:04:10 : 73 steps taken, and 14 accepted.
[3 : mcmc] Progress @ 2025-02-13 18:04:37 : 104 steps taken, and 18 accepted.
[2 : mcmc] Progress @ 2025-02-13 18:04:37 : 79 steps taken, and 11 accepted.
[1 : mcmc] Progress @ 2025-02-13 18:05:09 : 89 steps taken, and 13 accepted.
[0 : mcmc] Progress @ 2025-02-13 18:05:21 : 76 steps taken, and 14 accepted.
[3 : mcmc] Progress @ 2025-02-13 18:05:40 : 110 steps taken, and 19 accepted.
[2 : mcmc] Progress @ 2025-02-13 18:05:46 : 84 steps taken, and 11 accepted.
[1 : mcmc] Progress @ 2025-02-13 18:06:29 : 98 steps taken, and 13 accepted.
[0 : mcmc] Progress @ 2025-02-13 18:06:30 : 79 steps taken, and 16 accepted.
[3 : mcmc] Progress @ 2025-02-13 18:06:43 : 117 steps taken, and 20 accepted.
[2 : mcmc] Progress @ 2025-02-13 18:06:51 : 87 steps taken, and 11 accepted.
[1 : mcmc] Progress @ 2025-02-13 18:07:43 : 104 steps taken, and 13 accepted.
[0 : mcmc] Progress @ 2025-02-13 18:07:51 : 82 steps taken, and 18 accepted.
[3 : mcmc] Progress @ 2025-02-13 18:07:54 : 120 steps taken, and 22 accepted.
[2 : mcmc] Progress @ 2025-02-13 18:07:59 : 91 steps taken, and 12 accepted.
[1 : mcmc] Progress @ 2025-02-13 18:08:51 : 108 steps taken, and 14 accepted.
[3 : mcmc] Progress @ 2025-02-13 18:09:01 : 130 steps taken, and 22 accepted.
[0 : mcmc] Progress @ 2025-02-13 18:09:04 : 85 steps taken, and 18 accepted.
[2 : mcmc] Progress @ 2025-02-13 18:09:21 : 94 steps taken, and 12 accepted.
[3 : mcmc] Progress @ 2025-02-13 18:10:01 : 134 steps taken, and 23 accepted.
[1 : mcmc] Progress @ 2025-02-13 18:10:12 : 111 steps taken, and 14 accepted.
[0 : mcmc] Progress @ 2025-02-13 18:10:13 : 89 steps taken, and 18 accepted.
[2 : mcmc] Progress @ 2025-02-13 18:10:33 : 97 steps taken, and 12 accepted.
[3 : mcmc] Progress @ 2025-02-13 18:11:11 : 139 steps taken, and 24 accepted.
[0 : mcmc] Progress @ 2025-02-13 18:11:25 : 93 steps taken, and 19 accepted.
[1 : mcmc] Progress @ 2025-02-13 18:11:30 : 114 steps taken, and 14 accepted.
[2 : mcmc] Progress @ 2025-02-13 18:11:41 : 100 steps taken, and 13 accepted.
[3 : mcmc] Progress @ 2025-02-13 18:12:22 : 153 steps taken, and 26 accepted.
[1 : mcmc] Progress @ 2025-02-13 18:12:31 : 117 steps taken, and 15 accepted.
[0 : mcmc] Progress @ 2025-02-13 18:12:46 : 97 steps taken, and 19 accepted.
[2 : mcmc] Progress @ 2025-02-13 18:12:47 : 103 steps taken, and 14 accepted.
[3 : mcmc] Progress @ 2025-02-13 18:13:26 : 156 steps taken, and 29 accepted.
[1 : mcmc] Progress @ 2025-02-13 18:13:47 : 121 steps taken, and 15 accepted.
[2 : mcmc] Progress @ 2025-02-13 18:13:53 : 107 steps taken, and 15 accepted.
[0 : mcmc] Progress @ 2025-02-13 18:13:55 : 100 steps taken, and 19 accepted.
[3 : mcmc] Progress @ 2025-02-13 18:14:33 : 168 steps taken, and 31 accepted.
[1 : mcmc] Progress @ 2025-02-13 18:14:47 : 124 steps taken, and 15 accepted.
[2 : mcmc] Progress @ 2025-02-13 18:15:04 : 110 steps taken, and 15 accepted.
[0 : mcmc] Progress @ 2025-02-13 18:15:06 : 105 steps taken, and 20 accepted.
[3 : mcmc] Progress @ 2025-02-13 18:15:43 : 171 steps taken, and 31 accepted.
[1 : mcmc] Progress @ 2025-02-13 18:16:08 : 127 steps taken, and 15 accepted.
[2 : mcmc] Progress @ 2025-02-13 18:16:11 : 115 steps taken, and 15 accepted.
[0 : mcmc] Progress @ 2025-02-13 18:16:11 : 108 steps taken, and 21 accepted.
[3 : mcmc] Progress @ 2025-02-13 18:16:52 : 177 steps taken, and 31 accepted.
[0 : mcmc] Progress @ 2025-02-13 18:17:13 : 113 steps taken, and 21 accepted.
[1 : mcmc] Progress @ 2025-02-13 18:17:13 : 131 steps taken, and 16 accepted.
[2 : mcmc] Progress @ 2025-02-13 18:17:32 : 118 steps taken, and 15 accepted.
[3 : mcmc] Progress @ 2025-02-13 18:18:04 : 182 steps taken, and 31 accepted.
[0 : mcmc] Progress @ 2025-02-13 18:18:26 : 117 steps taken, and 21 accepted.
[1 : mcmc] Progress @ 2025-02-13 18:18:31 : 134 steps taken, and 16 accepted.
[2 : mcmc] Progress @ 2025-02-13 18:18:32 : 121 steps taken, and 17 accepted.
[3 : mcmc] Progress @ 2025-02-13 18:19:13 : 189 steps taken, and 31 accepted.
[0 : mcmc] Progress @ 2025-02-13 18:19:30 : 120 steps taken, and 22 accepted.
[1 : mcmc] Progress @ 2025-02-13 18:19:37 : 139 steps taken, and 17 accepted.
[2 : mcmc] Progress @ 2025-02-13 18:19:53 : 124 steps taken, and 17 accepted.
[3 : mcmc] Progress @ 2025-02-13 18:20:15 : 200 steps taken, and 31 accepted.
[0 : mcmc] Progress @ 2025-02-13 18:20:42 : 124 steps taken, and 23 accepted.
[1 : mcmc] Progress @ 2025-02-13 18:20:44 : 142 steps taken, and 17 accepted.
[2 : mcmc] Progress @ 2025-02-13 18:21:14 : 127 steps taken, and 18 accepted.
[3 : mcmc] Progress @ 2025-02-13 18:21:36 : 204 steps taken, and 32 accepted.
[1 : mcmc] Progress @ 2025-02-13 18:22:01 : 145 steps taken, and 19 accepted.
[0 : mcmc] Progress @ 2025-02-13 18:22:01 : 127 steps taken, and 23 accepted.
[2 : mcmc] Progress @ 2025-02-13 18:22:32 : 131 steps taken, and 18 accepted.
[3 : mcmc] Progress @ 2025-02-13 18:22:48 : 213 steps taken, and 34 accepted.
[0 : mcmc] Progress @ 2025-02-13 18:23:08 : 130 steps taken, and 23 accepted.
[1 : mcmc] Progress @ 2025-02-13 18:23:22 : 151 steps taken, and 19 accepted.
[3 : mcmc] Progress @ 2025-02-13 18:23:49 : 218 steps taken, and 34 accepted.
[2 : mcmc] Progress @ 2025-02-13 18:23:52 : 138 steps taken, and 18 accepted.
[0 : mcmc] Progress @ 2025-02-13 18:24:12 : 133 steps taken, and 23 accepted.
[1 : mcmc] Progress @ 2025-02-13 18:24:37 : 155 steps taken, and 20 accepted.
[3 : mcmc] Progress @ 2025-02-13 18:24:56 : 221 steps taken, and 35 accepted.
[2 : mcmc] Progress @ 2025-02-13 18:24:57 : 141 steps taken, and 19 accepted.
[0 : mcmc] Progress @ 2025-02-13 18:25:32 : 137 steps taken, and 23 accepted.
[1 : mcmc] Progress @ 2025-02-13 18:25:55 : 162 steps taken, and 23 accepted.
[2 : mcmc] Progress @ 2025-02-13 18:26:11 : 144 steps taken, and 20 accepted.
[3 : mcmc] Progress @ 2025-02-13 18:26:17 : 229 steps taken, and 36 accepted.
[0 : mcmc] Progress @ 2025-02-13 18:26:32 : 140 steps taken, and 24 accepted.
[1 : mcmc] Progress @ 2025-02-13 18:27:06 : 167 steps taken, and 25 accepted.
[3 : mcmc] Progress @ 2025-02-13 18:27:27 : 234 steps taken, and 37 accepted.
[2 : mcmc] Progress @ 2025-02-13 18:27:32 : 150 steps taken, and 20 accepted.
[0 : mcmc] Progress @ 2025-02-13 18:27:50 : 143 steps taken, and 26 accepted.
[1 : mcmc] Progress @ 2025-02-13 18:28:14 : 171 steps taken, and 25 accepted.
[3 : mcmc] Progress @ 2025-02-13 18:28:39 : 240 steps taken, and 40 accepted.
[2 : mcmc] Progress @ 2025-02-13 18:28:41 : 154 steps taken, and 21 accepted.
[0 : mcmc] Progress @ 2025-02-13 18:29:03 : 146 steps taken, and 27 accepted.
[1 : mcmc] Progress @ 2025-02-13 18:29:20 : 175 steps taken, and 25 accepted.
[3 : mcmc] Progress @ 2025-02-13 18:29:52 : 243 steps taken, and 42 accepted.
[2 : mcmc] Progress @ 2025-02-13 18:29:53 : 159 steps taken, and 22 accepted.
[0 : mcmc] Progress @ 2025-02-13 18:30:25 : 149 steps taken, and 28 accepted.
[1 : mcmc] Progress @ 2025-02-13 18:30:27 : 178 steps taken, and 26 accepted.
[3 : mcmc] Progress @ 2025-02-13 18:30:56 : 247 steps taken, and 44 accepted.
[2 : mcmc] Progress @ 2025-02-13 18:31:03 : 165 steps taken, and 23 accepted.
[0 : mcmc] Progress @ 2025-02-13 18:31:31 : 152 steps taken, and 29 accepted.
[1 : mcmc] Progress @ 2025-02-13 18:31:51 : 184 steps taken, and 27 accepted.
[3 : mcmc] Progress @ 2025-02-13 18:32:03 : 250 steps taken, and 45 accepted.
[2 : mcmc] Progress @ 2025-02-13 18:32:18 : 169 steps taken, and 23 accepted.
[0 : mcmc] Progress @ 2025-02-13 18:32:41 : 155 steps taken, and 29 accepted.
[1 : mcmc] Progress @ 2025-02-13 18:33:04 : 190 steps taken, and 27 accepted.
[3 : mcmc] Progress @ 2025-02-13 18:33:14 : 255 steps taken, and 45 accepted.
[2 : mcmc] Progress @ 2025-02-13 18:33:42 : 173 steps taken, and 24 accepted.
[0 : mcmc] Progress @ 2025-02-13 18:33:58 : 158 steps taken, and 30 accepted.
[1 : mcmc] Progress @ 2025-02-13 18:34:17 : 198 steps taken, and 27 accepted.
[3 : mcmc] Progress @ 2025-02-13 18:34:37 : 259 steps taken, and 46 accepted.
[2 : mcmc] Progress @ 2025-02-13 18:34:52 : 177 steps taken, and 26 accepted.
[0 : mcmc] Progress @ 2025-02-13 18:35:04 : 161 steps taken, and 30 accepted.
[1 : mcmc] Progress @ 2025-02-13 18:35:37 : 202 steps taken, and 27 accepted.
[3 : mcmc] Progress @ 2025-02-13 18:35:49 : 263 steps taken, and 47 accepted.
[2 : mcmc] Progress @ 2025-02-13 18:36:06 : 180 steps taken, and 28 accepted.
[0 : mcmc] Progress @ 2025-02-13 18:36:06 : 165 steps taken, and 31 accepted.
[1 : mcmc] Progress @ 2025-02-13 18:36:53 : 210 steps taken, and 27 accepted.
[3 : mcmc] Progress @ 2025-02-13 18:37:09 : 271 steps taken, and 49 accepted.
[0 : mcmc] Progress @ 2025-02-13 18:37:14 : 168 steps taken, and 33 accepted.
[2 : mcmc] Progress @ 2025-02-13 18:37:25 : 183 steps taken, and 30 accepted.
[1 : mcmc] Progress @ 2025-02-13 18:38:04 : 213 steps taken, and 27 accepted.
[3 : mcmc] Progress @ 2025-02-13 18:38:20 : 274 steps taken, and 49 accepted.
[0 : mcmc] Progress @ 2025-02-13 18:38:32 : 172 steps taken, and 33 accepted.
[2 : mcmc] Progress @ 2025-02-13 18:38:35 : 186 steps taken, and 31 accepted.
[1 : mcmc] Progress @ 2025-02-13 18:39:15 : 219 steps taken, and 29 accepted.
[3 : mcmc] Progress @ 2025-02-13 18:39:35 : 280 steps taken, and 50 accepted.
[0 : mcmc] Progress @ 2025-02-13 18:39:46 : 175 steps taken, and 33 accepted.
[2 : mcmc] Progress @ 2025-02-13 18:40:00 : 189 steps taken, and 33 accepted.
[3 : mcmc] Progress @ 2025-02-13 18:40:36 : 284 steps taken, and 51 accepted.
[1 : mcmc] Progress @ 2025-02-13 18:40:39 : 223 steps taken, and 29 accepted.
[2 : mcmc] Progress @ 2025-02-13 18:41:09 : 193 steps taken, and 35 accepted.
[0 : mcmc] Progress @ 2025-02-13 18:41:09 : 180 steps taken, and 35 accepted.
[3 : mcmc] Progress @ 2025-02-13 18:41:51 : 292 steps taken, and 51 accepted.
[1 : mcmc] Progress @ 2025-02-13 18:42:06 : 230 steps taken, and 31 accepted.
[0 : mcmc] Progress @ 2025-02-13 18:42:18 : 183 steps taken, and 35 accepted.
[2 : mcmc] Progress @ 2025-02-13 18:42:26 : 196 steps taken, and 35 accepted.
[3 : mcmc] Progress @ 2025-02-13 18:43:05 : 299 steps taken, and 52 accepted.
[1 : mcmc] Progress @ 2025-02-13 18:43:18 : 234 steps taken, and 32 accepted.
[0 : mcmc] Progress @ 2025-02-13 18:43:36 : 186 steps taken, and 36 accepted.
[2 : mcmc] Progress @ 2025-02-13 18:43:45 : 200 steps taken, and 35 accepted.
[3 : mcmc] Progress @ 2025-02-13 18:44:27 : 308 steps taken, and 53 accepted.
[1 : mcmc] Progress @ 2025-02-13 18:44:45 : 237 steps taken, and 33 accepted.
[2 : mcmc] Progress @ 2025-02-13 18:44:46 : 204 steps taken, and 35 accepted.
[0 : mcmc] Progress @ 2025-02-13 18:44:46 : 191 steps taken, and 36 accepted.
[3 : mcmc] Progress @ 2025-02-13 18:45:39 : 314 steps taken, and 54 accepted.
[1 : mcmc] Progress @ 2025-02-13 18:45:58 : 246 steps taken, and 34 accepted.
[0 : mcmc] Progress @ 2025-02-13 18:45:59 : 195 steps taken, and 37 accepted.
[2 : mcmc] Progress @ 2025-02-13 18:46:08 : 208 steps taken, and 36 accepted.
[3 : mcmc] Progress @ 2025-02-13 18:46:54 : 322 steps taken, and 54 accepted.
[1 : mcmc] Progress @ 2025-02-13 18:47:00 : 250 steps taken, and 35 accepted.
[0 : mcmc] Progress @ 2025-02-13 18:47:17 : 200 steps taken, and 38 accepted.
[2 : mcmc] Progress @ 2025-02-13 18:47:25 : 213 steps taken, and 37 accepted.
[3 : mcmc] Progress @ 2025-02-13 18:47:56 : 328 steps taken, and 55 accepted.
[1 : mcmc] Progress @ 2025-02-13 18:48:18 : 256 steps taken, and 36 accepted.
[0 : mcmc] Progress @ 2025-02-13 18:48:39 : 204 steps taken, and 39 accepted.
[2 : mcmc] Progress @ 2025-02-13 18:48:49 : 218 steps taken, and 38 accepted.
[3 : mcmc] Progress @ 2025-02-13 18:49:07 : 331 steps taken, and 56 accepted.
[1 : mcmc] Progress @ 2025-02-13 18:49:21 : 261 steps taken, and 36 accepted.
[0 : mcmc] Progress @ 2025-02-13 18:49:48 : 208 steps taken, and 40 accepted.
[2 : mcmc] Progress @ 2025-02-13 18:50:09 : 222 steps taken, and 39 accepted.
[3 : mcmc] Progress @ 2025-02-13 18:50:10 : 334 steps taken, and 58 accepted.
[1 : mcmc] Progress @ 2025-02-13 18:50:33 : 267 steps taken, and 36 accepted.
[0 : mcmc] Progress @ 2025-02-13 18:50:58 : 211 steps taken, and 41 accepted.
[3 : mcmc] Progress @ 2025-02-13 18:51:10 : 340 steps taken, and 60 accepted.
[2 : mcmc] Progress @ 2025-02-13 18:51:16 : 229 steps taken, and 41 accepted.
[1 : mcmc] Progress @ 2025-02-13 18:51:35 : 272 steps taken, and 37 accepted.
[0 : mcmc] Progress @ 2025-02-13 18:52:01 : 216 steps taken, and 41 accepted.
[2 : mcmc] Progress @ 2025-02-13 18:52:21 : 233 steps taken, and 43 accepted.
[3 : mcmc] Progress @ 2025-02-13 18:52:30 : 346 steps taken, and 62 accepted.
[1 : mcmc] Progress @ 2025-02-13 18:52:50 : 276 steps taken, and 37 accepted.
[0 : mcmc] Progress @ 2025-02-13 18:53:10 : 220 steps taken, and 41 accepted.
[2 : mcmc] Progress @ 2025-02-13 18:53:33 : 238 steps taken, and 43 accepted.
[3 : mcmc] Progress @ 2025-02-13 18:53:51 : 350 steps taken, and 63 accepted.
[1 : mcmc] Progress @ 2025-02-13 18:53:57 : 280 steps taken, and 38 accepted.
[0 : mcmc] Progress @ 2025-02-13 18:54:13 : 223 steps taken, and 42 accepted.
[2 : mcmc] Progress @ 2025-02-13 18:54:53 : 242 steps taken, and 44 accepted.
[3 : mcmc] Progress @ 2025-02-13 18:55:00 : 354 steps taken, and 63 accepted.
[1 : mcmc] Progress @ 2025-02-13 18:55:11 : 285 steps taken, and 40 accepted.
[0 : mcmc] Progress @ 2025-02-13 18:55:29 : 226 steps taken, and 42 accepted.
[2 : mcmc] Progress @ 2025-02-13 18:55:54 : 245 steps taken, and 46 accepted.
[3 : mcmc] Progress @ 2025-02-13 18:56:08 : 359 steps taken, and 64 accepted.
[1 : mcmc] Progress @ 2025-02-13 18:56:15 : 289 steps taken, and 40 accepted.
[0 : mcmc] Progress @ 2025-02-13 18:56:55 : 233 steps taken, and 45 accepted.
[2 : mcmc] Progress @ 2025-02-13 18:57:17 : 248 steps taken, and 47 accepted.
[3 : mcmc] Progress @ 2025-02-13 18:57:19 : 362 steps taken, and 64 accepted.
[1 : mcmc] Progress @ 2025-02-13 18:57:22 : 293 steps taken, and 40 accepted.
[0 : mcmc] Progress @ 2025-02-13 18:58:05 : 239 steps taken, and 46 accepted.
[1 : mcmc] Progress @ 2025-02-13 18:58:31 : 297 steps taken, and 41 accepted.
[3 : mcmc] Progress @ 2025-02-13 18:58:33 : 371 steps taken, and 65 accepted.
[2 : mcmc] Progress @ 2025-02-13 18:58:35 : 251 steps taken, and 47 accepted.
[0 : mcmc] Progress @ 2025-02-13 18:59:10 : 242 steps taken, and 46 accepted.
[2 : mcmc] Progress @ 2025-02-13 18:59:38 : 254 steps taken, and 49 accepted.
[1 : mcmc] Progress @ 2025-02-13 18:59:46 : 301 steps taken, and 43 accepted.
[3 : mcmc] Progress @ 2025-02-13 18:59:50 : 374 steps taken, and 68 accepted.
[0 : mcmc] Progress @ 2025-02-13 19:00:19 : 248 steps taken, and 48 accepted.
[2 : mcmc] Progress @ 2025-02-13 19:00:58 : 259 steps taken, and 51 accepted.
[1 : mcmc] Progress @ 2025-02-13 19:01:04 : 305 steps taken, and 44 accepted.
[3 : mcmc] Progress @ 2025-02-13 19:01:08 : 377 steps taken, and 68 accepted.
[0 : mcmc] Progress @ 2025-02-13 19:01:25 : 252 steps taken, and 50 accepted.
[2 : mcmc] Progress @ 2025-02-13 19:02:01 : 262 steps taken, and 52 accepted.
[3 : mcmc] Progress @ 2025-02-13 19:02:19 : 381 steps taken, and 70 accepted.
[1 : mcmc] Progress @ 2025-02-13 19:02:29 : 310 steps taken, and 45 accepted.
[0 : mcmc] Progress @ 2025-02-13 19:02:33 : 256 steps taken, and 51 accepted.
[2 : mcmc] Progress @ 2025-02-13 19:03:21 : 265 steps taken, and 53 accepted.
[3 : mcmc] Progress @ 2025-02-13 19:03:26 : 384 steps taken, and 71 accepted.
[0 : mcmc] Progress @ 2025-02-13 19:03:41 : 262 steps taken, and 52 accepted.
[1 : mcmc] Progress @ 2025-02-13 19:03:50 : 313 steps taken, and 46 accepted.
[2 : mcmc] Progress @ 2025-02-13 19:04:21 : 269 steps taken, and 54 accepted.
[3 : mcmc] Progress @ 2025-02-13 19:04:31 : 387 steps taken, and 71 accepted.
[0 : mcmc] Progress @ 2025-02-13 19:04:48 : 265 steps taken, and 53 accepted.
[1 : mcmc] Progress @ 2025-02-13 19:05:04 : 316 steps taken, and 46 accepted.
[2 : mcmc] Progress @ 2025-02-13 19:05:43 : 273 steps taken, and 56 accepted.
[3 : mcmc] Progress @ 2025-02-13 19:05:50 : 390 steps taken, and 71 accepted.
[0 : mcmc] Progress @ 2025-02-13 19:05:58 : 269 steps taken, and 54 accepted.
[1 : mcmc] Progress @ 2025-02-13 19:06:28 : 319 steps taken, and 46 accepted.
[2 : mcmc] Progress @ 2025-02-13 19:06:54 : 277 steps taken, and 56 accepted.
[3 : mcmc] Progress @ 2025-02-13 19:06:57 : 393 steps taken, and 72 accepted.
[0 : mcmc] Progress @ 2025-02-13 19:07:21 : 272 steps taken, and 55 accepted.
[1 : mcmc] Progress @ 2025-02-13 19:07:40 : 323 steps taken, and 46 accepted.
[2 : mcmc] Progress @ 2025-02-13 19:07:55 : 280 steps taken, and 56 accepted.
[3 : mcmc] Progress @ 2025-02-13 19:08:08 : 397 steps taken, and 73 accepted.
[0 : mcmc] Progress @ 2025-02-13 19:08:40 : 275 steps taken, and 56 accepted.
[1 : mcmc] Progress @ 2025-02-13 19:08:53 : 326 steps taken, and 47 accepted.
[2 : mcmc] Progress @ 2025-02-13 19:09:07 : 283 steps taken, and 57 accepted.
[3 : mcmc] Progress @ 2025-02-13 19:09:14 : 402 steps taken, and 74 accepted.
[0 : mcmc] Progress @ 2025-02-13 19:09:52 : 278 steps taken, and 57 accepted.
[1 : mcmc] Progress @ 2025-02-13 19:10:04 : 329 steps taken, and 49 accepted.
[2 : mcmc] Progress @ 2025-02-13 19:10:11 : 290 steps taken, and 57 accepted.
[3 : mcmc] Progress @ 2025-02-13 19:10:36 : 405 steps taken, and 75 accepted.
[1 : mcmc] Progress @ 2025-02-13 19:11:12 : 332 steps taken, and 50 accepted.
[0 : mcmc] Progress @ 2025-02-13 19:11:17 : 284 steps taken, and 59 accepted.
[2 : mcmc] Progress @ 2025-02-13 19:11:24 : 296 steps taken, and 58 accepted.
[3 : mcmc] Progress @ 2025-02-13 19:11:43 : 409 steps taken, and 76 accepted.
[0 : mcmc] Progress @ 2025-02-13 19:12:19 : 287 steps taken, and 59 accepted.
[1 : mcmc] Progress @ 2025-02-13 19:12:21 : 336 steps taken, and 51 accepted.
[2 : mcmc] Progress @ 2025-02-13 19:12:49 : 302 steps taken, and 60 accepted.
[3 : mcmc] Progress @ 2025-02-13 19:12:50 : 412 steps taken, and 76 accepted.
[1 : mcmc] Progress @ 2025-02-13 19:13:23 : 341 steps taken, and 52 accepted.
[0 : mcmc] Progress @ 2025-02-13 19:13:26 : 291 steps taken, and 60 accepted.
[3 : mcmc] Progress @ 2025-02-13 19:14:07 : 417 steps taken, and 78 accepted.
[2 : mcmc] Progress @ 2025-02-13 19:14:10 : 305 steps taken, and 60 accepted.
[0 : mcmc] Progress @ 2025-02-13 19:14:39 : 294 steps taken, and 61 accepted.
[1 : mcmc] Progress @ 2025-02-13 19:14:44 : 347 steps taken, and 53 accepted.
[2 : mcmc] Progress @ 2025-02-13 19:15:13 : 308 steps taken, and 62 accepted.
[3 : mcmc] Progress @ 2025-02-13 19:15:21 : 422 steps taken, and 78 accepted.
[0 : mcmc] Progress @ 2025-02-13 19:16:01 : 297 steps taken, and 61 accepted.
[1 : mcmc] Progress @ 2025-02-13 19:16:05 : 350 steps taken, and 54 accepted.
[2 : mcmc] Progress @ 2025-02-13 19:16:21 : 313 steps taken, and 63 accepted.
[3 : mcmc] Progress @ 2025-02-13 19:16:31 : 428 steps taken, and 81 accepted.
[1 : mcmc] Progress @ 2025-02-13 19:17:15 : 354 steps taken, and 55 accepted.
[0 : mcmc] Progress @ 2025-02-13 19:17:22 : 300 steps taken, and 61 accepted.
[2 : mcmc] Progress @ 2025-02-13 19:17:39 : 318 steps taken, and 64 accepted.
[3 : mcmc] Progress @ 2025-02-13 19:17:52 : 432 steps taken, and 82 accepted.
[1 : mcmc] Progress @ 2025-02-13 19:18:28 : 357 steps taken, and 55 accepted.
[0 : mcmc] Progress @ 2025-02-13 19:18:33 : 303 steps taken, and 62 accepted.
[2 : mcmc] Progress @ 2025-02-13 19:18:48 : 322 steps taken, and 64 accepted.
[3 : mcmc] Progress @ 2025-02-13 19:19:03 : 435 steps taken, and 84 accepted.
[1 : mcmc] Progress @ 2025-02-13 19:19:37 : 360 steps taken, and 56 accepted.
[0 : mcmc] Progress @ 2025-02-13 19:19:45 : 306 steps taken, and 63 accepted.
[2 : mcmc] Progress @ 2025-02-13 19:19:55 : 325 steps taken, and 65 accepted.
[3 : mcmc] Progress @ 2025-02-13 19:20:16 : 438 steps taken, and 84 accepted.
[1 : mcmc] Progress @ 2025-02-13 19:20:47 : 366 steps taken, and 58 accepted.
[0 : mcmc] Progress @ 2025-02-13 19:21:06 : 311 steps taken, and 65 accepted.
[2 : mcmc] Progress @ 2025-02-13 19:21:19 : 332 steps taken, and 66 accepted.
[3 : mcmc] Progress @ 2025-02-13 19:21:34 : 441 steps taken, and 84 accepted.
[1 : mcmc] Progress @ 2025-02-13 19:21:58 : 369 steps taken, and 60 accepted.
[0 : mcmc] Progress @ 2025-02-13 19:22:19 : 315 steps taken, and 67 accepted.
[2 : mcmc] Progress @ 2025-02-13 19:22:21 : 338 steps taken, and 68 accepted.
[3 : mcmc] Progress @ 2025-02-13 19:22:49 : 444 steps taken, and 84 accepted.
[1 : mcmc] Progress @ 2025-02-13 19:23:17 : 373 steps taken, and 61 accepted.
[0 : mcmc] Progress @ 2025-02-13 19:23:26 : 318 steps taken, and 68 accepted.
[2 : mcmc] Progress @ 2025-02-13 19:23:42 : 344 steps taken, and 68 accepted.
[3 : mcmc] Progress @ 2025-02-13 19:24:00 : 447 steps taken, and 85 accepted.
[0 : mcmc] Progress @ 2025-02-13 19:24:33 : 321 steps taken, and 68 accepted.
[1 : mcmc] Progress @ 2025-02-13 19:24:33 : 376 steps taken, and 62 accepted.
[2 : mcmc] Progress @ 2025-02-13 19:24:57 : 353 steps taken, and 69 accepted.
[3 : mcmc] Progress @ 2025-02-13 19:25:27 : 450 steps taken, and 86 accepted.
[1 : mcmc] Progress @ 2025-02-13 19:25:41 : 380 steps taken, and 62 accepted.
[0 : mcmc] Progress @ 2025-02-13 19:25:56 : 324 steps taken, and 69 accepted.
[2 : mcmc] Progress @ 2025-02-13 19:26:01 : 358 steps taken, and 69 accepted.
[3 : mcmc] Progress @ 2025-02-13 19:26:45 : 454 steps taken, and 86 accepted.
[1 : mcmc] Progress @ 2025-02-13 19:26:57 : 387 steps taken, and 63 accepted.
[2 : mcmc] Progress @ 2025-02-13 19:27:07 : 365 steps taken, and 69 accepted.
[0 : mcmc] Progress @ 2025-02-13 19:27:20 : 328 steps taken, and 69 accepted.
[3 : mcmc] Progress @ 2025-02-13 19:27:55 : 457 steps taken, and 88 accepted.
[1 : mcmc] Progress @ 2025-02-13 19:28:00 : 391 steps taken, and 63 accepted.
[2 : mcmc] Progress @ 2025-02-13 19:28:16 : 369 steps taken, and 70 accepted.
[0 : mcmc] Progress @ 2025-02-13 19:28:42 : 333 steps taken, and 70 accepted.
[3 : mcmc] Progress @ 2025-02-13 19:29:06 : 460 steps taken, and 88 accepted.
[1 : mcmc] Progress @ 2025-02-13 19:29:15 : 395 steps taken, and 64 accepted.
[2 : mcmc] Progress @ 2025-02-13 19:29:42 : 373 steps taken, and 72 accepted.
[0 : mcmc] Progress @ 2025-02-13 19:29:54 : 336 steps taken, and 70 accepted.
[1 : mcmc] Progress @ 2025-02-13 19:30:17 : 399 steps taken, and 64 accepted.
[3 : mcmc] Progress @ 2025-02-13 19:30:27 : 463 steps taken, and 89 accepted.
[2 : mcmc] Progress @ 2025-02-13 19:31:00 : 378 steps taken, and 72 accepted.
[0 : mcmc] Progress @ 2025-02-13 19:31:14 : 340 steps taken, and 71 accepted.
[1 : mcmc] Progress @ 2025-02-13 19:31:23 : 404 steps taken, and 65 accepted.
[3 : mcmc] Progress @ 2025-02-13 19:31:37 : 466 steps taken, and 89 accepted.
[2 : mcmc] Progress @ 2025-02-13 19:32:16 : 381 steps taken, and 73 accepted.
[1 : mcmc] Progress @ 2025-02-13 19:32:30 : 412 steps taken, and 65 accepted.
[0 : mcmc] Progress @ 2025-02-13 19:32:33 : 346 steps taken, and 72 accepted.
[3 : mcmc] Progress @ 2025-02-13 19:32:47 : 469 steps taken, and 90 accepted.
[2 : mcmc] Progress @ 2025-02-13 19:33:21 : 385 steps taken, and 73 accepted.
[1 : mcmc] Progress @ 2025-02-13 19:33:31 : 418 steps taken, and 66 accepted.
[0 : mcmc] Progress @ 2025-02-13 19:33:39 : 351 steps taken, and 74 accepted.
[3 : mcmc] Progress @ 2025-02-13 19:33:57 : 474 steps taken, and 90 accepted.
[2 : mcmc] Progress @ 2025-02-13 19:34:33 : 390 steps taken, and 73 accepted.
[0 : mcmc] Progress @ 2025-02-13 19:34:40 : 355 steps taken, and 75 accepted.
[1 : mcmc] Progress @ 2025-02-13 19:34:49 : 426 steps taken, and 69 accepted.
[3 : mcmc] Progress @ 2025-02-13 19:35:09 : 477 steps taken, and 91 accepted.
[2 : mcmc] Progress @ 2025-02-13 19:35:40 : 395 steps taken, and 73 accepted.
[0 : mcmc] Progress @ 2025-02-13 19:35:57 : 359 steps taken, and 77 accepted.
[3 : mcmc] Progress @ 2025-02-13 19:36:10 : 481 steps taken, and 91 accepted.
[1 : mcmc] Progress @ 2025-02-13 19:36:12 : 431 steps taken, and 69 accepted.
[2 : mcmc] Progress @ 2025-02-13 19:36:54 : 399 steps taken, and 74 accepted.
[0 : mcmc] Progress @ 2025-02-13 19:37:20 : 362 steps taken, and 78 accepted.
[1 : mcmc] Progress @ 2025-02-13 19:37:25 : 439 steps taken, and 69 accepted.
[3 : mcmc] Progress @ 2025-02-13 19:37:29 : 484 steps taken, and 91 accepted.
[2 : mcmc] Progress @ 2025-02-13 19:38:01 : 402 steps taken, and 75 accepted.
[0 : mcmc] Progress @ 2025-02-13 19:38:20 : 365 steps taken, and 80 accepted.
[1 : mcmc] Progress @ 2025-02-13 19:38:25 : 443 steps taken, and 69 accepted.
[3 : mcmc] Progress @ 2025-02-13 19:38:54 : 488 steps taken, and 93 accepted.
[2 : mcmc] Progress @ 2025-02-13 19:39:05 : 408 steps taken, and 76 accepted.
[1 : mcmc] Progress @ 2025-02-13 19:39:35 : 447 steps taken, and 69 accepted.
[0 : mcmc] Progress @ 2025-02-13 19:39:43 : 368 steps taken, and 80 accepted.
[3 : mcmc] Progress @ 2025-02-13 19:40:05 : 493 steps taken, and 93 accepted.
[2 : mcmc] Progress @ 2025-02-13 19:40:14 : 411 steps taken, and 76 accepted.
[0 : mcmc] Progress @ 2025-02-13 19:40:56 : 372 steps taken, and 80 accepted.
[1 : mcmc] Progress @ 2025-02-13 19:40:58 : 453 steps taken, and 69 accepted.
[3 : mcmc] Progress @ 2025-02-13 19:41:18 : 496 steps taken, and 93 accepted.
[2 : mcmc] Progress @ 2025-02-13 19:41:23 : 414 steps taken, and 78 accepted.
[1 : mcmc] Progress @ 2025-02-13 19:42:08 : 457 steps taken, and 72 accepted.
[0 : mcmc] Progress @ 2025-02-13 19:42:14 : 376 steps taken, and 81 accepted.
[3 : mcmc] Progress @ 2025-02-13 19:42:37 : 501 steps taken, and 93 accepted.
[2 : mcmc] Progress @ 2025-02-13 19:42:42 : 417 steps taken, and 79 accepted.
[1 : mcmc] Progress @ 2025-02-13 19:43:11 : 461 steps taken, and 73 accepted.
[0 : mcmc] Progress @ 2025-02-13 19:43:31 : 379 steps taken, and 81 accepted.
[3 : mcmc] Progress @ 2025-02-13 19:43:46 : 506 steps taken, and 95 accepted.
[2 : mcmc] Progress @ 2025-02-13 19:43:58 : 423 steps taken, and 81 accepted.
[1 : mcmc] Progress @ 2025-02-13 19:44:14 : 468 steps taken, and 75 accepted.
[0 : mcmc] Progress @ 2025-02-13 19:44:38 : 382 steps taken, and 83 accepted.
[3 : mcmc] Progress @ 2025-02-13 19:44:58 : 512 steps taken, and 96 accepted.
[2 : mcmc] Progress @ 2025-02-13 19:45:07 : 428 steps taken, and 81 accepted.
[1 : mcmc] Progress @ 2025-02-13 19:45:33 : 472 steps taken, and 75 accepted.
[0 : mcmc] Progress @ 2025-02-13 19:45:51 : 387 steps taken, and 83 accepted.
[3 : mcmc] Progress @ 2025-02-13 19:46:03 : 517 steps taken, and 97 accepted.
[2 : mcmc] Progress @ 2025-02-13 19:46:20 : 431 steps taken, and 82 accepted.
[1 : mcmc] Progress @ 2025-02-13 19:46:35 : 476 steps taken, and 76 accepted.
[0 : mcmc] Progress @ 2025-02-13 19:47:11 : 394 steps taken, and 84 accepted.
[3 : mcmc] Progress @ 2025-02-13 19:47:22 : 521 steps taken, and 98 accepted.
[2 : mcmc] Progress @ 2025-02-13 19:47:43 : 435 steps taken, and 82 accepted.
[1 : mcmc] Progress @ 2025-02-13 19:47:56 : 481 steps taken, and 76 accepted.
[0 : mcmc] Progress @ 2025-02-13 19:48:12 : 397 steps taken, and 85 accepted.
[3 : mcmc] Progress @ 2025-02-13 19:48:33 : 524 steps taken, and 98 accepted.
[2 : mcmc] Progress @ 2025-02-13 19:48:55 : 438 steps taken, and 82 accepted.
[1 : mcmc] Progress @ 2025-02-13 19:49:16 : 490 steps taken, and 77 accepted.
[0 : mcmc] Progress @ 2025-02-13 19:49:21 : 401 steps taken, and 86 accepted.
[3 : mcmc] Progress @ 2025-02-13 19:49:43 : 529 steps taken, and 100 accepted.
[2 : mcmc] Progress @ 2025-02-13 19:50:04 : 441 steps taken, and 82 accepted.
[0 : mcmc] Progress @ 2025-02-13 19:50:31 : 404 steps taken, and 86 accepted.
[1 : mcmc] Progress @ 2025-02-13 19:50:39 : 493 steps taken, and 78 accepted.
[3 : mcmc] Progress @ 2025-02-13 19:50:56 : 534 steps taken, and 100 accepted.
[2 : mcmc] Progress @ 2025-02-13 19:51:24 : 444 steps taken, and 83 accepted.
[0 : mcmc] Progress @ 2025-02-13 19:51:46 : 407 steps taken, and 87 accepted.
[1 : mcmc] Progress @ 2025-02-13 19:51:48 : 496 steps taken, and 79 accepted.
[3 : mcmc] Progress @ 2025-02-13 19:52:07 : 538 steps taken, and 102 accepted.
[2 : mcmc] Progress @ 2025-02-13 19:52:36 : 447 steps taken, and 84 accepted.
[1 : mcmc] Progress @ 2025-02-13 19:52:57 : 499 steps taken, and 80 accepted.
[0 : mcmc] Progress @ 2025-02-13 19:53:03 : 413 steps taken, and 88 accepted.
[3 : mcmc] Progress @ 2025-02-13 19:53:18 : 544 steps taken, and 103 accepted.
[2 : mcmc] Progress @ 2025-02-13 19:53:44 : 450 steps taken, and 85 accepted.
[1 : mcmc] Progress @ 2025-02-13 19:54:03 : 503 steps taken, and 81 accepted.
[0 : mcmc] Progress @ 2025-02-13 19:54:18 : 417 steps taken, and 90 accepted.
[3 : mcmc] Progress @ 2025-02-13 19:54:26 : 547 steps taken, and 103 accepted.
[2 : mcmc] Progress @ 2025-02-13 19:54:56 : 453 steps taken, and 86 accepted.
[1 : mcmc] Progress @ 2025-02-13 19:55:23 : 506 steps taken, and 82 accepted.
[0 : mcmc] Progress @ 2025-02-13 19:55:24 : 422 steps taken, and 90 accepted.
[3 : mcmc] Progress @ 2025-02-13 19:55:39 : 550 steps taken, and 103 accepted.
[2 : mcmc] Progress @ 2025-02-13 19:56:20 : 459 steps taken, and 87 accepted.
[0 : mcmc] Progress @ 2025-02-13 19:56:47 : 425 steps taken, and 92 accepted.
[1 : mcmc] Progress @ 2025-02-13 19:56:47 : 510 steps taken, and 83 accepted.
[3 : mcmc] Progress @ 2025-02-13 19:57:00 : 553 steps taken, and 105 accepted.
[2 : mcmc] Progress @ 2025-02-13 19:57:27 : 462 steps taken, and 87 accepted.
[0 : mcmc] Progress @ 2025-02-13 19:57:58 : 428 steps taken, and 93 accepted.
[1 : mcmc] Progress @ 2025-02-13 19:58:08 : 513 steps taken, and 85 accepted.
[3 : mcmc] Progress @ 2025-02-13 19:58:10 : 556 steps taken, and 106 accepted.
[2 : mcmc] Progress @ 2025-02-13 19:58:35 : 466 steps taken, and 87 accepted.
[0 : mcmc] Progress @ 2025-02-13 19:59:10 : 433 steps taken, and 93 accepted.
[1 : mcmc] Progress @ 2025-02-13 19:59:22 : 516 steps taken, and 85 accepted.
[3 : mcmc] Progress @ 2025-02-13 19:59:44 : 559 steps taken, and 107 accepted.
[2 : mcmc] Progress @ 2025-02-13 19:59:45 : 470 steps taken, and 88 accepted.
[0 : mcmc] Progress @ 2025-02-13 20:00:17 : 436 steps taken, and 93 accepted.
[1 : mcmc] Progress @ 2025-02-13 20:00:36 : 521 steps taken, and 85 accepted.
[2 : mcmc] Progress @ 2025-02-13 20:00:52 : 474 steps taken, and 90 accepted.
[3 : mcmc] Progress @ 2025-02-13 20:00:52 : 562 steps taken, and 108 accepted.
[0 : mcmc] Progress @ 2025-02-13 20:01:40 : 439 steps taken, and 94 accepted.
[1 : mcmc] Progress @ 2025-02-13 20:01:47 : 526 steps taken, and 85 accepted.
[2 : mcmc] Progress @ 2025-02-13 20:01:58 : 477 steps taken, and 92 accepted.
[3 : mcmc] Progress @ 2025-02-13 20:01:59 : 566 steps taken, and 109 accepted.
[0 : mcmc] Progress @ 2025-02-13 20:02:47 : 442 steps taken, and 95 accepted.
[1 : mcmc] Progress @ 2025-02-13 20:02:59 : 529 steps taken, and 86 accepted.
[3 : mcmc] Progress @ 2025-02-13 20:03:13 : 570 steps taken, and 110 accepted.
[2 : mcmc] Progress @ 2025-02-13 20:03:18 : 480 steps taken, and 93 accepted.
[0 : mcmc] Progress @ 2025-02-13 20:04:12 : 445 steps taken, and 96 accepted.
[1 : mcmc] Progress @ 2025-02-13 20:04:18 : 533 steps taken, and 87 accepted.
[2 : mcmc] Progress @ 2025-02-13 20:04:18 : 483 steps taken, and 94 accepted.
[3 : mcmc] Progress @ 2025-02-13 20:04:33 : 574 steps taken, and 111 accepted.
[0 : mcmc] Progress @ 2025-02-13 20:05:24 : 448 steps taken, and 96 accepted.
[1 : mcmc] Progress @ 2025-02-13 20:05:25 : 536 steps taken, and 87 accepted.
[2 : mcmc] Progress @ 2025-02-13 20:05:41 : 486 steps taken, and 94 accepted.
[3 : mcmc] Progress @ 2025-02-13 20:05:44 : 577 steps taken, and 112 accepted.
[1 : mcmc] Progress @ 2025-02-13 20:06:35 : 540 steps taken, and 88 accepted.
[0 : mcmc] Progress @ 2025-02-13 20:06:36 : 451 steps taken, and 97 accepted.
[3 : mcmc] Progress @ 2025-02-13 20:06:44 : 580 steps taken, and 114 accepted.
[2 : mcmc] Progress @ 2025-02-13 20:06:57 : 489 steps taken, and 94 accepted.
[0 : mcmc] Progress @ 2025-02-13 20:07:46 : 454 steps taken, and 98 accepted.
[1 : mcmc] Progress @ 2025-02-13 20:07:55 : 544 steps taken, and 90 accepted.
[2 : mcmc] Progress @ 2025-02-13 20:07:59 : 492 steps taken, and 95 accepted.
[3 : mcmc] Progress @ 2025-02-13 20:08:02 : 584 steps taken, and 115 accepted.
[0 : mcmc] Progress @ 2025-02-13 20:08:56 : 457 steps taken, and 98 accepted.
[1 : mcmc] Progress @ 2025-02-13 20:09:03 : 547 steps taken, and 92 accepted.
[3 : mcmc] Progress @ 2025-02-13 20:09:14 : 588 steps taken, and 115 accepted.
[2 : mcmc] Progress @ 2025-02-13 20:09:14 : 496 steps taken, and 96 accepted.
[0 : mcmc] Progress @ 2025-02-13 20:10:13 : 461 steps taken, and 99 accepted.
[1 : mcmc] Progress @ 2025-02-13 20:10:14 : 552 steps taken, and 93 accepted.
[3 : mcmc] Progress @ 2025-02-13 20:10:20 : 592 steps taken, and 115 accepted.
[2 : mcmc] Progress @ 2025-02-13 20:10:34 : 500 steps taken, and 98 accepted.
[0 : mcmc] Progress @ 2025-02-13 20:11:18 : 467 steps taken, and 99 accepted.
[1 : mcmc] Progress @ 2025-02-13 20:11:29 : 559 steps taken, and 95 accepted.
[3 : mcmc] Progress @ 2025-02-13 20:11:44 : 599 steps taken, and 118 accepted.
[2 : mcmc] Progress @ 2025-02-13 20:11:51 : 504 steps taken, and 98 accepted.
[0 : mcmc] Progress @ 2025-02-13 20:12:20 : 471 steps taken, and 100 accepted.
[1 : mcmc] Progress @ 2025-02-13 20:12:34 : 565 steps taken, and 96 accepted.
[3 : mcmc] Progress @ 2025-02-13 20:12:52 : 602 steps taken, and 119 accepted.
[2 : mcmc] Progress @ 2025-02-13 20:13:09 : 509 steps taken, and 100 accepted.
[0 : mcmc] Progress @ 2025-02-13 20:13:42 : 476 steps taken, and 100 accepted.
[1 : mcmc] Progress @ 2025-02-13 20:13:58 : 572 steps taken, and 96 accepted.
[3 : mcmc] Progress @ 2025-02-13 20:14:03 : 605 steps taken, and 120 accepted.
[2 : mcmc] Progress @ 2025-02-13 20:14:35 : 513 steps taken, and 101 accepted.
[0 : mcmc] Progress @ 2025-02-13 20:14:49 : 479 steps taken, and 100 accepted.
[3 : mcmc] Progress @ 2025-02-13 20:15:11 : 608 steps taken, and 121 accepted.
[1 : mcmc] Progress @ 2025-02-13 20:15:12 : 577 steps taken, and 97 accepted.
[2 : mcmc] Progress @ 2025-02-13 20:15:46 : 518 steps taken, and 101 accepted.
[0 : mcmc] Progress @ 2025-02-13 20:15:52 : 483 steps taken, and 101 accepted.
[3 : mcmc] Progress @ 2025-02-13 20:16:21 : 611 steps taken, and 121 accepted.
[1 : mcmc] Progress @ 2025-02-13 20:16:25 : 580 steps taken, and 97 accepted.
[2 : mcmc] Progress @ 2025-02-13 20:16:55 : 522 steps taken, and 102 accepted.
[0 : mcmc] Progress @ 2025-02-13 20:17:13 : 487 steps taken, and 102 accepted.
[1 : mcmc] Progress @ 2025-02-13 20:17:30 : 588 steps taken, and 98 accepted.
[3 : mcmc] Progress @ 2025-02-13 20:17:32 : 617 steps taken, and 121 accepted.
[2 : mcmc] Progress @ 2025-02-13 20:18:17 : 525 steps taken, and 104 accepted.
[0 : mcmc] Progress @ 2025-02-13 20:18:17 : 490 steps taken, and 103 accepted.
[1 : mcmc] Progress @ 2025-02-13 20:18:37 : 591 steps taken, and 99 accepted.
[3 : mcmc] Progress @ 2025-02-13 20:18:57 : 622 steps taken, and 122 accepted.
[2 : mcmc] Progress @ 2025-02-13 20:19:27 : 528 steps taken, and 106 accepted.
[0 : mcmc] Progress @ 2025-02-13 20:19:36 : 493 steps taken, and 103 accepted.
[1 : mcmc] Progress @ 2025-02-13 20:19:58 : 594 steps taken, and 99 accepted.
[3 : mcmc] Progress @ 2025-02-13 20:20:19 : 626 steps taken, and 122 accepted.
[2 : mcmc] Progress @ 2025-02-13 20:20:36 : 531 steps taken, and 107 accepted.
[0 : mcmc] Progress @ 2025-02-13 20:20:47 : 497 steps taken, and 103 accepted.
[1 : mcmc] Progress @ 2025-02-13 20:21:09 : 598 steps taken, and 100 accepted.
[3 : mcmc] Progress @ 2025-02-13 20:21:33 : 632 steps taken, and 122 accepted.
[2 : mcmc] Progress @ 2025-02-13 20:21:45 : 534 steps taken, and 107 accepted.
[0 : mcmc] Progress @ 2025-02-13 20:21:53 : 502 steps taken, and 105 accepted.
[1 : mcmc] Progress @ 2025-02-13 20:22:16 : 602 steps taken, and 102 accepted.
[3 : mcmc] Progress @ 2025-02-13 20:22:42 : 636 steps taken, and 122 accepted.
[2 : mcmc] Progress @ 2025-02-13 20:22:57 : 537 steps taken, and 108 accepted.
[0 : mcmc] Progress @ 2025-02-13 20:23:09 : 505 steps taken, and 107 accepted.
[1 : mcmc] Progress @ 2025-02-13 20:23:33 : 605 steps taken, and 102 accepted.
[3 : mcmc] Progress @ 2025-02-13 20:23:51 : 639 steps taken, and 123 accepted.
[2 : mcmc] Progress @ 2025-02-13 20:24:20 : 541 steps taken, and 109 accepted.
[0 : mcmc] Progress @ 2025-02-13 20:24:26 : 512 steps taken, and 108 accepted.
[1 : mcmc] Progress @ 2025-02-13 20:24:56 : 609 steps taken, and 102 accepted.
[3 : mcmc] Progress @ 2025-02-13 20:25:06 : 643 steps taken, and 123 accepted.
[0 : mcmc] Progress @ 2025-02-13 20:25:40 : 522 steps taken, and 108 accepted.
[2 : mcmc] Progress @ 2025-02-13 20:25:42 : 545 steps taken, and 109 accepted.
[3 : mcmc] Progress @ 2025-02-13 20:26:07 : 647 steps taken, and 123 accepted.
[1 : mcmc] Progress @ 2025-02-13 20:26:09 : 613 steps taken, and 103 accepted.
[2 : mcmc] Progress @ 2025-02-13 20:26:43 : 549 steps taken, and 111 accepted.
[0 : mcmc] Progress @ 2025-02-13 20:26:54 : 525 steps taken, and 109 accepted.
[1 : mcmc] Progress @ 2025-02-13 20:27:13 : 616 steps taken, and 104 accepted.
[3 : mcmc] Progress @ 2025-02-13 20:27:18 : 650 steps taken, and 123 accepted.
[2 : mcmc] Progress @ 2025-02-13 20:28:00 : 552 steps taken, and 111 accepted.
[0 : mcmc] Progress @ 2025-02-13 20:28:04 : 528 steps taken, and 109 accepted.
[1 : mcmc] Progress @ 2025-02-13 20:28:21 : 625 steps taken, and 105 accepted.
[3 : mcmc] Progress @ 2025-02-13 20:28:41 : 654 steps taken, and 124 accepted.
[0 : mcmc] Progress @ 2025-02-13 20:29:11 : 531 steps taken, and 109 accepted.
[2 : mcmc] Progress @ 2025-02-13 20:29:23 : 557 steps taken, and 113 accepted.
[1 : mcmc] Progress @ 2025-02-13 20:29:44 : 629 steps taken, and 106 accepted.
[3 : mcmc] Progress @ 2025-02-13 20:29:49 : 657 steps taken, and 124 accepted.
[0 : mcmc] Progress @ 2025-02-13 20:30:32 : 536 steps taken, and 110 accepted.
[2 : mcmc] Progress @ 2025-02-13 20:30:38 : 563 steps taken, and 113 accepted.
[1 : mcmc] Progress @ 2025-02-13 20:30:49 : 635 steps taken, and 107 accepted.
[3 : mcmc] Progress @ 2025-02-13 20:31:01 : 660 steps taken, and 124 accepted.
[0 : mcmc] Progress @ 2025-02-13 20:31:40 : 539 steps taken, and 110 accepted.
[2 : mcmc] Progress @ 2025-02-13 20:31:50 : 569 steps taken, and 114 accepted.
[1 : mcmc] Progress @ 2025-02-13 20:32:01 : 638 steps taken, and 109 accepted.
[3 : mcmc] Progress @ 2025-02-13 20:32:08 : 665 steps taken, and 125 accepted.
[2 : mcmc] Progress @ 2025-02-13 20:32:54 : 573 steps taken, and 115 accepted.
[0 : mcmc] Progress @ 2025-02-13 20:32:56 : 542 steps taken, and 110 accepted.
[1 : mcmc] Progress @ 2025-02-13 20:33:17 : 642 steps taken, and 110 accepted.
[3 : mcmc] Progress @ 2025-02-13 20:33:27 : 668 steps taken, and 127 accepted.
[2 : mcmc] Progress @ 2025-02-13 20:34:12 : 576 steps taken, and 115 accepted.
[0 : mcmc] Progress @ 2025-02-13 20:34:13 : 545 steps taken, and 111 accepted.
[3 : mcmc] Progress @ 2025-02-13 20:34:33 : 671 steps taken, and 127 accepted.
[1 : mcmc] Progress @ 2025-02-13 20:34:37 : 645 steps taken, and 110 accepted.
[2 : mcmc] Progress @ 2025-02-13 20:35:15 : 579 steps taken, and 116 accepted.
[0 : mcmc] Progress @ 2025-02-13 20:35:18 : 553 steps taken, and 112 accepted.
[3 : mcmc] Progress @ 2025-02-13 20:35:40 : 674 steps taken, and 128 accepted.
[1 : mcmc] Progress @ 2025-02-13 20:36:03 : 649 steps taken, and 111 accepted.
[2 : mcmc] Progress @ 2025-02-13 20:36:27 : 583 steps taken, and 116 accepted.
[0 : mcmc] Progress @ 2025-02-13 20:36:38 : 557 steps taken, and 112 accepted.
[3 : mcmc] Progress @ 2025-02-13 20:37:00 : 677 steps taken, and 130 accepted.
[1 : mcmc] Progress @ 2025-02-13 20:37:26 : 653 steps taken, and 114 accepted.
[2 : mcmc] Progress @ 2025-02-13 20:37:36 : 586 steps taken, and 116 accepted.
[0 : mcmc] Progress @ 2025-02-13 20:37:40 : 561 steps taken, and 115 accepted.
[3 : mcmc] Progress @ 2025-02-13 20:38:10 : 680 steps taken, and 130 accepted.
[1 : mcmc] Progress @ 2025-02-13 20:38:46 : 656 steps taken, and 114 accepted.
[0 : mcmc] Progress @ 2025-02-13 20:38:54 : 565 steps taken, and 115 accepted.
[2 : mcmc] Progress @ 2025-02-13 20:38:59 : 589 steps taken, and 117 accepted.
[3 : mcmc] Progress @ 2025-02-13 20:39:15 : 683 steps taken, and 130 accepted.
[1 : mcmc] Progress @ 2025-02-13 20:39:56 : 659 steps taken, and 114 accepted.
[0 : mcmc] Progress @ 2025-02-13 20:39:58 : 569 steps taken, and 115 accepted.
[2 : mcmc] Progress @ 2025-02-13 20:40:10 : 592 steps taken, and 118 accepted.
[3 : mcmc] Progress @ 2025-02-13 20:40:25 : 686 steps taken, and 130 accepted.
[0 : mcmc] Progress @ 2025-02-13 20:41:00 : 574 steps taken, and 116 accepted.
[1 : mcmc] Progress @ 2025-02-13 20:41:04 : 662 steps taken, and 115 accepted.
[2 : mcmc] Progress @ 2025-02-13 20:41:16 : 596 steps taken, and 119 accepted.
[3 : mcmc] Progress @ 2025-02-13 20:41:35 : 690 steps taken, and 130 accepted.
[0 : mcmc] Progress @ 2025-02-13 20:42:18 : 579 steps taken, and 117 accepted.
[1 : mcmc] Progress @ 2025-02-13 20:42:21 : 665 steps taken, and 117 accepted.
[2 : mcmc] Progress @ 2025-02-13 20:42:32 : 599 steps taken, and 120 accepted.
[3 : mcmc] Progress @ 2025-02-13 20:42:46 : 694 steps taken, and 131 accepted.
[0 : mcmc] Progress @ 2025-02-13 20:43:25 : 582 steps taken, and 118 accepted.
[1 : mcmc] Progress @ 2025-02-13 20:43:25 : 668 steps taken, and 117 accepted.
[2 : mcmc] Progress @ 2025-02-13 20:43:35 : 603 steps taken, and 121 accepted.
[3 : mcmc] Progress @ 2025-02-13 20:44:06 : 699 steps taken, and 132 accepted.
[0 : mcmc] Progress @ 2025-02-13 20:44:36 : 588 steps taken, and 118 accepted.
[1 : mcmc] Progress @ 2025-02-13 20:44:42 : 674 steps taken, and 118 accepted.
[2 : mcmc] Progress @ 2025-02-13 20:44:48 : 606 steps taken, and 123 accepted.
[3 : mcmc] Progress @ 2025-02-13 20:45:18 : 702 steps taken, and 132 accepted.
[0 : mcmc] Progress @ 2025-02-13 20:45:38 : 593 steps taken, and 119 accepted.
[2 : mcmc] Progress @ 2025-02-13 20:45:58 : 612 steps taken, and 123 accepted.
[1 : mcmc] Progress @ 2025-02-13 20:46:02 : 677 steps taken, and 118 accepted.
[3 : mcmc] Progress @ 2025-02-13 20:46:30 : 705 steps taken, and 132 accepted.
[0 : mcmc] Progress @ 2025-02-13 20:46:56 : 597 steps taken, and 120 accepted.
[2 : mcmc] Progress @ 2025-02-13 20:47:08 : 618 steps taken, and 125 accepted.
[1 : mcmc] Progress @ 2025-02-13 20:47:25 : 680 steps taken, and 119 accepted.
[3 : mcmc] Progress @ 2025-02-13 20:47:42 : 710 steps taken, and 133 accepted.
[0 : mcmc] Progress @ 2025-02-13 20:48:04 : 600 steps taken, and 120 accepted.
[2 : mcmc] Progress @ 2025-02-13 20:48:17 : 622 steps taken, and 127 accepted.
[3 : mcmc] Progress @ 2025-02-13 20:48:50 : 713 steps taken, and 133 accepted.
[1 : mcmc] Progress @ 2025-02-13 20:48:52 : 684 steps taken, and 120 accepted.
[2 : mcmc] Progress @ 2025-02-13 20:49:24 : 626 steps taken, and 128 accepted.
[0 : mcmc] Progress @ 2025-02-13 20:49:25 : 603 steps taken, and 121 accepted.
[1 : mcmc] Progress @ 2025-02-13 20:49:53 : 689 steps taken, and 121 accepted.
[3 : mcmc] Progress @ 2025-02-13 20:50:01 : 716 steps taken, and 134 accepted.
[2 : mcmc] Progress @ 2025-02-13 20:50:39 : 630 steps taken, and 129 accepted.
[0 : mcmc] Progress @ 2025-02-13 20:50:45 : 607 steps taken, and 123 accepted.
[1 : mcmc] Progress @ 2025-02-13 20:51:14 : 693 steps taken, and 121 accepted.
[3 : mcmc] Progress @ 2025-02-13 20:51:22 : 719 steps taken, and 135 accepted.
[0 : mcmc] Progress @ 2025-02-13 20:51:46 : 610 steps taken, and 126 accepted.
[2 : mcmc] Progress @ 2025-02-13 20:51:46 : 633 steps taken, and 130 accepted.
[1 : mcmc] Progress @ 2025-02-13 20:52:18 : 696 steps taken, and 121 accepted.
[3 : mcmc] Progress @ 2025-02-13 20:52:30 : 723 steps taken, and 135 accepted.
[2 : mcmc] Progress @ 2025-02-13 20:52:54 : 638 steps taken, and 130 accepted.
[0 : mcmc] Progress @ 2025-02-13 20:53:06 : 613 steps taken, and 127 accepted.
[1 : mcmc] Progress @ 2025-02-13 20:53:36 : 699 steps taken, and 122 accepted.
[3 : mcmc] Progress @ 2025-02-13 20:53:51 : 726 steps taken, and 135 accepted.
[2 : mcmc] Progress @ 2025-02-13 20:54:01 : 643 steps taken, and 131 accepted.
[0 : mcmc] Progress @ 2025-02-13 20:54:26 : 616 steps taken, and 127 accepted.
[1 : mcmc] Progress @ 2025-02-13 20:54:41 : 702 steps taken, and 123 accepted.
[3 : mcmc] Progress @ 2025-02-13 20:55:01 : 729 steps taken, and 136 accepted.
[2 : mcmc] Progress @ 2025-02-13 20:55:11 : 649 steps taken, and 131 accepted.
[0 : mcmc] Progress @ 2025-02-13 20:55:34 : 619 steps taken, and 127 accepted.
[1 : mcmc] Progress @ 2025-02-13 20:55:56 : 706 steps taken, and 124 accepted.
[3 : mcmc] Progress @ 2025-02-13 20:56:04 : 734 steps taken, and 137 accepted.
[2 : mcmc] Progress @ 2025-02-13 20:56:21 : 652 steps taken, and 132 accepted.
[0 : mcmc] Progress @ 2025-02-13 20:56:46 : 622 steps taken, and 127 accepted.
[3 : mcmc] Progress @ 2025-02-13 20:57:17 : 739 steps taken, and 137 accepted.
[1 : mcmc] Progress @ 2025-02-13 20:57:20 : 710 steps taken, and 125 accepted.
[2 : mcmc] Progress @ 2025-02-13 20:57:30 : 657 steps taken, and 133 accepted.
[0 : mcmc] Progress @ 2025-02-13 20:58:07 : 625 steps taken, and 127 accepted.
[3 : mcmc] Progress @ 2025-02-13 20:58:28 : 743 steps taken, and 137 accepted.
[1 : mcmc] Progress @ 2025-02-13 20:58:45 : 713 steps taken, and 126 accepted.
[2 : mcmc] Progress @ 2025-02-13 20:58:50 : 661 steps taken, and 135 accepted.
[3 : mcmc] Progress @ 2025-02-13 20:59:29 : 746 steps taken, and 137 accepted.
[0 : mcmc] Progress @ 2025-02-13 20:59:30 : 628 steps taken, and 127 accepted.
[1 : mcmc] Progress @ 2025-02-13 20:59:53 : 716 steps taken, and 127 accepted.
[2 : mcmc] Progress @ 2025-02-13 21:00:07 : 665 steps taken, and 135 accepted.
[0 : mcmc] Progress @ 2025-02-13 21:00:32 : 631 steps taken, and 129 accepted.
[3 : mcmc] Progress @ 2025-02-13 21:00:38 : 759 steps taken, and 137 accepted.
[1 : mcmc] Progress @ 2025-02-13 21:01:17 : 720 steps taken, and 127 accepted.
[2 : mcmc] Progress @ 2025-02-13 21:01:26 : 669 steps taken, and 137 accepted.
[0 : mcmc] Progress @ 2025-02-13 21:01:38 : 634 steps taken, and 129 accepted.
[3 : mcmc] Progress @ 2025-02-13 21:01:50 : 767 steps taken, and 137 accepted.
[2 : mcmc] Progress @ 2025-02-13 21:02:35 : 673 steps taken, and 137 accepted.
[1 : mcmc] Progress @ 2025-02-13 21:02:37 : 723 steps taken, and 128 accepted.
[0 : mcmc] Progress @ 2025-02-13 21:02:44 : 638 steps taken, and 131 accepted.
[3 : mcmc] Progress @ 2025-02-13 21:03:03 : 772 steps taken, and 137 accepted.
[2 : mcmc] Progress @ 2025-02-13 21:03:46 : 677 steps taken, and 139 accepted.
[0 : mcmc] Progress @ 2025-02-13 21:03:58 : 643 steps taken, and 132 accepted.
[1 : mcmc] Progress @ 2025-02-13 21:04:02 : 728 steps taken, and 130 accepted.
[3 : mcmc] Progress @ 2025-02-13 21:04:20 : 776 steps taken, and 138 accepted.
[2 : mcmc] Progress @ 2025-02-13 21:05:01 : 680 steps taken, and 140 accepted.
[0 : mcmc] Progress @ 2025-02-13 21:05:06 : 646 steps taken, and 132 accepted.
[1 : mcmc] Progress @ 2025-02-13 21:05:20 : 732 steps taken, and 133 accepted.
[3 : mcmc] Progress @ 2025-02-13 21:05:27 : 779 steps taken, and 139 accepted.
[2 : mcmc] Progress @ 2025-02-13 21:06:07 : 683 steps taken, and 142 accepted.
[0 : mcmc] Progress @ 2025-02-13 21:06:26 : 649 steps taken, and 132 accepted.
[1 : mcmc] Progress @ 2025-02-13 21:06:32 : 737 steps taken, and 133 accepted.
[3 : mcmc] Progress @ 2025-02-13 21:06:34 : 782 steps taken, and 139 accepted.
[2 : mcmc] Progress @ 2025-02-13 21:07:10 : 689 steps taken, and 143 accepted.
[0 : mcmc] Progress @ 2025-02-13 21:07:28 : 652 steps taken, and 133 accepted.
[3 : mcmc] Progress @ 2025-02-13 21:07:43 : 785 steps taken, and 141 accepted.
[1 : mcmc] Progress @ 2025-02-13 21:07:44 : 740 steps taken, and 134 accepted.
[2 : mcmc] Progress @ 2025-02-13 21:08:27 : 694 steps taken, and 145 accepted.
[0 : mcmc] Progress @ 2025-02-13 21:08:48 : 657 steps taken, and 134 accepted.
[1 : mcmc] Progress @ 2025-02-13 21:08:50 : 743 steps taken, and 135 accepted.
[3 : mcmc] Progress @ 2025-02-13 21:09:01 : 788 steps taken, and 141 accepted.
[2 : mcmc] Progress @ 2025-02-13 21:09:33 : 697 steps taken, and 145 accepted.
[0 : mcmc] Progress @ 2025-02-13 21:09:52 : 662 steps taken, and 136 accepted.
[1 : mcmc] Progress @ 2025-02-13 21:09:53 : 746 steps taken, and 137 accepted.
[3 : mcmc] Progress @ 2025-02-13 21:10:08 : 791 steps taken, and 142 accepted.
[2 : mcmc] Progress @ 2025-02-13 21:10:44 : 701 steps taken, and 145 accepted.
[1 : mcmc] Progress @ 2025-02-13 21:10:58 : 749 steps taken, and 137 accepted.
[0 : mcmc] Progress @ 2025-02-13 21:11:00 : 665 steps taken, and 138 accepted.
[3 : mcmc] Progress @ 2025-02-13 21:11:19 : 794 steps taken, and 142 accepted.
[2 : mcmc] Progress @ 2025-02-13 21:11:59 : 704 steps taken, and 145 accepted.
[1 : mcmc] Progress @ 2025-02-13 21:12:00 : 752 steps taken, and 137 accepted.
[0 : mcmc] Progress @ 2025-02-13 21:12:26 : 668 steps taken, and 139 accepted.
[3 : mcmc] Progress @ 2025-02-13 21:12:41 : 797 steps taken, and 144 accepted.
[2 : mcmc] Progress @ 2025-02-13 21:13:14 : 708 steps taken, and 146 accepted.
[1 : mcmc] Progress @ 2025-02-13 21:13:16 : 755 steps taken, and 138 accepted.
[0 : mcmc] Progress @ 2025-02-13 21:13:29 : 674 steps taken, and 142 accepted.
[3 : mcmc] Progress @ 2025-02-13 21:13:50 : 801 steps taken, and 144 accepted.
[2 : mcmc] Progress @ 2025-02-13 21:14:20 : 711 steps taken, and 147 accepted.
[1 : mcmc] Progress @ 2025-02-13 21:14:25 : 758 steps taken, and 138 accepted.
[0 : mcmc] Progress @ 2025-02-13 21:14:34 : 678 steps taken, and 144 accepted.
[3 : mcmc] Progress @ 2025-02-13 21:15:07 : 805 steps taken, and 144 accepted.
[2 : mcmc] Progress @ 2025-02-13 21:15:29 : 714 steps taken, and 148 accepted.
[1 : mcmc] Progress @ 2025-02-13 21:15:46 : 761 steps taken, and 139 accepted.
[0 : mcmc] Progress @ 2025-02-13 21:15:52 : 681 steps taken, and 146 accepted.
[3 : mcmc] Progress @ 2025-02-13 21:16:31 : 809 steps taken, and 146 accepted.
[2 : mcmc] Progress @ 2025-02-13 21:16:47 : 718 steps taken, and 149 accepted.
[1 : mcmc] Progress @ 2025-02-13 21:16:57 : 764 steps taken, and 139 accepted.
[0 : mcmc] Progress @ 2025-02-13 21:17:04 : 684 steps taken, and 146 accepted.
[3 : mcmc] Progress @ 2025-02-13 21:17:57 : 814 steps taken, and 147 accepted.
[2 : mcmc] Progress @ 2025-02-13 21:18:09 : 722 steps taken, and 150 accepted.
[0 : mcmc] Progress @ 2025-02-13 21:18:16 : 687 steps taken, and 146 accepted.
[1 : mcmc] Progress @ 2025-02-13 21:18:19 : 769 steps taken, and 140 accepted.
[3 : mcmc] Progress @ 2025-02-13 21:19:15 : 817 steps taken, and 147 accepted.
[2 : mcmc] Progress @ 2025-02-13 21:19:18 : 725 steps taken, and 152 accepted.
[0 : mcmc] Progress @ 2025-02-13 21:19:34 : 690 steps taken, and 147 accepted.
[1 : mcmc] Progress @ 2025-02-13 21:19:45 : 773 steps taken, and 140 accepted.
[3 : mcmc] Progress @ 2025-02-13 21:20:31 : 820 steps taken, and 148 accepted.
[2 : mcmc] Progress @ 2025-02-13 21:20:41 : 728 steps taken, and 153 accepted.
[0 : mcmc] Progress @ 2025-02-13 21:20:43 : 693 steps taken, and 147 accepted.
[1 : mcmc] Progress @ 2025-02-13 21:21:07 : 776 steps taken, and 140 accepted.
[3 : mcmc] Progress @ 2025-02-13 21:21:37 : 823 steps taken, and 150 accepted.
[2 : mcmc] Progress @ 2025-02-13 21:22:02 : 731 steps taken, and 153 accepted.
[0 : mcmc] Progress @ 2025-02-13 21:22:06 : 696 steps taken, and 147 accepted.
[1 : mcmc] Progress @ 2025-02-13 21:22:17 : 779 steps taken, and 140 accepted.
[3 : mcmc] Progress @ 2025-02-13 21:22:44 : 828 steps taken, and 150 accepted.
[2 : mcmc] Progress @ 2025-02-13 21:23:04 : 735 steps taken, and 154 accepted.
[0 : mcmc] Progress @ 2025-02-13 21:23:29 : 699 steps taken, and 147 accepted.
[1 : mcmc] Progress @ 2025-02-13 21:23:38 : 782 steps taken, and 140 accepted.
[3 : mcmc] Progress @ 2025-02-13 21:23:51 : 831 steps taken, and 150 accepted.
[2 : mcmc] Progress @ 2025-02-13 21:24:10 : 741 steps taken, and 154 accepted.
[0 : mcmc] Progress @ 2025-02-13 21:24:42 : 705 steps taken, and 148 accepted.
[1 : mcmc] Progress @ 2025-02-13 21:24:50 : 787 steps taken, and 140 accepted.
[3 : mcmc] Progress @ 2025-02-13 21:24:56 : 834 steps taken, and 151 accepted.
[2 : mcmc] Progress @ 2025-02-13 21:25:27 : 746 steps taken, and 154 accepted.
[0 : mcmc] Progress @ 2025-02-13 21:25:48 : 708 steps taken, and 148 accepted.
[1 : mcmc] Progress @ 2025-02-13 21:26:01 : 790 steps taken, and 142 accepted.
[3 : mcmc] Progress @ 2025-02-13 21:26:13 : 837 steps taken, and 152 accepted.
[2 : mcmc] Progress @ 2025-02-13 21:26:43 : 750 steps taken, and 156 accepted.
[0 : mcmc] Progress @ 2025-02-13 21:27:08 : 711 steps taken, and 148 accepted.
[1 : mcmc] Progress @ 2025-02-13 21:27:11 : 793 steps taken, and 144 accepted.
[3 : mcmc] Progress @ 2025-02-13 21:27:17 : 843 steps taken, and 153 accepted.
[2 : mcmc] Progress @ 2025-02-13 21:27:47 : 753 steps taken, and 156 accepted.
[0 : mcmc] Progress @ 2025-02-13 21:28:23 : 714 steps taken, and 149 accepted.
[1 : mcmc] Progress @ 2025-02-13 21:28:34 : 796 steps taken, and 144 accepted.
[3 : mcmc] Progress @ 2025-02-13 21:28:34 : 846 steps taken, and 154 accepted.
[2 : mcmc] Progress @ 2025-02-13 21:28:55 : 757 steps taken, and 157 accepted.
[1 : mcmc] Progress @ 2025-02-13 21:29:35 : 800 steps taken, and 145 accepted.
[0 : mcmc] Progress @ 2025-02-13 21:29:41 : 719 steps taken, and 149 accepted.
[3 : mcmc] Progress @ 2025-02-13 21:29:49 : 849 steps taken, and 154 accepted.
[2 : mcmc] Progress @ 2025-02-13 21:30:07 : 760 steps taken, and 157 accepted.
[1 : mcmc] Progress @ 2025-02-13 21:30:55 : 804 steps taken, and 145 accepted.
[0 : mcmc] Progress @ 2025-02-13 21:31:02 : 724 steps taken, and 150 accepted.
[3 : mcmc] Progress @ 2025-02-13 21:31:05 : 855 steps taken, and 155 accepted.
[2 : mcmc] Progress @ 2025-02-13 21:31:28 : 765 steps taken, and 158 accepted.
[1 : mcmc] Progress @ 2025-02-13 21:32:06 : 807 steps taken, and 145 accepted.
[0 : mcmc] Progress @ 2025-02-13 21:32:16 : 729 steps taken, and 151 accepted.
[3 : mcmc] Progress @ 2025-02-13 21:32:27 : 860 steps taken, and 157 accepted.
[2 : mcmc] Progress @ 2025-02-13 21:32:46 : 769 steps taken, and 158 accepted.
[1 : mcmc] Progress @ 2025-02-13 21:33:19 : 811 steps taken, and 147 accepted.
[0 : mcmc] Progress @ 2025-02-13 21:33:23 : 732 steps taken, and 151 accepted.
[3 : mcmc] Progress @ 2025-02-13 21:33:36 : 863 steps taken, and 158 accepted.
[2 : mcmc] Progress @ 2025-02-13 21:33:59 : 773 steps taken, and 159 accepted.
[0 : mcmc] Progress @ 2025-02-13 21:34:28 : 736 steps taken, and 152 accepted.
[1 : mcmc] Progress @ 2025-02-13 21:34:30 : 815 steps taken, and 148 accepted.
[3 : mcmc] Progress @ 2025-02-13 21:34:53 : 868 steps taken, and 159 accepted.
[2 : mcmc] Progress @ 2025-02-13 21:35:07 : 776 steps taken, and 160 accepted.
[0 : mcmc] Progress @ 2025-02-13 21:35:40 : 739 steps taken, and 152 accepted.
[1 : mcmc] Progress @ 2025-02-13 21:35:41 : 822 steps taken, and 148 accepted.
[3 : mcmc] Progress @ 2025-02-13 21:36:06 : 872 steps taken, and 160 accepted.
[2 : mcmc] Progress @ 2025-02-13 21:36:14 : 779 steps taken, and 161 accepted.
[1 : mcmc] Progress @ 2025-02-13 21:36:54 : 826 steps taken, and 148 accepted.
[0 : mcmc] Progress @ 2025-02-13 21:37:01 : 742 steps taken, and 152 accepted.
[3 : mcmc] Progress @ 2025-02-13 21:37:25 : 876 steps taken, and 160 accepted.
[2 : mcmc] Progress @ 2025-02-13 21:37:29 : 782 steps taken, and 161 accepted.
[1 : mcmc] Progress @ 2025-02-13 21:38:20 : 830 steps taken, and 148 accepted.
[0 : mcmc] Progress @ 2025-02-13 21:38:21 : 745 steps taken, and 153 accepted.
[3 : mcmc] Progress @ 2025-02-13 21:38:38 : 879 steps taken, and 161 accepted.
[2 : mcmc] Progress @ 2025-02-13 21:38:44 : 786 steps taken, and 161 accepted.
[1 : mcmc] Progress @ 2025-02-13 21:39:31 : 834 steps taken, and 149 accepted.
[0 : mcmc] Progress @ 2025-02-13 21:39:33 : 748 steps taken, and 153 accepted.
[3 : mcmc] Progress @ 2025-02-13 21:39:44 : 882 steps taken, and 162 accepted.
[2 : mcmc] Progress @ 2025-02-13 21:40:00 : 789 steps taken, and 163 accepted.
[0 : mcmc] Progress @ 2025-02-13 21:40:48 : 751 steps taken, and 153 accepted.
[1 : mcmc] Progress @ 2025-02-13 21:40:50 : 840 steps taken, and 149 accepted.
[3 : mcmc] Progress @ 2025-02-13 21:40:54 : 885 steps taken, and 162 accepted.
[2 : mcmc] Progress @ 2025-02-13 21:41:12 : 792 steps taken, and 164 accepted.
[0 : mcmc] Progress @ 2025-02-13 21:41:51 : 754 steps taken, and 154 accepted.
[3 : mcmc] Progress @ 2025-02-13 21:42:03 : 888 steps taken, and 164 accepted.
[1 : mcmc] Progress @ 2025-02-13 21:42:04 : 843 steps taken, and 150 accepted.
[2 : mcmc] Progress @ 2025-02-13 21:42:32 : 795 steps taken, and 164 accepted.
[0 : mcmc] Progress @ 2025-02-13 21:43:02 : 759 steps taken, and 154 accepted.
[3 : mcmc] Progress @ 2025-02-13 21:43:07 : 891 steps taken, and 165 accepted.
[1 : mcmc] Progress @ 2025-02-13 21:43:15 : 846 steps taken, and 151 accepted.
[2 : mcmc] Progress @ 2025-02-13 21:43:43 : 798 steps taken, and 165 accepted.
[3 : mcmc] Progress @ 2025-02-13 21:44:15 : 894 steps taken, and 165 accepted.
[0 : mcmc] Progress @ 2025-02-13 21:44:19 : 762 steps taken, and 155 accepted.
[1 : mcmc] Progress @ 2025-02-13 21:44:22 : 849 steps taken, and 153 accepted.
[2 : mcmc] Progress @ 2025-02-13 21:44:53 : 801 steps taken, and 166 accepted.
[3 : mcmc] Progress @ 2025-02-13 21:45:29 : 898 steps taken, and 166 accepted.
[0 : mcmc] Progress @ 2025-02-13 21:45:31 : 766 steps taken, and 156 accepted.
[1 : mcmc] Progress @ 2025-02-13 21:45:32 : 854 steps taken, and 155 accepted.
[2 : mcmc] Progress @ 2025-02-13 21:46:01 : 804 steps taken, and 167 accepted.
[3 : mcmc] Progress @ 2025-02-13 21:46:33 : 902 steps taken, and 166 accepted.
[0 : mcmc] Progress @ 2025-02-13 21:46:41 : 769 steps taken, and 157 accepted.
[1 : mcmc] Progress @ 2025-02-13 21:46:48 : 857 steps taken, and 155 accepted.
[2 : mcmc] Progress @ 2025-02-13 21:47:18 : 807 steps taken, and 168 accepted.
[0 : mcmc] Progress @ 2025-02-13 21:47:53 : 772 steps taken, and 157 accepted.
[1 : mcmc] Progress @ 2025-02-13 21:47:55 : 860 steps taken, and 156 accepted.
[3 : mcmc] Progress @ 2025-02-13 21:47:55 : 906 steps taken, and 166 accepted.
[2 : mcmc] Progress @ 2025-02-13 21:48:25 : 811 steps taken, and 168 accepted.
[0 : mcmc] Progress @ 2025-02-13 21:48:57 : 775 steps taken, and 157 accepted.
[1 : mcmc] Progress @ 2025-02-13 21:49:00 : 865 steps taken, and 156 accepted.
[3 : mcmc] Progress @ 2025-02-13 21:49:14 : 911 steps taken, and 166 accepted.
[2 : mcmc] Progress @ 2025-02-13 21:49:43 : 815 steps taken, and 168 accepted.
[0 : mcmc] Progress @ 2025-02-13 21:50:02 : 777 steps taken, and 158 accepted.
[1 : mcmc] Progress @ 2025-02-13 21:50:17 : 870 steps taken, and 158 accepted.
[3 : mcmc] Progress @ 2025-02-13 21:50:20 : 916 steps taken, and 166 accepted.
[2 : mcmc] Progress @ 2025-02-13 21:50:49 : 818 steps taken, and 170 accepted.
[0 : mcmc] Progress @ 2025-02-13 21:51:03 : 780 steps taken, and 158 accepted.
[1 : mcmc] Progress @ 2025-02-13 21:51:24 : 874 steps taken, and 159 accepted.
[3 : mcmc] Progress @ 2025-02-13 21:51:32 : 920 steps taken, and 168 accepted.
[2 : mcmc] Progress @ 2025-02-13 21:51:52 : 821 steps taken, and 170 accepted.
[0 : mcmc] Progress @ 2025-02-13 21:52:23 : 784 steps taken, and 159 accepted.
[1 : mcmc] Progress @ 2025-02-13 21:52:35 : 878 steps taken, and 160 accepted.
[3 : mcmc] Progress @ 2025-02-13 21:52:40 : 923 steps taken, and 169 accepted.
[2 : mcmc] Progress @ 2025-02-13 21:52:56 : 824 steps taken, and 170 accepted.
[0 : mcmc] Progress @ 2025-02-13 21:53:41 : 787 steps taken, and 160 accepted.
[1 : mcmc] Progress @ 2025-02-13 21:53:45 : 881 steps taken, and 160 accepted.
[3 : mcmc] Progress @ 2025-02-13 21:54:02 : 927 steps taken, and 170 accepted.
[2 : mcmc] Progress @ 2025-02-13 21:54:10 : 827 steps taken, and 171 accepted.
[1 : mcmc] Progress @ 2025-02-13 21:54:53 : 884 steps taken, and 160 accepted.
[3 : mcmc] Progress @ 2025-02-13 21:55:04 : 930 steps taken, and 170 accepted.
[0 : mcmc] Progress @ 2025-02-13 21:55:07 : 792 steps taken, and 160 accepted.
[2 : mcmc] Progress @ 2025-02-13 21:55:28 : 831 steps taken, and 172 accepted.
[1 : mcmc] Progress @ 2025-02-13 21:56:11 : 887 steps taken, and 160 accepted.
[0 : mcmc] Progress @ 2025-02-13 21:56:15 : 795 steps taken, and 161 accepted.
[3 : mcmc] Progress @ 2025-02-13 21:56:21 : 933 steps taken, and 170 accepted.
[2 : mcmc] Progress @ 2025-02-13 21:56:49 : 835 steps taken, and 172 accepted.
[0 : mcmc] Progress @ 2025-02-13 21:57:19 : 798 steps taken, and 161 accepted.
[1 : mcmc] Progress @ 2025-02-13 21:57:22 : 890 steps taken, and 160 accepted.
[3 : mcmc] Progress @ 2025-02-13 21:57:42 : 936 steps taken, and 172 accepted.
[2 : mcmc] Progress @ 2025-02-13 21:58:06 : 838 steps taken, and 172 accepted.
[0 : mcmc] Progress @ 2025-02-13 21:58:34 : 804 steps taken, and 161 accepted.
[1 : mcmc] Progress @ 2025-02-13 21:58:43 : 894 steps taken, and 160 accepted.
[2 : mcmc] Progress @ 2025-02-13 21:59:06 : 841 steps taken, and 173 accepted.
[3 : mcmc] Progress @ 2025-02-13 21:59:07 : 951 steps taken, and 174 accepted.
[0 : mcmc] Progress @ 2025-02-13 21:59:40 : 809 steps taken, and 161 accepted.
[1 : mcmc] Progress @ 2025-02-13 21:59:52 : 898 steps taken, and 161 accepted.
[2 : mcmc] Progress @ 2025-02-13 22:00:24 : 846 steps taken, and 173 accepted.
[3 : mcmc] Progress @ 2025-02-13 22:00:25 : 958 steps taken, and 176 accepted.
[1 : mcmc] Progress @ 2025-02-13 22:00:53 : 903 steps taken, and 162 accepted.
[0 : mcmc] Progress @ 2025-02-13 22:01:06 : 813 steps taken, and 165 accepted.
[2 : mcmc] Progress @ 2025-02-13 22:01:29 : 849 steps taken, and 175 accepted.
[3 : mcmc] Progress @ 2025-02-13 22:01:30 : 963 steps taken, and 178 accepted.
[1 : mcmc] Progress @ 2025-02-13 22:02:15 : 907 steps taken, and 162 accepted.
[0 : mcmc] Progress @ 2025-02-13 22:02:18 : 816 steps taken, and 165 accepted.
[3 : mcmc] Progress @ 2025-02-13 22:02:40 : 969 steps taken, and 178 accepted.
[2 : mcmc] Progress @ 2025-02-13 22:02:51 : 853 steps taken, and 177 accepted.
[1 : mcmc] Progress @ 2025-02-13 22:03:16 : 910 steps taken, and 163 accepted.
[0 : mcmc] Progress @ 2025-02-13 22:03:37 : 820 steps taken, and 166 accepted.
[2 : mcmc] Progress @ 2025-02-13 22:04:01 : 856 steps taken, and 177 accepted.
[3 : mcmc] Progress @ 2025-02-13 22:04:03 : 977 steps taken, and 179 accepted.
[1 : mcmc] Progress @ 2025-02-13 22:04:38 : 914 steps taken, and 164 accepted.
[0 : mcmc] Progress @ 2025-02-13 22:04:50 : 823 steps taken, and 167 accepted.
[2 : mcmc] Progress @ 2025-02-13 22:05:15 : 859 steps taken, and 179 accepted.
[3 : mcmc] Progress @ 2025-02-13 22:05:25 : 983 steps taken, and 179 accepted.
[1 : mcmc] Progress @ 2025-02-13 22:05:48 : 917 steps taken, and 164 accepted.
[0 : mcmc] Progress @ 2025-02-13 22:06:11 : 826 steps taken, and 167 accepted.
[2 : mcmc] Progress @ 2025-02-13 22:06:38 : 862 steps taken, and 180 accepted.
[3 : mcmc] Progress @ 2025-02-13 22:06:49 : 988 steps taken, and 179 accepted.
[1 : mcmc] Progress @ 2025-02-13 22:06:51 : 920 steps taken, and 165 accepted.
[0 : mcmc] Progress @ 2025-02-13 22:07:18 : 830 steps taken, and 168 accepted.
[2 : mcmc] Progress @ 2025-02-13 22:08:03 : 866 steps taken, and 181 accepted.
[3 : mcmc] Progress @ 2025-02-13 22:08:03 : 993 steps taken, and 180 accepted.
[1 : mcmc] Progress @ 2025-02-13 22:08:11 : 924 steps taken, and 166 accepted.
[0 : mcmc] Progress @ 2025-02-13 22:08:21 : 833 steps taken, and 170 accepted.
[1 : mcmc] Progress @ 2025-02-13 22:09:13 : 929 steps taken, and 167 accepted.
[3 : mcmc] Progress @ 2025-02-13 22:09:24 : 1000 steps taken, and 181 accepted.
[2 : mcmc] Progress @ 2025-02-13 22:09:28 : 869 steps taken, and 181 accepted.
[0 : mcmc] Progress @ 2025-02-13 22:09:28 : 836 steps taken, and 170 accepted.
[1 : mcmc] Progress @ 2025-02-13 22:10:18 : 934 steps taken, and 167 accepted.
[3 : mcmc] Progress @ 2025-02-13 22:10:33 : 1003 steps taken, and 183 accepted.
[2 : mcmc] Progress @ 2025-02-13 22:10:34 : 872 steps taken, and 183 accepted.
[0 : mcmc] Progress @ 2025-02-13 22:10:38 : 839 steps taken, and 170 accepted.
[1 : mcmc] Progress @ 2025-02-13 22:11:33 : 937 steps taken, and 168 accepted.
[0 : mcmc] Progress @ 2025-02-13 22:11:43 : 845 steps taken, and 170 accepted.
[2 : mcmc] Progress @ 2025-02-13 22:11:44 : 878 steps taken, and 183 accepted.
[3 : mcmc] Progress @ 2025-02-13 22:11:45 : 1009 steps taken, and 183 accepted.
[1 : mcmc] Progress @ 2025-02-13 22:12:41 : 941 steps taken, and 168 accepted.
[2 : mcmc] Progress @ 2025-02-13 22:12:58 : 884 steps taken, and 184 accepted.
[0 : mcmc] Progress @ 2025-02-13 22:13:02 : 848 steps taken, and 170 accepted.
[3 : mcmc] Progress @ 2025-02-13 22:13:03 : 1013 steps taken, and 184 accepted.
[1 : mcmc] Progress @ 2025-02-13 22:13:57 : 945 steps taken, and 169 accepted.
[3 : mcmc] Progress @ 2025-02-13 22:14:12 : 1016 steps taken, and 184 accepted.
[0 : mcmc] Progress @ 2025-02-13 22:14:19 : 853 steps taken, and 171 accepted.
[2 : mcmc] Progress @ 2025-02-13 22:14:22 : 888 steps taken, and 185 accepted.
[node017:37443:0:37719] Caught signal 11 (Segmentation fault: address not mapped to object at address 0xfffffffc05157508)
BFD: DWARF error: can't find .debug_ranges section.
BFD: DWARF error: can't find .debug_ranges section.
==== backtrace (tid:  37719) ====
 0 0x0000000000021563 ucs_debug_print_backtrace()  /dev/shm/UCX/1.8.0/GCCcore-9.3.0/ucx-1.8.0/src/ucs/debug/debug.c:653
 1 0x0000000000039f63 __massivenu_MOD_thermalnubackground_rho()  ???:0
 2 0x000000000003da49 __results_MOD_grho_no_de()  ???:0
 3 0x00000000000a5f01 dtauda_()  ???:0
 4 0x000000000004cfdc __results_MOD_thermo_init._omp_fn.0()  results.f90:0
 5 0x0000000000018f09 gomp_thread_start()  team.c:0
 6 0x0000000000007ea5 start_thread()  pthread_create.c:0
 7 0x00000000000feb0d __clone()  ???:0
=================================
[node017:37443] *** Process received signal ***
[node017:37443] Signal: Segmentation fault (11)
[node017:37443] Signal code:  (-6)
[node017:37443] Failing at address: 0x8cfb800009243
[node017:37443] [ 0] /lib64/libpthread.so.0(+0xf630)[0x7f6441fff630]
[node017:37443] [ 1] /users/smp24dhl/cosmo/code/CAMB_beta/camb/camblib.so(__massivenu_MOD_thermalnubackground_rho+0x63)[0x7f64075e0f63]
[node017:37443] [ 2] /users/smp24dhl/cosmo/code/CAMB_beta/camb/camblib.so(__results_MOD_grho_no_de+0xc9)[0x7f64075e4a49]
[node017:37443] [ 3] /users/smp24dhl/cosmo/code/CAMB_beta/camb/camblib.so(dtauda_+0x61)[0x7f640764cf01]
[node017:37443] [ 4] /users/smp24dhl/cosmo/code/CAMB_beta/camb/camblib.so(+0x4cfdc)[0x7f64075f3fdc]
[node017:37443] [ 5] /users/smp24dhl/.conda/envs/cosmos/bin/../lib/libgomp.so.1(+0x18f09)[0x7f6407580f09]
[node017:37443] [ 6] /lib64/libpthread.so.0(+0x7ea5)[0x7f6441ff7ea5]
[node017:37443] [ 7] /lib64/libc.so.6(clone+0x6d)[0x7f6441617b0d]
[node017:37443] *** End of error message ***
--------------------------------------------------------------------------
Primary job  terminated normally, but 1 process returned
a non-zero exit code. Per user-direction, the job has been aborted.
--------------------------------------------------------------------------
--------------------------------------------------------------------------
mpirun noticed that process rank 3 with PID 37443 on node node017 exited on signal 11 (Segmentation fault).
--------------------------------------------------------------------------
