[0 : output] Output to be read-from/written-into folder 'chains', with prefix 'act-full'
[0 : output] Found existing info files with the requested output prefix: 'chains/act-full'
[0 : output] Let's try to resume/load.
[0 : output] Found an old sample. Resuming.
[0 : prior] *WARNING* External prior 'SZ' loaded. Mind that it might not be normalized!

libgomp: Invalid value for environment variable OMP_NUM_THREADS: 

libgomp: Invalid value for environment variable OMP_NUM_THREADS: 

libgomp: 
libgomp: Invalid value for environment variable OMP_NUM_THREADS: 
Invalid value for environment variable OMP_NUM_THREADS: 
[0 : camb] `camb` module loaded successfully from /users/smp24dhl/cosmo/code/CAMB_beta/camb
[0 : planck_2018_highl_plik.ttteee] `clik` module loaded successfully from /users/smp24dhl/cosmo/code/planck/clik/lib/python3.9/site-packages/clik
----
clik version clik_16.0b1-2-g63c889f3aa9c MAKEFILE
  smica
----
clik version clik_16.0b1-2-g63c889f3aa9c MAKEFILE
  smica
----
clik version clik_16.0b1-2-g63c889f3aa9c MAKEFILE
  smica
----
clik version clik_16.0b1-2-g63c889f3aa9c MAKEFILE
  smica
Checking likelihood '/users/smp24dhl/cosmo/data/planck_2018/baseline/plc_3.0/hi_l/plik/plik_rd12_HM_v22b_TTTEEE.clik' on test data. got -1172.47 expected -1172.47 (diff -4.34057e-07)
----
Checking likelihood '/users/smp24dhl/cosmo/data/planck_2018/baseline/plc_3.0/hi_l/plik/plik_rd12_HM_v22b_TTTEEE.clik' on test data. got -1172.47 expected -1172.47 (diff -4.34056e-07)
----
Loading ACT DR6 lensing likelihood v1.2...
Checking likelihood '/users/smp24dhl/cosmo/data/planck_2018/baseline/plc_3.0/hi_l/plik/plik_rd12_HM_v22b_TTTEEE.clik' on test data. got -1172.47 expected -1172.47 (diff -4.34057e-07)
----
Loading ACT DR6 lensing likelihood v1.2...
Loading ACT DR6 lensing likelihood v1.2...
Checking likelihood '/users/smp24dhl/cosmo/data/planck_2018/baseline/plc_3.0/hi_l/plik/plik_rd12_HM_v22b_TTTEEE.clik' on test data. got -1172.47 expected -1172.47 (diff -4.34057e-07)
----
Loading ACT DR6 lensing likelihood v1.2...
/users/smp24dhl/cosmo/code/act_dr6_lenslike/act_dr6_lenslike/act_dr6_lenslike.py:416: UserWarning: Hartlap correction to cinv: 0.949874686716792
  warnings.warn(f"Hartlap correction to cinv: {hartlap_correction}")
/users/smp24dhl/cosmo/code/act_dr6_lenslike/act_dr6_lenslike/act_dr6_lenslike.py:416: UserWarning: Hartlap correction to cinv: 0.949874686716792
  warnings.warn(f"Hartlap correction to cinv: {hartlap_correction}")
/users/smp24dhl/cosmo/code/act_dr6_lenslike/act_dr6_lenslike/act_dr6_lenslike.py:416: UserWarning: Hartlap correction to cinv: 0.949874686716792
  warnings.warn(f"Hartlap correction to cinv: {hartlap_correction}")
/users/smp24dhl/cosmo/code/act_dr6_lenslike/act_dr6_lenslike/act_dr6_lenslike.py:416: UserWarning: Hartlap correction to cinv: 0.949874686716792
  warnings.warn(f"Hartlap correction to cinv: {hartlap_correction}")
[0 : bao.desi_2024_bao_all] Initialized.
[2 : bao.desi_2024_bao_all] Initialized.
[1 : bao.desi_2024_bao_all] Initialized.
[3 : bao.desi_2024_bao_all] Initialized.
[0 : mcmc] Resuming from previous sample!
[2 : samplecollection] Loaded 3498 sample points from 'chains/act-full.3.txt'
[0 : samplecollection] Loaded 3376 sample points from 'chains/act-full.1.txt'
[1 : samplecollection] Loaded 3527 sample points from 'chains/act-full.2.txt'
[3 : samplecollection] Loaded 3638 sample points from 'chains/act-full.4.txt'
[3 : mcmc] Initial point: logA:3.048665, ns:0.9625074, theta_MC_100:1.041026, ombh2:0.02224006, omch2:0.1206773, w:-0.8800059, wa:-0.5157524, beta_DE:-0.3104524, tau:0.05284221, A_planck:1.002308, calib_100T:0.9990208, calib_217T:0.9983235, A_cib_217:38.58489, xi_sz_cib:0.4955335, A_sz:4.488846, ksz_norm:5.532626, gal545_A_100:8.517181, gal545_A_143:10.03503, gal545_A_143_217:20.87789, gal545_A_217:105.2156, ps_A_100_100:214.5842, ps_A_143_143:36.64198, ps_A_143_217:33.07706, ps_A_217_217:120.687, galf_TE_A_100:0.1088471, galf_TE_A_100_143:0.08514319, galf_TE_A_100_217:0.5924053, galf_TE_A_143:0.1514489, galf_TE_A_143_217:0.6274015, galf_TE_A_217:1.740715
[1 : mcmc] Initial point: logA:3.056122, ns:0.9738371, theta_MC_100:1.04128, ombh2:0.0226369, omch2:0.1179006, w:-0.8833968, wa:-0.4177596, beta_DE:0.6455564, tau:0.05906211, A_planck:1.004808, calib_100T:0.9993765, calib_217T:0.9981772, A_cib_217:40.16804, xi_sz_cib:0.01256103, A_sz:1.89726, ksz_norm:5.126831, gal545_A_100:10.61137, gal545_A_143:10.30085, gal545_A_143_217:16.18737, gal545_A_217:100.205, ps_A_100_100:279.1377, ps_A_143_143:43.84767, ps_A_143_217:30.56854, ps_A_217_217:113.7098, galf_TE_A_100:0.07824201, galf_TE_A_100_143:0.1598616, galf_TE_A_100_217:0.504883, galf_TE_A_143:0.2374988, galf_TE_A_143_217:0.4905581, galf_TE_A_217:1.832763
[0 : mcmc] Initial point: logA:3.026308, ns:0.958385, theta_MC_100:1.040845, ombh2:0.02235796, omch2:0.1210196, w:-0.8209452, wa:-0.9251523, beta_DE:1.695965, tau:0.04284826, A_planck:1.00101, calib_100T:0.9985715, calib_217T:0.9982136, A_cib_217:50.85019, xi_sz_cib:0.3495069, A_sz:5.538273, ksz_norm:3.205252, gal545_A_100:7.461036, gal545_A_143:9.541182, gal545_A_143_217:18.35771, gal545_A_217:95.14115, ps_A_100_100:249.6711, ps_A_143_143:49.56194, ps_A_143_217:43.14734, ps_A_217_217:113.2034, galf_TE_A_100:0.1132465, galf_TE_A_100_143:0.165306, galf_TE_A_100_217:0.4565089, galf_TE_A_143:0.2698269, galf_TE_A_143_217:0.7991945, galf_TE_A_217:2.114366
[2 : mcmc] Initial point: logA:3.040609, ns:0.96845, theta_MC_100:1.040817, ombh2:0.02270262, omch2:0.119752, w:-0.8403808, wa:-0.5340554, beta_DE:0.1088288, tau:0.05528391, A_planck:0.9971794, calib_100T:0.9983545, calib_217T:0.9987239, A_cib_217:43.72058, xi_sz_cib:0.7988955, A_sz:4.655024, ksz_norm:5.955849, gal545_A_100:8.506645, gal545_A_143:8.372005, gal545_A_143_217:13.54747, gal545_A_217:86.7477, ps_A_100_100:234.0144, ps_A_143_143:39.83837, ps_A_143_217:38.27225, ps_A_217_217:114.8379, galf_TE_A_100:0.04280863, galf_TE_A_100_143:0.1415896, galf_TE_A_100_217:0.417642, galf_TE_A_143:0.3576913, galf_TE_A_143_217:0.6704564, galf_TE_A_217:1.974734
[0 : mcmc] *WARNING* Parameter blocking manually/previously fixed: speeds will not be measured.
[0 : mcmc] Dragging with number of interpolating steps:
[0 : mcmc] *  1 : (['theta_MC_100', 'ombh2', 'omch2', 'w', 'wa', 'beta_DE', 'tau'], ['logA', 'ns'])
[0 : mcmc] * 12 : (['A_planck'], ['calib_100T', 'calib_217T', 'A_cib_217', 'xi_sz_cib', 'A_sz', 'ksz_norm', 'gal545_A_100', 'gal545_A_143', 'gal545_A_143_217', 'gal545_A_217', 'ps_A_100_100', 'ps_A_143_143', 'ps_A_143_217', 'ps_A_217_217', 'galf_TE_A_100', 'galf_TE_A_100_143', 'galf_TE_A_100_217', 'galf_TE_A_143', 'galf_TE_A_143_217', 'galf_TE_A_217'])
[0 : mcmc] Covariance matrix from previous sample.
[0 : mcmc] Sampling!
[1 : mcmc] Progress @ 2025-02-05 17:32:25 : 1 steps taken, and 3527 accepted.
[2 : mcmc] Progress @ 2025-02-05 17:32:35 : 1 steps taken, and 3498 accepted.
[0 : mcmc] Progress @ 2025-02-05 17:32:37 : 1 steps taken, and 3376 accepted.
[3 : mcmc] Progress @ 2025-02-05 17:32:37 : 1 steps taken, and 3638 accepted.
[3 : mcmc] Progress @ 2025-02-05 17:33:37 : 4 steps taken, and 3638 accepted.
[1 : mcmc] Progress @ 2025-02-05 17:33:37 : 6 steps taken, and 3527 accepted.
[0 : mcmc] Progress @ 2025-02-05 17:33:49 : 4 steps taken, and 3376 accepted.
[2 : mcmc] Progress @ 2025-02-05 17:33:49 : 5 steps taken, and 3499 accepted.
[1 : mcmc] Progress @ 2025-02-05 17:34:46 : 11 steps taken, and 3527 accepted.
[2 : mcmc] Progress @ 2025-02-05 17:34:56 : 8 steps taken, and 3501 accepted.
[3 : mcmc] Progress @ 2025-02-05 17:34:57 : 7 steps taken, and 3638 accepted.
[0 : mcmc] Progress @ 2025-02-05 17:35:03 : 7 steps taken, and 3377 accepted.
[1 : mcmc] Progress @ 2025-02-05 17:36:01 : 14 steps taken, and 3527 accepted.
[2 : mcmc] Progress @ 2025-02-05 17:36:09 : 11 steps taken, and 3503 accepted.
[3 : mcmc] Progress @ 2025-02-05 17:36:17 : 10 steps taken, and 3638 accepted.
[0 : mcmc] Progress @ 2025-02-05 17:36:25 : 10 steps taken, and 3378 accepted.
[1 : mcmc] Progress @ 2025-02-05 17:37:22 : 18 steps taken, and 3528 accepted.
[2 : mcmc] Progress @ 2025-02-05 17:37:24 : 14 steps taken, and 3503 accepted.
[3 : mcmc] Progress @ 2025-02-05 17:37:37 : 13 steps taken, and 3638 accepted.
[0 : mcmc] Progress @ 2025-02-05 17:37:47 : 13 steps taken, and 3380 accepted.
[2 : mcmc] Progress @ 2025-02-05 17:38:32 : 17 steps taken, and 3505 accepted.
[1 : mcmc] Progress @ 2025-02-05 17:38:44 : 21 steps taken, and 3529 accepted.
[3 : mcmc] Progress @ 2025-02-05 17:39:04 : 17 steps taken, and 3642 accepted.
[0 : mcmc] Progress @ 2025-02-05 17:39:16 : 17 steps taken, and 3382 accepted.
[2 : mcmc] Progress @ 2025-02-05 17:39:41 : 22 steps taken, and 3505 accepted.
[1 : mcmc] Progress @ 2025-02-05 17:39:45 : 24 steps taken, and 3531 accepted.
[3 : mcmc] Progress @ 2025-02-05 17:40:22 : 20 steps taken, and 3643 accepted.
[0 : mcmc] Progress @ 2025-02-05 17:40:27 : 20 steps taken, and 3384 accepted.
[2 : mcmc] Progress @ 2025-02-05 17:40:51 : 25 steps taken, and 3507 accepted.
[1 : mcmc] Progress @ 2025-02-05 17:40:56 : 28 steps taken, and 3533 accepted.
[3 : mcmc] Progress @ 2025-02-05 17:41:28 : 23 steps taken, and 3644 accepted.
[0 : mcmc] Progress @ 2025-02-05 17:41:53 : 23 steps taken, and 3386 accepted.
[2 : mcmc] Progress @ 2025-02-05 17:42:13 : 28 steps taken, and 3507 accepted.
[1 : mcmc] Progress @ 2025-02-05 17:42:17 : 31 steps taken, and 3535 accepted.
[3 : mcmc] Progress @ 2025-02-05 17:42:42 : 26 steps taken, and 3646 accepted.
[0 : mcmc] Progress @ 2025-02-05 17:43:16 : 26 steps taken, and 3388 accepted.
[1 : mcmc] Progress @ 2025-02-05 17:43:32 : 36 steps taken, and 3535 accepted.
[2 : mcmc] Progress @ 2025-02-05 17:43:32 : 31 steps taken, and 3508 accepted.
[3 : mcmc] Progress @ 2025-02-05 17:44:07 : 29 steps taken, and 3648 accepted.
[0 : mcmc] Progress @ 2025-02-05 17:44:18 : 29 steps taken, and 3389 accepted.
[node028:9192 :0:9261] Caught signal 11 (Segmentation fault: address not mapped to object at address 0xfffffffc044a7f18)
BFD: DWARF error: can't find .debug_ranges section.
BFD: DWARF error: can't find .debug_ranges section.
==== backtrace (tid:   9261) ====
 0 0x0000000000021563 ucs_debug_print_backtrace()  /dev/shm/UCX/1.8.0/GCCcore-9.3.0/ucx-1.8.0/src/ucs/debug/debug.c:653
 1 0x0000000000039f63 __massivenu_MOD_thermalnubackground_rho()  ???:0
 2 0x000000000003da49 __results_MOD_grho_no_de()  ???:0
 3 0x00000000000a5f01 dtauda_()  ???:0
 4 0x000000000004cfdc __results_MOD_thermo_init._omp_fn.0()  results.f90:0
 5 0x0000000000018f09 gomp_thread_start()  team.c:0
 6 0x0000000000007ea5 start_thread()  pthread_create.c:0
 7 0x00000000000feb0d __clone()  ???:0
=================================
[node028:09192] *** Process received signal ***
[node028:09192] Signal: Segmentation fault (11)
[node028:09192] Signal code:  (-6)
[node028:09192] Failing at address: 0x8cfb8000023e8
[node028:09192] [ 0] /lib64/libpthread.so.0(+0xf630)[0x7f56c734f630]
[node028:09192] [ 1] /users/smp24dhl/cosmo/code/CAMB_beta/camb/camblib.so(__massivenu_MOD_thermalnubackground_rho+0x63)[0x7f568c84cf63]
[node028:09192] [ 2] /users/smp24dhl/cosmo/code/CAMB_beta/camb/camblib.so(__results_MOD_grho_no_de+0xc9)[0x7f568c850a49]
[node028:09192] [ 3] /users/smp24dhl/cosmo/code/CAMB_beta/camb/camblib.so(dtauda_+0x61)[0x7f568c8b8f01]
[node028:09192] [ 4] /users/smp24dhl/cosmo/code/CAMB_beta/camb/camblib.so(+0x4cfdc)[0x7f568c85ffdc]
[node028:09192] [ 5] /users/smp24dhl/.conda/envs/cosmos/bin/../lib/libgomp.so.1(+0x18f09)[0x7f568c7ecf09]
[node028:09192] [ 6] /lib64/libpthread.so.0(+0x7ea5)[0x7f56c7347ea5]
[node028:09192] [ 7] /lib64/libc.so.6(clone+0x6d)[0x7f56c6967b0d]
[node028:09192] *** End of error message ***
--------------------------------------------------------------------------
Primary job  terminated normally, but 1 process returned
a non-zero exit code. Per user-direction, the job has been aborted.
--------------------------------------------------------------------------
--------------------------------------------------------------------------
mpirun noticed that process rank 2 with PID 9192 on node node028 exited on signal 11 (Segmentation fault).
--------------------------------------------------------------------------
