[0 : output] Output to be read-from/written-into folder 'chains', with prefix 'full'
[0 : output] Found existing info files with the requested output prefix: 'chains/full'
[0 : output] Let's try to resume/load.
[0 : output] Found an old sample. Resuming.
[0 : prior] *WARNING* External prior 'SZ' loaded. Mind that it might not be normalized!
[0 : camb] `camb` module loaded successfully from /users/smp24dhl/cosmo/code/CAMB_beta/camb
[0 : planck_2018_highl_plik.ttteee] `clik` module loaded successfully from /users/smp24dhl/cosmo/code/planck/clik/lib/python3.9/site-packages/clik
----
clik version clik_16.0b1-2-g63c889f3aa9c MAKEFILE
  smica
----
clik version clik_16.0b1-2-g63c889f3aa9c MAKEFILE
  smica
----
clik version clik_16.0b1-2-g63c889f3aa9c MAKEFILE
  smica
----
clik version clik_16.0b1-2-g63c889f3aa9c MAKEFILE
  smica
Checking likelihood '/users/smp24dhl/cosmo/data/planck_2018/baseline/plc_3.0/hi_l/plik/plik_rd12_HM_v22b_TTTEEE.clik' on test data. got -1172.47 expected -1172.47 (diff -4.34055e-07)
----
Checking likelihood '/users/smp24dhl/cosmo/data/planck_2018/baseline/plc_3.0/hi_l/plik/plik_rd12_HM_v22b_TTTEEE.clik' on test data. got -1172.47 expected -1172.47 (diff -4.34055e-07)
----
Checking likelihood '/users/smp24dhl/cosmo/data/planck_2018/baseline/plc_3.0/hi_l/plik/plik_rd12_HM_v22b_TTTEEE.clik' on test data. got -1172.47 expected -1172.47 (diff -4.34055e-07)
----
Checking likelihood '/users/smp24dhl/cosmo/data/planck_2018/baseline/plc_3.0/hi_l/plik/plik_rd12_HM_v22b_TTTEEE.clik' on test data. got -1172.47 expected -1172.47 (diff -4.34055e-07)
----
[0 : planck_2018_lensing.clik] `clik` module loaded successfully from /users/smp24dhl/cosmo/code/planck/clik/lib/python3.9/site-packages/clik
Checking lensing likelihood '/users/smp24dhl/cosmo/data/planck_2018/baseline/plc_3.0/lensing/smicadx12_Dec5_ftl_mv2_ndclpp_p_teb_consext8.clik_lensing' on test data. got -4.42102
Checking lensing likelihood '/users/smp24dhl/cosmo/data/planck_2018/baseline/plc_3.0/lensing/smicadx12_Dec5_ftl_mv2_ndclpp_p_teb_consext8.clik_lensing' on test data. got -4.42102
Checking lensing likelihood '/users/smp24dhl/cosmo/data/planck_2018/baseline/plc_3.0/lensing/smicadx12_Dec5_ftl_mv2_ndclpp_p_teb_consext8.clik_lensing' on test data. got -4.42102
Checking lensing likelihood '/users/smp24dhl/cosmo/data/planck_2018/baseline/plc_3.0/lensing/smicadx12_Dec5_ftl_mv2_ndclpp_p_teb_consext8.clik_lensing' on test data. got -4.42102
[0 : mcmc] Resuming from previous sample!
[3 : samplecollection] Loaded 1655 sample points from 'chains/full.4.txt'
[1 : samplecollection] Loaded 1714 sample points from 'chains/full.2.txt'
[2 : samplecollection] Loaded 2491 sample points from 'chains/full.3.txt'
[0 : samplecollection] Loaded 2545 sample points from 'chains/full.1.txt'
[1 : mcmc] Initial point: logA:3.008652, ns:0.9650478, theta_MC_100:1.041246, ombh2:0.02221036, omch2:0.1199185, w:-1.369312, wa:-2.255799, beta_DE:-0.6256264, tau:0.0405703, A_planck:0.9970342, calib_100T:0.9994564, calib_217T:0.99846, A_cib_217:48.01847, xi_sz_cib:0.4037737, A_sz:3.72858, ksz_norm:5.068651, gal545_A_100:8.403947, gal545_A_143:12.91637, gal545_A_143_217:19.53105, gal545_A_217:96.00155, ps_A_100_100:234.7686, ps_A_143_143:46.5664, ps_A_143_217:34.6697, ps_A_217_217:107.0327, galf_TE_A_100:0.1085196, galf_TE_A_100_143:0.08166649, galf_TE_A_100_217:0.4138297, galf_TE_A_143:0.1032635, galf_TE_A_143_217:0.6327947, galf_TE_A_217:2.392227
[3 : mcmc] Initial point: logA:3.035348, ns:0.9693212, theta_MC_100:1.040946, ombh2:0.0226185, omch2:0.1188983, w:-2.286082, wa:1.981938, beta_DE:1.111922, tau:0.04985455, A_planck:1.00078, calib_100T:0.999824, calib_217T:0.9989516, A_cib_217:31.06858, xi_sz_cib:0.9213275, A_sz:6.858496, ksz_norm:2.226543, gal545_A_100:8.188365, gal545_A_143:11.83084, gal545_A_143_217:20.74833, gal545_A_217:107.4082, ps_A_100_100:271.8765, ps_A_143_143:41.0302, ps_A_143_217:52.0261, ps_A_217_217:136.2408, galf_TE_A_100:0.05820506, galf_TE_A_100_143:0.1068046, galf_TE_A_100_217:0.3301953, galf_TE_A_143:0.2394373, galf_TE_A_143_217:0.5768377, galf_TE_A_217:2.251585
[0 : mcmc] Initial point: logA:3.024616, ns:0.9683294, theta_MC_100:1.040873, ombh2:0.02239427, omch2:0.1187864, w:-0.3148747, wa:-2.715609, beta_DE:-1.494273, tau:0.04895485, A_planck:0.998442, calib_100T:0.999567, calib_217T:0.9976684, A_cib_217:50.21132, xi_sz_cib:0.447925, A_sz:6.749928, ksz_norm:3.808202, gal545_A_100:11.35955, gal545_A_143:10.28738, gal545_A_143_217:17.4942, gal545_A_217:89.62359, ps_A_100_100:246.4214, ps_A_143_143:41.64581, ps_A_143_217:43.22301, ps_A_217_217:108.6512, galf_TE_A_100:0.132703, galf_TE_A_100_143:0.1102849, galf_TE_A_100_217:0.3963542, galf_TE_A_143:0.2310789, galf_TE_A_143_217:0.6409237, galf_TE_A_217:2.052397
[2 : mcmc] Initial point: logA:3.080952, ns:0.970382, theta_MC_100:1.041801, ombh2:0.02254756, omch2:0.1175317, w:-1.091878, wa:-0.826219, beta_DE:0.4194086, tau:0.07272228, A_planck:1.002376, calib_100T:1.001364, calib_217T:0.9972422, A_cib_217:45.455, xi_sz_cib:0.1976497, A_sz:6.296292, ksz_norm:2.274203, gal545_A_100:7.8304, gal545_A_143:10.83193, gal545_A_143_217:11.76292, gal545_A_217:79.76231, ps_A_100_100:293.7113, ps_A_143_143:33.87753, ps_A_143_217:41.55883, ps_A_217_217:130.754, galf_TE_A_100:0.1060066, galf_TE_A_100_143:0.1486506, galf_TE_A_100_217:0.4138653, galf_TE_A_143:0.3073553, galf_TE_A_143_217:0.5682151, galf_TE_A_217:2.332253
[0 : mcmc] *WARNING* Parameter blocking manually/previously fixed: speeds will not be measured.
[0 : mcmc] Dragging with number of interpolating steps:
[0 : mcmc] *  1 : (['theta_MC_100', 'ombh2', 'omch2', 'w', 'wa', 'beta_DE', 'tau'], ['logA', 'ns'])
[0 : mcmc] * 14 : (['A_planck'], ['calib_100T', 'calib_217T', 'A_cib_217', 'xi_sz_cib', 'A_sz', 'ksz_norm', 'gal545_A_100', 'gal545_A_143', 'gal545_A_143_217', 'gal545_A_217', 'ps_A_100_100', 'ps_A_143_143', 'ps_A_143_217', 'ps_A_217_217', 'galf_TE_A_100', 'galf_TE_A_100_143', 'galf_TE_A_100_217', 'galf_TE_A_143', 'galf_TE_A_143_217', 'galf_TE_A_217'])
[0 : mcmc] Covariance matrix from previous sample.
[0 : mcmc] Sampling!
[3 : mcmc] Progress @ 2024-12-21 11:57:12 : 1 steps taken, and 1655 accepted.
[2 : mcmc] Progress @ 2024-12-21 11:57:16 : 1 steps taken, and 2491 accepted.
[0 : mcmc] Progress @ 2024-12-21 11:57:17 : 1 steps taken, and 2545 accepted.
[1 : mcmc] Progress @ 2024-12-21 11:57:20 : 1 steps taken, and 1714 accepted.
[node017:4660 :0:4740] Caught signal 11 (Segmentation fault: address not mapped to object at address 0xfffffffc04c187f8)
BFD: DWARF error: can't find .debug_ranges section.
BFD: DWARF error: can't find .debug_ranges section.
==== backtrace (tid:   4740) ====
 0 0x0000000000021563 ucs_debug_print_backtrace()  /dev/shm/UCX/1.8.0/GCCcore-9.3.0/ucx-1.8.0/src/ucs/debug/debug.c:653
 1 0x0000000000039f63 __massivenu_MOD_thermalnubackground_rho()  ???:0
 2 0x000000000003da49 __results_MOD_grho_no_de()  ???:0
 3 0x00000000000a5f01 dtauda_()  ???:0
 4 0x000000000004cfdc __results_MOD_thermo_init._omp_fn.0()  results.f90:0
 5 0x0000000000018f09 gomp_thread_start()  team.c:0
 6 0x0000000000007ea5 start_thread()  pthread_create.c:0
 7 0x00000000000feb0d __clone()  ???:0
=================================
[node017:04660] *** Process received signal ***
[node017:04660] Signal: Segmentation fault (11)
[node017:04660] Signal code:  (-6)
[node017:04660] Failing at address: 0x8cfb800001234
[node017:04660] [ 0] /lib64/libpthread.so.0(+0xf630)[0x7f77eedc4630]
[node017:04660] [ 1] /users/smp24dhl/cosmo/code/CAMB_beta/camb/camblib.so(__massivenu_MOD_thermalnubackground_rho+0x63)[0x7f7792300f63]
[node017:04660] [ 2] /users/smp24dhl/cosmo/code/CAMB_beta/camb/camblib.so(__results_MOD_grho_no_de+0xc9)[0x7f7792304a49]
[node017:04660] [ 3] /users/smp24dhl/cosmo/code/CAMB_beta/camb/camblib.so(dtauda_+0x61)[0x7f779236cf01]
[node017:04660] [ 4] /users/smp24dhl/cosmo/code/CAMB_beta/camb/camblib.so(+0x4cfdc)[0x7f7792313fdc]
[node017:04660] [ 5] /users/smp24dhl/.conda/envs/cosmos/bin/../lib/libgomp.so.1(+0x18f09)[0x7f77922a0f09]
[node017:04660] [ 6] /lib64/libpthread.so.0(+0x7ea5)[0x7f77eedbcea5]
[node017:04660] [ 7] /lib64/libc.so.6(clone+0x6d)[0x7f77ee3dcb0d]
[node017:04660] *** End of error message ***
--------------------------------------------------------------------------
Primary job  terminated normally, but 1 process returned
a non-zero exit code. Per user-direction, the job has been aborted.
--------------------------------------------------------------------------
--------------------------------------------------------------------------
mpirun noticed that process rank 2 with PID 4660 on node node017 exited on signal 11 (Segmentation fault).
--------------------------------------------------------------------------
