[0 : output] Output to be read-from/written-into folder 'chains', with prefix 'large'
[0 : output] Found existing info files with the requested output prefix: 'chains/large'
[0 : output] Let's try to resume/load.
[0 : output] Found an old sample. Resuming.
[0 : prior] *WARNING* External prior 'SZ' loaded. Mind that it might not be normalized!

libgomp: 
libgomp: Invalid value for environment variable OMP_NUM_THREADS: 

libgomp: Invalid value for environment variable OMP_NUM_THREADS: 

libgomp: Invalid value for environment variable OMP_NUM_THREADS: 
Invalid value for environment variable OMP_NUM_THREADS: 
[0 : camb] `camb` module loaded successfully from /users/smp24dhl/cosmo/code/CAMB_beta/camb
[0 : planck_2018_highl_plik.ttteee] `clik` module loaded successfully from /users/smp24dhl/cosmo/code/planck/clik/lib/python3.9/site-packages/clik
----
clik version clik_16.0b1-2-g63c889f3aa9c MAKEFILE
  smica
----
clik version clik_16.0b1-2-g63c889f3aa9c MAKEFILE
  smica
----
clik version clik_16.0b1-2-g63c889f3aa9c MAKEFILE
  smica
----
clik version clik_16.0b1-2-g63c889f3aa9c MAKEFILE
  smica
Checking likelihood '/users/smp24dhl/cosmo/data/planck_2018/baseline/plc_3.0/hi_l/plik/plik_rd12_HM_v22b_TTTEEE.clik' on test data. got -1172.47 expected -1172.47 (diff -4.34057e-07)
Checking likelihood '/users/smp24dhl/cosmo/data/planck_2018/baseline/plc_3.0/hi_l/plik/plik_rd12_HM_v22b_TTTEEE.clik' on test data. got -1172.47 expected -1172.47 (diff -4.34056e-07)
----
----
Checking likelihood '/users/smp24dhl/cosmo/data/planck_2018/baseline/plc_3.0/hi_l/plik/plik_rd12_HM_v22b_TTTEEE.clik' on test data. got -1172.47 expected -1172.47 (diff -4.34056e-07)
----
Loading ACT DR6 lensing likelihood v1.2...
Loading ACT DR6 lensing likelihood v1.2...
Loading ACT DR6 lensing likelihood v1.2...
Checking likelihood '/users/smp24dhl/cosmo/data/planck_2018/baseline/plc_3.0/hi_l/plik/plik_rd12_HM_v22b_TTTEEE.clik' on test data. got -1172.47 expected -1172.47 (diff -4.34057e-07)
----
Loading ACT DR6 lensing likelihood v1.2...
/users/smp24dhl/cosmo/code/act_dr6_lenslike/act_dr6_lenslike/act_dr6_lenslike.py:416: UserWarning: Hartlap correction to cinv: 0.949874686716792
  warnings.warn(f"Hartlap correction to cinv: {hartlap_correction}")
/users/smp24dhl/cosmo/code/act_dr6_lenslike/act_dr6_lenslike/act_dr6_lenslike.py:416: UserWarning: Hartlap correction to cinv: 0.949874686716792
  warnings.warn(f"Hartlap correction to cinv: {hartlap_correction}")
/users/smp24dhl/cosmo/code/act_dr6_lenslike/act_dr6_lenslike/act_dr6_lenslike.py:416: UserWarning: Hartlap correction to cinv: 0.949874686716792
  warnings.warn(f"Hartlap correction to cinv: {hartlap_correction}")
/users/smp24dhl/cosmo/code/act_dr6_lenslike/act_dr6_lenslike/act_dr6_lenslike.py:416: UserWarning: Hartlap correction to cinv: 0.949874686716792
  warnings.warn(f"Hartlap correction to cinv: {hartlap_correction}")
[2 : bao.desi_2024_bao_all] Initialized.
[3 : bao.desi_2024_bao_all] Initialized.
[0 : bao.desi_2024_bao_all] Initialized.
[1 : bao.desi_2024_bao_all] Initialized.
[0 : mcmc] Resuming from previous sample!
[1 : samplecollection] Loaded 8461 sample points from 'chains/large.2.txt'
[2 : samplecollection] Loaded 8506 sample points from 'chains/large.3.txt'
[0 : samplecollection] Loaded 8543 sample points from 'chains/large.1.txt'
[3 : samplecollection] Loaded 8436 sample points from 'chains/large.4.txt'
[3 : mcmc] Initial point: logA:3.038458, ns:0.9653749, theta_MC_100:1.040634, ombh2:0.02228882, omch2:0.119175, w:-0.78691, wa:-0.7946828, beta_DE:0.96279, tau:0.04655477, A_planck:1.00601, calib_100T:0.9987996, calib_217T:0.9975281, A_cib_217:41.96697, xi_sz_cib:0.3987405, A_sz:7.889886, ksz_norm:0.8630165, gal545_A_100:7.682259, gal545_A_143:13.07647, gal545_A_143_217:22.98087, gal545_A_217:101.1878, ps_A_100_100:230.099, ps_A_143_143:49.07695, ps_A_143_217:50.18115, ps_A_217_217:132.2487, galf_TE_A_100:0.151094, galf_TE_A_100_143:0.09967262, galf_TE_A_100_217:0.4075928, galf_TE_A_143:0.2357382, galf_TE_A_143_217:0.5853437, galf_TE_A_217:1.881199
[0 : mcmc] Initial point: logA:3.046483, ns:0.9710616, theta_MC_100:1.041124, ombh2:0.02263699, omch2:0.1185538, w:-0.8356175, wa:-0.5955339, beta_DE:0.8679352, tau:0.05615563, A_planck:1.000667, calib_100T:0.9995131, calib_217T:0.998336, A_cib_217:40.76899, xi_sz_cib:0.6385467, A_sz:4.172068, ksz_norm:2.980528, gal545_A_100:10.7216, gal545_A_143:10.33355, gal545_A_143_217:14.57793, gal545_A_217:90.39738, ps_A_100_100:239.0561, ps_A_143_143:42.41046, ps_A_143_217:42.60736, ps_A_217_217:121.2118, galf_TE_A_100:0.05334094, galf_TE_A_100_143:0.1527112, galf_TE_A_100_217:0.4010175, galf_TE_A_143:0.2821938, galf_TE_A_143_217:0.5722573, galf_TE_A_217:2.260707
[2 : mcmc] Initial point: logA:3.033915, ns:0.9646029, theta_MC_100:1.041318, ombh2:0.0224484, omch2:0.120517, w:-1.005284, wa:-0.2761044, beta_DE:1.087845, tau:0.04710324, A_planck:1.000156, calib_100T:1.000418, calib_217T:0.9983374, A_cib_217:45.55212, xi_sz_cib:0.5200756, A_sz:4.572702, ksz_norm:3.857567, gal545_A_100:9.73278, gal545_A_143:8.02475, gal545_A_143_217:14.88574, gal545_A_217:90.42711, ps_A_100_100:252.3441, ps_A_143_143:49.34193, ps_A_143_217:47.06096, ps_A_217_217:118.8326, galf_TE_A_100:0.1151986, galf_TE_A_100_143:0.1300976, galf_TE_A_100_217:0.4548866, galf_TE_A_143:0.2450373, galf_TE_A_143_217:0.7551382, galf_TE_A_217:1.98171
[1 : mcmc] Initial point: logA:3.034144, ns:0.9631784, theta_MC_100:1.040808, ombh2:0.0222958, omch2:0.1210861, w:-0.9221458, wa:-0.5886678, beta_DE:0.8894222, tau:0.05007866, A_planck:0.9990827, calib_100T:0.9993129, calib_217T:0.9978651, A_cib_217:43.8287, xi_sz_cib:0.3522746, A_sz:4.196963, ksz_norm:8.436144, gal545_A_100:8.915472, gal545_A_143:10.731, gal545_A_143_217:17.19055, gal545_A_217:95.99254, ps_A_100_100:256.4423, ps_A_143_143:37.79736, ps_A_143_217:32.67184, ps_A_217_217:108.9093, galf_TE_A_100:0.1346521, galf_TE_A_100_143:0.13828, galf_TE_A_100_217:0.3601424, galf_TE_A_143:0.2583671, galf_TE_A_143_217:0.7163823, galf_TE_A_217:2.229521
[0 : mcmc] *WARNING* Parameter blocking manually/previously fixed: speeds will not be measured.
[0 : mcmc] Dragging with number of interpolating steps:
[0 : mcmc] *  1 : (['theta_MC_100', 'ombh2', 'omch2', 'w', 'wa', 'beta_DE', 'tau'], ['logA', 'ns'])
[0 : mcmc] * 12 : (['A_planck'], ['calib_100T', 'calib_217T', 'A_cib_217', 'xi_sz_cib', 'A_sz', 'ksz_norm', 'gal545_A_100', 'gal545_A_143', 'gal545_A_143_217', 'gal545_A_217', 'ps_A_100_100', 'ps_A_143_143', 'ps_A_143_217', 'ps_A_217_217', 'galf_TE_A_100', 'galf_TE_A_100_143', 'galf_TE_A_100_217', 'galf_TE_A_143', 'galf_TE_A_143_217', 'galf_TE_A_217'])
[0 : mcmc] Covariance matrix from previous sample.
[0 : mcmc] Sampling!
[0 : mcmc] Progress @ 2025-02-05 11:27:24 : 1 steps taken, and 8543 accepted.
[3 : mcmc] Progress @ 2025-02-05 11:27:35 : 1 steps taken, and 8436 accepted.
[2 : mcmc] Progress @ 2025-02-05 11:27:37 : 1 steps taken, and 8506 accepted.
[1 : mcmc] Progress @ 2025-02-05 11:27:37 : 1 steps taken, and 8461 accepted.
[0 : mcmc] Progress @ 2025-02-05 11:28:44 : 4 steps taken, and 8544 accepted.
[1 : mcmc] Progress @ 2025-02-05 11:28:46 : 4 steps taken, and 8461 accepted.
[3 : mcmc] Progress @ 2025-02-05 11:28:57 : 6 steps taken, and 8436 accepted.
[2 : mcmc] Progress @ 2025-02-05 11:28:59 : 4 steps taken, and 8507 accepted.
[0 : mcmc] Progress @ 2025-02-05 11:29:54 : 7 steps taken, and 8545 accepted.
[1 : mcmc] Progress @ 2025-02-05 11:29:58 : 7 steps taken, and 8461 accepted.
[3 : mcmc] Progress @ 2025-02-05 11:30:10 : 11 steps taken, and 8438 accepted.
[2 : mcmc] Progress @ 2025-02-05 11:30:11 : 7 steps taken, and 8508 accepted.
[1 : mcmc] Progress @ 2025-02-05 11:31:07 : 10 steps taken, and 8461 accepted.
[0 : mcmc] Progress @ 2025-02-05 11:31:08 : 10 steps taken, and 8547 accepted.
[3 : mcmc] Progress @ 2025-02-05 11:31:25 : 14 steps taken, and 8439 accepted.
[2 : mcmc] Progress @ 2025-02-05 11:31:28 : 10 steps taken, and 8508 accepted.
[1 : mcmc] Progress @ 2025-02-05 11:32:16 : 13 steps taken, and 8462 accepted.
[0 : mcmc] Progress @ 2025-02-05 11:32:19 : 13 steps taken, and 8548 accepted.
[3 : mcmc] Progress @ 2025-02-05 11:32:46 : 20 steps taken, and 8440 accepted.
[2 : mcmc] Progress @ 2025-02-05 11:32:48 : 13 steps taken, and 8508 accepted.
[0 : mcmc] Progress @ 2025-02-05 11:33:22 : 17 steps taken, and 8549 accepted.
[1 : mcmc] Progress @ 2025-02-05 11:33:36 : 16 steps taken, and 8463 accepted.
[2 : mcmc] Progress @ 2025-02-05 11:33:58 : 16 steps taken, and 8509 accepted.
[3 : mcmc] Progress @ 2025-02-05 11:34:05 : 29 steps taken, and 8442 accepted.
[0 : mcmc] Progress @ 2025-02-05 11:34:46 : 21 steps taken, and 8550 accepted.
[1 : mcmc] Progress @ 2025-02-05 11:34:55 : 19 steps taken, and 8463 accepted.
[2 : mcmc] Progress @ 2025-02-05 11:34:59 : 19 steps taken, and 8510 accepted.
[3 : mcmc] Progress @ 2025-02-05 11:35:24 : 32 steps taken, and 8443 accepted.
[0 : mcmc] Progress @ 2025-02-05 11:35:55 : 25 steps taken, and 8550 accepted.
[2 : mcmc] Progress @ 2025-02-05 11:36:05 : 22 steps taken, and 8512 accepted.
[1 : mcmc] Progress @ 2025-02-05 11:36:12 : 22 steps taken, and 8465 accepted.
[3 : mcmc] Progress @ 2025-02-05 11:36:32 : 35 steps taken, and 8445 accepted.
[0 : mcmc] Progress @ 2025-02-05 11:37:10 : 29 steps taken, and 8550 accepted.
[2 : mcmc] Progress @ 2025-02-05 11:37:26 : 25 steps taken, and 8515 accepted.
[1 : mcmc] Progress @ 2025-02-05 11:37:31 : 25 steps taken, and 8466 accepted.
[3 : mcmc] Progress @ 2025-02-05 11:37:57 : 39 steps taken, and 8448 accepted.
[1 : mcmc] Progress @ 2025-02-05 11:38:34 : 28 steps taken, and 8466 accepted.
[0 : mcmc] Progress @ 2025-02-05 11:38:35 : 33 steps taken, and 8551 accepted.
[2 : mcmc] Progress @ 2025-02-05 11:38:42 : 28 steps taken, and 8517 accepted.
[3 : mcmc] Progress @ 2025-02-05 11:39:20 : 42 steps taken, and 8450 accepted.
[0 : mcmc] Progress @ 2025-02-05 11:39:43 : 37 steps taken, and 8552 accepted.
[1 : mcmc] Progress @ 2025-02-05 11:39:43 : 31 steps taken, and 8467 accepted.
[2 : mcmc] Progress @ 2025-02-05 11:39:56 : 32 steps taken, and 8519 accepted.
[3 : mcmc] Progress @ 2025-02-05 11:40:33 : 45 steps taken, and 8450 accepted.
[1 : mcmc] Progress @ 2025-02-05 11:41:02 : 36 steps taken, and 8468 accepted.
[0 : mcmc] Progress @ 2025-02-05 11:41:04 : 40 steps taken, and 8552 accepted.
[2 : mcmc] Progress @ 2025-02-05 11:41:08 : 35 steps taken, and 8519 accepted.
[3 : mcmc] Progress @ 2025-02-05 11:41:45 : 48 steps taken, and 8451 accepted.
[1 : mcmc] Progress @ 2025-02-05 11:42:11 : 39 steps taken, and 8470 accepted.
[0 : mcmc] Progress @ 2025-02-05 11:42:13 : 44 steps taken, and 8553 accepted.
[2 : mcmc] Progress @ 2025-02-05 11:42:23 : 38 steps taken, and 8520 accepted.
[3 : mcmc] Progress @ 2025-02-05 11:42:57 : 51 steps taken, and 8451 accepted.
[0 : mcmc] Progress @ 2025-02-05 11:43:28 : 48 steps taken, and 8555 accepted.
[1 : mcmc] Progress @ 2025-02-05 11:43:30 : 42 steps taken, and 8471 accepted.
[2 : mcmc] Progress @ 2025-02-05 11:43:41 : 41 steps taken, and 8521 accepted.
[3 : mcmc] Progress @ 2025-02-05 11:44:17 : 54 steps taken, and 8452 accepted.
[1 : mcmc] Progress @ 2025-02-05 11:44:42 : 45 steps taken, and 8473 accepted.
[0 : mcmc] Progress @ 2025-02-05 11:44:45 : 51 steps taken, and 8556 accepted.
[2 : mcmc] Progress @ 2025-02-05 11:44:51 : 44 steps taken, and 8523 accepted.
[3 : mcmc] Progress @ 2025-02-05 11:45:38 : 57 steps taken, and 8454 accepted.
[0 : mcmc] Progress @ 2025-02-05 11:45:47 : 54 steps taken, and 8557 accepted.
[1 : mcmc] Progress @ 2025-02-05 11:45:56 : 49 steps taken, and 8474 accepted.
[2 : mcmc] Progress @ 2025-02-05 11:46:06 : 47 steps taken, and 8524 accepted.
[3 : mcmc] Progress @ 2025-02-05 11:47:00 : 60 steps taken, and 8456 accepted.
[0 : mcmc] Progress @ 2025-02-05 11:47:02 : 57 steps taken, and 8557 accepted.
[1 : mcmc] Progress @ 2025-02-05 11:47:13 : 53 steps taken, and 8476 accepted.
[2 : mcmc] Progress @ 2025-02-05 11:47:29 : 51 steps taken, and 8524 accepted.
[3 : mcmc] Progress @ 2025-02-05 11:48:01 : 63 steps taken, and 8457 accepted.
[0 : mcmc] Progress @ 2025-02-05 11:48:13 : 60 steps taken, and 8559 accepted.
[1 : mcmc] Progress @ 2025-02-05 11:48:24 : 56 steps taken, and 8476 accepted.
[2 : mcmc] Progress @ 2025-02-05 11:48:51 : 55 steps taken, and 8525 accepted.
[3 : mcmc] Progress @ 2025-02-05 11:49:21 : 66 steps taken, and 8459 accepted.
[0 : mcmc] Progress @ 2025-02-05 11:49:32 : 63 steps taken, and 8561 accepted.
[1 : mcmc] Progress @ 2025-02-05 11:49:45 : 59 steps taken, and 8477 accepted.
[2 : mcmc] Progress @ 2025-02-05 11:50:02 : 58 steps taken, and 8528 accepted.
[3 : mcmc] Progress @ 2025-02-05 11:50:25 : 72 steps taken, and 8461 accepted.
[0 : mcmc] Progress @ 2025-02-05 11:50:32 : 66 steps taken, and 8562 accepted.
[2 : mcmc] Progress @ 2025-02-05 11:51:10 : 61 steps taken, and 8530 accepted.
[1 : mcmc] Progress @ 2025-02-05 11:51:10 : 63 steps taken, and 8480 accepted.
[3 : mcmc] Progress @ 2025-02-05 11:51:28 : 77 steps taken, and 8463 accepted.
[0 : mcmc] Progress @ 2025-02-05 11:51:50 : 69 steps taken, and 8562 accepted.
[2 : mcmc] Progress @ 2025-02-05 11:52:23 : 67 steps taken, and 8531 accepted.
[1 : mcmc] Progress @ 2025-02-05 11:52:27 : 67 steps taken, and 8481 accepted.
[3 : mcmc] Progress @ 2025-02-05 11:52:48 : 80 steps taken, and 8464 accepted.
[0 : mcmc] Progress @ 2025-02-05 11:53:11 : 72 steps taken, and 8562 accepted.
[2 : mcmc] Progress @ 2025-02-05 11:53:28 : 71 steps taken, and 8532 accepted.
[1 : mcmc] Progress @ 2025-02-05 11:53:38 : 70 steps taken, and 8482 accepted.
[3 : mcmc] Progress @ 2025-02-05 11:54:11 : 84 steps taken, and 8466 accepted.
[0 : mcmc] Progress @ 2025-02-05 11:54:23 : 75 steps taken, and 8564 accepted.
[2 : mcmc] Progress @ 2025-02-05 11:54:31 : 77 steps taken, and 8533 accepted.
[1 : mcmc] Progress @ 2025-02-05 11:54:47 : 73 steps taken, and 8483 accepted.
[3 : mcmc] Progress @ 2025-02-05 11:55:32 : 87 steps taken, and 8468 accepted.
[2 : mcmc] Progress @ 2025-02-05 11:55:34 : 80 steps taken, and 8533 accepted.
[0 : mcmc] Progress @ 2025-02-05 11:55:37 : 78 steps taken, and 8565 accepted.
[1 : mcmc] Progress @ 2025-02-05 11:56:02 : 76 steps taken, and 8486 accepted.
[3 : mcmc] Progress @ 2025-02-05 11:56:41 : 90 steps taken, and 8471 accepted.
[2 : mcmc] Progress @ 2025-02-05 11:56:52 : 84 steps taken, and 8534 accepted.
[0 : mcmc] Progress @ 2025-02-05 11:56:57 : 81 steps taken, and 8565 accepted.
[1 : mcmc] Progress @ 2025-02-05 11:57:20 : 80 steps taken, and 8486 accepted.
[3 : mcmc] Progress @ 2025-02-05 11:57:48 : 95 steps taken, and 8471 accepted.
[2 : mcmc] Progress @ 2025-02-05 11:58:10 : 88 steps taken, and 8536 accepted.
[0 : mcmc] Progress @ 2025-02-05 11:58:19 : 84 steps taken, and 8566 accepted.
[1 : mcmc] Progress @ 2025-02-05 11:58:25 : 84 steps taken, and 8487 accepted.
[3 : mcmc] Progress @ 2025-02-05 11:58:57 : 98 steps taken, and 8471 accepted.
[2 : mcmc] Progress @ 2025-02-05 11:59:20 : 91 steps taken, and 8536 accepted.
[0 : mcmc] Progress @ 2025-02-05 11:59:31 : 87 steps taken, and 8567 accepted.
[1 : mcmc] Progress @ 2025-02-05 11:59:38 : 90 steps taken, and 8488 accepted.
[3 : mcmc] Progress @ 2025-02-05 12:00:13 : 101 steps taken, and 8472 accepted.
[2 : mcmc] Progress @ 2025-02-05 12:00:33 : 94 steps taken, and 8537 accepted.
[0 : mcmc] Progress @ 2025-02-05 12:00:38 : 90 steps taken, and 8568 accepted.
[1 : mcmc] Progress @ 2025-02-05 12:01:00 : 97 steps taken, and 8489 accepted.
[3 : mcmc] Progress @ 2025-02-05 12:01:28 : 105 steps taken, and 8473 accepted.
[2 : mcmc] Progress @ 2025-02-05 12:01:42 : 97 steps taken, and 8537 accepted.
[0 : mcmc] Progress @ 2025-02-05 12:01:50 : 93 steps taken, and 8570 accepted.
[1 : mcmc] Progress @ 2025-02-05 12:02:22 : 100 steps taken, and 8490 accepted.
[3 : mcmc] Progress @ 2025-02-05 12:02:49 : 109 steps taken, and 8474 accepted.
[0 : mcmc] Progress @ 2025-02-05 12:02:54 : 99 steps taken, and 8571 accepted.
[2 : mcmc] Progress @ 2025-02-05 12:03:03 : 100 steps taken, and 8538 accepted.
[1 : mcmc] Progress @ 2025-02-05 12:03:32 : 103 steps taken, and 8491 accepted.
[3 : mcmc] Progress @ 2025-02-05 12:03:57 : 113 steps taken, and 8475 accepted.
[0 : mcmc] Progress @ 2025-02-05 12:04:02 : 108 steps taken, and 8573 accepted.
[2 : mcmc] Progress @ 2025-02-05 12:04:14 : 103 steps taken, and 8541 accepted.
[1 : mcmc] Progress @ 2025-02-05 12:04:56 : 106 steps taken, and 8492 accepted.
[3 : mcmc] Progress @ 2025-02-05 12:05:02 : 116 steps taken, and 8477 accepted.
[0 : mcmc] Progress @ 2025-02-05 12:05:16 : 111 steps taken, and 8573 accepted.
[2 : mcmc] Progress @ 2025-02-05 12:05:37 : 106 steps taken, and 8543 accepted.
[1 : mcmc] Progress @ 2025-02-05 12:06:05 : 109 steps taken, and 8493 accepted.
[3 : mcmc] Progress @ 2025-02-05 12:06:16 : 119 steps taken, and 8479 accepted.
[0 : mcmc] Progress @ 2025-02-05 12:06:35 : 114 steps taken, and 8573 accepted.
[2 : mcmc] Progress @ 2025-02-05 12:06:50 : 109 steps taken, and 8545 accepted.
[1 : mcmc] Progress @ 2025-02-05 12:07:24 : 112 steps taken, and 8495 accepted.
[3 : mcmc] Progress @ 2025-02-05 12:07:37 : 122 steps taken, and 8481 accepted.
[0 : mcmc] Progress @ 2025-02-05 12:07:45 : 117 steps taken, and 8573 accepted.
[2 : mcmc] Progress @ 2025-02-05 12:07:59 : 112 steps taken, and 8546 accepted.
[1 : mcmc] Progress @ 2025-02-05 12:08:31 : 115 steps taken, and 8496 accepted.
[3 : mcmc] Progress @ 2025-02-05 12:08:58 : 125 steps taken, and 8483 accepted.
[0 : mcmc] Progress @ 2025-02-05 12:09:05 : 120 steps taken, and 8573 accepted.
[2 : mcmc] Progress @ 2025-02-05 12:09:12 : 115 steps taken, and 8546 accepted.
[1 : mcmc] Progress @ 2025-02-05 12:09:42 : 118 steps taken, and 8499 accepted.
[3 : mcmc] Progress @ 2025-02-05 12:10:06 : 128 steps taken, and 8484 accepted.
[0 : mcmc] Progress @ 2025-02-05 12:10:13 : 123 steps taken, and 8575 accepted.
[2 : mcmc] Progress @ 2025-02-05 12:10:35 : 118 steps taken, and 8548 accepted.
[1 : mcmc] Progress @ 2025-02-05 12:10:51 : 121 steps taken, and 8500 accepted.
[3 : mcmc] Progress @ 2025-02-05 12:11:14 : 131 steps taken, and 8486 accepted.
[0 : mcmc] Progress @ 2025-02-05 12:11:20 : 126 steps taken, and 8577 accepted.
[2 : mcmc] Progress @ 2025-02-05 12:11:58 : 121 steps taken, and 8548 accepted.
[1 : mcmc] Progress @ 2025-02-05 12:12:15 : 124 steps taken, and 8503 accepted.
[0 : mcmc] Progress @ 2025-02-05 12:12:27 : 132 steps taken, and 8577 accepted.
[3 : mcmc] Progress @ 2025-02-05 12:12:33 : 136 steps taken, and 8488 accepted.
[2 : mcmc] Progress @ 2025-02-05 12:13:09 : 124 steps taken, and 8550 accepted.
[1 : mcmc] Progress @ 2025-02-05 12:13:32 : 128 steps taken, and 8505 accepted.
[0 : mcmc] Progress @ 2025-02-05 12:13:34 : 135 steps taken, and 8580 accepted.
[3 : mcmc] Progress @ 2025-02-05 12:14:01 : 140 steps taken, and 8489 accepted.
[2 : mcmc] Progress @ 2025-02-05 12:14:18 : 127 steps taken, and 8551 accepted.
[0 : mcmc] Progress @ 2025-02-05 12:14:36 : 138 steps taken, and 8581 accepted.
[1 : mcmc] Progress @ 2025-02-05 12:14:42 : 131 steps taken, and 8507 accepted.
[3 : mcmc] Progress @ 2025-02-05 12:15:21 : 143 steps taken, and 8491 accepted.
[2 : mcmc] Progress @ 2025-02-05 12:15:26 : 130 steps taken, and 8551 accepted.
[1 : mcmc] Progress @ 2025-02-05 12:15:53 : 134 steps taken, and 8508 accepted.
[0 : mcmc] Progress @ 2025-02-05 12:16:00 : 141 steps taken, and 8582 accepted.
[3 : mcmc] Progress @ 2025-02-05 12:16:38 : 148 steps taken, and 8493 accepted.
[2 : mcmc] Progress @ 2025-02-05 12:16:44 : 133 steps taken, and 8553 accepted.
[1 : mcmc] Progress @ 2025-02-05 12:17:02 : 137 steps taken, and 8509 accepted.
[0 : mcmc] Progress @ 2025-02-05 12:17:21 : 144 steps taken, and 8583 accepted.
[3 : mcmc] Progress @ 2025-02-05 12:17:45 : 151 steps taken, and 8495 accepted.
[2 : mcmc] Progress @ 2025-02-05 12:17:52 : 136 steps taken, and 8554 accepted.
[1 : mcmc] Progress @ 2025-02-05 12:18:08 : 140 steps taken, and 8511 accepted.
[0 : mcmc] Progress @ 2025-02-05 12:18:42 : 147 steps taken, and 8585 accepted.
[3 : mcmc] Progress @ 2025-02-05 12:18:54 : 154 steps taken, and 8497 accepted.
[2 : mcmc] Progress @ 2025-02-05 12:19:04 : 139 steps taken, and 8555 accepted.
[1 : mcmc] Progress @ 2025-02-05 12:19:29 : 143 steps taken, and 8513 accepted.
[0 : mcmc] Progress @ 2025-02-05 12:19:51 : 151 steps taken, and 8586 accepted.
[3 : mcmc] Progress @ 2025-02-05 12:20:10 : 157 steps taken, and 8498 accepted.
[2 : mcmc] Progress @ 2025-02-05 12:20:23 : 144 steps taken, and 8556 accepted.
[1 : mcmc] Progress @ 2025-02-05 12:20:34 : 155 steps taken, and 8514 accepted.
[0 : mcmc] Progress @ 2025-02-05 12:21:07 : 154 steps taken, and 8587 accepted.
[3 : mcmc] Progress @ 2025-02-05 12:21:20 : 161 steps taken, and 8499 accepted.
[2 : mcmc] Progress @ 2025-02-05 12:21:44 : 147 steps taken, and 8557 accepted.
[1 : mcmc] Progress @ 2025-02-05 12:22:01 : 159 steps taken, and 8515 accepted.
[0 : mcmc] Progress @ 2025-02-05 12:22:14 : 159 steps taken, and 8587 accepted.
[3 : mcmc] Progress @ 2025-02-05 12:22:40 : 164 steps taken, and 8501 accepted.
[2 : mcmc] Progress @ 2025-02-05 12:23:10 : 151 steps taken, and 8559 accepted.
[0 : mcmc] Progress @ 2025-02-05 12:23:21 : 162 steps taken, and 8587 accepted.
[1 : mcmc] Progress @ 2025-02-05 12:23:24 : 162 steps taken, and 8517 accepted.
[3 : mcmc] Progress @ 2025-02-05 12:24:02 : 167 steps taken, and 8501 accepted.
[2 : mcmc] Progress @ 2025-02-05 12:24:23 : 154 steps taken, and 8561 accepted.
[0 : mcmc] Progress @ 2025-02-05 12:24:37 : 165 steps taken, and 8589 accepted.
[1 : mcmc] Progress @ 2025-02-05 12:24:43 : 169 steps taken, and 8519 accepted.
[3 : mcmc] Progress @ 2025-02-05 12:25:12 : 170 steps taken, and 8502 accepted.
[2 : mcmc] Progress @ 2025-02-05 12:25:45 : 157 steps taken, and 8562 accepted.
[0 : mcmc] Progress @ 2025-02-05 12:26:02 : 169 steps taken, and 8589 accepted.
[1 : mcmc] Progress @ 2025-02-05 12:26:04 : 172 steps taken, and 8521 accepted.
[3 : mcmc] Progress @ 2025-02-05 12:26:25 : 173 steps taken, and 8502 accepted.
[2 : mcmc] Progress @ 2025-02-05 12:26:56 : 160 steps taken, and 8565 accepted.
[1 : mcmc] Progress @ 2025-02-05 12:27:05 : 177 steps taken, and 8522 accepted.
[0 : mcmc] Progress @ 2025-02-05 12:27:20 : 172 steps taken, and 8589 accepted.
[3 : mcmc] Progress @ 2025-02-05 12:27:36 : 176 steps taken, and 8503 accepted.
[2 : mcmc] Progress @ 2025-02-05 12:28:02 : 165 steps taken, and 8567 accepted.
[1 : mcmc] Progress @ 2025-02-05 12:28:14 : 181 steps taken, and 8522 accepted.
[0 : mcmc] Progress @ 2025-02-05 12:28:20 : 175 steps taken, and 8590 accepted.
[3 : mcmc] Progress @ 2025-02-05 12:28:47 : 179 steps taken, and 8504 accepted.
[2 : mcmc] Progress @ 2025-02-05 12:29:08 : 171 steps taken, and 8568 accepted.
[1 : mcmc] Progress @ 2025-02-05 12:29:37 : 185 steps taken, and 8524 accepted.
[0 : mcmc] Progress @ 2025-02-05 12:29:43 : 178 steps taken, and 8591 accepted.
[3 : mcmc] Progress @ 2025-02-05 12:30:05 : 182 steps taken, and 8504 accepted.
[2 : mcmc] Progress @ 2025-02-05 12:30:27 : 175 steps taken, and 8570 accepted.
[1 : mcmc] Progress @ 2025-02-05 12:30:53 : 188 steps taken, and 8525 accepted.
[0 : mcmc] Progress @ 2025-02-05 12:31:07 : 181 steps taken, and 8593 accepted.
[3 : mcmc] Progress @ 2025-02-05 12:31:26 : 185 steps taken, and 8505 accepted.
[2 : mcmc] Progress @ 2025-02-05 12:31:36 : 178 steps taken, and 8572 accepted.
[1 : mcmc] Progress @ 2025-02-05 12:31:59 : 192 steps taken, and 8527 accepted.
[0 : mcmc] Progress @ 2025-02-05 12:32:08 : 188 steps taken, and 8594 accepted.
[3 : mcmc] Progress @ 2025-02-05 12:32:29 : 189 steps taken, and 8507 accepted.
[2 : mcmc] Progress @ 2025-02-05 12:32:45 : 181 steps taken, and 8573 accepted.
[1 : mcmc] Progress @ 2025-02-05 12:33:08 : 218 steps taken, and 8529 accepted.
[0 : mcmc] Progress @ 2025-02-05 12:33:26 : 192 steps taken, and 8596 accepted.
[3 : mcmc] Progress @ 2025-02-05 12:33:30 : 194 steps taken, and 8508 accepted.
[2 : mcmc] Progress @ 2025-02-05 12:34:06 : 184 steps taken, and 8573 accepted.
[1 : mcmc] Progress @ 2025-02-05 12:34:24 : 223 steps taken, and 8529 accepted.
[0 : mcmc] Progress @ 2025-02-05 12:34:43 : 196 steps taken, and 8596 accepted.
[3 : mcmc] Progress @ 2025-02-05 12:34:52 : 197 steps taken, and 8510 accepted.
[2 : mcmc] Progress @ 2025-02-05 12:35:16 : 188 steps taken, and 8574 accepted.
[1 : mcmc] Progress @ 2025-02-05 12:35:34 : 227 steps taken, and 8530 accepted.
[3 : mcmc] Progress @ 2025-02-05 12:35:53 : 200 steps taken, and 8513 accepted.
[0 : mcmc] Progress @ 2025-02-05 12:36:05 : 199 steps taken, and 8599 accepted.
[2 : mcmc] Progress @ 2025-02-05 12:36:25 : 191 steps taken, and 8575 accepted.
[1 : mcmc] Progress @ 2025-02-05 12:36:41 : 231 steps taken, and 8532 accepted.
[3 : mcmc] Progress @ 2025-02-05 12:37:12 : 203 steps taken, and 8514 accepted.
[0 : mcmc] Progress @ 2025-02-05 12:37:17 : 202 steps taken, and 8602 accepted.
[2 : mcmc] Progress @ 2025-02-05 12:37:42 : 195 steps taken, and 8575 accepted.
[1 : mcmc] Progress @ 2025-02-05 12:37:51 : 234 steps taken, and 8535 accepted.
[3 : mcmc] Progress @ 2025-02-05 12:38:29 : 206 steps taken, and 8516 accepted.
[0 : mcmc] Progress @ 2025-02-05 12:38:38 : 205 steps taken, and 8603 accepted.
[2 : mcmc] Progress @ 2025-02-05 12:38:51 : 199 steps taken, and 8576 accepted.
[1 : mcmc] Progress @ 2025-02-05 12:39:00 : 237 steps taken, and 8536 accepted.
[0 : mcmc] Progress @ 2025-02-05 12:39:44 : 212 steps taken, and 8606 accepted.
[3 : mcmc] Progress @ 2025-02-05 12:39:46 : 209 steps taken, and 8517 accepted.
[1 : mcmc] Progress @ 2025-02-05 12:40:11 : 240 steps taken, and 8537 accepted.
[2 : mcmc] Progress @ 2025-02-05 12:40:11 : 202 steps taken, and 8578 accepted.
[0 : mcmc] Progress @ 2025-02-05 12:41:02 : 216 steps taken, and 8608 accepted.
[3 : mcmc] Progress @ 2025-02-05 12:41:07 : 213 steps taken, and 8519 accepted.
[2 : mcmc] Progress @ 2025-02-05 12:41:12 : 205 steps taken, and 8580 accepted.
[1 : mcmc] Progress @ 2025-02-05 12:41:25 : 244 steps taken, and 8539 accepted.
[0 : mcmc] Progress @ 2025-02-05 12:42:16 : 219 steps taken, and 8609 accepted.
[3 : mcmc] Progress @ 2025-02-05 12:42:21 : 216 steps taken, and 8521 accepted.
[2 : mcmc] Progress @ 2025-02-05 12:42:31 : 209 steps taken, and 8581 accepted.
[1 : mcmc] Progress @ 2025-02-05 12:42:36 : 247 steps taken, and 8539 accepted.
[0 : mcmc] Progress @ 2025-02-05 12:43:22 : 222 steps taken, and 8611 accepted.
[3 : mcmc] Progress @ 2025-02-05 12:43:40 : 220 steps taken, and 8522 accepted.
[2 : mcmc] Progress @ 2025-02-05 12:43:52 : 213 steps taken, and 8584 accepted.
[1 : mcmc] Progress @ 2025-02-05 12:43:55 : 250 steps taken, and 8539 accepted.
[0 : mcmc] Progress @ 2025-02-05 12:44:38 : 226 steps taken, and 8613 accepted.
[2 : mcmc] Progress @ 2025-02-05 12:44:58 : 216 steps taken, and 8585 accepted.
[3 : mcmc] Progress @ 2025-02-05 12:44:59 : 223 steps taken, and 8522 accepted.
[1 : mcmc] Progress @ 2025-02-05 12:45:06 : 253 steps taken, and 8541 accepted.
[0 : mcmc] Progress @ 2025-02-05 12:45:44 : 233 steps taken, and 8614 accepted.
[3 : mcmc] Progress @ 2025-02-05 12:46:18 : 227 steps taken, and 8524 accepted.
[2 : mcmc] Progress @ 2025-02-05 12:46:19 : 219 steps taken, and 8588 accepted.
[1 : mcmc] Progress @ 2025-02-05 12:46:21 : 256 steps taken, and 8542 accepted.
[0 : mcmc] Progress @ 2025-02-05 12:47:07 : 236 steps taken, and 8615 accepted.
[2 : mcmc] Progress @ 2025-02-05 12:47:40 : 223 steps taken, and 8590 accepted.
[3 : mcmc] Progress @ 2025-02-05 12:47:41 : 231 steps taken, and 8525 accepted.
[1 : mcmc] Progress @ 2025-02-05 12:47:42 : 259 steps taken, and 8543 accepted.
[0 : mcmc] Progress @ 2025-02-05 12:48:18 : 239 steps taken, and 8616 accepted.
[1 : mcmc] Progress @ 2025-02-05 12:48:56 : 262 steps taken, and 8544 accepted.
[2 : mcmc] Progress @ 2025-02-05 12:48:56 : 227 steps taken, and 8591 accepted.
[3 : mcmc] Progress @ 2025-02-05 12:48:59 : 234 steps taken, and 8526 accepted.
[0 : mcmc] Progress @ 2025-02-05 12:49:30 : 242 steps taken, and 8617 accepted.
[2 : mcmc] Progress @ 2025-02-05 12:50:03 : 230 steps taken, and 8594 accepted.
[1 : mcmc] Progress @ 2025-02-05 12:50:04 : 265 steps taken, and 8546 accepted.
[3 : mcmc] Progress @ 2025-02-05 12:50:06 : 238 steps taken, and 8526 accepted.
[0 : mcmc] Progress @ 2025-02-05 12:50:53 : 245 steps taken, and 8617 accepted.
[2 : mcmc] Progress @ 2025-02-05 12:51:13 : 233 steps taken, and 8595 accepted.
[3 : mcmc] Progress @ 2025-02-05 12:51:13 : 241 steps taken, and 8528 accepted.
[1 : mcmc] Progress @ 2025-02-05 12:51:24 : 268 steps taken, and 8546 accepted.
[0 : mcmc] Progress @ 2025-02-05 12:52:01 : 248 steps taken, and 8618 accepted.
[1 : mcmc] Progress @ 2025-02-05 12:52:27 : 271 steps taken, and 8546 accepted.
[3 : mcmc] Progress @ 2025-02-05 12:52:33 : 244 steps taken, and 8531 accepted.
[2 : mcmc] Progress @ 2025-02-05 12:52:38 : 237 steps taken, and 8598 accepted.
[0 : mcmc] Progress @ 2025-02-05 12:53:11 : 251 steps taken, and 8620 accepted.
[1 : mcmc] Progress @ 2025-02-05 12:53:32 : 274 steps taken, and 8548 accepted.
[2 : mcmc] Progress @ 2025-02-05 12:53:50 : 241 steps taken, and 8599 accepted.
[3 : mcmc] Progress @ 2025-02-05 12:53:52 : 248 steps taken, and 8532 accepted.
[0 : mcmc] Progress @ 2025-02-05 12:54:34 : 254 steps taken, and 8620 accepted.
[1 : mcmc] Progress @ 2025-02-05 12:54:53 : 277 steps taken, and 8548 accepted.
[3 : mcmc] Progress @ 2025-02-05 12:55:04 : 251 steps taken, and 8534 accepted.
[2 : mcmc] Progress @ 2025-02-05 12:55:15 : 245 steps taken, and 8602 accepted.
[0 : mcmc] Progress @ 2025-02-05 12:55:42 : 257 steps taken, and 8621 accepted.
[1 : mcmc] Progress @ 2025-02-05 12:55:57 : 280 steps taken, and 8549 accepted.
[3 : mcmc] Progress @ 2025-02-05 12:56:24 : 254 steps taken, and 8535 accepted.
[2 : mcmc] Progress @ 2025-02-05 12:56:39 : 251 steps taken, and 8605 accepted.
[0 : mcmc] Progress @ 2025-02-05 12:56:54 : 260 steps taken, and 8622 accepted.
[1 : mcmc] Progress @ 2025-02-05 12:57:09 : 283 steps taken, and 8550 accepted.
[3 : mcmc] Progress @ 2025-02-05 12:57:30 : 257 steps taken, and 8535 accepted.
[2 : mcmc] Progress @ 2025-02-05 12:57:58 : 254 steps taken, and 8607 accepted.
[0 : mcmc] Progress @ 2025-02-05 12:58:14 : 263 steps taken, and 8623 accepted.
[3 : mcmc] Progress @ 2025-02-05 12:58:30 : 260 steps taken, and 8536 accepted.
[1 : mcmc] Progress @ 2025-02-05 12:58:30 : 286 steps taken, and 8552 accepted.
[2 : mcmc] Progress @ 2025-02-05 12:59:07 : 258 steps taken, and 8608 accepted.
[0 : mcmc] Progress @ 2025-02-05 12:59:35 : 266 steps taken, and 8623 accepted.
[3 : mcmc] Progress @ 2025-02-05 12:59:53 : 268 steps taken, and 8538 accepted.
[1 : mcmc] Progress @ 2025-02-05 12:59:53 : 289 steps taken, and 8553 accepted.
[2 : mcmc] Progress @ 2025-02-05 13:00:16 : 261 steps taken, and 8611 accepted.
[1 : mcmc] Progress @ 2025-02-05 13:00:55 : 292 steps taken, and 8556 accepted.
[0 : mcmc] Progress @ 2025-02-05 13:01:01 : 270 steps taken, and 8626 accepted.
[3 : mcmc] Progress @ 2025-02-05 13:01:14 : 271 steps taken, and 8539 accepted.
[2 : mcmc] Progress @ 2025-02-05 13:01:19 : 264 steps taken, and 8613 accepted.
[1 : mcmc] Progress @ 2025-02-05 13:02:16 : 295 steps taken, and 8557 accepted.
[0 : mcmc] Progress @ 2025-02-05 13:02:26 : 273 steps taken, and 8629 accepted.
[3 : mcmc] Progress @ 2025-02-05 13:02:26 : 274 steps taken, and 8539 accepted.
[2 : mcmc] Progress @ 2025-02-05 13:02:44 : 267 steps taken, and 8614 accepted.
[1 : mcmc] Progress @ 2025-02-05 13:03:36 : 298 steps taken, and 8558 accepted.
[3 : mcmc] Progress @ 2025-02-05 13:03:37 : 277 steps taken, and 8542 accepted.
[0 : mcmc] Progress @ 2025-02-05 13:03:37 : 276 steps taken, and 8630 accepted.
[2 : mcmc] Progress @ 2025-02-05 13:04:05 : 270 steps taken, and 8616 accepted.
[1 : mcmc] Progress @ 2025-02-05 13:04:45 : 301 steps taken, and 8560 accepted.
[0 : mcmc] Progress @ 2025-02-05 13:04:49 : 279 steps taken, and 8632 accepted.
[3 : mcmc] Progress @ 2025-02-05 13:04:59 : 280 steps taken, and 8543 accepted.
[2 : mcmc] Progress @ 2025-02-05 13:05:32 : 273 steps taken, and 8618 accepted.
[1 : mcmc] Progress @ 2025-02-05 13:05:50 : 304 steps taken, and 8561 accepted.
[0 : mcmc] Progress @ 2025-02-05 13:06:00 : 282 steps taken, and 8632 accepted.
[3 : mcmc] Progress @ 2025-02-05 13:06:09 : 283 steps taken, and 8544 accepted.
[2 : mcmc] Progress @ 2025-02-05 13:06:46 : 276 steps taken, and 8619 accepted.
[1 : mcmc] Progress @ 2025-02-05 13:07:02 : 307 steps taken, and 8562 accepted.
[0 : mcmc] Progress @ 2025-02-05 13:07:20 : 285 steps taken, and 8632 accepted.
[3 : mcmc] Progress @ 2025-02-05 13:07:21 : 286 steps taken, and 8546 accepted.
[2 : mcmc] Progress @ 2025-02-05 13:08:05 : 280 steps taken, and 8622 accepted.
[1 : mcmc] Progress @ 2025-02-05 13:08:24 : 310 steps taken, and 8563 accepted.
[0 : mcmc] Progress @ 2025-02-05 13:08:32 : 288 steps taken, and 8633 accepted.
[3 : mcmc] Progress @ 2025-02-05 13:08:39 : 290 steps taken, and 8548 accepted.
[2 : mcmc] Progress @ 2025-02-05 13:09:12 : 283 steps taken, and 8625 accepted.
[1 : mcmc] Progress @ 2025-02-05 13:09:29 : 313 steps taken, and 8565 accepted.
[0 : mcmc] Progress @ 2025-02-05 13:09:43 : 291 steps taken, and 8635 accepted.
[3 : mcmc] Progress @ 2025-02-05 13:09:52 : 293 steps taken, and 8549 accepted.
[2 : mcmc] Progress @ 2025-02-05 13:10:22 : 286 steps taken, and 8626 accepted.
[0 : mcmc] Progress @ 2025-02-05 13:10:53 : 295 steps taken, and 8638 accepted.
[3 : mcmc] Progress @ 2025-02-05 13:10:55 : 297 steps taken, and 8551 accepted.
[1 : mcmc] Progress @ 2025-02-05 13:10:55 : 316 steps taken, and 8565 accepted.
[2 : mcmc] Progress @ 2025-02-05 13:11:39 : 289 steps taken, and 8626 accepted.
[0 : mcmc] Progress @ 2025-02-05 13:12:11 : 298 steps taken, and 8639 accepted.
[3 : mcmc] Progress @ 2025-02-05 13:12:12 : 300 steps taken, and 8554 accepted.
[1 : mcmc] Progress @ 2025-02-05 13:12:20 : 319 steps taken, and 8567 accepted.
[2 : mcmc] Progress @ 2025-02-05 13:13:00 : 293 steps taken, and 8627 accepted.
[3 : mcmc] Progress @ 2025-02-05 13:13:13 : 303 steps taken, and 8554 accepted.
[0 : mcmc] Progress @ 2025-02-05 13:13:19 : 302 steps taken, and 8639 accepted.
[1 : mcmc] Progress @ 2025-02-05 13:13:27 : 322 steps taken, and 8567 accepted.
[2 : mcmc] Progress @ 2025-02-05 13:14:00 : 296 steps taken, and 8629 accepted.
[0 : mcmc] Learn + convergence test @ 8640 samples accepted.
[0 : mcmc] Ready to check convergence and learn a new proposal covmat (waiting for the rest...)
[3 : mcmc] Progress @ 2025-02-05 13:14:33 : 306 steps taken, and 8555 accepted.
[1 : mcmc] Progress @ 2025-02-05 13:14:39 : 325 steps taken, and 8569 accepted.
[0 : mcmc] Progress @ 2025-02-05 13:14:40 : 305 steps taken, and 8641 accepted.
[2 : mcmc] Progress @ 2025-02-05 13:15:24 : 299 steps taken, and 8632 accepted.
[3 : mcmc] Progress @ 2025-02-05 13:15:42 : 309 steps taken, and 8556 accepted.
[0 : mcmc] Progress @ 2025-02-05 13:15:56 : 308 steps taken, and 8642 accepted.
[1 : mcmc] Progress @ 2025-02-05 13:15:57 : 329 steps taken, and 8570 accepted.
[2 : mcmc] Progress @ 2025-02-05 13:16:32 : 305 steps taken, and 8633 accepted.
[3 : mcmc] Progress @ 2025-02-05 13:16:50 : 313 steps taken, and 8556 accepted.
[0 : mcmc] Progress @ 2025-02-05 13:17:01 : 313 steps taken, and 8644 accepted.
[1 : mcmc] Progress @ 2025-02-05 13:17:24 : 333 steps taken, and 8571 accepted.
[2 : mcmc] Progress @ 2025-02-05 13:17:43 : 309 steps taken, and 8636 accepted.
[3 : mcmc] Progress @ 2025-02-05 13:18:08 : 317 steps taken, and 8557 accepted.
[0 : mcmc] Progress @ 2025-02-05 13:18:11 : 316 steps taken, and 8646 accepted.
[1 : mcmc] Progress @ 2025-02-05 13:18:46 : 336 steps taken, and 8572 accepted.
[2 : mcmc] Progress @ 2025-02-05 13:19:10 : 312 steps taken, and 8638 accepted.
[3 : mcmc] Progress @ 2025-02-05 13:19:12 : 320 steps taken, and 8558 accepted.
[0 : mcmc] Progress @ 2025-02-05 13:19:28 : 319 steps taken, and 8648 accepted.
[1 : mcmc] Progress @ 2025-02-05 13:20:08 : 339 steps taken, and 8573 accepted.
[2 : mcmc] Progress @ 2025-02-05 13:20:18 : 315 steps taken, and 8640 accepted.
[2 : mcmc] Learn + convergence test @ 8640 samples accepted.
[2 : mcmc] Ready to check convergence and learn a new proposal covmat (waiting for the rest...)
[3 : mcmc] Progress @ 2025-02-05 13:20:32 : 326 steps taken, and 8560 accepted.
[0 : mcmc] Progress @ 2025-02-05 13:20:33 : 322 steps taken, and 8651 accepted.
[1 : mcmc] Progress @ 2025-02-05 13:21:10 : 342 steps taken, and 8576 accepted.
[2 : mcmc] Progress @ 2025-02-05 13:21:28 : 318 steps taken, and 8641 accepted.
[3 : mcmc] Progress @ 2025-02-05 13:21:51 : 329 steps taken, and 8561 accepted.
[0 : mcmc] Progress @ 2025-02-05 13:21:54 : 325 steps taken, and 8653 accepted.
[1 : mcmc] Progress @ 2025-02-05 13:22:35 : 345 steps taken, and 8576 accepted.
[2 : mcmc] Progress @ 2025-02-05 13:22:47 : 321 steps taken, and 8642 accepted.
[0 : mcmc] Progress @ 2025-02-05 13:23:00 : 332 steps taken, and 8655 accepted.
[3 : mcmc] Progress @ 2025-02-05 13:23:18 : 333 steps taken, and 8562 accepted.
[1 : mcmc] Progress @ 2025-02-05 13:23:47 : 348 steps taken, and 8576 accepted.
[2 : mcmc] Progress @ 2025-02-05 13:23:56 : 325 steps taken, and 8643 accepted.
[0 : mcmc] Progress @ 2025-02-05 13:24:12 : 335 steps taken, and 8658 accepted.
[3 : mcmc] Progress @ 2025-02-05 13:24:29 : 336 steps taken, and 8564 accepted.
[1 : mcmc] Progress @ 2025-02-05 13:24:58 : 351 steps taken, and 8576 accepted.
[2 : mcmc] Progress @ 2025-02-05 13:25:08 : 328 steps taken, and 8645 accepted.
[0 : mcmc] Progress @ 2025-02-05 13:25:27 : 338 steps taken, and 8660 accepted.
[3 : mcmc] Progress @ 2025-02-05 13:25:40 : 339 steps taken, and 8564 accepted.
[2 : mcmc] Progress @ 2025-02-05 13:26:17 : 335 steps taken, and 8645 accepted.
[1 : mcmc] Progress @ 2025-02-05 13:26:20 : 354 steps taken, and 8576 accepted.
[0 : mcmc] Progress @ 2025-02-05 13:26:46 : 342 steps taken, and 8662 accepted.
[3 : mcmc] Progress @ 2025-02-05 13:26:59 : 342 steps taken, and 8565 accepted.
[2 : mcmc] Progress @ 2025-02-05 13:27:35 : 339 steps taken, and 8647 accepted.
[1 : mcmc] Progress @ 2025-02-05 13:27:41 : 357 steps taken, and 8578 accepted.
[0 : mcmc] Progress @ 2025-02-05 13:27:56 : 345 steps taken, and 8663 accepted.
[3 : mcmc] Progress @ 2025-02-05 13:28:16 : 345 steps taken, and 8567 accepted.
[2 : mcmc] Progress @ 2025-02-05 13:28:47 : 342 steps taken, and 8648 accepted.
[1 : mcmc] Progress @ 2025-02-05 13:28:57 : 361 steps taken, and 8578 accepted.
[0 : mcmc] Progress @ 2025-02-05 13:29:07 : 352 steps taken, and 8664 accepted.
[3 : mcmc] Progress @ 2025-02-05 13:29:24 : 349 steps taken, and 8569 accepted.
[2 : mcmc] Progress @ 2025-02-05 13:30:00 : 345 steps taken, and 8650 accepted.
[1 : mcmc] Progress @ 2025-02-05 13:30:19 : 364 steps taken, and 8578 accepted.
[0 : mcmc] Progress @ 2025-02-05 13:30:21 : 359 steps taken, and 8664 accepted.
[3 : mcmc] Progress @ 2025-02-05 13:30:28 : 352 steps taken, and 8571 accepted.
[2 : mcmc] Progress @ 2025-02-05 13:31:10 : 348 steps taken, and 8650 accepted.
[1 : mcmc] Progress @ 2025-02-05 13:31:35 : 367 steps taken, and 8580 accepted.
[0 : mcmc] Progress @ 2025-02-05 13:31:38 : 367 steps taken, and 8665 accepted.
[3 : mcmc] Progress @ 2025-02-05 13:31:42 : 355 steps taken, and 8573 accepted.
[2 : mcmc] Progress @ 2025-02-05 13:32:13 : 351 steps taken, and 8652 accepted.
[1 : mcmc] Progress @ 2025-02-05 13:32:46 : 370 steps taken, and 8582 accepted.
[0 : mcmc] Progress @ 2025-02-05 13:32:49 : 370 steps taken, and 8667 accepted.
[3 : mcmc] Progress @ 2025-02-05 13:32:59 : 358 steps taken, and 8575 accepted.
[2 : mcmc] Progress @ 2025-02-05 13:33:20 : 354 steps taken, and 8654 accepted.
[0 : mcmc] Progress @ 2025-02-05 13:33:56 : 373 steps taken, and 8669 accepted.
[1 : mcmc] Progress @ 2025-02-05 13:34:03 : 374 steps taken, and 8582 accepted.
[3 : mcmc] Progress @ 2025-02-05 13:34:14 : 361 steps taken, and 8577 accepted.
[2 : mcmc] Progress @ 2025-02-05 13:34:22 : 358 steps taken, and 8654 accepted.
[0 : mcmc] Progress @ 2025-02-05 13:35:04 : 377 steps taken, and 8669 accepted.
[1 : mcmc] Progress @ 2025-02-05 13:35:15 : 377 steps taken, and 8584 accepted.
[3 : mcmc] Progress @ 2025-02-05 13:35:36 : 365 steps taken, and 8579 accepted.
[2 : mcmc] Progress @ 2025-02-05 13:35:39 : 362 steps taken, and 8655 accepted.
[0 : mcmc] Progress @ 2025-02-05 13:36:06 : 380 steps taken, and 8671 accepted.
[1 : mcmc] Progress @ 2025-02-05 13:36:32 : 380 steps taken, and 8584 accepted.
[2 : mcmc] Progress @ 2025-02-05 13:36:45 : 366 steps taken, and 8658 accepted.
[3 : mcmc] Progress @ 2025-02-05 13:36:49 : 368 steps taken, and 8579 accepted.
[0 : mcmc] Progress @ 2025-02-05 13:37:30 : 383 steps taken, and 8671 accepted.
[3 : mcmc] Progress @ 2025-02-05 13:37:50 : 371 steps taken, and 8579 accepted.
[1 : mcmc] Progress @ 2025-02-05 13:37:51 : 384 steps taken, and 8585 accepted.
[2 : mcmc] Progress @ 2025-02-05 13:38:07 : 370 steps taken, and 8659 accepted.
[0 : mcmc] Progress @ 2025-02-05 13:38:54 : 386 steps taken, and 8671 accepted.
[3 : mcmc] Progress @ 2025-02-05 13:38:57 : 374 steps taken, and 8581 accepted.
[1 : mcmc] Progress @ 2025-02-05 13:39:07 : 388 steps taken, and 8587 accepted.
[2 : mcmc] Progress @ 2025-02-05 13:39:17 : 374 steps taken, and 8660 accepted.
[0 : mcmc] Progress @ 2025-02-05 13:40:02 : 389 steps taken, and 8672 accepted.
[3 : mcmc] Progress @ 2025-02-05 13:40:17 : 377 steps taken, and 8583 accepted.
[1 : mcmc] Progress @ 2025-02-05 13:40:21 : 395 steps taken, and 8589 accepted.
[2 : mcmc] Progress @ 2025-02-05 13:40:30 : 377 steps taken, and 8662 accepted.
[0 : mcmc] Progress @ 2025-02-05 13:41:25 : 392 steps taken, and 8674 accepted.
[1 : mcmc] Progress @ 2025-02-05 13:41:28 : 398 steps taken, and 8591 accepted.
[3 : mcmc] Progress @ 2025-02-05 13:41:34 : 380 steps taken, and 8584 accepted.
[2 : mcmc] Progress @ 2025-02-05 13:41:47 : 381 steps taken, and 8665 accepted.
[1 : mcmc] Progress @ 2025-02-05 13:42:36 : 401 steps taken, and 8592 accepted.
[0 : mcmc] Progress @ 2025-02-05 13:42:39 : 395 steps taken, and 8677 accepted.
[3 : mcmc] Progress @ 2025-02-05 13:42:56 : 383 steps taken, and 8586 accepted.
[2 : mcmc] Progress @ 2025-02-05 13:42:57 : 386 steps taken, and 8666 accepted.
[1 : mcmc] Progress @ 2025-02-05 13:43:51 : 404 steps taken, and 8594 accepted.
[3 : mcmc] Progress @ 2025-02-05 13:43:56 : 386 steps taken, and 8588 accepted.
[0 : mcmc] Progress @ 2025-02-05 13:44:04 : 398 steps taken, and 8679 accepted.
[2 : mcmc] Progress @ 2025-02-05 13:44:06 : 389 steps taken, and 8667 accepted.
[1 : mcmc] Progress @ 2025-02-05 13:44:57 : 407 steps taken, and 8594 accepted.
[0 : mcmc] Progress @ 2025-02-05 13:45:12 : 402 steps taken, and 8681 accepted.
[3 : mcmc] Progress @ 2025-02-05 13:45:19 : 389 steps taken, and 8589 accepted.
[2 : mcmc] Progress @ 2025-02-05 13:45:19 : 393 steps taken, and 8668 accepted.
[1 : mcmc] Progress @ 2025-02-05 13:46:15 : 411 steps taken, and 8596 accepted.
[0 : mcmc] Progress @ 2025-02-05 13:46:28 : 405 steps taken, and 8683 accepted.
[3 : mcmc] Progress @ 2025-02-05 13:46:31 : 392 steps taken, and 8592 accepted.
[2 : mcmc] Progress @ 2025-02-05 13:46:35 : 397 steps taken, and 8670 accepted.
[1 : mcmc] Progress @ 2025-02-05 13:47:25 : 414 steps taken, and 8597 accepted.
[0 : mcmc] Progress @ 2025-02-05 13:47:37 : 408 steps taken, and 8684 accepted.
[3 : mcmc] Progress @ 2025-02-05 13:47:38 : 395 steps taken, and 8593 accepted.
[2 : mcmc] Progress @ 2025-02-05 13:47:44 : 401 steps taken, and 8673 accepted.
[1 : mcmc] Progress @ 2025-02-05 13:48:46 : 417 steps taken, and 8598 accepted.
[0 : mcmc] Progress @ 2025-02-05 13:48:57 : 411 steps taken, and 8684 accepted.
[2 : mcmc] Progress @ 2025-02-05 13:49:03 : 406 steps taken, and 8676 accepted.
[3 : mcmc] Progress @ 2025-02-05 13:49:04 : 398 steps taken, and 8595 accepted.
[1 : mcmc] Progress @ 2025-02-05 13:49:55 : 420 steps taken, and 8598 accepted.
[2 : mcmc] Progress @ 2025-02-05 13:50:08 : 410 steps taken, and 8678 accepted.
[0 : mcmc] Progress @ 2025-02-05 13:50:09 : 414 steps taken, and 8684 accepted.
[3 : mcmc] Progress @ 2025-02-05 13:50:18 : 401 steps taken, and 8597 accepted.
[1 : mcmc] Progress @ 2025-02-05 13:51:07 : 423 steps taken, and 8598 accepted.
[2 : mcmc] Progress @ 2025-02-05 13:51:17 : 414 steps taken, and 8680 accepted.
[3 : mcmc] Progress @ 2025-02-05 13:51:26 : 404 steps taken, and 8598 accepted.
[0 : mcmc] Progress @ 2025-02-05 13:51:30 : 417 steps taken, and 8686 accepted.
[1 : mcmc] Progress @ 2025-02-05 13:52:26 : 426 steps taken, and 8598 accepted.
[0 : mcmc] Progress @ 2025-02-05 13:52:39 : 420 steps taken, and 8686 accepted.
[2 : mcmc] Progress @ 2025-02-05 13:52:42 : 417 steps taken, and 8680 accepted.
[3 : mcmc] Progress @ 2025-02-05 13:52:48 : 407 steps taken, and 8599 accepted.
[1 : mcmc] Progress @ 2025-02-05 13:53:33 : 430 steps taken, and 8599 accepted.
[0 : mcmc] Progress @ 2025-02-05 13:53:46 : 423 steps taken, and 8687 accepted.
[2 : mcmc] Progress @ 2025-02-05 13:53:52 : 420 steps taken, and 8682 accepted.
[3 : mcmc] Progress @ 2025-02-05 13:54:09 : 410 steps taken, and 8600 accepted.
[1 : mcmc] Progress @ 2025-02-05 13:54:42 : 433 steps taken, and 8600 accepted.
[0 : mcmc] Progress @ 2025-02-05 13:54:58 : 426 steps taken, and 8689 accepted.
[2 : mcmc] Progress @ 2025-02-05 13:55:03 : 424 steps taken, and 8682 accepted.
[3 : mcmc] Progress @ 2025-02-05 13:55:13 : 413 steps taken, and 8602 accepted.
[1 : mcmc] Progress @ 2025-02-05 13:56:00 : 436 steps taken, and 8600 accepted.
[0 : mcmc] Progress @ 2025-02-05 13:56:11 : 429 steps taken, and 8690 accepted.
[2 : mcmc] Progress @ 2025-02-05 13:56:13 : 427 steps taken, and 8683 accepted.
[3 : mcmc] Progress @ 2025-02-05 13:56:34 : 416 steps taken, and 8603 accepted.
[1 : mcmc] Progress @ 2025-02-05 13:57:11 : 441 steps taken, and 8603 accepted.
[2 : mcmc] Progress @ 2025-02-05 13:57:19 : 430 steps taken, and 8684 accepted.
[0 : mcmc] Progress @ 2025-02-05 13:57:32 : 432 steps taken, and 8692 accepted.
[3 : mcmc] Progress @ 2025-02-05 13:57:47 : 419 steps taken, and 8605 accepted.
[1 : mcmc] Progress @ 2025-02-05 13:58:18 : 444 steps taken, and 8603 accepted.
[2 : mcmc] Progress @ 2025-02-05 13:58:28 : 434 steps taken, and 8685 accepted.
[0 : mcmc] Progress @ 2025-02-05 13:58:52 : 435 steps taken, and 8693 accepted.
[3 : mcmc] Progress @ 2025-02-05 13:59:00 : 422 steps taken, and 8606 accepted.
[1 : mcmc] Progress @ 2025-02-05 13:59:40 : 447 steps taken, and 8603 accepted.
[2 : mcmc] Progress @ 2025-02-05 13:59:51 : 437 steps taken, and 8687 accepted.
[0 : mcmc] Progress @ 2025-02-05 14:00:02 : 438 steps taken, and 8694 accepted.
[3 : mcmc] Progress @ 2025-02-05 14:00:24 : 425 steps taken, and 8607 accepted.
[1 : mcmc] Progress @ 2025-02-05 14:00:51 : 450 steps taken, and 8604 accepted.
[2 : mcmc] Progress @ 2025-02-05 14:01:11 : 440 steps taken, and 8688 accepted.
[0 : mcmc] Progress @ 2025-02-05 14:01:13 : 441 steps taken, and 8695 accepted.
[3 : mcmc] Progress @ 2025-02-05 14:01:28 : 428 steps taken, and 8607 accepted.
[1 : mcmc] Progress @ 2025-02-05 14:02:00 : 453 steps taken, and 8604 accepted.
[2 : mcmc] Progress @ 2025-02-05 14:02:28 : 444 steps taken, and 8688 accepted.
[0 : mcmc] Progress @ 2025-02-05 14:02:33 : 444 steps taken, and 8697 accepted.
[3 : mcmc] Progress @ 2025-02-05 14:02:49 : 431 steps taken, and 8610 accepted.
[1 : mcmc] Progress @ 2025-02-05 14:03:21 : 456 steps taken, and 8604 accepted.
[2 : mcmc] Progress @ 2025-02-05 14:03:49 : 447 steps taken, and 8689 accepted.
[0 : mcmc] Progress @ 2025-02-05 14:03:55 : 449 steps taken, and 8699 accepted.
[3 : mcmc] Progress @ 2025-02-05 14:04:14 : 434 steps taken, and 8612 accepted.
[1 : mcmc] Progress @ 2025-02-05 14:04:29 : 459 steps taken, and 8606 accepted.
[2 : mcmc] Progress @ 2025-02-05 14:05:11 : 450 steps taken, and 8690 accepted.
[0 : mcmc] Progress @ 2025-02-05 14:05:12 : 452 steps taken, and 8702 accepted.
[3 : mcmc] Progress @ 2025-02-05 14:05:27 : 437 steps taken, and 8614 accepted.
[1 : mcmc] Progress @ 2025-02-05 14:05:30 : 464 steps taken, and 8607 accepted.
[0 : mcmc] Progress @ 2025-02-05 14:06:35 : 459 steps taken, and 8703 accepted.
[2 : mcmc] Progress @ 2025-02-05 14:06:37 : 453 steps taken, and 8691 accepted.
[3 : mcmc] Progress @ 2025-02-05 14:06:37 : 441 steps taken, and 8615 accepted.
[1 : mcmc] Progress @ 2025-02-05 14:06:44 : 467 steps taken, and 8607 accepted.
[0 : mcmc] Progress @ 2025-02-05 14:07:39 : 464 steps taken, and 8705 accepted.
[3 : mcmc] Progress @ 2025-02-05 14:07:46 : 445 steps taken, and 8617 accepted.
[2 : mcmc] Progress @ 2025-02-05 14:07:46 : 456 steps taken, and 8692 accepted.
[1 : mcmc] Progress @ 2025-02-05 14:07:59 : 470 steps taken, and 8609 accepted.
[0 : mcmc] Progress @ 2025-02-05 14:08:47 : 470 steps taken, and 8707 accepted.
[3 : mcmc] Progress @ 2025-02-05 14:08:56 : 448 steps taken, and 8618 accepted.
[2 : mcmc] Progress @ 2025-02-05 14:09:02 : 461 steps taken, and 8692 accepted.
[1 : mcmc] Progress @ 2025-02-05 14:09:05 : 474 steps taken, and 8610 accepted.
[0 : mcmc] Progress @ 2025-02-05 14:09:59 : 473 steps taken, and 8709 accepted.
[3 : mcmc] Progress @ 2025-02-05 14:10:08 : 451 steps taken, and 8619 accepted.
[2 : mcmc] Progress @ 2025-02-05 14:10:14 : 464 steps taken, and 8694 accepted.
[1 : mcmc] Progress @ 2025-02-05 14:10:17 : 478 steps taken, and 8611 accepted.
[0 : mcmc] Progress @ 2025-02-05 14:11:00 : 477 steps taken, and 8710 accepted.
[3 : mcmc] Progress @ 2025-02-05 14:11:17 : 454 steps taken, and 8619 accepted.
[1 : mcmc] Progress @ 2025-02-05 14:11:30 : 481 steps taken, and 8613 accepted.
[2 : mcmc] Progress @ 2025-02-05 14:11:35 : 467 steps taken, and 8694 accepted.
[0 : mcmc] Progress @ 2025-02-05 14:12:04 : 481 steps taken, and 8712 accepted.
[1 : mcmc] Progress @ 2025-02-05 14:12:34 : 484 steps taken, and 8616 accepted.
[3 : mcmc] Progress @ 2025-02-05 14:12:41 : 458 steps taken, and 8621 accepted.
[2 : mcmc] Progress @ 2025-02-05 14:13:01 : 470 steps taken, and 8695 accepted.
[0 : mcmc] Progress @ 2025-02-05 14:13:19 : 486 steps taken, and 8712 accepted.
[1 : mcmc] Progress @ 2025-02-05 14:13:57 : 488 steps taken, and 8618 accepted.
[3 : mcmc] Progress @ 2025-02-05 14:14:02 : 461 steps taken, and 8622 accepted.
[2 : mcmc] Progress @ 2025-02-05 14:14:09 : 473 steps taken, and 8697 accepted.
[0 : mcmc] Progress @ 2025-02-05 14:14:29 : 492 steps taken, and 8714 accepted.
[1 : mcmc] Progress @ 2025-02-05 14:14:59 : 492 steps taken, and 8619 accepted.
[2 : mcmc] Progress @ 2025-02-05 14:15:20 : 477 steps taken, and 8699 accepted.
[3 : mcmc] Progress @ 2025-02-05 14:15:24 : 466 steps taken, and 8624 accepted.
[0 : mcmc] Progress @ 2025-02-05 14:15:49 : 495 steps taken, and 8715 accepted.
[1 : mcmc] Progress @ 2025-02-05 14:16:08 : 495 steps taken, and 8620 accepted.
[2 : mcmc] Progress @ 2025-02-05 14:16:31 : 480 steps taken, and 8699 accepted.
[3 : mcmc] Progress @ 2025-02-05 14:16:44 : 469 steps taken, and 8624 accepted.
[0 : mcmc] Progress @ 2025-02-05 14:16:50 : 498 steps taken, and 8716 accepted.
[1 : mcmc] Progress @ 2025-02-05 14:17:19 : 498 steps taken, and 8622 accepted.
[2 : mcmc] Progress @ 2025-02-05 14:17:41 : 483 steps taken, and 8701 accepted.
[3 : mcmc] Progress @ 2025-02-05 14:17:58 : 473 steps taken, and 8625 accepted.
[0 : mcmc] Progress @ 2025-02-05 14:18:07 : 501 steps taken, and 8717 accepted.
[1 : mcmc] Progress @ 2025-02-05 14:18:39 : 501 steps taken, and 8623 accepted.
[2 : mcmc] Progress @ 2025-02-05 14:19:04 : 486 steps taken, and 8703 accepted.
[3 : mcmc] Progress @ 2025-02-05 14:19:23 : 478 steps taken, and 8629 accepted.
[0 : mcmc] Progress @ 2025-02-05 14:19:23 : 504 steps taken, and 8717 accepted.
[1 : mcmc] Progress @ 2025-02-05 14:19:51 : 504 steps taken, and 8624 accepted.
[2 : mcmc] Progress @ 2025-02-05 14:20:22 : 489 steps taken, and 8703 accepted.
[0 : mcmc] Progress @ 2025-02-05 14:20:36 : 508 steps taken, and 8718 accepted.
[3 : mcmc] Progress @ 2025-02-05 14:20:45 : 481 steps taken, and 8629 accepted.
[1 : mcmc] Progress @ 2025-02-05 14:21:02 : 507 steps taken, and 8624 accepted.
[2 : mcmc] Progress @ 2025-02-05 14:21:32 : 492 steps taken, and 8705 accepted.
[0 : mcmc] Progress @ 2025-02-05 14:21:40 : 511 steps taken, and 8719 accepted.
[3 : mcmc] Progress @ 2025-02-05 14:22:07 : 484 steps taken, and 8632 accepted.
[1 : mcmc] Progress @ 2025-02-05 14:22:16 : 510 steps taken, and 8626 accepted.
[2 : mcmc] Progress @ 2025-02-05 14:22:36 : 495 steps taken, and 8707 accepted.
[0 : mcmc] Progress @ 2025-02-05 14:22:58 : 515 steps taken, and 8722 accepted.
[3 : mcmc] Progress @ 2025-02-05 14:23:10 : 487 steps taken, and 8633 accepted.
[1 : mcmc] Progress @ 2025-02-05 14:23:40 : 513 steps taken, and 8627 accepted.
[2 : mcmc] Progress @ 2025-02-05 14:23:46 : 498 steps taken, and 8710 accepted.
[0 : mcmc] Progress @ 2025-02-05 14:24:06 : 519 steps taken, and 8722 accepted.
[3 : mcmc] Progress @ 2025-02-05 14:24:32 : 490 steps taken, and 8634 accepted.
[1 : mcmc] Progress @ 2025-02-05 14:24:53 : 516 steps taken, and 8630 accepted.
[2 : mcmc] Progress @ 2025-02-05 14:25:08 : 501 steps taken, and 8711 accepted.
[0 : mcmc] Progress @ 2025-02-05 14:25:20 : 522 steps taken, and 8723 accepted.
[3 : mcmc] Progress @ 2025-02-05 14:25:38 : 493 steps taken, and 8635 accepted.
[1 : mcmc] Progress @ 2025-02-05 14:26:05 : 519 steps taken, and 8630 accepted.
[2 : mcmc] Progress @ 2025-02-05 14:26:22 : 504 steps taken, and 8712 accepted.
[0 : mcmc] Progress @ 2025-02-05 14:26:32 : 530 steps taken, and 8725 accepted.
[3 : mcmc] Progress @ 2025-02-05 14:26:43 : 496 steps taken, and 8638 accepted.
[1 : mcmc] Progress @ 2025-02-05 14:27:24 : 522 steps taken, and 8631 accepted.
[0 : mcmc] Progress @ 2025-02-05 14:27:34 : 533 steps taken, and 8727 accepted.
[2 : mcmc] Progress @ 2025-02-05 14:27:44 : 507 steps taken, and 8714 accepted.
[3 : mcmc] Progress @ 2025-02-05 14:28:00 : 499 steps taken, and 8639 accepted.
[1 : mcmc] Progress @ 2025-02-05 14:28:30 : 525 steps taken, and 8631 accepted.
[3 : mcmc] Learn + convergence test @ 8640 samples accepted.
[3 : mcmc] Ready to check convergence and learn a new proposal covmat (waiting for the rest...)
[0 : mcmc] Progress @ 2025-02-05 14:28:49 : 537 steps taken, and 8727 accepted.
[2 : mcmc] Progress @ 2025-02-05 14:28:53 : 510 steps taken, and 8714 accepted.
[3 : mcmc] Progress @ 2025-02-05 14:29:12 : 502 steps taken, and 8640 accepted.
[1 : mcmc] Progress @ 2025-02-05 14:29:51 : 528 steps taken, and 8633 accepted.
[0 : mcmc] Progress @ 2025-02-05 14:30:01 : 540 steps taken, and 8727 accepted.
[2 : mcmc] Progress @ 2025-02-05 14:30:02 : 513 steps taken, and 8715 accepted.
[3 : mcmc] Progress @ 2025-02-05 14:30:34 : 505 steps taken, and 8640 accepted.
[1 : mcmc] Progress @ 2025-02-05 14:30:57 : 531 steps taken, and 8635 accepted.
[0 : mcmc] Progress @ 2025-02-05 14:31:15 : 543 steps taken, and 8728 accepted.
[2 : mcmc] Progress @ 2025-02-05 14:31:26 : 516 steps taken, and 8717 accepted.
[3 : mcmc] Progress @ 2025-02-05 14:31:56 : 508 steps taken, and 8640 accepted.
[1 : mcmc] Progress @ 2025-02-05 14:32:14 : 534 steps taken, and 8637 accepted.
[0 : mcmc] Progress @ 2025-02-05 14:32:26 : 547 steps taken, and 8730 accepted.
[2 : mcmc] Progress @ 2025-02-05 14:32:28 : 519 steps taken, and 8717 accepted.
[3 : mcmc] Progress @ 2025-02-05 14:33:08 : 511 steps taken, and 8641 accepted.
[1 : mcmc] Progress @ 2025-02-05 14:33:24 : 537 steps taken, and 8637 accepted.
[0 : mcmc] Progress @ 2025-02-05 14:33:31 : 551 steps taken, and 8730 accepted.
[2 : mcmc] Progress @ 2025-02-05 14:33:48 : 522 steps taken, and 8718 accepted.
[3 : mcmc] Progress @ 2025-02-05 14:34:12 : 514 steps taken, and 8641 accepted.
[1 : mcmc] Progress @ 2025-02-05 14:34:36 : 540 steps taken, and 8639 accepted.
[0 : mcmc] Progress @ 2025-02-05 14:34:39 : 555 steps taken, and 8732 accepted.
[2 : mcmc] Progress @ 2025-02-05 14:34:59 : 525 steps taken, and 8719 accepted.
[3 : mcmc] Progress @ 2025-02-05 14:35:22 : 517 steps taken, and 8641 accepted.
[0 : mcmc] Progress @ 2025-02-05 14:35:45 : 558 steps taken, and 8732 accepted.
[1 : mcmc] Progress @ 2025-02-05 14:36:01 : 543 steps taken, and 8639 accepted.
[2 : mcmc] Progress @ 2025-02-05 14:36:21 : 530 steps taken, and 8721 accepted.
[3 : mcmc] Progress @ 2025-02-05 14:36:41 : 520 steps taken, and 8641 accepted.
[0 : mcmc] Progress @ 2025-02-05 14:36:52 : 561 steps taken, and 8733 accepted.
[1 : mcmc] Progress @ 2025-02-05 14:37:21 : 546 steps taken, and 8639 accepted.
[2 : mcmc] Progress @ 2025-02-05 14:37:33 : 533 steps taken, and 8722 accepted.
[3 : mcmc] Progress @ 2025-02-05 14:38:00 : 523 steps taken, and 8641 accepted.
[1 : mcmc] Learn + convergence test @ 8640 samples accepted.
[1 : mcmc] Ready to check convergence and learn a new proposal covmat (waiting for the rest...)
[0 : mcmc] Progress @ 2025-02-05 14:38:09 : 565 steps taken, and 8733 accepted.
[0 : mcmc] All chains are ready to check convergence and learn a new proposal covmat
[2 : mcmc] Progress @ 2025-02-05 14:38:47 : 536 steps taken, and 8722 accepted.
[3 : mcmc] Progress @ 2025-02-05 14:39:06 : 526 steps taken, and 8642 accepted.
[0 : mcmc]  - Acceptance rate: 0.358 = avg([0.3597199341021417, 0.3510482691370063, 0.3610030621534387, 0.3599933349995834])
[0 : mcmc]  - Convergence of means: R-1 = 23.604309 after 34739 accepted steps = sum([8734, 8640, 8723, 8642])
[0 : mcmc] Convergence less than requested for updates: waiting until the next convergence check.
[1 : mcmc] Progress @ 2025-02-05 14:39:21 : 549 steps taken, and 8640 accepted.
[0 : mcmc] Progress @ 2025-02-05 14:39:35 : 567 steps taken, and 8735 accepted.
[2 : mcmc] Progress @ 2025-02-05 14:39:56 : 542 steps taken, and 8726 accepted.
[3 : mcmc] Progress @ 2025-02-05 14:40:19 : 529 steps taken, and 8644 accepted.
[1 : mcmc] Progress @ 2025-02-05 14:40:39 : 553 steps taken, and 8641 accepted.
[0 : mcmc] Progress @ 2025-02-05 14:40:45 : 570 steps taken, and 8735 accepted.
[2 : mcmc] Progress @ 2025-02-05 14:41:11 : 547 steps taken, and 8728 accepted.
[3 : mcmc] Progress @ 2025-02-05 14:41:23 : 533 steps taken, and 8645 accepted.
[1 : mcmc] Progress @ 2025-02-05 14:41:41 : 556 steps taken, and 8644 accepted.
[0 : mcmc] Progress @ 2025-02-05 14:41:51 : 573 steps taken, and 8735 accepted.
[2 : mcmc] Progress @ 2025-02-05 14:42:31 : 550 steps taken, and 8729 accepted.
[3 : mcmc] Progress @ 2025-02-05 14:42:32 : 537 steps taken, and 8647 accepted.
[1 : mcmc] Progress @ 2025-02-05 14:43:05 : 559 steps taken, and 8644 accepted.
[0 : mcmc] Progress @ 2025-02-05 14:43:11 : 576 steps taken, and 8736 accepted.
[3 : mcmc] Progress @ 2025-02-05 14:43:41 : 541 steps taken, and 8649 accepted.
[2 : mcmc] Progress @ 2025-02-05 14:43:43 : 553 steps taken, and 8730 accepted.
[1 : mcmc] Progress @ 2025-02-05 14:44:18 : 562 steps taken, and 8646 accepted.
[0 : mcmc] Progress @ 2025-02-05 14:44:28 : 579 steps taken, and 8737 accepted.
[3 : mcmc] Progress @ 2025-02-05 14:44:53 : 544 steps taken, and 8650 accepted.
[2 : mcmc] Progress @ 2025-02-05 14:45:09 : 556 steps taken, and 8732 accepted.
[1 : mcmc] Progress @ 2025-02-05 14:45:32 : 565 steps taken, and 8646 accepted.
[0 : mcmc] Progress @ 2025-02-05 14:45:39 : 582 steps taken, and 8738 accepted.
[3 : mcmc] Progress @ 2025-02-05 14:46:07 : 547 steps taken, and 8651 accepted.
[2 : mcmc] Progress @ 2025-02-05 14:46:15 : 559 steps taken, and 8734 accepted.
[1 : mcmc] Progress @ 2025-02-05 14:46:54 : 568 steps taken, and 8647 accepted.
[0 : mcmc] Progress @ 2025-02-05 14:47:00 : 586 steps taken, and 8739 accepted.
[3 : mcmc] Progress @ 2025-02-05 14:47:29 : 550 steps taken, and 8652 accepted.
[2 : mcmc] Progress @ 2025-02-05 14:47:34 : 564 steps taken, and 8736 accepted.
[1 : mcmc] Progress @ 2025-02-05 14:48:05 : 571 steps taken, and 8647 accepted.
[0 : mcmc] Progress @ 2025-02-05 14:48:10 : 592 steps taken, and 8741 accepted.
[2 : mcmc] Progress @ 2025-02-05 14:48:39 : 569 steps taken, and 8737 accepted.
[3 : mcmc] Progress @ 2025-02-05 14:48:50 : 553 steps taken, and 8653 accepted.
[0 : mcmc] Progress @ 2025-02-05 14:49:12 : 596 steps taken, and 8742 accepted.
[1 : mcmc] Progress @ 2025-02-05 14:49:13 : 574 steps taken, and 8648 accepted.
[2 : mcmc] Progress @ 2025-02-05 14:49:54 : 573 steps taken, and 8738 accepted.
[3 : mcmc] Progress @ 2025-02-05 14:50:16 : 557 steps taken, and 8654 accepted.
[1 : mcmc] Progress @ 2025-02-05 14:50:16 : 577 steps taken, and 8649 accepted.
[0 : mcmc] Progress @ 2025-02-05 14:50:32 : 599 steps taken, and 8742 accepted.
[2 : mcmc] Progress @ 2025-02-05 14:51:06 : 577 steps taken, and 8739 accepted.
[1 : mcmc] Progress @ 2025-02-05 14:51:23 : 582 steps taken, and 8651 accepted.
[3 : mcmc] Progress @ 2025-02-05 14:51:30 : 560 steps taken, and 8654 accepted.
[0 : mcmc] Progress @ 2025-02-05 14:51:50 : 602 steps taken, and 8744 accepted.
[2 : mcmc] Progress @ 2025-02-05 14:52:22 : 581 steps taken, and 8739 accepted.
[1 : mcmc] Progress @ 2025-02-05 14:52:42 : 585 steps taken, and 8652 accepted.
[3 : mcmc] Progress @ 2025-02-05 14:52:44 : 563 steps taken, and 8656 accepted.
[0 : mcmc] Progress @ 2025-02-05 14:53:05 : 605 steps taken, and 8745 accepted.
[2 : mcmc] Progress @ 2025-02-05 14:53:27 : 584 steps taken, and 8741 accepted.
[1 : mcmc] Progress @ 2025-02-05 14:53:53 : 588 steps taken, and 8653 accepted.
[3 : mcmc] Progress @ 2025-02-05 14:54:03 : 566 steps taken, and 8657 accepted.
[0 : mcmc] Progress @ 2025-02-05 14:54:10 : 609 steps taken, and 8745 accepted.
[2 : mcmc] Progress @ 2025-02-05 14:54:41 : 590 steps taken, and 8742 accepted.
[1 : mcmc] Progress @ 2025-02-05 14:55:07 : 591 steps taken, and 8655 accepted.
[0 : mcmc] Progress @ 2025-02-05 14:55:16 : 612 steps taken, and 8745 accepted.
[3 : mcmc] Progress @ 2025-02-05 14:55:17 : 570 steps taken, and 8660 accepted.
[2 : mcmc] Progress @ 2025-02-05 14:55:44 : 596 steps taken, and 8744 accepted.
[0 : mcmc] Progress @ 2025-02-05 14:56:24 : 615 steps taken, and 8748 accepted.
[1 : mcmc] Progress @ 2025-02-05 14:56:31 : 594 steps taken, and 8657 accepted.
[3 : mcmc] Progress @ 2025-02-05 14:56:39 : 573 steps taken, and 8662 accepted.
[2 : mcmc] Progress @ 2025-02-05 14:56:55 : 600 steps taken, and 8745 accepted.
[0 : mcmc] Progress @ 2025-02-05 14:57:32 : 618 steps taken, and 8749 accepted.
[1 : mcmc] Progress @ 2025-02-05 14:57:55 : 597 steps taken, and 8657 accepted.
[3 : mcmc] Progress @ 2025-02-05 14:58:00 : 576 steps taken, and 8662 accepted.
[2 : mcmc] Progress @ 2025-02-05 14:58:03 : 604 steps taken, and 8746 accepted.
[0 : mcmc] Progress @ 2025-02-05 14:58:56 : 621 steps taken, and 8751 accepted.
[1 : mcmc] Progress @ 2025-02-05 14:59:17 : 600 steps taken, and 8658 accepted.
[2 : mcmc] Progress @ 2025-02-05 14:59:19 : 607 steps taken, and 8748 accepted.
[3 : mcmc] Progress @ 2025-02-05 14:59:21 : 579 steps taken, and 8663 accepted.
[0 : mcmc] Progress @ 2025-02-05 15:00:08 : 624 steps taken, and 8751 accepted.
[2 : mcmc] Progress @ 2025-02-05 15:00:19 : 610 steps taken, and 8750 accepted.
[1 : mcmc] Progress @ 2025-02-05 15:00:28 : 604 steps taken, and 8660 accepted.
[3 : mcmc] Progress @ 2025-02-05 15:00:32 : 582 steps taken, and 8664 accepted.
[0 : mcmc] Progress @ 2025-02-05 15:01:25 : 629 steps taken, and 8753 accepted.
[2 : mcmc] Progress @ 2025-02-05 15:01:26 : 614 steps taken, and 8751 accepted.
[3 : mcmc] Progress @ 2025-02-05 15:01:41 : 585 steps taken, and 8666 accepted.
[1 : mcmc] Progress @ 2025-02-05 15:01:44 : 607 steps taken, and 8660 accepted.
[2 : mcmc] Progress @ 2025-02-05 15:02:36 : 617 steps taken, and 8752 accepted.
[0 : mcmc] Progress @ 2025-02-05 15:02:46 : 632 steps taken, and 8755 accepted.
[3 : mcmc] Progress @ 2025-02-05 15:02:47 : 588 steps taken, and 8668 accepted.
[1 : mcmc] Progress @ 2025-02-05 15:03:05 : 612 steps taken, and 8662 accepted.
[2 : mcmc] Progress @ 2025-02-05 15:03:54 : 620 steps taken, and 8754 accepted.
[0 : mcmc] Progress @ 2025-02-05 15:03:57 : 635 steps taken, and 8756 accepted.
[3 : mcmc] Progress @ 2025-02-05 15:04:02 : 594 steps taken, and 8670 accepted.
[1 : mcmc] Progress @ 2025-02-05 15:04:13 : 615 steps taken, and 8663 accepted.
[0 : mcmc] Progress @ 2025-02-05 15:05:09 : 638 steps taken, and 8759 accepted.
[2 : mcmc] Progress @ 2025-02-05 15:05:14 : 625 steps taken, and 8756 accepted.
[3 : mcmc] Progress @ 2025-02-05 15:05:20 : 598 steps taken, and 8671 accepted.
[1 : mcmc] Progress @ 2025-02-05 15:05:30 : 618 steps taken, and 8665 accepted.
[0 : mcmc] Progress @ 2025-02-05 15:06:18 : 641 steps taken, and 8759 accepted.
[2 : mcmc] Progress @ 2025-02-05 15:06:23 : 628 steps taken, and 8757 accepted.
[3 : mcmc] Progress @ 2025-02-05 15:06:30 : 601 steps taken, and 8672 accepted.
[1 : mcmc] Progress @ 2025-02-05 15:06:48 : 624 steps taken, and 8666 accepted.
[2 : mcmc] Progress @ 2025-02-05 15:07:24 : 631 steps taken, and 8758 accepted.
[0 : mcmc] Progress @ 2025-02-05 15:07:27 : 644 steps taken, and 8760 accepted.
[3 : mcmc] Progress @ 2025-02-05 15:07:50 : 604 steps taken, and 8675 accepted.
[1 : mcmc] Progress @ 2025-02-05 15:07:54 : 627 steps taken, and 8666 accepted.
[2 : mcmc] Progress @ 2025-02-05 15:08:32 : 634 steps taken, and 8759 accepted.
[0 : mcmc] Progress @ 2025-02-05 15:08:47 : 647 steps taken, and 8760 accepted.
[3 : mcmc] Progress @ 2025-02-05 15:09:04 : 607 steps taken, and 8677 accepted.
[1 : mcmc] Progress @ 2025-02-05 15:09:06 : 630 steps taken, and 8668 accepted.
[2 : mcmc] Progress @ 2025-02-05 15:09:49 : 637 steps taken, and 8760 accepted.
[0 : mcmc] Progress @ 2025-02-05 15:09:53 : 650 steps taken, and 8762 accepted.
[1 : mcmc] Progress @ 2025-02-05 15:10:12 : 633 steps taken, and 8670 accepted.
[3 : mcmc] Progress @ 2025-02-05 15:10:15 : 610 steps taken, and 8677 accepted.
[2 : mcmc] Progress @ 2025-02-05 15:11:07 : 644 steps taken, and 8761 accepted.
[0 : mcmc] Progress @ 2025-02-05 15:11:08 : 653 steps taken, and 8764 accepted.
[1 : mcmc] Progress @ 2025-02-05 15:11:17 : 637 steps taken, and 8672 accepted.
[3 : mcmc] Progress @ 2025-02-05 15:11:39 : 613 steps taken, and 8677 accepted.
[2 : mcmc] Progress @ 2025-02-05 15:12:22 : 647 steps taken, and 8761 accepted.
[0 : mcmc] Progress @ 2025-02-05 15:12:26 : 656 steps taken, and 8765 accepted.
[1 : mcmc] Progress @ 2025-02-05 15:12:39 : 640 steps taken, and 8673 accepted.
[3 : mcmc] Progress @ 2025-02-05 15:12:50 : 616 steps taken, and 8678 accepted.
[2 : mcmc] Progress @ 2025-02-05 15:13:31 : 650 steps taken, and 8763 accepted.
[0 : mcmc] Progress @ 2025-02-05 15:13:37 : 661 steps taken, and 8767 accepted.
[1 : mcmc] Progress @ 2025-02-05 15:13:40 : 643 steps taken, and 8675 accepted.
[3 : mcmc] Progress @ 2025-02-05 15:14:15 : 619 steps taken, and 8679 accepted.
[2 : mcmc] Progress @ 2025-02-05 15:14:32 : 654 steps taken, and 8764 accepted.
[0 : mcmc] Progress @ 2025-02-05 15:14:45 : 665 steps taken, and 8769 accepted.
[1 : mcmc] Progress @ 2025-02-05 15:14:59 : 646 steps taken, and 8675 accepted.
[3 : mcmc] Progress @ 2025-02-05 15:15:27 : 622 steps taken, and 8681 accepted.
[0 : mcmc] Progress @ 2025-02-05 15:15:56 : 669 steps taken, and 8770 accepted.
[2 : mcmc] Progress @ 2025-02-05 15:15:57 : 662 steps taken, and 8765 accepted.
[1 : mcmc] Progress @ 2025-02-05 15:16:19 : 649 steps taken, and 8676 accepted.
[3 : mcmc] Progress @ 2025-02-05 15:16:37 : 627 steps taken, and 8682 accepted.
[0 : mcmc] Progress @ 2025-02-05 15:17:05 : 672 steps taken, and 8770 accepted.
[2 : mcmc] Progress @ 2025-02-05 15:17:18 : 665 steps taken, and 8766 accepted.
[1 : mcmc] Progress @ 2025-02-05 15:17:40 : 653 steps taken, and 8676 accepted.
[3 : mcmc] Progress @ 2025-02-05 15:17:50 : 632 steps taken, and 8684 accepted.
[0 : mcmc] Progress @ 2025-02-05 15:18:09 : 675 steps taken, and 8770 accepted.
[2 : mcmc] Progress @ 2025-02-05 15:18:40 : 668 steps taken, and 8767 accepted.
[3 : mcmc] Progress @ 2025-02-05 15:18:59 : 638 steps taken, and 8686 accepted.
[1 : mcmc] Progress @ 2025-02-05 15:19:05 : 657 steps taken, and 8676 accepted.
[0 : mcmc] Progress @ 2025-02-05 15:19:31 : 678 steps taken, and 8771 accepted.
[2 : mcmc] Progress @ 2025-02-05 15:19:41 : 671 steps taken, and 8767 accepted.
[3 : mcmc] Progress @ 2025-02-05 15:20:00 : 648 steps taken, and 8686 accepted.
[1 : mcmc] Progress @ 2025-02-05 15:20:14 : 660 steps taken, and 8678 accepted.
[0 : mcmc] Progress @ 2025-02-05 15:20:37 : 681 steps taken, and 8773 accepted.
[2 : mcmc] Progress @ 2025-02-05 15:20:58 : 674 steps taken, and 8768 accepted.
[3 : mcmc] Progress @ 2025-02-05 15:21:20 : 662 steps taken, and 8686 accepted.
[1 : mcmc] Progress @ 2025-02-05 15:21:25 : 663 steps taken, and 8680 accepted.
[0 : mcmc] Progress @ 2025-02-05 15:21:54 : 685 steps taken, and 8775 accepted.
[2 : mcmc] Progress @ 2025-02-05 15:22:20 : 677 steps taken, and 8768 accepted.
[1 : mcmc] Progress @ 2025-02-05 15:22:26 : 667 steps taken, and 8682 accepted.
[3 : mcmc] Progress @ 2025-02-05 15:22:31 : 672 steps taken, and 8687 accepted.
[0 : mcmc] Progress @ 2025-02-05 15:22:59 : 689 steps taken, and 8776 accepted.
[2 : mcmc] Progress @ 2025-02-05 15:23:35 : 680 steps taken, and 8769 accepted.
[1 : mcmc] Progress @ 2025-02-05 15:23:44 : 670 steps taken, and 8682 accepted.
[3 : mcmc] Progress @ 2025-02-05 15:23:47 : 691 steps taken, and 8689 accepted.
[0 : mcmc] Progress @ 2025-02-05 15:24:13 : 694 steps taken, and 8777 accepted.
[2 : mcmc] Progress @ 2025-02-05 15:24:53 : 684 steps taken, and 8770 accepted.
[1 : mcmc] Progress @ 2025-02-05 15:25:02 : 673 steps taken, and 8683 accepted.
[3 : mcmc] Progress @ 2025-02-05 15:25:06 : 694 steps taken, and 8690 accepted.
[0 : mcmc] Progress @ 2025-02-05 15:25:33 : 699 steps taken, and 8778 accepted.
[2 : mcmc] Progress @ 2025-02-05 15:25:59 : 688 steps taken, and 8772 accepted.
[1 : mcmc] Progress @ 2025-02-05 15:26:07 : 676 steps taken, and 8684 accepted.
[3 : mcmc] Progress @ 2025-02-05 15:26:17 : 699 steps taken, and 8690 accepted.
[0 : mcmc] Progress @ 2025-02-05 15:26:49 : 702 steps taken, and 8778 accepted.
[1 : mcmc] Progress @ 2025-02-05 15:27:13 : 679 steps taken, and 8687 accepted.
[2 : mcmc] Progress @ 2025-02-05 15:27:19 : 695 steps taken, and 8773 accepted.
[3 : mcmc] Progress @ 2025-02-05 15:27:35 : 703 steps taken, and 8691 accepted.
[0 : mcmc] Progress @ 2025-02-05 15:27:59 : 705 steps taken, and 8781 accepted.
[1 : mcmc] Progress @ 2025-02-05 15:28:36 : 682 steps taken, and 8688 accepted.
[2 : mcmc] Progress @ 2025-02-05 15:28:37 : 706 steps taken, and 8774 accepted.
[3 : mcmc] Progress @ 2025-02-05 15:28:54 : 706 steps taken, and 8692 accepted.
[0 : mcmc] Progress @ 2025-02-05 15:29:09 : 708 steps taken, and 8781 accepted.
[2 : mcmc] Progress @ 2025-02-05 15:29:44 : 709 steps taken, and 8776 accepted.
[1 : mcmc] Progress @ 2025-02-05 15:29:44 : 686 steps taken, and 8688 accepted.
[3 : mcmc] Progress @ 2025-02-05 15:30:16 : 710 steps taken, and 8692 accepted.
[0 : mcmc] Progress @ 2025-02-05 15:30:26 : 711 steps taken, and 8783 accepted.
[1 : mcmc] Progress @ 2025-02-05 15:31:05 : 689 steps taken, and 8688 accepted.
[2 : mcmc] Progress @ 2025-02-05 15:31:06 : 716 steps taken, and 8777 accepted.
[0 : mcmc] Progress @ 2025-02-05 15:31:31 : 715 steps taken, and 8784 accepted.
[3 : mcmc] Progress @ 2025-02-05 15:31:34 : 713 steps taken, and 8693 accepted.
[2 : mcmc] Progress @ 2025-02-05 15:32:18 : 719 steps taken, and 8779 accepted.
[1 : mcmc] Progress @ 2025-02-05 15:32:24 : 693 steps taken, and 8688 accepted.
[0 : mcmc] Progress @ 2025-02-05 15:32:35 : 718 steps taken, and 8786 accepted.
[3 : mcmc] Progress @ 2025-02-05 15:32:38 : 716 steps taken, and 8693 accepted.
[2 : mcmc] Progress @ 2025-02-05 15:33:28 : 722 steps taken, and 8779 accepted.
[1 : mcmc] Progress @ 2025-02-05 15:33:39 : 697 steps taken, and 8690 accepted.
[0 : mcmc] Progress @ 2025-02-05 15:33:45 : 722 steps taken, and 8787 accepted.
[3 : mcmc] Progress @ 2025-02-05 15:33:59 : 719 steps taken, and 8693 accepted.
[2 : mcmc] Progress @ 2025-02-05 15:34:48 : 725 steps taken, and 8779 accepted.
[1 : mcmc] Progress @ 2025-02-05 15:35:00 : 700 steps taken, and 8691 accepted.
[0 : mcmc] Progress @ 2025-02-05 15:35:02 : 725 steps taken, and 8789 accepted.
[3 : mcmc] Progress @ 2025-02-05 15:35:10 : 722 steps taken, and 8693 accepted.
[1 : mcmc] Progress @ 2025-02-05 15:36:04 : 703 steps taken, and 8692 accepted.
[2 : mcmc] Progress @ 2025-02-05 15:36:07 : 728 steps taken, and 8781 accepted.
[0 : mcmc] Progress @ 2025-02-05 15:36:16 : 729 steps taken, and 8791 accepted.
[3 : mcmc] Progress @ 2025-02-05 15:36:22 : 725 steps taken, and 8694 accepted.
[2 : mcmc] Progress @ 2025-02-05 15:37:20 : 731 steps taken, and 8783 accepted.
[1 : mcmc] Progress @ 2025-02-05 15:37:24 : 709 steps taken, and 8693 accepted.
[0 : mcmc] Progress @ 2025-02-05 15:37:37 : 733 steps taken, and 8791 accepted.
[3 : mcmc] Progress @ 2025-02-05 15:37:45 : 728 steps taken, and 8694 accepted.
[1 : mcmc] Progress @ 2025-02-05 15:38:36 : 712 steps taken, and 8695 accepted.
[2 : mcmc] Progress @ 2025-02-05 15:38:41 : 735 steps taken, and 8784 accepted.
[0 : mcmc] Progress @ 2025-02-05 15:38:53 : 736 steps taken, and 8792 accepted.
[3 : mcmc] Progress @ 2025-02-05 15:38:56 : 731 steps taken, and 8694 accepted.
[1 : mcmc] Progress @ 2025-02-05 15:39:50 : 716 steps taken, and 8696 accepted.
[2 : mcmc] Progress @ 2025-02-05 15:39:55 : 738 steps taken, and 8784 accepted.
[0 : mcmc] Progress @ 2025-02-05 15:40:12 : 739 steps taken, and 8795 accepted.
[3 : mcmc] Progress @ 2025-02-05 15:40:19 : 734 steps taken, and 8694 accepted.
[1 : mcmc] Progress @ 2025-02-05 15:41:12 : 719 steps taken, and 8697 accepted.
[2 : mcmc] Progress @ 2025-02-05 15:41:12 : 741 steps taken, and 8785 accepted.
[0 : mcmc] Progress @ 2025-02-05 15:41:21 : 742 steps taken, and 8797 accepted.
[3 : mcmc] Progress @ 2025-02-05 15:41:32 : 737 steps taken, and 8696 accepted.
[1 : mcmc] Progress @ 2025-02-05 15:42:21 : 722 steps taken, and 8700 accepted.
[2 : mcmc] Progress @ 2025-02-05 15:42:22 : 744 steps taken, and 8786 accepted.
[0 : mcmc] Progress @ 2025-02-05 15:42:43 : 745 steps taken, and 8798 accepted.
[3 : mcmc] Progress @ 2025-02-05 15:42:46 : 740 steps taken, and 8698 accepted.
[2 : mcmc] Progress @ 2025-02-05 15:43:32 : 747 steps taken, and 8788 accepted.
[1 : mcmc] Progress @ 2025-02-05 15:43:43 : 725 steps taken, and 8702 accepted.
[3 : mcmc] Progress @ 2025-02-05 15:43:47 : 743 steps taken, and 8699 accepted.
[0 : mcmc] Progress @ 2025-02-05 15:43:55 : 748 steps taken, and 8800 accepted.
[2 : mcmc] Progress @ 2025-02-05 15:44:52 : 750 steps taken, and 8790 accepted.
[1 : mcmc] Progress @ 2025-02-05 15:44:54 : 728 steps taken, and 8703 accepted.
[3 : mcmc] Progress @ 2025-02-05 15:45:11 : 746 steps taken, and 8701 accepted.
[0 : mcmc] Progress @ 2025-02-05 15:45:15 : 751 steps taken, and 8801 accepted.
[1 : mcmc] Progress @ 2025-02-05 15:45:54 : 731 steps taken, and 8704 accepted.
[2 : mcmc] Progress @ 2025-02-05 15:46:13 : 753 steps taken, and 8792 accepted.
[3 : mcmc] Progress @ 2025-02-05 15:46:28 : 749 steps taken, and 8702 accepted.
[0 : mcmc] Progress @ 2025-02-05 15:46:40 : 754 steps taken, and 8802 accepted.
[1 : mcmc] Progress @ 2025-02-05 15:47:14 : 734 steps taken, and 8705 accepted.
[2 : mcmc] Progress @ 2025-02-05 15:47:14 : 756 steps taken, and 8793 accepted.
[3 : mcmc] Progress @ 2025-02-05 15:47:53 : 753 steps taken, and 8704 accepted.
[0 : mcmc] Progress @ 2025-02-05 15:48:05 : 758 steps taken, and 8803 accepted.
[1 : mcmc] Progress @ 2025-02-05 15:48:37 : 737 steps taken, and 8706 accepted.
[2 : mcmc] Progress @ 2025-02-05 15:48:39 : 759 steps taken, and 8793 accepted.
[3 : mcmc] Progress @ 2025-02-05 15:49:09 : 756 steps taken, and 8705 accepted.
[0 : mcmc] Progress @ 2025-02-05 15:49:24 : 761 steps taken, and 8803 accepted.
[2 : mcmc] Progress @ 2025-02-05 15:49:47 : 762 steps taken, and 8794 accepted.
[1 : mcmc] Progress @ 2025-02-05 15:49:48 : 740 steps taken, and 8707 accepted.
[3 : mcmc] Progress @ 2025-02-05 15:50:36 : 760 steps taken, and 8707 accepted.
[0 : mcmc] Progress @ 2025-02-05 15:50:48 : 768 steps taken, and 8805 accepted.
[2 : mcmc] Progress @ 2025-02-05 15:50:59 : 765 steps taken, and 8795 accepted.
[1 : mcmc] Progress @ 2025-02-05 15:51:08 : 744 steps taken, and 8708 accepted.
[3 : mcmc] Progress @ 2025-02-05 15:51:56 : 763 steps taken, and 8708 accepted.
[0 : mcmc] Progress @ 2025-02-05 15:52:02 : 771 steps taken, and 8807 accepted.
[1 : mcmc] Progress @ 2025-02-05 15:52:13 : 747 steps taken, and 8710 accepted.
[2 : mcmc] Progress @ 2025-02-05 15:52:24 : 768 steps taken, and 8795 accepted.
[3 : mcmc] Progress @ 2025-02-05 15:53:14 : 766 steps taken, and 8709 accepted.
[0 : mcmc] Progress @ 2025-02-05 15:53:17 : 774 steps taken, and 8808 accepted.
[1 : mcmc] Progress @ 2025-02-05 15:53:30 : 750 steps taken, and 8713 accepted.
[2 : mcmc] Progress @ 2025-02-05 15:53:35 : 771 steps taken, and 8795 accepted.
[3 : mcmc] Progress @ 2025-02-05 15:54:25 : 769 steps taken, and 8711 accepted.
[0 : mcmc] Progress @ 2025-02-05 15:54:28 : 777 steps taken, and 8809 accepted.
[1 : mcmc] Progress @ 2025-02-05 15:54:37 : 754 steps taken, and 8714 accepted.
[2 : mcmc] Progress @ 2025-02-05 15:54:45 : 774 steps taken, and 8795 accepted.
[0 : mcmc] Progress @ 2025-02-05 15:55:42 : 780 steps taken, and 8809 accepted.
[1 : mcmc] Progress @ 2025-02-05 15:55:46 : 757 steps taken, and 8715 accepted.
[3 : mcmc] Progress @ 2025-02-05 15:55:48 : 772 steps taken, and 8712 accepted.
[2 : mcmc] Progress @ 2025-02-05 15:56:11 : 778 steps taken, and 8795 accepted.
[1 : mcmc] Progress @ 2025-02-05 15:56:57 : 760 steps taken, and 8716 accepted.
[0 : mcmc] Progress @ 2025-02-05 15:57:00 : 783 steps taken, and 8810 accepted.
[3 : mcmc] Progress @ 2025-02-05 15:57:00 : 775 steps taken, and 8712 accepted.
[2 : mcmc] Progress @ 2025-02-05 15:57:33 : 781 steps taken, and 8796 accepted.
[1 : mcmc] Progress @ 2025-02-05 15:58:07 : 763 steps taken, and 8717 accepted.
[0 : mcmc] Progress @ 2025-02-05 15:58:11 : 786 steps taken, and 8811 accepted.
[3 : mcmc] Progress @ 2025-02-05 15:58:15 : 778 steps taken, and 8713 accepted.
[2 : mcmc] Progress @ 2025-02-05 15:58:56 : 784 steps taken, and 8798 accepted.
[3 : mcmc] Progress @ 2025-02-05 15:59:23 : 781 steps taken, and 8715 accepted.
[1 : mcmc] Progress @ 2025-02-05 15:59:23 : 766 steps taken, and 8718 accepted.
[0 : mcmc] Progress @ 2025-02-05 15:59:26 : 789 steps taken, and 8812 accepted.
[2 : mcmc] Progress @ 2025-02-05 16:00:21 : 788 steps taken, and 8799 accepted.
[1 : mcmc] Progress @ 2025-02-05 16:00:31 : 769 steps taken, and 8720 accepted.
[3 : mcmc] Progress @ 2025-02-05 16:00:42 : 784 steps taken, and 8715 accepted.
[0 : mcmc] Progress @ 2025-02-05 16:00:49 : 792 steps taken, and 8813 accepted.
[2 : mcmc] Progress @ 2025-02-05 16:01:42 : 791 steps taken, and 8799 accepted.
[1 : mcmc] Progress @ 2025-02-05 16:01:48 : 772 steps taken, and 8720 accepted.
[0 : mcmc] Progress @ 2025-02-05 16:01:50 : 795 steps taken, and 8815 accepted.
[3 : mcmc] Progress @ 2025-02-05 16:02:02 : 787 steps taken, and 8716 accepted.
[1 : mcmc] Progress @ 2025-02-05 16:02:48 : 775 steps taken, and 8721 accepted.
[2 : mcmc] Progress @ 2025-02-05 16:02:50 : 794 steps taken, and 8799 accepted.
[3 : mcmc] Progress @ 2025-02-05 16:03:10 : 791 steps taken, and 8717 accepted.
[0 : mcmc] Progress @ 2025-02-05 16:03:14 : 798 steps taken, and 8816 accepted.
[1 : mcmc] Progress @ 2025-02-05 16:03:59 : 780 steps taken, and 8721 accepted.
[2 : mcmc] Progress @ 2025-02-05 16:04:06 : 798 steps taken, and 8802 accepted.
[3 : mcmc] Progress @ 2025-02-05 16:04:34 : 795 steps taken, and 8720 accepted.
[0 : mcmc] Progress @ 2025-02-05 16:04:36 : 801 steps taken, and 8817 accepted.
[1 : mcmc] Progress @ 2025-02-05 16:05:15 : 783 steps taken, and 8722 accepted.
[2 : mcmc] Progress @ 2025-02-05 16:05:17 : 801 steps taken, and 8803 accepted.
[3 : mcmc] Progress @ 2025-02-05 16:05:54 : 799 steps taken, and 8722 accepted.
[0 : mcmc] Progress @ 2025-02-05 16:05:59 : 804 steps taken, and 8818 accepted.
[1 : mcmc] Progress @ 2025-02-05 16:06:16 : 786 steps taken, and 8724 accepted.
[2 : mcmc] Progress @ 2025-02-05 16:06:29 : 804 steps taken, and 8805 accepted.
[3 : mcmc] Progress @ 2025-02-05 16:06:59 : 802 steps taken, and 8723 accepted.
[0 : mcmc] Progress @ 2025-02-05 16:07:21 : 807 steps taken, and 8820 accepted.
[1 : mcmc] Progress @ 2025-02-05 16:07:28 : 789 steps taken, and 8725 accepted.
[2 : mcmc] Progress @ 2025-02-05 16:07:39 : 807 steps taken, and 8805 accepted.
[3 : mcmc] Progress @ 2025-02-05 16:08:10 : 805 steps taken, and 8725 accepted.
[0 : mcmc] Progress @ 2025-02-05 16:08:23 : 810 steps taken, and 8821 accepted.
[1 : mcmc] Progress @ 2025-02-05 16:08:51 : 792 steps taken, and 8726 accepted.
[2 : mcmc] Progress @ 2025-02-05 16:09:02 : 810 steps taken, and 8806 accepted.
[3 : mcmc] Progress @ 2025-02-05 16:09:28 : 809 steps taken, and 8727 accepted.
[0 : mcmc] Progress @ 2025-02-05 16:09:44 : 813 steps taken, and 8821 accepted.
[2 : mcmc] Progress @ 2025-02-05 16:10:03 : 813 steps taken, and 8808 accepted.
[1 : mcmc] Progress @ 2025-02-05 16:10:09 : 795 steps taken, and 8727 accepted.
[3 : mcmc] Progress @ 2025-02-05 16:10:44 : 812 steps taken, and 8729 accepted.
[0 : mcmc] Progress @ 2025-02-05 16:11:07 : 816 steps taken, and 8822 accepted.
[2 : mcmc] Progress @ 2025-02-05 16:11:23 : 816 steps taken, and 8808 accepted.
[1 : mcmc] Progress @ 2025-02-05 16:11:31 : 798 steps taken, and 8728 accepted.
[3 : mcmc] Progress @ 2025-02-05 16:11:46 : 815 steps taken, and 8731 accepted.
[0 : mcmc] Progress @ 2025-02-05 16:12:08 : 819 steps taken, and 8823 accepted.
[1 : mcmc] Progress @ 2025-02-05 16:12:32 : 801 steps taken, and 8728 accepted.
[2 : mcmc] Progress @ 2025-02-05 16:12:46 : 819 steps taken, and 8808 accepted.
[3 : mcmc] Progress @ 2025-02-05 16:12:58 : 818 steps taken, and 8732 accepted.
[0 : mcmc] Progress @ 2025-02-05 16:13:20 : 822 steps taken, and 8824 accepted.
[1 : mcmc] Progress @ 2025-02-05 16:13:46 : 805 steps taken, and 8729 accepted.
[2 : mcmc] Progress @ 2025-02-05 16:13:59 : 822 steps taken, and 8808 accepted.
[3 : mcmc] Progress @ 2025-02-05 16:14:17 : 821 steps taken, and 8732 accepted.
[0 : mcmc] Progress @ 2025-02-05 16:14:32 : 825 steps taken, and 8826 accepted.
[1 : mcmc] Progress @ 2025-02-05 16:15:07 : 808 steps taken, and 8730 accepted.
[2 : mcmc] Progress @ 2025-02-05 16:15:10 : 826 steps taken, and 8810 accepted.
[3 : mcmc] Progress @ 2025-02-05 16:15:41 : 825 steps taken, and 8734 accepted.
[0 : mcmc] Progress @ 2025-02-05 16:15:49 : 828 steps taken, and 8828 accepted.
[1 : mcmc] Progress @ 2025-02-05 16:16:25 : 811 steps taken, and 8731 accepted.
[2 : mcmc] Progress @ 2025-02-05 16:16:31 : 829 steps taken, and 8812 accepted.
[3 : mcmc] Progress @ 2025-02-05 16:16:48 : 828 steps taken, and 8735 accepted.
[0 : mcmc] Progress @ 2025-02-05 16:16:53 : 831 steps taken, and 8830 accepted.
[1 : mcmc] Progress @ 2025-02-05 16:17:37 : 814 steps taken, and 8732 accepted.
[2 : mcmc] Progress @ 2025-02-05 16:17:39 : 833 steps taken, and 8814 accepted.
[3 : mcmc] Progress @ 2025-02-05 16:17:54 : 836 steps taken, and 8738 accepted.
[0 : mcmc] Progress @ 2025-02-05 16:18:11 : 835 steps taken, and 8831 accepted.
[2 : mcmc] Progress @ 2025-02-05 16:18:45 : 836 steps taken, and 8815 accepted.
[1 : mcmc] Progress @ 2025-02-05 16:18:58 : 818 steps taken, and 8733 accepted.
[3 : mcmc] Progress @ 2025-02-05 16:19:05 : 839 steps taken, and 8740 accepted.
[0 : mcmc] Progress @ 2025-02-05 16:19:13 : 838 steps taken, and 8831 accepted.
[2 : mcmc] Progress @ 2025-02-05 16:20:02 : 839 steps taken, and 8815 accepted.
[1 : mcmc] Progress @ 2025-02-05 16:20:09 : 821 steps taken, and 8735 accepted.
[3 : mcmc] Progress @ 2025-02-05 16:20:23 : 842 steps taken, and 8743 accepted.
[0 : mcmc] Progress @ 2025-02-05 16:20:27 : 841 steps taken, and 8833 accepted.
[2 : mcmc] Progress @ 2025-02-05 16:21:17 : 843 steps taken, and 8816 accepted.
[1 : mcmc] Progress @ 2025-02-05 16:21:28 : 824 steps taken, and 8736 accepted.
[3 : mcmc] Progress @ 2025-02-05 16:21:35 : 845 steps taken, and 8745 accepted.
[0 : mcmc] Progress @ 2025-02-05 16:21:47 : 844 steps taken, and 8834 accepted.
[2 : mcmc] Progress @ 2025-02-05 16:22:27 : 846 steps taken, and 8817 accepted.
[1 : mcmc] Progress @ 2025-02-05 16:22:43 : 830 steps taken, and 8738 accepted.
[3 : mcmc] Progress @ 2025-02-05 16:22:47 : 848 steps taken, and 8747 accepted.
[0 : mcmc] Progress @ 2025-02-05 16:23:09 : 847 steps taken, and 8835 accepted.
[2 : mcmc] Progress @ 2025-02-05 16:23:42 : 851 steps taken, and 8820 accepted.
[1 : mcmc] Progress @ 2025-02-05 16:23:53 : 833 steps taken, and 8739 accepted.
[3 : mcmc] Progress @ 2025-02-05 16:23:53 : 857 steps taken, and 8747 accepted.
[0 : mcmc] Progress @ 2025-02-05 16:24:21 : 850 steps taken, and 8837 accepted.
[1 : mcmc] Progress @ 2025-02-05 16:25:02 : 838 steps taken, and 8740 accepted.
[2 : mcmc] Progress @ 2025-02-05 16:25:08 : 855 steps taken, and 8822 accepted.
[3 : mcmc] Progress @ 2025-02-05 16:25:12 : 860 steps taken, and 8749 accepted.
[0 : mcmc] Progress @ 2025-02-05 16:25:34 : 857 steps taken, and 8838 accepted.
[1 : mcmc] Progress @ 2025-02-05 16:26:20 : 842 steps taken, and 8740 accepted.
[3 : mcmc] Progress @ 2025-02-05 16:26:22 : 863 steps taken, and 8751 accepted.
[2 : mcmc] Progress @ 2025-02-05 16:26:29 : 858 steps taken, and 8822 accepted.
[0 : mcmc] Progress @ 2025-02-05 16:26:51 : 861 steps taken, and 8839 accepted.
[3 : mcmc] Progress @ 2025-02-05 16:27:33 : 866 steps taken, and 8751 accepted.
[1 : mcmc] Progress @ 2025-02-05 16:27:34 : 847 steps taken, and 8742 accepted.
[2 : mcmc] Progress @ 2025-02-05 16:27:40 : 861 steps taken, and 8823 accepted.
[0 : mcmc] Progress @ 2025-02-05 16:27:59 : 864 steps taken, and 8841 accepted.
[3 : mcmc] Progress @ 2025-02-05 16:28:35 : 869 steps taken, and 8752 accepted.
[2 : mcmc] Progress @ 2025-02-05 16:28:47 : 864 steps taken, and 8824 accepted.
[1 : mcmc] Progress @ 2025-02-05 16:28:53 : 851 steps taken, and 8743 accepted.
[0 : mcmc] Progress @ 2025-02-05 16:29:01 : 867 steps taken, and 8841 accepted.
[3 : mcmc] Progress @ 2025-02-05 16:29:43 : 873 steps taken, and 8754 accepted.
[2 : mcmc] Progress @ 2025-02-05 16:29:56 : 867 steps taken, and 8824 accepted.
[1 : mcmc] Progress @ 2025-02-05 16:30:06 : 854 steps taken, and 8744 accepted.
[0 : mcmc] Progress @ 2025-02-05 16:30:26 : 870 steps taken, and 8844 accepted.
