./chains/PlanckLensingDESI.1.txt
./chains/PlanckLensingDESI.4.txt
./chains/PlanckLensingDESI.2.txt
./chains/PlanckLensingDESI.3.txt
Removed 0.3 as burn in
R-1 = 0.0171160516664384
H_0 = 67.0\pm 3.2
w_{0,\mathrm{DE}} = -0.67\pm 0.30
w_{a,\mathrm{DE}} < -1.04
\beta_{\mathrm{DE}} = 2.8^{+2.0}_{-3.5}
triangle plot saved at ./chains/outputs/PlanckLensingDESI_triangle.png
parameters saved at ./chains/outputs/PlanckLensingDESI_parameters.txt
chain not converged
[0 : output] Output to be read-from/written-into folder 'chains', with prefix 'PlanckLensingDESI'
[0 : output] Found existing info files with the requested output prefix: 'chains/PlanckLensingDESI'
[0 : output] Let's try to resume/load.
[0 : output] Found an old sample. Resuming.
[0 : prior] *WARNING* External prior 'SZ' loaded. Mind that it might not be normalized!
[0 : camb] `camb` module loaded successfully from /users/smp24dhl/cosmo/code/CAMB_beta/camb
[0 : planck_2018_highl_plik.ttteee] `clik` module loaded successfully from /users/smp24dhl/cosmo/code/planck/clik/lib/python3.9/site-packages/clik
----
clik version clik_16.0b1-2-g63c889f3aa9c MAKEFILE
  smica
----
clik version clik_16.0b1-2-g63c889f3aa9c MAKEFILE
  smica
----
clik version clik_16.0b1-2-g63c889f3aa9c MAKEFILE
  smica
----
clik version clik_16.0b1-2-g63c889f3aa9c MAKEFILE
  smica
Checking likelihood '/users/smp24dhl/cosmo/data/planck_2018/baseline/plc_3.0/hi_l/plik/plik_rd12_HM_v22b_TTTEEE.clik' on test data. got -1172.47 expected -1172.47 (diff -4.34054e-07)
----
Checking likelihood '/users/smp24dhl/cosmo/data/planck_2018/baseline/plc_3.0/hi_l/plik/plik_rd12_HM_v22b_TTTEEE.clik' on test data. got -1172.47 expected -1172.47 (diff -4.34054e-07)
----
Checking likelihood '/users/smp24dhl/cosmo/data/planck_2018/baseline/plc_3.0/hi_l/plik/plik_rd12_HM_v22b_TTTEEE.clik' on test data. got -1172.47 expected -1172.47 (diff -4.34054e-07)
----
Checking likelihood '/users/smp24dhl/cosmo/data/planck_2018/baseline/plc_3.0/hi_l/plik/plik_rd12_HM_v22b_TTTEEE.clik' on test data. got -1172.47 expected -1172.47 (diff -4.34054e-07)
----
Loading ACT DR6 lensing likelihood v1.2...
Loading ACT DR6 lensing likelihood v1.2...
Loading ACT DR6 lensing likelihood v1.2...
Loading ACT DR6 lensing likelihood v1.2...
/users/smp24dhl/cosmo/code/act_dr6_lenslike/act_dr6_lenslike/act_dr6_lenslike.py:416: UserWarning: Hartlap correction to cinv: 0.949874686716792
  warnings.warn(f"Hartlap correction to cinv: {hartlap_correction}")
/users/smp24dhl/cosmo/code/act_dr6_lenslike/act_dr6_lenslike/act_dr6_lenslike.py:416: UserWarning: Hartlap correction to cinv: 0.949874686716792
  warnings.warn(f"Hartlap correction to cinv: {hartlap_correction}")
/users/smp24dhl/cosmo/code/act_dr6_lenslike/act_dr6_lenslike/act_dr6_lenslike.py:416: UserWarning: Hartlap correction to cinv: 0.949874686716792
  warnings.warn(f"Hartlap correction to cinv: {hartlap_correction}")
/users/smp24dhl/cosmo/code/act_dr6_lenslike/act_dr6_lenslike/act_dr6_lenslike.py:416: UserWarning: Hartlap correction to cinv: 0.949874686716792
  warnings.warn(f"Hartlap correction to cinv: {hartlap_correction}")
[3 : bao.desi_2024_bao_all] Initialized.
[0 : bao.desi_2024_bao_all] Initialized.
[2 : bao.desi_2024_bao_all] Initialized.
[1 : bao.desi_2024_bao_all] Initialized.
[0 : mcmc] Resuming from previous sample!
[3 : samplecollection] Loaded 17402 sample points from 'chains/PlanckLensingDESI.4.txt'
[0 : samplecollection] Loaded 17525 sample points from 'chains/PlanckLensingDESI.1.txt'
[1 : samplecollection] Loaded 17341 sample points from 'chains/PlanckLensingDESI.2.txt'
[2 : samplecollection] Loaded 17763 sample points from 'chains/PlanckLensingDESI.3.txt'
[2 : mcmc] Initial point: logA:3.039082, ns:0.9642011, theta_MC_100:1.04025, ombh2:0.02234481, omch2:0.1202738, w:-0.8516795, wa:-0.9244062, beta_DE:1.987443, tau:0.05129634, A_planck:1.000392, calib_100T:0.9997098, calib_217T:0.9969261, A_cib_217:49.80722, xi_sz_cib:0.7232326, A_sz:6.813003, ksz_norm:1.239761, gal545_A_100:8.576391, gal545_A_143:9.19982, gal545_A_143_217:13.91118, gal545_A_217:83.36008, ps_A_100_100:241.5146, ps_A_143_143:52.77616, ps_A_143_217:59.47479, ps_A_217_217:120.7322, galf_TE_A_100:0.09181345, galf_TE_A_100_143:0.1315674, galf_TE_A_100_217:0.5985452, galf_TE_A_143:0.2850601, galf_TE_A_143_217:0.7110295, galf_TE_A_217:2.214767
[3 : mcmc] Initial point: logA:3.032628, ns:0.9711576, theta_MC_100:1.040839, ombh2:0.02265456, omch2:0.1176618, w:-0.9294675, wa:-0.08511648, beta_DE:-2.791166, tau:0.0508223, A_planck:1.000496, calib_100T:0.9994046, calib_217T:0.9984282, A_cib_217:38.41872, xi_sz_cib:0.8176024, A_sz:8.463164, ksz_norm:0.9471021, gal545_A_100:7.42851, gal545_A_143:9.613844, gal545_A_143_217:25.30589, gal545_A_217:108.5419, ps_A_100_100:209.1425, ps_A_143_143:49.35043, ps_A_143_217:52.47923, ps_A_217_217:122.8456, galf_TE_A_100:0.1337183, galf_TE_A_100_143:0.1556522, galf_TE_A_100_217:0.4083926, galf_TE_A_143:0.288754, galf_TE_A_143_217:0.7282029, galf_TE_A_217:1.942972
[0 : mcmc] Initial point: logA:3.027879, ns:0.9605482, theta_MC_100:1.040707, ombh2:0.02248594, omch2:0.1196973, w:-0.2807452, wa:-2.606006, beta_DE:1.761669, tau:0.04591106, A_planck:0.9999073, calib_100T:0.9998473, calib_217T:0.9993859, A_cib_217:55.60934, xi_sz_cib:0.7467929, A_sz:8.94908, ksz_norm:2.012858, gal545_A_100:10.01152, gal545_A_143:6.941999, gal545_A_143_217:18.13535, gal545_A_217:88.22362, ps_A_100_100:231.842, ps_A_143_143:46.7908, ps_A_143_217:55.92707, ps_A_217_217:108.9296, galf_TE_A_100:0.1476763, galf_TE_A_100_143:0.1293659, galf_TE_A_100_217:0.4327595, galf_TE_A_143:0.1657429, galf_TE_A_143_217:0.5809956, galf_TE_A_217:1.692393
[1 : mcmc] Initial point: logA:3.037866, ns:0.9552196, theta_MC_100:1.040536, ombh2:0.02181481, omch2:0.1230525, w:-0.6876952, wa:-2.330918, beta_DE:2.534624, tau:0.05046211, A_planck:0.9988922, calib_100T:0.9988735, calib_217T:0.9977281, A_cib_217:56.83432, xi_sz_cib:0.1312227, A_sz:5.676242, ksz_norm:3.106899, gal545_A_100:10.76786, gal545_A_143:12.64792, gal545_A_143_217:20.45202, gal545_A_217:91.67466, ps_A_100_100:242.5974, ps_A_143_143:49.87866, ps_A_143_217:37.97547, ps_A_217_217:101.5759, galf_TE_A_100:0.1120957, galf_TE_A_100_143:0.108401, galf_TE_A_100_217:0.5287589, galf_TE_A_143:0.1483581, galf_TE_A_143_217:0.6118049, galf_TE_A_217:2.359405
[0 : mcmc] *WARNING* Parameter blocking manually/previously fixed: speeds will not be measured.
[0 : mcmc] Dragging with number of interpolating steps:
[0 : mcmc] *  1 : (['theta_MC_100', 'ombh2', 'omch2', 'w', 'wa', 'beta_DE', 'tau'], ['logA', 'ns'])
[0 : mcmc] * 12 : (['A_planck'], ['calib_100T', 'calib_217T', 'A_cib_217', 'xi_sz_cib', 'A_sz', 'ksz_norm', 'gal545_A_100', 'gal545_A_143', 'gal545_A_143_217', 'gal545_A_217', 'ps_A_100_100', 'ps_A_143_143', 'ps_A_143_217', 'ps_A_217_217', 'galf_TE_A_100', 'galf_TE_A_100_143', 'galf_TE_A_100_217', 'galf_TE_A_143', 'galf_TE_A_143_217', 'galf_TE_A_217'])
[0 : mcmc] Covariance matrix from previous sample.
[0 : mcmc] Sampling!
[2 : mcmc] Progress @ 2025-03-09 17:16:27 : 1 steps taken, and 17763 accepted.
[3 : mcmc] Progress @ 2025-03-09 17:16:57 : 1 steps taken, and 17402 accepted.
[1 : mcmc] Progress @ 2025-03-09 17:16:57 : 1 steps taken, and 17341 accepted.
[0 : mcmc] Progress @ 2025-03-09 17:16:57 : 1 steps taken, and 17525 accepted.
[2 : mcmc] Progress @ 2025-03-09 17:17:39 : 7 steps taken, and 17763 accepted.
[3 : mcmc] Progress @ 2025-03-09 17:17:59 : 12 steps taken, and 17403 accepted.
[1 : mcmc] Progress @ 2025-03-09 17:18:01 : 7 steps taken, and 17342 accepted.
[0 : mcmc] Progress @ 2025-03-09 17:18:02 : 7 steps taken, and 17526 accepted.
[2 : mcmc] Progress @ 2025-03-09 17:18:47 : 15 steps taken, and 17766 accepted.
[1 : mcmc] Progress @ 2025-03-09 17:19:01 : 14 steps taken, and 17346 accepted.
[0 : mcmc] Progress @ 2025-03-09 17:19:03 : 12 steps taken, and 17526 accepted.
[3 : mcmc] Progress @ 2025-03-09 17:19:10 : 20 steps taken, and 17403 accepted.
[2 : mcmc] Progress @ 2025-03-09 17:19:47 : 21 steps taken, and 17767 accepted.
[1 : mcmc] Progress @ 2025-03-09 17:20:02 : 19 steps taken, and 17347 accepted.
[0 : mcmc] Progress @ 2025-03-09 17:20:04 : 19 steps taken, and 17527 accepted.
[3 : mcmc] Progress @ 2025-03-09 17:20:17 : 29 steps taken, and 17407 accepted.
[2 : mcmc] Progress @ 2025-03-09 17:20:48 : 28 steps taken, and 17769 accepted.
[1 : mcmc] Progress @ 2025-03-09 17:21:03 : 26 steps taken, and 17348 accepted.
[0 : mcmc] Progress @ 2025-03-09 17:21:09 : 27 steps taken, and 17528 accepted.
[3 : mcmc] Progress @ 2025-03-09 17:21:17 : 35 steps taken, and 17408 accepted.
[2 : mcmc] Progress @ 2025-03-09 17:21:53 : 35 steps taken, and 17770 accepted.
[1 : mcmc] Progress @ 2025-03-09 17:22:07 : 37 steps taken, and 17350 accepted.
[0 : mcmc] Progress @ 2025-03-09 17:22:14 : 36 steps taken, and 17530 accepted.
[3 : mcmc] Progress @ 2025-03-09 17:22:17 : 40 steps taken, and 17410 accepted.
[2 : mcmc] Progress @ 2025-03-09 17:23:04 : 40 steps taken, and 17772 accepted.
[0 : mcmc] Progress @ 2025-03-09 17:23:14 : 44 steps taken, and 17530 accepted.
[1 : mcmc] Progress @ 2025-03-09 17:23:19 : 42 steps taken, and 17352 accepted.
[3 : mcmc] Progress @ 2025-03-09 17:23:21 : 48 steps taken, and 17411 accepted.
[2 : mcmc] Progress @ 2025-03-09 17:24:08 : 47 steps taken, and 17775 accepted.
[3 : mcmc] Progress @ 2025-03-09 17:24:22 : 54 steps taken, and 17412 accepted.
[0 : mcmc] Progress @ 2025-03-09 17:24:22 : 51 steps taken, and 17533 accepted.
[1 : mcmc] Progress @ 2025-03-09 17:24:30 : 50 steps taken, and 17355 accepted.
[2 : mcmc] Progress @ 2025-03-09 17:25:08 : 54 steps taken, and 17775 accepted.
[3 : mcmc] Progress @ 2025-03-09 17:25:22 : 59 steps taken, and 17413 accepted.
[0 : mcmc] Progress @ 2025-03-09 17:25:23 : 56 steps taken, and 17534 accepted.
[1 : mcmc] Progress @ 2025-03-09 17:25:41 : 55 steps taken, and 17355 accepted.
[2 : mcmc] Progress @ 2025-03-09 17:26:09 : 60 steps taken, and 17777 accepted.
[0 : mcmc] Progress @ 2025-03-09 17:26:24 : 62 steps taken, and 17535 accepted.
[3 : mcmc] Progress @ 2025-03-09 17:26:26 : 66 steps taken, and 17415 accepted.
[1 : mcmc] Progress @ 2025-03-09 17:26:42 : 61 steps taken, and 17357 accepted.
[2 : mcmc] Progress @ 2025-03-09 17:27:13 : 67 steps taken, and 17777 accepted.
[3 : mcmc] Progress @ 2025-03-09 17:27:26 : 72 steps taken, and 17418 accepted.
[0 : mcmc] Progress @ 2025-03-09 17:27:35 : 67 steps taken, and 17536 accepted.
[1 : mcmc] Progress @ 2025-03-09 17:27:51 : 70 steps taken, and 17359 accepted.
[2 : mcmc] Progress @ 2025-03-09 17:28:15 : 75 steps taken, and 17778 accepted.
[3 : mcmc] Progress @ 2025-03-09 17:28:31 : 80 steps taken, and 17419 accepted.
[0 : mcmc] Progress @ 2025-03-09 17:28:48 : 75 steps taken, and 17538 accepted.
[1 : mcmc] Progress @ 2025-03-09 17:28:52 : 75 steps taken, and 17361 accepted.
[2 : mcmc] Progress @ 2025-03-09 17:29:20 : 82 steps taken, and 17778 accepted.
[3 : mcmc] Progress @ 2025-03-09 17:29:35 : 87 steps taken, and 17421 accepted.
[0 : mcmc] Progress @ 2025-03-09 17:29:49 : 82 steps taken, and 17540 accepted.
[1 : mcmc] Progress @ 2025-03-09 17:29:52 : 81 steps taken, and 17362 accepted.
[2 : mcmc] Progress @ 2025-03-09 17:30:21 : 88 steps taken, and 17779 accepted.
[3 : mcmc] Progress @ 2025-03-09 17:30:35 : 93 steps taken, and 17422 accepted.
[1 : mcmc] Progress @ 2025-03-09 17:30:52 : 93 steps taken, and 17362 accepted.
[0 : mcmc] Progress @ 2025-03-09 17:30:57 : 92 steps taken, and 17544 accepted.
[2 : mcmc] Progress @ 2025-03-09 17:31:25 : 94 steps taken, and 17781 accepted.
[3 : mcmc] Progress @ 2025-03-09 17:31:36 : 98 steps taken, and 17424 accepted.
[1 : mcmc] Progress @ 2025-03-09 17:31:53 : 98 steps taken, and 17362 accepted.
[0 : mcmc] Progress @ 2025-03-09 17:31:58 : 100 steps taken, and 17547 accepted.
[2 : mcmc] Progress @ 2025-03-09 17:32:26 : 101 steps taken, and 17783 accepted.
[3 : mcmc] Progress @ 2025-03-09 17:32:42 : 104 steps taken, and 17425 accepted.
[1 : mcmc] Progress @ 2025-03-09 17:32:57 : 107 steps taken, and 17366 accepted.
[0 : mcmc] Progress @ 2025-03-09 17:32:58 : 109 steps taken, and 17547 accepted.
[2 : mcmc] Progress @ 2025-03-09 17:33:31 : 109 steps taken, and 17785 accepted.
[3 : mcmc] Progress @ 2025-03-09 17:33:46 : 110 steps taken, and 17427 accepted.
[1 : mcmc] Progress @ 2025-03-09 17:33:58 : 112 steps taken, and 17366 accepted.
[0 : mcmc] Progress @ 2025-03-09 17:33:59 : 114 steps taken, and 17548 accepted.
[2 : mcmc] Progress @ 2025-03-09 17:34:43 : 115 steps taken, and 17786 accepted.
[1 : mcmc] Progress @ 2025-03-09 17:35:00 : 117 steps taken, and 17366 accepted.
[0 : mcmc] Progress @ 2025-03-09 17:35:00 : 120 steps taken, and 17548 accepted.
[3 : mcmc] Progress @ 2025-03-09 17:35:00 : 116 steps taken, and 17429 accepted.
[2 : mcmc] Progress @ 2025-03-09 17:35:47 : 122 steps taken, and 17789 accepted.
[1 : mcmc] Progress @ 2025-03-09 17:36:00 : 123 steps taken, and 17368 accepted.
[0 : mcmc] Progress @ 2025-03-09 17:36:00 : 125 steps taken, and 17549 accepted.
[3 : mcmc] Progress @ 2025-03-09 17:36:13 : 125 steps taken, and 17431 accepted.
[2 : mcmc] Progress @ 2025-03-09 17:36:54 : 131 steps taken, and 17791 accepted.
[1 : mcmc] Progress @ 2025-03-09 17:37:01 : 128 steps taken, and 17369 accepted.
[0 : mcmc] Progress @ 2025-03-09 17:37:01 : 130 steps taken, and 17551 accepted.
[3 : mcmc] Progress @ 2025-03-09 17:37:27 : 133 steps taken, and 17434 accepted.
[2 : mcmc] Progress @ 2025-03-09 17:38:03 : 141 steps taken, and 17792 accepted.
[1 : mcmc] Progress @ 2025-03-09 17:38:06 : 134 steps taken, and 17370 accepted.
[0 : mcmc] Progress @ 2025-03-09 17:38:06 : 138 steps taken, and 17553 accepted.
[3 : mcmc] Progress @ 2025-03-09 17:38:38 : 139 steps taken, and 17436 accepted.
[0 : mcmc] Progress @ 2025-03-09 17:39:07 : 143 steps taken, and 17556 accepted.
[node032:50778:0:50778] Caught signal 11 (Segmentation fault: address not mapped to object at address 0xfffffffc0486c028)
BFD: DWARF error: can't find .debug_ranges section.
BFD: DWARF error: can't find .debug_ranges section.
BFD: DWARF error: can't find .debug_ranges section.
BFD: DWARF error: can't find .debug_ranges section.
BFD: DWARF error: can't find .debug_ranges section.
BFD: DWARF error: can't find .debug_ranges section.
BFD: DWARF error: can't find .debug_ranges section.
BFD: DWARF error: can't find .debug_ranges section.
BFD: DWARF error: can't find .debug_ranges section.
BFD: DWARF error: can't find .debug_ranges section.
BFD: DWARF error: can't find .debug_ranges section.
BFD: DWARF error: can't find .debug_ranges section.
BFD: DWARF error: can't find .debug_ranges section.
BFD: DWARF error: can't find .debug_ranges section.
BFD: DWARF error: can't find .debug_ranges section.
BFD: DWARF error: can't find .debug_ranges section.
BFD: DWARF error: can't find .debug_ranges section.
BFD: DWARF error: can't find .debug_ranges section.
BFD: DWARF error: can't find .debug_ranges section.
BFD: DWARF error: can't find .debug_ranges section.
BFD: DWARF error: can't find .debug_ranges section.
BFD: DWARF error: can't find .debug_ranges section.
BFD: DWARF error: can't find .debug_ranges section.
BFD: DWARF error: can't find .debug_ranges section.
BFD: DWARF error: can't find .debug_ranges section.
BFD: DWARF error: can't find .debug_ranges section.
BFD: DWARF error: can't find .debug_ranges section.
BFD: DWARF error: can't find .debug_ranges section.
BFD: DWARF error: can't find .debug_ranges section.
BFD: DWARF error: can't find .debug_ranges section.
BFD: DWARF error: can't find .debug_ranges section.
BFD: DWARF error: can't find .debug_ranges section.
BFD: DWARF error: can't find .debug_ranges section.
BFD: DWARF error: can't find .debug_ranges section.
BFD: DWARF error: can't find .debug_ranges section.
BFD: DWARF error: can't find .debug_ranges section.
BFD: DWARF error: can't find .debug_ranges section.
BFD: DWARF error: can't find .debug_ranges section.
BFD: DWARF error: can't find .debug_ranges section.
BFD: DWARF error: can't find .debug_ranges section.
BFD: DWARF error: can't find .debug_ranges section.
BFD: DWARF error: can't find .debug_ranges section.
BFD: DWARF error: can't find .debug_ranges section.
BFD: DWARF error: can't find .debug_ranges section.
BFD: DWARF error: can't find .debug_ranges section.
BFD: DWARF error: can't find .debug_ranges section.
BFD: DWARF error: can't find .debug_ranges section.
BFD: DWARF error: can't find .debug_ranges section.
BFD: DWARF error: can't find .debug_ranges section.
BFD: DWARF error: can't find .debug_ranges section.
[1 : mcmc] Progress @ 2025-03-09 17:39:07 : 140 steps taken, and 17370 accepted.
BFD: DWARF error: can't find .debug_ranges section.
BFD: DWARF error: can't find .debug_ranges section.
BFD: DWARF error: can't find .debug_ranges section.
BFD: DWARF error: can't find .debug_ranges section.
BFD: DWARF error: can't find .debug_ranges section.
BFD: DWARF error: can't find .debug_ranges section.
BFD: DWARF error: can't find .debug_ranges section.
BFD: DWARF error: can't find .debug_ranges section.
BFD: DWARF error: can't find .debug_ranges section.
BFD: DWARF error: can't find .debug_ranges section.
BFD: DWARF error: can't find .debug_ranges section.
BFD: DWARF error: can't find .debug_ranges section.
BFD: DWARF error: can't find .debug_ranges section.
BFD: DWARF error: can't find .debug_ranges section.
BFD: DWARF error: can't find .debug_ranges section.
BFD: DWARF error: can't find .debug_ranges section.
BFD: DWARF error: can't find .debug_ranges section.
BFD: DWARF error: can't find .debug_ranges section.
BFD: DWARF error: can't find .debug_ranges section.
BFD: DWARF error: can't find .debug_ranges section.
BFD: DWARF error: can't find .debug_ranges section.
BFD: DWARF error: can't find .debug_ranges section.
BFD: DWARF error: can't find .debug_ranges section.
BFD: DWARF error: can't find .debug_ranges section.
BFD: DWARF error: can't find .debug_ranges section.
BFD: DWARF error: can't find .debug_ranges section.
BFD: DWARF error: can't find .debug_ranges section.
BFD: DWARF error: can't find .debug_ranges section.
BFD: DWARF error: can't find .debug_ranges section.
BFD: DWARF error: can't find .debug_ranges section.
BFD: DWARF error: can't find .debug_ranges section.
BFD: DWARF error: can't find .debug_ranges section.
BFD: DWARF error: can't find .debug_ranges section.
BFD: DWARF error: can't find .debug_ranges section.
BFD: DWARF error: can't find .debug_ranges section.
BFD: DWARF error: can't find .debug_ranges section.
BFD: DWARF error: can't find .debug_ranges section.
BFD: DWARF error: can't find .debug_ranges section.
BFD: DWARF error: can't find .debug_ranges section.
BFD: DWARF error: can't find .debug_ranges section.
==== backtrace (tid:  50778) ====
 0 0x0000000000021563 ucs_debug_print_backtrace()  /dev/shm/UCX/1.8.0/GCCcore-9.3.0/ucx-1.8.0/src/ucs/debug/debug.c:653
 1 0x0000000000039f63 __massivenu_MOD_thermalnubackground_rho()  ???:0
 2 0x000000000003da49 __results_MOD_grho_no_de()  ???:0
 3 0x00000000000a5f01 dtauda_()  ???:0
 4 0x000000000004cfdc __results_MOD_thermo_init._omp_fn.0()  results.f90:0
 5 0x0000000000014295 GOMP_parallel_sections()  ???:0
 6 0x000000000004f7c2 __results_MOD_thermo_init()  ???:0
 7 0x00000000000f3923 __cambmain_MOD_initvars()  ???:0
 8 0x00000000000f9bff __cambmain_MOD_cmbmain()  ???:0
 9 0x0000000000105846 __camb_MOD_camb_getresults()  ???:0
10 0x00000000001104df __handles_MOD_cambdata_gettransfers()  ???:0
11 0x0000000000006a4a ffi_call_unix64()  :0
12 0x0000000000005fea ffi_call_int()  ffi64.c:0
13 0x00000000000091e0 _ctypes_callproc.cold()  :0
14 0x00000000000126ee PyCFuncPtr_call()  :0
15 0x00000000004f061c _PyObject_MakeTpCall()  ???:0
16 0x00000000004ec4f7 _PyEval_EvalFrameDefault()  ???:0
17 0x00000000004e694a _PyEval_EvalCode()  :0
18 0x000000000050500d method_vectorcall()  :0
19 0x00000000004e8a8b _PyEval_EvalFrameDefault()  ???:0
20 0x00000000004e694a _PyEval_EvalCode()  :0
21 0x00000000004f7d95 _PyFunction_Vectorcall()  ???:0
22 0x00000000004e8a8b _PyEval_EvalFrameDefault()  ???:0
23 0x00000000004e694a _PyEval_EvalCode()  :0
24 0x000000000050500d method_vectorcall()  :0
25 0x0000000000505744 PyObject_Call()  ???:0
26 0x00000000004eac68 _PyEval_EvalFrameDefault()  ???:0
27 0x00000000004e694a _PyEval_EvalCode()  :0
28 0x000000000050500d method_vectorcall()  :0
29 0x00000000004e8a8b _PyEval_EvalFrameDefault()  ???:0
30 0x00000000004e694a _PyEval_EvalCode()  :0
31 0x000000000050500d method_vectorcall()  :0
32 0x00000000004e8a8b _PyEval_EvalFrameDefault()  ???:0
33 0x00000000004e694a _PyEval_EvalCode()  :0
34 0x00000000004f7d95 _PyFunction_Vectorcall()  ???:0
35 0x00000000004e7edc _PyEval_EvalFrameDefault()  ???:0
36 0x00000000004f8073 function_code_fastcall()  :0
37 0x0000000000504f01 method_vectorcall()  :0
38 0x00000000004ec5b4 _PyEval_EvalFrameDefault()  ???:0
39 0x00000000004f8073 function_code_fastcall()  :0
40 0x00000000004e7edc _PyEval_EvalFrameDefault()  ???:0
41 0x00000000004e694a _PyEval_EvalCode()  :0
42 0x00000000004f7d95 _PyFunction_Vectorcall()  ???:0
43 0x0000000000505744 PyObject_Call()  ???:0
44 0x00000000004eac68 _PyEval_EvalFrameDefault()  ???:0
45 0x00000000004f8073 function_code_fastcall()  :0
46 0x00000000004e7c22 _PyEval_EvalFrameDefault()  ???:0
47 0x00000000004e694a _PyEval_EvalCode()  :0
48 0x00000000004e65d7 _PyEval_EvalCodeWithName()  ???:0
49 0x00000000004e6589 PyEval_EvalCodeEx()  ???:0
50 0x0000000000593f2b PyEval_EvalCode()  ???:0
51 0x00000000005c1697 run_eval_code_obj()  :0
52 0x00000000005bd6b0 run_mod()  :0
53 0x00000000004565eb pyrun_file.cold()  :0
54 0x00000000005b7392 PyRun_SimpleFileExFlags()  ???:0
55 0x00000000005b490e Py_RunMain()  ???:0
56 0x0000000000587fd9 Py_BytesMain()  ???:0
57 0x0000000000022555 __libc_start_main()  ???:0
=================================
[node032:50778] *** Process received signal ***
[node032:50778] Signal: Segmentation fault (11)
[node032:50778] Signal code:  (-6)
[node032:50778] Failing at address: 0x8cfb80000c65a
[node032:50778] [ 0] /lib64/libpthread.so.0(+0xf630)[0x7f1f9fc00630]
[node032:50778] [ 1] /users/smp24dhl/cosmo/code/CAMB_beta/camb/camblib.so(__massivenu_MOD_thermalnubackground_rho+0x63)[0x7f1f7e4f4f63]
[node032:50778] [ 2] /users/smp24dhl/cosmo/code/CAMB_beta/camb/camblib.so(__results_MOD_grho_no_de+0xc9)[0x7f1f7e4f8a49]
[node032:50778] [ 3] /users/smp24dhl/cosmo/code/CAMB_beta/camb/camblib.so(dtauda_+0x61)[0x7f1f7e560f01]
[node032:50778] [ 4] /users/smp24dhl/cosmo/code/CAMB_beta/camb/camblib.so(+0x4cfdc)[0x7f1f7e507fdc]
[node032:50778] [ 5] /users/smp24dhl/.conda/envs/cosmos/bin/../lib/libgomp.so.1(GOMP_parallel_sections+0x80)[0x7f1f7e490295]
[node032:50778] [ 6] /users/smp24dhl/cosmo/code/CAMB_beta/camb/camblib.so(__results_MOD_thermo_init+0x12d2)[0x7f1f7e50a7c2]
[node032:50778] [ 7] /users/smp24dhl/cosmo/code/CAMB_beta/camb/camblib.so(__cambmain_MOD_initvars+0x193)[0x7f1f7e5ae923]
[node032:50778] [ 8] /users/smp24dhl/cosmo/code/CAMB_beta/camb/camblib.so(__cambmain_MOD_cmbmain+0xbf)[0x7f1f7e5b4bff]
[node032:50778] [ 9] /users/smp24dhl/cosmo/code/CAMB_beta/camb/camblib.so(__camb_MOD_camb_getresults+0x2986)[0x7f1f7e5c0846]
[node032:50778] [10] /users/smp24dhl/cosmo/code/CAMB_beta/camb/camblib.so(__handles_MOD_cambdata_gettransfers+0x1f)[0x7f1f7e5cb4df]
[node032:50778] [11] /users/smp24dhl/.conda/envs/cosmos/lib/python3.9/lib-dynload/../../libffi.so.8(+0x6a4a)[0x7f1f9febba4a]
[node032:50778] [12] /users/smp24dhl/.conda/envs/cosmos/lib/python3.9/lib-dynload/../../libffi.so.8(+0x5fea)[0x7f1f9febafea]
[node032:50778] [13] /users/smp24dhl/.conda/envs/cosmos/lib/python3.9/lib-dynload/_ctypes.cpython-39-x86_64-linux-gnu.so(+0x91e0)[0x7f1f95bba1e0]
[node032:50778] [14] /users/smp24dhl/.conda/envs/cosmos/lib/python3.9/lib-dynload/_ctypes.cpython-39-x86_64-linux-gnu.so(+0x126ee)[0x7f1f95bc36ee]
[node032:50778] [15] /users/smp24dhl/.conda/envs/cosmos/bin/python(_PyObject_MakeTpCall+0x2ec)[0x4f061c]
[node032:50778] [16] /users/smp24dhl/.conda/envs/cosmos/bin/python(_PyEval_EvalFrameDefault+0x4ca7)[0x4ec4f7]
[node032:50778] [17] /users/smp24dhl/.conda/envs/cosmos/bin/python[0x4e694a]
[node032:50778] [18] /users/smp24dhl/.conda/envs/cosmos/bin/python[0x50500d]
[node032:50778] [19] /users/smp24dhl/.conda/envs/cosmos/bin/python(_PyEval_EvalFrameDefault+0x123b)[0x4e8a8b]
[node032:50778] [20] /users/smp24dhl/.conda/envs/cosmos/bin/python[0x4e694a]
[node032:50778] [21] /users/smp24dhl/.conda/envs/cosmos/bin/python(_PyFunction_Vectorcall+0xd5)[0x4f7d95]
[node032:50778] [22] /users/smp24dhl/.conda/envs/cosmos/bin/python(_PyEval_EvalFrameDefault+0x123b)[0x4e8a8b]
[node032:50778] [23] /users/smp24dhl/.conda/envs/cosmos/bin/python[0x4e694a]
[node032:50778] [24] /users/smp24dhl/.conda/envs/cosmos/bin/python[0x50500d]
[node032:50778] [25] /users/smp24dhl/.conda/envs/cosmos/bin/python(PyObject_Call+0xb4)[0x505744]
[node032:50778] [26] /users/smp24dhl/.conda/envs/cosmos/bin/python(_PyEval_EvalFrameDefault+0x3418)[0x4eac68]
[node032:50778] [27] /users/smp24dhl/.conda/envs/cosmos/bin/python[0x4e694a]
[node032:50778] [28] /users/smp24dhl/.conda/envs/cosmos/bin/python[0x50500d]
[node032:50778] [29] /users/smp24dhl/.conda/envs/cosmos/bin/python(_PyEval_EvalFrameDefault+0x123b)[0x4e8a8b]
[node032:50778] *** End of error message ***
--------------------------------------------------------------------------
Primary job  terminated normally, but 1 process returned
a non-zero exit code. Per user-direction, the job has been aborted.
--------------------------------------------------------------------------
--------------------------------------------------------------------------
mpirun noticed that process rank 0 with PID 50778 on node node032 exited on signal 11 (Segmentation fault).
--------------------------------------------------------------------------
./chains/PlanckLensingDESI.1.txt
./chains/PlanckLensingDESI.4.txt
./chains/PlanckLensingDESI.2.txt
./chains/PlanckLensingDESI.3.txt
Removed 0.3 as burn in
R-1 = 0.016926397150947466
H_0 = 67.0\pm 3.2
w_{0,\mathrm{DE}} = -0.67\pm 0.30
w_{a,\mathrm{DE}} < -1.04
\beta_{\mathrm{DE}} = 2.8^{+2.0}_{-3.5}
triangle plot saved at ./chains/outputs/PlanckLensingDESI_triangle.png
parameters saved at ./chains/outputs/PlanckLensingDESI_parameters.txt
chain not converged
[0 : output] Output to be read-from/written-into folder 'chains', with prefix 'PlanckLensingDESI'
[0 : output] Found existing info files with the requested output prefix: 'chains/PlanckLensingDESI'
[0 : output] Let's try to resume/load.
[0 : output] Found an old sample. Resuming.
[0 : prior] *WARNING* External prior 'SZ' loaded. Mind that it might not be normalized!
[0 : camb] `camb` module loaded successfully from /users/smp24dhl/cosmo/code/CAMB_beta/camb
[0 : planck_2018_highl_plik.ttteee] `clik` module loaded successfully from /users/smp24dhl/cosmo/code/planck/clik/lib/python3.9/site-packages/clik
----
clik version clik_16.0b1-2-g63c889f3aa9c MAKEFILE
  smica
----
clik version clik_16.0b1-2-g63c889f3aa9c MAKEFILE
  smica
----
clik version clik_16.0b1-2-g63c889f3aa9c MAKEFILE
  smica
----
clik version clik_16.0b1-2-g63c889f3aa9c MAKEFILE
  smica
Checking likelihood '/users/smp24dhl/cosmo/data/planck_2018/baseline/plc_3.0/hi_l/plik/plik_rd12_HM_v22b_TTTEEE.clik' on test data. got -1172.47 expected -1172.47 (diff -4.34054e-07)
----
Checking likelihood '/users/smp24dhl/cosmo/data/planck_2018/baseline/plc_3.0/hi_l/plik/plik_rd12_HM_v22b_TTTEEE.clik' on test data. got -1172.47 expected -1172.47 (diff -4.34054e-07)
----
Checking likelihood '/users/smp24dhl/cosmo/data/planck_2018/baseline/plc_3.0/hi_l/plik/plik_rd12_HM_v22b_TTTEEE.clik' on test data. got -1172.47 expected -1172.47 (diff -4.34054e-07)
----
Checking likelihood '/users/smp24dhl/cosmo/data/planck_2018/baseline/plc_3.0/hi_l/plik/plik_rd12_HM_v22b_TTTEEE.clik' on test data. got -1172.47 expected -1172.47 (diff -4.34054e-07)
----
Loading ACT DR6 lensing likelihood v1.2...
Loading ACT DR6 lensing likelihood v1.2...
Loading ACT DR6 lensing likelihood v1.2...
Loading ACT DR6 lensing likelihood v1.2...
