[0 : output] Output to be read-from/written-into folder 'chains', with prefix 'act-full'
[0 : output] Found existing info files with the requested output prefix: 'chains/act-full'
[0 : output] Let's try to resume/load.
[0 : output] Found an old sample. Resuming.
[0 : prior] *WARNING* External prior 'SZ' loaded. Mind that it might not be normalized!

libgomp: Invalid value for environment variable OMP_NUM_THREADS: 

libgomp: Invalid value for environment variable OMP_NUM_THREADS: 

libgomp: Invalid value for environment variable OMP_NUM_THREADS: 

libgomp: Invalid value for environment variable OMP_NUM_THREADS: 
[0 : camb] `camb` module loaded successfully from /users/smp24dhl/cosmo/code/CAMB_beta/camb
[0 : planck_2018_highl_plik.ttteee] `clik` module loaded successfully from /users/smp24dhl/cosmo/code/planck/clik/lib/python3.9/site-packages/clik
----
clik version clik_16.0b1-2-g63c889f3aa9c MAKEFILE
  smica
----
clik version clik_16.0b1-2-g63c889f3aa9c MAKEFILE
  smica
----
clik version clik_16.0b1-2-g63c889f3aa9c MAKEFILE
  smica
----
clik version clik_16.0b1-2-g63c889f3aa9c MAKEFILE
  smica
Checking likelihood '/users/smp24dhl/cosmo/data/planck_2018/baseline/plc_3.0/hi_l/plik/plik_rd12_HM_v22b_TTTEEE.clik' on test data. got -1172.47 expected -1172.47 (diff -4.34057e-07)
----
Loading ACT DR6 lensing likelihood v1.2...
Checking likelihood '/users/smp24dhl/cosmo/data/planck_2018/baseline/plc_3.0/hi_l/plik/plik_rd12_HM_v22b_TTTEEE.clik' on test data. got -1172.47 expected -1172.47 (diff -4.34057e-07)
----
Loading ACT DR6 lensing likelihood v1.2...
Checking likelihood '/users/smp24dhl/cosmo/data/planck_2018/baseline/plc_3.0/hi_l/plik/plik_rd12_HM_v22b_TTTEEE.clik' on test data. got -1172.47 expected -1172.47 (diff -4.34057e-07)
----
Loading ACT DR6 lensing likelihood v1.2...
Checking likelihood '/users/smp24dhl/cosmo/data/planck_2018/baseline/plc_3.0/hi_l/plik/plik_rd12_HM_v22b_TTTEEE.clik' on test data. got -1172.47 expected -1172.47 (diff -4.34057e-07)
----
Loading ACT DR6 lensing likelihood v1.2...
/users/smp24dhl/cosmo/code/act_dr6_lenslike/act_dr6_lenslike/act_dr6_lenslike.py:416: UserWarning: Hartlap correction to cinv: 0.949874686716792
  warnings.warn(f"Hartlap correction to cinv: {hartlap_correction}")
/users/smp24dhl/cosmo/code/act_dr6_lenslike/act_dr6_lenslike/act_dr6_lenslike.py:416: UserWarning: Hartlap correction to cinv: 0.949874686716792
  warnings.warn(f"Hartlap correction to cinv: {hartlap_correction}")
/users/smp24dhl/cosmo/code/act_dr6_lenslike/act_dr6_lenslike/act_dr6_lenslike.py:416: UserWarning: Hartlap correction to cinv: 0.949874686716792
  warnings.warn(f"Hartlap correction to cinv: {hartlap_correction}")
/users/smp24dhl/cosmo/code/act_dr6_lenslike/act_dr6_lenslike/act_dr6_lenslike.py:416: UserWarning: Hartlap correction to cinv: 0.949874686716792
  warnings.warn(f"Hartlap correction to cinv: {hartlap_correction}")
[2 : bao.desi_2024_bao_all] Initialized.
[0 : bao.desi_2024_bao_all] Initialized.
[3 : bao.desi_2024_bao_all] Initialized.
[1 : bao.desi_2024_bao_all] Initialized.
[0 : mcmc] Resuming from previous sample!
[2 : samplecollection] Loaded 3385 sample points from 'chains/act-full.3.txt'
[0 : samplecollection] Loaded 3274 sample points from 'chains/act-full.1.txt'
[3 : samplecollection] Loaded 3522 sample points from 'chains/act-full.4.txt'
[1 : samplecollection] Loaded 3422 sample points from 'chains/act-full.2.txt'
[3 : mcmc] Initial point: logA:3.04854, ns:0.966142, theta_MC_100:1.041391, ombh2:0.02265901, omch2:0.1189531, w:-0.9434418, wa:-0.162676, beta_DE:0.09141417, tau:0.05788002, A_planck:0.9992221, calib_100T:1.000031, calib_217T:0.9982663, A_cib_217:44.30067, xi_sz_cib:0.898726, A_sz:0.6249105, ksz_norm:9.193916, gal545_A_100:7.632751, gal545_A_143:12.90838, gal545_A_143_217:17.89628, gal545_A_217:94.09553, ps_A_100_100:302.0655, ps_A_143_143:30.78745, ps_A_143_217:18.93086, ps_A_217_217:106.1986, galf_TE_A_100:0.150145, galf_TE_A_100_143:0.1830268, galf_TE_A_100_217:0.4209954, galf_TE_A_143:0.276368, galf_TE_A_143_217:0.678888, galf_TE_A_217:1.785403
[2 : mcmc] Initial point: logA:3.055549, ns:0.9698095, theta_MC_100:1.041083, ombh2:0.0226479, omch2:0.1183493, w:-0.8216661, wa:-0.4731994, beta_DE:0.05077356, tau:0.0584042, A_planck:1.002463, calib_100T:0.9999635, calib_217T:0.9985335, A_cib_217:37.58485, xi_sz_cib:0.8662323, A_sz:8.684794, ksz_norm:2.403646, gal545_A_100:8.39664, gal545_A_143:8.610161, gal545_A_143_217:22.70458, gal545_A_217:106.2661, ps_A_100_100:218.7379, ps_A_143_143:36.1617, ps_A_143_217:49.74471, ps_A_217_217:125.5878, galf_TE_A_100:0.04963918, galf_TE_A_100_143:0.1219291, galf_TE_A_100_217:0.3988205, galf_TE_A_143:0.2341276, galf_TE_A_143_217:0.6743699, galf_TE_A_217:2.112474
[0 : mcmc] Initial point: logA:3.043516, ns:0.9666326, theta_MC_100:1.041003, ombh2:0.02288156, omch2:0.1187156, w:-0.7873642, wa:-1.048339, beta_DE:2.621388, tau:0.05248783, A_planck:1.001983, calib_100T:0.9998614, calib_217T:0.9972802, A_cib_217:37.53234, xi_sz_cib:0.056843, A_sz:6.459387, ksz_norm:1.343904, gal545_A_100:8.397809, gal545_A_143:9.682813, gal545_A_143_217:19.55421, gal545_A_217:103.6696, ps_A_100_100:236.0498, ps_A_143_143:41.42868, ps_A_143_217:37.41953, ps_A_217_217:124.4292, galf_TE_A_100:0.1245278, galf_TE_A_100_143:0.1180499, galf_TE_A_100_217:0.5095051, galf_TE_A_143:0.1557927, galf_TE_A_143_217:0.6438592, galf_TE_A_217:1.992684
[1 : mcmc] Initial point: logA:3.031671, ns:0.9671705, theta_MC_100:1.040855, ombh2:0.02261665, omch2:0.1194311, w:-0.9080554, wa:-0.4252571, beta_DE:0.7061035, tau:0.04635314, A_planck:1.001466, calib_100T:0.999809, calib_217T:0.9983276, A_cib_217:38.80962, xi_sz_cib:0.4944867, A_sz:4.541307, ksz_norm:3.105501, gal545_A_100:8.756175, gal545_A_143:9.127851, gal545_A_143_217:19.02714, gal545_A_217:101.6346, ps_A_100_100:257.993, ps_A_143_143:46.78406, ps_A_143_217:39.04806, ps_A_217_217:119.6782, galf_TE_A_100:0.1783963, galf_TE_A_100_143:0.1092025, galf_TE_A_100_217:0.6014329, galf_TE_A_143:0.1359266, galf_TE_A_143_217:0.5917836, galf_TE_A_217:1.910801
[0 : mcmc] *WARNING* Parameter blocking manually/previously fixed: speeds will not be measured.
[0 : mcmc] Dragging with number of interpolating steps:
[0 : mcmc] *  1 : (['theta_MC_100', 'ombh2', 'omch2', 'w', 'wa', 'beta_DE', 'tau'], ['logA', 'ns'])
[0 : mcmc] * 12 : (['A_planck'], ['calib_100T', 'calib_217T', 'A_cib_217', 'xi_sz_cib', 'A_sz', 'ksz_norm', 'gal545_A_100', 'gal545_A_143', 'gal545_A_143_217', 'gal545_A_217', 'ps_A_100_100', 'ps_A_143_143', 'ps_A_143_217', 'ps_A_217_217', 'galf_TE_A_100', 'galf_TE_A_100_143', 'galf_TE_A_100_217', 'galf_TE_A_143', 'galf_TE_A_143_217', 'galf_TE_A_217'])
[0 : mcmc] Covariance matrix from previous sample.
[0 : mcmc] Sampling!
[0 : mcmc] Progress @ 2025-02-05 14:17:18 : 1 steps taken, and 3274 accepted.
[3 : mcmc] Progress @ 2025-02-05 14:17:27 : 1 steps taken, and 3522 accepted.
[2 : mcmc] Progress @ 2025-02-05 14:17:30 : 1 steps taken, and 3385 accepted.
[1 : mcmc] Progress @ 2025-02-05 14:17:30 : 1 steps taken, and 3422 accepted.
[0 : mcmc] Progress @ 2025-02-05 14:18:41 : 5 steps taken, and 3274 accepted.
[2 : mcmc] Progress @ 2025-02-05 14:18:43 : 4 steps taken, and 3386 accepted.
[1 : mcmc] Progress @ 2025-02-05 14:18:46 : 4 steps taken, and 3422 accepted.
[3 : mcmc] Progress @ 2025-02-05 14:18:46 : 6 steps taken, and 3523 accepted.
[3 : mcmc] Progress @ 2025-02-05 14:19:59 : 9 steps taken, and 3524 accepted.
[2 : mcmc] Progress @ 2025-02-05 14:19:59 : 7 steps taken, and 3388 accepted.
[0 : mcmc] Progress @ 2025-02-05 14:20:00 : 8 steps taken, and 3275 accepted.
[1 : mcmc] Progress @ 2025-02-05 14:20:09 : 7 steps taken, and 3422 accepted.
[node020:59153:0:59221] Caught signal 11 (Segmentation fault: address not mapped to object at address 0xfffffffc05e80438)
BFD: DWARF error: can't find .debug_ranges section.
BFD: DWARF error: can't find .debug_ranges section.
==== backtrace (tid:  59221) ====
 0 0x0000000000021563 ucs_debug_print_backtrace()  /dev/shm/UCX/1.8.0/GCCcore-9.3.0/ucx-1.8.0/src/ucs/debug/debug.c:653
 1 0x0000000000039f63 __massivenu_MOD_thermalnubackground_rho()  ???:0
 2 0x000000000003da49 __results_MOD_grho_no_de()  ???:0
 3 0x00000000000a5f01 dtauda_()  ???:0
 4 0x000000000004cfdc __results_MOD_thermo_init._omp_fn.0()  results.f90:0
 5 0x0000000000018f09 gomp_thread_start()  team.c:0
 6 0x0000000000007ea5 start_thread()  pthread_create.c:0
 7 0x00000000000feb0d __clone()  ???:0
=================================
[node020:59153] *** Process received signal ***
[node020:59153] Signal: Segmentation fault (11)
[node020:59153] Signal code:  (-6)
[node020:59153] Failing at address: 0x8cfb80000e711
[node020:59153] [ 0] /lib64/libpthread.so.0(+0xf630)[0x7f343b977630]
[node020:59153] [ 1] /users/smp24dhl/cosmo/code/CAMB_beta/camb/camblib.so(__massivenu_MOD_thermalnubackground_rho+0x63)[0x7f3400e71f63]
[node020:59153] [ 2] /users/smp24dhl/cosmo/code/CAMB_beta/camb/camblib.so(__results_MOD_grho_no_de+0xc9)[0x7f3400e75a49]
[node020:59153] [ 3] /users/smp24dhl/cosmo/code/CAMB_beta/camb/camblib.so(dtauda_+0x61)[0x7f3400eddf01]
[node020:59153] [ 4] /users/smp24dhl/cosmo/code/CAMB_beta/camb/camblib.so(+0x4cfdc)[0x7f3400e84fdc]
[node020:59153] [ 5] /users/smp24dhl/.conda/envs/cosmos/bin/../lib/libgomp.so.1(+0x18f09)[0x7f3400e11f09]
[node020:59153] [ 6] /lib64/libpthread.so.0(+0x7ea5)[0x7f343b96fea5]
[node020:59153] [ 7] /lib64/libc.so.6(clone+0x6d)[0x7f343af8fb0d]
[node020:59153] *** End of error message ***
--------------------------------------------------------------------------
Primary job  terminated normally, but 1 process returned
a non-zero exit code. Per user-direction, the job has been aborted.
--------------------------------------------------------------------------
--------------------------------------------------------------------------
mpirun noticed that process rank 3 with PID 59153 on node node020 exited on signal 11 (Segmentation fault).
--------------------------------------------------------------------------
