[0 : output] Output to be read-from/written-into folder 'chains', with prefix 'act-full'
[0 : output] Found existing info files with the requested output prefix: 'chains/act-full'
[0 : output] Let's try to resume/load.
[0 : output] Found an old sample. Resuming.
[0 : prior] *WARNING* External prior 'SZ' loaded. Mind that it might not be normalized!

libgomp: Invalid value for environment variable OMP_NUM_THREADS: 

libgomp: Invalid value for environment variable OMP_NUM_THREADS: 

libgomp: Invalid value for environment variable OMP_NUM_THREADS: 

libgomp: Invalid value for environment variable OMP_NUM_THREADS: 
[0 : camb] `camb` module loaded successfully from /users/smp24dhl/cosmo/code/CAMB_beta/camb
[0 : planck_2018_highl_plik.ttteee] `clik` module loaded successfully from /users/smp24dhl/cosmo/code/planck/clik/lib/python3.9/site-packages/clik
----
clik version clik_16.0b1-2-g63c889f3aa9c MAKEFILE
  smica
----
clik version clik_16.0b1-2-g63c889f3aa9c MAKEFILE
  smica
----
clik version clik_16.0b1-2-g63c889f3aa9c MAKEFILE
  smica
----
clik version clik_16.0b1-2-g63c889f3aa9c MAKEFILE
  smica
Checking likelihood '/users/smp24dhl/cosmo/data/planck_2018/baseline/plc_3.0/hi_l/plik/plik_rd12_HM_v22b_TTTEEE.clik' on test data. got -1172.47 expected -1172.47 (diff -4.34054e-07)
----
Loading ACT DR6 lensing likelihood v1.2...
Checking likelihood '/users/smp24dhl/cosmo/data/planck_2018/baseline/plc_3.0/hi_l/plik/plik_rd12_HM_v22b_TTTEEE.clik' on test data. got -1172.47 expected -1172.47 (diff -4.34054e-07)
----
Loading ACT DR6 lensing likelihood v1.2...
Checking likelihood '/users/smp24dhl/cosmo/data/planck_2018/baseline/plc_3.0/hi_l/plik/plik_rd12_HM_v22b_TTTEEE.clik' on test data. got -1172.47 expected -1172.47 (diff -4.34054e-07)
----
Loading ACT DR6 lensing likelihood v1.2...
Checking likelihood '/users/smp24dhl/cosmo/data/planck_2018/baseline/plc_3.0/hi_l/plik/plik_rd12_HM_v22b_TTTEEE.clik' on test data. got -1172.47 expected -1172.47 (diff -4.34055e-07)
----
Loading ACT DR6 lensing likelihood v1.2...
/users/smp24dhl/cosmo/code/act_dr6_lenslike/act_dr6_lenslike/act_dr6_lenslike.py:416: UserWarning: Hartlap correction to cinv: 0.949874686716792
  warnings.warn(f"Hartlap correction to cinv: {hartlap_correction}")
[0 : bao.desi_2024_bao_all] Initialized.
/users/smp24dhl/cosmo/code/act_dr6_lenslike/act_dr6_lenslike/act_dr6_lenslike.py:416: UserWarning: Hartlap correction to cinv: 0.949874686716792
  warnings.warn(f"Hartlap correction to cinv: {hartlap_correction}")
/users/smp24dhl/cosmo/code/act_dr6_lenslike/act_dr6_lenslike/act_dr6_lenslike.py:416: UserWarning: Hartlap correction to cinv: 0.949874686716792
  warnings.warn(f"Hartlap correction to cinv: {hartlap_correction}")
[3 : bao.desi_2024_bao_all] Initialized.
[2 : bao.desi_2024_bao_all] Initialized.
/users/smp24dhl/cosmo/code/act_dr6_lenslike/act_dr6_lenslike/act_dr6_lenslike.py:416: UserWarning: Hartlap correction to cinv: 0.949874686716792
  warnings.warn(f"Hartlap correction to cinv: {hartlap_correction}")
[1 : bao.desi_2024_bao_all] Initialized.
[0 : mcmc] Resuming from previous sample!
[1 : samplecollection] Loaded 1683 sample points from 'chains/act-full.2.txt'
[3 : samplecollection] Loaded 1742 sample points from 'chains/act-full.4.txt'
[0 : samplecollection] Loaded 1580 sample points from 'chains/act-full.1.txt'
[2 : samplecollection] Loaded 1641 sample points from 'chains/act-full.3.txt'
[0 : mcmc] Initial point: logA:3.032365, ns:0.9632047, theta_MC_100:1.040789, ombh2:0.02242135, omch2:0.1198941, w:-0.8356764, wa:-0.3887099, beta_DE:-1.959412, tau:0.04836427, A_planck:1.000616, calib_100T:0.9989911, calib_217T:0.9960776, A_cib_217:45.96867, xi_sz_cib:0.9538075, A_sz:5.988091, ksz_norm:0.3362804, gal545_A_100:7.338618, gal545_A_143:13.49749, gal545_A_143_217:19.15517, gal545_A_217:90.56259, ps_A_100_100:298.461, ps_A_143_143:61.47213, ps_A_143_217:62.15381, ps_A_217_217:124.3852, galf_TE_A_100:0.08582984, galf_TE_A_100_143:0.1557926, galf_TE_A_100_217:0.5615714, galf_TE_A_143:0.2487945, galf_TE_A_143_217:0.7106674, galf_TE_A_217:2.218068
[2 : mcmc] Initial point: logA:3.046825, ns:0.967286, theta_MC_100:1.041028, ombh2:0.02261625, omch2:0.1184295, w:-0.8209505, wa:-0.2281127, beta_DE:-2.007079, tau:0.05688779, A_planck:0.9995415, calib_100T:0.9987726, calib_217T:0.9977715, A_cib_217:49.42989, xi_sz_cib:0.9424717, A_sz:7.076061, ksz_norm:0.08235823, gal545_A_100:7.882994, gal545_A_143:6.990187, gal545_A_143_217:20.4965, gal545_A_217:88.3446, ps_A_100_100:210.2842, ps_A_143_143:61.68632, ps_A_143_217:55.46916, ps_A_217_217:118.0116, galf_TE_A_100:0.09733565, galf_TE_A_100_143:0.1243668, galf_TE_A_100_217:0.455214, galf_TE_A_143:0.2950673, galf_TE_A_143_217:0.77423, galf_TE_A_217:2.260118
[3 : mcmc] Initial point: logA:3.05698, ns:0.9733051, theta_MC_100:1.040722, ombh2:0.02257256, omch2:0.1177148, w:-0.9162743, wa:-0.1551187, beta_DE:-1.245237, tau:0.06178933, A_planck:1.002714, calib_100T:0.9999804, calib_217T:0.9983098, A_cib_217:45.65317, xi_sz_cib:0.810803, A_sz:8.556157, ksz_norm:2.663779, gal545_A_100:10.45001, gal545_A_143:7.968833, gal545_A_143_217:20.76455, gal545_A_217:98.45316, ps_A_100_100:229.1133, ps_A_143_143:46.66919, ps_A_143_217:52.05665, ps_A_217_217:112.2356, galf_TE_A_100:0.1395409, galf_TE_A_100_143:0.1434591, galf_TE_A_100_217:0.4340266, galf_TE_A_143:0.2368184, galf_TE_A_143_217:0.585708, galf_TE_A_217:1.674895
[1 : mcmc] Initial point: logA:3.036606, ns:0.9596553, theta_MC_100:1.040738, ombh2:0.02217421, omch2:0.1193943, w:-0.9226096, wa:-0.3794597, beta_DE:-0.3232251, tau:0.04965903, A_planck:1.002227, calib_100T:1.000601, calib_217T:0.9988483, A_cib_217:49.58474, xi_sz_cib:0.184913, A_sz:5.440324, ksz_norm:4.678891, gal545_A_100:10.59184, gal545_A_143:7.597881, gal545_A_143_217:19.48592, gal545_A_217:98.82133, ps_A_100_100:270.6567, ps_A_143_143:55.81074, ps_A_143_217:40.17986, ps_A_217_217:110.5344, galf_TE_A_100:0.07445604, galf_TE_A_100_143:0.1209686, galf_TE_A_100_217:0.4304331, galf_TE_A_143:0.2553234, galf_TE_A_143_217:0.7581271, galf_TE_A_217:2.016392
[0 : mcmc] *WARNING* Parameter blocking manually/previously fixed: speeds will not be measured.
[0 : mcmc] Dragging with number of interpolating steps:
[0 : mcmc] *  1 : (['theta_MC_100', 'ombh2', 'omch2', 'w', 'wa', 'beta_DE', 'tau'], ['logA', 'ns'])
[0 : mcmc] * 12 : (['A_planck'], ['calib_100T', 'calib_217T', 'A_cib_217', 'xi_sz_cib', 'A_sz', 'ksz_norm', 'gal545_A_100', 'gal545_A_143', 'gal545_A_143_217', 'gal545_A_217', 'ps_A_100_100', 'ps_A_143_143', 'ps_A_143_217', 'ps_A_217_217', 'galf_TE_A_100', 'galf_TE_A_100_143', 'galf_TE_A_100_217', 'galf_TE_A_143', 'galf_TE_A_143_217', 'galf_TE_A_217'])
[0 : mcmc] Covariance matrix from previous sample.
[0 : mcmc] Sampling!
[2 : mcmc] Progress @ 2025-01-22 13:19:15 : 1 steps taken, and 1641 accepted.
[node141:42163:0:42510] Caught signal 11 (Segmentation fault: address not mapped to object at address 0xfffffffc045a7c78)
BFD: DWARF error: can't find .debug_ranges section.
BFD: DWARF error: can't find .debug_ranges section.
==== backtrace (tid:  42510) ====
 0 0x0000000000021563 ucs_debug_print_backtrace()  /dev/shm/UCX/1.8.0/GCCcore-9.3.0/ucx-1.8.0/src/ucs/debug/debug.c:653
 1 0x0000000000039f63 __massivenu_MOD_thermalnubackground_rho()  ???:0
 2 0x000000000003da49 __results_MOD_grho_no_de()  ???:0
 3 0x00000000000a5f01 dtauda_()  ???:0
 4 0x000000000004cfdc __results_MOD_thermo_init._omp_fn.0()  results.f90:0
 5 0x0000000000018f09 gomp_thread_start()  team.c:0
 6 0x0000000000007ea5 start_thread()  pthread_create.c:0
 7 0x00000000000feb0d __clone()  ???:0
=================================
[node141:42163] *** Process received signal ***
[node141:42163] Signal: Segmentation fault (11)
[node141:42163] Signal code:  (-6)
[node141:42163] Failing at address: 0x8cfb80000a4b3
[node141:42163] [ 0] /lib64/libpthread.so.0(+0xf630)[0x7fd3de012630]
[node141:42163] [ 1] /users/smp24dhl/cosmo/code/CAMB_beta/camb/camblib.so(__massivenu_MOD_thermalnubackground_rho+0x63)[0x7fd3ab8def63]
[node141:42163] [ 2] /users/smp24dhl/cosmo/code/CAMB_beta/camb/camblib.so(__results_MOD_grho_no_de+0xc9)[0x7fd3ab8e2a49]
[node141:42163] [ 3] /users/smp24dhl/cosmo/code/CAMB_beta/camb/camblib.so(dtauda_+0x61)[0x7fd3ab94af01]
[node141:42163] [ 4] /users/smp24dhl/cosmo/code/CAMB_beta/camb/camblib.so(+0x4cfdc)[0x7fd3ab8f1fdc]
[node141:42163] [ 5] /users/smp24dhl/.conda/envs/cosmos/bin/../lib/libgomp.so.1(+0x18f09)[0x7fd3ab87ef09]
[node141:42163] [ 6] /lib64/libpthread.so.0(+0x7ea5)[0x7fd3de00aea5]
[node141:42163] [ 7] /lib64/libc.so.6(clone+0x6d)[0x7fd3dd62ab0d]
[node141:42163] *** End of error message ***
--------------------------------------------------------------------------
Primary job  terminated normally, but 1 process returned
a non-zero exit code. Per user-direction, the job has been aborted.
--------------------------------------------------------------------------
--------------------------------------------------------------------------
mpirun noticed that process rank 1 with PID 42163 on node node141 exited on signal 11 (Segmentation fault).
--------------------------------------------------------------------------
