./chains/ACTWMAPSDSS.1.txt
./chains/ACTWMAPSDSS.2.txt
./chains/ACTWMAPSDSS.3.txt
./chains/ACTWMAPSDSS.4.txt
Removed 0.3 as burn in
R-1 = 0.047451851759021516
H_0 = 67.7^{+1.8}_{-1.5}
w_{0,\mathrm{DE}} = -0.88^{+0.17}_{-0.21}
w_{a,\mathrm{DE}} = -0.7^{+1.1}_{-1.2}
\beta_{\mathrm{DE}} > 2.68
triangle plot saved at ./chains/outputs/ACTWMAPSDSS_triangle.png
parameters saved at ./chains/outputs/ACTWMAPSDSS_parameters.txt
chain not converged
[0 : output] Output to be read-from/written-into folder 'chains', with prefix 'ACTWMAPSDSS'
[0 : output] Found existing info files with the requested output prefix: 'chains/ACTWMAPSDSS'
[0 : output] Let's try to resume/load.
[0 : output] Found an old sample. Resuming.
[0 : camb] `camb` module loaded successfully from /users/smp24dhl/cosmo/code/CAMB_beta/camb
Loading ACT DR6 lensing likelihood v1.2...
Loading ACT DR6 lensing likelihood v1.2...
Loading ACT DR6 lensing likelihood v1.2...
Loading ACT DR6 lensing likelihood v1.2...
/users/smp24dhl/cosmo/code/act_dr6_lenslike/act_dr6_lenslike/act_dr6_lenslike.py:416: UserWarning: Hartlap correction to cinv: 0.9860935524652339
  warnings.warn(f"Hartlap correction to cinv: {hartlap_correction}")
/users/smp24dhl/cosmo/code/act_dr6_lenslike/act_dr6_lenslike/act_dr6_lenslike.py:416: UserWarning: Hartlap correction to cinv: 0.9860935524652339
  warnings.warn(f"Hartlap correction to cinv: {hartlap_correction}")
/users/smp24dhl/cosmo/code/act_dr6_lenslike/act_dr6_lenslike/act_dr6_lenslike.py:416: UserWarning: Hartlap correction to cinv: 0.9860935524652339
  warnings.warn(f"Hartlap correction to cinv: {hartlap_correction}")
/users/smp24dhl/cosmo/code/act_dr6_lenslike/act_dr6_lenslike/act_dr6_lenslike.py:416: UserWarning: Hartlap correction to cinv: 0.9860935524652339
  warnings.warn(f"Hartlap correction to cinv: {hartlap_correction}")
[3 : wmaplike.wmaplike] Loaded SZ.
[1 : wmaplike.wmaplike] Loaded SZ.
[0 : wmaplike.wmaplike] Loaded SZ.
[2 : wmaplike.wmaplike] Loaded SZ.
[3 : wmaplike.wmaplike] First evaluation: Calculating largest term...
[2 : wmaplike.wmaplike] First evaluation: Calculating largest term...
[0 : wmaplike.wmaplike] First evaluation: Calculating largest term...
[1 : wmaplike.wmaplike] First evaluation: Calculating largest term...
[2 : wmaplike.wmaplike] Done finding largest term [-759.901].
[1 : wmaplike.wmaplike] Done finding largest term [-759.901].
[0 : wmaplike.wmaplike] Done finding largest term [-759.901].
[3 : wmaplike.wmaplike] Done finding largest term [-759.901].
[2 : wmaplike.wmaplike] Initialized TT gibbs.
[0 : wmaplike.wmaplike] Initialized TT gibbs.
[1 : wmaplike.wmaplike] Initialized TT gibbs.
[3 : wmaplike.wmaplike] Initialized TT gibbs.
[2 : wmaplike.wmaplike] Initialized high-l TT/TE.
[0 : wmaplike.wmaplike] Initialized high-l TT/TE.
[1 : wmaplike.wmaplike] Initialized high-l TT/TE.
[3 : wmaplike.wmaplike] Initialized high-l TT/TE.
[1 : bao.sdss_dr16_baoplus_lrg] Initialized.
[2 : bao.sdss_dr16_baoplus_lrg] Initialized.
[0 : bao.sdss_dr16_baoplus_lrg] Initialized.
[3 : bao.sdss_dr16_baoplus_lrg] Initialized.
[0 : bao.sdss_dr16_baoplus_qso] Initialized.
[1 : bao.sdss_dr16_baoplus_qso] Initialized.
[2 : bao.sdss_dr16_baoplus_qso] Initialized.
[3 : bao.sdss_dr16_baoplus_qso] Initialized.
[0 : mcmc] Resuming from previous sample!
[2 : samplecollection] Loaded 6444 sample points from 'chains/ACTWMAPSDSS.3.txt'
[0 : samplecollection] Loaded 6371 sample points from 'chains/ACTWMAPSDSS.1.txt'
[1 : samplecollection] Loaded 6625 sample points from 'chains/ACTWMAPSDSS.2.txt'
[3 : samplecollection] Loaded 6592 sample points from 'chains/ACTWMAPSDSS.4.txt'
[2 : mcmc] Initial point: yp2:1.00005, logA:3.057298, ns:0.9744302, theta_MC_100:1.041237, ombh2:0.02265108, omch2:0.1206254, w:-0.9301733, wa:-0.06183457, beta_DE:-3.727466, tau:0.05487616
[1 : mcmc] Initial point: yp2:1.001823, logA:3.047449, ns:0.9776809, theta_MC_100:1.040723, ombh2:0.02233766, omch2:0.1188003, w:-0.8564686, wa:-0.8933198, beta_DE:8.118357, tau:0.05510505
[0 : mcmc] Initial point: yp2:0.9926777, logA:3.090594, ns:0.979022, theta_MC_100:1.041071, ombh2:0.02238085, omch2:0.1190678, w:-0.6826308, wa:-2.546432, beta_DE:7.2628, tau:0.07389031
[3 : mcmc] Initial point: yp2:1.00299, logA:3.069218, ns:0.9740539, theta_MC_100:1.041963, ombh2:0.0223071, omch2:0.1209138, w:-0.8503032, wa:-1.248476, beta_DE:7.702524, tau:0.0628673
[0 : mcmc] *WARNING* Parameter blocking manually/previously fixed: speeds will not be measured.
[0 : mcmc] Dragging with number of interpolating steps:
[0 : mcmc] * 1 : (['theta_MC_100', 'ombh2', 'omch2', 'w', 'wa', 'beta_DE', 'tau'], ['logA', 'ns'])
[0 : mcmc] * 3 : (['yp2'],)
[0 : mcmc] Covariance matrix from previous sample.
[0 : mcmc] Sampling!
[0 : mcmc] Progress @ 2025-02-23 21:49:14 : 1 steps taken, and 6371 accepted.
[2 : mcmc] Progress @ 2025-02-23 21:49:14 : 1 steps taken, and 6444 accepted.
/users/smp24dhl/cosmo/code/pyWMAP/wmaplike/wmap.py:654: RuntimeWarning: invalid value encountered in divide
  fisher = -self.r_off_tttt / np.sqrt(TTTT * TTTT[..., np.newaxis]) + \
/users/smp24dhl/cosmo/code/pyWMAP/wmaplike/wmap.py:655: RuntimeWarning: invalid value encountered in divide
  self.epsilon / (TTTT * TTTT[..., np.newaxis])
/users/smp24dhl/cosmo/code/pyWMAP/wmaplike/wmap.py:749: RuntimeWarning: invalid value encountered in divide
  fisher = -self.r_off_tete / np.sqrt(TETE * TETE[..., np.newaxis])
/users/smp24dhl/cosmo/code/pyWMAP/wmaplike/wmap.py:654: RuntimeWarning: invalid value encountered in divide
  fisher = -self.r_off_tttt / np.sqrt(TTTT * TTTT[..., np.newaxis]) + \
/users/smp24dhl/cosmo/code/pyWMAP/wmaplike/wmap.py:655: RuntimeWarning: invalid value encountered in divide
  self.epsilon / (TTTT * TTTT[..., np.newaxis])
/users/smp24dhl/cosmo/code/pyWMAP/wmaplike/wmap.py:749: RuntimeWarning: invalid value encountered in divide
  fisher = -self.r_off_tete / np.sqrt(TETE * TETE[..., np.newaxis])
/users/smp24dhl/cosmo/code/pyWMAP/wmaplike/wmap.py:654: RuntimeWarning: invalid value encountered in divide
  fisher = -self.r_off_tttt / np.sqrt(TTTT * TTTT[..., np.newaxis]) + \
/users/smp24dhl/cosmo/code/pyWMAP/wmaplike/wmap.py:655: RuntimeWarning: invalid value encountered in divide
  self.epsilon / (TTTT * TTTT[..., np.newaxis])
/users/smp24dhl/cosmo/code/pyWMAP/wmaplike/wmap.py:749: RuntimeWarning: invalid value encountered in divide
  fisher = -self.r_off_tete / np.sqrt(TETE * TETE[..., np.newaxis])
/users/smp24dhl/cosmo/code/pyWMAP/wmaplike/wmap.py:654: RuntimeWarning: invalid value encountered in divide
  fisher = -self.r_off_tttt / np.sqrt(TTTT * TTTT[..., np.newaxis]) + \
/users/smp24dhl/cosmo/code/pyWMAP/wmaplike/wmap.py:655: RuntimeWarning: invalid value encountered in divide
  self.epsilon / (TTTT * TTTT[..., np.newaxis])
/users/smp24dhl/cosmo/code/pyWMAP/wmaplike/wmap.py:749: RuntimeWarning: invalid value encountered in divide
  fisher = -self.r_off_tete / np.sqrt(TETE * TETE[..., np.newaxis])
[1 : mcmc] Progress @ 2025-02-23 21:49:44 : 1 steps taken, and 6625 accepted.
[3 : mcmc] Progress @ 2025-02-23 21:49:45 : 1 steps taken, and 6592 accepted.
[0 : mcmc] Progress @ 2025-02-23 21:50:18 : 7 steps taken, and 6372 accepted.
[2 : mcmc] Progress @ 2025-02-23 21:50:20 : 9 steps taken, and 6444 accepted.
/users/smp24dhl/cosmo/code/pyWMAP/wmaplike/wmap.py:654: RuntimeWarning: invalid value encountered in divide
  fisher = -self.r_off_tttt / np.sqrt(TTTT * TTTT[..., np.newaxis]) + \
/users/smp24dhl/cosmo/code/pyWMAP/wmaplike/wmap.py:655: RuntimeWarning: invalid value encountered in divide
  self.epsilon / (TTTT * TTTT[..., np.newaxis])
/users/smp24dhl/cosmo/code/pyWMAP/wmaplike/wmap.py:749: RuntimeWarning: invalid value encountered in divide
  fisher = -self.r_off_tete / np.sqrt(TETE * TETE[..., np.newaxis])
[1 : mcmc] Progress @ 2025-02-23 21:50:50 : 8 steps taken, and 6627 accepted.
[3 : mcmc] Progress @ 2025-02-23 21:50:51 : 13 steps taken, and 6593 accepted.
/users/smp24dhl/cosmo/code/pyWMAP/wmaplike/wmap.py:654: RuntimeWarning: invalid value encountered in divide
  fisher = -self.r_off_tttt / np.sqrt(TTTT * TTTT[..., np.newaxis]) + \
/users/smp24dhl/cosmo/code/pyWMAP/wmaplike/wmap.py:655: RuntimeWarning: invalid value encountered in divide
  self.epsilon / (TTTT * TTTT[..., np.newaxis])
/users/smp24dhl/cosmo/code/pyWMAP/wmaplike/wmap.py:749: RuntimeWarning: invalid value encountered in divide
  fisher = -self.r_off_tete / np.sqrt(TETE * TETE[..., np.newaxis])
/users/smp24dhl/cosmo/code/pyWMAP/wmaplike/wmap.py:654: RuntimeWarning: invalid value encountered in divide
  fisher = -self.r_off_tttt / np.sqrt(TTTT * TTTT[..., np.newaxis]) + \
/users/smp24dhl/cosmo/code/pyWMAP/wmaplike/wmap.py:655: RuntimeWarning: invalid value encountered in divide
  self.epsilon / (TTTT * TTTT[..., np.newaxis])
/users/smp24dhl/cosmo/code/pyWMAP/wmaplike/wmap.py:749: RuntimeWarning: invalid value encountered in divide
  fisher = -self.r_off_tete / np.sqrt(TETE * TETE[..., np.newaxis])
[2 : mcmc] Progress @ 2025-02-23 21:51:21 : 17 steps taken, and 6444 accepted.
[0 : mcmc] Progress @ 2025-02-23 21:51:28 : 14 steps taken, and 6374 accepted.
/users/smp24dhl/cosmo/code/pyWMAP/wmaplike/wmap.py:654: RuntimeWarning: invalid value encountered in divide
  fisher = -self.r_off_tttt / np.sqrt(TTTT * TTTT[..., np.newaxis]) + \
/users/smp24dhl/cosmo/code/pyWMAP/wmaplike/wmap.py:655: RuntimeWarning: invalid value encountered in divide
  self.epsilon / (TTTT * TTTT[..., np.newaxis])
/users/smp24dhl/cosmo/code/pyWMAP/wmaplike/wmap.py:749: RuntimeWarning: invalid value encountered in divide
  fisher = -self.r_off_tete / np.sqrt(TETE * TETE[..., np.newaxis])
[3 : mcmc] Progress @ 2025-02-23 21:51:58 : 19 steps taken, and 6597 accepted.
[1 : mcmc] Progress @ 2025-02-23 21:52:00 : 21 steps taken, and 6631 accepted.
/users/smp24dhl/cosmo/code/pyWMAP/wmaplike/wmap.py:654: RuntimeWarning: invalid value encountered in divide
  fisher = -self.r_off_tttt / np.sqrt(TTTT * TTTT[..., np.newaxis]) + \
/users/smp24dhl/cosmo/code/pyWMAP/wmaplike/wmap.py:655: RuntimeWarning: invalid value encountered in divide
  self.epsilon / (TTTT * TTTT[..., np.newaxis])
/users/smp24dhl/cosmo/code/pyWMAP/wmaplike/wmap.py:749: RuntimeWarning: invalid value encountered in divide
  fisher = -self.r_off_tete / np.sqrt(TETE * TETE[..., np.newaxis])
/users/smp24dhl/cosmo/code/pyWMAP/wmaplike/wmap.py:654: RuntimeWarning: invalid value encountered in divide
  fisher = -self.r_off_tttt / np.sqrt(TTTT * TTTT[..., np.newaxis]) + \
/users/smp24dhl/cosmo/code/pyWMAP/wmaplike/wmap.py:655: RuntimeWarning: invalid value encountered in divide
  self.epsilon / (TTTT * TTTT[..., np.newaxis])
/users/smp24dhl/cosmo/code/pyWMAP/wmaplike/wmap.py:749: RuntimeWarning: invalid value encountered in divide
  fisher = -self.r_off_tete / np.sqrt(TETE * TETE[..., np.newaxis])
[2 : mcmc] Progress @ 2025-02-23 21:52:30 : 26 steps taken, and 6446 accepted.
[0 : mcmc] Progress @ 2025-02-23 21:52:33 : 26 steps taken, and 6375 accepted.
/users/smp24dhl/cosmo/code/pyWMAP/wmaplike/wmap.py:654: RuntimeWarning: invalid value encountered in divide
  fisher = -self.r_off_tttt / np.sqrt(TTTT * TTTT[..., np.newaxis]) + \
/users/smp24dhl/cosmo/code/pyWMAP/wmaplike/wmap.py:655: RuntimeWarning: invalid value encountered in divide
  self.epsilon / (TTTT * TTTT[..., np.newaxis])
/users/smp24dhl/cosmo/code/pyWMAP/wmaplike/wmap.py:749: RuntimeWarning: invalid value encountered in divide
  fisher = -self.r_off_tete / np.sqrt(TETE * TETE[..., np.newaxis])
/users/smp24dhl/cosmo/code/pyWMAP/wmaplike/wmap.py:654: RuntimeWarning: invalid value encountered in divide
  fisher = -self.r_off_tttt / np.sqrt(TTTT * TTTT[..., np.newaxis]) + \
/users/smp24dhl/cosmo/code/pyWMAP/wmaplike/wmap.py:655: RuntimeWarning: invalid value encountered in divide
  self.epsilon / (TTTT * TTTT[..., np.newaxis])
/users/smp24dhl/cosmo/code/pyWMAP/wmaplike/wmap.py:749: RuntimeWarning: invalid value encountered in divide
  fisher = -self.r_off_tete / np.sqrt(TETE * TETE[..., np.newaxis])
[3 : mcmc] Progress @ 2025-02-23 21:53:00 : 25 steps taken, and 6598 accepted.
[1 : mcmc] Progress @ 2025-02-23 21:53:01 : 26 steps taken, and 6633 accepted.
/users/smp24dhl/cosmo/code/pyWMAP/wmaplike/wmap.py:654: RuntimeWarning: invalid value encountered in divide
  fisher = -self.r_off_tttt / np.sqrt(TTTT * TTTT[..., np.newaxis]) + \
/users/smp24dhl/cosmo/code/pyWMAP/wmaplike/wmap.py:655: RuntimeWarning: invalid value encountered in divide
  self.epsilon / (TTTT * TTTT[..., np.newaxis])
/users/smp24dhl/cosmo/code/pyWMAP/wmaplike/wmap.py:749: RuntimeWarning: invalid value encountered in divide
  fisher = -self.r_off_tete / np.sqrt(TETE * TETE[..., np.newaxis])
/users/smp24dhl/cosmo/code/pyWMAP/wmaplike/wmap.py:654: RuntimeWarning: invalid value encountered in divide
  fisher = -self.r_off_tttt / np.sqrt(TTTT * TTTT[..., np.newaxis]) + \
/users/smp24dhl/cosmo/code/pyWMAP/wmaplike/wmap.py:655: RuntimeWarning: invalid value encountered in divide
  self.epsilon / (TTTT * TTTT[..., np.newaxis])
/users/smp24dhl/cosmo/code/pyWMAP/wmaplike/wmap.py:749: RuntimeWarning: invalid value encountered in divide
  fisher = -self.r_off_tete / np.sqrt(TETE * TETE[..., np.newaxis])
[2 : mcmc] Progress @ 2025-02-23 21:53:31 : 34 steps taken, and 6447 accepted.
[0 : mcmc] Progress @ 2025-02-23 21:53:43 : 40 steps taken, and 6376 accepted.
/users/smp24dhl/cosmo/code/pyWMAP/wmaplike/wmap.py:654: RuntimeWarning: invalid value encountered in divide
  fisher = -self.r_off_tttt / np.sqrt(TTTT * TTTT[..., np.newaxis]) + \
/users/smp24dhl/cosmo/code/pyWMAP/wmaplike/wmap.py:655: RuntimeWarning: invalid value encountered in divide
  self.epsilon / (TTTT * TTTT[..., np.newaxis])
/users/smp24dhl/cosmo/code/pyWMAP/wmaplike/wmap.py:749: RuntimeWarning: invalid value encountered in divide
  fisher = -self.r_off_tete / np.sqrt(TETE * TETE[..., np.newaxis])
/users/smp24dhl/cosmo/code/pyWMAP/wmaplike/wmap.py:654: RuntimeWarning: invalid value encountered in divide
  fisher = -self.r_off_tttt / np.sqrt(TTTT * TTTT[..., np.newaxis]) + \
/users/smp24dhl/cosmo/code/pyWMAP/wmaplike/wmap.py:655: RuntimeWarning: invalid value encountered in divide
  self.epsilon / (TTTT * TTTT[..., np.newaxis])
/users/smp24dhl/cosmo/code/pyWMAP/wmaplike/wmap.py:749: RuntimeWarning: invalid value encountered in divide
  fisher = -self.r_off_tete / np.sqrt(TETE * TETE[..., np.newaxis])
[3 : mcmc] Progress @ 2025-02-23 21:54:06 : 32 steps taken, and 6600 accepted.
[1 : mcmc] Progress @ 2025-02-23 21:54:07 : 32 steps taken, and 6636 accepted.
/users/smp24dhl/cosmo/code/pyWMAP/wmaplike/wmap.py:654: RuntimeWarning: invalid value encountered in divide
  fisher = -self.r_off_tttt / np.sqrt(TTTT * TTTT[..., np.newaxis]) + \
/users/smp24dhl/cosmo/code/pyWMAP/wmaplike/wmap.py:655: RuntimeWarning: invalid value encountered in divide
  self.epsilon / (TTTT * TTTT[..., np.newaxis])
/users/smp24dhl/cosmo/code/pyWMAP/wmaplike/wmap.py:749: RuntimeWarning: invalid value encountered in divide
  fisher = -self.r_off_tete / np.sqrt(TETE * TETE[..., np.newaxis])
/users/smp24dhl/cosmo/code/pyWMAP/wmaplike/wmap.py:654: RuntimeWarning: invalid value encountered in divide
  fisher = -self.r_off_tttt / np.sqrt(TTTT * TTTT[..., np.newaxis]) + \
/users/smp24dhl/cosmo/code/pyWMAP/wmaplike/wmap.py:655: RuntimeWarning: invalid value encountered in divide
  self.epsilon / (TTTT * TTTT[..., np.newaxis])
/users/smp24dhl/cosmo/code/pyWMAP/wmaplike/wmap.py:749: RuntimeWarning: invalid value encountered in divide
  fisher = -self.r_off_tete / np.sqrt(TETE * TETE[..., np.newaxis])
[2 : mcmc] Progress @ 2025-02-23 21:54:40 : 43 steps taken, and 6449 accepted.
[0 : mcmc] Progress @ 2025-02-23 21:54:48 : 50 steps taken, and 6376 accepted.
/users/smp24dhl/cosmo/code/pyWMAP/wmaplike/wmap.py:654: RuntimeWarning: invalid value encountered in divide
  fisher = -self.r_off_tttt / np.sqrt(TTTT * TTTT[..., np.newaxis]) + \
/users/smp24dhl/cosmo/code/pyWMAP/wmaplike/wmap.py:655: RuntimeWarning: invalid value encountered in divide
  self.epsilon / (TTTT * TTTT[..., np.newaxis])
/users/smp24dhl/cosmo/code/pyWMAP/wmaplike/wmap.py:749: RuntimeWarning: invalid value encountered in divide
  fisher = -self.r_off_tete / np.sqrt(TETE * TETE[..., np.newaxis])
[1 : mcmc] Progress @ 2025-02-23 21:55:09 : 40 steps taken, and 6636 accepted.
[3 : mcmc] Progress @ 2025-02-23 21:55:16 : 44 steps taken, and 6603 accepted.
/users/smp24dhl/cosmo/code/pyWMAP/wmaplike/wmap.py:654: RuntimeWarning: invalid value encountered in divide
  fisher = -self.r_off_tttt / np.sqrt(TTTT * TTTT[..., np.newaxis]) + \
/users/smp24dhl/cosmo/code/pyWMAP/wmaplike/wmap.py:655: RuntimeWarning: invalid value encountered in divide
  self.epsilon / (TTTT * TTTT[..., np.newaxis])
/users/smp24dhl/cosmo/code/pyWMAP/wmaplike/wmap.py:749: RuntimeWarning: invalid value encountered in divide
  fisher = -self.r_off_tete / np.sqrt(TETE * TETE[..., np.newaxis])
[2 : mcmc] Progress @ 2025-02-23 21:55:52 : 48 steps taken, and 6450 accepted.
[0 : mcmc] Progress @ 2025-02-23 21:55:54 : 57 steps taken, and 6378 accepted.
/users/smp24dhl/cosmo/code/pyWMAP/wmaplike/wmap.py:654: RuntimeWarning: invalid value encountered in divide
  fisher = -self.r_off_tttt / np.sqrt(TTTT * TTTT[..., np.newaxis]) + \
/users/smp24dhl/cosmo/code/pyWMAP/wmaplike/wmap.py:655: RuntimeWarning: invalid value encountered in divide
  self.epsilon / (TTTT * TTTT[..., np.newaxis])
/users/smp24dhl/cosmo/code/pyWMAP/wmaplike/wmap.py:749: RuntimeWarning: invalid value encountered in divide
  fisher = -self.r_off_tete / np.sqrt(TETE * TETE[..., np.newaxis])
/users/smp24dhl/cosmo/code/pyWMAP/wmaplike/wmap.py:654: RuntimeWarning: invalid value encountered in divide
  fisher = -self.r_off_tttt / np.sqrt(TTTT * TTTT[..., np.newaxis]) + \
/users/smp24dhl/cosmo/code/pyWMAP/wmaplike/wmap.py:655: RuntimeWarning: invalid value encountered in divide
  self.epsilon / (TTTT * TTTT[..., np.newaxis])
/users/smp24dhl/cosmo/code/pyWMAP/wmaplike/wmap.py:749: RuntimeWarning: invalid value encountered in divide
  fisher = -self.r_off_tete / np.sqrt(TETE * TETE[..., np.newaxis])
[1 : mcmc] Progress @ 2025-02-23 21:56:11 : 46 steps taken, and 6637 accepted.
/users/smp24dhl/cosmo/code/pyWMAP/wmaplike/wmap.py:654: RuntimeWarning: invalid value encountered in divide
  fisher = -self.r_off_tttt / np.sqrt(TTTT * TTTT[..., np.newaxis]) + \
/users/smp24dhl/cosmo/code/pyWMAP/wmaplike/wmap.py:655: RuntimeWarning: invalid value encountered in divide
  self.epsilon / (TTTT * TTTT[..., np.newaxis])
/users/smp24dhl/cosmo/code/pyWMAP/wmaplike/wmap.py:749: RuntimeWarning: invalid value encountered in divide
  fisher = -self.r_off_tete / np.sqrt(TETE * TETE[..., np.newaxis])
[3 : mcmc] Progress @ 2025-02-23 21:56:29 : 49 steps taken, and 6606 accepted.
/users/smp24dhl/cosmo/code/pyWMAP/wmaplike/wmap.py:654: RuntimeWarning: invalid value encountered in divide
  fisher = -self.r_off_tttt / np.sqrt(TTTT * TTTT[..., np.newaxis]) + \
/users/smp24dhl/cosmo/code/pyWMAP/wmaplike/wmap.py:655: RuntimeWarning: invalid value encountered in divide
  self.epsilon / (TTTT * TTTT[..., np.newaxis])
/users/smp24dhl/cosmo/code/pyWMAP/wmaplike/wmap.py:749: RuntimeWarning: invalid value encountered in divide
  fisher = -self.r_off_tete / np.sqrt(TETE * TETE[..., np.newaxis])
[0 : mcmc] Progress @ 2025-02-23 21:56:55 : 63 steps taken, and 6379 accepted.
/users/smp24dhl/cosmo/code/pyWMAP/wmaplike/wmap.py:654: RuntimeWarning: invalid value encountered in divide
  fisher = -self.r_off_tttt / np.sqrt(TTTT * TTTT[..., np.newaxis]) + \
/users/smp24dhl/cosmo/code/pyWMAP/wmaplike/wmap.py:655: RuntimeWarning: invalid value encountered in divide
  self.epsilon / (TTTT * TTTT[..., np.newaxis])
/users/smp24dhl/cosmo/code/pyWMAP/wmaplike/wmap.py:749: RuntimeWarning: invalid value encountered in divide
  fisher = -self.r_off_tete / np.sqrt(TETE * TETE[..., np.newaxis])
[2 : mcmc] Progress @ 2025-02-23 21:57:01 : 56 steps taken, and 6453 accepted.
[1 : mcmc] Progress @ 2025-02-23 21:57:12 : 51 steps taken, and 6638 accepted.
/users/smp24dhl/cosmo/code/pyWMAP/wmaplike/wmap.py:654: RuntimeWarning: invalid value encountered in divide
  fisher = -self.r_off_tttt / np.sqrt(TTTT * TTTT[..., np.newaxis]) + \
/users/smp24dhl/cosmo/code/pyWMAP/wmaplike/wmap.py:655: RuntimeWarning: invalid value encountered in divide
  self.epsilon / (TTTT * TTTT[..., np.newaxis])
/users/smp24dhl/cosmo/code/pyWMAP/wmaplike/wmap.py:749: RuntimeWarning: invalid value encountered in divide
  fisher = -self.r_off_tete / np.sqrt(TETE * TETE[..., np.newaxis])
/users/smp24dhl/cosmo/code/pyWMAP/wmaplike/wmap.py:654: RuntimeWarning: invalid value encountered in divide
  fisher = -self.r_off_tttt / np.sqrt(TTTT * TTTT[..., np.newaxis]) + \
/users/smp24dhl/cosmo/code/pyWMAP/wmaplike/wmap.py:655: RuntimeWarning: invalid value encountered in divide
  self.epsilon / (TTTT * TTTT[..., np.newaxis])
/users/smp24dhl/cosmo/code/pyWMAP/wmaplike/wmap.py:749: RuntimeWarning: invalid value encountered in divide
  fisher = -self.r_off_tete / np.sqrt(TETE * TETE[..., np.newaxis])
[3 : mcmc] Progress @ 2025-02-23 21:57:36 : 55 steps taken, and 6608 accepted.
/users/smp24dhl/cosmo/code/pyWMAP/wmaplike/wmap.py:654: RuntimeWarning: invalid value encountered in divide
  fisher = -self.r_off_tttt / np.sqrt(TTTT * TTTT[..., np.newaxis]) + \
/users/smp24dhl/cosmo/code/pyWMAP/wmaplike/wmap.py:655: RuntimeWarning: invalid value encountered in divide
  self.epsilon / (TTTT * TTTT[..., np.newaxis])
/users/smp24dhl/cosmo/code/pyWMAP/wmaplike/wmap.py:749: RuntimeWarning: invalid value encountered in divide
  fisher = -self.r_off_tete / np.sqrt(TETE * TETE[..., np.newaxis])
[0 : mcmc] Progress @ 2025-02-23 21:57:57 : 69 steps taken, and 6382 accepted.
[2 : mcmc] Progress @ 2025-02-23 21:58:02 : 63 steps taken, and 6454 accepted.
/users/smp24dhl/cosmo/code/pyWMAP/wmaplike/wmap.py:654: RuntimeWarning: invalid value encountered in divide
  fisher = -self.r_off_tttt / np.sqrt(TTTT * TTTT[..., np.newaxis]) + \
/users/smp24dhl/cosmo/code/pyWMAP/wmaplike/wmap.py:655: RuntimeWarning: invalid value encountered in divide
  self.epsilon / (TTTT * TTTT[..., np.newaxis])
/users/smp24dhl/cosmo/code/pyWMAP/wmaplike/wmap.py:749: RuntimeWarning: invalid value encountered in divide
  fisher = -self.r_off_tete / np.sqrt(TETE * TETE[..., np.newaxis])
/users/smp24dhl/cosmo/code/pyWMAP/wmaplike/wmap.py:654: RuntimeWarning: invalid value encountered in divide
  fisher = -self.r_off_tttt / np.sqrt(TTTT * TTTT[..., np.newaxis]) + \
/users/smp24dhl/cosmo/code/pyWMAP/wmaplike/wmap.py:655: RuntimeWarning: invalid value encountered in divide
  self.epsilon / (TTTT * TTTT[..., np.newaxis])
/users/smp24dhl/cosmo/code/pyWMAP/wmaplike/wmap.py:749: RuntimeWarning: invalid value encountered in divide
  fisher = -self.r_off_tete / np.sqrt(TETE * TETE[..., np.newaxis])
[1 : mcmc] Progress @ 2025-02-23 21:58:18 : 57 steps taken, and 6639 accepted.
/users/smp24dhl/cosmo/code/pyWMAP/wmaplike/wmap.py:654: RuntimeWarning: invalid value encountered in divide
  fisher = -self.r_off_tttt / np.sqrt(TTTT * TTTT[..., np.newaxis]) + \
/users/smp24dhl/cosmo/code/pyWMAP/wmaplike/wmap.py:655: RuntimeWarning: invalid value encountered in divide
  self.epsilon / (TTTT * TTTT[..., np.newaxis])
/users/smp24dhl/cosmo/code/pyWMAP/wmaplike/wmap.py:749: RuntimeWarning: invalid value encountered in divide
  fisher = -self.r_off_tete / np.sqrt(TETE * TETE[..., np.newaxis])
[3 : mcmc] Progress @ 2025-02-23 21:58:38 : 61 steps taken, and 6612 accepted.
/users/smp24dhl/cosmo/code/pyWMAP/wmaplike/wmap.py:654: RuntimeWarning: invalid value encountered in divide
  fisher = -self.r_off_tttt / np.sqrt(TTTT * TTTT[..., np.newaxis]) + \
/users/smp24dhl/cosmo/code/pyWMAP/wmaplike/wmap.py:655: RuntimeWarning: invalid value encountered in divide
  self.epsilon / (TTTT * TTTT[..., np.newaxis])
/users/smp24dhl/cosmo/code/pyWMAP/wmaplike/wmap.py:749: RuntimeWarning: invalid value encountered in divide
  fisher = -self.r_off_tete / np.sqrt(TETE * TETE[..., np.newaxis])
[2 : mcmc] Progress @ 2025-02-23 21:59:04 : 70 steps taken, and 6458 accepted.
[0 : mcmc] Progress @ 2025-02-23 21:59:07 : 76 steps taken, and 6385 accepted.
/users/smp24dhl/cosmo/code/pyWMAP/wmaplike/wmap.py:654: RuntimeWarning: invalid value encountered in divide
  fisher = -self.r_off_tttt / np.sqrt(TTTT * TTTT[..., np.newaxis]) + \
/users/smp24dhl/cosmo/code/pyWMAP/wmaplike/wmap.py:655: RuntimeWarning: invalid value encountered in divide
  self.epsilon / (TTTT * TTTT[..., np.newaxis])
/users/smp24dhl/cosmo/code/pyWMAP/wmaplike/wmap.py:749: RuntimeWarning: invalid value encountered in divide
  fisher = -self.r_off_tete / np.sqrt(TETE * TETE[..., np.newaxis])
[1 : mcmc] Progress @ 2025-02-23 21:59:21 : 65 steps taken, and 6643 accepted.
/users/smp24dhl/cosmo/code/pyWMAP/wmaplike/wmap.py:654: RuntimeWarning: invalid value encountered in divide
  fisher = -self.r_off_tttt / np.sqrt(TTTT * TTTT[..., np.newaxis]) + \
/users/smp24dhl/cosmo/code/pyWMAP/wmaplike/wmap.py:655: RuntimeWarning: invalid value encountered in divide
  self.epsilon / (TTTT * TTTT[..., np.newaxis])
/users/smp24dhl/cosmo/code/pyWMAP/wmaplike/wmap.py:749: RuntimeWarning: invalid value encountered in divide
  fisher = -self.r_off_tete / np.sqrt(TETE * TETE[..., np.newaxis])
/users/smp24dhl/cosmo/code/pyWMAP/wmaplike/wmap.py:654: RuntimeWarning: invalid value encountered in divide
  fisher = -self.r_off_tttt / np.sqrt(TTTT * TTTT[..., np.newaxis]) + \
/users/smp24dhl/cosmo/code/pyWMAP/wmaplike/wmap.py:655: RuntimeWarning: invalid value encountered in divide
  self.epsilon / (TTTT * TTTT[..., np.newaxis])
/users/smp24dhl/cosmo/code/pyWMAP/wmaplike/wmap.py:749: RuntimeWarning: invalid value encountered in divide
  fisher = -self.r_off_tete / np.sqrt(TETE * TETE[..., np.newaxis])
[3 : mcmc] Progress @ 2025-02-23 21:59:40 : 68 steps taken, and 6612 accepted.
[0 : mcmc] Progress @ 2025-02-23 22:00:09 : 83 steps taken, and 6385 accepted.
[2 : mcmc] Progress @ 2025-02-23 22:00:18 : 84 steps taken, and 6459 accepted.
[1 : mcmc] Progress @ 2025-02-23 22:00:27 : 71 steps taken, and 6645 accepted.
/users/smp24dhl/cosmo/code/pyWMAP/wmaplike/wmap.py:654: RuntimeWarning: invalid value encountered in divide
  fisher = -self.r_off_tttt / np.sqrt(TTTT * TTTT[..., np.newaxis]) + \
/users/smp24dhl/cosmo/code/pyWMAP/wmaplike/wmap.py:655: RuntimeWarning: invalid value encountered in divide
  self.epsilon / (TTTT * TTTT[..., np.newaxis])
/users/smp24dhl/cosmo/code/pyWMAP/wmaplike/wmap.py:749: RuntimeWarning: invalid value encountered in divide
  fisher = -self.r_off_tete / np.sqrt(TETE * TETE[..., np.newaxis])
/users/smp24dhl/cosmo/code/pyWMAP/wmaplike/wmap.py:654: RuntimeWarning: invalid value encountered in divide
  fisher = -self.r_off_tttt / np.sqrt(TTTT * TTTT[..., np.newaxis]) + \
/users/smp24dhl/cosmo/code/pyWMAP/wmaplike/wmap.py:655: RuntimeWarning: invalid value encountered in divide
  self.epsilon / (TTTT * TTTT[..., np.newaxis])
/users/smp24dhl/cosmo/code/pyWMAP/wmaplike/wmap.py:749: RuntimeWarning: invalid value encountered in divide
  fisher = -self.r_off_tete / np.sqrt(TETE * TETE[..., np.newaxis])
[3 : mcmc] Progress @ 2025-02-23 22:00:55 : 76 steps taken, and 6613 accepted.
