[0 : output] Output to be read-from/written-into folder 'chains', with prefix 'noHalo'
[0 : prior] *WARNING* External prior 'SZ' loaded. Mind that it might not be normalized!
[0 : camb] `camb` module loaded successfully from /users/smp24dhl/cosmo/code/CAMB_beta/camb
[0 : planck_2018_highl_plik.ttteee] `clik` module loaded successfully from /users/smp24dhl/cosmo/code/planck/clik/lib/python3.9/site-packages/clik
----
clik version clik_16.0b1-2-g63c889f3aa9c MAKEFILE
  smica
----
clik version clik_16.0b1-2-g63c889f3aa9c MAKEFILE
  smica
----
clik version clik_16.0b1-2-g63c889f3aa9c MAKEFILE
  smica
----
clik version clik_16.0b1-2-g63c889f3aa9c MAKEFILE
  smica
----
clik version clik_16.0b1-2-g63c889f3aa9c MAKEFILE
  smica
----
clik version clik_16.0b1-2-g63c889f3aa9c MAKEFILE
  smica
----
clik version clik_16.0b1-2-g63c889f3aa9c MAKEFILE
  smica
----
clik version clik_16.0b1-2-g63c889f3aa9c MAKEFILE
  smica
Checking likelihood '/users/smp24dhl/cosmo/data/planck_2018/baseline/plc_3.0/hi_l/plik/plik_rd12_HM_v22b_TTTEEE.clik' on test data. got -1172.47 expected -1172.47 (diff -4.34057e-07)
----
Checking likelihood '/users/smp24dhl/cosmo/data/planck_2018/baseline/plc_3.0/hi_l/plik/plik_rd12_HM_v22b_TTTEEE.clik' on test data. got -1172.47 expected -1172.47 (diff -4.34057e-07)
----
Checking likelihood '/users/smp24dhl/cosmo/data/planck_2018/baseline/plc_3.0/hi_l/plik/plik_rd12_HM_v22b_TTTEEE.clik' on test data. got -1172.47 expected -1172.47 (diff -4.34057e-07)
Checking likelihood '/users/smp24dhl/cosmo/data/planck_2018/baseline/plc_3.0/hi_l/plik/plik_rd12_HM_v22b_TTTEEE.clik' on test data. got -1172.47 expected -1172.47 (diff -4.34057e-07)
----
----
Checking likelihood '/users/smp24dhl/cosmo/data/planck_2018/baseline/plc_3.0/hi_l/plik/plik_rd12_HM_v22b_TTTEEE.clik' on test data. got -1172.47 expected -1172.47 (diff -4.34057e-07)
----
Checking likelihood '/users/smp24dhl/cosmo/data/planck_2018/baseline/plc_3.0/hi_l/plik/plik_rd12_HM_v22b_TTTEEE.clik' on test data. got -1172.47 expected -1172.47 (diff -4.34057e-07)
----
Checking likelihood '/users/smp24dhl/cosmo/data/planck_2018/baseline/plc_3.0/hi_l/plik/plik_rd12_HM_v22b_TTTEEE.clik' on test data. got -1172.47 expected -1172.47 (diff -4.34057e-07)
----
Checking likelihood '/users/smp24dhl/cosmo/data/planck_2018/baseline/plc_3.0/hi_l/plik/plik_rd12_HM_v22b_TTTEEE.clik' on test data. got -1172.47 expected -1172.47 (diff -4.34057e-07)
----
[0 : planck_2018_lensing.clik] `clik` module loaded successfully from /users/smp24dhl/cosmo/code/planck/clik/lib/python3.9/site-packages/clik
Checking lensing likelihood '/users/smp24dhl/cosmo/data/planck_2018/baseline/plc_3.0/lensing/smicadx12_Dec5_ftl_mv2_ndclpp_p_teb_consext8.clik_lensing' on test data. got -4.42102
Checking lensing likelihood '/users/smp24dhl/cosmo/data/planck_2018/baseline/plc_3.0/lensing/smicadx12_Dec5_ftl_mv2_ndclpp_p_teb_consext8.clik_lensing' on test data. got -4.42102
Checking lensing likelihood '/users/smp24dhl/cosmo/data/planck_2018/baseline/plc_3.0/lensing/smicadx12_Dec5_ftl_mv2_ndclpp_p_teb_consext8.clik_lensing' on test data. got -4.42102
Checking lensing likelihood '/users/smp24dhl/cosmo/data/planck_2018/baseline/plc_3.0/lensing/smicadx12_Dec5_ftl_mv2_ndclpp_p_teb_consext8.clik_lensing' on test data. got -4.42102
Checking lensing likelihood '/users/smp24dhl/cosmo/data/planck_2018/baseline/plc_3.0/lensing/smicadx12_Dec5_ftl_mv2_ndclpp_p_teb_consext8.clik_lensing' on test data. got -4.42102
Checking lensing likelihood '/users/smp24dhl/cosmo/data/planck_2018/baseline/plc_3.0/lensing/smicadx12_Dec5_ftl_mv2_ndclpp_p_teb_consext8.clik_lensing' on test data. got -4.42102
Checking lensing likelihood '/users/smp24dhl/cosmo/data/planck_2018/baseline/plc_3.0/lensing/smicadx12_Dec5_ftl_mv2_ndclpp_p_teb_consext8.clik_lensing' on test data. got -4.42102
Checking lensing likelihood '/users/smp24dhl/cosmo/data/planck_2018/baseline/plc_3.0/lensing/smicadx12_Dec5_ftl_mv2_ndclpp_p_teb_consext8.clik_lensing' on test data. got -4.42102
[0 : mcmc] Getting initial point... (this may take a few seconds)
[2 : mcmc] Getting initial point... (this may take a few seconds)
[4 : mcmc] Getting initial point... (this may take a few seconds)
[6 : mcmc] Getting initial point... (this may take a few seconds)
[5 : mcmc] Getting initial point... (this may take a few seconds)
[7 : mcmc] Getting initial point... (this may take a few seconds)
[1 : mcmc] Getting initial point... (this may take a few seconds)
[3 : mcmc] Getting initial point... (this may take a few seconds)
[5 : mcmc] Initial point: logA:3.050402, ns:0.9655035, theta_MC_100:1.041754, ombh2:0.02236213, omch2:0.1184123, w:-1.005264, wa:0.01959659, beta_DE:0.9867559, tau:0.0547632, A_planck:0.9963967, calib_100T:0.9981693, calib_217T:0.9981405, A_cib_217:56.91347, xi_sz_cib:0.1265245, A_sz:5.764588, ksz_norm:1.428697, gal545_A_100:6.753449, gal545_A_143:9.971547, gal545_A_143_217:23.88997, gal545_A_217:72.19294, ps_A_100_100:232.7985, ps_A_143_143:67.92376, ps_A_143_217:29.48104, ps_A_217_217:116.4597, galf_TE_A_100:0.08129925, galf_TE_A_100_143:0.1970445, galf_TE_A_100_217:0.4134227, galf_TE_A_143:0.3177678, galf_TE_A_143_217:0.6088586, galf_TE_A_217:2.492835
[2 : mcmc] Initial point: logA:3.050867, ns:0.9683828, theta_MC_100:1.041144, ombh2:0.02234024, omch2:0.1205263, w:-1.003517, wa:-0.02389933, beta_DE:0.9876604, tau:0.0550548, A_planck:1.001187, calib_100T:1.000591, calib_217T:0.9985076, A_cib_217:79.37375, xi_sz_cib:0.01985301, A_sz:5.493355, ksz_norm:1.845894, gal545_A_100:6.093746, gal545_A_143:8.364473, gal545_A_143_217:25.84609, gal545_A_217:76.91632, ps_A_100_100:216.9696, ps_A_143_143:52.58242, ps_A_143_217:29.78544, ps_A_217_217:95.47308, galf_TE_A_100:0.1588848, galf_TE_A_100_143:0.1543172, galf_TE_A_100_217:0.4454467, galf_TE_A_143:0.1418877, galf_TE_A_143_217:0.7419482, galf_TE_A_217:1.831679
[7 : mcmc] Initial point: logA:3.049178, ns:0.965379, theta_MC_100:1.041217, ombh2:0.02232314, omch2:0.1193855, w:-1.006635, wa:0.05799948, beta_DE:1.004024, tau:0.05518235, A_planck:1.000751, calib_100T:0.9999034, calib_217T:0.9980429, A_cib_217:65.61325, xi_sz_cib:0.1305735, A_sz:8.215366, ksz_norm:2.000184, gal545_A_100:5.922021, gal545_A_143:6.03943, gal545_A_143_217:14.49372, gal545_A_217:68.53022, ps_A_100_100:255.0308, ps_A_143_143:41.43672, ps_A_143_217:41.45183, ps_A_217_217:112.3128, galf_TE_A_100:0.1362516, galf_TE_A_100_143:0.009770355, galf_TE_A_100_217:0.4757835, galf_TE_A_143:0.2379671, galf_TE_A_143_217:0.5857248, galf_TE_A_217:2.012006
[0 : mcmc] Initial point: logA:3.050293, ns:0.9586589, theta_MC_100:1.040995, ombh2:0.02233543, omch2:0.1201507, w:-1.027338, wa:-0.002942611, beta_DE:0.9963405, tau:0.05401763, A_planck:0.9979731, calib_100T:1.000151, calib_217T:0.9970487, A_cib_217:65.29899, xi_sz_cib:0.2165061, A_sz:5.343294, ksz_norm:4.930764, gal545_A_100:3.845845, gal545_A_143:8.699235, gal545_A_143_217:20.99201, gal545_A_217:69.71367, ps_A_100_100:226.6201, ps_A_143_143:32.75508, ps_A_143_217:24.8694, ps_A_217_217:95.98335, galf_TE_A_100:0.03046415, galf_TE_A_100_143:0.381014, galf_TE_A_100_217:0.5107841, galf_TE_A_143:0.1625883, galf_TE_A_143_217:0.8636679, galf_TE_A_217:1.676213
[6 : mcmc] Initial point: logA:3.050778, ns:0.9592194, theta_MC_100:1.041115, ombh2:0.02247328, omch2:0.1196848, w:-0.9723835, wa:-0.04654901, beta_DE:0.9969749, tau:0.05478133, A_planck:1.002645, calib_100T:1.000871, calib_217T:0.9967455, A_cib_217:86.39853, xi_sz_cib:0.1910743, A_sz:7.180438, ksz_norm:1.213847, gal545_A_100:5.518112, gal545_A_143:6.933929, gal545_A_143_217:19.04995, gal545_A_217:74.26536, ps_A_100_100:281.4801, ps_A_143_143:53.51907, ps_A_143_217:49.10813, ps_A_217_217:111.0396, galf_TE_A_100:0.1216703, galf_TE_A_100_143:0.2076359, galf_TE_A_100_217:0.5234049, galf_TE_A_143:0.1889486, galf_TE_A_143_217:0.7848624, galf_TE_A_217:1.77466
[4 : mcmc] Initial point: logA:3.049339, ns:0.963593, theta_MC_100:1.041329, ombh2:0.02239892, omch2:0.1192119, w:-0.998339, wa:0.009780487, beta_DE:1.001901, tau:0.05540606, A_planck:1.001294, calib_100T:1.000029, calib_217T:0.9979013, A_cib_217:64.49212, xi_sz_cib:0.03438327, A_sz:6.039144, ksz_norm:0.1270167, gal545_A_100:8.18392, gal545_A_143:7.736855, gal545_A_143_217:20.15297, gal545_A_217:68.4912, ps_A_100_100:228.9134, ps_A_143_143:59.61308, ps_A_143_217:41.27257, ps_A_217_217:93.50225, galf_TE_A_100:0.2829714, galf_TE_A_100_143:0.01387112, galf_TE_A_100_217:0.5019555, galf_TE_A_143:-0.04895114, galf_TE_A_143_217:0.7481532, galf_TE_A_217:1.936747
[3 : mcmc] Initial point: logA:3.049282, ns:0.9670945, theta_MC_100:1.04081, ombh2:0.02225517, omch2:0.1199907, w:-0.9805831, wa:-0.001748511, beta_DE:1.003473, tau:0.05538497, A_planck:0.9939366, calib_100T:0.9998314, calib_217T:0.999671, A_cib_217:71.45252, xi_sz_cib:0.06444057, A_sz:5.576351, ksz_norm:4.746804, gal545_A_100:8.660572, gal545_A_143:9.740558, gal545_A_143_217:22.59639, gal545_A_217:65.32099, ps_A_100_100:282.3145, ps_A_143_143:59.43319, ps_A_143_217:20.53807, ps_A_217_217:94.22598, galf_TE_A_100:0.1283948, galf_TE_A_100_143:-0.00607604, galf_TE_A_100_217:0.5547115, galf_TE_A_143:0.1780635, galf_TE_A_143_217:0.678968, galf_TE_A_217:1.931826
[1 : mcmc] Initial point: logA:3.04997, ns:0.9606375, theta_MC_100:1.041165, ombh2:0.02236375, omch2:0.1188389, w:-0.9687273, wa:-0.04353926, beta_DE:1.006103, tau:0.05503366, A_planck:1.002289, calib_100T:1.000633, calib_217T:0.9983123, A_cib_217:69.12038, xi_sz_cib:0.03078627, A_sz:7.61936, ksz_norm:0.02158621, gal545_A_100:7.5947, gal545_A_143:9.862166, gal545_A_143_217:15.96755, gal545_A_217:78.74354, ps_A_100_100:233.9059, ps_A_143_143:55.52252, ps_A_143_217:48.505, ps_A_217_217:107.8514, galf_TE_A_100:-0.001137159, galf_TE_A_100_143:0.05851027, galf_TE_A_100_217:0.4922841, galf_TE_A_143:0.09412627, galf_TE_A_143_217:0.8018747, galf_TE_A_217:2.339541
[0 : model] Measuring speeds... (this may take a few seconds)
[0 : model] Setting measured speeds (per sec): {planck_2018_highl_plik.TTTEEE: 39.0, planck_2018_lowl.TT: 1820.0, planck_2018_lowl.EE: 9640.0, planck_2018_lensing.clik: 639.0, camb.transfers: 0.49, camb: 1.28}
[0 : mcmc] Dragging with number of interpolating steps:
[0 : mcmc] *  1 : [['theta_MC_100', 'ombh2', 'omch2', 'w', 'wa', 'beta_DE', 'tau'], ['logA', 'ns']]
[0 : mcmc] * 14 : [['A_planck'], ['calib_100T', 'calib_217T', 'A_cib_217', 'xi_sz_cib', 'A_sz', 'ksz_norm', 'gal545_A_100', 'gal545_A_143', 'gal545_A_143_217', 'gal545_A_217', 'ps_A_100_100', 'ps_A_143_143', 'ps_A_143_217', 'ps_A_217_217', 'galf_TE_A_100', 'galf_TE_A_100_143', 'galf_TE_A_100_217', 'galf_TE_A_143', 'galf_TE_A_143_217', 'galf_TE_A_217']]
[0 : autoselect_covmat] No cached covmat database present, not usable or not up-to-date. Will be re-created and cached.
[0 : mcmc] Covariance matrix selected automatically: /users/smp24dhl/cosmo/data/planck_supp_data_and_covmats/covmats/base_w_wa_BAO_TTTEEE_lowE_lowl_plikHM.covmat
[0 : mcmc] Covariance matrix loaded for params ['ombh2', 'omch2', 'theta_MC_100', 'tau', 'w', 'wa', 'logA', 'ns', 'A_planck', 'A_cib_217', 'xi_sz_cib', 'A_sz', 'ps_A_100_100', 'ps_A_143_143', 'ps_A_143_217', 'ps_A_217_217', 'ksz_norm', 'gal545_A_100', 'gal545_A_143', 'gal545_A_143_217', 'gal545_A_217', 'galf_TE_A_100', 'galf_TE_A_100_143', 'galf_TE_A_100_217', 'galf_TE_A_143', 'galf_TE_A_143_217', 'galf_TE_A_217', 'calib_100T', 'calib_217T']
[0 : mcmc] Missing proposal covariance for params ['beta_DE']
[0 : mcmc] Covariance matrix not complete. We will start learning the covariance of the proposal earlier: R-1 = 30 (would be 2 if all params loaded).
[0 : mcmc] Sampling!
[4 : mcmc] Progress @ 2024-12-08 00:38:01 : 1 steps taken, and 0 accepted.
[3 : mcmc] Progress @ 2024-12-08 00:38:01 : 1 steps taken, and 0 accepted.
[1 : mcmc] Progress @ 2024-12-08 00:38:06 : 1 steps taken, and 0 accepted.
[2 : mcmc] Progress @ 2024-12-08 00:38:08 : 1 steps taken, and 0 accepted.
[5 : mcmc] Progress @ 2024-12-08 00:38:08 : 1 steps taken, and 0 accepted.
[7 : mcmc] Progress @ 2024-12-08 00:38:08 : 1 steps taken, and 0 accepted.
[6 : mcmc] Progress @ 2024-12-08 00:38:08 : 1 steps taken, and 0 accepted.
[0 : mcmc] Progress @ 2024-12-08 00:38:08 : 1 steps taken, and 0 accepted.
[3 : mcmc] Progress @ 2024-12-08 00:39:03 : 20 steps taken, and 8 accepted.
[4 : mcmc] Progress @ 2024-12-08 00:39:03 : 21 steps taken, and 11 accepted.
[1 : mcmc] Progress @ 2024-12-08 00:39:06 : 21 steps taken, and 8 accepted.
[0 : mcmc] Progress @ 2024-12-08 00:39:09 : 30 steps taken, and 9 accepted.
[5 : mcmc] Progress @ 2024-12-08 00:39:10 : 25 steps taken, and 7 accepted.
[2 : mcmc] Progress @ 2024-12-08 00:39:10 : 21 steps taken, and 10 accepted.
[6 : mcmc] Progress @ 2024-12-08 00:39:11 : 22 steps taken, and 9 accepted.
[7 : mcmc] Progress @ 2024-12-08 00:39:11 : 22 steps taken, and 8 accepted.
[3 : mcmc] Progress @ 2024-12-08 00:40:05 : 44 steps taken, and 16 accepted.
[4 : mcmc] Progress @ 2024-12-08 00:40:07 : 43 steps taken, and 15 accepted.
[1 : mcmc] Progress @ 2024-12-08 00:40:07 : 41 steps taken, and 15 accepted.
[5 : mcmc] Progress @ 2024-12-08 00:40:10 : 44 steps taken, and 13 accepted.
[0 : mcmc] Progress @ 2024-12-08 00:40:11 : 51 steps taken, and 14 accepted.
[2 : mcmc] Progress @ 2024-12-08 00:40:12 : 39 steps taken, and 17 accepted.
[7 : mcmc] Progress @ 2024-12-08 00:40:13 : 43 steps taken, and 15 accepted.
[6 : mcmc] Progress @ 2024-12-08 00:40:14 : 41 steps taken, and 15 accepted.
[3 : mcmc] Progress @ 2024-12-08 00:41:05 : 70 steps taken, and 23 accepted.
[4 : mcmc] Progress @ 2024-12-08 00:41:07 : 63 steps taken, and 20 accepted.
[1 : mcmc] Progress @ 2024-12-08 00:41:09 : 58 steps taken, and 23 accepted.
[0 : mcmc] Progress @ 2024-12-08 00:41:12 : 74 steps taken, and 25 accepted.
[7 : mcmc] Progress @ 2024-12-08 00:41:13 : 63 steps taken, and 25 accepted.
[5 : mcmc] Progress @ 2024-12-08 00:41:14 : 65 steps taken, and 20 accepted.
[2 : mcmc] Progress @ 2024-12-08 00:41:14 : 60 steps taken, and 25 accepted.
[6 : mcmc] Progress @ 2024-12-08 00:41:15 : 61 steps taken, and 25 accepted.
[4 : mcmc] Progress @ 2024-12-08 00:42:08 : 86 steps taken, and 32 accepted.
[3 : mcmc] Progress @ 2024-12-08 00:42:08 : 91 steps taken, and 34 accepted.
[1 : mcmc] Progress @ 2024-12-08 00:42:10 : 81 steps taken, and 31 accepted.
[0 : mcmc] Progress @ 2024-12-08 00:42:14 : 94 steps taken, and 34 accepted.
[7 : mcmc] Progress @ 2024-12-08 00:42:14 : 84 steps taken, and 38 accepted.
[2 : mcmc] Progress @ 2024-12-08 00:42:15 : 83 steps taken, and 30 accepted.
[6 : mcmc] Progress @ 2024-12-08 00:42:15 : 84 steps taken, and 31 accepted.
[5 : mcmc] Progress @ 2024-12-08 00:42:16 : 88 steps taken, and 31 accepted.
[4 : mcmc] Progress @ 2024-12-08 00:43:10 : 108 steps taken, and 43 accepted.
[3 : mcmc] Progress @ 2024-12-08 00:43:11 : 122 steps taken, and 42 accepted.
[1 : mcmc] Progress @ 2024-12-08 00:43:13 : 100 steps taken, and 38 accepted.
[7 : mcmc] Progress @ 2024-12-08 00:43:14 : 106 steps taken, and 47 accepted.
[5 : mcmc] Progress @ 2024-12-08 00:43:16 : 114 steps taken, and 39 accepted.
[0 : mcmc] Progress @ 2024-12-08 00:43:16 : 121 steps taken, and 43 accepted.
[6 : mcmc] Progress @ 2024-12-08 00:43:18 : 108 steps taken, and 36 accepted.
[2 : mcmc] Progress @ 2024-12-08 00:43:18 : 114 steps taken, and 41 accepted.
[4 : mcmc] Progress @ 2024-12-08 00:44:11 : 126 steps taken, and 51 accepted.
[1 : mcmc] Progress @ 2024-12-08 00:44:13 : 120 steps taken, and 49 accepted.
[3 : mcmc] Progress @ 2024-12-08 00:44:14 : 146 steps taken, and 50 accepted.
[7 : mcmc] Progress @ 2024-12-08 00:44:16 : 131 steps taken, and 56 accepted.
[5 : mcmc] Progress @ 2024-12-08 00:44:17 : 135 steps taken, and 48 accepted.
[0 : mcmc] Progress @ 2024-12-08 00:44:20 : 141 steps taken, and 52 accepted.
[6 : mcmc] Progress @ 2024-12-08 00:44:22 : 136 steps taken, and 45 accepted.
[2 : mcmc] Progress @ 2024-12-08 00:44:22 : 142 steps taken, and 47 accepted.
[4 : mcmc] Progress @ 2024-12-08 00:45:14 : 149 steps taken, and 55 accepted.
[3 : mcmc] Progress @ 2024-12-08 00:45:16 : 178 steps taken, and 58 accepted.
[1 : mcmc] Progress @ 2024-12-08 00:45:17 : 152 steps taken, and 57 accepted.
[7 : mcmc] Progress @ 2024-12-08 00:45:17 : 157 steps taken, and 69 accepted.
[5 : mcmc] Progress @ 2024-12-08 00:45:18 : 162 steps taken, and 61 accepted.
[6 : mcmc] Progress @ 2024-12-08 00:45:22 : 159 steps taken, and 54 accepted.
[0 : mcmc] Progress @ 2024-12-08 00:45:23 : 163 steps taken, and 56 accepted.
[2 : mcmc] Progress @ 2024-12-08 00:45:26 : 163 steps taken, and 56 accepted.
[4 : mcmc] Progress @ 2024-12-08 00:46:15 : 171 steps taken, and 64 accepted.
[1 : mcmc] Progress @ 2024-12-08 00:46:17 : 176 steps taken, and 69 accepted.
[3 : mcmc] Progress @ 2024-12-08 00:46:17 : 208 steps taken, and 72 accepted.
[5 : mcmc] Progress @ 2024-12-08 00:46:18 : 182 steps taken, and 68 accepted.
[7 : mcmc] Progress @ 2024-12-08 00:46:19 : 181 steps taken, and 75 accepted.
[0 : mcmc] Progress @ 2024-12-08 00:46:24 : 187 steps taken, and 60 accepted.
[6 : mcmc] Progress @ 2024-12-08 00:46:25 : 184 steps taken, and 61 accepted.
[2 : mcmc] Progress @ 2024-12-08 00:46:28 : 182 steps taken, and 66 accepted.
[4 : mcmc] Progress @ 2024-12-08 00:47:16 : 192 steps taken, and 71 accepted.
[1 : mcmc] Progress @ 2024-12-08 00:47:19 : 200 steps taken, and 79 accepted.
[3 : mcmc] Progress @ 2024-12-08 00:47:20 : 244 steps taken, and 87 accepted.
[5 : mcmc] Progress @ 2024-12-08 00:47:20 : 203 steps taken, and 77 accepted.
[7 : mcmc] Progress @ 2024-12-08 00:47:22 : 203 steps taken, and 84 accepted.
[0 : mcmc] Progress @ 2024-12-08 00:47:25 : 213 steps taken, and 68 accepted.
[6 : mcmc] Progress @ 2024-12-08 00:47:28 : 212 steps taken, and 69 accepted.
[2 : mcmc] Progress @ 2024-12-08 00:47:31 : 204 steps taken, and 76 accepted.
[4 : mcmc] Progress @ 2024-12-08 00:48:17 : 214 steps taken, and 78 accepted.
[1 : mcmc] Progress @ 2024-12-08 00:48:21 : 218 steps taken, and 87 accepted.
[5 : mcmc] Progress @ 2024-12-08 00:48:21 : 225 steps taken, and 82 accepted.
[7 : mcmc] Progress @ 2024-12-08 00:48:22 : 226 steps taken, and 90 accepted.
[3 : mcmc] Progress @ 2024-12-08 00:48:22 : 266 steps taken, and 96 accepted.
[6 : mcmc] Progress @ 2024-12-08 00:48:28 : 231 steps taken, and 76 accepted.
[0 : mcmc] Progress @ 2024-12-08 00:48:29 : 235 steps taken, and 77 accepted.
[2 : mcmc] Progress @ 2024-12-08 00:48:35 : 225 steps taken, and 84 accepted.
[4 : mcmc] Progress @ 2024-12-08 00:49:18 : 234 steps taken, and 86 accepted.
[5 : mcmc] Progress @ 2024-12-08 00:49:22 : 243 steps taken, and 86 accepted.
[1 : mcmc] Progress @ 2024-12-08 00:49:23 : 238 steps taken, and 98 accepted.
[3 : mcmc] Progress @ 2024-12-08 00:49:23 : 287 steps taken, and 106 accepted.
[7 : mcmc] Progress @ 2024-12-08 00:49:23 : 245 steps taken, and 100 accepted.
[0 : mcmc] Progress @ 2024-12-08 00:49:29 : 253 steps taken, and 84 accepted.
[6 : mcmc] Progress @ 2024-12-08 00:49:29 : 252 steps taken, and 81 accepted.
[2 : mcmc] Progress @ 2024-12-08 00:49:35 : 246 steps taken, and 90 accepted.
[4 : mcmc] Progress @ 2024-12-08 00:50:20 : 256 steps taken, and 92 accepted.
[1 : mcmc] Progress @ 2024-12-08 00:50:23 : 258 steps taken, and 107 accepted.
[5 : mcmc] Progress @ 2024-12-08 00:50:23 : 263 steps taken, and 94 accepted.
[7 : mcmc] Progress @ 2024-12-08 00:50:24 : 272 steps taken, and 109 accepted.
[3 : mcmc] Progress @ 2024-12-08 00:50:25 : 307 steps taken, and 115 accepted.
[6 : mcmc] Progress @ 2024-12-08 00:50:29 : 271 steps taken, and 89 accepted.
[0 : mcmc] Progress @ 2024-12-08 00:50:32 : 274 steps taken, and 91 accepted.
[2 : mcmc] Progress @ 2024-12-08 00:50:36 : 264 steps taken, and 99 accepted.
[4 : mcmc] Progress @ 2024-12-08 00:51:21 : 279 steps taken, and 102 accepted.
[5 : mcmc] Progress @ 2024-12-08 00:51:24 : 283 steps taken, and 104 accepted.
[7 : mcmc] Progress @ 2024-12-08 00:51:24 : 296 steps taken, and 116 accepted.
[1 : mcmc] Progress @ 2024-12-08 00:51:25 : 287 steps taken, and 117 accepted.
[3 : mcmc] Progress @ 2024-12-08 00:51:26 : 345 steps taken, and 122 accepted.
[6 : mcmc] Progress @ 2024-12-08 00:51:29 : 296 steps taken, and 99 accepted.
[0 : mcmc] Progress @ 2024-12-08 00:51:36 : 304 steps taken, and 100 accepted.
[2 : mcmc] Progress @ 2024-12-08 00:51:37 : 291 steps taken, and 112 accepted.
[4 : mcmc] Progress @ 2024-12-08 00:52:24 : 298 steps taken, and 110 accepted.
[5 : mcmc] Progress @ 2024-12-08 00:52:24 : 303 steps taken, and 109 accepted.
[7 : mcmc] Progress @ 2024-12-08 00:52:24 : 318 steps taken, and 126 accepted.
[3 : mcmc] Progress @ 2024-12-08 00:52:26 : 367 steps taken, and 131 accepted.
[1 : mcmc] Progress @ 2024-12-08 00:52:27 : 308 steps taken, and 128 accepted.
[6 : mcmc] Progress @ 2024-12-08 00:52:33 : 319 steps taken, and 110 accepted.
[2 : mcmc] Progress @ 2024-12-08 00:52:37 : 317 steps taken, and 119 accepted.
[0 : mcmc] Progress @ 2024-12-08 00:52:41 : 321 steps taken, and 106 accepted.
[4 : mcmc] Progress @ 2024-12-08 00:53:24 : 318 steps taken, and 119 accepted.
[5 : mcmc] Progress @ 2024-12-08 00:53:27 : 329 steps taken, and 118 accepted.
[7 : mcmc] Progress @ 2024-12-08 00:53:27 : 349 steps taken, and 139 accepted.
[1 : mcmc] Progress @ 2024-12-08 00:53:27 : 329 steps taken, and 136 accepted.
[3 : mcmc] Progress @ 2024-12-08 00:53:29 : 391 steps taken, and 140 accepted.
[6 : mcmc] Progress @ 2024-12-08 00:53:34 : 342 steps taken, and 114 accepted.
[2 : mcmc] Progress @ 2024-12-08 00:53:38 : 345 steps taken, and 128 accepted.
[0 : mcmc] Progress @ 2024-12-08 00:53:44 : 351 steps taken, and 114 accepted.
[4 : mcmc] Progress @ 2024-12-08 00:54:26 : 343 steps taken, and 129 accepted.
[5 : mcmc] Progress @ 2024-12-08 00:54:28 : 351 steps taken, and 126 accepted.
[3 : mcmc] Progress @ 2024-12-08 00:54:30 : 413 steps taken, and 147 accepted.
[7 : mcmc] Progress @ 2024-12-08 00:54:30 : 373 steps taken, and 147 accepted.
[1 : mcmc] Progress @ 2024-12-08 00:54:30 : 350 steps taken, and 144 accepted.
[6 : mcmc] Progress @ 2024-12-08 00:54:37 : 363 steps taken, and 121 accepted.
[2 : mcmc] Progress @ 2024-12-08 00:54:40 : 379 steps taken, and 134 accepted.
[0 : mcmc] Progress @ 2024-12-08 00:54:44 : 381 steps taken, and 120 accepted.
[4 : mcmc] Progress @ 2024-12-08 00:55:27 : 366 steps taken, and 135 accepted.
[5 : mcmc] Progress @ 2024-12-08 00:55:29 : 370 steps taken, and 137 accepted.
[7 : mcmc] Progress @ 2024-12-08 00:55:31 : 392 steps taken, and 156 accepted.
[3 : mcmc] Progress @ 2024-12-08 00:55:31 : 433 steps taken, and 155 accepted.
[1 : mcmc] Progress @ 2024-12-08 00:55:33 : 368 steps taken, and 152 accepted.
[6 : mcmc] Progress @ 2024-12-08 00:55:39 : 381 steps taken, and 127 accepted.
[2 : mcmc] Progress @ 2024-12-08 00:55:43 : 407 steps taken, and 139 accepted.
[0 : mcmc] Progress @ 2024-12-08 00:55:45 : 405 steps taken, and 127 accepted.
[4 : mcmc] Progress @ 2024-12-08 00:56:31 : 397 steps taken, and 140 accepted.
[5 : mcmc] Progress @ 2024-12-08 00:56:31 : 391 steps taken, and 146 accepted.
[3 : mcmc] Progress @ 2024-12-08 00:56:32 : 455 steps taken, and 162 accepted.
[7 : mcmc] Progress @ 2024-12-08 00:56:33 : 416 steps taken, and 162 accepted.
[1 : mcmc] Progress @ 2024-12-08 00:56:35 : 399 steps taken, and 160 accepted.
[6 : mcmc] Progress @ 2024-12-08 00:56:41 : 399 steps taken, and 139 accepted.
[2 : mcmc] Progress @ 2024-12-08 00:56:44 : 426 steps taken, and 146 accepted.
[0 : mcmc] Progress @ 2024-12-08 00:56:47 : 427 steps taken, and 136 accepted.
[3 : mcmc] Progress @ 2024-12-08 00:57:32 : 472 steps taken, and 167 accepted.
[5 : mcmc] Progress @ 2024-12-08 00:57:33 : 412 steps taken, and 158 accepted.
[4 : mcmc] Progress @ 2024-12-08 00:57:34 : 418 steps taken, and 146 accepted.
[1 : mcmc] Progress @ 2024-12-08 00:57:36 : 425 steps taken, and 172 accepted.
[7 : mcmc] Progress @ 2024-12-08 00:57:36 : 436 steps taken, and 167 accepted.
[6 : mcmc] Progress @ 2024-12-08 00:57:43 : 419 steps taken, and 142 accepted.
[2 : mcmc] Progress @ 2024-12-08 00:57:47 : 445 steps taken, and 153 accepted.
[0 : mcmc] Progress @ 2024-12-08 00:57:50 : 447 steps taken, and 145 accepted.
[3 : mcmc] Progress @ 2024-12-08 00:58:33 : 491 steps taken, and 174 accepted.
[4 : mcmc] Progress @ 2024-12-08 00:58:35 : 438 steps taken, and 155 accepted.
[1 : mcmc] Progress @ 2024-12-08 00:58:36 : 454 steps taken, and 182 accepted.
[5 : mcmc] Progress @ 2024-12-08 00:58:36 : 433 steps taken, and 163 accepted.
[7 : mcmc] Progress @ 2024-12-08 00:58:40 : 459 steps taken, and 177 accepted.
[6 : mcmc] Progress @ 2024-12-08 00:58:46 : 439 steps taken, and 153 accepted.
[2 : mcmc] Progress @ 2024-12-08 00:58:51 : 472 steps taken, and 165 accepted.
[0 : mcmc] Progress @ 2024-12-08 00:58:51 : 468 steps taken, and 151 accepted.
[4 : mcmc] Progress @ 2024-12-08 00:59:35 : 465 steps taken, and 163 accepted.
[3 : mcmc] Progress @ 2024-12-08 00:59:36 : 512 steps taken, and 185 accepted.
[1 : mcmc] Progress @ 2024-12-08 00:59:37 : 475 steps taken, and 192 accepted.
[5 : mcmc] Progress @ 2024-12-08 00:59:40 : 453 steps taken, and 169 accepted.
[7 : mcmc] Progress @ 2024-12-08 00:59:41 : 481 steps taken, and 185 accepted.
[6 : mcmc] Progress @ 2024-12-08 00:59:46 : 456 steps taken, and 157 accepted.
[2 : mcmc] Progress @ 2024-12-08 00:59:51 : 494 steps taken, and 175 accepted.
[0 : mcmc] Progress @ 2024-12-08 00:59:52 : 487 steps taken, and 161 accepted.
[1 : mcmc] Progress @ 2024-12-08 01:00:38 : 493 steps taken, and 197 accepted.
[4 : mcmc] Progress @ 2024-12-08 01:00:38 : 490 steps taken, and 173 accepted.
[3 : mcmc] Progress @ 2024-12-08 01:00:38 : 532 steps taken, and 200 accepted.
[5 : mcmc] Progress @ 2024-12-08 01:00:40 : 473 steps taken, and 183 accepted.
[7 : mcmc] Progress @ 2024-12-08 01:00:44 : 503 steps taken, and 197 accepted.
[6 : mcmc] Progress @ 2024-12-08 01:00:48 : 477 steps taken, and 167 accepted.
[0 : mcmc] Progress @ 2024-12-08 01:00:52 : 508 steps taken, and 167 accepted.
[2 : mcmc] Progress @ 2024-12-08 01:00:54 : 512 steps taken, and 185 accepted.
[3 : mcmc] Progress @ 2024-12-08 01:01:39 : 552 steps taken, and 212 accepted.
[4 : mcmc] Progress @ 2024-12-08 01:01:39 : 512 steps taken, and 181 accepted.
[1 : mcmc] Progress @ 2024-12-08 01:01:41 : 514 steps taken, and 211 accepted.
[5 : mcmc] Progress @ 2024-12-08 01:01:42 : 499 steps taken, and 189 accepted.
[7 : mcmc] Progress @ 2024-12-08 01:01:46 : 527 steps taken, and 205 accepted.
[6 : mcmc] Progress @ 2024-12-08 01:01:49 : 498 steps taken, and 174 accepted.
[2 : mcmc] Progress @ 2024-12-08 01:01:55 : 533 steps taken, and 193 accepted.
[0 : mcmc] Progress @ 2024-12-08 01:01:55 : 525 steps taken, and 170 accepted.
[3 : mcmc] Progress @ 2024-12-08 01:02:40 : 571 steps taken, and 218 accepted.
[1 : mcmc] Progress @ 2024-12-08 01:02:41 : 533 steps taken, and 216 accepted.
[4 : mcmc] Progress @ 2024-12-08 01:02:42 : 543 steps taken, and 191 accepted.
[5 : mcmc] Progress @ 2024-12-08 01:02:44 : 527 steps taken, and 203 accepted.
[7 : mcmc] Progress @ 2024-12-08 01:02:48 : 548 steps taken, and 217 accepted.
[6 : mcmc] Progress @ 2024-12-08 01:02:52 : 521 steps taken, and 180 accepted.
[0 : mcmc] Progress @ 2024-12-08 01:02:56 : 549 steps taken, and 179 accepted.
[2 : mcmc] Progress @ 2024-12-08 01:02:58 : 553 steps taken, and 201 accepted.
[4 : mcmc] Progress @ 2024-12-08 01:03:42 : 563 steps taken, and 199 accepted.
[1 : mcmc] Progress @ 2024-12-08 01:03:42 : 554 steps taken, and 222 accepted.
[3 : mcmc] Progress @ 2024-12-08 01:03:43 : 594 steps taken, and 228 accepted.
[5 : mcmc] Progress @ 2024-12-08 01:03:45 : 547 steps taken, and 213 accepted.
[7 : mcmc] Progress @ 2024-12-08 01:03:51 : 567 steps taken, and 227 accepted.
[6 : mcmc] Progress @ 2024-12-08 01:03:54 : 542 steps taken, and 186 accepted.
[0 : mcmc] Progress @ 2024-12-08 01:03:57 : 571 steps taken, and 185 accepted.
[2 : mcmc] Progress @ 2024-12-08 01:04:00 : 573 steps taken, and 214 accepted.
[4 : mcmc] Progress @ 2024-12-08 01:04:43 : 584 steps taken, and 209 accepted.
[3 : mcmc] Progress @ 2024-12-08 01:04:45 : 626 steps taken, and 237 accepted.
[1 : mcmc] Progress @ 2024-12-08 01:04:45 : 581 steps taken, and 227 accepted.
[5 : mcmc] Progress @ 2024-12-08 01:04:47 : 574 steps taken, and 228 accepted.
[7 : mcmc] Progress @ 2024-12-08 01:04:53 : 591 steps taken, and 235 accepted.
[6 : mcmc] Progress @ 2024-12-08 01:04:57 : 562 steps taken, and 192 accepted.
[0 : mcmc] Progress @ 2024-12-08 01:04:57 : 590 steps taken, and 195 accepted.
[2 : mcmc] Progress @ 2024-12-08 01:05:04 : 599 steps taken, and 223 accepted.
[4 : mcmc] Progress @ 2024-12-08 01:05:44 : 605 steps taken, and 216 accepted.
[3 : mcmc] Progress @ 2024-12-08 01:05:46 : 654 steps taken, and 244 accepted.
[1 : mcmc] Progress @ 2024-12-08 01:05:46 : 609 steps taken, and 238 accepted.
[5 : mcmc] Progress @ 2024-12-08 01:05:51 : 595 steps taken, and 238 accepted.
[7 : mcmc] Progress @ 2024-12-08 01:05:56 : 611 steps taken, and 244 accepted.
[6 : mcmc] Progress @ 2024-12-08 01:05:58 : 580 steps taken, and 202 accepted.
[0 : mcmc] Progress @ 2024-12-08 01:06:00 : 610 steps taken, and 206 accepted.
[2 : mcmc] Progress @ 2024-12-08 01:06:06 : 620 steps taken, and 231 accepted.
[4 : mcmc] Progress @ 2024-12-08 01:06:46 : 627 steps taken, and 221 accepted.
[1 : mcmc] Progress @ 2024-12-08 01:06:46 : 629 steps taken, and 246 accepted.
[3 : mcmc] Progress @ 2024-12-08 01:06:48 : 673 steps taken, and 251 accepted.
[5 : mcmc] Progress @ 2024-12-08 01:06:53 : 617 steps taken, and 249 accepted.
[7 : mcmc] Progress @ 2024-12-08 01:06:57 : 634 steps taken, and 255 accepted.
[0 : mcmc] Progress @ 2024-12-08 01:07:00 : 634 steps taken, and 211 accepted.
[6 : mcmc] Progress @ 2024-12-08 01:07:01 : 601 steps taken, and 210 accepted.
[2 : mcmc] Progress @ 2024-12-08 01:07:06 : 641 steps taken, and 240 accepted.
[1 : mcmc] Progress @ 2024-12-08 01:07:46 : 650 steps taken, and 252 accepted.
[4 : mcmc] Progress @ 2024-12-08 01:07:47 : 648 steps taken, and 230 accepted.
[3 : mcmc] Progress @ 2024-12-08 01:07:50 : 692 steps taken, and 258 accepted.
[5 : mcmc] Progress @ 2024-12-08 01:07:54 : 639 steps taken, and 258 accepted.
[7 : mcmc] Progress @ 2024-12-08 01:07:57 : 653 steps taken, and 264 accepted.
[0 : mcmc] Progress @ 2024-12-08 01:08:01 : 658 steps taken, and 221 accepted.
[6 : mcmc] Progress @ 2024-12-08 01:08:02 : 623 steps taken, and 220 accepted.
[2 : mcmc] Progress @ 2024-12-08 01:08:09 : 664 steps taken, and 250 accepted.
[4 : mcmc] Progress @ 2024-12-08 01:08:48 : 671 steps taken, and 240 accepted.
[1 : mcmc] Progress @ 2024-12-08 01:08:50 : 675 steps taken, and 261 accepted.
[3 : mcmc] Progress @ 2024-12-08 01:08:51 : 712 steps taken, and 262 accepted.
[5 : mcmc] Progress @ 2024-12-08 01:08:57 : 661 steps taken, and 264 accepted.
[7 : mcmc] Progress @ 2024-12-08 01:08:59 : 688 steps taken, and 276 accepted.
[0 : mcmc] Progress @ 2024-12-08 01:09:04 : 677 steps taken, and 229 accepted.
[6 : mcmc] Progress @ 2024-12-08 01:09:06 : 645 steps taken, and 226 accepted.
[2 : mcmc] Progress @ 2024-12-08 01:09:11 : 689 steps taken, and 261 accepted.
[4 : mcmc] Progress @ 2024-12-08 01:09:51 : 691 steps taken, and 247 accepted.
[3 : mcmc] Progress @ 2024-12-08 01:09:53 : 732 steps taken, and 270 accepted.
[1 : mcmc] Progress @ 2024-12-08 01:09:53 : 696 steps taken, and 271 accepted.
[5 : mcmc] Progress @ 2024-12-08 01:09:59 : 680 steps taken, and 268 accepted.
[7 : mcmc] Progress @ 2024-12-08 01:10:01 : 708 steps taken, and 284 accepted.
[0 : mcmc] Progress @ 2024-12-08 01:10:05 : 695 steps taken, and 236 accepted.
[6 : mcmc] Progress @ 2024-12-08 01:10:08 : 664 steps taken, and 232 accepted.
[2 : mcmc] Progress @ 2024-12-08 01:10:14 : 713 steps taken, and 273 accepted.
[1 : mcmc] Progress @ 2024-12-08 01:10:54 : 715 steps taken, and 279 accepted.
[3 : mcmc] Progress @ 2024-12-08 01:10:54 : 753 steps taken, and 276 accepted.
[4 : mcmc] Progress @ 2024-12-08 01:10:54 : 710 steps taken, and 257 accepted.
[5 : mcmc] Progress @ 2024-12-08 01:11:00 : 710 steps taken, and 279 accepted.
[7 : mcmc] Progress @ 2024-12-08 01:11:04 : 733 steps taken, and 292 accepted.
[0 : mcmc] Progress @ 2024-12-08 01:11:07 : 714 steps taken, and 241 accepted.
[6 : mcmc] Progress @ 2024-12-08 01:11:09 : 686 steps taken, and 239 accepted.
[2 : mcmc] Progress @ 2024-12-08 01:11:16 : 733 steps taken, and 282 accepted.
[3 : mcmc] Progress @ 2024-12-08 01:11:54 : 771 steps taken, and 284 accepted.
[4 : mcmc] Progress @ 2024-12-08 01:11:54 : 734 steps taken, and 264 accepted.
[1 : mcmc] Progress @ 2024-12-08 01:11:56 : 737 steps taken, and 288 accepted.
[5 : mcmc] Progress @ 2024-12-08 01:12:04 : 738 steps taken, and 289 accepted.
[7 : mcmc] Progress @ 2024-12-08 01:12:06 : 755 steps taken, and 300 accepted.
[0 : mcmc] Progress @ 2024-12-08 01:12:08 : 734 steps taken, and 252 accepted.
[6 : mcmc] Progress @ 2024-12-08 01:12:11 : 710 steps taken, and 247 accepted.
[2 : mcmc] Progress @ 2024-12-08 01:12:17 : 755 steps taken, and 296 accepted.
[4 : mcmc] Progress @ 2024-12-08 01:12:55 : 759 steps taken, and 275 accepted.
[3 : mcmc] Progress @ 2024-12-08 01:12:56 : 794 steps taken, and 292 accepted.
[1 : mcmc] Progress @ 2024-12-08 01:12:58 : 758 steps taken, and 298 accepted.
[5 : mcmc] Progress @ 2024-12-08 01:13:04 : 767 steps taken, and 296 accepted.
[7 : mcmc] Progress @ 2024-12-08 01:13:07 : 781 steps taken, and 311 accepted.
[6 : mcmc] Progress @ 2024-12-08 01:13:12 : 740 steps taken, and 253 accepted.
[0 : mcmc] Progress @ 2024-12-08 01:13:12 : 752 steps taken, and 263 accepted.
[2 : mcmc] Progress @ 2024-12-08 01:13:17 : 778 steps taken, and 304 accepted.
[4 : mcmc] Progress @ 2024-12-08 01:13:56 : 785 steps taken, and 282 accepted.
[3 : mcmc] Progress @ 2024-12-08 01:13:57 : 828 steps taken, and 298 accepted.
[1 : mcmc] Progress @ 2024-12-08 01:14:01 : 780 steps taken, and 307 accepted.
[5 : mcmc] Progress @ 2024-12-08 01:14:07 : 792 steps taken, and 305 accepted.
[7 : mcmc] Progress @ 2024-12-08 01:14:08 : 800 steps taken, and 324 accepted.
[0 : mcmc] Progress @ 2024-12-08 01:14:12 : 773 steps taken, and 272 accepted.
[6 : mcmc] Progress @ 2024-12-08 01:14:14 : 765 steps taken, and 265 accepted.
[2 : mcmc] Progress @ 2024-12-08 01:14:19 : 807 steps taken, and 315 accepted.
[4 : mcmc] Progress @ 2024-12-08 01:14:57 : 807 steps taken, and 291 accepted.
[3 : mcmc] Progress @ 2024-12-08 01:15:00 : 848 steps taken, and 305 accepted.
[1 : mcmc] Progress @ 2024-12-08 01:15:01 : 803 steps taken, and 317 accepted.
[7 : mcmc] Progress @ 2024-12-08 01:15:09 : 822 steps taken, and 331 accepted.
[5 : mcmc] Progress @ 2024-12-08 01:15:10 : 816 steps taken, and 314 accepted.
[0 : mcmc] Progress @ 2024-12-08 01:15:16 : 791 steps taken, and 283 accepted.
[6 : mcmc] Progress @ 2024-12-08 01:15:17 : 787 steps taken, and 275 accepted.
[2 : mcmc] Progress @ 2024-12-08 01:15:19 : 827 steps taken, and 323 accepted.
[4 : mcmc] Progress @ 2024-12-08 01:15:59 : 830 steps taken, and 298 accepted.
[3 : mcmc] Progress @ 2024-12-08 01:16:01 : 872 steps taken, and 313 accepted.
[1 : mcmc] Progress @ 2024-12-08 01:16:03 : 826 steps taken, and 323 accepted.
[5 : mcmc] Progress @ 2024-12-08 01:16:12 : 845 steps taken, and 324 accepted.
[7 : mcmc] Progress @ 2024-12-08 01:16:12 : 842 steps taken, and 338 accepted.
[6 : mcmc] Progress @ 2024-12-08 01:16:19 : 810 steps taken, and 284 accepted.
[0 : mcmc] Progress @ 2024-12-08 01:16:19 : 810 steps taken, and 296 accepted.
[2 : mcmc] Progress @ 2024-12-08 01:16:22 : 852 steps taken, and 332 accepted.
[4 : mcmc] Progress @ 2024-12-08 01:16:59 : 853 steps taken, and 307 accepted.
[3 : mcmc] Progress @ 2024-12-08 01:17:02 : 891 steps taken, and 318 accepted.
[1 : mcmc] Progress @ 2024-12-08 01:17:06 : 849 steps taken, and 332 accepted.
[7 : mcmc] Progress @ 2024-12-08 01:17:14 : 866 steps taken, and 346 accepted.
[5 : mcmc] Progress @ 2024-12-08 01:17:15 : 873 steps taken, and 336 accepted.
[0 : mcmc] Progress @ 2024-12-08 01:17:20 : 829 steps taken, and 300 accepted.
[6 : mcmc] Progress @ 2024-12-08 01:17:21 : 831 steps taken, and 292 accepted.
[2 : mcmc] Progress @ 2024-12-08 01:17:24 : 880 steps taken, and 342 accepted.
[4 : mcmc] Progress @ 2024-12-08 01:18:00 : 875 steps taken, and 313 accepted.
[3 : mcmc] Progress @ 2024-12-08 01:18:06 : 910 steps taken, and 324 accepted.
[1 : mcmc] Progress @ 2024-12-08 01:18:07 : 872 steps taken, and 340 accepted.
[5 : mcmc] Progress @ 2024-12-08 01:18:15 : 906 steps taken, and 348 accepted.
[7 : mcmc] Progress @ 2024-12-08 01:18:15 : 888 steps taken, and 354 accepted.
[0 : mcmc] Progress @ 2024-12-08 01:18:22 : 853 steps taken, and 306 accepted.
[6 : mcmc] Progress @ 2024-12-08 01:18:23 : 859 steps taken, and 302 accepted.
[2 : mcmc] Progress @ 2024-12-08 01:18:25 : 905 steps taken, and 348 accepted.
[7 : mcmc] Learn + convergence test @ 360 samples accepted.
[7 : mcmc] Ready to check convergence and learn a new proposal covmat (waiting for the rest...)
[4 : mcmc] Progress @ 2024-12-08 01:19:01 : 895 steps taken, and 322 accepted.
[3 : mcmc] Progress @ 2024-12-08 01:19:07 : 931 steps taken, and 331 accepted.
[1 : mcmc] Progress @ 2024-12-08 01:19:09 : 892 steps taken, and 348 accepted.
[7 : mcmc] Progress @ 2024-12-08 01:19:15 : 914 steps taken, and 364 accepted.
[5 : mcmc] Progress @ 2024-12-08 01:19:17 : 929 steps taken, and 357 accepted.
[0 : mcmc] Progress @ 2024-12-08 01:19:25 : 874 steps taken, and 319 accepted.
[6 : mcmc] Progress @ 2024-12-08 01:19:26 : 886 steps taken, and 308 accepted.
[2 : mcmc] Progress @ 2024-12-08 01:19:26 : 925 steps taken, and 353 accepted.
[5 : mcmc] Learn + convergence test @ 360 samples accepted.
[5 : mcmc] Ready to check convergence and learn a new proposal covmat (waiting for the rest...)
[4 : mcmc] Progress @ 2024-12-08 01:20:04 : 916 steps taken, and 326 accepted.
[3 : mcmc] Progress @ 2024-12-08 01:20:11 : 956 steps taken, and 340 accepted.
[1 : mcmc] Progress @ 2024-12-08 01:20:12 : 914 steps taken, and 353 accepted.
[7 : mcmc] Progress @ 2024-12-08 01:20:18 : 934 steps taken, and 373 accepted.
[5 : mcmc] Progress @ 2024-12-08 01:20:19 : 951 steps taken, and 368 accepted.
[0 : mcmc] Progress @ 2024-12-08 01:20:27 : 893 steps taken, and 328 accepted.
[2 : mcmc] Progress @ 2024-12-08 01:20:27 : 944 steps taken, and 358 accepted.
[6 : mcmc] Progress @ 2024-12-08 01:20:29 : 907 steps taken, and 320 accepted.
[1 : mcmc] Learn + convergence test @ 360 samples accepted.
[1 : mcmc] Ready to check convergence and learn a new proposal covmat (waiting for the rest...)
[2 : mcmc] Learn + convergence test @ 360 samples accepted.
[2 : mcmc] Ready to check convergence and learn a new proposal covmat (waiting for the rest...)
[4 : mcmc] Progress @ 2024-12-08 01:21:04 : 936 steps taken, and 332 accepted.
[1 : mcmc] Progress @ 2024-12-08 01:21:12 : 937 steps taken, and 364 accepted.
[3 : mcmc] Progress @ 2024-12-08 01:21:14 : 975 steps taken, and 347 accepted.
[7 : mcmc] Progress @ 2024-12-08 01:21:20 : 958 steps taken, and 382 accepted.
[5 : mcmc] Progress @ 2024-12-08 01:21:20 : 971 steps taken, and 380 accepted.
[0 : mcmc] Progress @ 2024-12-08 01:21:30 : 921 steps taken, and 336 accepted.
[2 : mcmc] Progress @ 2024-12-08 01:21:30 : 970 steps taken, and 365 accepted.
[6 : mcmc] Progress @ 2024-12-08 01:21:31 : 933 steps taken, and 327 accepted.
[4 : mcmc] Progress @ 2024-12-08 01:22:06 : 956 steps taken, and 340 accepted.
[1 : mcmc] Progress @ 2024-12-08 01:22:15 : 958 steps taken, and 375 accepted.
[3 : mcmc] Progress @ 2024-12-08 01:22:16 : 994 steps taken, and 355 accepted.
[7 : mcmc] Progress @ 2024-12-08 01:22:23 : 984 steps taken, and 392 accepted.
[5 : mcmc] Progress @ 2024-12-08 01:22:24 : 994 steps taken, and 391 accepted.
[0 : mcmc] Progress @ 2024-12-08 01:22:31 : 939 steps taken, and 343 accepted.
[6 : mcmc] Progress @ 2024-12-08 01:22:33 : 956 steps taken, and 338 accepted.
[2 : mcmc] Progress @ 2024-12-08 01:22:33 : 1007 steps taken, and 374 accepted.
[3 : mcmc] Learn + convergence test @ 360 samples accepted.
[3 : mcmc] Ready to check convergence and learn a new proposal covmat (waiting for the rest...)
[4 : mcmc] Progress @ 2024-12-08 01:23:07 : 977 steps taken, and 347 accepted.
[1 : mcmc] Progress @ 2024-12-08 01:23:15 : 980 steps taken, and 383 accepted.
[3 : mcmc] Progress @ 2024-12-08 01:23:18 : 1012 steps taken, and 361 accepted.
[5 : mcmc] Progress @ 2024-12-08 01:23:24 : 1017 steps taken, and 403 accepted.
[7 : mcmc] Progress @ 2024-12-08 01:23:26 : 1018 steps taken, and 398 accepted.
[0 : mcmc] Progress @ 2024-12-08 01:23:32 : 958 steps taken, and 350 accepted.
[6 : mcmc] Progress @ 2024-12-08 01:23:34 : 978 steps taken, and 344 accepted.
[2 : mcmc] Progress @ 2024-12-08 01:23:35 : 1045 steps taken, and 383 accepted.
[4 : mcmc] Learn + convergence test @ 360 samples accepted.
[4 : mcmc] Ready to check convergence and learn a new proposal covmat (waiting for the rest...)
[4 : mcmc] Progress @ 2024-12-08 01:24:10 : 998 steps taken, and 360 accepted.
[1 : mcmc] Progress @ 2024-12-08 01:24:18 : 1004 steps taken, and 390 accepted.
[3 : mcmc] Progress @ 2024-12-08 01:24:19 : 1041 steps taken, and 367 accepted.
[5 : mcmc] Progress @ 2024-12-08 01:24:26 : 1042 steps taken, and 416 accepted.
[7 : mcmc] Progress @ 2024-12-08 01:24:27 : 1037 steps taken, and 409 accepted.
[0 : mcmc] Progress @ 2024-12-08 01:24:34 : 979 steps taken, and 357 accepted.
[2 : mcmc] Progress @ 2024-12-08 01:24:36 : 1071 steps taken, and 393 accepted.
[6 : mcmc] Progress @ 2024-12-08 01:24:36 : 1011 steps taken, and 353 accepted.
[0 : mcmc] Learn + convergence test @ 360 samples accepted.
[0 : mcmc] Ready to check convergence and learn a new proposal covmat (waiting for the rest...)
[4 : mcmc] Progress @ 2024-12-08 01:25:13 : 1022 steps taken, and 367 accepted.
[1 : mcmc] Progress @ 2024-12-08 01:25:19 : 1030 steps taken, and 396 accepted.
[3 : mcmc] Progress @ 2024-12-08 01:25:23 : 1062 steps taken, and 372 accepted.
[5 : mcmc] Progress @ 2024-12-08 01:25:27 : 1071 steps taken, and 428 accepted.
[7 : mcmc] Progress @ 2024-12-08 01:25:29 : 1058 steps taken, and 419 accepted.
[6 : mcmc] Progress @ 2024-12-08 01:25:37 : 1033 steps taken, and 358 accepted.
[0 : mcmc] Progress @ 2024-12-08 01:25:37 : 998 steps taken, and 365 accepted.
[2 : mcmc] Progress @ 2024-12-08 01:25:39 : 1094 steps taken, and 401 accepted.
[6 : mcmc] Learn + convergence test @ 360 samples accepted.
[6 : mcmc] Ready to check convergence and learn a new proposal covmat (waiting for the rest...)
[0 : mcmc] All chains are ready to check convergence and learn a new proposal covmat
[0 : mcmc]  - Acceptance rate: 0.378 = avg([0.4191343963553531, 0.3694852941176471, 0.3686131386861314, 0.3381294964028777, 0.3695652173913043, 0.4098671726755218, 0.3488372093023256, 0.3951310861423221])
[0 : mcmc]  - Convergence of means: R-1 = 7.976485 after 3136 accepted steps = sum([367, 402, 403, 376, 374, 432, 360, 422])
[0 : mcmc]  - Updated covariance matrix of proposal pdf.
[4 : mcmc] Progress @ 2024-12-08 01:26:13 : 1038 steps taken, and 376 accepted.
[1 : mcmc] Progress @ 2024-12-08 01:26:21 : 1046 steps taken, and 403 accepted.
[3 : mcmc] Progress @ 2024-12-08 01:26:25 : 1083 steps taken, and 378 accepted.
[5 : mcmc] Progress @ 2024-12-08 01:26:29 : 1093 steps taken, and 438 accepted.
[7 : mcmc] Progress @ 2024-12-08 01:26:31 : 1084 steps taken, and 425 accepted.
[6 : mcmc] Progress @ 2024-12-08 01:26:38 : 1050 steps taken, and 364 accepted.
[0 : mcmc] Progress @ 2024-12-08 01:26:39 : 1014 steps taken, and 371 accepted.
[2 : mcmc] Progress @ 2024-12-08 01:26:40 : 1114 steps taken, and 405 accepted.
[4 : mcmc] Progress @ 2024-12-08 01:27:15 : 1074 steps taken, and 387 accepted.
[1 : mcmc] Progress @ 2024-12-08 01:27:21 : 1081 steps taken, and 412 accepted.
[3 : mcmc] Progress @ 2024-12-08 01:27:25 : 1106 steps taken, and 387 accepted.
[5 : mcmc] Progress @ 2024-12-08 01:27:31 : 1118 steps taken, and 447 accepted.
[7 : mcmc] Progress @ 2024-12-08 01:27:34 : 1104 steps taken, and 433 accepted.
[6 : mcmc] Progress @ 2024-12-08 01:27:39 : 1073 steps taken, and 374 accepted.
[0 : mcmc] Progress @ 2024-12-08 01:27:41 : 1035 steps taken, and 381 accepted.
[2 : mcmc] Progress @ 2024-12-08 01:27:43 : 1140 steps taken, and 412 accepted.
[4 : mcmc] Progress @ 2024-12-08 01:28:18 : 1108 steps taken, and 397 accepted.
[1 : mcmc] Progress @ 2024-12-08 01:28:24 : 1105 steps taken, and 420 accepted.
[3 : mcmc] Progress @ 2024-12-08 01:28:28 : 1127 steps taken, and 398 accepted.
[5 : mcmc] Progress @ 2024-12-08 01:28:34 : 1141 steps taken, and 454 accepted.
[7 : mcmc] Progress @ 2024-12-08 01:28:34 : 1121 steps taken, and 442 accepted.
[6 : mcmc] Progress @ 2024-12-08 01:28:42 : 1101 steps taken, and 379 accepted.
[0 : mcmc] Progress @ 2024-12-08 01:28:43 : 1058 steps taken, and 389 accepted.
[2 : mcmc] Progress @ 2024-12-08 01:28:45 : 1160 steps taken, and 422 accepted.
[4 : mcmc] Progress @ 2024-12-08 01:29:19 : 1135 steps taken, and 406 accepted.
[1 : mcmc] Progress @ 2024-12-08 01:29:24 : 1141 steps taken, and 428 accepted.
[3 : mcmc] Progress @ 2024-12-08 01:29:29 : 1145 steps taken, and 408 accepted.
[5 : mcmc] Progress @ 2024-12-08 01:29:35 : 1164 steps taken, and 465 accepted.
[7 : mcmc] Progress @ 2024-12-08 01:29:38 : 1144 steps taken, and 450 accepted.
[0 : mcmc] Progress @ 2024-12-08 01:29:43 : 1083 steps taken, and 397 accepted.
[6 : mcmc] Progress @ 2024-12-08 01:29:44 : 1136 steps taken, and 388 accepted.
[2 : mcmc] Progress @ 2024-12-08 01:29:46 : 1182 steps taken, and 430 accepted.
[4 : mcmc] Progress @ 2024-12-08 01:30:20 : 1159 steps taken, and 412 accepted.
[1 : mcmc] Progress @ 2024-12-08 01:30:26 : 1167 steps taken, and 436 accepted.
[3 : mcmc] Progress @ 2024-12-08 01:30:31 : 1171 steps taken, and 414 accepted.
[5 : mcmc] Progress @ 2024-12-08 01:30:36 : 1191 steps taken, and 472 accepted.
[7 : mcmc] Progress @ 2024-12-08 01:30:39 : 1169 steps taken, and 462 accepted.
[6 : mcmc] Progress @ 2024-12-08 01:30:44 : 1159 steps taken, and 400 accepted.
[0 : mcmc] Progress @ 2024-12-08 01:30:45 : 1115 steps taken, and 404 accepted.
[2 : mcmc] Progress @ 2024-12-08 01:30:49 : 1207 steps taken, and 442 accepted.
[4 : mcmc] Progress @ 2024-12-08 01:31:20 : 1178 steps taken, and 421 accepted.
[1 : mcmc] Progress @ 2024-12-08 01:31:26 : 1196 steps taken, and 444 accepted.
[3 : mcmc] Progress @ 2024-12-08 01:31:32 : 1202 steps taken, and 426 accepted.
[5 : mcmc] Progress @ 2024-12-08 01:31:38 : 1220 steps taken, and 486 accepted.
[7 : mcmc] Progress @ 2024-12-08 01:31:39 : 1188 steps taken, and 470 accepted.
[6 : mcmc] Progress @ 2024-12-08 01:31:44 : 1197 steps taken, and 411 accepted.
[0 : mcmc] Progress @ 2024-12-08 01:31:47 : 1150 steps taken, and 413 accepted.
 Warning: Integrate_Romberg failed to converge; 
 integral, error, tol:   13446.617358987607       -1.1577703307175113E-007   1.0000000000000001E-007
[2 : mcmc] Progress @ 2024-12-08 01:31:51 : 1237 steps taken, and 454 accepted.
[4 : mcmc] Progress @ 2024-12-08 01:32:22 : 1196 steps taken, and 427 accepted.
[1 : mcmc] Progress @ 2024-12-08 01:32:30 : 1218 steps taken, and 455 accepted.
[3 : mcmc] Progress @ 2024-12-08 01:32:33 : 1225 steps taken, and 434 accepted.
[5 : mcmc] Progress @ 2024-12-08 01:32:41 : 1240 steps taken, and 493 accepted.
[7 : mcmc] Progress @ 2024-12-08 01:32:41 : 1209 steps taken, and 482 accepted.
[6 : mcmc] Progress @ 2024-12-08 01:32:45 : 1217 steps taken, and 420 accepted.
[0 : mcmc] Progress @ 2024-12-08 01:32:47 : 1170 steps taken, and 424 accepted.
[2 : mcmc] Progress @ 2024-12-08 01:32:54 : 1264 steps taken, and 465 accepted.
[4 : mcmc] Progress @ 2024-12-08 01:33:23 : 1223 steps taken, and 435 accepted.
[1 : mcmc] Progress @ 2024-12-08 01:33:31 : 1243 steps taken, and 464 accepted.
[3 : mcmc] Progress @ 2024-12-08 01:33:34 : 1245 steps taken, and 446 accepted.
[5 : mcmc] Progress @ 2024-12-08 01:33:42 : 1264 steps taken, and 500 accepted.
[7 : mcmc] Progress @ 2024-12-08 01:33:43 : 1229 steps taken, and 493 accepted.
[6 : mcmc] Progress @ 2024-12-08 01:33:45 : 1245 steps taken, and 431 accepted.
[0 : mcmc] Progress @ 2024-12-08 01:33:51 : 1202 steps taken, and 432 accepted.
[2 : mcmc] Progress @ 2024-12-08 01:33:55 : 1287 steps taken, and 472 accepted.
[4 : mcmc] Progress @ 2024-12-08 01:34:26 : 1246 steps taken, and 444 accepted.
[1 : mcmc] Progress @ 2024-12-08 01:34:32 : 1275 steps taken, and 474 accepted.
[3 : mcmc] Progress @ 2024-12-08 01:34:34 : 1268 steps taken, and 454 accepted.
[5 : mcmc] Progress @ 2024-12-08 01:34:43 : 1286 steps taken, and 507 accepted.
[7 : mcmc] Progress @ 2024-12-08 01:34:43 : 1255 steps taken, and 503 accepted.
[6 : mcmc] Progress @ 2024-12-08 01:34:48 : 1286 steps taken, and 443 accepted.
[0 : mcmc] Progress @ 2024-12-08 01:34:52 : 1233 steps taken, and 444 accepted.
[2 : mcmc] Progress @ 2024-12-08 01:34:56 : 1307 steps taken, and 482 accepted.
[4 : mcmc] Progress @ 2024-12-08 01:35:26 : 1270 steps taken, and 452 accepted.
[1 : mcmc] Progress @ 2024-12-08 01:35:36 : 1303 steps taken, and 490 accepted.
[3 : mcmc] Progress @ 2024-12-08 01:35:38 : 1294 steps taken, and 461 accepted.
[7 : mcmc] Progress @ 2024-12-08 01:35:44 : 1286 steps taken, and 513 accepted.
[5 : mcmc] Progress @ 2024-12-08 01:35:44 : 1306 steps taken, and 512 accepted.
[6 : mcmc] Progress @ 2024-12-08 01:35:50 : 1315 steps taken, and 452 accepted.
[0 : mcmc] Progress @ 2024-12-08 01:35:53 : 1261 steps taken, and 454 accepted.
[2 : mcmc] Progress @ 2024-12-08 01:35:56 : 1341 steps taken, and 491 accepted.
[4 : mcmc] Progress @ 2024-12-08 01:36:27 : 1303 steps taken, and 464 accepted.
[3 : mcmc] Progress @ 2024-12-08 01:36:38 : 1315 steps taken, and 468 accepted.
[1 : mcmc] Progress @ 2024-12-08 01:36:40 : 1330 steps taken, and 500 accepted.
[5 : mcmc] Progress @ 2024-12-08 01:36:45 : 1333 steps taken, and 521 accepted.
[7 : mcmc] Progress @ 2024-12-08 01:36:46 : 1319 steps taken, and 523 accepted.
[6 : mcmc] Progress @ 2024-12-08 01:36:53 : 1342 steps taken, and 460 accepted.
[0 : mcmc] Progress @ 2024-12-08 01:36:54 : 1291 steps taken, and 465 accepted.
[2 : mcmc] Progress @ 2024-12-08 01:36:59 : 1369 steps taken, and 500 accepted.
[4 : mcmc] Progress @ 2024-12-08 01:37:27 : 1329 steps taken, and 472 accepted.
[3 : mcmc] Progress @ 2024-12-08 01:37:39 : 1347 steps taken, and 479 accepted.
[1 : mcmc] Progress @ 2024-12-08 01:37:42 : 1350 steps taken, and 511 accepted.
[5 : mcmc] Progress @ 2024-12-08 01:37:47 : 1369 steps taken, and 533 accepted.
[7 : mcmc] Progress @ 2024-12-08 01:37:47 : 1346 steps taken, and 535 accepted.
[6 : mcmc] Progress @ 2024-12-08 01:37:56 : 1361 steps taken, and 465 accepted.
[0 : mcmc] Progress @ 2024-12-08 01:37:58 : 1321 steps taken, and 476 accepted.
[2 : mcmc] Progress @ 2024-12-08 01:37:59 : 1394 steps taken, and 509 accepted.
[4 : mcmc] Progress @ 2024-12-08 01:38:28 : 1359 steps taken, and 482 accepted.
[3 : mcmc] Progress @ 2024-12-08 01:38:41 : 1390 steps taken, and 487 accepted.
[1 : mcmc] Progress @ 2024-12-08 01:38:43 : 1371 steps taken, and 523 accepted.
[7 : mcmc] Progress @ 2024-12-08 01:38:47 : 1378 steps taken, and 542 accepted.
[5 : mcmc] Progress @ 2024-12-08 01:38:48 : 1397 steps taken, and 541 accepted.
[6 : mcmc] Progress @ 2024-12-08 01:38:58 : 1384 steps taken, and 472 accepted.
[0 : mcmc] Progress @ 2024-12-08 01:39:00 : 1346 steps taken, and 489 accepted.
[2 : mcmc] Progress @ 2024-12-08 01:39:00 : 1420 steps taken, and 514 accepted.
[4 : mcmc] Progress @ 2024-12-08 01:39:30 : 1380 steps taken, and 495 accepted.
[3 : mcmc] Progress @ 2024-12-08 01:39:42 : 1413 steps taken, and 496 accepted.
[1 : mcmc] Progress @ 2024-12-08 01:39:44 : 1396 steps taken, and 530 accepted.
[7 : mcmc] Progress @ 2024-12-08 01:39:48 : 1403 steps taken, and 554 accepted.
[5 : mcmc] Progress @ 2024-12-08 01:39:49 : 1428 steps taken, and 551 accepted.
[6 : mcmc] Progress @ 2024-12-08 01:39:59 : 1408 steps taken, and 481 accepted.
[2 : mcmc] Progress @ 2024-12-08 01:40:01 : 1442 steps taken, and 521 accepted.
[0 : mcmc] Progress @ 2024-12-08 01:40:01 : 1370 steps taken, and 499 accepted.
[4 : mcmc] Progress @ 2024-12-08 01:40:32 : 1406 steps taken, and 506 accepted.
[3 : mcmc] Progress @ 2024-12-08 01:40:43 : 1439 steps taken, and 505 accepted.
[1 : mcmc] Progress @ 2024-12-08 01:40:46 : 1429 steps taken, and 536 accepted.
[7 : mcmc] Progress @ 2024-12-08 01:40:49 : 1427 steps taken, and 561 accepted.
[5 : mcmc] Progress @ 2024-12-08 01:40:51 : 1452 steps taken, and 560 accepted.
[6 : mcmc] Progress @ 2024-12-08 01:40:59 : 1429 steps taken, and 493 accepted.
[2 : mcmc] Progress @ 2024-12-08 01:41:01 : 1459 steps taken, and 529 accepted.
[0 : mcmc] Progress @ 2024-12-08 01:41:03 : 1388 steps taken, and 508 accepted.
[4 : mcmc] Progress @ 2024-12-08 01:41:32 : 1429 steps taken, and 515 accepted.
[3 : mcmc] Progress @ 2024-12-08 01:41:44 : 1478 steps taken, and 517 accepted.
[1 : mcmc] Progress @ 2024-12-08 01:41:49 : 1467 steps taken, and 547 accepted.
[7 : mcmc] Progress @ 2024-12-08 01:41:49 : 1448 steps taken, and 572 accepted.
[5 : mcmc] Progress @ 2024-12-08 01:41:54 : 1486 steps taken, and 574 accepted.
[6 : mcmc] Progress @ 2024-12-08 01:41:59 : 1448 steps taken, and 501 accepted.
[2 : mcmc] Progress @ 2024-12-08 01:42:03 : 1481 steps taken, and 537 accepted.
[0 : mcmc] Progress @ 2024-12-08 01:42:05 : 1413 steps taken, and 514 accepted.
[4 : mcmc] Progress @ 2024-12-08 01:42:35 : 1459 steps taken, and 524 accepted.
[3 : mcmc] Progress @ 2024-12-08 01:42:44 : 1501 steps taken, and 527 accepted.
[7 : mcmc] Progress @ 2024-12-08 01:42:50 : 1482 steps taken, and 582 accepted.
[1 : mcmc] Progress @ 2024-12-08 01:42:52 : 1499 steps taken, and 557 accepted.
[5 : mcmc] Progress @ 2024-12-08 01:42:54 : 1515 steps taken, and 580 accepted.
[6 : mcmc] Progress @ 2024-12-08 01:43:00 : 1484 steps taken, and 513 accepted.
[2 : mcmc] Progress @ 2024-12-08 01:43:03 : 1511 steps taken, and 546 accepted.
[0 : mcmc] Progress @ 2024-12-08 01:43:09 : 1436 steps taken, and 523 accepted.
[4 : mcmc] Progress @ 2024-12-08 01:43:36 : 1515 steps taken, and 534 accepted.
[3 : mcmc] Progress @ 2024-12-08 01:43:48 : 1524 steps taken, and 541 accepted.
[7 : mcmc] Progress @ 2024-12-08 01:43:52 : 1521 steps taken, and 586 accepted.
[5 : mcmc] Progress @ 2024-12-08 01:43:54 : 1547 steps taken, and 590 accepted.
[1 : mcmc] Progress @ 2024-12-08 01:43:55 : 1525 steps taken, and 566 accepted.
[6 : mcmc] Progress @ 2024-12-08 01:44:00 : 1510 steps taken, and 520 accepted.
[2 : mcmc] Progress @ 2024-12-08 01:44:04 : 1534 steps taken, and 552 accepted.
[0 : mcmc] Progress @ 2024-12-08 01:44:10 : 1459 steps taken, and 530 accepted.
[4 : mcmc] Progress @ 2024-12-08 01:44:38 : 1549 steps taken, and 547 accepted.
[3 : mcmc] Progress @ 2024-12-08 01:44:50 : 1551 steps taken, and 550 accepted.
[7 : mcmc] Progress @ 2024-12-08 01:44:53 : 1541 steps taken, and 591 accepted.
[5 : mcmc] Progress @ 2024-12-08 01:44:55 : 1567 steps taken, and 600 accepted.
[1 : mcmc] Progress @ 2024-12-08 01:44:58 : 1549 steps taken, and 577 accepted.
[6 : mcmc] Progress @ 2024-12-08 01:45:00 : 1539 steps taken, and 530 accepted.
[2 : mcmc] Progress @ 2024-12-08 01:45:07 : 1553 steps taken, and 559 accepted.
[0 : mcmc] Progress @ 2024-12-08 01:45:11 : 1483 steps taken, and 538 accepted.
[4 : mcmc] Progress @ 2024-12-08 01:45:39 : 1577 steps taken, and 559 accepted.
[3 : mcmc] Progress @ 2024-12-08 01:45:53 : 1579 steps taken, and 560 accepted.
[7 : mcmc] Progress @ 2024-12-08 01:45:54 : 1574 steps taken, and 603 accepted.
[5 : mcmc] Progress @ 2024-12-08 01:45:58 : 1590 steps taken, and 611 accepted.
[1 : mcmc] Progress @ 2024-12-08 01:46:00 : 1569 steps taken, and 580 accepted.
[6 : mcmc] Progress @ 2024-12-08 01:46:01 : 1573 steps taken, and 539 accepted.
[2 : mcmc] Progress @ 2024-12-08 01:46:09 : 1580 steps taken, and 571 accepted.
[0 : mcmc] Progress @ 2024-12-08 01:46:12 : 1509 steps taken, and 548 accepted.
[4 : mcmc] Progress @ 2024-12-08 01:46:41 : 1612 steps taken, and 569 accepted.
[3 : mcmc] Progress @ 2024-12-08 01:46:55 : 1604 steps taken, and 569 accepted.
[7 : mcmc] Progress @ 2024-12-08 01:46:55 : 1599 steps taken, and 609 accepted.
[5 : mcmc] Progress @ 2024-12-08 01:46:59 : 1612 steps taken, and 619 accepted.
[1 : mcmc] Progress @ 2024-12-08 01:47:01 : 1590 steps taken, and 586 accepted.
[6 : mcmc] Progress @ 2024-12-08 01:47:04 : 1596 steps taken, and 550 accepted.
[2 : mcmc] Progress @ 2024-12-08 01:47:11 : 1606 steps taken, and 581 accepted.
[0 : mcmc] Progress @ 2024-12-08 01:47:14 : 1534 steps taken, and 557 accepted.
[4 : mcmc] Progress @ 2024-12-08 01:47:43 : 1639 steps taken, and 583 accepted.
[3 : mcmc] Progress @ 2024-12-08 01:47:56 : 1625 steps taken, and 575 accepted.
[7 : mcmc] Progress @ 2024-12-08 01:47:57 : 1621 steps taken, and 617 accepted.
[5 : mcmc] Progress @ 2024-12-08 01:48:00 : 1635 steps taken, and 629 accepted.
[1 : mcmc] Progress @ 2024-12-08 01:48:01 : 1612 steps taken, and 595 accepted.
[6 : mcmc] Progress @ 2024-12-08 01:48:08 : 1621 steps taken, and 560 accepted.
[2 : mcmc] Progress @ 2024-12-08 01:48:11 : 1628 steps taken, and 589 accepted.
[0 : mcmc] Progress @ 2024-12-08 01:48:16 : 1569 steps taken, and 564 accepted.
[4 : mcmc] Progress @ 2024-12-08 01:48:46 : 1661 steps taken, and 595 accepted.
[7 : mcmc] Progress @ 2024-12-08 01:48:58 : 1644 steps taken, and 625 accepted.
[3 : mcmc] Progress @ 2024-12-08 01:49:00 : 1653 steps taken, and 585 accepted.
[5 : mcmc] Progress @ 2024-12-08 01:49:04 : 1658 steps taken, and 635 accepted.
[1 : mcmc] Progress @ 2024-12-08 01:49:05 : 1642 steps taken, and 603 accepted.
[6 : mcmc] Progress @ 2024-12-08 01:49:09 : 1652 steps taken, and 568 accepted.
[2 : mcmc] Progress @ 2024-12-08 01:49:13 : 1648 steps taken, and 601 accepted.
[0 : mcmc] Progress @ 2024-12-08 01:49:17 : 1615 steps taken, and 576 accepted.
[4 : mcmc] Progress @ 2024-12-08 01:49:47 : 1680 steps taken, and 603 accepted.
[7 : mcmc] Progress @ 2024-12-08 01:50:00 : 1668 steps taken, and 635 accepted.
[3 : mcmc] Progress @ 2024-12-08 01:50:00 : 1672 steps taken, and 591 accepted.
[5 : mcmc] Progress @ 2024-12-08 01:50:04 : 1679 steps taken, and 640 accepted.
[1 : mcmc] Progress @ 2024-12-08 01:50:07 : 1670 steps taken, and 612 accepted.
[6 : mcmc] Progress @ 2024-12-08 01:50:12 : 1673 steps taken, and 577 accepted.
[2 : mcmc] Progress @ 2024-12-08 01:50:17 : 1680 steps taken, and 611 accepted.
[0 : mcmc] Progress @ 2024-12-08 01:50:20 : 1650 steps taken, and 587 accepted.
[4 : mcmc] Progress @ 2024-12-08 01:50:48 : 1703 steps taken, and 612 accepted.
[7 : mcmc] Progress @ 2024-12-08 01:51:00 : 1688 steps taken, and 647 accepted.
[3 : mcmc] Progress @ 2024-12-08 01:51:01 : 1694 steps taken, and 603 accepted.
[5 : mcmc] Progress @ 2024-12-08 01:51:05 : 1701 steps taken, and 646 accepted.
[1 : mcmc] Progress @ 2024-12-08 01:51:08 : 1691 steps taken, and 620 accepted.
[6 : mcmc] Progress @ 2024-12-08 01:51:14 : 1704 steps taken, and 585 accepted.
[2 : mcmc] Progress @ 2024-12-08 01:51:19 : 1703 steps taken, and 621 accepted.
[0 : mcmc] Progress @ 2024-12-08 01:51:22 : 1671 steps taken, and 596 accepted.
[4 : mcmc] Progress @ 2024-12-08 01:51:51 : 1730 steps taken, and 623 accepted.
[7 : mcmc] Progress @ 2024-12-08 01:52:03 : 1719 steps taken, and 658 accepted.
[3 : mcmc] Progress @ 2024-12-08 01:52:05 : 1715 steps taken, and 616 accepted.
[5 : mcmc] Progress @ 2024-12-08 01:52:09 : 1724 steps taken, and 655 accepted.
[1 : mcmc] Progress @ 2024-12-08 01:52:10 : 1711 steps taken, and 627 accepted.
[6 : mcmc] Progress @ 2024-12-08 01:52:15 : 1725 steps taken, and 595 accepted.
[2 : mcmc] Progress @ 2024-12-08 01:52:20 : 1727 steps taken, and 629 accepted.
[0 : mcmc] Progress @ 2024-12-08 01:52:22 : 1694 steps taken, and 600 accepted.
[4 : mcmc] Progress @ 2024-12-08 01:52:54 : 1753 steps taken, and 635 accepted.
[7 : mcmc] Progress @ 2024-12-08 01:53:04 : 1741 steps taken, and 671 accepted.
[3 : mcmc] Progress @ 2024-12-08 01:53:06 : 1740 steps taken, and 623 accepted.
[5 : mcmc] Progress @ 2024-12-08 01:53:12 : 1754 steps taken, and 666 accepted.
 Warning: Integrate_Romberg failed to converge; 
 integral, error, tol:   12073.191339370018       -1.2189380305116515E-007   1.0000000000000001E-007
[1 : mcmc] Progress @ 2024-12-08 01:53:13 : 1740 steps taken, and 638 accepted.
[6 : mcmc] Progress @ 2024-12-08 01:53:16 : 1751 steps taken, and 600 accepted.
[2 : mcmc] Progress @ 2024-12-08 01:53:20 : 1750 steps taken, and 641 accepted.
[0 : mcmc] Progress @ 2024-12-08 01:53:23 : 1714 steps taken, and 602 accepted.
[4 : mcmc] Progress @ 2024-12-08 01:53:57 : 1774 steps taken, and 642 accepted.
[7 : mcmc] Progress @ 2024-12-08 01:54:04 : 1769 steps taken, and 683 accepted.
[3 : mcmc] Progress @ 2024-12-08 01:54:08 : 1768 steps taken, and 628 accepted.
[1 : mcmc] Progress @ 2024-12-08 01:54:14 : 1764 steps taken, and 646 accepted.
[5 : mcmc] Progress @ 2024-12-08 01:54:14 : 1777 steps taken, and 671 accepted.
[6 : mcmc] Progress @ 2024-12-08 01:54:16 : 1775 steps taken, and 609 accepted.
[2 : mcmc] Progress @ 2024-12-08 01:54:21 : 1775 steps taken, and 650 accepted.
[0 : mcmc] Progress @ 2024-12-08 01:54:26 : 1734 steps taken, and 613 accepted.
 Warning: Integrate_Romberg failed to converge; 
 integral, error, tol:   13690.292203264175       -1.0660701410536433E-007   1.0000000000000001E-007
[4 : mcmc] Progress @ 2024-12-08 01:54:59 : 1795 steps taken, and 652 accepted.
[7 : mcmc] Progress @ 2024-12-08 01:55:05 : 1791 steps taken, and 691 accepted.
[3 : mcmc] Progress @ 2024-12-08 01:55:11 : 1790 steps taken, and 634 accepted.
[5 : mcmc] Progress @ 2024-12-08 01:55:15 : 1800 steps taken, and 680 accepted.
[1 : mcmc] Progress @ 2024-12-08 01:55:15 : 1786 steps taken, and 654 accepted.
[6 : mcmc] Progress @ 2024-12-08 01:55:17 : 1803 steps taken, and 620 accepted.
[2 : mcmc] Progress @ 2024-12-08 01:55:22 : 1800 steps taken, and 658 accepted.
[0 : mcmc] Progress @ 2024-12-08 01:55:27 : 1770 steps taken, and 621 accepted.
[4 : mcmc] Progress @ 2024-12-08 01:56:02 : 1822 steps taken, and 662 accepted.
[7 : mcmc] Progress @ 2024-12-08 01:56:07 : 1817 steps taken, and 702 accepted.
[3 : mcmc] Progress @ 2024-12-08 01:56:12 : 1817 steps taken, and 643 accepted.
[1 : mcmc] Progress @ 2024-12-08 01:56:15 : 1811 steps taken, and 665 accepted.
[5 : mcmc] Progress @ 2024-12-08 01:56:16 : 1872 steps taken, and 691 accepted.
[6 : mcmc] Progress @ 2024-12-08 01:56:17 : 1830 steps taken, and 629 accepted.
[2 : mcmc] Progress @ 2024-12-08 01:56:25 : 1820 steps taken, and 673 accepted.
[0 : mcmc] Progress @ 2024-12-08 01:56:28 : 1806 steps taken, and 634 accepted.
[4 : mcmc] Progress @ 2024-12-08 01:57:06 : 1853 steps taken, and 673 accepted.
[7 : mcmc] Progress @ 2024-12-08 01:57:09 : 1848 steps taken, and 715 accepted.
[3 : mcmc] Progress @ 2024-12-08 01:57:14 : 1851 steps taken, and 658 accepted.
[1 : mcmc] Progress @ 2024-12-08 01:57:15 : 1832 steps taken, and 674 accepted.
[5 : mcmc] Progress @ 2024-12-08 01:57:17 : 1912 steps taken, and 704 accepted.
[6 : mcmc] Progress @ 2024-12-08 01:57:19 : 1859 steps taken, and 635 accepted.
[2 : mcmc] Progress @ 2024-12-08 01:57:27 : 1846 steps taken, and 684 accepted.
[0 : mcmc] Progress @ 2024-12-08 01:57:30 : 1842 steps taken, and 644 accepted.
[7 : mcmc] Learn + convergence test @ 720 samples accepted.
[7 : mcmc] Ready to check convergence and learn a new proposal covmat (waiting for the rest...)
[4 : mcmc] Progress @ 2024-12-08 01:58:08 : 1875 steps taken, and 684 accepted.
[7 : mcmc] Progress @ 2024-12-08 01:58:10 : 1881 steps taken, and 720 accepted.
[3 : mcmc] Progress @ 2024-12-08 01:58:16 : 1874 steps taken, and 665 accepted.
[5 : mcmc] Progress @ 2024-12-08 01:58:18 : 1943 steps taken, and 714 accepted.
[1 : mcmc] Progress @ 2024-12-08 01:58:18 : 1855 steps taken, and 681 accepted.
[6 : mcmc] Progress @ 2024-12-08 01:58:22 : 1886 steps taken, and 646 accepted.
[2 : mcmc] Progress @ 2024-12-08 01:58:27 : 1869 steps taken, and 691 accepted.
[0 : mcmc] Progress @ 2024-12-08 01:58:31 : 1872 steps taken, and 655 accepted.
[5 : mcmc] Learn + convergence test @ 720 samples accepted.
[5 : mcmc] Ready to check convergence and learn a new proposal covmat (waiting for the rest...)
[4 : mcmc] Progress @ 2024-12-08 01:59:09 : 1896 steps taken, and 691 accepted.
[7 : mcmc] Progress @ 2024-12-08 01:59:12 : 1904 steps taken, and 727 accepted.
[3 : mcmc] Progress @ 2024-12-08 01:59:16 : 1898 steps taken, and 674 accepted.
[5 : mcmc] Progress @ 2024-12-08 01:59:20 : 1969 steps taken, and 722 accepted.
[1 : mcmc] Progress @ 2024-12-08 01:59:21 : 1878 steps taken, and 691 accepted.
[6 : mcmc] Progress @ 2024-12-08 01:59:25 : 1913 steps taken, and 656 accepted.
[2 : mcmc] Progress @ 2024-12-08 01:59:28 : 1898 steps taken, and 699 accepted.
[0 : mcmc] Progress @ 2024-12-08 01:59:32 : 1900 steps taken, and 665 accepted.
[4 : mcmc] Progress @ 2024-12-08 02:00:10 : 1918 steps taken, and 701 accepted.
[7 : mcmc] Progress @ 2024-12-08 02:00:14 : 1928 steps taken, and 736 accepted.
[3 : mcmc] Progress @ 2024-12-08 02:00:20 : 1922 steps taken, and 683 accepted.
[5 : mcmc] Progress @ 2024-12-08 02:00:22 : 2006 steps taken, and 734 accepted.
[1 : mcmc] Progress @ 2024-12-08 02:00:24 : 1904 steps taken, and 701 accepted.
[6 : mcmc] Progress @ 2024-12-08 02:00:28 : 1945 steps taken, and 668 accepted.
[2 : mcmc] Progress @ 2024-12-08 02:00:30 : 1920 steps taken, and 708 accepted.
[0 : mcmc] Progress @ 2024-12-08 02:00:36 : 1957 steps taken, and 675 accepted.
[4 : mcmc] Progress @ 2024-12-08 02:01:12 : 1940 steps taken, and 714 accepted.
[7 : mcmc] Progress @ 2024-12-08 02:01:15 : 1948 steps taken, and 745 accepted.
[3 : mcmc] Progress @ 2024-12-08 02:01:23 : 1947 steps taken, and 695 accepted.
[5 : mcmc] Progress @ 2024-12-08 02:01:24 : 2032 steps taken, and 747 accepted.
[1 : mcmc] Progress @ 2024-12-08 02:01:27 : 1924 steps taken, and 710 accepted.
[6 : mcmc] Progress @ 2024-12-08 02:01:29 : 1967 steps taken, and 679 accepted.
[2 : mcmc] Progress @ 2024-12-08 02:01:31 : 1941 steps taken, and 714 accepted.
[0 : mcmc] Progress @ 2024-12-08 02:01:36 : 1994 steps taken, and 683 accepted.
[2 : mcmc] Learn + convergence test @ 720 samples accepted.
[2 : mcmc] Ready to check convergence and learn a new proposal covmat (waiting for the rest...)
[4 : mcmc] Learn + convergence test @ 720 samples accepted.
[4 : mcmc] Ready to check convergence and learn a new proposal covmat (waiting for the rest...)
[4 : mcmc] Progress @ 2024-12-08 02:02:15 : 1966 steps taken, and 722 accepted.
[1 : mcmc] Learn + convergence test @ 720 samples accepted.
[1 : mcmc] Ready to check convergence and learn a new proposal covmat (waiting for the rest...)
[7 : mcmc] Progress @ 2024-12-08 02:02:18 : 1969 steps taken, and 758 accepted.
[3 : mcmc] Progress @ 2024-12-08 02:02:24 : 1970 steps taken, and 703 accepted.
[5 : mcmc] Progress @ 2024-12-08 02:02:25 : 2076 steps taken, and 758 accepted.
[1 : mcmc] Progress @ 2024-12-08 02:02:29 : 1949 steps taken, and 722 accepted.
[6 : mcmc] Progress @ 2024-12-08 02:02:33 : 1990 steps taken, and 686 accepted.
[2 : mcmc] Progress @ 2024-12-08 02:02:33 : 1962 steps taken, and 723 accepted.
[0 : mcmc] Progress @ 2024-12-08 02:02:38 : 2029 steps taken, and 690 accepted.
[4 : mcmc] Progress @ 2024-12-08 02:03:15 : 1984 steps taken, and 732 accepted.
[7 : mcmc] Progress @ 2024-12-08 02:03:22 : 1989 steps taken, and 769 accepted.
[3 : mcmc] Progress @ 2024-12-08 02:03:25 : 1994 steps taken, and 713 accepted.
[5 : mcmc] Progress @ 2024-12-08 02:03:27 : 2104 steps taken, and 770 accepted.
[2 : mcmc] Progress @ 2024-12-08 02:03:33 : 1992 steps taken, and 733 accepted.
[6 : mcmc] Progress @ 2024-12-08 02:03:33 : 2014 steps taken, and 691 accepted.
 Warning: Integrate_Romberg failed to converge; 
 integral, error, tol:   16220.030399747515        1.1078723594071249E-007   1.0000000000000001E-007
[0 : mcmc] Progress @ 2024-12-08 02:03:39 : 2064 steps taken, and 700 accepted.
 Warning: Integrate_Romberg failed to converge; 
 integral, error, tol:   14094.247745636176       -1.7171200861199054E-007   1.0000000000000001E-007
[1 : mcmc] Progress @ 2024-12-08 02:03:41 : 1975 steps taken, and 732 accepted.
[4 : mcmc] Progress @ 2024-12-08 02:04:18 : 2020 steps taken, and 744 accepted.
[7 : mcmc] Progress @ 2024-12-08 02:04:22 : 2022 steps taken, and 778 accepted.
[3 : mcmc] Progress @ 2024-12-08 02:04:26 : 2015 steps taken, and 720 accepted.
[3 : mcmc] Learn + convergence test @ 720 samples accepted.
[3 : mcmc] Ready to check convergence and learn a new proposal covmat (waiting for the rest...)
[5 : mcmc] Progress @ 2024-12-08 02:04:28 : 2147 steps taken, and 780 accepted.
[2 : mcmc] Progress @ 2024-12-08 02:04:33 : 2030 steps taken, and 742 accepted.
[6 : mcmc] Progress @ 2024-12-08 02:04:35 : 2044 steps taken, and 701 accepted.
[1 : mcmc] Progress @ 2024-12-08 02:04:41 : 2014 steps taken, and 744 accepted.
[0 : mcmc] Progress @ 2024-12-08 02:04:43 : 2097 steps taken, and 711 accepted.
[4 : mcmc] Progress @ 2024-12-08 02:05:21 : 2043 steps taken, and 758 accepted.
[7 : mcmc] Progress @ 2024-12-08 02:05:26 : 2045 steps taken, and 790 accepted.
[3 : mcmc] Progress @ 2024-12-08 02:05:27 : 2036 steps taken, and 728 accepted.
[5 : mcmc] Progress @ 2024-12-08 02:05:30 : 2174 steps taken, and 792 accepted.
[6 : mcmc] Progress @ 2024-12-08 02:05:35 : 2069 steps taken, and 710 accepted.
[2 : mcmc] Progress @ 2024-12-08 02:05:35 : 2055 steps taken, and 750 accepted.
[0 : mcmc] Progress @ 2024-12-08 02:05:45 : 2126 steps taken, and 719 accepted.
[1 : mcmc] Progress @ 2024-12-08 02:05:45 : 2040 steps taken, and 756 accepted.
[0 : mcmc] Learn + convergence test @ 720 samples accepted.
[0 : mcmc] Ready to check convergence and learn a new proposal covmat (waiting for the rest...)
[4 : mcmc] Progress @ 2024-12-08 02:06:22 : 2070 steps taken, and 768 accepted.
[7 : mcmc] Progress @ 2024-12-08 02:06:28 : 2072 steps taken, and 802 accepted.
[3 : mcmc] Progress @ 2024-12-08 02:06:30 : 2059 steps taken, and 734 accepted.
[5 : mcmc] Progress @ 2024-12-08 02:06:32 : 2201 steps taken, and 798 accepted.
[6 : mcmc] Progress @ 2024-12-08 02:06:35 : 2088 steps taken, and 715 accepted.
[2 : mcmc] Progress @ 2024-12-08 02:06:37 : 2076 steps taken, and 758 accepted.
[0 : mcmc] Progress @ 2024-12-08 02:06:46 : 2150 steps taken, and 729 accepted.
[1 : mcmc] Progress @ 2024-12-08 02:06:49 : 2071 steps taken, and 764 accepted.
[6 : mcmc] Learn + convergence test @ 720 samples accepted.
[6 : mcmc] Ready to check convergence and learn a new proposal covmat (waiting for the rest...)
[0 : mcmc] All chains are ready to check convergence and learn a new proposal covmat
[0 : mcmc]  - Acceptance rate: 0.355 = avg([0.3160621761658031, 0.3497716894977169, 0.3627730294396961, 0.3666997026759167, 0.3831683168316832, 0.3358333333333333, 0.3389830508474576, 0.3814919735599622])
[0 : mcmc]  - Convergence of means: R-1 = 1.581836 after 6106 accepted steps = sum([731, 766, 763, 740, 774, 805, 720, 807])
[0 : mcmc]  - Updated covariance matrix of proposal pdf.
[4 : mcmc] Progress @ 2024-12-08 02:07:24 : 2092 steps taken, and 776 accepted.
[7 : mcmc] Progress @ 2024-12-08 02:07:30 : 2093 steps taken, and 811 accepted.
[5 : mcmc] Progress @ 2024-12-08 02:07:32 : 2223 steps taken, and 808 accepted.
[3 : mcmc] Progress @ 2024-12-08 02:07:32 : 2079 steps taken, and 741 accepted.
[6 : mcmc] Progress @ 2024-12-08 02:07:36 : 2109 steps taken, and 726 accepted.
[2 : mcmc] Progress @ 2024-12-08 02:07:38 : 2099 steps taken, and 767 accepted.
[0 : mcmc] Progress @ 2024-12-08 02:07:47 : 2170 steps taken, and 737 accepted.
[1 : mcmc] Progress @ 2024-12-08 02:07:50 : 2090 steps taken, and 770 accepted.
[4 : mcmc] Progress @ 2024-12-08 02:08:27 : 2116 steps taken, and 788 accepted.
[7 : mcmc] Progress @ 2024-12-08 02:08:33 : 2121 steps taken, and 818 accepted.
[3 : mcmc] Progress @ 2024-12-08 02:08:34 : 2109 steps taken, and 749 accepted.
[5 : mcmc] Progress @ 2024-12-08 02:08:36 : 2252 steps taken, and 819 accepted.
[6 : mcmc] Progress @ 2024-12-08 02:08:37 : 2136 steps taken, and 734 accepted.
[2 : mcmc] Progress @ 2024-12-08 02:08:38 : 2122 steps taken, and 775 accepted.
[0 : mcmc] Progress @ 2024-12-08 02:08:49 : 2191 steps taken, and 745 accepted.
[1 : mcmc] Progress @ 2024-12-08 02:09:00 : 2124 steps taken, and 783 accepted.
[4 : mcmc] Progress @ 2024-12-08 02:09:27 : 2146 steps taken, and 800 accepted.
[3 : mcmc] Progress @ 2024-12-08 02:09:35 : 2142 steps taken, and 757 accepted.
[7 : mcmc] Progress @ 2024-12-08 02:09:37 : 2142 steps taken, and 831 accepted.
[6 : mcmc] Progress @ 2024-12-08 02:09:37 : 2162 steps taken, and 741 accepted.
[5 : mcmc] Progress @ 2024-12-08 02:09:39 : 2286 steps taken, and 830 accepted.
[2 : mcmc] Progress @ 2024-12-08 02:09:40 : 2152 steps taken, and 789 accepted.
[0 : mcmc] Progress @ 2024-12-08 02:09:49 : 2223 steps taken, and 759 accepted.
[1 : mcmc] Progress @ 2024-12-08 02:10:05 : 2147 steps taken, and 794 accepted.
[node117:11923:0:11923] Caught signal 11 (Segmentation fault: address not mapped to object at address 0xfffffffc054f0498)
BFD: DWARF error: can't find .debug_ranges section.
BFD: DWARF error: can't find .debug_ranges section.
BFD: DWARF error: can't find .debug_ranges section.
BFD: DWARF error: can't find .debug_ranges section.
BFD: DWARF error: can't find .debug_ranges section.
BFD: DWARF error: can't find .debug_ranges section.
BFD: DWARF error: can't find .debug_ranges section.
BFD: DWARF error: can't find .debug_ranges section.
BFD: DWARF error: can't find .debug_ranges section.
BFD: DWARF error: can't find .debug_ranges section.
BFD: DWARF error: can't find .debug_ranges section.
BFD: DWARF error: can't find .debug_ranges section.
BFD: DWARF error: can't find .debug_ranges section.
BFD: DWARF error: can't find .debug_ranges section.
BFD: DWARF error: can't find .debug_ranges section.
BFD: DWARF error: can't find .debug_ranges section.
BFD: DWARF error: can't find .debug_ranges section.
BFD: DWARF error: can't find .debug_ranges section.
BFD: DWARF error: can't find .debug_ranges section.
BFD: DWARF error: can't find .debug_ranges section.
BFD: DWARF error: can't find .debug_ranges section.
BFD: DWARF error: can't find .debug_ranges section.
BFD: DWARF error: can't find .debug_ranges section.
BFD: DWARF error: can't find .debug_ranges section.
BFD: DWARF error: can't find .debug_ranges section.
BFD: DWARF error: can't find .debug_ranges section.
BFD: DWARF error: can't find .debug_ranges section.
BFD: DWARF error: can't find .debug_ranges section.
BFD: DWARF error: can't find .debug_ranges section.
BFD: DWARF error: can't find .debug_ranges section.
BFD: DWARF error: can't find .debug_ranges section.
BFD: DWARF error: can't find .debug_ranges section.
BFD: DWARF error: can't find .debug_ranges section.
BFD: DWARF error: can't find .debug_ranges section.
BFD: DWARF error: can't find .debug_ranges section.
BFD: DWARF error: can't find .debug_ranges section.
BFD: DWARF error: can't find .debug_ranges section.
BFD: DWARF error: can't find .debug_ranges section.
BFD: DWARF error: can't find .debug_ranges section.
BFD: DWARF error: can't find .debug_ranges section.
BFD: DWARF error: can't find .debug_ranges section.
BFD: DWARF error: can't find .debug_ranges section.
BFD: DWARF error: can't find .debug_ranges section.
BFD: DWARF error: can't find .debug_ranges section.
BFD: DWARF error: can't find .debug_ranges section.
BFD: DWARF error: can't find .debug_ranges section.
BFD: DWARF error: can't find .debug_ranges section.
BFD: DWARF error: can't find .debug_ranges section.
BFD: DWARF error: can't find .debug_ranges section.
BFD: DWARF error: can't find .debug_ranges section.
BFD: DWARF error: can't find .debug_ranges section.
BFD: DWARF error: can't find .debug_ranges section.
BFD: DWARF error: can't find .debug_ranges section.
BFD: DWARF error: can't find .debug_ranges section.
BFD: DWARF error: can't find .debug_ranges section.
BFD: DWARF error: can't find .debug_ranges section.
BFD: DWARF error: can't find .debug_ranges section.
BFD: DWARF error: can't find .debug_ranges section.
BFD: DWARF error: can't find .debug_ranges section.
BFD: DWARF error: can't find .debug_ranges section.
BFD: DWARF error: can't find .debug_ranges section.
BFD: DWARF error: can't find .debug_ranges section.
BFD: DWARF error: can't find .debug_ranges section.
BFD: DWARF error: can't find .debug_ranges section.
BFD: DWARF error: can't find .debug_ranges section.
BFD: DWARF error: can't find .debug_ranges section.
BFD: DWARF error: can't find .debug_ranges section.
BFD: DWARF error: can't find .debug_ranges section.
BFD: DWARF error: can't find .debug_ranges section.
BFD: DWARF error: can't find .debug_ranges section.
BFD: DWARF error: can't find .debug_ranges section.
BFD: DWARF error: can't find .debug_ranges section.
BFD: DWARF error: can't find .debug_ranges section.
BFD: DWARF error: can't find .debug_ranges section.
BFD: DWARF error: can't find .debug_ranges section.
BFD: DWARF error: can't find .debug_ranges section.
BFD: DWARF error: can't find .debug_ranges section.
BFD: DWARF error: can't find .debug_ranges section.
BFD: DWARF error: can't find .debug_ranges section.
BFD: DWARF error: can't find .debug_ranges section.
BFD: DWARF error: can't find .debug_ranges section.
BFD: DWARF error: can't find .debug_ranges section.
BFD: DWARF error: can't find .debug_ranges section.
BFD: DWARF error: can't find .debug_ranges section.
BFD: DWARF error: can't find .debug_ranges section.
BFD: DWARF error: can't find .debug_ranges section.
BFD: DWARF error: can't find .debug_ranges section.
BFD: DWARF error: can't find .debug_ranges section.
BFD: DWARF error: can't find .debug_ranges section.
BFD: DWARF error: can't find .debug_ranges section.
==== backtrace (tid:  11923) ====
 0 0x0000000000021563 ucs_debug_print_backtrace()  /dev/shm/UCX/1.8.0/GCCcore-9.3.0/ucx-1.8.0/src/ucs/debug/debug.c:653
 1 0x0000000000039f63 __massivenu_MOD_thermalnubackground_rho()  ???:0
 2 0x000000000003da49 __results_MOD_grho_no_de()  ???:0
 3 0x00000000000a5ef1 dtauda_()  ???:0
 4 0x000000000004cfcc __results_MOD_thermo_init._omp_fn.0()  results.f90:0
 5 0x0000000000014295 GOMP_parallel_sections()  ???:0
 6 0x000000000004f7b2 __results_MOD_thermo_init()  ???:0
 7 0x00000000000f30f3 __cambmain_MOD_initvars()  ???:0
 8 0x00000000000f93cf __cambmain_MOD_cmbmain()  ???:0
 9 0x0000000000105016 __camb_MOD_camb_getresults()  ???:0
10 0x000000000010fcaf __handles_MOD_cambdata_gettransfers()  ???:0
11 0x0000000000006a4a ffi_call_unix64()  :0
12 0x0000000000005fea ffi_call_int()  ffi64.c:0
13 0x00000000000091e0 _ctypes_callproc.cold()  :0
14 0x00000000000126ee PyCFuncPtr_call()  :0
15 0x00000000004f061c _PyObject_MakeTpCall()  ???:0
16 0x00000000004ec4f7 _PyEval_EvalFrameDefault()  ???:0
17 0x00000000004e694a _PyEval_EvalCode()  :0
18 0x000000000050500d method_vectorcall()  :0
19 0x00000000004e8a8b _PyEval_EvalFrameDefault()  ???:0
20 0x00000000004e694a _PyEval_EvalCode()  :0
21 0x00000000004f7d95 _PyFunction_Vectorcall()  ???:0
22 0x00000000004e8a8b _PyEval_EvalFrameDefault()  ???:0
23 0x00000000004e694a _PyEval_EvalCode()  :0
24 0x000000000050500d method_vectorcall()  :0
25 0x0000000000505744 PyObject_Call()  ???:0
26 0x00000000004eac68 _PyEval_EvalFrameDefault()  ???:0
27 0x00000000004e694a _PyEval_EvalCode()  :0
28 0x000000000050500d method_vectorcall()  :0
29 0x00000000004e8a8b _PyEval_EvalFrameDefault()  ???:0
30 0x00000000004e694a _PyEval_EvalCode()  :0
31 0x000000000050500d method_vectorcall()  :0
32 0x00000000004e8a8b _PyEval_EvalFrameDefault()  ???:0
33 0x00000000004e694a _PyEval_EvalCode()  :0
34 0x00000000004f7d95 _PyFunction_Vectorcall()  ???:0
35 0x00000000004e7edc _PyEval_EvalFrameDefault()  ???:0
36 0x00000000004f8073 function_code_fastcall()  :0
37 0x0000000000504f01 method_vectorcall()  :0
38 0x00000000004ec5b4 _PyEval_EvalFrameDefault()  ???:0
39 0x00000000004f8073 function_code_fastcall()  :0
40 0x00000000004e7edc _PyEval_EvalFrameDefault()  ???:0
41 0x00000000004e694a _PyEval_EvalCode()  :0
42 0x00000000004f7d95 _PyFunction_Vectorcall()  ???:0
43 0x0000000000505744 PyObject_Call()  ???:0
44 0x00000000004eac68 _PyEval_EvalFrameDefault()  ???:0
45 0x00000000004f8073 function_code_fastcall()  :0
46 0x00000000004e7c22 _PyEval_EvalFrameDefault()  ???:0
47 0x00000000004e694a _PyEval_EvalCode()  :0
48 0x00000000004e65d7 _PyEval_EvalCodeWithName()  ???:0
49 0x00000000004e6589 PyEval_EvalCodeEx()  ???:0
50 0x0000000000593f2b PyEval_EvalCode()  ???:0
51 0x00000000005c1697 run_eval_code_obj()  :0
52 0x00000000005bd6b0 run_mod()  :0
53 0x00000000004565eb pyrun_file.cold()  :0
54 0x00000000005b7392 PyRun_SimpleFileExFlags()  ???:0
55 0x00000000005b490e Py_RunMain()  ???:0
56 0x0000000000587fd9 Py_BytesMain()  ???:0
57 0x0000000000022555 __libc_start_main()  ???:0
=================================
[node117:11923] *** Process received signal ***
[node117:11923] Signal: Segmentation fault (11)
[node117:11923] Signal code:  (-6)
[node117:11923] Failing at address: 0x8cfb800002e93
[node117:11923] [ 0] /lib64/libpthread.so.0(+0xf630)[0x7fa53b609630]
[node117:11923] [ 1] /users/smp24dhl/cosmo/code/CAMB_beta/camb/camblib.so(__massivenu_MOD_thermalnubackground_rho+0x63)[0x7fa500394f63]
[node117:11923] [ 2] /users/smp24dhl/cosmo/code/CAMB_beta/camb/camblib.so(__results_MOD_grho_no_de+0xc9)[0x7fa500398a49]
[node117:11923] [ 3] /users/smp24dhl/cosmo/code/CAMB_beta/camb/camblib.so(dtauda_+0x61)[0x7fa500400ef1]
[node117:11923] [ 4] /users/smp24dhl/cosmo/code/CAMB_beta/camb/camblib.so(+0x4cfcc)[0x7fa5003a7fcc]
[node117:11923] [ 5] /users/smp24dhl/.conda/envs/cosmos/bin/../lib/libgomp.so.1(GOMP_parallel_sections+0x80)[0x7fa500330295]
[node117:11923] [ 6] /users/smp24dhl/cosmo/code/CAMB_beta/camb/camblib.so(__results_MOD_thermo_init+0x12d2)[0x7fa5003aa7b2]
[node117:11923] [ 7] /users/smp24dhl/cosmo/code/CAMB_beta/camb/camblib.so(__cambmain_MOD_initvars+0x193)[0x7fa50044e0f3]
[node117:11923] [ 8] /users/smp24dhl/cosmo/code/CAMB_beta/camb/camblib.so(__cambmain_MOD_cmbmain+0xbf)[0x7fa5004543cf]
[node117:11923] [ 9] /users/smp24dhl/cosmo/code/CAMB_beta/camb/camblib.so(__camb_MOD_camb_getresults+0x2986)[0x7fa500460016]
[node117:11923] [10] /users/smp24dhl/cosmo/code/CAMB_beta/camb/camblib.so(__handles_MOD_cambdata_gettransfers+0x1f)[0x7fa50046acaf]
[node117:11923] [11] /users/smp24dhl/.conda/envs/cosmos/lib/python3.9/lib-dynload/../../libffi.so.8(+0x6a4a)[0x7fa53b8c4a4a]
[node117:11923] [12] /users/smp24dhl/.conda/envs/cosmos/lib/python3.9/lib-dynload/../../libffi.so.8(+0x5fea)[0x7fa53b8c3fea]
[node117:11923] [13] /users/smp24dhl/.conda/envs/cosmos/lib/python3.9/lib-dynload/_ctypes.cpython-39-x86_64-linux-gnu.so(+0x91e0)[0x7fa517dc01e0]
[node117:11923] [14] /users/smp24dhl/.conda/envs/cosmos/lib/python3.9/lib-dynload/_ctypes.cpython-39-x86_64-linux-gnu.so(+0x126ee)[0x7fa517dc96ee]
[node117:11923] [15] /users/smp24dhl/.conda/envs/cosmos/bin/python(_PyObject_MakeTpCall+0x2ec)[0x4f061c]
[node117:11923] [16] /users/smp24dhl/.conda/envs/cosmos/bin/python(_PyEval_EvalFrameDefault+0x4ca7)[0x4ec4f7]
[node117:11923] [17] /users/smp24dhl/.conda/envs/cosmos/bin/python[0x4e694a]
[node117:11923] [18] /users/smp24dhl/.conda/envs/cosmos/bin/python[0x50500d]
[node117:11923] [19] /users/smp24dhl/.conda/envs/cosmos/bin/python(_PyEval_EvalFrameDefault+0x123b)[0x4e8a8b]
[node117:11923] [20] /users/smp24dhl/.conda/envs/cosmos/bin/python[0x4e694a]
[node117:11923] [21] /users/smp24dhl/.conda/envs/cosmos/bin/python(_PyFunction_Vectorcall+0xd5)[0x4f7d95]
[node117:11923] [22] /users/smp24dhl/.conda/envs/cosmos/bin/python(_PyEval_EvalFrameDefault+0x123b)[0x4e8a8b]
[node117:11923] [23] /users/smp24dhl/.conda/envs/cosmos/bin/python[0x4e694a]
[node117:11923] [24] /users/smp24dhl/.conda/envs/cosmos/bin/python[0x50500d]
[node117:11923] [25] /users/smp24dhl/.conda/envs/cosmos/bin/python(PyObject_Call+0xb4)[0x505744]
[node117:11923] [26] /users/smp24dhl/.conda/envs/cosmos/bin/python(_PyEval_EvalFrameDefault+0x3418)[0x4eac68]
[node117:11923] [27] /users/smp24dhl/.conda/envs/cosmos/bin/python[0x4e694a]
[node117:11923] [28] /users/smp24dhl/.conda/envs/cosmos/bin/python[0x50500d]
[node117:11923] [29] /users/smp24dhl/.conda/envs/cosmos/bin/python(_PyEval_EvalFrameDefault+0x123b)[0x4e8a8b]
[node117:11923] *** End of error message ***
--------------------------------------------------------------------------
Primary job  terminated normally, but 1 process returned
a non-zero exit code. Per user-direction, the job has been aborted.
--------------------------------------------------------------------------
--------------------------------------------------------------------------
mpirun noticed that process rank 1 with PID 11923 on node node117 exited on signal 11 (Segmentation fault).
--------------------------------------------------------------------------
