[0 : output] Output to be read-from/written-into folder 'chains', with prefix 'noHalo'
[0 : prior] *WARNING* External prior 'SZ' loaded. Mind that it might not be normalized!
[0 : camb] `camb` module loaded successfully from /users/smp24dhl/cosmo/code/CAMB_beta/camb
[0 : planck_2018_highl_plik.ttteee] `clik` module loaded successfully from /users/smp24dhl/cosmo/code/planck/clik/lib/python3.9/site-packages/clik
----
clik version clik_16.0b1-2-g63c889f3aa9c MAKEFILE
  smica
----
clik version clik_16.0b1-2-g63c889f3aa9c MAKEFILE
  smica
----
clik version clik_16.0b1-2-g63c889f3aa9c MAKEFILE
  smica
----
clik version clik_16.0b1-2-g63c889f3aa9c MAKEFILE
  smica
Checking likelihood '/users/smp24dhl/cosmo/data/planck_2018/baseline/plc_3.0/hi_l/plik/plik_rd12_HM_v22b_TTTEEE.clik' on test data. got -1172.47 expected -1172.47 (diff -4.34057e-07)
----
Checking likelihood '/users/smp24dhl/cosmo/data/planck_2018/baseline/plc_3.0/hi_l/plik/plik_rd12_HM_v22b_TTTEEE.clik' on test data. got -1172.47 expected -1172.47 (diff -4.34057e-07)
----
Checking likelihood '/users/smp24dhl/cosmo/data/planck_2018/baseline/plc_3.0/hi_l/plik/plik_rd12_HM_v22b_TTTEEE.clik' on test data. got -1172.47 expected -1172.47 (diff -4.34057e-07)
----
Checking likelihood '/users/smp24dhl/cosmo/data/planck_2018/baseline/plc_3.0/hi_l/plik/plik_rd12_HM_v22b_TTTEEE.clik' on test data. got -1172.47 expected -1172.47 (diff -4.34057e-07)
----
[0 : planck_2018_lensing.clik] `clik` module loaded successfully from /users/smp24dhl/cosmo/code/planck/clik/lib/python3.9/site-packages/clik
Checking lensing likelihood '/users/smp24dhl/cosmo/data/planck_2018/baseline/plc_3.0/lensing/smicadx12_Dec5_ftl_mv2_ndclpp_p_teb_consext8.clik_lensing' on test data. got -4.42102
Checking lensing likelihood '/users/smp24dhl/cosmo/data/planck_2018/baseline/plc_3.0/lensing/smicadx12_Dec5_ftl_mv2_ndclpp_p_teb_consext8.clik_lensing' on test data. got -4.42102
Checking lensing likelihood '/users/smp24dhl/cosmo/data/planck_2018/baseline/plc_3.0/lensing/smicadx12_Dec5_ftl_mv2_ndclpp_p_teb_consext8.clik_lensing' on test data. got -4.42102
Checking lensing likelihood '/users/smp24dhl/cosmo/data/planck_2018/baseline/plc_3.0/lensing/smicadx12_Dec5_ftl_mv2_ndclpp_p_teb_consext8.clik_lensing' on test data. got -4.42102
[0 : mcmc] Getting initial point... (this may take a few seconds)
[2 : mcmc] Getting initial point... (this may take a few seconds)
[1 : mcmc] Getting initial point... (this may take a few seconds)
[3 : mcmc] Getting initial point... (this may take a few seconds)
[1 : mcmc] Initial point: logA:3.050507, ns:0.9604362, theta_MC_100:1.041556, ombh2:0.02220446, omch2:0.1206979, w:-0.9899642, wa:-0.03631945, beta_DE:1.089435, tau:0.05534397, A_planck:1.000332, calib_100T:0.9995743, calib_217T:0.998213, A_cib_217:68.86691, xi_sz_cib:0.05767819, A_sz:8.109763, ksz_norm:4.165846, gal545_A_100:8.661038, gal545_A_143:7.010044, gal545_A_143_217:19.70086, gal545_A_217:89.02704, ps_A_100_100:237.6241, ps_A_143_143:47.16662, ps_A_143_217:32.04315, ps_A_217_217:98.17775, galf_TE_A_100:0.06197116, galf_TE_A_100_143:0.1923441, galf_TE_A_100_217:0.411804, galf_TE_A_143:0.2564925, galf_TE_A_143_217:0.6392646, galf_TE_A_217:1.782215
[2 : mcmc] Initial point: logA:3.049557, ns:0.9673474, theta_MC_100:1.041939, ombh2:0.02253435, omch2:0.1207453, w:-0.9908921, wa:0.04711144, beta_DE:1.12389, tau:0.05470171, A_planck:1.003741, calib_100T:1.000425, calib_217T:0.9965152, A_cib_217:61.12849, xi_sz_cib:0.1117497, A_sz:2.184257, ksz_norm:0.2528018, gal545_A_100:7.017356, gal545_A_143:8.494166, gal545_A_143_217:19.2407, gal545_A_217:85.22401, ps_A_100_100:240.2137, ps_A_143_143:53.09161, ps_A_143_217:51.47024, ps_A_217_217:104.2921, galf_TE_A_100:0.07115451, galf_TE_A_100_143:-0.04263909, galf_TE_A_100_217:0.5293934, galf_TE_A_143:0.1464169, galf_TE_A_143_217:0.5679395, galf_TE_A_217:1.872973
[0 : mcmc] Initial point: logA:3.050348, ns:0.9701972, theta_MC_100:1.040942, ombh2:0.02234139, omch2:0.1181522, w:-0.9939371, wa:0.0764616, beta_DE:1.101934, tau:0.0553031, A_planck:1.003575, calib_100T:1.000147, calib_217T:0.9986715, A_cib_217:90.30529, xi_sz_cib:0.02859731, A_sz:3.514218, ksz_norm:2.640383, gal545_A_100:9.266947, gal545_A_143:10.26166, gal545_A_143_217:26.24077, gal545_A_217:83.75712, ps_A_100_100:343.17, ps_A_143_143:47.2365, ps_A_143_217:54.37022, ps_A_217_217:106.5365, galf_TE_A_100:0.09907511, galf_TE_A_100_143:0.2411953, galf_TE_A_100_217:0.5653753, galf_TE_A_143:0.162669, galf_TE_A_143_217:0.5840383, galf_TE_A_217:1.805539
[3 : mcmc] Initial point: logA:3.05004, ns:0.9665861, theta_MC_100:1.040896, ombh2:0.02235665, omch2:0.1208717, w:-0.9890693, wa:-0.05325873, beta_DE:1.104365, tau:0.05464622, A_planck:1.000773, calib_100T:1.000719, calib_217T:0.9992755, A_cib_217:56.43443, xi_sz_cib:0.009694494, A_sz:7.705073, ksz_norm:0.5929549, gal545_A_100:6.411221, gal545_A_143:10.30273, gal545_A_143_217:19.74202, gal545_A_217:75.00323, ps_A_100_100:265.8675, ps_A_143_143:39.96556, ps_A_143_217:46.37653, ps_A_217_217:99.93322, galf_TE_A_100:0.1761709, galf_TE_A_100_143:0.2552229, galf_TE_A_100_217:0.4657424, galf_TE_A_143:0.1779671, galf_TE_A_143_217:0.71241, galf_TE_A_217:1.984187
[0 : model] Measuring speeds... (this may take a few seconds)
[0 : model] Setting measured speeds (per sec): {planck_2018_highl_plik.TTTEEE: 21.6, planck_2018_lowl.TT: 1420.0, planck_2018_lowl.EE: 7820.0, planck_2018_lensing.clik: 293.0, camb.transfers: 0.488, camb: 1.27}
[0 : mcmc] Dragging with number of interpolating steps:
[0 : mcmc] * 1 : [['theta_MC_100', 'ombh2', 'omch2', 'w', 'wa', 'beta_DE', 'tau'], ['logA', 'ns']]
[0 : mcmc] * 9 : [['A_planck'], ['calib_100T', 'calib_217T', 'A_cib_217', 'xi_sz_cib', 'A_sz', 'ksz_norm', 'gal545_A_100', 'gal545_A_143', 'gal545_A_143_217', 'gal545_A_217', 'ps_A_100_100', 'ps_A_143_143', 'ps_A_143_217', 'ps_A_217_217', 'galf_TE_A_100', 'galf_TE_A_100_143', 'galf_TE_A_100_217', 'galf_TE_A_143', 'galf_TE_A_143_217', 'galf_TE_A_217']]
[0 : autoselect_covmat] No cached covmat database present, not usable or not up-to-date. Will be re-created and cached.
[0 : mcmc] Covariance matrix selected automatically: /users/smp24dhl/cosmo/data/planck_supp_data_and_covmats/covmats/base_w_wa_BAO_TTTEEE_lowE_lowl_plikHM.covmat
[0 : mcmc] Covariance matrix loaded for params ['ombh2', 'omch2', 'theta_MC_100', 'tau', 'w', 'wa', 'logA', 'ns', 'A_planck', 'A_cib_217', 'xi_sz_cib', 'A_sz', 'ps_A_100_100', 'ps_A_143_143', 'ps_A_143_217', 'ps_A_217_217', 'ksz_norm', 'gal545_A_100', 'gal545_A_143', 'gal545_A_143_217', 'gal545_A_217', 'galf_TE_A_100', 'galf_TE_A_100_143', 'galf_TE_A_100_217', 'galf_TE_A_143', 'galf_TE_A_143_217', 'galf_TE_A_217', 'calib_100T', 'calib_217T']
[0 : mcmc] Missing proposal covariance for params ['beta_DE']
[0 : mcmc] Covariance matrix not complete. We will start learning the covariance of the proposal earlier: R-1 = 30 (would be 2 if all params loaded).
[0 : mcmc] Sampling!
[1 : mcmc] Progress @ 2024-12-02 13:27:55 : 1 steps taken, and 0 accepted.
[2 : mcmc] Progress @ 2024-12-02 13:27:56 : 1 steps taken, and 0 accepted.
[0 : mcmc] Progress @ 2024-12-02 13:27:56 : 1 steps taken, and 0 accepted.
[3 : mcmc] Progress @ 2024-12-02 13:27:56 : 1 steps taken, and 0 accepted.
[1 : mcmc] Progress @ 2024-12-02 13:28:55 : 23 steps taken, and 10 accepted.
[0 : mcmc] Progress @ 2024-12-02 13:28:57 : 20 steps taken, and 7 accepted.
[3 : mcmc] Progress @ 2024-12-02 13:28:59 : 22 steps taken, and 8 accepted.
[2 : mcmc] Progress @ 2024-12-02 13:28:59 : 21 steps taken, and 7 accepted.
[1 : mcmc] Progress @ 2024-12-02 13:29:58 : 47 steps taken, and 19 accepted.
[3 : mcmc] Progress @ 2024-12-02 13:30:00 : 46 steps taken, and 16 accepted.
[0 : mcmc] Progress @ 2024-12-02 13:30:00 : 41 steps taken, and 15 accepted.
[2 : mcmc] Progress @ 2024-12-02 13:30:02 : 51 steps taken, and 17 accepted.
[1 : mcmc] Progress @ 2024-12-02 13:30:59 : 73 steps taken, and 29 accepted.
[0 : mcmc] Progress @ 2024-12-02 13:31:01 : 63 steps taken, and 26 accepted.
[3 : mcmc] Progress @ 2024-12-02 13:31:02 : 74 steps taken, and 23 accepted.
[2 : mcmc] Progress @ 2024-12-02 13:31:04 : 75 steps taken, and 22 accepted.
[3 : mcmc] Progress @ 2024-12-02 13:32:02 : 112 steps taken, and 33 accepted.
[1 : mcmc] Progress @ 2024-12-02 13:32:02 : 99 steps taken, and 39 accepted.
[0 : mcmc] Progress @ 2024-12-02 13:32:04 : 83 steps taken, and 33 accepted.
[2 : mcmc] Progress @ 2024-12-02 13:32:05 : 98 steps taken, and 34 accepted.
[3 : mcmc] Progress @ 2024-12-02 13:33:04 : 130 steps taken, and 41 accepted.
[0 : mcmc] Progress @ 2024-12-02 13:33:05 : 105 steps taken, and 41 accepted.
[1 : mcmc] Progress @ 2024-12-02 13:33:05 : 122 steps taken, and 50 accepted.
[2 : mcmc] Progress @ 2024-12-02 13:33:05 : 117 steps taken, and 42 accepted.
[3 : mcmc] Progress @ 2024-12-02 13:34:05 : 150 steps taken, and 48 accepted.
[0 : mcmc] Progress @ 2024-12-02 13:34:06 : 125 steps taken, and 48 accepted.
[1 : mcmc] Progress @ 2024-12-02 13:34:06 : 146 steps taken, and 63 accepted.
[2 : mcmc] Progress @ 2024-12-02 13:34:08 : 136 steps taken, and 51 accepted.
[3 : mcmc] Progress @ 2024-12-02 13:35:06 : 170 steps taken, and 58 accepted.
[0 : mcmc] Progress @ 2024-12-02 13:35:07 : 144 steps taken, and 53 accepted.
[2 : mcmc] Progress @ 2024-12-02 13:35:08 : 163 steps taken, and 59 accepted.
[1 : mcmc] Progress @ 2024-12-02 13:35:10 : 168 steps taken, and 72 accepted.
[0 : mcmc] Progress @ 2024-12-02 13:36:07 : 168 steps taken, and 68 accepted.
[3 : mcmc] Progress @ 2024-12-02 13:36:08 : 190 steps taken, and 66 accepted.
[1 : mcmc] Progress @ 2024-12-02 13:36:10 : 190 steps taken, and 80 accepted.
[2 : mcmc] Progress @ 2024-12-02 13:36:12 : 187 steps taken, and 69 accepted.
[0 : mcmc] Progress @ 2024-12-02 13:37:10 : 194 steps taken, and 76 accepted.
[3 : mcmc] Progress @ 2024-12-02 13:37:10 : 213 steps taken, and 74 accepted.
[1 : mcmc] Progress @ 2024-12-02 13:37:11 : 211 steps taken, and 91 accepted.
[2 : mcmc] Progress @ 2024-12-02 13:37:14 : 209 steps taken, and 76 accepted.
[3 : mcmc] Progress @ 2024-12-02 13:38:12 : 233 steps taken, and 83 accepted.
[0 : mcmc] Progress @ 2024-12-02 13:38:12 : 215 steps taken, and 86 accepted.
[1 : mcmc] Progress @ 2024-12-02 13:38:14 : 240 steps taken, and 100 accepted.
[2 : mcmc] Progress @ 2024-12-02 13:38:15 : 229 steps taken, and 85 accepted.
[3 : mcmc] Progress @ 2024-12-02 13:39:15 : 255 steps taken, and 91 accepted.
[0 : mcmc] Progress @ 2024-12-02 13:39:15 : 236 steps taken, and 94 accepted.
[1 : mcmc] Progress @ 2024-12-02 13:39:15 : 261 steps taken, and 112 accepted.
[2 : mcmc] Progress @ 2024-12-02 13:39:17 : 254 steps taken, and 94 accepted.
[0 : mcmc] Progress @ 2024-12-02 13:40:17 : 255 steps taken, and 103 accepted.
[1 : mcmc] Progress @ 2024-12-02 13:40:18 : 281 steps taken, and 122 accepted.
[3 : mcmc] Progress @ 2024-12-02 13:40:18 : 276 steps taken, and 100 accepted.
[2 : mcmc] Progress @ 2024-12-02 13:40:19 : 278 steps taken, and 104 accepted.
[0 : mcmc] Progress @ 2024-12-02 13:41:17 : 276 steps taken, and 112 accepted.
[3 : mcmc] Progress @ 2024-12-02 13:41:19 : 294 steps taken, and 107 accepted.
[1 : mcmc] Progress @ 2024-12-02 13:41:21 : 300 steps taken, and 128 accepted.
[2 : mcmc] Progress @ 2024-12-02 13:41:23 : 302 steps taken, and 118 accepted.
[0 : mcmc] Progress @ 2024-12-02 13:42:20 : 294 steps taken, and 121 accepted.
[3 : mcmc] Progress @ 2024-12-02 13:42:23 : 314 steps taken, and 113 accepted.
[1 : mcmc] Progress @ 2024-12-02 13:42:24 : 320 steps taken, and 139 accepted.
[2 : mcmc] Progress @ 2024-12-02 13:42:26 : 322 steps taken, and 127 accepted.
[0 : mcmc] Progress @ 2024-12-02 13:43:21 : 315 steps taken, and 132 accepted.
[3 : mcmc] Progress @ 2024-12-02 13:43:24 : 340 steps taken, and 122 accepted.
[1 : mcmc] Progress @ 2024-12-02 13:43:26 : 339 steps taken, and 146 accepted.
[2 : mcmc] Progress @ 2024-12-02 13:43:26 : 345 steps taken, and 137 accepted.
[0 : mcmc] Progress @ 2024-12-02 13:44:22 : 337 steps taken, and 140 accepted.
[3 : mcmc] Progress @ 2024-12-02 13:44:25 : 359 steps taken, and 126 accepted.
[1 : mcmc] Progress @ 2024-12-02 13:44:27 : 361 steps taken, and 154 accepted.
[2 : mcmc] Progress @ 2024-12-02 13:44:29 : 376 steps taken, and 147 accepted.
[0 : mcmc] Progress @ 2024-12-02 13:45:23 : 364 steps taken, and 149 accepted.
[3 : mcmc] Progress @ 2024-12-02 13:45:27 : 378 steps taken, and 131 accepted.
[1 : mcmc] Progress @ 2024-12-02 13:45:28 : 381 steps taken, and 163 accepted.
[2 : mcmc] Progress @ 2024-12-02 13:45:30 : 395 steps taken, and 154 accepted.
[0 : mcmc] Progress @ 2024-12-02 13:46:24 : 391 steps taken, and 163 accepted.
[3 : mcmc] Progress @ 2024-12-02 13:46:30 : 400 steps taken, and 139 accepted.
[1 : mcmc] Progress @ 2024-12-02 13:46:32 : 401 steps taken, and 178 accepted.
[2 : mcmc] Progress @ 2024-12-02 13:46:34 : 416 steps taken, and 163 accepted.
[0 : mcmc] Progress @ 2024-12-02 13:47:27 : 413 steps taken, and 175 accepted.
[3 : mcmc] Progress @ 2024-12-02 13:47:33 : 430 steps taken, and 149 accepted.
[1 : mcmc] Progress @ 2024-12-02 13:47:36 : 420 steps taken, and 188 accepted.
[2 : mcmc] Progress @ 2024-12-02 13:47:37 : 436 steps taken, and 175 accepted.
[0 : mcmc] Progress @ 2024-12-02 13:48:30 : 436 steps taken, and 182 accepted.
[3 : mcmc] Progress @ 2024-12-02 13:48:36 : 453 steps taken, and 162 accepted.
[2 : mcmc] Progress @ 2024-12-02 13:48:39 : 457 steps taken, and 183 accepted.
[1 : mcmc] Progress @ 2024-12-02 13:48:37 : 439 steps taken, and 199 accepted.
[0 : mcmc] Progress @ 2024-12-02 13:49:33 : 460 steps taken, and 192 accepted.
[1 : mcmc] Progress @ 2024-12-02 13:49:38 : 456 steps taken, and 209 accepted.
[3 : mcmc] Progress @ 2024-12-02 13:49:39 : 478 steps taken, and 171 accepted.
[2 : mcmc] Progress @ 2024-12-02 13:49:40 : 478 steps taken, and 191 accepted.
[0 : mcmc] Progress @ 2024-12-02 13:50:34 : 482 steps taken, and 201 accepted.
[2 : mcmc] Progress @ 2024-12-02 13:50:41 : 504 steps taken, and 198 accepted.
[3 : mcmc] Progress @ 2024-12-02 13:50:41 : 501 steps taken, and 181 accepted.
[1 : mcmc] Progress @ 2024-12-02 13:50:41 : 475 steps taken, and 218 accepted.
[0 : mcmc] Progress @ 2024-12-02 13:51:37 : 504 steps taken, and 207 accepted.
[2 : mcmc] Progress @ 2024-12-02 13:51:41 : 527 steps taken, and 207 accepted.
[3 : mcmc] Progress @ 2024-12-02 13:51:44 : 530 steps taken, and 188 accepted.
[1 : mcmc] Progress @ 2024-12-02 13:51:45 : 495 steps taken, and 229 accepted.
[0 : mcmc] Progress @ 2024-12-02 13:52:38 : 524 steps taken, and 218 accepted.
[2 : mcmc] Progress @ 2024-12-02 13:52:42 : 548 steps taken, and 217 accepted.
[3 : mcmc] Progress @ 2024-12-02 13:52:46 : 560 steps taken, and 198 accepted.
[1 : mcmc] Progress @ 2024-12-02 13:52:48 : 515 steps taken, and 235 accepted.
[0 : mcmc] Progress @ 2024-12-02 13:53:39 : 548 steps taken, and 227 accepted.
[2 : mcmc] Progress @ 2024-12-02 13:53:42 : 565 steps taken, and 227 accepted.
[3 : mcmc] Progress @ 2024-12-02 13:53:48 : 586 steps taken, and 210 accepted.
[1 : mcmc] Progress @ 2024-12-02 13:53:49 : 536 steps taken, and 247 accepted.
[0 : mcmc] Progress @ 2024-12-02 13:54:41 : 567 steps taken, and 238 accepted.
[2 : mcmc] Progress @ 2024-12-02 13:54:44 : 587 steps taken, and 234 accepted.
[1 : mcmc] Progress @ 2024-12-02 13:54:50 : 557 steps taken, and 254 accepted.
[3 : mcmc] Progress @ 2024-12-02 13:54:52 : 609 steps taken, and 221 accepted.
[0 : mcmc] Progress @ 2024-12-02 13:55:43 : 587 steps taken, and 245 accepted.
[2 : mcmc] Progress @ 2024-12-02 13:55:45 : 608 steps taken, and 244 accepted.
[1 : mcmc] Progress @ 2024-12-02 13:55:53 : 577 steps taken, and 263 accepted.
[3 : mcmc] Progress @ 2024-12-02 13:55:53 : 639 steps taken, and 230 accepted.
[0 : mcmc] Progress @ 2024-12-02 13:56:43 : 611 steps taken, and 257 accepted.
[2 : mcmc] Progress @ 2024-12-02 13:56:45 : 634 steps taken, and 250 accepted.
[3 : mcmc] Progress @ 2024-12-02 13:56:54 : 662 steps taken, and 242 accepted.
[1 : mcmc] Progress @ 2024-12-02 13:56:54 : 599 steps taken, and 273 accepted.
[0 : mcmc] Progress @ 2024-12-02 13:57:44 : 630 steps taken, and 262 accepted.
[2 : mcmc] Progress @ 2024-12-02 13:57:47 : 655 steps taken, and 258 accepted.
[3 : mcmc] Progress @ 2024-12-02 13:57:56 : 684 steps taken, and 250 accepted.
[1 : mcmc] Progress @ 2024-12-02 13:57:57 : 621 steps taken, and 283 accepted.
[0 : mcmc] Progress @ 2024-12-02 13:58:44 : 651 steps taken, and 269 accepted.
[2 : mcmc] Progress @ 2024-12-02 13:58:48 : 679 steps taken, and 269 accepted.
[3 : mcmc] Progress @ 2024-12-02 13:58:57 : 707 steps taken, and 260 accepted.
[1 : mcmc] Progress @ 2024-12-02 13:59:01 : 642 steps taken, and 293 accepted.
[0 : mcmc] Progress @ 2024-12-02 13:59:48 : 680 steps taken, and 276 accepted.
[2 : mcmc] Progress @ 2024-12-02 13:59:50 : 703 steps taken, and 280 accepted.
[3 : mcmc] Progress @ 2024-12-02 13:59:59 : 737 steps taken, and 265 accepted.
[1 : mcmc] Progress @ 2024-12-02 14:00:02 : 666 steps taken, and 300 accepted.
[0 : mcmc] Progress @ 2024-12-02 14:00:49 : 699 steps taken, and 284 accepted.
[2 : mcmc] Progress @ 2024-12-02 14:00:52 : 725 steps taken, and 293 accepted.
[3 : mcmc] Progress @ 2024-12-02 14:01:00 : 766 steps taken, and 278 accepted.
[1 : mcmc] Progress @ 2024-12-02 14:01:05 : 697 steps taken, and 306 accepted.
[0 : mcmc] Progress @ 2024-12-02 14:01:52 : 728 steps taken, and 291 accepted.
[2 : mcmc] Progress @ 2024-12-02 14:01:56 : 746 steps taken, and 300 accepted.
[3 : mcmc] Progress @ 2024-12-02 14:02:03 : 790 steps taken, and 287 accepted.
[1 : mcmc] Progress @ 2024-12-02 14:02:05 : 719 steps taken, and 320 accepted.
[0 : mcmc] Progress @ 2024-12-02 14:02:53 : 749 steps taken, and 298 accepted.
[2 : mcmc] Progress @ 2024-12-02 14:02:59 : 768 steps taken, and 309 accepted.
[3 : mcmc] Progress @ 2024-12-02 14:03:04 : 814 steps taken, and 292 accepted.
[1 : mcmc] Progress @ 2024-12-02 14:03:08 : 739 steps taken, and 330 accepted.
[0 : mcmc] Progress @ 2024-12-02 14:03:56 : 774 steps taken, and 310 accepted.
[2 : mcmc] Progress @ 2024-12-02 14:03:59 : 792 steps taken, and 321 accepted.
[3 : mcmc] Progress @ 2024-12-02 14:04:06 : 836 steps taken, and 299 accepted.
[1 : mcmc] Progress @ 2024-12-02 14:04:08 : 759 steps taken, and 336 accepted.
[0 : mcmc] Progress @ 2024-12-02 14:05:00 : 795 steps taken, and 319 accepted.
[2 : mcmc] Progress @ 2024-12-02 14:05:02 : 815 steps taken, and 331 accepted.
[3 : mcmc] Progress @ 2024-12-02 14:05:07 : 856 steps taken, and 313 accepted.
[1 : mcmc] Progress @ 2024-12-02 14:05:10 : 782 steps taken, and 348 accepted.
[0 : mcmc] Progress @ 2024-12-02 14:06:01 : 815 steps taken, and 327 accepted.
[2 : mcmc] Progress @ 2024-12-02 14:06:05 : 838 steps taken, and 340 accepted.
[3 : mcmc] Progress @ 2024-12-02 14:06:07 : 883 steps taken, and 318 accepted.
[1 : mcmc] Progress @ 2024-12-02 14:06:11 : 805 steps taken, and 354 accepted.
[1 : mcmc] Learn + convergence test @ 360 samples accepted.
[1 : mcmc] Ready to check convergence and learn a new proposal covmat (waiting for the rest...)
[0 : mcmc] Progress @ 2024-12-02 14:07:01 : 835 steps taken, and 336 accepted.
[2 : mcmc] Progress @ 2024-12-02 14:07:06 : 858 steps taken, and 354 accepted.
[3 : mcmc] Progress @ 2024-12-02 14:07:09 : 904 steps taken, and 330 accepted.
[1 : mcmc] Progress @ 2024-12-02 14:07:13 : 830 steps taken, and 362 accepted.
[0 : mcmc] Progress @ 2024-12-02 14:08:04 : 860 steps taken, and 346 accepted.
[2 : mcmc] Progress @ 2024-12-02 14:08:07 : 879 steps taken, and 359 accepted.
[2 : mcmc] Learn + convergence test @ 360 samples accepted.
[2 : mcmc] Ready to check convergence and learn a new proposal covmat (waiting for the rest...)
[3 : mcmc] Progress @ 2024-12-02 14:08:13 : 928 steps taken, and 343 accepted.
[1 : mcmc] Progress @ 2024-12-02 14:08:14 : 848 steps taken, and 369 accepted.
[0 : mcmc] Progress @ 2024-12-02 14:09:06 : 879 steps taken, and 357 accepted.
[2 : mcmc] Progress @ 2024-12-02 14:09:10 : 899 steps taken, and 367 accepted.
[3 : mcmc] Progress @ 2024-12-02 14:09:13 : 957 steps taken, and 353 accepted.
[1 : mcmc] Progress @ 2024-12-02 14:09:14 : 867 steps taken, and 373 accepted.
[0 : mcmc] Learn + convergence test @ 360 samples accepted.
[0 : mcmc] Ready to check convergence and learn a new proposal covmat (waiting for the rest...)
[3 : mcmc] Learn + convergence test @ 360 samples accepted.
[3 : mcmc] Ready to check convergence and learn a new proposal covmat (waiting for the rest...)
[0 : mcmc] Progress @ 2024-12-02 14:10:08 : 902 steps taken, and 362 accepted.
[0 : mcmc] All chains are ready to check convergence and learn a new proposal covmat
[0 : mcmc]  - Acceptance rate: 0.399 = avg([0.38235294117647056, 0.4152173913043478, 0.415929203539823, 0.3829787234042553])
[0 : mcmc]  - Convergence of means: R-1 = 4.117138 after 1479 accepted steps = sum([363, 381, 375, 360])
[0 : mcmc]  - Updated covariance matrix of proposal pdf.
[2 : mcmc] Progress @ 2024-12-02 14:10:12 : 918 steps taken, and 375 accepted.
[3 : mcmc] Progress @ 2024-12-02 14:10:13 : 971 steps taken, and 361 accepted.
[1 : mcmc] Progress @ 2024-12-02 14:10:16 : 886 steps taken, and 381 accepted.
[0 : mcmc] Progress @ 2024-12-02 14:11:10 : 923 steps taken, and 371 accepted.
[2 : mcmc] Progress @ 2024-12-02 14:11:12 : 938 steps taken, and 381 accepted.
[3 : mcmc] Progress @ 2024-12-02 14:11:14 : 997 steps taken, and 368 accepted.
[1 : mcmc] Progress @ 2024-12-02 14:11:18 : 910 steps taken, and 391 accepted.
[0 : mcmc] Progress @ 2024-12-02 14:12:10 : 943 steps taken, and 382 accepted.
[2 : mcmc] Progress @ 2024-12-02 14:12:14 : 959 steps taken, and 386 accepted.
[3 : mcmc] Progress @ 2024-12-02 14:12:15 : 1021 steps taken, and 378 accepted.
[1 : mcmc] Progress @ 2024-12-02 14:12:19 : 949 steps taken, and 402 accepted.
[0 : mcmc] Progress @ 2024-12-02 14:13:12 : 965 steps taken, and 389 accepted.
[2 : mcmc] Progress @ 2024-12-02 14:13:17 : 980 steps taken, and 395 accepted.
[3 : mcmc] Progress @ 2024-12-02 14:13:18 : 1047 steps taken, and 387 accepted.
[1 : mcmc] Progress @ 2024-12-02 14:13:20 : 989 steps taken, and 414 accepted.
[0 : mcmc] Progress @ 2024-12-02 14:14:12 : 988 steps taken, and 396 accepted.
[2 : mcmc] Progress @ 2024-12-02 14:14:20 : 999 steps taken, and 405 accepted.
[3 : mcmc] Progress @ 2024-12-02 14:14:20 : 1070 steps taken, and 395 accepted.
[1 : mcmc] Progress @ 2024-12-02 14:14:20 : 1025 steps taken, and 426 accepted.
[0 : mcmc] Progress @ 2024-12-02 14:15:13 : 1008 steps taken, and 403 accepted.
[1 : mcmc] Progress @ 2024-12-02 14:15:22 : 1062 steps taken, and 434 accepted.
[2 : mcmc] Progress @ 2024-12-02 14:15:22 : 1018 steps taken, and 411 accepted.
[3 : mcmc] Progress @ 2024-12-02 14:15:24 : 1097 steps taken, and 400 accepted.
[0 : mcmc] Progress @ 2024-12-02 14:16:14 : 1028 steps taken, and 410 accepted.
[1 : mcmc] Progress @ 2024-12-02 14:16:23 : 1095 steps taken, and 441 accepted.
[3 : mcmc] Progress @ 2024-12-02 14:16:24 : 1117 steps taken, and 410 accepted.
[2 : mcmc] Progress @ 2024-12-02 14:16:24 : 1044 steps taken, and 418 accepted.
[0 : mcmc] Progress @ 2024-12-02 14:17:17 : 1052 steps taken, and 418 accepted.
[1 : mcmc] Progress @ 2024-12-02 14:17:26 : 1128 steps taken, and 451 accepted.
[2 : mcmc] Progress @ 2024-12-02 14:17:26 : 1067 steps taken, and 428 accepted.
[3 : mcmc] Progress @ 2024-12-02 14:17:26 : 1152 steps taken, and 418 accepted.
[0 : mcmc] Progress @ 2024-12-02 14:18:17 : 1078 steps taken, and 425 accepted.
[2 : mcmc] Progress @ 2024-12-02 14:18:27 : 1091 steps taken, and 440 accepted.
[3 : mcmc] Progress @ 2024-12-02 14:18:29 : 1180 steps taken, and 423 accepted.
[1 : mcmc] Progress @ 2024-12-02 14:18:29 : 1166 steps taken, and 458 accepted.
[0 : mcmc] Progress @ 2024-12-02 14:19:17 : 1102 steps taken, and 435 accepted.
[2 : mcmc] Progress @ 2024-12-02 14:19:27 : 1116 steps taken, and 448 accepted.
[1 : mcmc] Progress @ 2024-12-02 14:19:30 : 1199 steps taken, and 467 accepted.
[3 : mcmc] Progress @ 2024-12-02 14:19:33 : 1206 steps taken, and 433 accepted.
[0 : mcmc] Progress @ 2024-12-02 14:20:18 : 1139 steps taken, and 444 accepted.
[2 : mcmc] Progress @ 2024-12-02 14:20:30 : 1142 steps taken, and 460 accepted.
[1 : mcmc] Progress @ 2024-12-02 14:20:31 : 1224 steps taken, and 476 accepted.
[3 : mcmc] Progress @ 2024-12-02 14:20:37 : 1231 steps taken, and 444 accepted.
[0 : mcmc] Progress @ 2024-12-02 14:21:20 : 1180 steps taken, and 449 accepted.
[2 : mcmc] Progress @ 2024-12-02 14:21:30 : 1166 steps taken, and 468 accepted.
[1 : mcmc] Progress @ 2024-12-02 14:21:32 : 1264 steps taken, and 486 accepted.
[3 : mcmc] Progress @ 2024-12-02 14:21:37 : 1261 steps taken, and 453 accepted.
[0 : mcmc] Progress @ 2024-12-02 14:22:24 : 1209 steps taken, and 462 accepted.
[2 : mcmc] Progress @ 2024-12-02 14:22:31 : 1191 steps taken, and 475 accepted.
[1 : mcmc] Progress @ 2024-12-02 14:22:32 : 1291 steps taken, and 497 accepted.
[3 : mcmc] Progress @ 2024-12-02 14:22:40 : 1282 steps taken, and 463 accepted.
[0 : mcmc] Progress @ 2024-12-02 14:23:25 : 1236 steps taken, and 469 accepted.
[2 : mcmc] Progress @ 2024-12-02 14:23:32 : 1217 steps taken, and 484 accepted.
[1 : mcmc] Progress @ 2024-12-02 14:23:33 : 1333 steps taken, and 511 accepted.
[3 : mcmc] Progress @ 2024-12-02 14:23:41 : 1304 steps taken, and 470 accepted.
[0 : mcmc] Progress @ 2024-12-02 14:24:26 : 1261 steps taken, and 476 accepted.
[2 : mcmc] Progress @ 2024-12-02 14:24:33 : 1243 steps taken, and 492 accepted.
[1 : mcmc] Progress @ 2024-12-02 14:24:35 : 1367 steps taken, and 523 accepted.
[3 : mcmc] Progress @ 2024-12-02 14:24:42 : 1328 steps taken, and 478 accepted.
[0 : mcmc] Progress @ 2024-12-02 14:25:27 : 1298 steps taken, and 490 accepted.
[2 : mcmc] Progress @ 2024-12-02 14:25:36 : 1266 steps taken, and 501 accepted.
[1 : mcmc] Progress @ 2024-12-02 14:25:38 : 1402 steps taken, and 532 accepted.
[3 : mcmc] Progress @ 2024-12-02 14:25:45 : 1355 steps taken, and 489 accepted.
[0 : mcmc] Progress @ 2024-12-02 14:26:29 : 1323 steps taken, and 501 accepted.
[2 : mcmc] Progress @ 2024-12-02 14:26:38 : 1294 steps taken, and 510 accepted.
[1 : mcmc] Progress @ 2024-12-02 14:26:40 : 1445 steps taken, and 544 accepted.
[3 : mcmc] Progress @ 2024-12-02 14:26:45 : 1385 steps taken, and 497 accepted.
[0 : mcmc] Progress @ 2024-12-02 14:27:29 : 1350 steps taken, and 510 accepted.
[2 : mcmc] Progress @ 2024-12-02 14:27:40 : 1317 steps taken, and 520 accepted.
[1 : mcmc] Progress @ 2024-12-02 14:27:41 : 1480 steps taken, and 552 accepted.
[3 : mcmc] Progress @ 2024-12-02 14:27:47 : 1405 steps taken, and 509 accepted.
[0 : mcmc] Progress @ 2024-12-02 14:28:30 : 1376 steps taken, and 520 accepted.
[1 : mcmc] Progress @ 2024-12-02 14:28:41 : 1509 steps taken, and 559 accepted.
[2 : mcmc] Progress @ 2024-12-02 14:28:43 : 1343 steps taken, and 529 accepted.
[3 : mcmc] Progress @ 2024-12-02 14:28:50 : 1430 steps taken, and 520 accepted.
[0 : mcmc] Progress @ 2024-12-02 14:29:31 : 1419 steps taken, and 530 accepted.
[1 : mcmc] Progress @ 2024-12-02 14:29:42 : 1534 steps taken, and 570 accepted.
[2 : mcmc] Progress @ 2024-12-02 14:29:43 : 1363 steps taken, and 536 accepted.
[3 : mcmc] Progress @ 2024-12-02 14:29:51 : 1455 steps taken, and 530 accepted.
[0 : mcmc] Progress @ 2024-12-02 14:30:33 : 1450 steps taken, and 536 accepted.
[1 : mcmc] Progress @ 2024-12-02 14:30:44 : 1552 steps taken, and 581 accepted.
[2 : mcmc] Progress @ 2024-12-02 14:30:46 : 1387 steps taken, and 545 accepted.
[3 : mcmc] Progress @ 2024-12-02 14:30:54 : 1478 steps taken, and 536 accepted.
[0 : mcmc] Progress @ 2024-12-02 14:31:34 : 1491 steps taken, and 544 accepted.
[1 : mcmc] Progress @ 2024-12-02 14:31:47 : 1581 steps taken, and 596 accepted.
[2 : mcmc] Progress @ 2024-12-02 14:31:47 : 1407 steps taken, and 554 accepted.
[3 : mcmc] Progress @ 2024-12-02 14:31:56 : 1497 steps taken, and 544 accepted.
[0 : mcmc] Progress @ 2024-12-02 14:32:35 : 1528 steps taken, and 552 accepted.
[1 : mcmc] Progress @ 2024-12-02 14:32:48 : 1609 steps taken, and 609 accepted.
[2 : mcmc] Progress @ 2024-12-02 14:32:48 : 1426 steps taken, and 562 accepted.
[3 : mcmc] Progress @ 2024-12-02 14:32:58 : 1519 steps taken, and 548 accepted.
[0 : mcmc] Progress @ 2024-12-02 14:33:38 : 1551 steps taken, and 558 accepted.
[2 : mcmc] Progress @ 2024-12-02 14:33:50 : 1446 steps taken, and 570 accepted.
[1 : mcmc] Progress @ 2024-12-02 14:33:52 : 1630 steps taken, and 616 accepted.
[3 : mcmc] Progress @ 2024-12-02 14:33:59 : 1548 steps taken, and 556 accepted.
[0 : mcmc] Progress @ 2024-12-02 14:34:40 : 1584 steps taken, and 569 accepted.
[2 : mcmc] Progress @ 2024-12-02 14:34:51 : 1468 steps taken, and 576 accepted.
[1 : mcmc] Progress @ 2024-12-02 14:34:54 : 1663 steps taken, and 628 accepted.
[3 : mcmc] Progress @ 2024-12-02 14:35:02 : 1575 steps taken, and 564 accepted.
[0 : mcmc] Progress @ 2024-12-02 14:35:41 : 1613 steps taken, and 578 accepted.
[2 : mcmc] Progress @ 2024-12-02 14:35:53 : 1490 steps taken, and 583 accepted.
[1 : mcmc] Progress @ 2024-12-02 14:35:54 : 1695 steps taken, and 634 accepted.
[3 : mcmc] Progress @ 2024-12-02 14:36:03 : 1595 steps taken, and 570 accepted.
[0 : mcmc] Progress @ 2024-12-02 14:36:42 : 1643 steps taken, and 588 accepted.
[2 : mcmc] Progress @ 2024-12-02 14:36:54 : 1509 steps taken, and 592 accepted.
[1 : mcmc] Progress @ 2024-12-02 14:36:55 : 1724 steps taken, and 649 accepted.
[3 : mcmc] Progress @ 2024-12-02 14:37:07 : 1617 steps taken, and 582 accepted.
[0 : mcmc] Progress @ 2024-12-02 14:37:44 : 1668 steps taken, and 594 accepted.
[2 : mcmc] Progress @ 2024-12-02 14:37:54 : 1528 steps taken, and 599 accepted.
[1 : mcmc] Progress @ 2024-12-02 14:37:57 : 1754 steps taken, and 658 accepted.
[3 : mcmc] Progress @ 2024-12-02 14:38:07 : 1640 steps taken, and 594 accepted.
[0 : mcmc] Progress @ 2024-12-02 14:38:45 : 1713 steps taken, and 607 accepted.
[2 : mcmc] Progress @ 2024-12-02 14:38:56 : 1549 steps taken, and 608 accepted.
[1 : mcmc] Progress @ 2024-12-02 14:38:57 : 1783 steps taken, and 667 accepted.
[3 : mcmc] Progress @ 2024-12-02 14:39:09 : 1659 steps taken, and 599 accepted.
[0 : mcmc] Progress @ 2024-12-02 14:39:46 : 1752 steps taken, and 619 accepted.
[2 : mcmc] Progress @ 2024-12-02 14:39:58 : 1577 steps taken, and 619 accepted.
[1 : mcmc] Progress @ 2024-12-02 14:39:59 : 1810 steps taken, and 680 accepted.
[3 : mcmc] Progress @ 2024-12-02 14:40:12 : 1679 steps taken, and 606 accepted.
[0 : mcmc] Progress @ 2024-12-02 14:40:46 : 1808 steps taken, and 629 accepted.
[2 : mcmc] Progress @ 2024-12-02 14:41:00 : 1601 steps taken, and 628 accepted.
[1 : mcmc] Progress @ 2024-12-02 14:41:01 : 1850 steps taken, and 689 accepted.
[3 : mcmc] Progress @ 2024-12-02 14:41:15 : 1708 steps taken, and 615 accepted.
[0 : mcmc] Progress @ 2024-12-02 14:41:47 : 1882 steps taken, and 635 accepted.
[1 : mcmc] Progress @ 2024-12-02 14:42:02 : 1892 steps taken, and 703 accepted.
[2 : mcmc] Progress @ 2024-12-02 14:42:02 : 1623 steps taken, and 637 accepted.
[3 : mcmc] Progress @ 2024-12-02 14:42:18 : 1731 steps taken, and 621 accepted.
[0 : mcmc] Progress @ 2024-12-02 14:42:51 : 1952 steps taken, and 648 accepted.
[1 : mcmc] Progress @ 2024-12-02 14:43:03 : 1923 steps taken, and 711 accepted.
[2 : mcmc] Progress @ 2024-12-02 14:43:05 : 1647 steps taken, and 644 accepted.
[3 : mcmc] Progress @ 2024-12-02 14:43:19 : 1753 steps taken, and 628 accepted.
[1 : mcmc] Progress @ 2024-12-02 14:44:04 : 1960 steps taken, and 719 accepted.
[0 : mcmc] Progress @ 2024-12-02 14:44:05 : 1988 steps taken, and 656 accepted.
[2 : mcmc] Progress @ 2024-12-02 14:44:07 : 1668 steps taken, and 648 accepted.
[3 : mcmc] Progress @ 2024-12-02 14:44:22 : 1780 steps taken, and 639 accepted.
[1 : mcmc] Learn + convergence test @ 720 samples accepted.
[1 : mcmc] Ready to check convergence and learn a new proposal covmat (waiting for the rest...)
[1 : mcmc] Progress @ 2024-12-02 14:45:04 : 1999 steps taken, and 729 accepted.
[2 : mcmc] Progress @ 2024-12-02 14:45:08 : 1692 steps taken, and 660 accepted.
[0 : mcmc] Progress @ 2024-12-02 14:45:21 : 2014 steps taken, and 666 accepted.
[3 : mcmc] Progress @ 2024-12-02 14:45:24 : 1804 steps taken, and 652 accepted.
[1 : mcmc] Progress @ 2024-12-02 14:46:06 : 2029 steps taken, and 738 accepted.
[2 : mcmc] Progress @ 2024-12-02 14:46:09 : 1719 steps taken, and 675 accepted.
[0 : mcmc] Progress @ 2024-12-02 14:46:25 : 2042 steps taken, and 675 accepted.
[3 : mcmc] Progress @ 2024-12-02 14:46:27 : 1824 steps taken, and 658 accepted.
[1 : mcmc] Progress @ 2024-12-02 14:47:07 : 2052 steps taken, and 746 accepted.
[2 : mcmc] Progress @ 2024-12-02 14:47:10 : 1742 steps taken, and 685 accepted.
[0 : mcmc] Progress @ 2024-12-02 14:47:26 : 2084 steps taken, and 688 accepted.
[3 : mcmc] Progress @ 2024-12-02 14:47:29 : 1853 steps taken, and 663 accepted.
[1 : mcmc] Progress @ 2024-12-02 14:48:07 : 2077 steps taken, and 753 accepted.
[2 : mcmc] Progress @ 2024-12-02 14:48:10 : 1767 steps taken, and 695 accepted.
[0 : mcmc] Progress @ 2024-12-02 14:48:30 : 2114 steps taken, and 695 accepted.
[3 : mcmc] Progress @ 2024-12-02 14:48:31 : 1885 steps taken, and 674 accepted.
[1 : mcmc] Progress @ 2024-12-02 14:49:10 : 2107 steps taken, and 767 accepted.
[2 : mcmc] Progress @ 2024-12-02 14:49:12 : 1795 steps taken, and 702 accepted.
[0 : mcmc] Progress @ 2024-12-02 14:49:31 : 2146 steps taken, and 704 accepted.
[3 : mcmc] Progress @ 2024-12-02 14:49:33 : 1912 steps taken, and 683 accepted.
[1 : mcmc] Progress @ 2024-12-02 14:50:13 : 2138 steps taken, and 782 accepted.
[2 : mcmc] Progress @ 2024-12-02 14:50:15 : 1816 steps taken, and 712 accepted.
[0 : mcmc] Progress @ 2024-12-02 14:50:32 : 2176 steps taken, and 714 accepted.
[3 : mcmc] Progress @ 2024-12-02 14:50:34 : 1936 steps taken, and 692 accepted.
[2 : mcmc] Learn + convergence test @ 720 samples accepted.
[2 : mcmc] Ready to check convergence and learn a new proposal covmat (waiting for the rest...)
[0 : mcmc] Learn + convergence test @ 720 samples accepted.
[0 : mcmc] Ready to check convergence and learn a new proposal covmat (waiting for the rest...)
[1 : mcmc] Progress @ 2024-12-02 14:51:15 : 2174 steps taken, and 794 accepted.
[2 : mcmc] Progress @ 2024-12-02 14:51:17 : 1848 steps taken, and 723 accepted.
[0 : mcmc] Progress @ 2024-12-02 14:51:35 : 2201 steps taken, and 724 accepted.
[3 : mcmc] Progress @ 2024-12-02 14:51:37 : 1956 steps taken, and 699 accepted.
[1 : mcmc] Progress @ 2024-12-02 14:52:16 : 2194 steps taken, and 799 accepted.
[2 : mcmc] Progress @ 2024-12-02 14:52:18 : 1867 steps taken, and 729 accepted.
[0 : mcmc] Progress @ 2024-12-02 14:52:36 : 2229 steps taken, and 733 accepted.
[3 : mcmc] Progress @ 2024-12-02 14:52:38 : 1978 steps taken, and 704 accepted.
[1 : mcmc] Progress @ 2024-12-02 14:53:16 : 2215 steps taken, and 807 accepted.
[2 : mcmc] Progress @ 2024-12-02 14:53:21 : 1889 steps taken, and 736 accepted.
[0 : mcmc] Progress @ 2024-12-02 14:53:37 : 2253 steps taken, and 740 accepted.
[3 : mcmc] Progress @ 2024-12-02 14:53:40 : 1998 steps taken, and 714 accepted.
[1 : mcmc] Progress @ 2024-12-02 14:54:20 : 2236 steps taken, and 820 accepted.
[2 : mcmc] Progress @ 2024-12-02 14:54:21 : 1911 steps taken, and 746 accepted.
[3 : mcmc] Learn + convergence test @ 720 samples accepted.
[3 : mcmc] Ready to check convergence and learn a new proposal covmat (waiting for the rest...)
[0 : mcmc] All chains are ready to check convergence and learn a new proposal covmat
[0 : mcmc]  - Acceptance rate: 0.330 = avg([0.2774480712166172, 0.3246445497630332, 0.374749498997996, 0.3441682600382409])
[0 : mcmc]  - Convergence of means: R-1 = 6.207650 after 3038 accepted steps = sum([748, 822, 748, 720])
[0 : mcmc]  - Updated covariance matrix of proposal pdf.
[0 : mcmc] Progress @ 2024-12-02 14:54:38 : 2280 steps taken, and 748 accepted.
[3 : mcmc] Progress @ 2024-12-02 14:54:42 : 2018 steps taken, and 721 accepted.
[1 : mcmc] Progress @ 2024-12-02 14:55:23 : 2287 steps taken, and 833 accepted.
[2 : mcmc] Progress @ 2024-12-02 14:55:24 : 1932 steps taken, and 758 accepted.
[0 : mcmc] Progress @ 2024-12-02 14:55:41 : 2304 steps taken, and 758 accepted.
[3 : mcmc] Progress @ 2024-12-02 14:55:45 : 2053 steps taken, and 737 accepted.
[1 : mcmc] Progress @ 2024-12-02 14:56:26 : 2329 steps taken, and 844 accepted.
[2 : mcmc] Progress @ 2024-12-02 14:56:27 : 1950 steps taken, and 764 accepted.
[0 : mcmc] Progress @ 2024-12-02 14:56:44 : 2343 steps taken, and 771 accepted.
[3 : mcmc] Progress @ 2024-12-02 14:56:47 : 2083 steps taken, and 746 accepted.
[1 : mcmc] Progress @ 2024-12-02 14:57:26 : 2360 steps taken, and 856 accepted.
[node020:13532:0:13532] Caught signal 11 (Segmentation fault: address not mapped to object at address 0xfffffffc0458b308)
BFD: DWARF error: can't find .debug_ranges section.
BFD: DWARF error: can't find .debug_ranges section.
BFD: DWARF error: can't find .debug_ranges section.
BFD: DWARF error: can't find .debug_ranges section.
BFD: DWARF error: can't find .debug_ranges section.
BFD: DWARF error: can't find .debug_ranges section.
BFD: DWARF error: can't find .debug_ranges section.
BFD: DWARF error: can't find .debug_ranges section.
BFD: DWARF error: can't find .debug_ranges section.
BFD: DWARF error: can't find .debug_ranges section.
BFD: DWARF error: can't find .debug_ranges section.
BFD: DWARF error: can't find .debug_ranges section.
BFD: DWARF error: can't find .debug_ranges section.
BFD: DWARF error: can't find .debug_ranges section.
BFD: DWARF error: can't find .debug_ranges section.
BFD: DWARF error: can't find .debug_ranges section.
BFD: DWARF error: can't find .debug_ranges section.
BFD: DWARF error: can't find .debug_ranges section.
BFD: DWARF error: can't find .debug_ranges section.
BFD: DWARF error: can't find .debug_ranges section.
BFD: DWARF error: can't find .debug_ranges section.
BFD: DWARF error: can't find .debug_ranges section.
BFD: DWARF error: can't find .debug_ranges section.
BFD: DWARF error: can't find .debug_ranges section.
BFD: DWARF error: can't find .debug_ranges section.
BFD: DWARF error: can't find .debug_ranges section.
BFD: DWARF error: can't find .debug_ranges section.
BFD: DWARF error: can't find .debug_ranges section.
BFD: DWARF error: can't find .debug_ranges section.
BFD: DWARF error: can't find .debug_ranges section.
BFD: DWARF error: can't find .debug_ranges section.
BFD: DWARF error: can't find .debug_ranges section.
BFD: DWARF error: can't find .debug_ranges section.
BFD: DWARF error: can't find .debug_ranges section.
BFD: DWARF error: can't find .debug_ranges section.
BFD: DWARF error: can't find .debug_ranges section.
BFD: DWARF error: can't find .debug_ranges section.
BFD: DWARF error: can't find .debug_ranges section.
BFD: DWARF error: can't find .debug_ranges section.
BFD: DWARF error: can't find .debug_ranges section.
BFD: DWARF error: can't find .debug_ranges section.
BFD: DWARF error: can't find .debug_ranges section.
BFD: DWARF error: can't find .debug_ranges section.
BFD: DWARF error: can't find .debug_ranges section.
BFD: DWARF error: can't find .debug_ranges section.
BFD: DWARF error: can't find .debug_ranges section.
BFD: DWARF error: can't find .debug_ranges section.
BFD: DWARF error: can't find .debug_ranges section.
BFD: DWARF error: can't find .debug_ranges section.
BFD: DWARF error: can't find .debug_ranges section.
BFD: DWARF error: can't find .debug_ranges section.
BFD: DWARF error: can't find .debug_ranges section.
BFD: DWARF error: can't find .debug_ranges section.
BFD: DWARF error: can't find .debug_ranges section.
BFD: DWARF error: can't find .debug_ranges section.
BFD: DWARF error: can't find .debug_ranges section.
BFD: DWARF error: can't find .debug_ranges section.
BFD: DWARF error: can't find .debug_ranges section.
BFD: DWARF error: can't find .debug_ranges section.
BFD: DWARF error: can't find .debug_ranges section.
BFD: DWARF error: can't find .debug_ranges section.
BFD: DWARF error: can't find .debug_ranges section.
BFD: DWARF error: can't find .debug_ranges section.
BFD: DWARF error: can't find .debug_ranges section.
BFD: DWARF error: can't find .debug_ranges section.
BFD: DWARF error: can't find .debug_ranges section.
BFD: DWARF error: can't find .debug_ranges section.
BFD: DWARF error: can't find .debug_ranges section.
BFD: DWARF error: can't find .debug_ranges section.
BFD: DWARF error: can't find .debug_ranges section.
BFD: DWARF error: can't find .debug_ranges section.
BFD: DWARF error: can't find .debug_ranges section.
BFD: DWARF error: can't find .debug_ranges section.
BFD: DWARF error: can't find .debug_ranges section.
BFD: DWARF error: can't find .debug_ranges section.
BFD: DWARF error: can't find .debug_ranges section.
BFD: DWARF error: can't find .debug_ranges section.
BFD: DWARF error: can't find .debug_ranges section.
BFD: DWARF error: can't find .debug_ranges section.
BFD: DWARF error: can't find .debug_ranges section.
BFD: DWARF error: can't find .debug_ranges section.
BFD: DWARF error: can't find .debug_ranges section.
BFD: DWARF error: can't find .debug_ranges section.
BFD: DWARF error: can't find .debug_ranges section.
BFD: DWARF error: can't find .debug_ranges section.
BFD: DWARF error: can't find .debug_ranges section.
BFD: DWARF error: can't find .debug_ranges section.
BFD: DWARF error: can't find .debug_ranges section.
BFD: DWARF error: can't find .debug_ranges section.
BFD: DWARF error: can't find .debug_ranges section.
==== backtrace (tid:  13532) ====
 0 0x0000000000021563 ucs_debug_print_backtrace()  /dev/shm/UCX/1.8.0/GCCcore-9.3.0/ucx-1.8.0/src/ucs/debug/debug.c:653
 1 0x0000000000039f73 __massivenu_MOD_thermalnubackground_rho()  ???:0
 2 0x000000000003da59 __results_MOD_grho_no_de()  ???:0
 3 0x00000000000a5f01 dtauda_()  ???:0
 4 0x000000000004cfdc __results_MOD_thermo_init._omp_fn.0()  results.f90:0
 5 0x0000000000014295 GOMP_parallel_sections()  ???:0
 6 0x000000000004f7c2 __results_MOD_thermo_init()  ???:0
 7 0x00000000000f3103 __cambmain_MOD_initvars()  ???:0
 8 0x00000000000f93df __cambmain_MOD_cmbmain()  ???:0
 9 0x0000000000105026 __camb_MOD_camb_getresults()  ???:0
10 0x000000000010fcbf __handles_MOD_cambdata_gettransfers()  ???:0
11 0x0000000000006a4a ffi_call_unix64()  :0
12 0x0000000000005fea ffi_call_int()  ffi64.c:0
13 0x00000000000091e0 _ctypes_callproc.cold()  :0
14 0x00000000000126ee PyCFuncPtr_call()  :0
15 0x00000000004f061c _PyObject_MakeTpCall()  ???:0
16 0x00000000004ec4f7 _PyEval_EvalFrameDefault()  ???:0
17 0x00000000004e694a _PyEval_EvalCode()  :0
18 0x000000000050500d method_vectorcall()  :0
19 0x00000000004e8a8b _PyEval_EvalFrameDefault()  ???:0
20 0x00000000004e694a _PyEval_EvalCode()  :0
21 0x00000000004f7d95 _PyFunction_Vectorcall()  ???:0
22 0x00000000004e8a8b _PyEval_EvalFrameDefault()  ???:0
23 0x00000000004e694a _PyEval_EvalCode()  :0
24 0x000000000050500d method_vectorcall()  :0
25 0x0000000000505744 PyObject_Call()  ???:0
26 0x00000000004eac68 _PyEval_EvalFrameDefault()  ???:0
27 0x00000000004e694a _PyEval_EvalCode()  :0
28 0x000000000050500d method_vectorcall()  :0
29 0x00000000004e8a8b _PyEval_EvalFrameDefault()  ???:0
30 0x00000000004e694a _PyEval_EvalCode()  :0
31 0x000000000050500d method_vectorcall()  :0
32 0x00000000004e8a8b _PyEval_EvalFrameDefault()  ???:0
33 0x00000000004e694a _PyEval_EvalCode()  :0
34 0x00000000004f7d95 _PyFunction_Vectorcall()  ???:0
35 0x00000000004e7edc _PyEval_EvalFrameDefault()  ???:0
36 0x00000000004f8073 function_code_fastcall()  :0
37 0x0000000000504f01 method_vectorcall()  :0
38 0x00000000004ec5b4 _PyEval_EvalFrameDefault()  ???:0
39 0x00000000004f8073 function_code_fastcall()  :0
40 0x00000000004e7edc _PyEval_EvalFrameDefault()  ???:0
41 0x00000000004e694a _PyEval_EvalCode()  :0
42 0x00000000004f7d95 _PyFunction_Vectorcall()  ???:0
43 0x0000000000505744 PyObject_Call()  ???:0
44 0x00000000004eac68 _PyEval_EvalFrameDefault()  ???:0
45 0x00000000004f8073 function_code_fastcall()  :0
46 0x00000000004e7c22 _PyEval_EvalFrameDefault()  ???:0
47 0x00000000004e694a _PyEval_EvalCode()  :0
48 0x00000000004e65d7 _PyEval_EvalCodeWithName()  ???:0
49 0x00000000004e6589 PyEval_EvalCodeEx()  ???:0
50 0x0000000000593f2b PyEval_EvalCode()  ???:0
51 0x00000000005c1697 run_eval_code_obj()  :0
52 0x00000000005bd6b0 run_mod()  :0
53 0x00000000004565eb pyrun_file.cold()  :0
54 0x00000000005b7392 PyRun_SimpleFileExFlags()  ???:0
55 0x00000000005b490e Py_RunMain()  ???:0
56 0x0000000000587fd9 Py_BytesMain()  ???:0
57 0x0000000000022555 __libc_start_main()  ???:0
=================================
[node020:13532] *** Process received signal ***
[node020:13532] Signal: Segmentation fault (11)
[node020:13532] Signal code:  (-6)
[node020:13532] Failing at address: 0x8cfb8000034dc
[node020:13532] [ 0] /lib64/libpthread.so.0(+0xf630)[0x7f98e013f630]
[node020:13532] [ 1] /users/smp24dhl/cosmo/code/CAMB_beta/camb/camblib.so(__massivenu_MOD_thermalnubackground_rho+0x63)[0x7f98a52b6f73]
[node020:13532] [ 2] /users/smp24dhl/cosmo/code/CAMB_beta/camb/camblib.so(__results_MOD_grho_no_de+0xc9)[0x7f98a52baa59]
[node020:13532] [ 3] /users/smp24dhl/cosmo/code/CAMB_beta/camb/camblib.so(dtauda_+0x61)[0x7f98a5322f01]
[node020:13532] [ 4] /users/smp24dhl/cosmo/code/CAMB_beta/camb/camblib.so(+0x4cfdc)[0x7f98a52c9fdc]
[node020:13532] [ 5] /users/smp24dhl/.conda/envs/cosmos/bin/../lib/libgomp.so.1(GOMP_parallel_sections+0x80)[0x7f98a5252295]
[node020:13532] [ 6] /users/smp24dhl/cosmo/code/CAMB_beta/camb/camblib.so(__results_MOD_thermo_init+0x12d2)[0x7f98a52cc7c2]
[node020:13532] [ 7] /users/smp24dhl/cosmo/code/CAMB_beta/camb/camblib.so(__cambmain_MOD_initvars+0x193)[0x7f98a5370103]
[node020:13532] [ 8] /users/smp24dhl/cosmo/code/CAMB_beta/camb/camblib.so(__cambmain_MOD_cmbmain+0xbf)[0x7f98a53763df]
[node020:13532] [ 9] /users/smp24dhl/cosmo/code/CAMB_beta/camb/camblib.so(__camb_MOD_camb_getresults+0x2986)[0x7f98a5382026]
[node020:13532] [10] /users/smp24dhl/cosmo/code/CAMB_beta/camb/camblib.so(__handles_MOD_cambdata_gettransfers+0x1f)[0x7f98a538ccbf]
[node020:13532] [11] /users/smp24dhl/.conda/envs/cosmos/lib/python3.9/lib-dynload/../../libffi.so.8(+0x6a4a)[0x7f98e03f8a4a]
[node020:13532] [12] /users/smp24dhl/.conda/envs/cosmos/lib/python3.9/lib-dynload/../../libffi.so.8(+0x5fea)[0x7f98e03f7fea]
[node020:13532] [13] /users/smp24dhl/.conda/envs/cosmos/lib/python3.9/lib-dynload/_ctypes.cpython-39-x86_64-linux-gnu.so(+0x91e0)[0x7f98bc8f61e0]
[node020:13532] [14] /users/smp24dhl/.conda/envs/cosmos/lib/python3.9/lib-dynload/_ctypes.cpython-39-x86_64-linux-gnu.so(+0x126ee)[0x7f98bc8ff6ee]
[node020:13532] [15] /users/smp24dhl/.conda/envs/cosmos/bin/python(_PyObject_MakeTpCall+0x2ec)[0x4f061c]
[node020:13532] [16] /users/smp24dhl/.conda/envs/cosmos/bin/python(_PyEval_EvalFrameDefault+0x4ca7)[0x4ec4f7]
[node020:13532] [17] /users/smp24dhl/.conda/envs/cosmos/bin/python[0x4e694a]
[node020:13532] [18] /users/smp24dhl/.conda/envs/cosmos/bin/python[0x50500d]
[node020:13532] [19] /users/smp24dhl/.conda/envs/cosmos/bin/python(_PyEval_EvalFrameDefault+0x123b)[0x4e8a8b]
[node020:13532] [20] /users/smp24dhl/.conda/envs/cosmos/bin/python[0x4e694a]
[node020:13532] [21] /users/smp24dhl/.conda/envs/cosmos/bin/python(_PyFunction_Vectorcall+0xd5)[0x4f7d95]
[node020:13532] [22] /users/smp24dhl/.conda/envs/cosmos/bin/python(_PyEval_EvalFrameDefault+0x123b)[0x4e8a8b]
[node020:13532] [23] /users/smp24dhl/.conda/envs/cosmos/bin/python[0x4e694a]
[node020:13532] [24] /users/smp24dhl/.conda/envs/cosmos/bin/python[0x50500d]
[node020:13532] [25] /users/smp24dhl/.conda/envs/cosmos/bin/python(PyObject_Call+0xb4)[0x505744]
[node020:13532] [26] /users/smp24dhl/.conda/envs/cosmos/bin/python(_PyEval_EvalFrameDefault+0x3418)[0x4eac68]
[node020:13532] [27] /users/smp24dhl/.conda/envs/cosmos/bin/python[0x4e694a]
[node020:13532] [28] /users/smp24dhl/.conda/envs/cosmos/bin/python[0x50500d]
[node020:13532] [29] /users/smp24dhl/.conda/envs/cosmos/bin/python(_PyEval_EvalFrameDefault+0x123b)[0x4e8a8b]
[node020:13532] *** End of error message ***
--------------------------------------------------------------------------
Primary job  terminated normally, but 1 process returned
a non-zero exit code. Per user-direction, the job has been aborted.
--------------------------------------------------------------------------
--------------------------------------------------------------------------
mpirun noticed that process rank 0 with PID 13532 on node node020 exited on signal 11 (Segmentation fault).
--------------------------------------------------------------------------
