[0 : output] Output to be read-from/written-into folder 'chains', with prefix 'act-full'
[0 : output] Found existing info files with the requested output prefix: 'chains/act-full'
[0 : output] Let's try to resume/load.
[0 : output] Found an old sample. Resuming.
[0 : prior] *WARNING* External prior 'SZ' loaded. Mind that it might not be normalized!
[0 : camb] `camb` module loaded successfully from /users/smp24dhl/cosmo/code/CAMB_beta/camb
[0 : planck_2018_highl_plik.ttteee] `clik` module loaded successfully from /users/smp24dhl/cosmo/code/planck/clik/lib/python3.9/site-packages/clik
----
clik version clik_16.0b1-2-g63c889f3aa9c MAKEFILE
  smica
----
clik version clik_16.0b1-2-g63c889f3aa9c MAKEFILE
  smica
----
clik version clik_16.0b1-2-g63c889f3aa9c MAKEFILE
  smica
----
clik version clik_16.0b1-2-g63c889f3aa9c MAKEFILE
  smica
Checking likelihood '/users/smp24dhl/cosmo/data/planck_2018/baseline/plc_3.0/hi_l/plik/plik_rd12_HM_v22b_TTTEEE.clik' on test data. got -1172.47 expected -1172.47 (diff -4.34054e-07)
----
Checking likelihood '/users/smp24dhl/cosmo/data/planck_2018/baseline/plc_3.0/hi_l/plik/plik_rd12_HM_v22b_TTTEEE.clik' on test data. got -1172.47 expected -1172.47 (diff -4.34054e-07)
----
Checking likelihood '/users/smp24dhl/cosmo/data/planck_2018/baseline/plc_3.0/hi_l/plik/plik_rd12_HM_v22b_TTTEEE.clik' on test data. got -1172.47 expected -1172.47 (diff -4.34054e-07)
----
Checking likelihood '/users/smp24dhl/cosmo/data/planck_2018/baseline/plc_3.0/hi_l/plik/plik_rd12_HM_v22b_TTTEEE.clik' on test data. got -1172.47 expected -1172.47 (diff -4.34054e-07)
----
Loading ACT DR6 lensing likelihood v1.2...
Loading ACT DR6 lensing likelihood v1.2...
Loading ACT DR6 lensing likelihood v1.2...
Loading ACT DR6 lensing likelihood v1.2...
/users/smp24dhl/cosmo/code/act_dr6_lenslike/act_dr6_lenslike/act_dr6_lenslike.py:416: UserWarning: Hartlap correction to cinv: 0.949874686716792
  warnings.warn(f"Hartlap correction to cinv: {hartlap_correction}")
/users/smp24dhl/cosmo/code/act_dr6_lenslike/act_dr6_lenslike/act_dr6_lenslike.py:416: UserWarning: Hartlap correction to cinv: 0.949874686716792
  warnings.warn(f"Hartlap correction to cinv: {hartlap_correction}")
[3 : bao.desi_2024_bao_all] Initialized.
[0 : bao.desi_2024_bao_all] Initialized.
/users/smp24dhl/cosmo/code/act_dr6_lenslike/act_dr6_lenslike/act_dr6_lenslike.py:416: UserWarning: Hartlap correction to cinv: 0.949874686716792
  warnings.warn(f"Hartlap correction to cinv: {hartlap_correction}")
[1 : bao.desi_2024_bao_all] Initialized.
/users/smp24dhl/cosmo/code/act_dr6_lenslike/act_dr6_lenslike/act_dr6_lenslike.py:416: UserWarning: Hartlap correction to cinv: 0.949874686716792
  warnings.warn(f"Hartlap correction to cinv: {hartlap_correction}")
[2 : bao.desi_2024_bao_all] Initialized.
[0 : mcmc] Resuming from previous sample!
[0 : samplecollection] Loaded 5561 sample points from 'chains/act-full.1.txt'
[1 : samplecollection] Loaded 5675 sample points from 'chains/act-full.2.txt'
[3 : samplecollection] Loaded 5840 sample points from 'chains/act-full.4.txt'
[2 : samplecollection] Loaded 5730 sample points from 'chains/act-full.3.txt'
[2 : mcmc] Initial point: logA:3.04756, ns:0.963818, theta_MC_100:1.04099, ombh2:0.02231565, omch2:0.1193862, w:-0.8505026, wa:-0.6403584, beta_DE:0.9572476, tau:0.05456479, A_planck:1.002141, calib_100T:0.9994036, calib_217T:0.9978794, A_cib_217:54.46064, xi_sz_cib:0.2381961, A_sz:7.064857, ksz_norm:1.405543, gal545_A_100:9.032583, gal545_A_143:13.27894, gal545_A_143_217:23.38434, gal545_A_217:94.49787, ps_A_100_100:211.7221, ps_A_143_143:44.68974, ps_A_143_217:35.27195, ps_A_217_217:103.9021, galf_TE_A_100:0.1347585, galf_TE_A_100_143:0.1111044, galf_TE_A_100_217:0.5420947, galf_TE_A_143:0.1255602, galf_TE_A_143_217:0.6980758, galf_TE_A_217:2.232704
[3 : mcmc] Initial point: logA:3.037215, ns:0.9673172, theta_MC_100:1.041341, ombh2:0.02248902, omch2:0.1192491, w:-0.780607, wa:-0.6805449, beta_DE:0.2958912, tau:0.05063936, A_planck:1.000858, calib_100T:0.9992974, calib_217T:0.9984617, A_cib_217:57.94223, xi_sz_cib:0.5409093, A_sz:4.869669, ksz_norm:0.07342597, gal545_A_100:9.428843, gal545_A_143:11.86367, gal545_A_143_217:19.84465, gal545_A_217:88.28264, ps_A_100_100:250.5103, ps_A_143_143:54.14092, ps_A_143_217:42.1699, ps_A_217_217:99.41906, galf_TE_A_100:0.1186492, galf_TE_A_100_143:0.1742944, galf_TE_A_100_217:0.421045, galf_TE_A_143:0.3372191, galf_TE_A_143_217:0.7237413, galf_TE_A_217:1.345525
[0 : mcmc] Initial point: logA:3.056739, ns:0.9721367, theta_MC_100:1.040523, ombh2:0.0222498, omch2:0.1190756, w:-0.8861127, wa:-0.3274486, beta_DE:-0.1290978, tau:0.06512795, A_planck:0.9974837, calib_100T:0.9998259, calib_217T:0.9983253, A_cib_217:53.8191, xi_sz_cib:0.8439993, A_sz:8.609121, ksz_norm:2.066715, gal545_A_100:7.321742, gal545_A_143:7.027795, gal545_A_143_217:14.73648, gal545_A_217:82.2863, ps_A_100_100:205.4231, ps_A_143_143:35.55518, ps_A_143_217:54.05843, ps_A_217_217:108.629, galf_TE_A_100:0.07067329, galf_TE_A_100_143:0.08447847, galf_TE_A_100_217:0.4683055, galf_TE_A_143:0.2146831, galf_TE_A_143_217:0.6322783, galf_TE_A_217:2.150122
[1 : mcmc] Initial point: logA:3.021093, ns:0.9657538, theta_MC_100:1.040799, ombh2:0.02224116, omch2:0.1202449, w:-0.7306383, wa:-1.374962, beta_DE:2.179865, tau:0.0393141, A_planck:1.002774, calib_100T:0.9994615, calib_217T:0.9980772, A_cib_217:42.15838, xi_sz_cib:0.02899501, A_sz:3.782657, ksz_norm:2.877842, gal545_A_100:7.325229, gal545_A_143:9.252327, gal545_A_143_217:20.09419, gal545_A_217:99.86283, ps_A_100_100:299.0649, ps_A_143_143:42.21372, ps_A_143_217:27.66909, ps_A_217_217:118.9473, galf_TE_A_100:0.1669671, galf_TE_A_100_143:0.1548807, galf_TE_A_100_217:0.4513848, galf_TE_A_143:0.2461728, galf_TE_A_143_217:0.5962085, galf_TE_A_217:1.799163
[0 : mcmc] *WARNING* Parameter blocking manually/previously fixed: speeds will not be measured.
[0 : mcmc] Dragging with number of interpolating steps:
[0 : mcmc] *  1 : (['theta_MC_100', 'ombh2', 'omch2', 'w', 'wa', 'beta_DE', 'tau'], ['logA', 'ns'])
[0 : mcmc] * 12 : (['A_planck'], ['calib_100T', 'calib_217T', 'A_cib_217', 'xi_sz_cib', 'A_sz', 'ksz_norm', 'gal545_A_100', 'gal545_A_143', 'gal545_A_143_217', 'gal545_A_217', 'ps_A_100_100', 'ps_A_143_143', 'ps_A_143_217', 'ps_A_217_217', 'galf_TE_A_100', 'galf_TE_A_100_143', 'galf_TE_A_100_217', 'galf_TE_A_143', 'galf_TE_A_143_217', 'galf_TE_A_217'])
[0 : mcmc] Covariance matrix from previous sample.
[0 : mcmc] Sampling!
[1 : mcmc] Progress @ 2025-02-19 17:01:26 : 1 steps taken, and 5675 accepted.
[0 : mcmc] Progress @ 2025-02-19 17:01:33 : 1 steps taken, and 5561 accepted.
[3 : mcmc] Progress @ 2025-02-19 17:01:44 : 1 steps taken, and 5840 accepted.
[2 : mcmc] Progress @ 2025-02-19 17:01:54 : 1 steps taken, and 5730 accepted.
[1 : mcmc] Progress @ 2025-02-19 17:02:36 : 7 steps taken, and 5675 accepted.
[0 : mcmc] Progress @ 2025-02-19 17:02:37 : 6 steps taken, and 5563 accepted.
[3 : mcmc] Progress @ 2025-02-19 17:02:54 : 10 steps taken, and 5843 accepted.
[2 : mcmc] Progress @ 2025-02-19 17:02:55 : 7 steps taken, and 5730 accepted.
[1 : mcmc] Progress @ 2025-02-19 17:03:38 : 14 steps taken, and 5675 accepted.
[0 : mcmc] Progress @ 2025-02-19 17:03:39 : 13 steps taken, and 5566 accepted.
[3 : mcmc] Progress @ 2025-02-19 17:03:56 : 17 steps taken, and 5844 accepted.
[2 : mcmc] Progress @ 2025-02-19 17:04:08 : 13 steps taken, and 5732 accepted.
[0 : mcmc] Progress @ 2025-02-19 17:04:40 : 19 steps taken, and 5567 accepted.
[1 : mcmc] Progress @ 2025-02-19 17:04:46 : 19 steps taken, and 5675 accepted.
[2 : mcmc] Progress @ 2025-02-19 17:05:09 : 20 steps taken, and 5734 accepted.
[3 : mcmc] Progress @ 2025-02-19 17:05:09 : 24 steps taken, and 5846 accepted.
[0 : mcmc] Progress @ 2025-02-19 17:05:41 : 26 steps taken, and 5569 accepted.
[1 : mcmc] Progress @ 2025-02-19 17:05:48 : 26 steps taken, and 5677 accepted.
[2 : mcmc] Progress @ 2025-02-19 17:06:18 : 27 steps taken, and 5736 accepted.
[3 : mcmc] Progress @ 2025-02-19 17:06:19 : 30 steps taken, and 5847 accepted.
[0 : mcmc] Progress @ 2025-02-19 17:06:54 : 33 steps taken, and 5572 accepted.
[1 : mcmc] Progress @ 2025-02-19 17:06:57 : 32 steps taken, and 5680 accepted.
[2 : mcmc] Progress @ 2025-02-19 17:07:19 : 34 steps taken, and 5739 accepted.
[3 : mcmc] Progress @ 2025-02-19 17:07:31 : 41 steps taken, and 5848 accepted.
[1 : mcmc] Progress @ 2025-02-19 17:07:59 : 38 steps taken, and 5683 accepted.
[0 : mcmc] Progress @ 2025-02-19 17:08:06 : 41 steps taken, and 5574 accepted.
[2 : mcmc] Progress @ 2025-02-19 17:08:31 : 40 steps taken, and 5742 accepted.
[3 : mcmc] Progress @ 2025-02-19 17:08:43 : 51 steps taken, and 5850 accepted.
[1 : mcmc] Progress @ 2025-02-19 17:09:11 : 44 steps taken, and 5684 accepted.
[0 : mcmc] Progress @ 2025-02-19 17:09:18 : 48 steps taken, and 5575 accepted.
[2 : mcmc] Progress @ 2025-02-19 17:09:33 : 48 steps taken, and 5745 accepted.
[3 : mcmc] Progress @ 2025-02-19 17:09:53 : 58 steps taken, and 5853 accepted.
[1 : mcmc] Progress @ 2025-02-19 17:10:13 : 51 steps taken, and 5685 accepted.
[0 : mcmc] Progress @ 2025-02-19 17:10:30 : 57 steps taken, and 5576 accepted.
[2 : mcmc] Progress @ 2025-02-19 17:10:41 : 54 steps taken, and 5749 accepted.
[3 : mcmc] Progress @ 2025-02-19 17:11:06 : 65 steps taken, and 5856 accepted.
[1 : mcmc] Progress @ 2025-02-19 17:11:25 : 60 steps taken, and 5688 accepted.
[0 : mcmc] Progress @ 2025-02-19 17:11:31 : 64 steps taken, and 5578 accepted.
[2 : mcmc] Progress @ 2025-02-19 17:11:52 : 65 steps taken, and 5752 accepted.
[3 : mcmc] Progress @ 2025-02-19 17:12:14 : 71 steps taken, and 5858 accepted.
[1 : mcmc] Progress @ 2025-02-19 17:12:27 : 66 steps taken, and 5688 accepted.
[0 : mcmc] Progress @ 2025-02-19 17:12:42 : 71 steps taken, and 5580 accepted.
[2 : mcmc] Progress @ 2025-02-19 17:12:54 : 71 steps taken, and 5755 accepted.
[3 : mcmc] Progress @ 2025-02-19 17:13:20 : 79 steps taken, and 5862 accepted.
[1 : mcmc] Progress @ 2025-02-19 17:13:38 : 72 steps taken, and 5690 accepted.
[0 : mcmc] Progress @ 2025-02-19 17:13:43 : 78 steps taken, and 5583 accepted.
[2 : mcmc] Progress @ 2025-02-19 17:14:02 : 77 steps taken, and 5756 accepted.
[3 : mcmc] Progress @ 2025-02-19 17:14:22 : 85 steps taken, and 5863 accepted.
[1 : mcmc] Progress @ 2025-02-19 17:14:41 : 81 steps taken, and 5695 accepted.
[0 : mcmc] Progress @ 2025-02-19 17:14:44 : 86 steps taken, and 5584 accepted.
[2 : mcmc] Progress @ 2025-02-19 17:15:07 : 85 steps taken, and 5758 accepted.
[3 : mcmc] Progress @ 2025-02-19 17:15:30 : 91 steps taken, and 5866 accepted.
[1 : mcmc] Progress @ 2025-02-19 17:15:43 : 90 steps taken, and 5696 accepted.
[0 : mcmc] Progress @ 2025-02-19 17:15:46 : 92 steps taken, and 5587 accepted.
[2 : mcmc] Learn + convergence test @ 5760 samples accepted.
[2 : mcmc] Ready to check convergence and learn a new proposal covmat (waiting for the rest...)
[2 : mcmc] Progress @ 2025-02-19 17:16:20 : 92 steps taken, and 5760 accepted.
[3 : mcmc] Progress @ 2025-02-19 17:16:43 : 98 steps taken, and 5868 accepted.
[0 : mcmc] Progress @ 2025-02-19 17:16:54 : 102 steps taken, and 5590 accepted.
[1 : mcmc] Progress @ 2025-02-19 17:16:56 : 99 steps taken, and 5699 accepted.
[2 : mcmc] Progress @ 2025-02-19 17:17:21 : 98 steps taken, and 5763 accepted.
[3 : mcmc] Progress @ 2025-02-19 17:17:45 : 105 steps taken, and 5871 accepted.
[0 : mcmc] Progress @ 2025-02-19 17:17:56 : 109 steps taken, and 5592 accepted.
[1 : mcmc] Progress @ 2025-02-19 17:17:58 : 108 steps taken, and 5701 accepted.
[2 : mcmc] Progress @ 2025-02-19 17:18:23 : 107 steps taken, and 5767 accepted.
[3 : mcmc] Progress @ 2025-02-19 17:18:58 : 111 steps taken, and 5873 accepted.
[0 : mcmc] Progress @ 2025-02-19 17:19:04 : 116 steps taken, and 5594 accepted.
[1 : mcmc] Progress @ 2025-02-19 17:19:07 : 113 steps taken, and 5702 accepted.
[2 : mcmc] Progress @ 2025-02-19 17:19:35 : 115 steps taken, and 5768 accepted.
[0 : mcmc] Progress @ 2025-02-19 17:20:06 : 123 steps taken, and 5596 accepted.
[1 : mcmc] Progress @ 2025-02-19 17:20:09 : 120 steps taken, and 5705 accepted.
[3 : mcmc] Progress @ 2025-02-19 17:20:11 : 119 steps taken, and 5876 accepted.
[2 : mcmc] Progress @ 2025-02-19 17:20:47 : 122 steps taken, and 5771 accepted.
[0 : mcmc] Progress @ 2025-02-19 17:21:08 : 129 steps taken, and 5601 accepted.
[1 : mcmc] Progress @ 2025-02-19 17:21:14 : 130 steps taken, and 5708 accepted.
[3 : mcmc] Progress @ 2025-02-19 17:21:23 : 126 steps taken, and 5878 accepted.
[2 : mcmc] Progress @ 2025-02-19 17:21:52 : 129 steps taken, and 5772 accepted.
[0 : mcmc] Progress @ 2025-02-19 17:22:20 : 136 steps taken, and 5606 accepted.
[3 : mcmc] Progress @ 2025-02-19 17:22:25 : 132 steps taken, and 5881 accepted.
[1 : mcmc] Progress @ 2025-02-19 17:22:27 : 137 steps taken, and 5710 accepted.
[2 : mcmc] Progress @ 2025-02-19 17:23:04 : 137 steps taken, and 5773 accepted.
[3 : mcmc] Progress @ 2025-02-19 17:23:27 : 140 steps taken, and 5886 accepted.
[1 : mcmc] Progress @ 2025-02-19 17:23:28 : 145 steps taken, and 5713 accepted.
[0 : mcmc] Progress @ 2025-02-19 17:23:32 : 144 steps taken, and 5609 accepted.
[2 : mcmc] Progress @ 2025-02-19 17:24:06 : 144 steps taken, and 5774 accepted.
[1 : mcmc] Progress @ 2025-02-19 17:24:30 : 152 steps taken, and 5717 accepted.
[0 : mcmc] Progress @ 2025-02-19 17:24:33 : 154 steps taken, and 5611 accepted.
[3 : mcmc] Progress @ 2025-02-19 17:24:36 : 146 steps taken, and 5890 accepted.
[2 : mcmc] Progress @ 2025-02-19 17:25:08 : 150 steps taken, and 5776 accepted.
[0 : mcmc] Progress @ 2025-02-19 17:25:34 : 163 steps taken, and 5613 accepted.
[3 : mcmc] Progress @ 2025-02-19 17:25:38 : 152 steps taken, and 5894 accepted.
[1 : mcmc] Progress @ 2025-02-19 17:25:41 : 161 steps taken, and 5719 accepted.
[2 : mcmc] Progress @ 2025-02-19 17:26:10 : 156 steps taken, and 5777 accepted.
[0 : mcmc] Progress @ 2025-02-19 17:26:35 : 171 steps taken, and 5614 accepted.
[1 : mcmc] Progress @ 2025-02-19 17:26:43 : 168 steps taken, and 5722 accepted.
[3 : mcmc] Progress @ 2025-02-19 17:26:51 : 159 steps taken, and 5896 accepted.
[2 : mcmc] Progress @ 2025-02-19 17:27:19 : 164 steps taken, and 5780 accepted.
[0 : mcmc] Progress @ 2025-02-19 17:27:36 : 181 steps taken, and 5615 accepted.
[1 : mcmc] Progress @ 2025-02-19 17:27:44 : 175 steps taken, and 5723 accepted.
[3 : mcmc] Progress @ 2025-02-19 17:27:54 : 166 steps taken, and 5899 accepted.
[2 : mcmc] Progress @ 2025-02-19 17:28:24 : 170 steps taken, and 5782 accepted.
[0 : mcmc] Progress @ 2025-02-19 17:28:47 : 194 steps taken, and 5618 accepted.
[1 : mcmc] Progress @ 2025-02-19 17:28:52 : 181 steps taken, and 5724 accepted.
[3 : mcmc] Progress @ 2025-02-19 17:28:56 : 174 steps taken, and 5902 accepted.
[2 : mcmc] Progress @ 2025-02-19 17:29:28 : 179 steps taken, and 5785 accepted.
[0 : mcmc] Progress @ 2025-02-19 17:29:58 : 205 steps taken, and 5621 accepted.
[1 : mcmc] Progress @ 2025-02-19 17:30:05 : 188 steps taken, and 5725 accepted.
[3 : mcmc] Progress @ 2025-02-19 17:30:08 : 183 steps taken, and 5904 accepted.
[2 : mcmc] Progress @ 2025-02-19 17:30:36 : 187 steps taken, and 5789 accepted.
[0 : mcmc] Progress @ 2025-02-19 17:31:03 : 212 steps taken, and 5622 accepted.
[3 : mcmc] Progress @ 2025-02-19 17:31:10 : 191 steps taken, and 5907 accepted.
[1 : mcmc] Progress @ 2025-02-19 17:31:11 : 201 steps taken, and 5728 accepted.
[2 : mcmc] Progress @ 2025-02-19 17:31:38 : 195 steps taken, and 5793 accepted.
[0 : mcmc] Progress @ 2025-02-19 17:32:16 : 219 steps taken, and 5622 accepted.
[1 : mcmc] Progress @ 2025-02-19 17:32:23 : 210 steps taken, and 5731 accepted.
[3 : mcmc] Progress @ 2025-02-19 17:32:24 : 200 steps taken, and 5911 accepted.
[2 : mcmc] Progress @ 2025-02-19 17:32:46 : 203 steps taken, and 5793 accepted.
[1 : mcmc] Progress @ 2025-02-19 17:33:25 : 217 steps taken, and 5734 accepted.
[0 : mcmc] Progress @ 2025-02-19 17:33:28 : 225 steps taken, and 5625 accepted.
[3 : mcmc] Progress @ 2025-02-19 17:33:36 : 207 steps taken, and 5913 accepted.
[2 : mcmc] Progress @ 2025-02-19 17:33:57 : 217 steps taken, and 5797 accepted.
[1 : mcmc] Progress @ 2025-02-19 17:34:37 : 226 steps taken, and 5736 accepted.
[3 : mcmc] Progress @ 2025-02-19 17:34:38 : 217 steps taken, and 5915 accepted.
[0 : mcmc] Progress @ 2025-02-19 17:34:38 : 233 steps taken, and 5627 accepted.
[2 : mcmc] Progress @ 2025-02-19 17:35:06 : 226 steps taken, and 5799 accepted.
[3 : mcmc] Progress @ 2025-02-19 17:35:39 : 224 steps taken, and 5917 accepted.
[1 : mcmc] Progress @ 2025-02-19 17:35:49 : 233 steps taken, and 5737 accepted.
[0 : mcmc] Progress @ 2025-02-19 17:35:51 : 240 steps taken, and 5630 accepted.
[2 : mcmc] Progress @ 2025-02-19 17:36:19 : 232 steps taken, and 5801 accepted.
[3 : mcmc] Progress @ 2025-02-19 17:36:41 : 231 steps taken, and 5919 accepted.
[1 : mcmc] Progress @ 2025-02-19 17:36:54 : 245 steps taken, and 5739 accepted.
[0 : mcmc] Progress @ 2025-02-19 17:36:56 : 249 steps taken, and 5634 accepted.
[2 : mcmc] Progress @ 2025-02-19 17:37:20 : 238 steps taken, and 5805 accepted.
[3 : mcmc] Progress @ 2025-02-19 17:37:54 : 238 steps taken, and 5921 accepted.
[1 : mcmc] Progress @ 2025-02-19 17:38:02 : 251 steps taken, and 5739 accepted.
[0 : mcmc] Progress @ 2025-02-19 17:38:03 : 254 steps taken, and 5636 accepted.
[2 : mcmc] Progress @ 2025-02-19 17:38:31 : 245 steps taken, and 5809 accepted.
[3 : mcmc] Progress @ 2025-02-19 17:39:06 : 244 steps taken, and 5924 accepted.
[0 : mcmc] Progress @ 2025-02-19 17:39:08 : 264 steps taken, and 5640 accepted.
[1 : mcmc] Progress @ 2025-02-19 17:39:14 : 262 steps taken, and 5742 accepted.
[2 : mcmc] Progress @ 2025-02-19 17:39:34 : 251 steps taken, and 5812 accepted.
[3 : mcmc] Progress @ 2025-02-19 17:40:15 : 251 steps taken, and 5927 accepted.
[1 : mcmc] Progress @ 2025-02-19 17:40:15 : 269 steps taken, and 5744 accepted.
[0 : mcmc] Progress @ 2025-02-19 17:40:16 : 277 steps taken, and 5642 accepted.
[2 : mcmc] Progress @ 2025-02-19 17:40:45 : 257 steps taken, and 5814 accepted.
[3 : mcmc] Progress @ 2025-02-19 17:41:24 : 256 steps taken, and 5929 accepted.
[0 : mcmc] Progress @ 2025-02-19 17:41:26 : 287 steps taken, and 5646 accepted.
[1 : mcmc] Progress @ 2025-02-19 17:41:28 : 277 steps taken, and 5748 accepted.
[2 : mcmc] Progress @ 2025-02-19 17:41:50 : 265 steps taken, and 5819 accepted.
[1 : mcmc] Progress @ 2025-02-19 17:42:30 : 283 steps taken, and 5748 accepted.
[3 : mcmc] Progress @ 2025-02-19 17:42:36 : 264 steps taken, and 5932 accepted.
[0 : mcmc] Progress @ 2025-02-19 17:42:38 : 294 steps taken, and 5649 accepted.
[2 : mcmc] Progress @ 2025-02-19 17:42:52 : 278 steps taken, and 5820 accepted.
[1 : mcmc] Progress @ 2025-02-19 17:43:35 : 291 steps taken, and 5749 accepted.
[3 : mcmc] Progress @ 2025-02-19 17:43:38 : 270 steps taken, and 5935 accepted.
[0 : mcmc] Progress @ 2025-02-19 17:43:39 : 303 steps taken, and 5652 accepted.
[2 : mcmc] Progress @ 2025-02-19 17:43:53 : 286 steps taken, and 5822 accepted.
[3 : mcmc] Progress @ 2025-02-19 17:44:39 : 277 steps taken, and 5939 accepted.
[0 : mcmc] Progress @ 2025-02-19 17:44:41 : 311 steps taken, and 5653 accepted.
[1 : mcmc] Progress @ 2025-02-19 17:44:47 : 297 steps taken, and 5752 accepted.
[2 : mcmc] Progress @ 2025-02-19 17:44:55 : 296 steps taken, and 5824 accepted.
[3 : mcmc] Progress @ 2025-02-19 17:45:51 : 283 steps taken, and 5943 accepted.
[1 : mcmc] Progress @ 2025-02-19 17:45:53 : 304 steps taken, and 5754 accepted.
[0 : mcmc] Progress @ 2025-02-19 17:45:53 : 318 steps taken, and 5654 accepted.
[2 : mcmc] Progress @ 2025-02-19 17:45:57 : 306 steps taken, and 5825 accepted.
[0 : mcmc] Progress @ 2025-02-19 17:46:53 : 326 steps taken, and 5656 accepted.
[3 : mcmc] Progress @ 2025-02-19 17:47:00 : 291 steps taken, and 5946 accepted.
[1 : mcmc] Progress @ 2025-02-19 17:47:04 : 310 steps taken, and 5757 accepted.
[2 : mcmc] Progress @ 2025-02-19 17:47:08 : 312 steps taken, and 5828 accepted.
[0 : mcmc] Progress @ 2025-02-19 17:47:55 : 333 steps taken, and 5657 accepted.
[3 : mcmc] Progress @ 2025-02-19 17:48:02 : 298 steps taken, and 5947 accepted.
[1 : mcmc] Progress @ 2025-02-19 17:48:06 : 316 steps taken, and 5759 accepted.
[2 : mcmc] Progress @ 2025-02-19 17:48:19 : 318 steps taken, and 5834 accepted.
[1 : mcmc] Learn + convergence test @ 5760 samples accepted.
[1 : mcmc] Ready to check convergence and learn a new proposal covmat (waiting for the rest...)
[0 : mcmc] Progress @ 2025-02-19 17:49:03 : 339 steps taken, and 5658 accepted.
[3 : mcmc] Progress @ 2025-02-19 17:49:14 : 304 steps taken, and 5950 accepted.
[1 : mcmc] Progress @ 2025-02-19 17:49:16 : 321 steps taken, and 5760 accepted.
[2 : mcmc] Progress @ 2025-02-19 17:49:31 : 327 steps taken, and 5837 accepted.
[0 : mcmc] Progress @ 2025-02-19 17:50:15 : 347 steps taken, and 5659 accepted.
[3 : mcmc] Progress @ 2025-02-19 17:50:16 : 312 steps taken, and 5953 accepted.
[1 : mcmc] Progress @ 2025-02-19 17:50:22 : 328 steps taken, and 5764 accepted.
[2 : mcmc] Progress @ 2025-02-19 17:50:38 : 334 steps taken, and 5840 accepted.
[0 : mcmc] Progress @ 2025-02-19 17:51:16 : 353 steps taken, and 5661 accepted.
[3 : mcmc] Progress @ 2025-02-19 17:51:28 : 318 steps taken, and 5956 accepted.
[1 : mcmc] Progress @ 2025-02-19 17:51:35 : 334 steps taken, and 5767 accepted.
[2 : mcmc] Progress @ 2025-02-19 17:51:40 : 345 steps taken, and 5841 accepted.
[0 : mcmc] Progress @ 2025-02-19 17:52:18 : 361 steps taken, and 5662 accepted.
[3 : mcmc] Progress @ 2025-02-19 17:52:30 : 325 steps taken, and 5959 accepted.
[1 : mcmc] Progress @ 2025-02-19 17:52:37 : 341 steps taken, and 5771 accepted.
[2 : mcmc] Progress @ 2025-02-19 17:52:42 : 353 steps taken, and 5845 accepted.
[0 : mcmc] Progress @ 2025-02-19 17:53:21 : 366 steps taken, and 5664 accepted.
[3 : mcmc] Progress @ 2025-02-19 17:53:42 : 333 steps taken, and 5960 accepted.
[1 : mcmc] Progress @ 2025-02-19 17:53:48 : 349 steps taken, and 5773 accepted.
[2 : mcmc] Progress @ 2025-02-19 17:53:54 : 359 steps taken, and 5845 accepted.
[0 : mcmc] Progress @ 2025-02-19 17:54:26 : 375 steps taken, and 5669 accepted.
[1 : mcmc] Progress @ 2025-02-19 17:54:51 : 358 steps taken, and 5776 accepted.
[3 : mcmc] Progress @ 2025-02-19 17:54:55 : 339 steps taken, and 5963 accepted.
[2 : mcmc] Progress @ 2025-02-19 17:55:00 : 366 steps taken, and 5848 accepted.
[0 : mcmc] Progress @ 2025-02-19 17:55:34 : 380 steps taken, and 5671 accepted.
[3 : mcmc] Progress @ 2025-02-19 17:55:57 : 346 steps taken, and 5965 accepted.
[1 : mcmc] Progress @ 2025-02-19 17:56:02 : 365 steps taken, and 5782 accepted.
[2 : mcmc] Progress @ 2025-02-19 17:56:08 : 371 steps taken, and 5850 accepted.
[0 : mcmc] Progress @ 2025-02-19 17:56:46 : 387 steps taken, and 5675 accepted.
[3 : mcmc] Progress @ 2025-02-19 17:57:10 : 352 steps taken, and 5967 accepted.
[2 : mcmc] Progress @ 2025-02-19 17:57:10 : 377 steps taken, and 5851 accepted.
[1 : mcmc] Progress @ 2025-02-19 17:57:13 : 371 steps taken, and 5785 accepted.
[0 : mcmc] Progress @ 2025-02-19 17:57:57 : 393 steps taken, and 5678 accepted.
[2 : mcmc] Progress @ 2025-02-19 17:58:12 : 385 steps taken, and 5852 accepted.
[3 : mcmc] Progress @ 2025-02-19 17:58:12 : 363 steps taken, and 5968 accepted.
[1 : mcmc] Progress @ 2025-02-19 17:58:26 : 378 steps taken, and 5788 accepted.
[0 : mcmc] Progress @ 2025-02-19 17:59:09 : 399 steps taken, and 5681 accepted.
[3 : mcmc] Progress @ 2025-02-19 17:59:15 : 369 steps taken, and 5970 accepted.
[2 : mcmc] Progress @ 2025-02-19 17:59:20 : 390 steps taken, and 5857 accepted.
[1 : mcmc] Progress @ 2025-02-19 17:59:29 : 394 steps taken, and 5792 accepted.
[0 : mcmc] Progress @ 2025-02-19 18:00:09 : 408 steps taken, and 5683 accepted.
[3 : mcmc] Progress @ 2025-02-19 18:00:17 : 375 steps taken, and 5970 accepted.
[2 : mcmc] Progress @ 2025-02-19 18:00:22 : 400 steps taken, and 5861 accepted.
[1 : mcmc] Progress @ 2025-02-19 18:00:41 : 401 steps taken, and 5796 accepted.
[0 : mcmc] Progress @ 2025-02-19 18:01:18 : 416 steps taken, and 5684 accepted.
[2 : mcmc] Progress @ 2025-02-19 18:01:23 : 409 steps taken, and 5864 accepted.
[3 : mcmc] Progress @ 2025-02-19 18:01:30 : 382 steps taken, and 5970 accepted.
[1 : mcmc] Progress @ 2025-02-19 18:01:52 : 413 steps taken, and 5798 accepted.
[0 : mcmc] Progress @ 2025-02-19 18:02:19 : 423 steps taken, and 5689 accepted.
[2 : mcmc] Progress @ 2025-02-19 18:02:35 : 418 steps taken, and 5866 accepted.
[3 : mcmc] Progress @ 2025-02-19 18:02:43 : 389 steps taken, and 5971 accepted.
[1 : mcmc] Progress @ 2025-02-19 18:03:04 : 423 steps taken, and 5801 accepted.
[0 : mcmc] Progress @ 2025-02-19 18:03:31 : 429 steps taken, and 5693 accepted.
[3 : mcmc] Progress @ 2025-02-19 18:03:45 : 396 steps taken, and 5975 accepted.
[2 : mcmc] Progress @ 2025-02-19 18:03:46 : 424 steps taken, and 5869 accepted.
[1 : mcmc] Progress @ 2025-02-19 18:04:16 : 432 steps taken, and 5803 accepted.
[0 : mcmc] Progress @ 2025-02-19 18:04:33 : 437 steps taken, and 5697 accepted.
[3 : mcmc] Progress @ 2025-02-19 18:04:54 : 402 steps taken, and 5977 accepted.
[2 : mcmc] Progress @ 2025-02-19 18:04:58 : 433 steps taken, and 5870 accepted.
[1 : mcmc] Progress @ 2025-02-19 18:05:27 : 438 steps taken, and 5805 accepted.
[0 : mcmc] Progress @ 2025-02-19 18:05:35 : 443 steps taken, and 5698 accepted.
[3 : mcmc] Progress @ 2025-02-19 18:05:56 : 410 steps taken, and 5980 accepted.
[2 : mcmc] Progress @ 2025-02-19 18:06:11 : 441 steps taken, and 5871 accepted.
[1 : mcmc] Progress @ 2025-02-19 18:06:36 : 445 steps taken, and 5806 accepted.
[0 : mcmc] Progress @ 2025-02-19 18:06:46 : 450 steps taken, and 5702 accepted.
[3 : mcmc] Progress @ 2025-02-19 18:07:05 : 415 steps taken, and 5982 accepted.
[2 : mcmc] Progress @ 2025-02-19 18:07:23 : 447 steps taken, and 5874 accepted.
[1 : mcmc] Progress @ 2025-02-19 18:07:37 : 452 steps taken, and 5807 accepted.
[0 : mcmc] Progress @ 2025-02-19 18:07:54 : 457 steps taken, and 5702 accepted.
[3 : mcmc] Progress @ 2025-02-19 18:08:07 : 421 steps taken, and 5985 accepted.
[2 : mcmc] Progress @ 2025-02-19 18:08:35 : 454 steps taken, and 5876 accepted.
[1 : mcmc] Progress @ 2025-02-19 18:08:50 : 458 steps taken, and 5810 accepted.
[0 : mcmc] Progress @ 2025-02-19 18:08:58 : 466 steps taken, and 5704 accepted.
[3 : mcmc] Progress @ 2025-02-19 18:09:20 : 428 steps taken, and 5987 accepted.
[2 : mcmc] Progress @ 2025-02-19 18:09:36 : 460 steps taken, and 5878 accepted.
[1 : mcmc] Progress @ 2025-02-19 18:10:03 : 465 steps taken, and 5814 accepted.
[0 : mcmc] Progress @ 2025-02-19 18:10:07 : 471 steps taken, and 5707 accepted.
[3 : mcmc] Progress @ 2025-02-19 18:10:23 : 440 steps taken, and 5990 accepted.
[2 : mcmc] Progress @ 2025-02-19 18:10:41 : 467 steps taken, and 5881 accepted.
[1 : mcmc] Progress @ 2025-02-19 18:11:05 : 473 steps taken, and 5816 accepted.
[0 : mcmc] Progress @ 2025-02-19 18:11:08 : 479 steps taken, and 5709 accepted.
[3 : mcmc] Progress @ 2025-02-19 18:11:28 : 448 steps taken, and 5994 accepted.
[2 : mcmc] Progress @ 2025-02-19 18:11:43 : 473 steps taken, and 5882 accepted.
[1 : mcmc] Progress @ 2025-02-19 18:12:10 : 481 steps taken, and 5819 accepted.
[0 : mcmc] Progress @ 2025-02-19 18:12:20 : 488 steps taken, and 5712 accepted.
[3 : mcmc] Progress @ 2025-02-19 18:12:34 : 455 steps taken, and 5995 accepted.
[2 : mcmc] Progress @ 2025-02-19 18:12:55 : 480 steps taken, and 5885 accepted.
[0 : mcmc] Progress @ 2025-02-19 18:13:21 : 495 steps taken, and 5714 accepted.
[1 : mcmc] Progress @ 2025-02-19 18:13:23 : 489 steps taken, and 5821 accepted.
[3 : mcmc] Progress @ 2025-02-19 18:13:47 : 462 steps taken, and 5999 accepted.
[2 : mcmc] Progress @ 2025-02-19 18:13:57 : 486 steps taken, and 5886 accepted.
[0 : mcmc] Progress @ 2025-02-19 18:14:22 : 501 steps taken, and 5716 accepted.
[1 : mcmc] Progress @ 2025-02-19 18:14:25 : 498 steps taken, and 5824 accepted.
[3 : mcmc] Progress @ 2025-02-19 18:14:59 : 469 steps taken, and 5999 accepted.
[2 : mcmc] Progress @ 2025-02-19 18:15:06 : 491 steps taken, and 5888 accepted.
[0 : mcmc] Progress @ 2025-02-19 18:15:24 : 511 steps taken, and 5718 accepted.
[1 : mcmc] Progress @ 2025-02-19 18:15:38 : 505 steps taken, and 5826 accepted.
[2 : mcmc] Progress @ 2025-02-19 18:16:07 : 497 steps taken, and 5891 accepted.
[3 : mcmc] Progress @ 2025-02-19 18:16:11 : 478 steps taken, and 6003 accepted.
[0 : mcmc] Progress @ 2025-02-19 18:16:37 : 516 steps taken, and 5722 accepted.
[1 : mcmc] Progress @ 2025-02-19 18:16:40 : 513 steps taken, and 5827 accepted.
[2 : mcmc] Progress @ 2025-02-19 18:17:16 : 504 steps taken, and 5895 accepted.
[3 : mcmc] Progress @ 2025-02-19 18:17:20 : 484 steps taken, and 6004 accepted.
[0 : mcmc] Progress @ 2025-02-19 18:17:45 : 526 steps taken, and 5723 accepted.
[1 : mcmc] Progress @ 2025-02-19 18:17:52 : 519 steps taken, and 5830 accepted.
[3 : mcmc] Progress @ 2025-02-19 18:18:26 : 491 steps taken, and 6009 accepted.
[2 : mcmc] Progress @ 2025-02-19 18:18:28 : 510 steps taken, and 5899 accepted.
[0 : mcmc] Progress @ 2025-02-19 18:18:46 : 532 steps taken, and 5725 accepted.
[1 : mcmc] Progress @ 2025-02-19 18:18:52 : 525 steps taken, and 5832 accepted.
[2 : mcmc] Progress @ 2025-02-19 18:19:30 : 520 steps taken, and 5902 accepted.
[3 : mcmc] Progress @ 2025-02-19 18:19:35 : 499 steps taken, and 6012 accepted.
[1 : mcmc] Progress @ 2025-02-19 18:19:54 : 531 steps taken, and 5835 accepted.
[0 : mcmc] Progress @ 2025-02-19 18:19:59 : 539 steps taken, and 5727 accepted.
[2 : mcmc] Progress @ 2025-02-19 18:20:32 : 531 steps taken, and 5904 accepted.
[3 : mcmc] Progress @ 2025-02-19 18:20:48 : 505 steps taken, and 6016 accepted.
[0 : mcmc] Progress @ 2025-02-19 18:21:01 : 546 steps taken, and 5728 accepted.
[1 : mcmc] Progress @ 2025-02-19 18:21:07 : 537 steps taken, and 5838 accepted.
[2 : mcmc] Progress @ 2025-02-19 18:21:41 : 549 steps taken, and 5904 accepted.
[3 : mcmc] Progress @ 2025-02-19 18:21:51 : 511 steps taken, and 6019 accepted.
[0 : mcmc] Progress @ 2025-02-19 18:22:13 : 553 steps taken, and 5730 accepted.
[1 : mcmc] Progress @ 2025-02-19 18:22:20 : 543 steps taken, and 5841 accepted.
[2 : mcmc] Progress @ 2025-02-19 18:22:47 : 560 steps taken, and 5908 accepted.
[3 : mcmc] Progress @ 2025-02-19 18:23:04 : 517 steps taken, and 6023 accepted.
[0 : mcmc] Progress @ 2025-02-19 18:23:18 : 562 steps taken, and 5735 accepted.
[1 : mcmc] Progress @ 2025-02-19 18:23:23 : 549 steps taken, and 5842 accepted.
[2 : mcmc] Progress @ 2025-02-19 18:23:49 : 571 steps taken, and 5912 accepted.
[3 : mcmc] Progress @ 2025-02-19 18:24:07 : 525 steps taken, and 6026 accepted.
[1 : mcmc] Progress @ 2025-02-19 18:24:26 : 555 steps taken, and 5842 accepted.
[0 : mcmc] Progress @ 2025-02-19 18:24:26 : 568 steps taken, and 5737 accepted.
[2 : mcmc] Progress @ 2025-02-19 18:24:52 : 579 steps taken, and 5913 accepted.
[3 : mcmc] Progress @ 2025-02-19 18:25:19 : 531 steps taken, and 6027 accepted.
[0 : mcmc] Progress @ 2025-02-19 18:25:28 : 577 steps taken, and 5740 accepted.
[1 : mcmc] Progress @ 2025-02-19 18:25:28 : 565 steps taken, and 5846 accepted.
[2 : mcmc] Progress @ 2025-02-19 18:26:03 : 585 steps taken, and 5917 accepted.
[0 : mcmc] Progress @ 2025-02-19 18:26:29 : 583 steps taken, and 5743 accepted.
[3 : mcmc] Progress @ 2025-02-19 18:26:32 : 537 steps taken, and 6029 accepted.
[1 : mcmc] Progress @ 2025-02-19 18:26:41 : 571 steps taken, and 5847 accepted.
[2 : mcmc] Progress @ 2025-02-19 18:27:12 : 591 steps taken, and 5920 accepted.
[3 : mcmc] Progress @ 2025-02-19 18:27:34 : 543 steps taken, and 6031 accepted.
[0 : mcmc] Progress @ 2025-02-19 18:27:42 : 591 steps taken, and 5745 accepted.
[1 : mcmc] Progress @ 2025-02-19 18:27:50 : 578 steps taken, and 5849 accepted.
[2 : mcmc] Progress @ 2025-02-19 18:28:25 : 597 steps taken, and 5921 accepted.
[0 : mcmc] Progress @ 2025-02-19 18:28:44 : 600 steps taken, and 5747 accepted.
[3 : mcmc] Progress @ 2025-02-19 18:28:47 : 550 steps taken, and 6033 accepted.
[1 : mcmc] Progress @ 2025-02-19 18:29:03 : 584 steps taken, and 5851 accepted.
[2 : mcmc] Progress @ 2025-02-19 18:29:39 : 606 steps taken, and 5923 accepted.
[0 : mcmc] Progress @ 2025-02-19 18:29:47 : 606 steps taken, and 5749 accepted.
[3 : mcmc] Progress @ 2025-02-19 18:29:57 : 557 steps taken, and 6036 accepted.
[1 : mcmc] Progress @ 2025-02-19 18:30:07 : 591 steps taken, and 5854 accepted.
[2 : mcmc] Progress @ 2025-02-19 18:30:45 : 615 steps taken, and 5927 accepted.
[0 : mcmc] Progress @ 2025-02-19 18:30:59 : 613 steps taken, and 5752 accepted.
[3 : mcmc] Progress @ 2025-02-19 18:31:10 : 566 steps taken, and 6038 accepted.
[1 : mcmc] Progress @ 2025-02-19 18:31:10 : 599 steps taken, and 5855 accepted.
[2 : mcmc] Progress @ 2025-02-19 18:31:57 : 621 steps taken, and 5929 accepted.
[0 : mcmc] Progress @ 2025-02-19 18:32:12 : 619 steps taken, and 5754 accepted.
[1 : mcmc] Progress @ 2025-02-19 18:32:13 : 605 steps taken, and 5857 accepted.
[3 : mcmc] Progress @ 2025-02-19 18:32:20 : 572 steps taken, and 6040 accepted.
[2 : mcmc] Progress @ 2025-02-19 18:32:59 : 627 steps taken, and 5932 accepted.
[0 : mcmc] Progress @ 2025-02-19 18:33:17 : 631 steps taken, and 5757 accepted.
[3 : mcmc] Progress @ 2025-02-19 18:33:22 : 578 steps taken, and 6043 accepted.
[1 : mcmc] Progress @ 2025-02-19 18:33:26 : 611 steps taken, and 5858 accepted.
[2 : mcmc] Progress @ 2025-02-19 18:34:12 : 634 steps taken, and 5933 accepted.
[3 : mcmc] Progress @ 2025-02-19 18:34:24 : 585 steps taken, and 6046 accepted.
[0 : mcmc] Progress @ 2025-02-19 18:34:26 : 640 steps taken, and 5760 accepted.
[0 : mcmc] Learn + convergence test @ 5760 samples accepted.
[0 : mcmc] Ready to check convergence and learn a new proposal covmat (waiting for the rest...)
[1 : mcmc] Progress @ 2025-02-19 18:34:39 : 617 steps taken, and 5858 accepted.
[2 : mcmc] Progress @ 2025-02-19 18:35:13 : 640 steps taken, and 5936 accepted.
[3 : mcmc] Progress @ 2025-02-19 18:35:27 : 592 steps taken, and 6048 accepted.
[0 : mcmc] Progress @ 2025-02-19 18:35:37 : 649 steps taken, and 5762 accepted.
[1 : mcmc] Progress @ 2025-02-19 18:35:41 : 624 steps taken, and 5862 accepted.
[2 : mcmc] Progress @ 2025-02-19 18:36:24 : 649 steps taken, and 5939 accepted.
[3 : mcmc] Progress @ 2025-02-19 18:36:30 : 601 steps taken, and 6051 accepted.
[0 : mcmc] Progress @ 2025-02-19 18:36:39 : 656 steps taken, and 5765 accepted.
[1 : mcmc] Progress @ 2025-02-19 18:36:54 : 631 steps taken, and 5865 accepted.
[3 : mcmc] Progress @ 2025-02-19 18:37:33 : 608 steps taken, and 6054 accepted.
[2 : mcmc] Progress @ 2025-02-19 18:37:36 : 658 steps taken, and 5941 accepted.
[0 : mcmc] Progress @ 2025-02-19 18:37:53 : 663 steps taken, and 5767 accepted.
[1 : mcmc] Progress @ 2025-02-19 18:38:06 : 638 steps taken, and 5868 accepted.
[2 : mcmc] Progress @ 2025-02-19 18:38:37 : 665 steps taken, and 5944 accepted.
[3 : mcmc] Progress @ 2025-02-19 18:38:43 : 615 steps taken, and 6057 accepted.
[0 : mcmc] Progress @ 2025-02-19 18:38:59 : 672 steps taken, and 5769 accepted.
[1 : mcmc] Progress @ 2025-02-19 18:39:20 : 647 steps taken, and 5872 accepted.
[2 : mcmc] Progress @ 2025-02-19 18:39:39 : 673 steps taken, and 5947 accepted.
[3 : mcmc] Progress @ 2025-02-19 18:39:50 : 625 steps taken, and 6060 accepted.
[0 : mcmc] Progress @ 2025-02-19 18:40:08 : 680 steps taken, and 5770 accepted.
[1 : mcmc] Progress @ 2025-02-19 18:40:23 : 654 steps taken, and 5874 accepted.
[2 : mcmc] Progress @ 2025-02-19 18:40:41 : 681 steps taken, and 5950 accepted.
[3 : mcmc] Progress @ 2025-02-19 18:40:52 : 631 steps taken, and 6061 accepted.
[0 : mcmc] Progress @ 2025-02-19 18:41:17 : 688 steps taken, and 5771 accepted.
[1 : mcmc] Progress @ 2025-02-19 18:41:35 : 660 steps taken, and 5876 accepted.
[2 : mcmc] Progress @ 2025-02-19 18:41:50 : 686 steps taken, and 5952 accepted.
[3 : mcmc] Progress @ 2025-02-19 18:41:54 : 639 steps taken, and 6065 accepted.
[0 : mcmc] Progress @ 2025-02-19 18:42:18 : 714 steps taken, and 5773 accepted.
[1 : mcmc] Progress @ 2025-02-19 18:42:48 : 667 steps taken, and 5880 accepted.
[2 : mcmc] Progress @ 2025-02-19 18:42:52 : 694 steps taken, and 5955 accepted.
[3 : mcmc] Progress @ 2025-02-19 18:43:04 : 647 steps taken, and 6069 accepted.
[0 : mcmc] Progress @ 2025-02-19 18:43:20 : 725 steps taken, and 5774 accepted.
[1 : mcmc] Progress @ 2025-02-19 18:43:51 : 674 steps taken, and 5883 accepted.
[2 : mcmc] Progress @ 2025-02-19 18:43:58 : 708 steps taken, and 5960 accepted.
[3 : mcmc] Progress @ 2025-02-19 18:44:13 : 654 steps taken, and 6071 accepted.
[0 : mcmc] Progress @ 2025-02-19 18:44:32 : 732 steps taken, and 5775 accepted.
[1 : mcmc] Progress @ 2025-02-19 18:45:04 : 681 steps taken, and 5885 accepted.
[2 : mcmc] Progress @ 2025-02-19 18:45:08 : 714 steps taken, and 5964 accepted.
[3 : mcmc] Progress @ 2025-02-19 18:45:23 : 659 steps taken, and 6074 accepted.
[0 : mcmc] Progress @ 2025-02-19 18:45:41 : 738 steps taken, and 5776 accepted.
[2 : mcmc] Progress @ 2025-02-19 18:46:14 : 723 steps taken, and 5966 accepted.
[1 : mcmc] Progress @ 2025-02-19 18:46:18 : 688 steps taken, and 5885 accepted.
[3 : mcmc] Progress @ 2025-02-19 18:46:33 : 667 steps taken, and 6075 accepted.
[0 : mcmc] Progress @ 2025-02-19 18:46:54 : 745 steps taken, and 5778 accepted.
[2 : mcmc] Progress @ 2025-02-19 18:47:16 : 731 steps taken, and 5969 accepted.
[1 : mcmc] Progress @ 2025-02-19 18:47:20 : 694 steps taken, and 5888 accepted.
[3 : mcmc] Progress @ 2025-02-19 18:47:35 : 676 steps taken, and 6077 accepted.
[0 : mcmc] Progress @ 2025-02-19 18:47:55 : 752 steps taken, and 5779 accepted.
[2 : mcmc] Progress @ 2025-02-19 18:48:18 : 740 steps taken, and 5972 accepted.
[1 : mcmc] Progress @ 2025-02-19 18:48:23 : 700 steps taken, and 5892 accepted.
[3 : mcmc] Progress @ 2025-02-19 18:48:38 : 682 steps taken, and 6079 accepted.
[0 : mcmc] Progress @ 2025-02-19 18:49:08 : 760 steps taken, and 5781 accepted.
[2 : mcmc] Progress @ 2025-02-19 18:49:31 : 746 steps taken, and 5975 accepted.
[1 : mcmc] Progress @ 2025-02-19 18:49:32 : 705 steps taken, and 5896 accepted.
[3 : mcmc] Progress @ 2025-02-19 18:49:48 : 687 steps taken, and 6081 accepted.
[0 : mcmc] Progress @ 2025-02-19 18:50:20 : 767 steps taken, and 5784 accepted.
[2 : mcmc] Progress @ 2025-02-19 18:50:44 : 752 steps taken, and 5977 accepted.
[1 : mcmc] Progress @ 2025-02-19 18:50:45 : 715 steps taken, and 5899 accepted.
[3 : mcmc] Progress @ 2025-02-19 18:51:01 : 694 steps taken, and 6084 accepted.
[0 : mcmc] Progress @ 2025-02-19 18:51:22 : 774 steps taken, and 5786 accepted.
[1 : mcmc] Progress @ 2025-02-19 18:51:48 : 722 steps taken, and 5901 accepted.
[2 : mcmc] Progress @ 2025-02-19 18:51:56 : 758 steps taken, and 5978 accepted.
[3 : mcmc] Progress @ 2025-02-19 18:52:03 : 704 steps taken, and 6088 accepted.
[0 : mcmc] Progress @ 2025-02-19 18:52:25 : 780 steps taken, and 5789 accepted.
[1 : mcmc] Progress @ 2025-02-19 18:53:00 : 728 steps taken, and 5901 accepted.
[2 : mcmc] Progress @ 2025-02-19 18:53:09 : 765 steps taken, and 5978 accepted.
[node049:27902:0:27902] Caught signal 11 (Segmentation fault: address not mapped to object at address 0xfffffffc05ca9bf8)
BFD: DWARF error: can't find .debug_ranges section.
BFD: DWARF error: can't find .debug_ranges section.
BFD: DWARF error: can't find .debug_ranges section.
BFD: DWARF error: can't find .debug_ranges section.
BFD: DWARF error: can't find .debug_ranges section.
BFD: DWARF error: can't find .debug_ranges section.
BFD: DWARF error: can't find .debug_ranges section.
BFD: DWARF error: can't find .debug_ranges section.
BFD: DWARF error: can't find .debug_ranges section.
BFD: DWARF error: can't find .debug_ranges section.
BFD: DWARF error: can't find .debug_ranges section.
BFD: DWARF error: can't find .debug_ranges section.
BFD: DWARF error: can't find .debug_ranges section.
BFD: DWARF error: can't find .debug_ranges section.
BFD: DWARF error: can't find .debug_ranges section.
BFD: DWARF error: can't find .debug_ranges section.
BFD: DWARF error: can't find .debug_ranges section.
BFD: DWARF error: can't find .debug_ranges section.
BFD: DWARF error: can't find .debug_ranges section.
BFD: DWARF error: can't find .debug_ranges section.
BFD: DWARF error: can't find .debug_ranges section.
BFD: DWARF error: can't find .debug_ranges section.
BFD: DWARF error: can't find .debug_ranges section.
BFD: DWARF error: can't find .debug_ranges section.
BFD: DWARF error: can't find .debug_ranges section.
BFD: DWARF error: can't find .debug_ranges section.
BFD: DWARF error: can't find .debug_ranges section.
BFD: DWARF error: can't find .debug_ranges section.
BFD: DWARF error: can't find .debug_ranges section.
BFD: DWARF error: can't find .debug_ranges section.
BFD: DWARF error: can't find .debug_ranges section.
BFD: DWARF error: can't find .debug_ranges section.
BFD: DWARF error: can't find .debug_ranges section.
BFD: DWARF error: can't find .debug_ranges section.
BFD: DWARF error: can't find .debug_ranges section.
BFD: DWARF error: can't find .debug_ranges section.
BFD: DWARF error: can't find .debug_ranges section.
BFD: DWARF error: can't find .debug_ranges section.
BFD: DWARF error: can't find .debug_ranges section.
BFD: DWARF error: can't find .debug_ranges section.
BFD: DWARF error: can't find .debug_ranges section.
BFD: DWARF error: can't find .debug_ranges section.
BFD: DWARF error: can't find .debug_ranges section.
BFD: DWARF error: can't find .debug_ranges section.
BFD: DWARF error: can't find .debug_ranges section.
BFD: DWARF error: can't find .debug_ranges section.
BFD: DWARF error: can't find .debug_ranges section.
BFD: DWARF error: can't find .debug_ranges section.
BFD: DWARF error: can't find .debug_ranges section.
BFD: DWARF error: can't find .debug_ranges section.
BFD: DWARF error: can't find .debug_ranges section.
BFD: DWARF error: can't find .debug_ranges section.
BFD: DWARF error: can't find .debug_ranges section.
BFD: DWARF error: can't find .debug_ranges section.
BFD: DWARF error: can't find .debug_ranges section.
BFD: DWARF error: can't find .debug_ranges section.
BFD: DWARF error: can't find .debug_ranges section.
BFD: DWARF error: can't find .debug_ranges section.
BFD: DWARF error: can't find .debug_ranges section.
BFD: DWARF error: can't find .debug_ranges section.
BFD: DWARF error: can't find .debug_ranges section.
BFD: DWARF error: can't find .debug_ranges section.
BFD: DWARF error: can't find .debug_ranges section.
BFD: DWARF error: can't find .debug_ranges section.
BFD: DWARF error: can't find .debug_ranges section.
BFD: DWARF error: can't find .debug_ranges section.
BFD: DWARF error: can't find .debug_ranges section.
BFD: DWARF error: can't find .debug_ranges section.
BFD: DWARF error: can't find .debug_ranges section.
BFD: DWARF error: can't find .debug_ranges section.
BFD: DWARF error: can't find .debug_ranges section.
BFD: DWARF error: can't find .debug_ranges section.
BFD: DWARF error: can't find .debug_ranges section.
BFD: DWARF error: can't find .debug_ranges section.
BFD: DWARF error: can't find .debug_ranges section.
BFD: DWARF error: can't find .debug_ranges section.
BFD: DWARF error: can't find .debug_ranges section.
BFD: DWARF error: can't find .debug_ranges section.
BFD: DWARF error: can't find .debug_ranges section.
BFD: DWARF error: can't find .debug_ranges section.
BFD: DWARF error: can't find .debug_ranges section.
BFD: DWARF error: can't find .debug_ranges section.
BFD: DWARF error: can't find .debug_ranges section.
BFD: DWARF error: can't find .debug_ranges section.
BFD: DWARF error: can't find .debug_ranges section.
BFD: DWARF error: can't find .debug_ranges section.
BFD: DWARF error: can't find .debug_ranges section.
BFD: DWARF error: can't find .debug_ranges section.
BFD: DWARF error: can't find .debug_ranges section.
BFD: DWARF error: can't find .debug_ranges section.
==== backtrace (tid:  27902) ====
 0 0x0000000000021563 ucs_debug_print_backtrace()  /dev/shm/UCX/1.8.0/GCCcore-9.3.0/ucx-1.8.0/src/ucs/debug/debug.c:653
 1 0x0000000000039f63 __massivenu_MOD_thermalnubackground_rho()  ???:0
 2 0x000000000003da49 __results_MOD_grho_no_de()  ???:0
 3 0x00000000000a5f01 dtauda_()  ???:0
 4 0x000000000004cfdc __results_MOD_thermo_init._omp_fn.0()  results.f90:0
 5 0x0000000000014295 GOMP_parallel_sections()  ???:0
 6 0x000000000004f7c2 __results_MOD_thermo_init()  ???:0
 7 0x00000000000f3923 __cambmain_MOD_initvars()  ???:0
 8 0x00000000000f9bff __cambmain_MOD_cmbmain()  ???:0
 9 0x0000000000105846 __camb_MOD_camb_getresults()  ???:0
10 0x00000000001104df __handles_MOD_cambdata_gettransfers()  ???:0
11 0x0000000000006a4a ffi_call_unix64()  :0
12 0x0000000000005fea ffi_call_int()  ffi64.c:0
13 0x00000000000091e0 _ctypes_callproc.cold()  :0
14 0x00000000000126ee PyCFuncPtr_call()  :0
15 0x00000000004f061c _PyObject_MakeTpCall()  ???:0
16 0x00000000004ec4f7 _PyEval_EvalFrameDefault()  ???:0
17 0x00000000004e694a _PyEval_EvalCode()  :0
18 0x000000000050500d method_vectorcall()  :0
19 0x00000000004e8a8b _PyEval_EvalFrameDefault()  ???:0
20 0x00000000004e694a _PyEval_EvalCode()  :0
21 0x00000000004f7d95 _PyFunction_Vectorcall()  ???:0
22 0x00000000004e8a8b _PyEval_EvalFrameDefault()  ???:0
23 0x00000000004e694a _PyEval_EvalCode()  :0
24 0x000000000050500d method_vectorcall()  :0
25 0x0000000000505744 PyObject_Call()  ???:0
26 0x00000000004eac68 _PyEval_EvalFrameDefault()  ???:0
27 0x00000000004e694a _PyEval_EvalCode()  :0
28 0x000000000050500d method_vectorcall()  :0
29 0x00000000004e8a8b _PyEval_EvalFrameDefault()  ???:0
30 0x00000000004e694a _PyEval_EvalCode()  :0
31 0x000000000050500d method_vectorcall()  :0
32 0x00000000004e8a8b _PyEval_EvalFrameDefault()  ???:0
33 0x00000000004e694a _PyEval_EvalCode()  :0
34 0x00000000004f7d95 _PyFunction_Vectorcall()  ???:0
35 0x00000000004e7edc _PyEval_EvalFrameDefault()  ???:0
36 0x00000000004f8073 function_code_fastcall()  :0
37 0x0000000000504f01 method_vectorcall()  :0
38 0x00000000004ec5b4 _PyEval_EvalFrameDefault()  ???:0
39 0x00000000004f8073 function_code_fastcall()  :0
40 0x00000000004e7edc _PyEval_EvalFrameDefault()  ???:0
41 0x00000000004e694a _PyEval_EvalCode()  :0
42 0x00000000004f7d95 _PyFunction_Vectorcall()  ???:0
43 0x0000000000505744 PyObject_Call()  ???:0
44 0x00000000004eac68 _PyEval_EvalFrameDefault()  ???:0
45 0x00000000004f8073 function_code_fastcall()  :0
46 0x00000000004e7c22 _PyEval_EvalFrameDefault()  ???:0
47 0x00000000004e694a _PyEval_EvalCode()  :0
48 0x00000000004e65d7 _PyEval_EvalCodeWithName()  ???:0
49 0x00000000004e6589 PyEval_EvalCodeEx()  ???:0
50 0x0000000000593f2b PyEval_EvalCode()  ???:0
51 0x00000000005c1697 run_eval_code_obj()  :0
52 0x00000000005bd6b0 run_mod()  :0
53 0x00000000004565eb pyrun_file.cold()  :0
54 0x00000000005b7392 PyRun_SimpleFileExFlags()  ???:0
55 0x00000000005b490e Py_RunMain()  ???:0
56 0x0000000000587fd9 Py_BytesMain()  ???:0
57 0x0000000000022555 __libc_start_main()  ???:0
=================================
[node049:27902] *** Process received signal ***
[node049:27902] Signal: Segmentation fault (11)
[node049:27902] Signal code:  (-6)
[node049:27902] Failing at address: 0x8cfb800006cfe
[node049:27902] [ 0] /lib64/libpthread.so.0(+0xf630)[0x7f345f502630]
[node049:27902] [ 1] /users/smp24dhl/cosmo/code/CAMB_beta/camb/camblib.so(__massivenu_MOD_thermalnubackground_rho+0x63)[0x7f343e215f63]
[node049:27902] [ 2] /users/smp24dhl/cosmo/code/CAMB_beta/camb/camblib.so(__results_MOD_grho_no_de+0xc9)[0x7f343e219a49]
[node049:27902] [ 3] /users/smp24dhl/cosmo/code/CAMB_beta/camb/camblib.so(dtauda_+0x61)[0x7f343e281f01]
[node049:27902] [ 4] /users/smp24dhl/cosmo/code/CAMB_beta/camb/camblib.so(+0x4cfdc)[0x7f343e228fdc]
[node049:27902] [ 5] /users/smp24dhl/.conda/envs/cosmos/bin/../lib/libgomp.so.1(GOMP_parallel_sections+0x80)[0x7f343e1b1295]
[node049:27902] [ 6] /users/smp24dhl/cosmo/code/CAMB_beta/camb/camblib.so(__results_MOD_thermo_init+0x12d2)[0x7f343e22b7c2]
[node049:27902] [ 7] /users/smp24dhl/cosmo/code/CAMB_beta/camb/camblib.so(__cambmain_MOD_initvars+0x193)[0x7f343e2cf923]
[node049:27902] [ 8] /users/smp24dhl/cosmo/code/CAMB_beta/camb/camblib.so(__cambmain_MOD_cmbmain+0xbf)[0x7f343e2d5bff]
[node049:27902] [ 9] /users/smp24dhl/cosmo/code/CAMB_beta/camb/camblib.so(__camb_MOD_camb_getresults+0x2986)[0x7f343e2e1846]
[node049:27902] [10] /users/smp24dhl/cosmo/code/CAMB_beta/camb/camblib.so(__handles_MOD_cambdata_gettransfers+0x1f)[0x7f343e2ec4df]
[node049:27902] [11] /users/smp24dhl/.conda/envs/cosmos/lib/python3.9/lib-dynload/../../libffi.so.8(+0x6a4a)[0x7f345f7bda4a]
[node049:27902] [12] /users/smp24dhl/.conda/envs/cosmos/lib/python3.9/lib-dynload/../../libffi.so.8(+0x5fea)[0x7f345f7bcfea]
[node049:27902] [13] /users/smp24dhl/.conda/envs/cosmos/lib/python3.9/lib-dynload/_ctypes.cpython-39-x86_64-linux-gnu.so(+0x91e0)[0x7f34554bc1e0]
[node049:27902] [14] /users/smp24dhl/.conda/envs/cosmos/lib/python3.9/lib-dynload/_ctypes.cpython-39-x86_64-linux-gnu.so(+0x126ee)[0x7f34554c56ee]
[node049:27902] [15] /users/smp24dhl/.conda/envs/cosmos/bin/python(_PyObject_MakeTpCall+0x2ec)[0x4f061c]
[node049:27902] [16] /users/smp24dhl/.conda/envs/cosmos/bin/python(_PyEval_EvalFrameDefault+0x4ca7)[0x4ec4f7]
[node049:27902] [17] /users/smp24dhl/.conda/envs/cosmos/bin/python[0x4e694a]
[node049:27902] [18] /users/smp24dhl/.conda/envs/cosmos/bin/python[0x50500d]
[node049:27902] [19] /users/smp24dhl/.conda/envs/cosmos/bin/python(_PyEval_EvalFrameDefault+0x123b)[0x4e8a8b]
[node049:27902] [20] /users/smp24dhl/.conda/envs/cosmos/bin/python[0x4e694a]
[node049:27902] [21] /users/smp24dhl/.conda/envs/cosmos/bin/python(_PyFunction_Vectorcall+0xd5)[0x4f7d95]
[node049:27902] [22] /users/smp24dhl/.conda/envs/cosmos/bin/python(_PyEval_EvalFrameDefault+0x123b)[0x4e8a8b]
[node049:27902] [23] /users/smp24dhl/.conda/envs/cosmos/bin/python[0x4e694a]
[node049:27902] [24] /users/smp24dhl/.conda/envs/cosmos/bin/python[0x50500d]
[node049:27902] [25] /users/smp24dhl/.conda/envs/cosmos/bin/python(PyObject_Call+0xb4)[0x505744]
[node049:27902] [26] /users/smp24dhl/.conda/envs/cosmos/bin/python(_PyEval_EvalFrameDefault+0x3418)[0x4eac68]
[node049:27902] [27] /users/smp24dhl/.conda/envs/cosmos/bin/python[0x4e694a]
[node049:27902] [28] /users/smp24dhl/.conda/envs/cosmos/bin/python[0x50500d]
[node049:27902] [29] /users/smp24dhl/.conda/envs/cosmos/bin/python(_PyEval_EvalFrameDefault+0x123b)[0x4e8a8b]
[node049:27902] *** End of error message ***
--------------------------------------------------------------------------
Primary job  terminated normally, but 1 process returned
a non-zero exit code. Per user-direction, the job has been aborted.
--------------------------------------------------------------------------
--------------------------------------------------------------------------
mpirun noticed that process rank 2 with PID 27902 on node node049 exited on signal 11 (Segmentation fault).
--------------------------------------------------------------------------
