[0 : output] Output to be read-from/written-into folder 'chains', with prefix 'noHalo'
[0 : output] Found existing info files with the requested output prefix: 'chains/noHalo'
[0 : output] Let's try to resume/load.
[0 : output] Found an old sample. Resuming.
[0 : prior] *WARNING* External prior 'SZ' loaded. Mind that it might not be normalized!
[0 : camb] `camb` module loaded successfully from /users/smp24dhl/cosmo/code/CAMB_beta/camb
[0 : planck_2018_highl_plik.ttteee] `clik` module loaded successfully from /users/smp24dhl/cosmo/code/planck/clik/lib/python3.9/site-packages/clik
----
clik version clik_16.0b1-2-g63c889f3aa9c MAKEFILE
  smica
----
clik version clik_16.0b1-2-g63c889f3aa9c MAKEFILE
  smica
Checking likelihood '/users/smp24dhl/cosmo/data/planck_2018/baseline/plc_3.0/hi_l/plik/plik_rd12_HM_v22b_TTTEEE.clik' on test data. got -1172.47 expected -1172.47 (diff -4.34055e-07)
----
Checking likelihood '/users/smp24dhl/cosmo/data/planck_2018/baseline/plc_3.0/hi_l/plik/plik_rd12_HM_v22b_TTTEEE.clik' on test data. got -1172.47 expected -1172.47 (diff -4.34055e-07)
----
----
clik version clik_16.0b1-2-g63c889f3aa9c MAKEFILE
  smica
----
clik version clik_16.0b1-2-g63c889f3aa9c MAKEFILE
  smica
Checking likelihood '/users/smp24dhl/cosmo/data/planck_2018/baseline/plc_3.0/hi_l/plik/plik_rd12_HM_v22b_TTTEEE.clik' on test data. got -1172.47 expected -1172.47 (diff -4.34055e-07)
----
Checking likelihood '/users/smp24dhl/cosmo/data/planck_2018/baseline/plc_3.0/hi_l/plik/plik_rd12_HM_v22b_TTTEEE.clik' on test data. got -1172.47 expected -1172.47 (diff -4.34055e-07)
----
Checking lensing likelihood '/users/smp24dhl/cosmo/data/planck_2018/baseline/plc_3.0/lensing/smicadx12_Dec5_ftl_mv2_ndclpp_p_teb_consext8.clik_lensing' on test data. got -4.42102
Checking lensing likelihood '/users/smp24dhl/cosmo/data/planck_2018/baseline/plc_3.0/lensing/smicadx12_Dec5_ftl_mv2_ndclpp_p_teb_consext8.clik_lensing' on test data. got -4.42102
Checking lensing likelihood '/users/smp24dhl/cosmo/data/planck_2018/baseline/plc_3.0/lensing/smicadx12_Dec5_ftl_mv2_ndclpp_p_teb_consext8.clik_lensing' on test data. got -4.42102
[0 : planck_2018_lensing.clik] `clik` module loaded successfully from /users/smp24dhl/cosmo/code/planck/clik/lib/python3.9/site-packages/clik
Checking lensing likelihood '/users/smp24dhl/cosmo/data/planck_2018/baseline/plc_3.0/lensing/smicadx12_Dec5_ftl_mv2_ndclpp_p_teb_consext8.clik_lensing' on test data. got -4.42102
[0 : mcmc] Resuming from previous sample!
[3 : samplecollection] Loaded 1897 sample points from 'chains/noHalo.4.txt'
[1 : samplecollection] Loaded 1895 sample points from 'chains/noHalo.2.txt'
[0 : samplecollection] Loaded 2886 sample points from 'chains/noHalo.1.txt'
[2 : samplecollection] Loaded 2956 sample points from 'chains/noHalo.3.txt'
[3 : mcmc] Initial point: logA:3.044913, ns:0.9640549, theta_MC_100:1.040982, ombh2:0.02247256, omch2:0.1191744, w:-0.8339389, wa:-0.4935001, beta_DE:-1.018094, tau:0.05256262, A_planck:1.001782, calib_100T:0.9996249, calib_217T:0.9987193, A_cib_217:52.65613, xi_sz_cib:0.9755018, A_sz:3.597979, ksz_norm:0.884761, gal545_A_100:8.552645, gal545_A_143:10.18488, gal545_A_143_217:12.15997, gal545_A_217:78.79481, ps_A_100_100:242.3579, ps_A_143_143:60.0241, ps_A_143_217:59.9795, ps_A_217_217:124.5082, galf_TE_A_100:0.1614643, galf_TE_A_100_143:0.1424252, galf_TE_A_100_217:0.4015391, galf_TE_A_143:0.2202093, galf_TE_A_143_217:0.6994954, galf_TE_A_217:2.165156
[1 : mcmc] Initial point: logA:3.006749, ns:0.9597688, theta_MC_100:1.040479, ombh2:0.02235587, omch2:0.1197154, w:0.02288315, wa:-1.978519, beta_DE:-1.593403, tau:0.03330927, A_planck:1.004208, calib_100T:1.000083, calib_217T:0.9986822, A_cib_217:53.55181, xi_sz_cib:0.2762307, A_sz:9.559523, ksz_norm:2.164269, gal545_A_100:10.64834, gal545_A_143:11.50275, gal545_A_143_217:24.78258, gal545_A_217:100.6777, ps_A_100_100:264.1332, ps_A_143_143:40.6974, ps_A_143_217:38.55466, ps_A_217_217:109.89, galf_TE_A_100:0.1000429, galf_TE_A_100_143:0.183125, galf_TE_A_100_217:0.588468, galf_TE_A_143:0.1733585, galf_TE_A_143_217:0.6676173, galf_TE_A_217:2.283136
[2 : mcmc] Initial point: logA:3.024387, ns:0.9662433, theta_MC_100:1.041784, ombh2:0.02246183, omch2:0.1190074, w:0.1531644, wa:-2.557953, beta_DE:-2.635324, tau:0.0480858, A_planck:0.9965536, calib_100T:0.9999482, calib_217T:0.9982142, A_cib_217:50.19794, xi_sz_cib:0.1493572, A_sz:6.29141, ksz_norm:1.909682, gal545_A_100:6.81602, gal545_A_143:8.557799, gal545_A_143_217:16.25643, gal545_A_217:85.54511, ps_A_100_100:237.395, ps_A_143_143:42.72337, ps_A_143_217:35.60222, ps_A_217_217:111.9736, galf_TE_A_100:0.1628254, galf_TE_A_100_143:0.1588154, galf_TE_A_100_217:0.462778, galf_TE_A_143:0.1966853, galf_TE_A_143_217:0.787427, galf_TE_A_217:2.410088
[0 : mcmc] Initial point: logA:3.057275, ns:0.9745841, theta_MC_100:1.040933, ombh2:0.02245762, omch2:0.1185056, w:-0.1854853, wa:-1.654324, beta_DE:0.1393295, tau:0.06230107, A_planck:1.000424, calib_100T:0.999621, calib_217T:0.997682, A_cib_217:52.23401, xi_sz_cib:0.29024, A_sz:3.14913, ksz_norm:1.694459, gal545_A_100:6.75059, gal545_A_143:9.801756, gal545_A_143_217:10.45447, gal545_A_217:77.6347, ps_A_100_100:263.8906, ps_A_143_143:36.84081, ps_A_143_217:35.49292, ps_A_217_217:110.7371, galf_TE_A_100:0.1279011, galf_TE_A_100_143:0.136359, galf_TE_A_100_217:0.4650277, galf_TE_A_143:0.2222943, galf_TE_A_143_217:0.5576799, galf_TE_A_217:1.651703
[0 : mcmc] *WARNING* Parameter blocking manually/previously fixed: speeds will not be measured.
[0 : mcmc] Dragging with number of interpolating steps:
[0 : mcmc] * 1 : (['theta_MC_100', 'ombh2', 'omch2', 'w', 'wa', 'beta_DE', 'tau'], ['logA', 'ns'])
[0 : mcmc] * 9 : (['A_planck'], ['calib_100T', 'calib_217T', 'A_cib_217', 'xi_sz_cib', 'A_sz', 'ksz_norm', 'gal545_A_100', 'gal545_A_143', 'gal545_A_143_217', 'gal545_A_217', 'ps_A_100_100', 'ps_A_143_143', 'ps_A_143_217', 'ps_A_217_217', 'galf_TE_A_100', 'galf_TE_A_100_143', 'galf_TE_A_100_217', 'galf_TE_A_143', 'galf_TE_A_143_217', 'galf_TE_A_217'])
[0 : mcmc] Covariance matrix from previous sample.
[0 : mcmc] Sampling!
[3 : mcmc] Progress @ 2024-12-12 12:23:29 : 1 steps taken, and 1897 accepted.
[1 : mcmc] Progress @ 2024-12-12 12:23:29 : 1 steps taken, and 1895 accepted.
[2 : mcmc] Progress @ 2024-12-12 12:23:35 : 1 steps taken, and 2956 accepted.
[0 : mcmc] Progress @ 2024-12-12 12:23:39 : 1 steps taken, and 2886 accepted.
[1 : mcmc] Progress @ 2024-12-12 12:24:30 : 90 steps taken, and 1914 accepted.
[3 : mcmc] Progress @ 2024-12-12 12:24:31 : 52 steps taken, and 1917 accepted.
[node047:25048:0:25121] Caught signal 11 (Segmentation fault: address not mapped to object at address 0xfffffffc055869b8)
BFD: DWARF error: can't find .debug_ranges section.
BFD: DWARF error: can't find .debug_ranges section.
==== backtrace (tid:  25121) ====
 0 0x0000000000021563 ucs_debug_print_backtrace()  /dev/shm/UCX/1.8.0/GCCcore-9.3.0/ucx-1.8.0/src/ucs/debug/debug.c:653
 1 0x0000000000039f63 __massivenu_MOD_thermalnubackground_rho()  ???:0
 2 0x000000000003da49 __results_MOD_grho_no_de()  ???:0
 3 0x00000000000a5ef1 dtauda_()  ???:0
 4 0x000000000004cfcc __results_MOD_thermo_init._omp_fn.0()  results.f90:0
 5 0x0000000000018f09 gomp_thread_start()  team.c:0
 6 0x0000000000007ea5 start_thread()  pthread_create.c:0
 7 0x00000000000feb0d __clone()  ???:0
=================================
[node047:25048] *** Process received signal ***
[node047:25048] Signal: Segmentation fault (11)
[node047:25048] Signal code:  (-6)
[node047:25048] Failing at address: 0x8cfb8000061d8
[node047:25048] [ 0] /lib64/libpthread.so.0(+0xf630)[0x7efc5f10d630]
[node047:25048] [ 1] /users/smp24dhl/cosmo/code/CAMB_beta/camb/camblib.so(__massivenu_MOD_thermalnubackground_rho+0x63)[0x7efc02664f63]
[node047:25048] [ 2] /users/smp24dhl/cosmo/code/CAMB_beta/camb/camblib.so(__results_MOD_grho_no_de+0xc9)[0x7efc02668a49]
[node047:25048] [ 3] /users/smp24dhl/cosmo/code/CAMB_beta/camb/camblib.so(dtauda_+0x61)[0x7efc026d0ef1]
[node047:25048] [ 4] /users/smp24dhl/cosmo/code/CAMB_beta/camb/camblib.so(+0x4cfcc)[0x7efc02677fcc]
[node047:25048] [ 5] /users/smp24dhl/.conda/envs/cosmos/bin/../lib/libgomp.so.1(+0x18f09)[0x7efc02604f09]
[node047:25048] [ 6] /lib64/libpthread.so.0(+0x7ea5)[0x7efc5f105ea5]
[node047:25048] [ 7] /lib64/libc.so.6(clone+0x6d)[0x7efc5e725b0d]
[node047:25048] *** End of error message ***
--------------------------------------------------------------------------
Primary job  terminated normally, but 1 process returned
a non-zero exit code. Per user-direction, the job has been aborted.
--------------------------------------------------------------------------
--------------------------------------------------------------------------
mpirun noticed that process rank 3 with PID 25048 on node node047 exited on signal 11 (Segmentation fault).
--------------------------------------------------------------------------
