[0 : output] Output to be read-from/written-into folder 'chains', with prefix 'act-full'
[0 : output] Found existing info files with the requested output prefix: 'chains/act-full'
[0 : output] Let's try to resume/load.
[0 : output] Found an old sample. Resuming.
[0 : prior] *WARNING* External prior 'SZ' loaded. Mind that it might not be normalized!

libgomp: Invalid value for environment variable OMP_NUM_THREADS: 

libgomp: Invalid value for environment variable OMP_NUM_THREADS: 

libgomp: 
libgomp: Invalid value for environment variable OMP_NUM_THREADS: 
Invalid value for environment variable OMP_NUM_THREADS: 
[0 : camb] `camb` module loaded successfully from /users/smp24dhl/cosmo/code/CAMB_beta/camb
[0 : planck_2018_highl_plik.ttteee] `clik` module loaded successfully from /users/smp24dhl/cosmo/code/planck/clik/lib/python3.9/site-packages/clik
----
----
clik version clik_16.0b1-2-g63c889f3aa9c MAKEFILE
  smica
clik version clik_16.0b1-2-g63c889f3aa9c MAKEFILE
  smica
----
clik version clik_16.0b1-2-g63c889f3aa9c MAKEFILE
  smica
----
clik version clik_16.0b1-2-g63c889f3aa9c MAKEFILE
  smica
Checking likelihood '/users/smp24dhl/cosmo/data/planck_2018/baseline/plc_3.0/hi_l/plik/plik_rd12_HM_v22b_TTTEEE.clik' on test data. got -1172.47 expected -1172.47 (diff -4.34057e-07)
----
Checking likelihood '/users/smp24dhl/cosmo/data/planck_2018/baseline/plc_3.0/hi_l/plik/plik_rd12_HM_v22b_TTTEEE.clik' on test data. got -1172.47 expected -1172.47 (diff -4.34057e-07)
----
Checking likelihood '/users/smp24dhl/cosmo/data/planck_2018/baseline/plc_3.0/hi_l/plik/plik_rd12_HM_v22b_TTTEEE.clik' on test data. got -1172.47 expected -1172.47 (diff -4.34057e-07)
----
Loading ACT DR6 lensing likelihood v1.2...
Loading ACT DR6 lensing likelihood v1.2...
Loading ACT DR6 lensing likelihood v1.2...
Checking likelihood '/users/smp24dhl/cosmo/data/planck_2018/baseline/plc_3.0/hi_l/plik/plik_rd12_HM_v22b_TTTEEE.clik' on test data. got -1172.47 expected -1172.47 (diff -4.34057e-07)
----
Loading ACT DR6 lensing likelihood v1.2...
/users/smp24dhl/cosmo/code/act_dr6_lenslike/act_dr6_lenslike/act_dr6_lenslike.py:416: UserWarning: Hartlap correction to cinv: 0.949874686716792
  warnings.warn(f"Hartlap correction to cinv: {hartlap_correction}")
/users/smp24dhl/cosmo/code/act_dr6_lenslike/act_dr6_lenslike/act_dr6_lenslike.py:416: UserWarning: Hartlap correction to cinv: 0.949874686716792
  warnings.warn(f"Hartlap correction to cinv: {hartlap_correction}")
/users/smp24dhl/cosmo/code/act_dr6_lenslike/act_dr6_lenslike/act_dr6_lenslike.py:416: UserWarning: Hartlap correction to cinv: 0.949874686716792
  warnings.warn(f"Hartlap correction to cinv: {hartlap_correction}")
/users/smp24dhl/cosmo/code/act_dr6_lenslike/act_dr6_lenslike/act_dr6_lenslike.py:416: UserWarning: Hartlap correction to cinv: 0.949874686716792
  warnings.warn(f"Hartlap correction to cinv: {hartlap_correction}")
[0 : bao.desi_2024_bao_all] Initialized.
[3 : bao.desi_2024_bao_all] Initialized.
[2 : bao.desi_2024_bao_all] Initialized.
[1 : bao.desi_2024_bao_all] Initialized.
[0 : mcmc] Resuming from previous sample!
[0 : samplecollection] Loaded 4220 sample points from 'chains/act-full.1.txt'
[1 : samplecollection] Loaded 4377 sample points from 'chains/act-full.2.txt'
[2 : samplecollection] Loaded 4382 sample points from 'chains/act-full.3.txt'
[3 : samplecollection] Loaded 4529 sample points from 'chains/act-full.4.txt'
[3 : mcmc] Initial point: logA:3.02801, ns:0.9690578, theta_MC_100:1.041139, ombh2:0.02236495, omch2:0.1186071, w:-0.7374788, wa:-1.241991, beta_DE:1.519245, tau:0.04906001, A_planck:1.000375, calib_100T:0.999412, calib_217T:0.9987322, A_cib_217:42.28066, xi_sz_cib:0.4769686, A_sz:7.888202, ksz_norm:0.9528148, gal545_A_100:9.617449, gal545_A_143:13.56192, gal545_A_143_217:22.28107, gal545_A_217:101.0279, ps_A_100_100:222.4191, ps_A_143_143:45.00118, ps_A_143_217:51.45994, ps_A_217_217:128.1648, galf_TE_A_100:0.07333982, galf_TE_A_100_143:0.1109976, galf_TE_A_100_217:0.421107, galf_TE_A_143:0.2189322, galf_TE_A_143_217:0.7470236, galf_TE_A_217:2.264961
[0 : mcmc] Initial point: logA:3.038582, ns:0.9720843, theta_MC_100:1.040927, ombh2:0.02232097, omch2:0.1193286, w:-0.7457561, wa:-0.8036555, beta_DE:-0.2920143, tau:0.04917389, A_planck:1.004617, calib_100T:0.9976969, calib_217T:0.998773, A_cib_217:47.73137, xi_sz_cib:0.3215333, A_sz:7.853344, ksz_norm:0.9346792, gal545_A_100:7.782845, gal545_A_143:12.9388, gal545_A_143_217:23.83805, gal545_A_217:104.9825, ps_A_100_100:223.4317, ps_A_143_143:30.00592, ps_A_143_217:38.75583, ps_A_217_217:112.5165, galf_TE_A_100:0.1360948, galf_TE_A_100_143:0.1456293, galf_TE_A_100_217:0.3723644, galf_TE_A_143:0.2541587, galf_TE_A_143_217:0.5037468, galf_TE_A_217:1.822051
[1 : mcmc] Initial point: logA:3.046864, ns:0.973733, theta_MC_100:1.041388, ombh2:0.02249874, omch2:0.1178726, w:-0.9314626, wa:-0.2663023, beta_DE:-0.6316264, tau:0.05749756, A_planck:1.000926, calib_100T:0.998782, calib_217T:0.9989149, A_cib_217:46.28652, xi_sz_cib:0.3297954, A_sz:7.72032, ksz_norm:4.2286, gal545_A_100:9.553049, gal545_A_143:10.80713, gal545_A_143_217:21.47751, gal545_A_217:98.61069, ps_A_100_100:198.1044, ps_A_143_143:28.18248, ps_A_143_217:29.1523, ps_A_217_217:107.1952, galf_TE_A_100:0.0867348, galf_TE_A_100_143:0.1460933, galf_TE_A_100_217:0.4892958, galf_TE_A_143:0.2737852, galf_TE_A_143_217:0.6840924, galf_TE_A_217:1.982867
[2 : mcmc] Initial point: logA:3.049771, ns:0.9700245, theta_MC_100:1.04088, ombh2:0.02224321, omch2:0.1194516, w:-0.7929694, wa:-0.9500285, beta_DE:1.799865, tau:0.05928435, A_planck:0.9994685, calib_100T:0.9995922, calib_217T:0.997368, A_cib_217:42.28919, xi_sz_cib:0.129059, A_sz:5.738535, ksz_norm:3.02854, gal545_A_100:8.676975, gal545_A_143:12.15098, gal545_A_143_217:16.27599, gal545_A_217:91.8012, ps_A_100_100:261.495, ps_A_143_143:37.92774, ps_A_143_217:37.37562, ps_A_217_217:122.3612, galf_TE_A_100:0.07363353, galf_TE_A_100_143:0.1591738, galf_TE_A_100_217:0.4153707, galf_TE_A_143:0.2217037, galf_TE_A_143_217:0.643231, galf_TE_A_217:2.057024
[0 : mcmc] *WARNING* Parameter blocking manually/previously fixed: speeds will not be measured.
[0 : mcmc] Dragging with number of interpolating steps:
[0 : mcmc] *  1 : (['theta_MC_100', 'ombh2', 'omch2', 'w', 'wa', 'beta_DE', 'tau'], ['logA', 'ns'])
[0 : mcmc] * 12 : (['A_planck'], ['calib_100T', 'calib_217T', 'A_cib_217', 'xi_sz_cib', 'A_sz', 'ksz_norm', 'gal545_A_100', 'gal545_A_143', 'gal545_A_143_217', 'gal545_A_217', 'ps_A_100_100', 'ps_A_143_143', 'ps_A_143_217', 'ps_A_217_217', 'galf_TE_A_100', 'galf_TE_A_100_143', 'galf_TE_A_100_217', 'galf_TE_A_143', 'galf_TE_A_143_217', 'galf_TE_A_217'])
[0 : mcmc] Covariance matrix from previous sample.
[0 : mcmc] Sampling!
[2 : mcmc] Progress @ 2025-02-10 11:17:53 : 1 steps taken, and 4382 accepted.
[3 : mcmc] Progress @ 2025-02-10 11:17:53 : 1 steps taken, and 4529 accepted.
[1 : mcmc] Progress @ 2025-02-10 11:17:54 : 1 steps taken, and 4377 accepted.
[0 : mcmc] Progress @ 2025-02-10 11:17:54 : 1 steps taken, and 4220 accepted.
[3 : mcmc] Progress @ 2025-02-10 11:19:04 : 4 steps taken, and 4530 accepted.
[0 : mcmc] Progress @ 2025-02-10 11:19:05 : 4 steps taken, and 4220 accepted.
[1 : mcmc] Progress @ 2025-02-10 11:19:17 : 5 steps taken, and 4378 accepted.
[2 : mcmc] Progress @ 2025-02-10 11:19:19 : 5 steps taken, and 4384 accepted.
[3 : mcmc] Progress @ 2025-02-10 11:20:13 : 9 steps taken, and 4532 accepted.
[0 : mcmc] Progress @ 2025-02-10 11:20:25 : 7 steps taken, and 4221 accepted.
[1 : mcmc] Progress @ 2025-02-10 11:20:41 : 10 steps taken, and 4379 accepted.
[2 : mcmc] Progress @ 2025-02-10 11:20:44 : 9 steps taken, and 4386 accepted.
[3 : mcmc] Progress @ 2025-02-10 11:21:22 : 14 steps taken, and 4534 accepted.
[0 : mcmc] Progress @ 2025-02-10 11:21:39 : 11 steps taken, and 4223 accepted.
[1 : mcmc] Progress @ 2025-02-10 11:21:48 : 13 steps taken, and 4380 accepted.
[2 : mcmc] Progress @ 2025-02-10 11:21:59 : 12 steps taken, and 4387 accepted.
[3 : mcmc] Progress @ 2025-02-10 11:22:43 : 17 steps taken, and 4534 accepted.
[0 : mcmc] Progress @ 2025-02-10 11:22:44 : 14 steps taken, and 4224 accepted.
[1 : mcmc] Progress @ 2025-02-10 11:23:07 : 17 steps taken, and 4380 accepted.
[2 : mcmc] Progress @ 2025-02-10 11:23:10 : 15 steps taken, and 4387 accepted.
[0 : mcmc] Progress @ 2025-02-10 11:23:56 : 17 steps taken, and 4225 accepted.
[3 : mcmc] Progress @ 2025-02-10 11:24:02 : 20 steps taken, and 4534 accepted.
[1 : mcmc] Progress @ 2025-02-10 11:24:23 : 21 steps taken, and 4381 accepted.
[2 : mcmc] Progress @ 2025-02-10 11:24:33 : 18 steps taken, and 4388 accepted.
[0 : mcmc] Progress @ 2025-02-10 11:25:12 : 20 steps taken, and 4226 accepted.
[3 : mcmc] Progress @ 2025-02-10 11:25:24 : 23 steps taken, and 4534 accepted.
[2 : mcmc] Progress @ 2025-02-10 11:25:41 : 21 steps taken, and 4390 accepted.
[1 : mcmc] Progress @ 2025-02-10 11:25:45 : 25 steps taken, and 4383 accepted.
[0 : mcmc] Progress @ 2025-02-10 11:26:25 : 25 steps taken, and 4228 accepted.
[3 : mcmc] Progress @ 2025-02-10 11:26:40 : 27 steps taken, and 4535 accepted.
[2 : mcmc] Progress @ 2025-02-10 11:26:57 : 24 steps taken, and 4391 accepted.
[1 : mcmc] Progress @ 2025-02-10 11:27:08 : 28 steps taken, and 4384 accepted.
[0 : mcmc] Progress @ 2025-02-10 11:27:38 : 28 steps taken, and 4229 accepted.
[3 : mcmc] Progress @ 2025-02-10 11:28:04 : 30 steps taken, and 4537 accepted.
[2 : mcmc] Progress @ 2025-02-10 11:28:04 : 28 steps taken, and 4393 accepted.
[1 : mcmc] Progress @ 2025-02-10 11:28:19 : 32 steps taken, and 4385 accepted.
[0 : mcmc] Progress @ 2025-02-10 11:28:56 : 32 steps taken, and 4229 accepted.
[3 : mcmc] Progress @ 2025-02-10 11:29:08 : 34 steps taken, and 4540 accepted.
[2 : mcmc] Progress @ 2025-02-10 11:29:20 : 32 steps taken, and 4394 accepted.
[1 : mcmc] Progress @ 2025-02-10 11:29:20 : 37 steps taken, and 4387 accepted.
[0 : mcmc] Progress @ 2025-02-10 11:30:04 : 37 steps taken, and 4231 accepted.
[3 : mcmc] Progress @ 2025-02-10 11:30:20 : 37 steps taken, and 4541 accepted.
[2 : mcmc] Progress @ 2025-02-10 11:30:27 : 35 steps taken, and 4395 accepted.
[1 : mcmc] Progress @ 2025-02-10 11:30:42 : 42 steps taken, and 4389 accepted.
[0 : mcmc] Progress @ 2025-02-10 11:31:30 : 40 steps taken, and 4233 accepted.
[3 : mcmc] Progress @ 2025-02-10 11:31:39 : 40 steps taken, and 4543 accepted.
[2 : mcmc] Progress @ 2025-02-10 11:31:47 : 38 steps taken, and 4396 accepted.
[1 : mcmc] Progress @ 2025-02-10 11:32:02 : 45 steps taken, and 4390 accepted.
[0 : mcmc] Progress @ 2025-02-10 11:32:39 : 43 steps taken, and 4235 accepted.
[3 : mcmc] Progress @ 2025-02-10 11:32:40 : 43 steps taken, and 4543 accepted.
[2 : mcmc] Progress @ 2025-02-10 11:33:04 : 43 steps taken, and 4399 accepted.
[1 : mcmc] Progress @ 2025-02-10 11:33:10 : 48 steps taken, and 4392 accepted.
[0 : mcmc] Progress @ 2025-02-10 11:33:54 : 48 steps taken, and 4237 accepted.
[3 : mcmc] Progress @ 2025-02-10 11:34:01 : 46 steps taken, and 4545 accepted.
[1 : mcmc] Progress @ 2025-02-10 11:34:23 : 51 steps taken, and 4392 accepted.
[2 : mcmc] Progress @ 2025-02-10 11:34:25 : 47 steps taken, and 4400 accepted.
[0 : mcmc] Progress @ 2025-02-10 11:34:55 : 53 steps taken, and 4239 accepted.
[3 : mcmc] Progress @ 2025-02-10 11:35:21 : 50 steps taken, and 4546 accepted.
[1 : mcmc] Progress @ 2025-02-10 11:35:28 : 55 steps taken, and 4393 accepted.
[2 : mcmc] Progress @ 2025-02-10 11:35:43 : 50 steps taken, and 4403 accepted.
[0 : mcmc] Progress @ 2025-02-10 11:35:59 : 56 steps taken, and 4239 accepted.
[3 : mcmc] Progress @ 2025-02-10 11:36:31 : 53 steps taken, and 4548 accepted.
[1 : mcmc] Progress @ 2025-02-10 11:36:41 : 60 steps taken, and 4393 accepted.
[2 : mcmc] Progress @ 2025-02-10 11:36:48 : 53 steps taken, and 4403 accepted.
[0 : mcmc] Progress @ 2025-02-10 11:37:00 : 60 steps taken, and 4239 accepted.
[node009:13160:0:13297] Caught signal 11 (Segmentation fault: address not mapped to object at address 0xfffffffc0515d0d8)
BFD: DWARF error: can't find .debug_ranges section.
BFD: DWARF error: can't find .debug_ranges section.
==== backtrace (tid:  13297) ====
 0 0x0000000000021563 ucs_debug_print_backtrace()  /dev/shm/UCX/1.8.0/GCCcore-9.3.0/ucx-1.8.0/src/ucs/debug/debug.c:653
 1 0x0000000000039f63 __massivenu_MOD_thermalnubackground_rho()  ???:0
 2 0x000000000003da49 __results_MOD_grho_no_de()  ???:0
 3 0x00000000000a5f01 dtauda_()  ???:0
 4 0x000000000004cfdc __results_MOD_thermo_init._omp_fn.0()  results.f90:0
 5 0x0000000000018f09 gomp_thread_start()  team.c:0
 6 0x0000000000007ea5 start_thread()  pthread_create.c:0
 7 0x00000000000feb0d __clone()  ???:0
=================================
[node009:13160] *** Process received signal ***
[node009:13160] Signal: Segmentation fault (11)
[node009:13160] Signal code:  (-6)
[node009:13160] Failing at address: 0x8cfb800003368
[node009:13160] [ 0] /lib64/libpthread.so.0(+0xf630)[0x7fca1f246630]
[node009:13160] [ 1] /users/smp24dhl/cosmo/code/CAMB_beta/camb/camblib.so(__massivenu_MOD_thermalnubackground_rho+0x63)[0x7fc9e4345f63]
[node009:13160] [ 2] /users/smp24dhl/cosmo/code/CAMB_beta/camb/camblib.so(__results_MOD_grho_no_de+0xc9)[0x7fc9e4349a49]
[node009:13160] [ 3] /users/smp24dhl/cosmo/code/CAMB_beta/camb/camblib.so(dtauda_+0x61)[0x7fc9e43b1f01]
[node009:13160] [ 4] /users/smp24dhl/cosmo/code/CAMB_beta/camb/camblib.so(+0x4cfdc)[0x7fc9e4358fdc]
[node009:13160] [ 5] /users/smp24dhl/.conda/envs/cosmos/bin/../lib/libgomp.so.1(+0x18f09)[0x7fc9e42e5f09]
[node009:13160] [ 6] /lib64/libpthread.so.0(+0x7ea5)[0x7fca1f23eea5]
[node009:13160] [ 7] /lib64/libc.so.6(clone+0x6d)[0x7fca1e85eb0d]
[node009:13160] *** End of error message ***
--------------------------------------------------------------------------
Primary job  terminated normally, but 1 process returned
a non-zero exit code. Per user-direction, the job has been aborted.
--------------------------------------------------------------------------
--------------------------------------------------------------------------
mpirun noticed that process rank 1 with PID 13160 on node node009 exited on signal 11 (Segmentation fault).
--------------------------------------------------------------------------
