[0 : output] Output to be read-from/written-into folder 'chains', with prefix 'act-full'
[0 : output] Found existing info files with the requested output prefix: 'chains/act-full'
[0 : output] Let's try to resume/load.
[0 : output] Found an old sample. Resuming.
[0 : prior] *WARNING* External prior 'SZ' loaded. Mind that it might not be normalized!

libgomp: Invalid value for environment variable OMP_NUM_THREADS: 

libgomp: 
libgomp: Invalid value for environment variable OMP_NUM_THREADS: 
Invalid value for environment variable OMP_NUM_THREADS: 

libgomp: Invalid value for environment variable OMP_NUM_THREADS: 
[0 : camb] `camb` module loaded successfully from /users/smp24dhl/cosmo/code/CAMB_beta/camb
[0 : planck_2018_highl_plik.ttteee] `clik` module loaded successfully from /users/smp24dhl/cosmo/code/planck/clik/lib/python3.9/site-packages/clik
----
clik version clik_16.0b1-2-g63c889f3aa9c MAKEFILE
  smica
----
clik version clik_16.0b1-2-g63c889f3aa9c MAKEFILE
  smica
----
clik version clik_16.0b1-2-g63c889f3aa9c MAKEFILE
  smica
----
clik version clik_16.0b1-2-g63c889f3aa9c MAKEFILE
  smica
Checking likelihood '/users/smp24dhl/cosmo/data/planck_2018/baseline/plc_3.0/hi_l/plik/plik_rd12_HM_v22b_TTTEEE.clik' on test data. got -1172.47 expected -1172.47 (diff -4.34057e-07)
----
Loading ACT DR6 lensing likelihood v1.2...
Checking likelihood '/users/smp24dhl/cosmo/data/planck_2018/baseline/plc_3.0/hi_l/plik/plik_rd12_HM_v22b_TTTEEE.clik' on test data. got -1172.47 expected -1172.47 (diff -4.34057e-07)
----
Loading ACT DR6 lensing likelihood v1.2...
Checking likelihood '/users/smp24dhl/cosmo/data/planck_2018/baseline/plc_3.0/hi_l/plik/plik_rd12_HM_v22b_TTTEEE.clik' on test data. got -1172.47 expected -1172.47 (diff -4.34057e-07)
----
Loading ACT DR6 lensing likelihood v1.2...
Checking likelihood '/users/smp24dhl/cosmo/data/planck_2018/baseline/plc_3.0/hi_l/plik/plik_rd12_HM_v22b_TTTEEE.clik' on test data. got -1172.47 expected -1172.47 (diff -4.34057e-07)
----
Loading ACT DR6 lensing likelihood v1.2...
/users/smp24dhl/cosmo/code/act_dr6_lenslike/act_dr6_lenslike/act_dr6_lenslike.py:416: UserWarning: Hartlap correction to cinv: 0.949874686716792
  warnings.warn(f"Hartlap correction to cinv: {hartlap_correction}")
/users/smp24dhl/cosmo/code/act_dr6_lenslike/act_dr6_lenslike/act_dr6_lenslike.py:416: UserWarning: Hartlap correction to cinv: 0.949874686716792
  warnings.warn(f"Hartlap correction to cinv: {hartlap_correction}")
[1 : bao.desi_2024_bao_all] Initialized.
[2 : bao.desi_2024_bao_all] Initialized.
/users/smp24dhl/cosmo/code/act_dr6_lenslike/act_dr6_lenslike/act_dr6_lenslike.py:416: UserWarning: Hartlap correction to cinv: 0.949874686716792
  warnings.warn(f"Hartlap correction to cinv: {hartlap_correction}")
[0 : bao.desi_2024_bao_all] Initialized.
/users/smp24dhl/cosmo/code/act_dr6_lenslike/act_dr6_lenslike/act_dr6_lenslike.py:416: UserWarning: Hartlap correction to cinv: 0.949874686716792
  warnings.warn(f"Hartlap correction to cinv: {hartlap_correction}")
[3 : bao.desi_2024_bao_all] Initialized.
[0 : mcmc] Resuming from previous sample!
[3 : samplecollection] Loaded 3838 sample points from 'chains/act-full.4.txt'
[0 : samplecollection] Loaded 3578 sample points from 'chains/act-full.1.txt'
[2 : samplecollection] Loaded 3696 sample points from 'chains/act-full.3.txt'
[1 : samplecollection] Loaded 3719 sample points from 'chains/act-full.2.txt'
[0 : mcmc] Initial point: logA:3.07175, ns:0.9633038, theta_MC_100:1.040836, ombh2:0.02236634, omch2:0.1190546, w:-0.9554586, wa:-0.1355003, beta_DE:-1.438382, tau:0.07042148, A_planck:0.9986371, calib_100T:1.000122, calib_217T:0.9990644, A_cib_217:55.99373, xi_sz_cib:0.5722013, A_sz:3.978425, ksz_norm:4.569712, gal545_A_100:8.032526, gal545_A_143:10.50817, gal545_A_143_217:11.81327, gal545_A_217:77.80986, ps_A_100_100:260.853, ps_A_143_143:40.89919, ps_A_143_217:41.94128, ps_A_217_217:108.5799, galf_TE_A_100:0.1718823, galf_TE_A_100_143:0.111778, galf_TE_A_100_217:0.3201728, galf_TE_A_143:0.1537976, galf_TE_A_143_217:0.685968, galf_TE_A_217:1.743681
[3 : mcmc] Initial point: logA:3.037447, ns:0.9724492, theta_MC_100:1.041122, ombh2:0.02240041, omch2:0.1187462, w:-0.7904847, wa:-0.8098219, beta_DE:1.115382, tau:0.04821642, A_planck:1.005245, calib_100T:0.9998214, calib_217T:0.997866, A_cib_217:45.38054, xi_sz_cib:0.9238983, A_sz:7.646647, ksz_norm:0.4231611, gal545_A_100:7.440185, gal545_A_143:11.13185, gal545_A_143_217:22.47029, gal545_A_217:97.50808, ps_A_100_100:253.025, ps_A_143_143:54.38095, ps_A_143_217:54.0979, ps_A_217_217:121.4878, galf_TE_A_100:0.1483998, galf_TE_A_100_143:0.1921723, galf_TE_A_100_217:0.325365, galf_TE_A_143:0.2992474, galf_TE_A_143_217:0.7144227, galf_TE_A_217:2.143092
[2 : mcmc] Initial point: logA:3.045404, ns:0.9598452, theta_MC_100:1.040651, ombh2:0.02243744, omch2:0.1190359, w:-0.8593336, wa:-0.4623892, beta_DE:-0.1238971, tau:0.05245099, A_planck:1.00219, calib_100T:0.9998217, calib_217T:0.9987056, A_cib_217:44.768, xi_sz_cib:0.3127243, A_sz:4.047624, ksz_norm:5.544458, gal545_A_100:7.209785, gal545_A_143:9.579701, gal545_A_143_217:19.45126, gal545_A_217:98.82034, ps_A_100_100:261.606, ps_A_143_143:41.85376, ps_A_143_217:28.40677, ps_A_217_217:108.4845, galf_TE_A_100:0.129852, galf_TE_A_100_143:0.1325771, galf_TE_A_100_217:0.33441, galf_TE_A_143:0.2697162, galf_TE_A_143_217:0.7023174, galf_TE_A_217:1.910451
[1 : mcmc] Initial point: logA:3.038502, ns:0.9679231, theta_MC_100:1.04106, ombh2:0.02235543, omch2:0.1183844, w:-0.9337522, wa:-0.1313574, beta_DE:-1.51551, tau:0.05204337, A_planck:1.001814, calib_100T:0.9999457, calib_217T:0.9981763, A_cib_217:40.98153, xi_sz_cib:0.9093543, A_sz:7.022034, ksz_norm:3.37208, gal545_A_100:5.582156, gal545_A_143:12.57563, gal545_A_143_217:24.10738, gal545_A_217:106.439, ps_A_100_100:257.2059, ps_A_143_143:52.58591, ps_A_143_217:54.92798, ps_A_217_217:120.8769, galf_TE_A_100:0.1306869, galf_TE_A_100_143:0.1682287, galf_TE_A_100_217:0.5389956, galf_TE_A_143:0.2967049, galf_TE_A_143_217:0.5852434, galf_TE_A_217:1.949329
[0 : mcmc] *WARNING* Parameter blocking manually/previously fixed: speeds will not be measured.
[0 : mcmc] Dragging with number of interpolating steps:
[0 : mcmc] *  1 : (['theta_MC_100', 'ombh2', 'omch2', 'w', 'wa', 'beta_DE', 'tau'], ['logA', 'ns'])
[0 : mcmc] * 12 : (['A_planck'], ['calib_100T', 'calib_217T', 'A_cib_217', 'xi_sz_cib', 'A_sz', 'ksz_norm', 'gal545_A_100', 'gal545_A_143', 'gal545_A_143_217', 'gal545_A_217', 'ps_A_100_100', 'ps_A_143_143', 'ps_A_143_217', 'ps_A_217_217', 'galf_TE_A_100', 'galf_TE_A_100_143', 'galf_TE_A_100_217', 'galf_TE_A_143', 'galf_TE_A_143_217', 'galf_TE_A_217'])
[0 : mcmc] Covariance matrix from previous sample.
[0 : mcmc] Sampling!
[3 : mcmc] Progress @ 2025-02-06 00:09:08 : 1 steps taken, and 3838 accepted.
[2 : mcmc] Progress @ 2025-02-06 00:09:10 : 1 steps taken, and 3696 accepted.
[0 : mcmc] Progress @ 2025-02-06 00:09:12 : 1 steps taken, and 3578 accepted.
[1 : mcmc] Progress @ 2025-02-06 00:09:13 : 1 steps taken, and 3719 accepted.
[3 : mcmc] Progress @ 2025-02-06 00:10:17 : 4 steps taken, and 3840 accepted.
[2 : mcmc] Progress @ 2025-02-06 00:10:25 : 4 steps taken, and 3696 accepted.
[1 : mcmc] Progress @ 2025-02-06 00:10:28 : 5 steps taken, and 3720 accepted.
[0 : mcmc] Progress @ 2025-02-06 00:10:37 : 6 steps taken, and 3579 accepted.
[3 : mcmc] Progress @ 2025-02-06 00:11:40 : 7 steps taken, and 3842 accepted.
[1 : mcmc] Progress @ 2025-02-06 00:11:40 : 10 steps taken, and 3721 accepted.
[2 : mcmc] Progress @ 2025-02-06 00:11:40 : 7 steps taken, and 3698 accepted.
[0 : mcmc] Progress @ 2025-02-06 00:11:52 : 13 steps taken, and 3581 accepted.
[1 : mcmc] Progress @ 2025-02-06 00:12:51 : 13 steps taken, and 3721 accepted.
[3 : mcmc] Progress @ 2025-02-06 00:12:52 : 10 steps taken, and 3843 accepted.
[0 : mcmc] Progress @ 2025-02-06 00:13:01 : 16 steps taken, and 3583 accepted.
[2 : mcmc] Progress @ 2025-02-06 00:13:07 : 11 steps taken, and 3698 accepted.
[3 : mcmc] Progress @ 2025-02-06 00:14:12 : 16 steps taken, and 3844 accepted.
[1 : mcmc] Progress @ 2025-02-06 00:14:14 : 17 steps taken, and 3721 accepted.
[2 : mcmc] Progress @ 2025-02-06 00:14:15 : 14 steps taken, and 3700 accepted.
[0 : mcmc] Progress @ 2025-02-06 00:14:18 : 19 steps taken, and 3584 accepted.
[3 : mcmc] Progress @ 2025-02-06 00:15:18 : 19 steps taken, and 3844 accepted.
[2 : mcmc] Progress @ 2025-02-06 00:15:29 : 17 steps taken, and 3701 accepted.
[1 : mcmc] Progress @ 2025-02-06 00:15:31 : 21 steps taken, and 3721 accepted.
[0 : mcmc] Progress @ 2025-02-06 00:15:36 : 22 steps taken, and 3586 accepted.
[3 : mcmc] Progress @ 2025-02-06 00:16:25 : 22 steps taken, and 3845 accepted.
[0 : mcmc] Progress @ 2025-02-06 00:16:40 : 27 steps taken, and 3589 accepted.
[1 : mcmc] Progress @ 2025-02-06 00:16:48 : 24 steps taken, and 3721 accepted.
[2 : mcmc] Progress @ 2025-02-06 00:16:54 : 20 steps taken, and 3701 accepted.
[3 : mcmc] Progress @ 2025-02-06 00:17:43 : 25 steps taken, and 3846 accepted.
[0 : mcmc] Progress @ 2025-02-06 00:18:01 : 31 steps taken, and 3591 accepted.
[1 : mcmc] Progress @ 2025-02-06 00:18:03 : 27 steps taken, and 3722 accepted.
[2 : mcmc] Progress @ 2025-02-06 00:18:09 : 23 steps taken, and 3702 accepted.
[3 : mcmc] Progress @ 2025-02-06 00:19:04 : 31 steps taken, and 3847 accepted.
[0 : mcmc] Progress @ 2025-02-06 00:19:27 : 36 steps taken, and 3593 accepted.
[1 : mcmc] Progress @ 2025-02-06 00:19:28 : 31 steps taken, and 3723 accepted.
[2 : mcmc] Progress @ 2025-02-06 00:19:34 : 26 steps taken, and 3704 accepted.
[1 : mcmc] Progress @ 2025-02-06 00:20:34 : 34 steps taken, and 3724 accepted.
[0 : mcmc] Progress @ 2025-02-06 00:20:42 : 41 steps taken, and 3595 accepted.
[2 : mcmc] Progress @ 2025-02-06 00:20:47 : 32 steps taken, and 3707 accepted.
[3 : mcmc] Progress @ 2025-02-06 00:20:48 : 36 steps taken, and 3848 accepted.
[node143:28369:0:28462] Caught signal 11 (Segmentation fault: address not mapped to object at address 0xfffffffc05616588)
BFD: DWARF error: can't find .debug_ranges section.
BFD: DWARF error: can't find .debug_ranges section.
==== backtrace (tid:  28462) ====
 0 0x0000000000021563 ucs_debug_print_backtrace()  /dev/shm/UCX/1.8.0/GCCcore-9.3.0/ucx-1.8.0/src/ucs/debug/debug.c:653
 1 0x0000000000039f63 __massivenu_MOD_thermalnubackground_rho()  ???:0
 2 0x000000000003da49 __results_MOD_grho_no_de()  ???:0
 3 0x00000000000a5f01 dtauda_()  ???:0
 4 0x000000000004cfdc __results_MOD_thermo_init._omp_fn.0()  results.f90:0
 5 0x0000000000018f09 gomp_thread_start()  team.c:0
 6 0x0000000000007ea5 start_thread()  pthread_create.c:0
 7 0x00000000000feb0d __clone()  ???:0
=================================
[node143:28369] *** Process received signal ***
[node143:28369] Signal: Segmentation fault (11)
[node143:28369] Signal code:  (-6)
[node143:28369] Failing at address: 0x8cfb800006ed1
[node143:28369] [ 0] /lib64/libpthread.so.0(+0xf630)[0x7f982d4e0630]
[node143:28369] [ 1] /users/smp24dhl/cosmo/code/CAMB_beta/camb/camblib.so(__massivenu_MOD_thermalnubackground_rho+0x63)[0x7f97f29eff63]
[node143:28369] [ 2] /users/smp24dhl/cosmo/code/CAMB_beta/camb/camblib.so(__results_MOD_grho_no_de+0xc9)[0x7f97f29f3a49]
[node143:28369] [ 3] /users/smp24dhl/cosmo/code/CAMB_beta/camb/camblib.so(dtauda_+0x61)[0x7f97f2a5bf01]
[node143:28369] [ 4] /users/smp24dhl/cosmo/code/CAMB_beta/camb/camblib.so(+0x4cfdc)[0x7f97f2a02fdc]
[node143:28369] [ 5] /users/smp24dhl/.conda/envs/cosmos/bin/../lib/libgomp.so.1(+0x18f09)[0x7f97f298ff09]
[node143:28369] [ 6] /lib64/libpthread.so.0(+0x7ea5)[0x7f982d4d8ea5]
[node143:28369] [ 7] /lib64/libc.so.6(clone+0x6d)[0x7f982caf8b0d]
[node143:28369] *** End of error message ***
--------------------------------------------------------------------------
Primary job  terminated normally, but 1 process returned
a non-zero exit code. Per user-direction, the job has been aborted.
--------------------------------------------------------------------------
--------------------------------------------------------------------------
mpirun noticed that process rank 3 with PID 28369 on node node143 exited on signal 11 (Segmentation fault).
--------------------------------------------------------------------------
