Traceback (most recent call last):
  File "/users/smp24dhl/cosmo/beta_de/new/scripts/checkpoint.py", line 18, in <module>
    samples = getdist.loadMCSamples(chain_root, settings={"ignore_rows": 0.3})
  File "/users/smp24dhl/.conda/envs/cosmos/lib/python3.9/site-packages/getdist/mcsamples.py", line 104, in loadMCSamples
    raise IOError('No chains found: ' + file_root)
OSError: No chains found: ../chains/actwmap
chain not converged
[0 : output] Output to be read-from/written-into folder '../chains', with prefix 'actwmap'
[0 : camb] `camb` module loaded successfully from /users/smp24dhl/cosmo/code/CAMB_beta/camb
[0 : wmaplike.wmaplike] Loaded SZ.
[1 : wmaplike.wmaplike] Loaded SZ.
[2 : wmaplike.wmaplike] Loaded SZ.
[3 : wmaplike.wmaplike] Loaded SZ.
[0 : wmaplike.wmaplike] First evaluation: Calculating largest term...
[1 : wmaplike.wmaplike] First evaluation: Calculating largest term...
[2 : wmaplike.wmaplike] First evaluation: Calculating largest term...
[3 : wmaplike.wmaplike] First evaluation: Calculating largest term...
[3 : wmaplike.wmaplike] Done finding largest term [-759.901].
[0 : wmaplike.wmaplike] Done finding largest term [-759.901].
[2 : wmaplike.wmaplike] Done finding largest term [-759.901].
[1 : wmaplike.wmaplike] Done finding largest term [-759.901].
[3 : wmaplike.wmaplike] Initialized TT gibbs.
[2 : wmaplike.wmaplike] Initialized TT gibbs.
[1 : wmaplike.wmaplike] Initialized TT gibbs.
[0 : wmaplike.wmaplike] Initialized TT gibbs.
[3 : wmaplike.wmaplike] Initialized high-l TT/TE.
[1 : wmaplike.wmaplike] Initialized high-l TT/TE.
[0 : wmaplike.wmaplike] Initialized high-l TT/TE.
[2 : wmaplike.wmaplike] Initialized high-l TT/TE.
/users/smp24dhl/cosmo/code/act_dr6_lenslike/act_dr6_lenslike/act_dr6_lenslike.py:416: UserWarning: Hartlap correction to cinv: 0.949874686716792
  warnings.warn(f"Hartlap correction to cinv: {hartlap_correction}")
/users/smp24dhl/cosmo/code/act_dr6_lenslike/act_dr6_lenslike/act_dr6_lenslike.py:416: UserWarning: Hartlap correction to cinv: 0.949874686716792
  warnings.warn(f"Hartlap correction to cinv: {hartlap_correction}")
/users/smp24dhl/cosmo/code/act_dr6_lenslike/act_dr6_lenslike/act_dr6_lenslike.py:416: UserWarning: Hartlap correction to cinv: 0.949874686716792
  warnings.warn(f"Hartlap correction to cinv: {hartlap_correction}")
/users/smp24dhl/cosmo/code/act_dr6_lenslike/act_dr6_lenslike/act_dr6_lenslike.py:416: UserWarning: Hartlap correction to cinv: 0.949874686716792
  warnings.warn(f"Hartlap correction to cinv: {hartlap_correction}")
Loading ACT DR6 lensing likelihood v1.2...
[0 : mcmc] Getting initial point... (this may take a few seconds)
Loading ACT DR6 lensing likelihood v1.2...
[1 : mcmc] Getting initial point... (this may take a few seconds)
Loading ACT DR6 lensing likelihood v1.2...
[2 : mcmc] Getting initial point... (this may take a few seconds)
Loading ACT DR6 lensing likelihood v1.2...
[3 : mcmc] Getting initial point... (this may take a few seconds)
/users/smp24dhl/cosmo/code/pyWMAP/wmaplike/wmap.py:654: RuntimeWarning: invalid value encountered in divide
  fisher = -self.r_off_tttt / np.sqrt(TTTT * TTTT[..., np.newaxis]) + \
/users/smp24dhl/cosmo/code/pyWMAP/wmaplike/wmap.py:655: RuntimeWarning: invalid value encountered in divide
  self.epsilon / (TTTT * TTTT[..., np.newaxis])
/users/smp24dhl/cosmo/code/pyWMAP/wmaplike/wmap.py:749: RuntimeWarning: invalid value encountered in divide
  fisher = -self.r_off_tete / np.sqrt(TETE * TETE[..., np.newaxis])
/users/smp24dhl/cosmo/code/pyWMAP/wmaplike/wmap.py:654: RuntimeWarning: invalid value encountered in divide
  fisher = -self.r_off_tttt / np.sqrt(TTTT * TTTT[..., np.newaxis]) + \
/users/smp24dhl/cosmo/code/pyWMAP/wmaplike/wmap.py:655: RuntimeWarning: invalid value encountered in divide
  self.epsilon / (TTTT * TTTT[..., np.newaxis])
slurmstepd: error: Detected 1 oom_kill event in StepId=5879180.0. Some of the step tasks have been OOM Killed.
/users/smp24dhl/cosmo/code/pyWMAP/wmaplike/wmap.py:749: RuntimeWarning: invalid value encountered in divide
  fisher = -self.r_off_tete / np.sqrt(TETE * TETE[..., np.newaxis])
/users/smp24dhl/cosmo/code/pyWMAP/wmaplike/wmap.py:654: RuntimeWarning: invalid value encountered in divide
  fisher = -self.r_off_tttt / np.sqrt(TTTT * TTTT[..., np.newaxis]) + \
/users/smp24dhl/cosmo/code/pyWMAP/wmaplike/wmap.py:655: RuntimeWarning: invalid value encountered in divide
  self.epsilon / (TTTT * TTTT[..., np.newaxis])
/users/smp24dhl/cosmo/code/pyWMAP/wmaplike/wmap.py:749: RuntimeWarning: invalid value encountered in divide
  fisher = -self.r_off_tete / np.sqrt(TETE * TETE[..., np.newaxis])
srun: error: node017: task 0: Out Of Memory
[2 : mcmc] Initial point: logA:3.048741, ns:0.9599848, theta_MC_100:1.041686, ombh2:0.02242138, omch2:0.1202357, w:-1.010708, wa:-0.02787874, beta_DE:1.00059, tau:0.05872763, A_act:1.072677, P_act:0.9698117
[1 : mcmc] Initial point: logA:3.049188, ns:0.9677792, theta_MC_100:1.040802, ombh2:0.02231067, omch2:0.1198681, w:-0.9926862, wa:0.02281513, beta_DE:0.9993184, tau:0.05451488, A_act:1.172532, P_act:1.093853
[3 : mcmc] Initial point: logA:3.051134, ns:0.9704616, theta_MC_100:1.040987, ombh2:0.02257189, omch2:0.1212038, w:-0.9802821, wa:0.03910583, beta_DE:1.000072, tau:0.05763576, A_act:1.203236, P_act:1.045986
slurmstepd: error:  mpi/pmix_v4: _errhandler: node017 [0]: pmixp_client_v2.c:212: Error handler invoked: status = -61, source = [slurm.pmix.5879180.0:0]
slurmstepd: error: *** STEP 5879180.0 ON node017 CANCELLED AT 2025-03-28T15:34:30 ***
srun: Job step aborted: Waiting up to 32 seconds for job step to finish.
Traceback (most recent call last):
  File "/users/smp24dhl/cosmo/beta_de/new/scripts/checkpoint.py", line 18, in <module>
    samples = getdist.loadMCSamples(chain_root, settings={"ignore_rows": 0.3})
  File "/users/smp24dhl/.conda/envs/cosmos/lib/python3.9/site-packages/getdist/mcsamples.py", line 104, in loadMCSamples
    raise IOError('No chains found: ' + file_root)
OSError: No chains found: ../chains/actwmap
chain not converged
[0 : output] Output to be read-from/written-into folder '../chains', with prefix 'actwmap'
[0 : output] Found existing info files with the requested output prefix: '../chains/actwmap'
[0 : output] Let's try to resume/load.
[0 : output] Did not find an old sample. Cleaning up and starting anew.
[0 : camb] `camb` module loaded successfully from /users/smp24dhl/cosmo/code/CAMB_beta/camb
[1 : wmaplike.wmaplike] Loaded SZ.
[2 : wmaplike.wmaplike] Loaded SZ.
[3 : wmaplike.wmaplike] Loaded SZ.
[1 : wmaplike.wmaplike] First evaluation: Calculating largest term...
[2 : wmaplike.wmaplike] First evaluation: Calculating largest term...
[3 : wmaplike.wmaplike] First evaluation: Calculating largest term...
[0 : wmaplike.wmaplike] Loaded SZ.
[0 : wmaplike.wmaplike] First evaluation: Calculating largest term...
[0 : wmaplike.wmaplike] Done finding largest term [-759.901].
[1 : wmaplike.wmaplike] Done finding largest term [-759.901].
[2 : wmaplike.wmaplike] Done finding largest term [-759.901].
[3 : wmaplike.wmaplike] Done finding largest term [-759.901].
[0 : wmaplike.wmaplike] Initialized TT gibbs.
[1 : wmaplike.wmaplike] Initialized TT gibbs.
[2 : wmaplike.wmaplike] Initialized TT gibbs.
[3 : wmaplike.wmaplike] Initialized TT gibbs.
[0 : wmaplike.wmaplike] Initialized high-l TT/TE.
[2 : wmaplike.wmaplike] Initialized high-l TT/TE.
[3 : wmaplike.wmaplike] Initialized high-l TT/TE.
[1 : wmaplike.wmaplike] Initialized high-l TT/TE.
/users/smp24dhl/cosmo/code/act_dr6_lenslike/act_dr6_lenslike/act_dr6_lenslike.py:416: UserWarning: Hartlap correction to cinv: 0.949874686716792
  warnings.warn(f"Hartlap correction to cinv: {hartlap_correction}")
/users/smp24dhl/cosmo/code/act_dr6_lenslike/act_dr6_lenslike/act_dr6_lenslike.py:416: UserWarning: Hartlap correction to cinv: 0.949874686716792
  warnings.warn(f"Hartlap correction to cinv: {hartlap_correction}")
/users/smp24dhl/cosmo/code/act_dr6_lenslike/act_dr6_lenslike/act_dr6_lenslike.py:416: UserWarning: Hartlap correction to cinv: 0.949874686716792
  warnings.warn(f"Hartlap correction to cinv: {hartlap_correction}")
/users/smp24dhl/cosmo/code/act_dr6_lenslike/act_dr6_lenslike/act_dr6_lenslike.py:416: UserWarning: Hartlap correction to cinv: 0.949874686716792
  warnings.warn(f"Hartlap correction to cinv: {hartlap_correction}")
Loading ACT DR6 lensing likelihood v1.2...
[0 : mcmc] Getting initial point... (this may take a few seconds)
Loading ACT DR6 lensing likelihood v1.2...
[1 : mcmc] Getting initial point... (this may take a few seconds)
Loading ACT DR6 lensing likelihood v1.2...
[2 : mcmc] Getting initial point... (this may take a few seconds)
Loading ACT DR6 lensing likelihood v1.2...
[3 : mcmc] Getting initial point... (this may take a few seconds)
/users/smp24dhl/cosmo/code/pyWMAP/wmaplike/wmap.py:654: RuntimeWarning: invalid value encountered in divide
  fisher = -self.r_off_tttt / np.sqrt(TTTT * TTTT[..., np.newaxis]) + \
/users/smp24dhl/cosmo/code/pyWMAP/wmaplike/wmap.py:655: RuntimeWarning: invalid value encountered in divide
  self.epsilon / (TTTT * TTTT[..., np.newaxis])
/users/smp24dhl/cosmo/code/pyWMAP/wmaplike/wmap.py:749: RuntimeWarning: invalid value encountered in divide
  fisher = -self.r_off_tete / np.sqrt(TETE * TETE[..., np.newaxis])
/users/smp24dhl/cosmo/code/pyWMAP/wmaplike/wmap.py:654: RuntimeWarning: invalid value encountered in divide
  fisher = -self.r_off_tttt / np.sqrt(TTTT * TTTT[..., np.newaxis]) + \
/users/smp24dhl/cosmo/code/pyWMAP/wmaplike/wmap.py:655: RuntimeWarning: invalid value encountered in divide
  self.epsilon / (TTTT * TTTT[..., np.newaxis])
/users/smp24dhl/cosmo/code/pyWMAP/wmaplike/wmap.py:654: RuntimeWarning: invalid value encountered in divide
  fisher = -self.r_off_tttt / np.sqrt(TTTT * TTTT[..., np.newaxis]) + \
/users/smp24dhl/cosmo/code/pyWMAP/wmaplike/wmap.py:655: RuntimeWarning: invalid value encountered in divide
  self.epsilon / (TTTT * TTTT[..., np.newaxis])
slurmstepd: error: Detected 1 oom_kill event in StepId=5879180.1. Some of the step tasks have been OOM Killed.
/users/smp24dhl/cosmo/code/pyWMAP/wmaplike/wmap.py:749: RuntimeWarning: invalid value encountered in divide
  fisher = -self.r_off_tete / np.sqrt(TETE * TETE[..., np.newaxis])
/users/smp24dhl/cosmo/code/pyWMAP/wmaplike/wmap.py:749: RuntimeWarning: invalid value encountered in divide
  fisher = -self.r_off_tete / np.sqrt(TETE * TETE[..., np.newaxis])
srun: error: node017: task 3: Out Of Memory
[2 : mcmc] Initial point: logA:3.048831, ns:0.9658469, theta_MC_100:1.040948, ombh2:0.02238277, omch2:0.1193553, w:-0.9963488, wa:-0.05049586, beta_DE:1.000774, tau:0.058795, A_act:0.9874155, P_act:0.9460028
[1 : mcmc] Initial point: logA:3.048975, ns:0.9652919, theta_MC_100:1.040873, ombh2:0.02228803, omch2:0.1213314, w:-0.9785487, wa:-0.02489271, beta_DE:1.000188, tau:0.05897156, A_act:1.200564, P_act:0.900476
[0 : mcmc] Initial point: logA:3.047758, ns:0.9657653, theta_MC_100:1.04084, ombh2:0.02227321, omch2:0.1203817, w:-0.9988387, wa:0.07599074, beta_DE:1.001351, tau:0.06285678, A_act:0.7920538, P_act:0.9404231
slurmstepd: error:  mpi/pmix_v4: _errhandler: node017 [0]: pmixp_client_v2.c:212: Error handler invoked: status = -61, source = [slurm.pmix.5879180.1:3]
slurmstepd: error: *** STEP 5879180.1 ON node017 CANCELLED AT 2025-03-28T15:35:16 ***
srun: Job step aborted: Waiting up to 32 seconds for job step to finish.
Traceback (most recent call last):
  File "/users/smp24dhl/cosmo/beta_de/new/scripts/checkpoint.py", line 18, in <module>
    samples = getdist.loadMCSamples(chain_root, settings={"ignore_rows": 0.3})
  File "/users/smp24dhl/.conda/envs/cosmos/lib/python3.9/site-packages/getdist/mcsamples.py", line 104, in loadMCSamples
    raise IOError('No chains found: ' + file_root)
OSError: No chains found: ../chains/actwmap
chain not converged
[0 : output] Output to be read-from/written-into folder '../chains', with prefix 'actwmap'
[0 : output] Found existing info files with the requested output prefix: '../chains/actwmap'
[0 : output] Let's try to resume/load.
[0 : output] Did not find an old sample. Cleaning up and starting anew.
[0 : camb] `camb` module loaded successfully from /users/smp24dhl/cosmo/code/CAMB_beta/camb
[1 : wmaplike.wmaplike] Loaded SZ.
[2 : wmaplike.wmaplike] Loaded SZ.
[3 : wmaplike.wmaplike] Loaded SZ.
[1 : wmaplike.wmaplike] First evaluation: Calculating largest term...
[2 : wmaplike.wmaplike] First evaluation: Calculating largest term...
[3 : wmaplike.wmaplike] First evaluation: Calculating largest term...
[0 : wmaplike.wmaplike] Loaded SZ.
[0 : wmaplike.wmaplike] First evaluation: Calculating largest term...
[0 : wmaplike.wmaplike] Done finding largest term [-759.901].
[3 : wmaplike.wmaplike] Done finding largest term [-759.901].
[1 : wmaplike.wmaplike] Done finding largest term [-759.901].
[2 : wmaplike.wmaplike] Done finding largest term [-759.901].
[0 : wmaplike.wmaplike] Initialized TT gibbs.
[3 : wmaplike.wmaplike] Initialized TT gibbs.
[1 : wmaplike.wmaplike] Initialized TT gibbs.
[2 : wmaplike.wmaplike] Initialized TT gibbs.
[0 : wmaplike.wmaplike] Initialized high-l TT/TE.
[1 : wmaplike.wmaplike] Initialized high-l TT/TE.
[3 : wmaplike.wmaplike] Initialized high-l TT/TE.
[2 : wmaplike.wmaplike] Initialized high-l TT/TE.
/users/smp24dhl/cosmo/code/act_dr6_lenslike/act_dr6_lenslike/act_dr6_lenslike.py:416: UserWarning: Hartlap correction to cinv: 0.949874686716792
  warnings.warn(f"Hartlap correction to cinv: {hartlap_correction}")
/users/smp24dhl/cosmo/code/act_dr6_lenslike/act_dr6_lenslike/act_dr6_lenslike.py:416: UserWarning: Hartlap correction to cinv: 0.949874686716792
  warnings.warn(f"Hartlap correction to cinv: {hartlap_correction}")
/users/smp24dhl/cosmo/code/act_dr6_lenslike/act_dr6_lenslike/act_dr6_lenslike.py:416: UserWarning: Hartlap correction to cinv: 0.949874686716792
  warnings.warn(f"Hartlap correction to cinv: {hartlap_correction}")
/users/smp24dhl/cosmo/code/act_dr6_lenslike/act_dr6_lenslike/act_dr6_lenslike.py:416: UserWarning: Hartlap correction to cinv: 0.949874686716792
  warnings.warn(f"Hartlap correction to cinv: {hartlap_correction}")
Loading ACT DR6 lensing likelihood v1.2...
[0 : mcmc] Getting initial point... (this may take a few seconds)
Loading ACT DR6 lensing likelihood v1.2...
[1 : mcmc] Getting initial point... (this may take a few seconds)
Loading ACT DR6 lensing likelihood v1.2...
[2 : mcmc] Getting initial point... (this may take a few seconds)
Loading ACT DR6 lensing likelihood v1.2...
[3 : mcmc] Getting initial point... (this may take a few seconds)
/users/smp24dhl/cosmo/code/pyWMAP/wmaplike/wmap.py:654: RuntimeWarning: invalid value encountered in divide
  fisher = -self.r_off_tttt / np.sqrt(TTTT * TTTT[..., np.newaxis]) + \
/users/smp24dhl/cosmo/code/pyWMAP/wmaplike/wmap.py:655: RuntimeWarning: invalid value encountered in divide
  self.epsilon / (TTTT * TTTT[..., np.newaxis])
slurmstepd: error: Detected 1 oom_kill event in StepId=5879180.2. Some of the step tasks have been OOM Killed.
/users/smp24dhl/cosmo/code/pyWMAP/wmaplike/wmap.py:749: RuntimeWarning: invalid value encountered in divide
  fisher = -self.r_off_tete / np.sqrt(TETE * TETE[..., np.newaxis])
/users/smp24dhl/cosmo/code/pyWMAP/wmaplike/wmap.py:654: RuntimeWarning: invalid value encountered in divide
  fisher = -self.r_off_tttt / np.sqrt(TTTT * TTTT[..., np.newaxis]) + \
/users/smp24dhl/cosmo/code/pyWMAP/wmaplike/wmap.py:654: RuntimeWarning: invalid value encountered in divide
  fisher = -self.r_off_tttt / np.sqrt(TTTT * TTTT[..., np.newaxis]) + \
/users/smp24dhl/cosmo/code/pyWMAP/wmaplike/wmap.py:655: RuntimeWarning: invalid value encountered in divide
  self.epsilon / (TTTT * TTTT[..., np.newaxis])
/users/smp24dhl/cosmo/code/pyWMAP/wmaplike/wmap.py:655: RuntimeWarning: invalid value encountered in divide
  self.epsilon / (TTTT * TTTT[..., np.newaxis])
/users/smp24dhl/cosmo/code/pyWMAP/wmaplike/wmap.py:749: RuntimeWarning: invalid value encountered in divide
  fisher = -self.r_off_tete / np.sqrt(TETE * TETE[..., np.newaxis])
/users/smp24dhl/cosmo/code/pyWMAP/wmaplike/wmap.py:749: RuntimeWarning: invalid value encountered in divide
  fisher = -self.r_off_tete / np.sqrt(TETE * TETE[..., np.newaxis])
srun: error: node017: task 1: Out Of Memory
[2 : mcmc] Initial point: logA:3.049783, ns:0.960566, theta_MC_100:1.040968, ombh2:0.02239042, omch2:0.1196535, w:-1.003571, wa:0.1125387, beta_DE:0.9992857, tau:0.05444855, A_act:0.9918232, P_act:1.092014
[0 : mcmc] Initial point: logA:3.048728, ns:0.9659848, theta_MC_100:1.040541, ombh2:0.02236017, omch2:0.1212104, w:-1.009466, wa:-0.01143485, beta_DE:1.00039, tau:0.05306041, A_act:1.032517, P_act:1.06702
[3 : mcmc] Initial point: logA:3.050416, ns:0.9582013, theta_MC_100:1.040352, ombh2:0.02251825, omch2:0.1208918, w:-1.005191, wa:-0.01991476, beta_DE:0.9993325, tau:0.04747635, A_act:0.9295226, P_act:0.961167
slurmstepd: error:  mpi/pmix_v4: _errhandler: node017 [0]: pmixp_client_v2.c:212: Error handler invoked: status = -61, source = [slurm.pmix.5879180.2:1]
slurmstepd: error: *** STEP 5879180.2 ON node017 CANCELLED AT 2025-03-28T15:36:01 ***
srun: Job step aborted: Waiting up to 32 seconds for job step to finish.
Traceback (most recent call last):
  File "/users/smp24dhl/cosmo/beta_de/new/scripts/checkpoint.py", line 18, in <module>
    samples = getdist.loadMCSamples(chain_root, settings={"ignore_rows": 0.3})
  File "/users/smp24dhl/.conda/envs/cosmos/lib/python3.9/site-packages/getdist/mcsamples.py", line 104, in loadMCSamples
    raise IOError('No chains found: ' + file_root)
OSError: No chains found: ../chains/actwmap
chain not converged
[0 : output] Output to be read-from/written-into folder '../chains', with prefix 'actwmap'
[0 : output] Found existing info files with the requested output prefix: '../chains/actwmap'
[0 : output] Let's try to resume/load.
[0 : output] Did not find an old sample. Cleaning up and starting anew.
[0 : camb] `camb` module loaded successfully from /users/smp24dhl/cosmo/code/CAMB_beta/camb
[1 : wmaplike.wmaplike] Loaded SZ.
[2 : wmaplike.wmaplike] Loaded SZ.
[3 : wmaplike.wmaplike] Loaded SZ.
[1 : wmaplike.wmaplike] First evaluation: Calculating largest term...
[3 : wmaplike.wmaplike] First evaluation: Calculating largest term...
[2 : wmaplike.wmaplike] First evaluation: Calculating largest term...
[0 : wmaplike.wmaplike] Loaded SZ.
[0 : wmaplike.wmaplike] First evaluation: Calculating largest term...
[3 : wmaplike.wmaplike] Done finding largest term [-759.901].
[2 : wmaplike.wmaplike] Done finding largest term [-759.901].
[0 : wmaplike.wmaplike] Done finding largest term [-759.901].
[1 : wmaplike.wmaplike] Done finding largest term [-759.901].
[3 : wmaplike.wmaplike] Initialized TT gibbs.
[0 : wmaplike.wmaplike] Initialized TT gibbs.
[2 : wmaplike.wmaplike] Initialized TT gibbs.
[1 : wmaplike.wmaplike] Initialized TT gibbs.
[0 : wmaplike.wmaplike] Initialized high-l TT/TE.
[2 : wmaplike.wmaplike] Initialized high-l TT/TE.
[3 : wmaplike.wmaplike] Initialized high-l TT/TE.
[1 : wmaplike.wmaplike] Initialized high-l TT/TE.
/users/smp24dhl/cosmo/code/act_dr6_lenslike/act_dr6_lenslike/act_dr6_lenslike.py:416: UserWarning: Hartlap correction to cinv: 0.949874686716792
  warnings.warn(f"Hartlap correction to cinv: {hartlap_correction}")
/users/smp24dhl/cosmo/code/act_dr6_lenslike/act_dr6_lenslike/act_dr6_lenslike.py:416: UserWarning: Hartlap correction to cinv: 0.949874686716792
  warnings.warn(f"Hartlap correction to cinv: {hartlap_correction}")
/users/smp24dhl/cosmo/code/act_dr6_lenslike/act_dr6_lenslike/act_dr6_lenslike.py:416: UserWarning: Hartlap correction to cinv: 0.949874686716792
  warnings.warn(f"Hartlap correction to cinv: {hartlap_correction}")
/users/smp24dhl/cosmo/code/act_dr6_lenslike/act_dr6_lenslike/act_dr6_lenslike.py:416: UserWarning: Hartlap correction to cinv: 0.949874686716792
  warnings.warn(f"Hartlap correction to cinv: {hartlap_correction}")
Loading ACT DR6 lensing likelihood v1.2...
[0 : mcmc] Getting initial point... (this may take a few seconds)
Loading ACT DR6 lensing likelihood v1.2...
[1 : mcmc] Getting initial point... (this may take a few seconds)
Loading ACT DR6 lensing likelihood v1.2...
[2 : mcmc] Getting initial point... (this may take a few seconds)
Loading ACT DR6 lensing likelihood v1.2...
[3 : mcmc] Getting initial point... (this may take a few seconds)
/users/smp24dhl/cosmo/code/pyWMAP/wmaplike/wmap.py:654: RuntimeWarning: invalid value encountered in divide
  fisher = -self.r_off_tttt / np.sqrt(TTTT * TTTT[..., np.newaxis]) + \
/users/smp24dhl/cosmo/code/pyWMAP/wmaplike/wmap.py:655: RuntimeWarning: invalid value encountered in divide
  self.epsilon / (TTTT * TTTT[..., np.newaxis])
/users/smp24dhl/cosmo/code/pyWMAP/wmaplike/wmap.py:749: RuntimeWarning: invalid value encountered in divide
  fisher = -self.r_off_tete / np.sqrt(TETE * TETE[..., np.newaxis])
/users/smp24dhl/cosmo/code/pyWMAP/wmaplike/wmap.py:654: RuntimeWarning: invalid value encountered in divide
  fisher = -self.r_off_tttt / np.sqrt(TTTT * TTTT[..., np.newaxis]) + \
/users/smp24dhl/cosmo/code/pyWMAP/wmaplike/wmap.py:655: RuntimeWarning: invalid value encountered in divide
  self.epsilon / (TTTT * TTTT[..., np.newaxis])
/users/smp24dhl/cosmo/code/pyWMAP/wmaplike/wmap.py:749: RuntimeWarning: invalid value encountered in divide
  fisher = -self.r_off_tete / np.sqrt(TETE * TETE[..., np.newaxis])
/users/smp24dhl/cosmo/code/pyWMAP/wmaplike/wmap.py:654: RuntimeWarning: invalid value encountered in divide
  fisher = -self.r_off_tttt / np.sqrt(TTTT * TTTT[..., np.newaxis]) + \
/users/smp24dhl/cosmo/code/pyWMAP/wmaplike/wmap.py:655: RuntimeWarning: invalid value encountered in divide
  self.epsilon / (TTTT * TTTT[..., np.newaxis])
[1 : mcmc] Initial point: logA:3.049773, ns:0.9674309, theta_MC_100:1.041911, ombh2:0.0224765, omch2:0.1194603, w:-0.9572915, wa:0.0446947, beta_DE:0.9982697, tau:0.05414285, A_act:0.9977703, P_act:0.911769
/users/smp24dhl/cosmo/code/pyWMAP/wmaplike/wmap.py:749: RuntimeWarning: invalid value encountered in divide
  fisher = -self.r_off_tete / np.sqrt(TETE * TETE[..., np.newaxis])
[3 : mcmc] Initial point: logA:3.052386, ns:0.9629098, theta_MC_100:1.040943, ombh2:0.02237489, omch2:0.1200018, w:-1.029906, wa:-0.008155889, beta_DE:0.9996523, tau:0.05504435, A_act:0.8501813, P_act:0.9471475
[2 : mcmc] Initial point: logA:3.051043, ns:0.9624607, theta_MC_100:1.041016, ombh2:0.02238116, omch2:0.1201053, w:-1.00988, wa:0.01048593, beta_DE:1.000149, tau:0.06969159, A_act:1.049519, P_act:1.038141
/users/smp24dhl/cosmo/code/pyWMAP/wmaplike/wmap.py:654: RuntimeWarning: invalid value encountered in divide
  fisher = -self.r_off_tttt / np.sqrt(TTTT * TTTT[..., np.newaxis]) + \
/users/smp24dhl/cosmo/code/pyWMAP/wmaplike/wmap.py:655: RuntimeWarning: invalid value encountered in divide
  self.epsilon / (TTTT * TTTT[..., np.newaxis])
/users/smp24dhl/cosmo/code/pyWMAP/wmaplike/wmap.py:749: RuntimeWarning: invalid value encountered in divide
  fisher = -self.r_off_tete / np.sqrt(TETE * TETE[..., np.newaxis])
[0 : mcmc] Initial point: logA:3.050918, ns:0.9685849, theta_MC_100:1.04163, ombh2:0.02221573, omch2:0.1188537, w:-1.005806, wa:0.06473219, beta_DE:1.000472, tau:0.06065438, A_act:1.105903, P_act:0.9000284
[0 : model] Measuring speeds... (this may take a few seconds)
slurmstepd: error: Detected 1 oom_kill event in StepId=5879180.3. Some of the step tasks have been OOM Killed.
srun: error: node017: task 1: Out Of Memory
slurmstepd: error:  mpi/pmix_v4: _errhandler: node017 [0]: pmixp_client_v2.c:212: Error handler invoked: status = -61, source = [slurm.pmix.5879180.3:1]
slurmstepd: error: *** STEP 5879180.3 ON node017 CANCELLED AT 2025-03-28T15:37:13 ***
srun: Job step aborted: Waiting up to 32 seconds for job step to finish.
Traceback (most recent call last):
  File "/users/smp24dhl/cosmo/beta_de/new/scripts/checkpoint.py", line 18, in <module>
    samples = getdist.loadMCSamples(chain_root, settings={"ignore_rows": 0.3})
  File "/users/smp24dhl/.conda/envs/cosmos/lib/python3.9/site-packages/getdist/mcsamples.py", line 104, in loadMCSamples
    raise IOError('No chains found: ' + file_root)
OSError: No chains found: ../chains/actwmap
chain not converged
[0 : output] Output to be read-from/written-into folder '../chains', with prefix 'actwmap'
[0 : output] Found existing info files with the requested output prefix: '../chains/actwmap'
[0 : output] Let's try to resume/load.
[0 : output] Did not find an old sample. Cleaning up and starting anew.
[0 : camb] `camb` module loaded successfully from /users/smp24dhl/cosmo/code/CAMB_beta/camb
[1 : wmaplike.wmaplike] Loaded SZ.
[2 : wmaplike.wmaplike] Loaded SZ.
[3 : wmaplike.wmaplike] Loaded SZ.
[1 : wmaplike.wmaplike] First evaluation: Calculating largest term...
[2 : wmaplike.wmaplike] First evaluation: Calculating largest term...
[3 : wmaplike.wmaplike] First evaluation: Calculating largest term...
[0 : wmaplike.wmaplike] Loaded SZ.
[0 : wmaplike.wmaplike] First evaluation: Calculating largest term...
[0 : wmaplike.wmaplike] Done finding largest term [-759.901].
[3 : wmaplike.wmaplike] Done finding largest term [-759.901].
[1 : wmaplike.wmaplike] Done finding largest term [-759.901].
[2 : wmaplike.wmaplike] Done finding largest term [-759.901].
[0 : wmaplike.wmaplike] Initialized TT gibbs.
[3 : wmaplike.wmaplike] Initialized TT gibbs.
[1 : wmaplike.wmaplike] Initialized TT gibbs.
[2 : wmaplike.wmaplike] Initialized TT gibbs.
[1 : wmaplike.wmaplike] Initialized high-l TT/TE.
[2 : wmaplike.wmaplike] Initialized high-l TT/TE.
[3 : wmaplike.wmaplike] Initialized high-l TT/TE.
[0 : wmaplike.wmaplike] Initialized high-l TT/TE.
/users/smp24dhl/cosmo/code/act_dr6_lenslike/act_dr6_lenslike/act_dr6_lenslike.py:416: UserWarning: Hartlap correction to cinv: 0.949874686716792
  warnings.warn(f"Hartlap correction to cinv: {hartlap_correction}")
/users/smp24dhl/cosmo/code/act_dr6_lenslike/act_dr6_lenslike/act_dr6_lenslike.py:416: UserWarning: Hartlap correction to cinv: 0.949874686716792
  warnings.warn(f"Hartlap correction to cinv: {hartlap_correction}")
/users/smp24dhl/cosmo/code/act_dr6_lenslike/act_dr6_lenslike/act_dr6_lenslike.py:416: UserWarning: Hartlap correction to cinv: 0.949874686716792
  warnings.warn(f"Hartlap correction to cinv: {hartlap_correction}")
/users/smp24dhl/cosmo/code/act_dr6_lenslike/act_dr6_lenslike/act_dr6_lenslike.py:416: UserWarning: Hartlap correction to cinv: 0.949874686716792
  warnings.warn(f"Hartlap correction to cinv: {hartlap_correction}")
Loading ACT DR6 lensing likelihood v1.2...
[0 : mcmc] Getting initial point... (this may take a few seconds)
Loading ACT DR6 lensing likelihood v1.2...
[1 : mcmc] Getting initial point... (this may take a few seconds)
Loading ACT DR6 lensing likelihood v1.2...
[2 : mcmc] Getting initial point... (this may take a few seconds)
Loading ACT DR6 lensing likelihood v1.2...
[3 : mcmc] Getting initial point... (this may take a few seconds)
/users/smp24dhl/cosmo/code/pyWMAP/wmaplike/wmap.py:654: RuntimeWarning: invalid value encountered in divide
  fisher = -self.r_off_tttt / np.sqrt(TTTT * TTTT[..., np.newaxis]) + \
/users/smp24dhl/cosmo/code/pyWMAP/wmaplike/wmap.py:654: RuntimeWarning: invalid value encountered in divide
  fisher = -self.r_off_tttt / np.sqrt(TTTT * TTTT[..., np.newaxis]) + \
/users/smp24dhl/cosmo/code/pyWMAP/wmaplike/wmap.py:655: RuntimeWarning: invalid value encountered in divide
  self.epsilon / (TTTT * TTTT[..., np.newaxis])
/users/smp24dhl/cosmo/code/pyWMAP/wmaplike/wmap.py:655: RuntimeWarning: invalid value encountered in divide
  self.epsilon / (TTTT * TTTT[..., np.newaxis])
/users/smp24dhl/cosmo/code/pyWMAP/wmaplike/wmap.py:749: RuntimeWarning: invalid value encountered in divide
  fisher = -self.r_off_tete / np.sqrt(TETE * TETE[..., np.newaxis])
/users/smp24dhl/cosmo/code/pyWMAP/wmaplike/wmap.py:749: RuntimeWarning: invalid value encountered in divide
  fisher = -self.r_off_tete / np.sqrt(TETE * TETE[..., np.newaxis])
slurmstepd: error: Detected 1 oom_kill event in StepId=5879180.4. Some of the step tasks have been OOM Killed.
/users/smp24dhl/cosmo/code/pyWMAP/wmaplike/wmap.py:654: RuntimeWarning: invalid value encountered in divide
  fisher = -self.r_off_tttt / np.sqrt(TTTT * TTTT[..., np.newaxis]) + \
/users/smp24dhl/cosmo/code/pyWMAP/wmaplike/wmap.py:655: RuntimeWarning: invalid value encountered in divide
  self.epsilon / (TTTT * TTTT[..., np.newaxis])
/users/smp24dhl/cosmo/code/pyWMAP/wmaplike/wmap.py:749: RuntimeWarning: invalid value encountered in divide
  fisher = -self.r_off_tete / np.sqrt(TETE * TETE[..., np.newaxis])
srun: error: node017: task 3: Out Of Memory
[1 : mcmc] Initial point: logA:3.050942, ns:0.9673842, theta_MC_100:1.040752, ombh2:0.0224548, omch2:0.118337, w:-0.9955071, wa:-0.03054076, beta_DE:1.000921, tau:0.0615499, A_act:0.9906441, P_act:0.904473
[0 : mcmc] Initial point: logA:3.051296, ns:0.9630534, theta_MC_100:1.041731, ombh2:0.02236025, omch2:0.1194448, w:-1.009919, wa:-0.0655972, beta_DE:1.00018, tau:0.05102311, A_act:1.077976, P_act:1.026907
[2 : mcmc] Initial point: logA:3.050679, ns:0.9701769, theta_MC_100:1.040545, ombh2:0.02237411, omch2:0.1219174, w:-0.9623933, wa:0.005884886, beta_DE:0.9991211, tau:0.05567295, A_act:0.9059431, P_act:1.011226
srun: Job step aborted: Waiting up to 32 seconds for job step to finish.
slurmstepd: error: *** STEP 5879180.4 ON node017 CANCELLED AT 2025-03-28T15:37:58 ***
slurmstepd: error: *** JOB 5879180 ON node017 CANCELLED AT 2025-03-28T15:37:58 ***
slurmstepd: error: Detected 5 oom_kill events in StepId=5879180.batch. Some of the step tasks have been OOM Killed.
